running egg_info
creating ../../build/imu_bno055/imu_bno055.egg-info
writing ../../build/imu_bno055/imu_bno055.egg-info/PKG-INFO
writing dependency_links to ../../build/imu_bno055/imu_bno055.egg-info/dependency_links.txt
writing entry points to ../../build/imu_bno055/imu_bno055.egg-info/entry_points.txt
writing requirements to ../../build/imu_bno055/imu_bno055.egg-info/requires.txt
writing top-level names to ../../build/imu_bno055/imu_bno055.egg-info/top_level.txt
writing manifest file '../../build/imu_bno055/imu_bno055.egg-info/SOURCES.txt'
reading manifest file '../../build/imu_bno055/imu_bno055.egg-info/SOURCES.txt'
writing manifest file '../../build/imu_bno055/imu_bno055.egg-info/SOURCES.txt'
running build
running build_py
creating /home/jetson/JetPilot/ros2/build/imu_bno055/build
creating /home/jetson/JetPilot/ros2/build/imu_bno055/build/lib
creating /home/jetson/JetPilot/ros2/build/imu_bno055/build/lib/imu_bno055
copying imu_bno055/imu_bno055_node.py -> /home/jetson/JetPilot/ros2/build/imu_bno055/build/lib/imu_bno055
copying imu_bno055/__init__.py -> /home/jetson/JetPilot/ros2/build/imu_bno055/build/lib/imu_bno055
running install
running install_lib
creating /home/jetson/JetPilot/ros2/install/imu_bno055/lib/python3.6/site-packages/imu_bno055
copying /home/jetson/JetPilot/ros2/build/imu_bno055/build/lib/imu_bno055/imu_bno055_node.py -> /home/jetson/JetPilot/ros2/install/imu_bno055/lib/python3.6/site-packages/imu_bno055
copying /home/jetson/JetPilot/ros2/build/imu_bno055/build/lib/imu_bno055/__init__.py -> /home/jetson/JetPilot/ros2/install/imu_bno055/lib/python3.6/site-packages/imu_bno055
byte-compiling /home/jetson/JetPilot/ros2/install/imu_bno055/lib/python3.6/site-packages/imu_bno055/imu_bno055_node.py to imu_bno055_node.cpython-36.pyc
byte-compiling /home/jetson/JetPilot/ros2/install/imu_bno055/lib/python3.6/site-packages/imu_bno055/__init__.py to __init__.cpython-36.pyc
running install_data
creating /home/jetson/JetPilot/ros2/install/imu_bno055/share/ament_index
creating /home/jetson/JetPilot/ros2/install/imu_bno055/share/ament_index/resource_index
creating /home/jetson/JetPilot/ros2/install/imu_bno055/share/ament_index/resource_index/packages
error: can't copy 'resource/imu_bno055': doesn't exist or not a regular file
