[1.551s] Invoking command in '/home/jetson/JetPilot/ros2/build/jetpilot_msgs': CMAKE_PREFIX_PATH=${CMAKE_PREFIX_PATH}:/home/jetson/JetAutonomy/ros2/install/joystick:/home/jetson/JetAutonomy/ros2/install/jet_drive:/home/jetson/JetAutonomy/ros2/install/bno055:/home/jetson/ros2_dashing/install/ros2bag:/home/jetson/ros2_dashing/install/topic_monitor:/home/jetson/ros2_dashing/install/sros2:/home/jetson/ros2_dashing/install/rqt_topic:/home/jetson/ros2_dashing/install/rqt_top:/home/jetson/ros2_dashing/install/rqt_srv:/home/jetson/ros2_dashing/install/rqt_shell:/home/jetson/ros2_dashing/install/rqt_service_caller:/home/jetson/ros2_dashing/install/rqt_py_console:/home/jetson/ros2_dashing/install/rqt_action:/home/jetson/ros2_dashing/install/rqt:/home/jetson/ros2_dashing/install/rqt_graph:/home/jetson/ros2_dashing/install/rqt_gui_py:/home/jetson/ros2_dashing/install/rqt_gui:/home/jetson/ros2_dashing/install/ros2topic:/home/jetson/ros2_dashing/install/ros2test:/home/jetson/ros2_dashing/install/ros2component:/home/jetson/ros2_dashing/install/ros2param:/home/jetson/ros2_dashing/install/ros2lifecycle:/home/jetson/ros2_dashing/install/ros2service:/home/jetson/ros2_dashing/install/ros2srv:/home/jetson/ros2_dashing/install/ros2run:/home/jetson/ros2_dashing/install/ros2launch:/home/jetson/ros2_dashing/install/ros2pkg:/home/jetson/ros2_dashing/install/ros2node:/home/jetson/ros2_dashing/install/ros2multicast:/home/jetson/ros2_dashing/install/ros2msg:/home/jetson/ros2_dashing/install/ros2action:/home/jetson/ros2_dashing/install/ros2cli:/home/jetson/ros2_dashing/install/quality_of_service_demo_py:/home/jetson/ros2_dashing/install/launch_testing_ros:/home/jetson/ros2_dashing/install/launch_ros:/home/jetson/ros2_dashing/install/examples_rclpy_minimal_subscriber:/home/jetson/ros2_dashing/install/examples_rclpy_minimal_service:/home/jetson/ros2_dashing/install/examples_rclpy_minimal_publisher:/home/jetson/ros2_dashing/install/examples_rclpy_minimal_client:/home/jetson/ros2_dashing/install/examples_rclpy_minimal_action_server:/home/jetson/ros2_dashing/install/examples_rclpy_minimal_action_client:/home/jetson/ros2_dashing/install/examples_rclpy_executors:/home/jetson/ros2_dashing/install/demo_nodes_py:/home/jetson/ros2_dashing/install/ament_uncrustify:/home/jetson/ros2_dashing/install/test_launch_ros:/home/jetson/ros2_dashing/install/rosidl_runtime_py:/home/jetson/ros2_dashing/install/launch_testing:/home/jetson/ros2_dashing/install/launch:/home/jetson/ros2_dashing/install/osrf_pycommon:/home/jetson/ros2_dashing/install/ament_xmllint:/home/jetson/ros2_dashing/install/ament_pyflakes:/home/jetson/ros2_dashing/install/ament_pep8:/home/jetson/ros2_dashing/install/ament_pep257:/home/jetson/ros2_dashing/install/ament_pclint:/home/jetson/ros2_dashing/install/ament_package:/home/jetson/ros2_dashing/install/ament_lint_cmake:/home/jetson/ros2_dashing/install/ament_flake8:/home/jetson/ros2_dashing/install/ament_copyright:/home/jetson/ros2_dashing/install/ament_lint:/home/jetson/ros2_dashing/install/ament_index_python:/home/jetson/ros2_dashing/install/ament_cpplint:/home/jetson/ros2_dashing/install/ament_cppcheck:/home/jetson/ros2_dashing/install/ament_clang_tidy:/home/jetson/ros2_dashing/install/ament_clang_format /usr/bin/cmake --build /home/jetson/JetPilot/ros2/build/jetpilot_msgs -- -j2 -l2
[3.660s] -- Found ament_cmake: 0.7.6 (/home/jetson/ros2_dashing/install/ament_cmake/share/ament_cmake/cmake)
[11.035s] -- Found PythonInterp: /usr/bin/python3 (found suitable version "3.6.8", minimum required is "3") 
[11.052s] -- Using PYTHON_EXECUTABLE: /usr/bin/python3
[22.658s] -- Found rosidl_default_generators: 0.7.0 (/home/jetson/ros2_dashing/install/rosidl_default_generators/share/rosidl_default_generators/cmake)
[23.486s] -- Found rosidl_adapter: 0.7.10 (/home/jetson/ros2_dashing/install/rosidl_adapter/share/rosidl_adapter/cmake)
[25.407s] -- Found std_msgs: 0.7.0 (/home/jetson/ros2_dashing/install/std_msgs/share/std_msgs/cmake)
[30.228s] -- Found PythonInterp: /usr/bin/python3 (found version "3.6.8") 
[41.663s] -- Using all available rosidl_typesupport_c: rosidl_typesupport_introspection_c;rosidl_typesupport_fastrtps_c
[43.992s] -- Using all available rosidl_typesupport_cpp: rosidl_typesupport_introspection_cpp;rosidl_typesupport_fastrtps_cpp
[62.026s] -- Found rmw_implementation_cmake: 0.7.2 (/home/jetson/ros2_dashing/install/rmw_implementation_cmake/share/rmw_implementation_cmake/cmake)
[66.482s] -- Found PythonInterp: /usr/bin/python3 (found suitable version "3.6.8", minimum required is "3.5") 
[66.490s] -- Found python_cmake_module: 0.7.11 (/home/jetson/ros2_dashing/install/python_cmake_module/share/python_cmake_module/cmake)
[70.984s] -- Using PYTHON_EXECUTABLE: /usr/bin/python3
[70.989s] -- Using PYTHON_INCLUDE_DIRS: /usr/include/python3.6m
[70.998s] -- Using PYTHON_LIBRARIES: /usr/lib/aarch64-linux-gnu/libpython3.6m.so
[80.582s] -- Configuring done
[82.104s] -- Generating done
[82.165s] -- Build files have been written to: /home/jetson/JetPilot/ros2/build/jetpilot_msgs
[82.969s] [  1%] [34m[1mGenerating C++ code for ROS interfaces[0m
[95.937s] [  1%] Built target jetpilot_msgs__cpp
[96.168s] [  3%] [34m[1mGenerating C code for ROS interfaces[0m
[111.707s] [35m[1mScanning dependencies of target jetpilot_msgs__rosidl_generator_c[0m
[112.087s] [  4%] [32mBuilding C object CMakeFiles/jetpilot_msgs__rosidl_generator_c.dir/rosidl_generator_c/jetpilot_msgs/msg/joystick_cmd__functions.c.o[0m
[113.050s] [  6%] [32mBuilding C object CMakeFiles/jetpilot_msgs__rosidl_generator_c.dir/rosidl_generator_c/jetpilot_msgs/msg/jet_drive_cmd__functions.c.o[0m
[113.601s] [  7%] [32mBuilding C object CMakeFiles/jetpilot_msgs__rosidl_generator_c.dir/rosidl_generator_c/jetpilot_msgs/msg/jet_racer_pose__functions.c.o[0m
[113.999s] [  9%] [32mBuilding C object CMakeFiles/jetpilot_msgs__rosidl_generator_c.dir/rosidl_generator_c/jetpilot_msgs/msg/euler__functions.c.o[0m
[114.586s] [ 11%] [32mBuilding C object CMakeFiles/jetpilot_msgs__rosidl_generator_c.dir/rosidl_generator_c/jetpilot_msgs/msg/position__functions.c.o[0m
[115.194s] [ 12%] [32m[1mLinking C shared library libjetpilot_msgs__rosidl_generator_c.so[0m
[115.813s] [ 12%] Built target jetpilot_msgs__rosidl_generator_c
[116.016s] [ 14%] [34m[1mGenerating C++ type support dispatch for ROS interfaces[0m
[125.810s] [35m[1mScanning dependencies of target jetpilot_msgs__rosidl_typesupport_cpp[0m
[126.085s] [ 15%] [32mBuilding CXX object CMakeFiles/jetpilot_msgs__rosidl_typesupport_cpp.dir/rosidl_typesupport_cpp/jetpilot_msgs/msg/joystick_cmd__type_support.cpp.o[0m
[128.222s] [ 17%] [32mBuilding CXX object CMakeFiles/jetpilot_msgs__rosidl_typesupport_cpp.dir/rosidl_typesupport_cpp/jetpilot_msgs/msg/jet_drive_cmd__type_support.cpp.o[0m
[136.294s] [ 19%] [32mBuilding CXX object CMakeFiles/jetpilot_msgs__rosidl_typesupport_cpp.dir/rosidl_typesupport_cpp/jetpilot_msgs/msg/jet_racer_pose__type_support.cpp.o[0m
[139.474s] [ 20%] [32mBuilding CXX object CMakeFiles/jetpilot_msgs__rosidl_typesupport_cpp.dir/rosidl_typesupport_cpp/jetpilot_msgs/msg/euler__type_support.cpp.o[0m
[141.538s] [ 22%] [32mBuilding CXX object CMakeFiles/jetpilot_msgs__rosidl_typesupport_cpp.dir/rosidl_typesupport_cpp/jetpilot_msgs/msg/position__type_support.cpp.o[0m
[143.575s] [ 23%] [32m[1mLinking CXX shared library libjetpilot_msgs__rosidl_typesupport_cpp.so[0m
[144.142s] [ 23%] Built target jetpilot_msgs__rosidl_typesupport_cpp
[144.325s] [ 25%] [34m[1mGenerating C++ introspection for ROS interfaces[0m
[155.707s] [35m[1mScanning dependencies of target jetpilot_msgs__rosidl_typesupport_introspection_cpp[0m
[156.011s] [ 26%] [32mBuilding CXX object CMakeFiles/jetpilot_msgs__rosidl_typesupport_introspection_cpp.dir/rosidl_typesupport_introspection_cpp/jetpilot_msgs/msg/joystick_cmd__type_support.cpp.o[0m
[159.014s] [ 28%] [32mBuilding CXX object CMakeFiles/jetpilot_msgs__rosidl_typesupport_introspection_cpp.dir/rosidl_typesupport_introspection_cpp/jetpilot_msgs/msg/jet_drive_cmd__type_support.cpp.o[0m
[161.165s] [ 30%] [32mBuilding CXX object CMakeFiles/jetpilot_msgs__rosidl_typesupport_introspection_cpp.dir/rosidl_typesupport_introspection_cpp/jetpilot_msgs/msg/jet_racer_pose__type_support.cpp.o[0m
[163.371s] [ 31%] [32mBuilding CXX object CMakeFiles/jetpilot_msgs__rosidl_typesupport_introspection_cpp.dir/rosidl_typesupport_introspection_cpp/jetpilot_msgs/msg/euler__type_support.cpp.o[0m
[165.406s] [ 33%] [32mBuilding CXX object CMakeFiles/jetpilot_msgs__rosidl_typesupport_introspection_cpp.dir/rosidl_typesupport_introspection_cpp/jetpilot_msgs/msg/position__type_support.cpp.o[0m
[167.639s] [ 34%] [32m[1mLinking CXX shared library libjetpilot_msgs__rosidl_typesupport_introspection_cpp.so[0m
[168.462s] [ 34%] Built target jetpilot_msgs__rosidl_typesupport_introspection_cpp
[168.638s] [ 36%] [34m[1mGenerating C++ type support for eProsima Fast-RTPS[0m
[180.702s] [35m[1mScanning dependencies of target jetpilot_msgs__rosidl_typesupport_fastrtps_cpp[0m
[181.016s] [ 38%] [32mBuilding CXX object CMakeFiles/jetpilot_msgs__rosidl_typesupport_fastrtps_cpp.dir/rosidl_typesupport_fastrtps_cpp/jetpilot_msgs/msg/dds_fastrtps/joystick_cmd__type_support.cpp.o[0m
[184.012s] [ 39%] [32mBuilding CXX object CMakeFiles/jetpilot_msgs__rosidl_typesupport_fastrtps_cpp.dir/rosidl_typesupport_fastrtps_cpp/jetpilot_msgs/msg/dds_fastrtps/jet_drive_cmd__type_support.cpp.o[0m
[187.096s] [ 41%] [32mBuilding CXX object CMakeFiles/jetpilot_msgs__rosidl_typesupport_fastrtps_cpp.dir/rosidl_typesupport_fastrtps_cpp/jetpilot_msgs/msg/dds_fastrtps/jet_racer_pose__type_support.cpp.o[0m
[190.359s] [ 42%] [32mBuilding CXX object CMakeFiles/jetpilot_msgs__rosidl_typesupport_fastrtps_cpp.dir/rosidl_typesupport_fastrtps_cpp/jetpilot_msgs/msg/dds_fastrtps/euler__type_support.cpp.o[0m
[193.417s] [ 44%] [32mBuilding CXX object CMakeFiles/jetpilot_msgs__rosidl_typesupport_fastrtps_cpp.dir/rosidl_typesupport_fastrtps_cpp/jetpilot_msgs/msg/dds_fastrtps/position__type_support.cpp.o[0m
[196.266s] [ 46%] [32m[1mLinking CXX shared library libjetpilot_msgs__rosidl_typesupport_fastrtps_cpp.so[0m
[197.140s] [ 46%] Built target jetpilot_msgs__rosidl_typesupport_fastrtps_cpp
[197.398s] [ 47%] [34m[1mGenerating C type support dispatch for ROS interfaces[0m
[207.229s] [35m[1mScanning dependencies of target jetpilot_msgs__rosidl_typesupport_c[0m
[207.442s] [ 49%] [32mBuilding CXX object CMakeFiles/jetpilot_msgs__rosidl_typesupport_c.dir/rosidl_typesupport_c/jetpilot_msgs/msg/joystick_cmd__type_support.cpp.o[0m
[207.860s] [ 50%] [32mBuilding CXX object CMakeFiles/jetpilot_msgs__rosidl_typesupport_c.dir/rosidl_typesupport_c/jetpilot_msgs/msg/jet_drive_cmd__type_support.cpp.o[0m
[208.362s] [ 52%] [32mBuilding CXX object CMakeFiles/jetpilot_msgs__rosidl_typesupport_c.dir/rosidl_typesupport_c/jetpilot_msgs/msg/jet_racer_pose__type_support.cpp.o[0m
[208.821s] [ 53%] [32mBuilding CXX object CMakeFiles/jetpilot_msgs__rosidl_typesupport_c.dir/rosidl_typesupport_c/jetpilot_msgs/msg/euler__type_support.cpp.o[0m
[209.389s] [ 55%] [32mBuilding CXX object CMakeFiles/jetpilot_msgs__rosidl_typesupport_c.dir/rosidl_typesupport_c/jetpilot_msgs/msg/position__type_support.cpp.o[0m
[209.958s] [ 57%] [32m[1mLinking CXX shared library libjetpilot_msgs__rosidl_typesupport_c.so[0m
[210.728s] [ 57%] Built target jetpilot_msgs__rosidl_typesupport_c
[211.098s] [ 58%] [34m[1mGenerating C introspection for ROS interfaces[0m
[222.763s] [35m[1mScanning dependencies of target jetpilot_msgs__rosidl_typesupport_introspection_c[0m
[223.096s] [ 60%] [32mBuilding C object CMakeFiles/jetpilot_msgs__rosidl_typesupport_introspection_c.dir/rosidl_typesupport_introspection_c/jetpilot_msgs/msg/joystick_cmd__type_support.c.o[0m
[223.565s] [ 61%] [32mBuilding C object CMakeFiles/jetpilot_msgs__rosidl_typesupport_introspection_c.dir/rosidl_typesupport_introspection_c/jetpilot_msgs/msg/jet_drive_cmd__type_support.c.o[0m
[224.085s] [ 63%] [32mBuilding C object CMakeFiles/jetpilot_msgs__rosidl_typesupport_introspection_c.dir/rosidl_typesupport_introspection_c/jetpilot_msgs/msg/jet_racer_pose__type_support.c.o[0m
[224.655s] [ 65%] [32mBuilding C object CMakeFiles/jetpilot_msgs__rosidl_typesupport_introspection_c.dir/rosidl_typesupport_introspection_c/jetpilot_msgs/msg/euler__type_support.c.o[0m
[225.197s] [ 66%] [32mBuilding C object CMakeFiles/jetpilot_msgs__rosidl_typesupport_introspection_c.dir/rosidl_typesupport_introspection_c/jetpilot_msgs/msg/position__type_support.c.o[0m
[225.747s] [ 68%] [32m[1mLinking C shared library libjetpilot_msgs__rosidl_typesupport_introspection_c.so[0m
[226.451s] [ 68%] Built target jetpilot_msgs__rosidl_typesupport_introspection_c
[226.749s] [ 69%] [34m[1mGenerating C type support for eProsima Fast-RTPS[0m
[238.634s] [35m[1mScanning dependencies of target jetpilot_msgs__rosidl_typesupport_fastrtps_c[0m
[239.066s] [ 71%] [32mBuilding CXX object CMakeFiles/jetpilot_msgs__rosidl_typesupport_fastrtps_c.dir/rosidl_typesupport_fastrtps_c/jetpilot_msgs/msg/joystick_cmd__type_support_c.cpp.o[0m
[242.928s] [ 73%] [32mBuilding CXX object CMakeFiles/jetpilot_msgs__rosidl_typesupport_fastrtps_c.dir/rosidl_typesupport_fastrtps_c/jetpilot_msgs/msg/jet_drive_cmd__type_support_c.cpp.o[0m
[245.636s] [ 74%] [32mBuilding CXX object CMakeFiles/jetpilot_msgs__rosidl_typesupport_fastrtps_c.dir/rosidl_typesupport_fastrtps_c/jetpilot_msgs/msg/jet_racer_pose__type_support_c.cpp.o[0m
[248.718s] [ 76%] [32mBuilding CXX object CMakeFiles/jetpilot_msgs__rosidl_typesupport_fastrtps_c.dir/rosidl_typesupport_fastrtps_c/jetpilot_msgs/msg/euler__type_support_c.cpp.o[0m
[251.660s] [ 77%] [32mBuilding CXX object CMakeFiles/jetpilot_msgs__rosidl_typesupport_fastrtps_c.dir/rosidl_typesupport_fastrtps_c/jetpilot_msgs/msg/position__type_support_c.cpp.o[0m
[254.316s] [ 79%] [32m[1mLinking CXX shared library libjetpilot_msgs__rosidl_typesupport_fastrtps_c.so[0m
[255.189s] [ 79%] Built target jetpilot_msgs__rosidl_typesupport_fastrtps_c
[255.657s] [ 79%] Built target jetpilot_msgs
[255.879s] [35m[1mScanning dependencies of target jetpilot_msgs__py[0m
[256.064s] [ 80%] [34m[1mGenerating Python code for ROS interfaces[0m
[274.324s] [ 80%] Built target jetpilot_msgs__py
[274.513s] [35m[1mScanning dependencies of target jetpilot_msgs__python[0m
[275.070s] [ 82%] [32mBuilding C object CMakeFiles/jetpilot_msgs__python.dir/rosidl_generator_py/jetpilot_msgs/msg/_joystick_cmd_s.c.o[0m
[277.132s] [ 84%] [32mBuilding C object CMakeFiles/jetpilot_msgs__python.dir/rosidl_generator_py/jetpilot_msgs/msg/_jet_drive_cmd_s.c.o[0m
[279.486s] [ 85%] [32mBuilding C object CMakeFiles/jetpilot_msgs__python.dir/rosidl_generator_py/jetpilot_msgs/msg/_jet_racer_pose_s.c.o[0m
[283.082s] [ 87%] [32mBuilding C object CMakeFiles/jetpilot_msgs__python.dir/rosidl_generator_py/jetpilot_msgs/msg/_euler_s.c.o[0m
[285.529s] [ 88%] [32mBuilding C object CMakeFiles/jetpilot_msgs__python.dir/rosidl_generator_py/jetpilot_msgs/msg/_position_s.c.o[0m
[286.524s] [ 90%] [32m[1mLinking C shared library rosidl_generator_py/jetpilot_msgs/libjetpilot_msgs__python.so[0m
[287.267s] [ 90%] Built target jetpilot_msgs__python
[287.456s] [35m[1mScanning dependencies of target jetpilot_msgs__rosidl_typesupport_introspection_c__pyext[0m
[287.901s] [ 92%] [32mBuilding C object CMakeFiles/jetpilot_msgs__rosidl_typesupport_introspection_c__pyext.dir/rosidl_generator_py/jetpilot_msgs/_jetpilot_msgs_s.ep.rosidl_typesupport_introspection_c.c.o[0m
[289.088s] [ 93%] [32m[1mLinking C shared library rosidl_generator_py/jetpilot_msgs/jetpilot_msgs_s__rosidl_typesupport_introspection_c.cpython-36m-aarch64-linux-gnu.so[0m
[289.906s] [ 93%] Built target jetpilot_msgs__rosidl_typesupport_introspection_c__pyext
[290.245s] [35m[1mScanning dependencies of target jetpilot_msgs__rosidl_typesupport_fastrtps_c__pyext[0m
[290.742s] [ 95%] [32mBuilding C object CMakeFiles/jetpilot_msgs__rosidl_typesupport_fastrtps_c__pyext.dir/rosidl_generator_py/jetpilot_msgs/_jetpilot_msgs_s.ep.rosidl_typesupport_fastrtps_c.c.o[0m
[291.643s] [ 96%] [32m[1mLinking C shared library rosidl_generator_py/jetpilot_msgs/jetpilot_msgs_s__rosidl_typesupport_fastrtps_c.cpython-36m-aarch64-linux-gnu.so[0m
[292.552s] [ 96%] Built target jetpilot_msgs__rosidl_typesupport_fastrtps_c__pyext
[292.867s] [35m[1mScanning dependencies of target jetpilot_msgs__rosidl_typesupport_c__pyext[0m
[293.371s] [ 98%] [32mBuilding C object CMakeFiles/jetpilot_msgs__rosidl_typesupport_c__pyext.dir/rosidl_generator_py/jetpilot_msgs/_jetpilot_msgs_s.ep.rosidl_typesupport_c.c.o[0m
[294.255s] [100%] [32m[1mLinking C shared library rosidl_generator_py/jetpilot_msgs/jetpilot_msgs_s__rosidl_typesupport_c.cpython-36m-aarch64-linux-gnu.so[0m
[295.065s] [100%] Built target jetpilot_msgs__rosidl_typesupport_c__pyext
[295.338s] Invoked command in '/home/jetson/JetPilot/ros2/build/jetpilot_msgs' returned '0': CMAKE_PREFIX_PATH=${CMAKE_PREFIX_PATH}:/home/jetson/JetAutonomy/ros2/install/joystick:/home/jetson/JetAutonomy/ros2/install/jet_drive:/home/jetson/JetAutonomy/ros2/install/bno055:/home/jetson/ros2_dashing/install/ros2bag:/home/jetson/ros2_dashing/install/topic_monitor:/home/jetson/ros2_dashing/install/sros2:/home/jetson/ros2_dashing/install/rqt_topic:/home/jetson/ros2_dashing/install/rqt_top:/home/jetson/ros2_dashing/install/rqt_srv:/home/jetson/ros2_dashing/install/rqt_shell:/home/jetson/ros2_dashing/install/rqt_service_caller:/home/jetson/ros2_dashing/install/rqt_py_console:/home/jetson/ros2_dashing/install/rqt_action:/home/jetson/ros2_dashing/install/rqt:/home/jetson/ros2_dashing/install/rqt_graph:/home/jetson/ros2_dashing/install/rqt_gui_py:/home/jetson/ros2_dashing/install/rqt_gui:/home/jetson/ros2_dashing/install/ros2topic:/home/jetson/ros2_dashing/install/ros2test:/home/jetson/ros2_dashing/install/ros2component:/home/jetson/ros2_dashing/install/ros2param:/home/jetson/ros2_dashing/install/ros2lifecycle:/home/jetson/ros2_dashing/install/ros2service:/home/jetson/ros2_dashing/install/ros2srv:/home/jetson/ros2_dashing/install/ros2run:/home/jetson/ros2_dashing/install/ros2launch:/home/jetson/ros2_dashing/install/ros2pkg:/home/jetson/ros2_dashing/install/ros2node:/home/jetson/ros2_dashing/install/ros2multicast:/home/jetson/ros2_dashing/install/ros2msg:/home/jetson/ros2_dashing/install/ros2action:/home/jetson/ros2_dashing/install/ros2cli:/home/jetson/ros2_dashing/install/quality_of_service_demo_py:/home/jetson/ros2_dashing/install/launch_testing_ros:/home/jetson/ros2_dashing/install/launch_ros:/home/jetson/ros2_dashing/install/examples_rclpy_minimal_subscriber:/home/jetson/ros2_dashing/install/examples_rclpy_minimal_service:/home/jetson/ros2_dashing/install/examples_rclpy_minimal_publisher:/home/jetson/ros2_dashing/install/examples_rclpy_minimal_client:/home/jetson/ros2_dashing/install/examples_rclpy_minimal_action_server:/home/jetson/ros2_dashing/install/examples_rclpy_minimal_action_client:/home/jetson/ros2_dashing/install/examples_rclpy_executors:/home/jetson/ros2_dashing/install/demo_nodes_py:/home/jetson/ros2_dashing/install/ament_uncrustify:/home/jetson/ros2_dashing/install/test_launch_ros:/home/jetson/ros2_dashing/install/rosidl_runtime_py:/home/jetson/ros2_dashing/install/launch_testing:/home/jetson/ros2_dashing/install/launch:/home/jetson/ros2_dashing/install/osrf_pycommon:/home/jetson/ros2_dashing/install/ament_xmllint:/home/jetson/ros2_dashing/install/ament_pyflakes:/home/jetson/ros2_dashing/install/ament_pep8:/home/jetson/ros2_dashing/install/ament_pep257:/home/jetson/ros2_dashing/install/ament_pclint:/home/jetson/ros2_dashing/install/ament_package:/home/jetson/ros2_dashing/install/ament_lint_cmake:/home/jetson/ros2_dashing/install/ament_flake8:/home/jetson/ros2_dashing/install/ament_copyright:/home/jetson/ros2_dashing/install/ament_lint:/home/jetson/ros2_dashing/install/ament_index_python:/home/jetson/ros2_dashing/install/ament_cpplint:/home/jetson/ros2_dashing/install/ament_cppcheck:/home/jetson/ros2_dashing/install/ament_clang_tidy:/home/jetson/ros2_dashing/install/ament_clang_format /usr/bin/cmake --build /home/jetson/JetPilot/ros2/build/jetpilot_msgs -- -j2 -l2
[300.784s] Invoking command in '/home/jetson/JetPilot/ros2/build/jetpilot_msgs': CMAKE_PREFIX_PATH=${CMAKE_PREFIX_PATH}:/home/jetson/JetAutonomy/ros2/install/joystick:/home/jetson/JetAutonomy/ros2/install/jet_drive:/home/jetson/JetAutonomy/ros2/install/bno055:/home/jetson/ros2_dashing/install/ros2bag:/home/jetson/ros2_dashing/install/topic_monitor:/home/jetson/ros2_dashing/install/sros2:/home/jetson/ros2_dashing/install/rqt_topic:/home/jetson/ros2_dashing/install/rqt_top:/home/jetson/ros2_dashing/install/rqt_srv:/home/jetson/ros2_dashing/install/rqt_shell:/home/jetson/ros2_dashing/install/rqt_service_caller:/home/jetson/ros2_dashing/install/rqt_py_console:/home/jetson/ros2_dashing/install/rqt_action:/home/jetson/ros2_dashing/install/rqt:/home/jetson/ros2_dashing/install/rqt_graph:/home/jetson/ros2_dashing/install/rqt_gui_py:/home/jetson/ros2_dashing/install/rqt_gui:/home/jetson/ros2_dashing/install/ros2topic:/home/jetson/ros2_dashing/install/ros2test:/home/jetson/ros2_dashing/install/ros2component:/home/jetson/ros2_dashing/install/ros2param:/home/jetson/ros2_dashing/install/ros2lifecycle:/home/jetson/ros2_dashing/install/ros2service:/home/jetson/ros2_dashing/install/ros2srv:/home/jetson/ros2_dashing/install/ros2run:/home/jetson/ros2_dashing/install/ros2launch:/home/jetson/ros2_dashing/install/ros2pkg:/home/jetson/ros2_dashing/install/ros2node:/home/jetson/ros2_dashing/install/ros2multicast:/home/jetson/ros2_dashing/install/ros2msg:/home/jetson/ros2_dashing/install/ros2action:/home/jetson/ros2_dashing/install/ros2cli:/home/jetson/ros2_dashing/install/quality_of_service_demo_py:/home/jetson/ros2_dashing/install/launch_testing_ros:/home/jetson/ros2_dashing/install/launch_ros:/home/jetson/ros2_dashing/install/examples_rclpy_minimal_subscriber:/home/jetson/ros2_dashing/install/examples_rclpy_minimal_service:/home/jetson/ros2_dashing/install/examples_rclpy_minimal_publisher:/home/jetson/ros2_dashing/install/examples_rclpy_minimal_client:/home/jetson/ros2_dashing/install/examples_rclpy_minimal_action_server:/home/jetson/ros2_dashing/install/examples_rclpy_minimal_action_client:/home/jetson/ros2_dashing/install/examples_rclpy_executors:/home/jetson/ros2_dashing/install/demo_nodes_py:/home/jetson/ros2_dashing/install/ament_uncrustify:/home/jetson/ros2_dashing/install/test_launch_ros:/home/jetson/ros2_dashing/install/rosidl_runtime_py:/home/jetson/ros2_dashing/install/launch_testing:/home/jetson/ros2_dashing/install/launch:/home/jetson/ros2_dashing/install/osrf_pycommon:/home/jetson/ros2_dashing/install/ament_xmllint:/home/jetson/ros2_dashing/install/ament_pyflakes:/home/jetson/ros2_dashing/install/ament_pep8:/home/jetson/ros2_dashing/install/ament_pep257:/home/jetson/ros2_dashing/install/ament_pclint:/home/jetson/ros2_dashing/install/ament_package:/home/jetson/ros2_dashing/install/ament_lint_cmake:/home/jetson/ros2_dashing/install/ament_flake8:/home/jetson/ros2_dashing/install/ament_copyright:/home/jetson/ros2_dashing/install/ament_lint:/home/jetson/ros2_dashing/install/ament_index_python:/home/jetson/ros2_dashing/install/ament_cpplint:/home/jetson/ros2_dashing/install/ament_cppcheck:/home/jetson/ros2_dashing/install/ament_clang_tidy:/home/jetson/ros2_dashing/install/ament_clang_format /usr/bin/cmake --build /home/jetson/JetPilot/ros2/build/jetpilot_msgs --target install -- -j2 -l2
[301.858s] [  1%] Built target jetpilot_msgs__cpp
[302.458s] [ 12%] Built target jetpilot_msgs__rosidl_generator_c
[302.984s] [ 23%] Built target jetpilot_msgs__rosidl_typesupport_cpp
[303.562s] [ 34%] Built target jetpilot_msgs__rosidl_typesupport_introspection_cpp
[304.275s] [ 46%] Built target jetpilot_msgs__rosidl_typesupport_fastrtps_cpp
[304.805s] [ 57%] Built target jetpilot_msgs__rosidl_typesupport_c
[305.540s] [ 68%] Built target jetpilot_msgs__rosidl_typesupport_introspection_c
[306.190s] [ 79%] Built target jetpilot_msgs__rosidl_typesupport_fastrtps_c
[306.699s] [ 79%] Built target jetpilot_msgs
[307.152s] [ 80%] Built target jetpilot_msgs__py
[307.867s] [ 90%] Built target jetpilot_msgs__python
[308.504s] [ 93%] Built target jetpilot_msgs__rosidl_typesupport_introspection_c__pyext
[309.037s] [ 96%] Built target jetpilot_msgs__rosidl_typesupport_fastrtps_c__pyext
[309.629s] [100%] Built target jetpilot_msgs__rosidl_typesupport_c__pyext
[310.238s] [36mInstall the project...[0m
[310.427s] -- Install configuration: ""
[310.429s] -- Installing: /home/jetson/JetPilot/ros2/install/jetpilot_msgs/share/ament_index/resource_index/rosidl_interfaces/jetpilot_msgs
[310.430s] -- Installing: /home/jetson/JetPilot/ros2/install/jetpilot_msgs/lib/libjetpilot_msgs__rosidl_typesupport_c.so
[310.440s] -- Set runtime path of "/home/jetson/JetPilot/ros2/install/jetpilot_msgs/lib/libjetpilot_msgs__rosidl_typesupport_c.so" to ""
[310.442s] -- Up-to-date: /home/jetson/JetPilot/ros2/install/jetpilot_msgs/share/jetpilot_msgs/environment/library_path.sh
[310.445s] -- Installing: /home/jetson/JetPilot/ros2/install/jetpilot_msgs/lib/libjetpilot_msgs__rosidl_typesupport_cpp.so
[310.455s] -- Set runtime path of "/home/jetson/JetPilot/ros2/install/jetpilot_msgs/lib/libjetpilot_msgs__rosidl_typesupport_cpp.so" to ""
[310.457s] -- Up-to-date: /home/jetson/JetPilot/ros2/install/jetpilot_msgs/include/jetpilot_msgs
[310.459s] -- Up-to-date: /home/jetson/JetPilot/ros2/install/jetpilot_msgs/include/jetpilot_msgs/msg
[310.465s] -- Installing: /home/jetson/JetPilot/ros2/install/jetpilot_msgs/include/jetpilot_msgs/msg/jet_racer_pose__rosidl_typesupport_introspection_c.h
[310.467s] -- Installing: /home/jetson/JetPilot/ros2/install/jetpilot_msgs/include/jetpilot_msgs/msg/jet_drive_cmd__rosidl_typesupport_introspection_c.h
[310.470s] -- Installing: /home/jetson/JetPilot/ros2/install/jetpilot_msgs/include/jetpilot_msgs/msg/joystick_cmd__rosidl_typesupport_introspection_c.h
[310.472s] -- Installing: /home/jetson/JetPilot/ros2/install/jetpilot_msgs/include/jetpilot_msgs/msg/euler__rosidl_typesupport_introspection_c.h
[310.478s] -- Installing: /home/jetson/JetPilot/ros2/install/jetpilot_msgs/include/jetpilot_msgs/msg/euler__type_support.c
[310.480s] -- Installing: /home/jetson/JetPilot/ros2/install/jetpilot_msgs/include/jetpilot_msgs/msg/jet_drive_cmd__type_support.c
[310.490s] -- Up-to-date: /home/jetson/JetPilot/ros2/install/jetpilot_msgs/include/jetpilot_msgs/msg/rosidl_typesupport_introspection_c__visibility_control.h
[310.491s] -- Installing: /home/jetson/JetPilot/ros2/install/jetpilot_msgs/include/jetpilot_msgs/msg/joystick_cmd__type_support.c
[310.492s] -- Installing: /home/jetson/JetPilot/ros2/install/jetpilot_msgs/include/jetpilot_msgs/msg/jet_racer_pose__type_support.c
[310.492s] -- Installing: /home/jetson/JetPilot/ros2/install/jetpilot_msgs/include/jetpilot_msgs/msg/position__type_support.c
[310.498s] -- Installing: /home/jetson/JetPilot/ros2/install/jetpilot_msgs/include/jetpilot_msgs/msg/position__rosidl_typesupport_introspection_c.h
[310.499s] -- Installing: /home/jetson/JetPilot/ros2/install/jetpilot_msgs/lib/libjetpilot_msgs__rosidl_typesupport_introspection_c.so
[310.506s] -- Set runtime path of "/home/jetson/JetPilot/ros2/install/jetpilot_msgs/lib/libjetpilot_msgs__rosidl_typesupport_introspection_c.so" to ""
[310.508s] -- Up-to-date: /home/jetson/JetPilot/ros2/install/jetpilot_msgs/include/jetpilot_msgs
[310.509s] -- Up-to-date: /home/jetson/JetPilot/ros2/install/jetpilot_msgs/include/jetpilot_msgs/msg
[310.511s] -- Installing: /home/jetson/JetPilot/ros2/install/jetpilot_msgs/include/jetpilot_msgs/msg/joystick_cmd__type_support.h
[310.518s] -- Installing: /home/jetson/JetPilot/ros2/install/jetpilot_msgs/include/jetpilot_msgs/msg/euler__functions.c
[310.520s] -- Installing: /home/jetson/JetPilot/ros2/install/jetpilot_msgs/include/jetpilot_msgs/msg/jet_drive_cmd__functions.h
[310.523s] -- Installing: /home/jetson/JetPilot/ros2/install/jetpilot_msgs/include/jetpilot_msgs/msg/jet_drive_cmd__struct.h
[310.534s] -- Installing: /home/jetson/JetPilot/ros2/install/jetpilot_msgs/include/jetpilot_msgs/msg/jet_racer_pose.h
[310.535s] -- Installing: /home/jetson/JetPilot/ros2/install/jetpilot_msgs/include/jetpilot_msgs/msg/joystick_cmd__functions.h
[310.537s] -- Installing: /home/jetson/JetPilot/ros2/install/jetpilot_msgs/include/jetpilot_msgs/msg/euler.h
[310.538s] -- Installing: /home/jetson/JetPilot/ros2/install/jetpilot_msgs/include/jetpilot_msgs/msg/position__struct.h
[310.541s] -- Installing: /home/jetson/JetPilot/ros2/install/jetpilot_msgs/include/jetpilot_msgs/msg/position__type_support.h
[310.542s] -- Installing: /home/jetson/JetPilot/ros2/install/jetpilot_msgs/include/jetpilot_msgs/msg/jet_racer_pose__type_support.h
[310.543s] -- Installing: /home/jetson/JetPilot/ros2/install/jetpilot_msgs/include/jetpilot_msgs/msg/jet_racer_pose__struct.h
[310.552s] -- Installing: /home/jetson/JetPilot/ros2/install/jetpilot_msgs/include/jetpilot_msgs/msg/euler__type_support.h
[310.553s] -- Installing: /home/jetson/JetPilot/ros2/install/jetpilot_msgs/include/jetpilot_msgs/msg/jet_racer_pose__functions.h
[310.565s] -- Installing: /home/jetson/JetPilot/ros2/install/jetpilot_msgs/include/jetpilot_msgs/msg/jet_racer_pose__functions.c
[310.565s] -- Installing: /home/jetson/JetPilot/ros2/install/jetpilot_msgs/include/jetpilot_msgs/msg/joystick_cmd__functions.c
[310.566s] -- Installing: /home/jetson/JetPilot/ros2/install/jetpilot_msgs/include/jetpilot_msgs/msg/jet_drive_cmd__type_support.h
[310.567s] -- Installing: /home/jetson/JetPilot/ros2/install/jetpilot_msgs/include/jetpilot_msgs/msg/position__functions.h
[310.579s] -- Installing: /home/jetson/JetPilot/ros2/install/jetpilot_msgs/include/jetpilot_msgs/msg/euler__functions.h
[310.580s] -- Installing: /home/jetson/JetPilot/ros2/install/jetpilot_msgs/include/jetpilot_msgs/msg/jet_drive_cmd__functions.c
[310.580s] -- Up-to-date: /home/jetson/JetPilot/ros2/install/jetpilot_msgs/include/jetpilot_msgs/msg/rosidl_generator_c__visibility_control.h
[310.582s] -- Installing: /home/jetson/JetPilot/ros2/install/jetpilot_msgs/include/jetpilot_msgs/msg/joystick_cmd__struct.h
[310.598s] -- Installing: /home/jetson/JetPilot/ros2/install/jetpilot_msgs/include/jetpilot_msgs/msg/position.h
[310.599s] -- Installing: /home/jetson/JetPilot/ros2/install/jetpilot_msgs/include/jetpilot_msgs/msg/jet_drive_cmd.h
[310.606s] -- Installing: /home/jetson/JetPilot/ros2/install/jetpilot_msgs/include/jetpilot_msgs/msg/position__functions.c
[310.607s] -- Installing: /home/jetson/JetPilot/ros2/install/jetpilot_msgs/include/jetpilot_msgs/msg/joystick_cmd.h
[310.607s] -- Installing: /home/jetson/JetPilot/ros2/install/jetpilot_msgs/include/jetpilot_msgs/msg/euler__struct.h
[310.608s] -- Installing: /home/jetson/JetPilot/ros2/install/jetpilot_msgs/lib/libjetpilot_msgs__rosidl_generator_c.so
[310.625s] -- Set runtime path of "/home/jetson/JetPilot/ros2/install/jetpilot_msgs/lib/libjetpilot_msgs__rosidl_generator_c.so" to ""
[310.626s] -- Up-to-date: /home/jetson/JetPilot/ros2/install/jetpilot_msgs/include/jetpilot_msgs
[310.627s] -- Up-to-date: /home/jetson/JetPilot/ros2/install/jetpilot_msgs/include/jetpilot_msgs/msg
[310.628s] -- Up-to-date: /home/jetson/JetPilot/ros2/install/jetpilot_msgs/include/jetpilot_msgs/msg/rosidl_typesupport_fastrtps_c__visibility_control.h
[310.649s] -- Installing: /home/jetson/JetPilot/ros2/install/jetpilot_msgs/include/jetpilot_msgs/msg/joystick_cmd__rosidl_typesupport_fastrtps_c.h
[310.650s] -- Installing: /home/jetson/JetPilot/ros2/install/jetpilot_msgs/include/jetpilot_msgs/msg/jet_racer_pose__rosidl_typesupport_fastrtps_c.h
[310.651s] -- Installing: /home/jetson/JetPilot/ros2/install/jetpilot_msgs/include/jetpilot_msgs/msg/euler__rosidl_typesupport_fastrtps_c.h
[310.651s] -- Installing: /home/jetson/JetPilot/ros2/install/jetpilot_msgs/include/jetpilot_msgs/msg/jet_drive_cmd__rosidl_typesupport_fastrtps_c.h
[310.652s] -- Installing: /home/jetson/JetPilot/ros2/install/jetpilot_msgs/include/jetpilot_msgs/msg/position__rosidl_typesupport_fastrtps_c.h
[310.657s] -- Installing: /home/jetson/JetPilot/ros2/install/jetpilot_msgs/lib/libjetpilot_msgs__rosidl_typesupport_fastrtps_c.so
[310.659s] -- Set runtime path of "/home/jetson/JetPilot/ros2/install/jetpilot_msgs/lib/libjetpilot_msgs__rosidl_typesupport_fastrtps_c.so" to ""
[310.660s] -- Up-to-date: /home/jetson/JetPilot/ros2/install/jetpilot_msgs/include/jetpilot_msgs
[310.660s] -- Up-to-date: /home/jetson/JetPilot/ros2/install/jetpilot_msgs/include/jetpilot_msgs/msg
[310.673s] -- Installing: /home/jetson/JetPilot/ros2/install/jetpilot_msgs/include/jetpilot_msgs/msg/position__rosidl_typesupport_fastrtps_cpp.hpp
[310.674s] -- Installing: /home/jetson/JetPilot/ros2/install/jetpilot_msgs/include/jetpilot_msgs/msg/joystick_cmd__rosidl_typesupport_fastrtps_cpp.hpp
[310.675s] -- Installing: /home/jetson/JetPilot/ros2/install/jetpilot_msgs/include/jetpilot_msgs/msg/euler__rosidl_typesupport_fastrtps_cpp.hpp
[310.689s] -- Installing: /home/jetson/JetPilot/ros2/install/jetpilot_msgs/include/jetpilot_msgs/msg/jet_drive_cmd__rosidl_typesupport_fastrtps_cpp.hpp
[310.690s] -- Installing: /home/jetson/JetPilot/ros2/install/jetpilot_msgs/include/jetpilot_msgs/msg/jet_racer_pose__rosidl_typesupport_fastrtps_cpp.hpp
[310.691s] -- Up-to-date: /home/jetson/JetPilot/ros2/install/jetpilot_msgs/include/jetpilot_msgs/msg/dds_fastrtps
[310.692s] -- Up-to-date: /home/jetson/JetPilot/ros2/install/jetpilot_msgs/include/jetpilot_msgs/msg/rosidl_typesupport_fastrtps_cpp__visibility_control.h
[310.705s] -- Installing: /home/jetson/JetPilot/ros2/install/jetpilot_msgs/lib/libjetpilot_msgs__rosidl_typesupport_fastrtps_cpp.so
[310.706s] -- Set runtime path of "/home/jetson/JetPilot/ros2/install/jetpilot_msgs/lib/libjetpilot_msgs__rosidl_typesupport_fastrtps_cpp.so" to ""
[310.707s] -- Up-to-date: /home/jetson/JetPilot/ros2/install/jetpilot_msgs/include/jetpilot_msgs
[310.707s] -- Up-to-date: /home/jetson/JetPilot/ros2/install/jetpilot_msgs/include/jetpilot_msgs/msg
[310.708s] -- Installing: /home/jetson/JetPilot/ros2/install/jetpilot_msgs/include/jetpilot_msgs/msg/euler__traits.hpp
[310.722s] -- Installing: /home/jetson/JetPilot/ros2/install/jetpilot_msgs/include/jetpilot_msgs/msg/euler__struct.hpp
[310.723s] -- Installing: /home/jetson/JetPilot/ros2/install/jetpilot_msgs/include/jetpilot_msgs/msg/jet_racer_pose__traits.hpp
[310.723s] -- Installing: /home/jetson/JetPilot/ros2/install/jetpilot_msgs/include/jetpilot_msgs/msg/jet_racer_pose.hpp
[310.724s] -- Installing: /home/jetson/JetPilot/ros2/install/jetpilot_msgs/include/jetpilot_msgs/msg/joystick_cmd__traits.hpp
[310.725s] -- Installing: /home/jetson/JetPilot/ros2/install/jetpilot_msgs/include/jetpilot_msgs/msg/position__traits.hpp
[310.726s] -- Installing: /home/jetson/JetPilot/ros2/install/jetpilot_msgs/include/jetpilot_msgs/msg/jet_drive_cmd__struct.hpp
[310.727s] -- Installing: /home/jetson/JetPilot/ros2/install/jetpilot_msgs/include/jetpilot_msgs/msg/position__struct.hpp
[310.727s] -- Installing: /home/jetson/JetPilot/ros2/install/jetpilot_msgs/include/jetpilot_msgs/msg/jet_racer_pose__struct.hpp
[310.728s] -- Installing: /home/jetson/JetPilot/ros2/install/jetpilot_msgs/include/jetpilot_msgs/msg/euler.hpp
[310.753s] -- Installing: /home/jetson/JetPilot/ros2/install/jetpilot_msgs/include/jetpilot_msgs/msg/joystick_cmd.hpp
[310.754s] -- Installing: /home/jetson/JetPilot/ros2/install/jetpilot_msgs/include/jetpilot_msgs/msg/jet_drive_cmd.hpp
[310.755s] -- Installing: /home/jetson/JetPilot/ros2/install/jetpilot_msgs/include/jetpilot_msgs/msg/joystick_cmd__struct.hpp
[310.756s] -- Installing: /home/jetson/JetPilot/ros2/install/jetpilot_msgs/include/jetpilot_msgs/msg/position.hpp
[310.756s] -- Installing: /home/jetson/JetPilot/ros2/install/jetpilot_msgs/include/jetpilot_msgs/msg/jet_drive_cmd__traits.hpp
[310.772s] -- Up-to-date: /home/jetson/JetPilot/ros2/install/jetpilot_msgs/include/jetpilot_msgs
[310.773s] -- Up-to-date: /home/jetson/JetPilot/ros2/install/jetpilot_msgs/include/jetpilot_msgs/msg
[310.774s] -- Installing: /home/jetson/JetPilot/ros2/install/jetpilot_msgs/include/jetpilot_msgs/msg/position__rosidl_typesupport_introspection_cpp.hpp
[310.774s] -- Installing: /home/jetson/JetPilot/ros2/install/jetpilot_msgs/include/jetpilot_msgs/msg/euler__rosidl_typesupport_introspection_cpp.hpp
[310.775s] -- Installing: /home/jetson/JetPilot/ros2/install/jetpilot_msgs/include/jetpilot_msgs/msg/euler__type_support.cpp
[310.776s] -- Installing: /home/jetson/JetPilot/ros2/install/jetpilot_msgs/include/jetpilot_msgs/msg/joystick_cmd__rosidl_typesupport_introspection_cpp.hpp
[310.787s] -- Installing: /home/jetson/JetPilot/ros2/install/jetpilot_msgs/include/jetpilot_msgs/msg/jet_drive_cmd__type_support.cpp
[310.788s] -- Installing: /home/jetson/JetPilot/ros2/install/jetpilot_msgs/include/jetpilot_msgs/msg/jet_racer_pose__rosidl_typesupport_introspection_cpp.hpp
[310.794s] -- Installing: /home/jetson/JetPilot/ros2/install/jetpilot_msgs/include/jetpilot_msgs/msg/jet_racer_pose__type_support.cpp
[310.795s] -- Installing: /home/jetson/JetPilot/ros2/install/jetpilot_msgs/include/jetpilot_msgs/msg/joystick_cmd__type_support.cpp
[310.795s] -- Installing: /home/jetson/JetPilot/ros2/install/jetpilot_msgs/include/jetpilot_msgs/msg/position__type_support.cpp
[310.796s] -- Installing: /home/jetson/JetPilot/ros2/install/jetpilot_msgs/include/jetpilot_msgs/msg/jet_drive_cmd__rosidl_typesupport_introspection_cpp.hpp
[310.808s] -- Installing: /home/jetson/JetPilot/ros2/install/jetpilot_msgs/lib/libjetpilot_msgs__rosidl_typesupport_introspection_cpp.so
[310.809s] -- Set runtime path of "/home/jetson/JetPilot/ros2/install/jetpilot_msgs/lib/libjetpilot_msgs__rosidl_typesupport_introspection_cpp.so" to ""
[310.810s] -- Up-to-date: /home/jetson/JetPilot/ros2/install/jetpilot_msgs/share/jetpilot_msgs/environment/pythonpath.sh
[310.811s] -- Installing: /home/jetson/JetPilot/ros2/install/jetpilot_msgs/lib/python3.6/site-packages/jetpilot_msgs/__init__.py
[315.813s] Compiling '/home/jetson/JetPilot/ros2/install/jetpilot_msgs/lib/python3.6/site-packages/jetpilot_msgs/__init__.py'...
[315.849s] -- Up-to-date: /home/jetson/JetPilot/ros2/install/jetpilot_msgs/lib/python3.6/site-packages/jetpilot_msgs/msg
[315.852s] -- Installing: /home/jetson/JetPilot/ros2/install/jetpilot_msgs/lib/python3.6/site-packages/jetpilot_msgs/msg/_jet_racer_pose.py
[315.855s] -- Installing: /home/jetson/JetPilot/ros2/install/jetpilot_msgs/lib/python3.6/site-packages/jetpilot_msgs/msg/_joystick_cmd_s.c
[315.857s] -- Installing: /home/jetson/JetPilot/ros2/install/jetpilot_msgs/lib/python3.6/site-packages/jetpilot_msgs/msg/_jet_racer_pose_s.c
[315.860s] -- Installing: /home/jetson/JetPilot/ros2/install/jetpilot_msgs/lib/python3.6/site-packages/jetpilot_msgs/msg/_euler_s.c
[315.862s] -- Installing: /home/jetson/JetPilot/ros2/install/jetpilot_msgs/lib/python3.6/site-packages/jetpilot_msgs/msg/_position_s.c
[315.866s] -- Installing: /home/jetson/JetPilot/ros2/install/jetpilot_msgs/lib/python3.6/site-packages/jetpilot_msgs/msg/_joystick_cmd.py
[315.868s] -- Installing: /home/jetson/JetPilot/ros2/install/jetpilot_msgs/lib/python3.6/site-packages/jetpilot_msgs/msg/__init__.py
[315.871s] -- Installing: /home/jetson/JetPilot/ros2/install/jetpilot_msgs/lib/python3.6/site-packages/jetpilot_msgs/msg/_jet_drive_cmd.py
[315.872s] -- Installing: /home/jetson/JetPilot/ros2/install/jetpilot_msgs/lib/python3.6/site-packages/jetpilot_msgs/msg/_euler.py
[315.885s] -- Installing: /home/jetson/JetPilot/ros2/install/jetpilot_msgs/lib/python3.6/site-packages/jetpilot_msgs/msg/_jet_drive_cmd_s.c
[315.886s] -- Installing: /home/jetson/JetPilot/ros2/install/jetpilot_msgs/lib/python3.6/site-packages/jetpilot_msgs/msg/_position.py
[315.887s] -- Installing: /home/jetson/JetPilot/ros2/install/jetpilot_msgs/lib/python3.6/site-packages/jetpilot_msgs/jetpilot_msgs_s__rosidl_typesupport_c.cpython-36m-aarch64-linux-gnu.so
[315.890s] -- Set runtime path of "/home/jetson/JetPilot/ros2/install/jetpilot_msgs/lib/python3.6/site-packages/jetpilot_msgs/jetpilot_msgs_s__rosidl_typesupport_c.cpython-36m-aarch64-linux-gnu.so" to ""
[315.896s] -- Installing: /home/jetson/JetPilot/ros2/install/jetpilot_msgs/lib/python3.6/site-packages/jetpilot_msgs/jetpilot_msgs_s__rosidl_typesupport_introspection_c.cpython-36m-aarch64-linux-gnu.so
[315.904s] -- Set runtime path of "/home/jetson/JetPilot/ros2/install/jetpilot_msgs/lib/python3.6/site-packages/jetpilot_msgs/jetpilot_msgs_s__rosidl_typesupport_introspection_c.cpython-36m-aarch64-linux-gnu.so" to ""
[315.908s] -- Installing: /home/jetson/JetPilot/ros2/install/jetpilot_msgs/lib/python3.6/site-packages/jetpilot_msgs/jetpilot_msgs_s__rosidl_typesupport_fastrtps_c.cpython-36m-aarch64-linux-gnu.so
[315.914s] -- Set runtime path of "/home/jetson/JetPilot/ros2/install/jetpilot_msgs/lib/python3.6/site-packages/jetpilot_msgs/jetpilot_msgs_s__rosidl_typesupport_fastrtps_c.cpython-36m-aarch64-linux-gnu.so" to ""
[315.919s] -- Installing: /home/jetson/JetPilot/ros2/install/jetpilot_msgs/lib/libjetpilot_msgs__python.so
[315.926s] -- Set runtime path of "/home/jetson/JetPilot/ros2/install/jetpilot_msgs/lib/libjetpilot_msgs__python.so" to ""
[315.930s] -- Up-to-date: /home/jetson/JetPilot/ros2/install/jetpilot_msgs/share/jetpilot_msgs/msg/JoystickCmd.idl
[315.934s] -- Installing: /home/jetson/JetPilot/ros2/install/jetpilot_msgs/share/jetpilot_msgs/msg/JetDriveCmd.idl
[315.936s] -- Installing: /home/jetson/JetPilot/ros2/install/jetpilot_msgs/share/jetpilot_msgs/msg/JetRacerPose.idl
[315.941s] -- Installing: /home/jetson/JetPilot/ros2/install/jetpilot_msgs/share/jetpilot_msgs/msg/Euler.idl
[315.942s] -- Installing: /home/jetson/JetPilot/ros2/install/jetpilot_msgs/share/jetpilot_msgs/msg/Position.idl
[315.943s] -- Up-to-date: /home/jetson/JetPilot/ros2/install/jetpilot_msgs/share/jetpilot_msgs/msg/JoystickCmd.msg
[315.950s] -- Installing: /home/jetson/JetPilot/ros2/install/jetpilot_msgs/share/jetpilot_msgs/msg/JetDriveCmd.msg
[315.951s] -- Installing: /home/jetson/JetPilot/ros2/install/jetpilot_msgs/share/jetpilot_msgs/msg/JetRacerPose.msg
[315.954s] -- Installing: /home/jetson/JetPilot/ros2/install/jetpilot_msgs/share/jetpilot_msgs/msg/Euler.msg
[315.965s] -- Installing: /home/jetson/JetPilot/ros2/install/jetpilot_msgs/share/jetpilot_msgs/msg/Position.msg
[315.966s] -- Installing: /home/jetson/JetPilot/ros2/install/jetpilot_msgs/share/ament_index/resource_index/package_run_dependencies/jetpilot_msgs
[315.967s] -- Up-to-date: /home/jetson/JetPilot/ros2/install/jetpilot_msgs/share/ament_index/resource_index/parent_prefix_path/jetpilot_msgs
[315.968s] -- Up-to-date: /home/jetson/JetPilot/ros2/install/jetpilot_msgs/share/jetpilot_msgs/local_setup.bash
[315.969s] -- Up-to-date: /home/jetson/JetPilot/ros2/install/jetpilot_msgs/share/jetpilot_msgs/local_setup.sh
[315.970s] -- Up-to-date: /home/jetson/JetPilot/ros2/install/jetpilot_msgs/share/jetpilot_msgs/local_setup.zsh
[315.979s] -- Up-to-date: /home/jetson/JetPilot/ros2/install/jetpilot_msgs/share/ament_index/resource_index/packages/jetpilot_msgs
[315.982s] -- Installing: /home/jetson/JetPilot/ros2/install/jetpilot_msgs/share/jetpilot_msgs/cmake/rosidl_cmake-extras.cmake
[315.983s] -- Up-to-date: /home/jetson/JetPilot/ros2/install/jetpilot_msgs/share/jetpilot_msgs/cmake/ament_cmake_export_dependencies-extras.cmake
[315.984s] -- Up-to-date: /home/jetson/JetPilot/ros2/install/jetpilot_msgs/share/jetpilot_msgs/cmake/ament_cmake_export_libraries-extras.cmake
[315.987s] -- Up-to-date: /home/jetson/JetPilot/ros2/install/jetpilot_msgs/share/jetpilot_msgs/cmake/ament_cmake_export_include_directories-extras.cmake
[315.988s] -- Up-to-date: /home/jetson/JetPilot/ros2/install/jetpilot_msgs/share/jetpilot_msgs/cmake/jetpilot_msgsConfig.cmake
[315.997s] -- Up-to-date: /home/jetson/JetPilot/ros2/install/jetpilot_msgs/share/jetpilot_msgs/cmake/jetpilot_msgsConfig-version.cmake
[316.029s] -- Installing: /home/jetson/JetPilot/ros2/install/jetpilot_msgs/share/jetpilot_msgs/package.xml
[316.031s] Invoked command in '/home/jetson/JetPilot/ros2/build/jetpilot_msgs' returned '0': CMAKE_PREFIX_PATH=${CMAKE_PREFIX_PATH}:/home/jetson/JetAutonomy/ros2/install/joystick:/home/jetson/JetAutonomy/ros2/install/jet_drive:/home/jetson/JetAutonomy/ros2/install/bno055:/home/jetson/ros2_dashing/install/ros2bag:/home/jetson/ros2_dashing/install/topic_monitor:/home/jetson/ros2_dashing/install/sros2:/home/jetson/ros2_dashing/install/rqt_topic:/home/jetson/ros2_dashing/install/rqt_top:/home/jetson/ros2_dashing/install/rqt_srv:/home/jetson/ros2_dashing/install/rqt_shell:/home/jetson/ros2_dashing/install/rqt_service_caller:/home/jetson/ros2_dashing/install/rqt_py_console:/home/jetson/ros2_dashing/install/rqt_action:/home/jetson/ros2_dashing/install/rqt:/home/jetson/ros2_dashing/install/rqt_graph:/home/jetson/ros2_dashing/install/rqt_gui_py:/home/jetson/ros2_dashing/install/rqt_gui:/home/jetson/ros2_dashing/install/ros2topic:/home/jetson/ros2_dashing/install/ros2test:/home/jetson/ros2_dashing/install/ros2component:/home/jetson/ros2_dashing/install/ros2param:/home/jetson/ros2_dashing/install/ros2lifecycle:/home/jetson/ros2_dashing/install/ros2service:/home/jetson/ros2_dashing/install/ros2srv:/home/jetson/ros2_dashing/install/ros2run:/home/jetson/ros2_dashing/install/ros2launch:/home/jetson/ros2_dashing/install/ros2pkg:/home/jetson/ros2_dashing/install/ros2node:/home/jetson/ros2_dashing/install/ros2multicast:/home/jetson/ros2_dashing/install/ros2msg:/home/jetson/ros2_dashing/install/ros2action:/home/jetson/ros2_dashing/install/ros2cli:/home/jetson/ros2_dashing/install/quality_of_service_demo_py:/home/jetson/ros2_dashing/install/launch_testing_ros:/home/jetson/ros2_dashing/install/launch_ros:/home/jetson/ros2_dashing/install/examples_rclpy_minimal_subscriber:/home/jetson/ros2_dashing/install/examples_rclpy_minimal_service:/home/jetson/ros2_dashing/install/examples_rclpy_minimal_publisher:/home/jetson/ros2_dashing/install/examples_rclpy_minimal_client:/home/jetson/ros2_dashing/install/examples_rclpy_minimal_action_server:/home/jetson/ros2_dashing/install/examples_rclpy_minimal_action_client:/home/jetson/ros2_dashing/install/examples_rclpy_executors:/home/jetson/ros2_dashing/install/demo_nodes_py:/home/jetson/ros2_dashing/install/ament_uncrustify:/home/jetson/ros2_dashing/install/test_launch_ros:/home/jetson/ros2_dashing/install/rosidl_runtime_py:/home/jetson/ros2_dashing/install/launch_testing:/home/jetson/ros2_dashing/install/launch:/home/jetson/ros2_dashing/install/osrf_pycommon:/home/jetson/ros2_dashing/install/ament_xmllint:/home/jetson/ros2_dashing/install/ament_pyflakes:/home/jetson/ros2_dashing/install/ament_pep8:/home/jetson/ros2_dashing/install/ament_pep257:/home/jetson/ros2_dashing/install/ament_pclint:/home/jetson/ros2_dashing/install/ament_package:/home/jetson/ros2_dashing/install/ament_lint_cmake:/home/jetson/ros2_dashing/install/ament_flake8:/home/jetson/ros2_dashing/install/ament_copyright:/home/jetson/ros2_dashing/install/ament_lint:/home/jetson/ros2_dashing/install/ament_index_python:/home/jetson/ros2_dashing/install/ament_cpplint:/home/jetson/ros2_dashing/install/ament_cppcheck:/home/jetson/ros2_dashing/install/ament_clang_tidy:/home/jetson/ros2_dashing/install/ament_clang_format /usr/bin/cmake --build /home/jetson/JetPilot/ros2/build/jetpilot_msgs --target install -- -j2 -l2
