[0.120s] Invoking command in '/home/jetson/JetAutonomy/ros2/build/front_cam': /usr/bin/cmake --build /home/jetson/JetAutonomy/ros2/build/front_cam -- -j2 -l2
[0.421s] [35m[1mScanning dependencies of target front_cam_node[0m
[0.799s] [ 50%] [32mBuilding CXX object CMakeFiles/front_cam_node.dir/src/front_cam_node.cpp.o[0m
[26.972s] [100%] [32m[1mLinking CXX executable front_cam_node[0m
[30.115s] [100%] Built target front_cam_node
[30.214s] Invoked command in '/home/jetson/JetAutonomy/ros2/build/front_cam' returned '0': /usr/bin/cmake --build /home/jetson/JetAutonomy/ros2/build/front_cam -- -j2 -l2
[30.435s] Invoking command in '/home/jetson/JetAutonomy/ros2/build/front_cam': /usr/bin/cmake --build /home/jetson/JetAutonomy/ros2/build/front_cam --target install -- -j2 -l2
[30.908s] [100%] Built target front_cam_node
[31.043s] [36mInstall the project...[0m
[31.115s] -- Install configuration: ""
[31.124s] -- Installing: /home/jetson/JetAutonomy/ros2/install/front_cam/lib/front_cam/front_cam_node
[31.147s] -- Set runtime path of "/home/jetson/JetAutonomy/ros2/install/front_cam/lib/front_cam/front_cam_node" to ""
[31.150s] -- Up-to-date: /home/jetson/JetAutonomy/ros2/install/front_cam/share/front_cam//launch
[31.153s] -- Up-to-date: /home/jetson/JetAutonomy/ros2/install/front_cam/share/front_cam//launch/front_cam_node.launch.py
[31.156s] -- Up-to-date: /home/jetson/JetAutonomy/ros2/install/front_cam/share/ament_index/resource_index/package_run_dependencies/front_cam
[31.158s] -- Up-to-date: /home/jetson/JetAutonomy/ros2/install/front_cam/share/ament_index/resource_index/parent_prefix_path/front_cam
[31.167s] -- Up-to-date: /home/jetson/JetAutonomy/ros2/install/front_cam/share/front_cam/local_setup.bash
[31.169s] -- Up-to-date: /home/jetson/JetAutonomy/ros2/install/front_cam/share/front_cam/local_setup.sh
[31.172s] -- Up-to-date: /home/jetson/JetAutonomy/ros2/install/front_cam/share/front_cam/local_setup.zsh
[31.175s] -- Up-to-date: /home/jetson/JetAutonomy/ros2/install/front_cam/share/ament_index/resource_index/packages/front_cam
[31.178s] -- Up-to-date: /home/jetson/JetAutonomy/ros2/install/front_cam/share/front_cam/cmake/front_camConfig.cmake
[31.183s] -- Up-to-date: /home/jetson/JetAutonomy/ros2/install/front_cam/share/front_cam/cmake/front_camConfig-version.cmake
[31.185s] -- Up-to-date: /home/jetson/JetAutonomy/ros2/install/front_cam/share/front_cam/package.xml
[31.215s] Invoked command in '/home/jetson/JetAutonomy/ros2/build/front_cam' returned '0': /usr/bin/cmake --build /home/jetson/JetAutonomy/ros2/build/front_cam --target install -- -j2 -l2
