[35m[1mScanning dependencies of target front_cam_node[0m
[ 50%] [32mBuilding CXX object CMakeFiles/front_cam_node.dir/src/front_cam_node.cpp.o[0m
In file included from [01m[K/home/jetson/ros2_dashing/install/rclcpp/include/rclcpp/service.hpp:33:0[m[K,
                 from [01m[K/home/jetson/ros2_dashing/install/rclcpp/include/rclcpp/callback_group.hpp:25[m[K,
                 from [01m[K/home/jetson/ros2_dashing/install/rclcpp/include/rclcpp/any_executable.hpp:20[m[K,
                 from [01m[K/home/jetson/ros2_dashing/install/rclcpp/include/rclcpp/memory_strategy.hpp:24[m[K,
                 from [01m[K/home/jetson/ros2_dashing/install/rclcpp/include/rclcpp/memory_strategies.hpp:18[m[K,
                 from [01m[K/home/jetson/ros2_dashing/install/rclcpp/include/rclcpp/executor.hpp:33[m[K,
                 from [01m[K/home/jetson/ros2_dashing/install/rclcpp/include/rclcpp/executors/multi_threaded_executor.hpp:24[m[K,
                 from [01m[K/home/jetson/ros2_dashing/install/rclcpp/include/rclcpp/executors.hpp:21[m[K,
                 from [01m[K/home/jetson/ros2_dashing/install/rclcpp/include/rclcpp/rclcpp.hpp:144[m[K,
                 from [01m[K/home/jetson/JetAutonomy/ros/src/front_cam/src/front_cam_node.cpp:2[m[K:
[01m[K/home/jetson/JetAutonomy/ros/src/front_cam/src/front_cam_node.cpp:[m[K In function ‘[01m[Kint main(int, char**)[m[K’:
[01m[K/home/jetson/JetAutonomy/ros/src/front_cam/src/front_cam_node.cpp:93:17:[m[K [01;31m[Kerror: [m[Kinvalid use of ‘[01m[Kthis[m[K’ in non-member function
     RCLCPP_INFO([01;31m[Kt[m[Khis->get_logger(), "Spinning off this node");
                 [01;31m[K^[m[K
[01m[K/home/jetson/ros2_dashing/install/rclcpp/include/rclcpp/logging.hpp:215:86:[m[K [01;36m[Knote: [m[Kin definition of macro ‘[01m[KRCLCPP_INFO[m[K’
       ::std::is_same<typename std::remove_reference<typename std::remove_cv<decltype([01;36m[Klogger[m[K)>::type>::type, \
                                                                                      [01;36m[K^~~~~~[m[K
[01m[K/home/jetson/JetAutonomy/ros/src/front_cam/src/front_cam_node.cpp:93:17:[m[K [01;31m[Kerror: [m[Kinvalid use of ‘[01m[Kthis[m[K’ in non-member function
     RCLCPP_INFO([01;31m[Kt[m[Khis->get_logger(), "Spinning off this node");
                 [01;31m[K^[m[K
[01m[K/home/jetson/ros2_dashing/install/rclcpp/include/rclcpp/logging.hpp:215:86:[m[K [01;36m[Knote: [m[Kin definition of macro ‘[01m[KRCLCPP_INFO[m[K’
       ::std::is_same<typename std::remove_reference<typename std::remove_cv<decltype([01;36m[Klogger[m[K)>::type>::type, \
                                                                                      [01;36m[K^~~~~~[m[K
[01m[K/home/jetson/ros2_dashing/install/rclcpp/include/rclcpp/logging.hpp:215:93:[m[K [01;31m[Kerror: [m[Ktemplate argument 1 is invalid
       ::std::is_same<typename std::remove_reference<typename std::remove_cv<decltype(logger)[01;31m[K>[m[K::type>::type, \
                                                                                             [01;31m[K^[m[K
[01m[K/home/jetson/JetAutonomy/ros/src/front_cam/src/front_cam_node.cpp:93:5:[m[K [01;36m[Knote: [m[Kin expansion of macro ‘[01m[KRCLCPP_INFO[m[K’
     [01;36m[KR[m[KCLCPP_INFO(this->get_logger(), "Spinning off this node");
     [01;36m[K^[m[K
[01m[K/home/jetson/ros2_dashing/install/rclcpp/include/rclcpp/logging.hpp:215:100:[m[K [01;31m[Kerror: [m[Ktemplate argument 1 is invalid
       ::std::is_same<typename std::remove_reference<typename std::remove_cv<decltype(logger)>::type[01;31m[K>[m[K::type, \
                                                                                                    [01;31m[K^[m[K
[01m[K/home/jetson/JetAutonomy/ros/src/front_cam/src/front_cam_node.cpp:93:5:[m[K [01;36m[Knote: [m[Kin expansion of macro ‘[01m[KRCLCPP_INFO[m[K’
     [01;36m[KR[m[KCLCPP_INFO(this->get_logger(), "Spinning off this node");
     [01;36m[K^[m[K
[01m[K/home/jetson/ros2_dashing/install/rclcpp/include/rclcpp/logging.hpp:216:32:[m[K [01;31m[Kerror: [m[Ktemplate argument 1 is invalid
       typename ::rclcpp::Logger[01;31m[K>[m[K::value, \
                                [01;31m[K^[m[K
[01m[K/home/jetson/JetAutonomy/ros/src/front_cam/src/front_cam_node.cpp:93:5:[m[K [01;36m[Knote: [m[Kin expansion of macro ‘[01m[KRCLCPP_INFO[m[K’
     [01;36m[KR[m[KCLCPP_INFO(this->get_logger(), "Spinning off this node");
     [01;36m[K^[m[K
In file included from [01m[K/home/jetson/ros2_dashing/install/rclcpp/include/rclcpp/client.hpp:39:0[m[K,
                 from [01m[K/home/jetson/ros2_dashing/install/rclcpp/include/rclcpp/callback_group.hpp:23[m[K,
                 from [01m[K/home/jetson/ros2_dashing/install/rclcpp/include/rclcpp/any_executable.hpp:20[m[K,
                 from [01m[K/home/jetson/ros2_dashing/install/rclcpp/include/rclcpp/memory_strategy.hpp:24[m[K,
                 from [01m[K/home/jetson/ros2_dashing/install/rclcpp/include/rclcpp/memory_strategies.hpp:18[m[K,
                 from [01m[K/home/jetson/ros2_dashing/install/rclcpp/include/rclcpp/executor.hpp:33[m[K,
                 from [01m[K/home/jetson/ros2_dashing/install/rclcpp/include/rclcpp/executors/multi_threaded_executor.hpp:24[m[K,
                 from [01m[K/home/jetson/ros2_dashing/install/rclcpp/include/rclcpp/executors.hpp:21[m[K,
                 from [01m[K/home/jetson/ros2_dashing/install/rclcpp/include/rclcpp/rclcpp.hpp:144[m[K,
                 from [01m[K/home/jetson/JetAutonomy/ros/src/front_cam/src/front_cam_node.cpp:2[m[K:
[01m[K/home/jetson/JetAutonomy/ros/src/front_cam/src/front_cam_node.cpp:93:17:[m[K [01;31m[Kerror: [m[Kinvalid use of ‘[01m[Kthis[m[K’ in non-member function
     RCLCPP_INFO([01;31m[Kt[m[Khis->get_logger(), "Spinning off this node");
                 [01;31m[K^[m[K
[01m[K/home/jetson/ros2_dashing/install/rcutils/include/rcutils/logging_macros.h:70:47:[m[K [01;36m[Knote: [m[Kin definition of macro ‘[01m[KRCUTILS_LOG_COND_NAMED[m[K’
     if (rcutils_logging_logger_is_enabled_for([01;36m[Kname[m[K, severity)) { \
                                               [01;36m[K^~~~[m[K
[01m[K/home/jetson/ros2_dashing/install/rclcpp/include/rclcpp/logging.hpp:218:5:[m[K [01;36m[Knote: [m[Kin expansion of macro ‘[01m[KRCUTILS_LOG_INFO_NAMED[m[K’
     [01;36m[KRCUTILS_LOG_INFO_NAMED[m[K( \
     [01;36m[K^~~~~~~~~~~~~~~~~~~~~~[m[K
[01m[K/home/jetson/JetAutonomy/ros/src/front_cam/src/front_cam_node.cpp:93:5:[m[K [01;36m[Knote: [m[Kin expansion of macro ‘[01m[KRCLCPP_INFO[m[K’
     [01;36m[KR[m[KCLCPP_INFO(this->get_logger(), "Spinning off this node");
     [01;36m[K^[m[K
[01m[K/home/jetson/JetAutonomy/ros/src/front_cam/src/front_cam_node.cpp:93:17:[m[K [01;31m[Kerror: [m[Kinvalid use of ‘[01m[Kthis[m[K’ in non-member function
     RCLCPP_INFO([01;31m[Kt[m[Khis->get_logger(), "Spinning off this node");
                 [01;31m[K^[m[K
[01m[K/home/jetson/ros2_dashing/install/rcutils/include/rcutils/logging_macros.h:72:58:[m[K [01;36m[Knote: [m[Kin definition of macro ‘[01m[KRCUTILS_LOG_COND_NAMED[m[K’
       rcutils_log(&__rcutils_logging_location, severity, [01;36m[Kname[m[K, __VA_ARGS__); \
                                                          [01;36m[K^~~~[m[K
[01m[K/home/jetson/ros2_dashing/install/rclcpp/include/rclcpp/logging.hpp:218:5:[m[K [01;36m[Knote: [m[Kin expansion of macro ‘[01m[KRCUTILS_LOG_INFO_NAMED[m[K’
     [01;36m[KRCUTILS_LOG_INFO_NAMED[m[K( \
     [01;36m[K^~~~~~~~~~~~~~~~~~~~~~[m[K
[01m[K/home/jetson/JetAutonomy/ros/src/front_cam/src/front_cam_node.cpp:93:5:[m[K [01;36m[Knote: [m[Kin expansion of macro ‘[01m[KRCLCPP_INFO[m[K’
     [01;36m[KR[m[KCLCPP_INFO(this->get_logger(), "Spinning off this node");
     [01;36m[K^[m[K
CMakeFiles/front_cam_node.dir/build.make:62: recipe for target 'CMakeFiles/front_cam_node.dir/src/front_cam_node.cpp.o' failed
make[2]: *** [CMakeFiles/front_cam_node.dir/src/front_cam_node.cpp.o] Error 1
make[1]: *** [CMakeFiles/front_cam_node.dir/all] Error 2
CMakeFiles/Makefile2:67: recipe for target 'CMakeFiles/front_cam_node.dir/all' failed
make: *** [all] Error 2
Makefile:140: recipe for target 'all' failed
