[6.822s] DEBUG:colcon:Command line arguments: ['/usr/bin/colcon', 'build', '--packages-select', 'joystick']
[6.823s] DEBUG:colcon:Parsed command line arguments: Namespace(ament_cmake_args=None, base_paths=['.'], build_base='build', catkin_cmake_args=None, catkin_skip_building_tests=False, cmake_args=None, cmake_clean_cache=False, cmake_clean_first=False, cmake_force_configure=False, cmake_target=None, cmake_target_skip_unavailable=False, continue_on_error=False, event_handlers=None, executor='parallel', ignore_user_meta=False, install_base='install', log_base=None, log_level=None, main=<bound method BuildVerb.main of <colcon_core.verb.build.BuildVerb object at 0x7f95d8fc50>>, merge_install=False, metas=['./colcon.meta'], packages_above=None, packages_above_and_dependencies=None, packages_above_depth=None, packages_end=None, packages_ignore=None, packages_ignore_regex=None, packages_select=['joystick'], packages_select_build_failed=False, packages_select_by_dep=None, packages_select_regex=None, packages_select_test_failures=False, packages_skip=None, packages_skip_build_finished=False, packages_skip_by_dep=None, packages_skip_regex=None, packages_skip_test_passed=False, packages_skip_up_to=None, packages_start=None, packages_up_to=None, packages_up_to_regex=None, parallel_workers=2, paths=None, symlink_install=False, test_result_base=None, verb_extension=<colcon_core.verb.build.BuildVerb object at 0x7f95d8fc50>, verb_name='build', verb_parser=<colcon_defaults.argument_parser.defaults.DefaultArgumentsDecorator object at 0x7f95d8ffd0>)
[6.952s] Level 1:colcon.colcon_core.package_discovery:discover_packages(colcon_meta) check parameters
[6.953s] Level 1:colcon.colcon_core.package_discovery:discover_packages(recursive) check parameters
[6.954s] Level 1:colcon.colcon_core.package_discovery:discover_packages(ignore) check parameters
[6.954s] Level 1:colcon.colcon_core.package_discovery:discover_packages(path) check parameters
[6.954s] Level 1:colcon.colcon_core.package_discovery:discover_packages(colcon_meta) discover
[6.962s] Level 1:colcon.colcon_core.package_discovery:discover_packages(recursive) discover
[6.963s] INFO:colcon.colcon_core.package_discovery:Crawling recursively for packages in '/home/jetson/JetAutonomy/ros'
[6.964s] Level 1:colcon.colcon_core.package_identification:_identify(.) by extensions ['ignore', 'ignore_ament_install']
[6.965s] Level 1:colcon.colcon_core.package_identification:_identify(.) by extension 'ignore'
[6.966s] Level 1:colcon.colcon_core.package_identification:_identify(.) by extension 'ignore_ament_install'
[6.966s] Level 1:colcon.colcon_core.package_identification:_identify(.) by extensions ['colcon_pkg']
[6.967s] Level 1:colcon.colcon_core.package_identification:_identify(.) by extension 'colcon_pkg'
[6.967s] Level 1:colcon.colcon_core.package_identification:_identify(.) by extensions ['colcon_meta']
[6.967s] Level 1:colcon.colcon_core.package_identification:_identify(.) by extension 'colcon_meta'
[6.968s] Level 1:colcon.colcon_core.package_identification:_identify(.) by extensions ['ros']
[6.968s] Level 1:colcon.colcon_core.package_identification:_identify(.) by extension 'ros'
[7.140s] Level 1:colcon.colcon_core.package_identification:_identify(.) by extensions ['cmake', 'python']
[7.140s] Level 1:colcon.colcon_core.package_identification:_identify(.) by extension 'cmake'
[7.141s] Level 1:colcon.colcon_core.package_identification:_identify(.) by extension 'python'
[7.141s] Level 1:colcon.colcon_core.package_identification:_identify(.) by extensions ['python_setup_py']
[7.142s] Level 1:colcon.colcon_core.package_identification:_identify(.) by extension 'python_setup_py'
[7.143s] Level 1:colcon.colcon_core.package_identification:_identify(build) by extensions ['ignore', 'ignore_ament_install']
[7.144s] Level 1:colcon.colcon_core.package_identification:_identify(build) by extension 'ignore'
[7.144s] Level 1:colcon.colcon_core.package_identification:_identify(build) ignored
[7.147s] Level 1:colcon.colcon_core.package_identification:_identify(install) by extensions ['ignore', 'ignore_ament_install']
[7.148s] Level 1:colcon.colcon_core.package_identification:_identify(install) by extension 'ignore'
[7.149s] Level 1:colcon.colcon_core.package_identification:_identify(install) ignored
[7.150s] Level 1:colcon.colcon_core.package_identification:_identify(log) by extensions ['ignore', 'ignore_ament_install']
[7.151s] Level 1:colcon.colcon_core.package_identification:_identify(log) by extension 'ignore'
[7.152s] Level 1:colcon.colcon_core.package_identification:_identify(log) ignored
[7.152s] Level 1:colcon.colcon_core.package_identification:_identify(src) by extensions ['ignore', 'ignore_ament_install']
[7.153s] Level 1:colcon.colcon_core.package_identification:_identify(src) by extension 'ignore'
[7.154s] Level 1:colcon.colcon_core.package_identification:_identify(src) by extension 'ignore_ament_install'
[7.154s] Level 1:colcon.colcon_core.package_identification:_identify(src) by extensions ['colcon_pkg']
[7.155s] Level 1:colcon.colcon_core.package_identification:_identify(src) by extension 'colcon_pkg'
[7.155s] Level 1:colcon.colcon_core.package_identification:_identify(src) by extensions ['colcon_meta']
[7.155s] Level 1:colcon.colcon_core.package_identification:_identify(src) by extension 'colcon_meta'
[7.156s] Level 1:colcon.colcon_core.package_identification:_identify(src) by extensions ['ros']
[7.156s] Level 1:colcon.colcon_core.package_identification:_identify(src) by extension 'ros'
[7.157s] Level 1:colcon.colcon_core.package_identification:_identify(src) by extensions ['cmake', 'python']
[7.157s] Level 1:colcon.colcon_core.package_identification:_identify(src) by extension 'cmake'
[7.158s] Level 1:colcon.colcon_core.package_identification:_identify(src) by extension 'python'
[7.158s] Level 1:colcon.colcon_core.package_identification:_identify(src) by extensions ['python_setup_py']
[7.159s] Level 1:colcon.colcon_core.package_identification:_identify(src) by extension 'python_setup_py'
[7.160s] Level 1:colcon.colcon_core.package_identification:_identify(src/front_cam) by extensions ['ignore', 'ignore_ament_install']
[7.161s] Level 1:colcon.colcon_core.package_identification:_identify(src/front_cam) by extension 'ignore'
[7.161s] Level 1:colcon.colcon_core.package_identification:_identify(src/front_cam) by extension 'ignore_ament_install'
[7.162s] Level 1:colcon.colcon_core.package_identification:_identify(src/front_cam) by extensions ['colcon_pkg']
[7.163s] Level 1:colcon.colcon_core.package_identification:_identify(src/front_cam) by extension 'colcon_pkg'
[7.163s] Level 1:colcon.colcon_core.package_identification:_identify(src/front_cam) by extensions ['colcon_meta']
[7.163s] Level 1:colcon.colcon_core.package_identification:_identify(src/front_cam) by extension 'colcon_meta'
[7.164s] Level 1:colcon.colcon_core.package_identification:_identify(src/front_cam) by extensions ['ros']
[7.164s] Level 1:colcon.colcon_core.package_identification:_identify(src/front_cam) by extension 'ros'
[7.185s] DEBUG:colcon.colcon_core.package_identification:Package 'src/front_cam' with type 'ros.ament_cmake' and name 'front_cam'
[7.187s] Level 1:colcon.colcon_core.package_identification:_identify(src/jet_autonomy_msgs) by extensions ['ignore', 'ignore_ament_install']
[7.188s] Level 1:colcon.colcon_core.package_identification:_identify(src/jet_autonomy_msgs) by extension 'ignore'
[7.188s] Level 1:colcon.colcon_core.package_identification:_identify(src/jet_autonomy_msgs) by extension 'ignore_ament_install'
[7.189s] Level 1:colcon.colcon_core.package_identification:_identify(src/jet_autonomy_msgs) by extensions ['colcon_pkg']
[7.189s] Level 1:colcon.colcon_core.package_identification:_identify(src/jet_autonomy_msgs) by extension 'colcon_pkg'
[7.189s] Level 1:colcon.colcon_core.package_identification:_identify(src/jet_autonomy_msgs) by extensions ['colcon_meta']
[7.190s] Level 1:colcon.colcon_core.package_identification:_identify(src/jet_autonomy_msgs) by extension 'colcon_meta'
[7.190s] Level 1:colcon.colcon_core.package_identification:_identify(src/jet_autonomy_msgs) by extensions ['ros']
[7.191s] Level 1:colcon.colcon_core.package_identification:_identify(src/jet_autonomy_msgs) by extension 'ros'
[7.196s] DEBUG:colcon.colcon_core.package_identification:Package 'src/jet_autonomy_msgs' with type 'ros.ament_cmake' and name 'jet_autonomy_msgs'
[7.197s] Level 1:colcon.colcon_core.package_identification:_identify(src/jet_drive) by extensions ['ignore', 'ignore_ament_install']
[7.198s] Level 1:colcon.colcon_core.package_identification:_identify(src/jet_drive) by extension 'ignore'
[7.199s] Level 1:colcon.colcon_core.package_identification:_identify(src/jet_drive) by extension 'ignore_ament_install'
[7.199s] Level 1:colcon.colcon_core.package_identification:_identify(src/jet_drive) by extensions ['colcon_pkg']
[7.200s] Level 1:colcon.colcon_core.package_identification:_identify(src/jet_drive) by extension 'colcon_pkg'
[7.200s] Level 1:colcon.colcon_core.package_identification:_identify(src/jet_drive) by extensions ['colcon_meta']
[7.201s] Level 1:colcon.colcon_core.package_identification:_identify(src/jet_drive) by extension 'colcon_meta'
[7.201s] Level 1:colcon.colcon_core.package_identification:_identify(src/jet_drive) by extensions ['ros']
[7.202s] Level 1:colcon.colcon_core.package_identification:_identify(src/jet_drive) by extension 'ros'
[7.212s] DEBUG:colcon.colcon_core.package_identification:Package 'src/jet_drive' with type 'ros.catkin' and name 'jet_drive'
[7.213s] Level 1:colcon.colcon_core.package_identification:_identify(src/joystick) by extensions ['ignore', 'ignore_ament_install']
[7.214s] Level 1:colcon.colcon_core.package_identification:_identify(src/joystick) by extension 'ignore'
[7.214s] Level 1:colcon.colcon_core.package_identification:_identify(src/joystick) by extension 'ignore_ament_install'
[7.215s] Level 1:colcon.colcon_core.package_identification:_identify(src/joystick) by extensions ['colcon_pkg']
[7.215s] Level 1:colcon.colcon_core.package_identification:_identify(src/joystick) by extension 'colcon_pkg'
[7.216s] Level 1:colcon.colcon_core.package_identification:_identify(src/joystick) by extensions ['colcon_meta']
[7.216s] Level 1:colcon.colcon_core.package_identification:_identify(src/joystick) by extension 'colcon_meta'
[7.217s] Level 1:colcon.colcon_core.package_identification:_identify(src/joystick) by extensions ['ros']
[7.217s] Level 1:colcon.colcon_core.package_identification:_identify(src/joystick) by extension 'ros'
[7.224s] DEBUG:colcon.colcon_core.package_identification:Package 'src/joystick' with type 'ros.ament_python' and name 'joystick'
[7.224s] Level 1:colcon.colcon_core.package_discovery:discover_packages(recursive) using defaults
[7.226s] Level 1:colcon.colcon_core.package_discovery:discover_packages(ignore) discover
[7.226s] Level 1:colcon.colcon_core.package_discovery:discover_packages(ignore) using defaults
[7.227s] Level 1:colcon.colcon_core.package_discovery:discover_packages(path) discover
[7.227s] Level 1:colcon.colcon_core.package_discovery:discover_packages(path) using defaults
[7.594s] INFO:colcon.colcon_core.package_selection:Skipping not selected package 'front_cam' in 'src/front_cam'
[7.595s] INFO:colcon.colcon_core.package_selection:Skipping not selected package 'jet_autonomy_msgs' in 'src/jet_autonomy_msgs'
[7.595s] INFO:colcon.colcon_core.package_selection:Skipping not selected package 'jet_drive' in 'src/jet_drive'
[7.657s] Level 5:colcon.colcon_core.verb:set package 'joystick' build argument 'cmake_args' from command line to 'None'
[7.660s] Level 5:colcon.colcon_core.verb:set package 'joystick' build argument 'cmake_target' from command line to 'None'
[7.661s] Level 5:colcon.colcon_core.verb:set package 'joystick' build argument 'cmake_target_skip_unavailable' from command line to 'False'
[7.663s] Level 5:colcon.colcon_core.verb:set package 'joystick' build argument 'cmake_clean_cache' from command line to 'False'
[7.664s] Level 5:colcon.colcon_core.verb:set package 'joystick' build argument 'cmake_clean_first' from command line to 'False'
[7.664s] Level 5:colcon.colcon_core.verb:set package 'joystick' build argument 'cmake_force_configure' from command line to 'False'
[7.665s] Level 5:colcon.colcon_core.verb:set package 'joystick' build argument 'ament_cmake_args' from command line to 'None'
[7.665s] Level 5:colcon.colcon_core.verb:set package 'joystick' build argument 'catkin_cmake_args' from command line to 'None'
[7.665s] Level 5:colcon.colcon_core.verb:set package 'joystick' build argument 'catkin_skip_building_tests' from command line to 'False'
[7.666s] DEBUG:colcon.colcon_core.verb:Building package 'joystick' with the following arguments: {'ament_cmake_args': None, 'build_base': '/home/jetson/JetAutonomy/ros/build/joystick', 'catkin_cmake_args': None, 'catkin_skip_building_tests': False, 'cmake_args': None, 'cmake_clean_cache': False, 'cmake_clean_first': False, 'cmake_force_configure': False, 'cmake_target': None, 'cmake_target_skip_unavailable': False, 'install_base': '/home/jetson/JetAutonomy/ros/install/joystick', 'merge_install': False, 'path': '/home/jetson/JetAutonomy/ros/src/joystick', 'symlink_install': False, 'test_result_base': None}
[7.673s] INFO:colcon.colcon_core.executor:Executing jobs using 'parallel' executor
[7.704s] DEBUG:colcon.colcon_parallel_executor.executor.parallel:run_until_complete
[7.705s] INFO:colcon.colcon_ros.task.ament_python.build:Building ROS package in '/home/jetson/JetAutonomy/ros/src/joystick' with build type 'ament_python'
[7.706s] Level 1:colcon.colcon_core.shell:create_environment_hook('joystick', 'ament_prefix_path')
[7.790s] INFO:colcon.colcon_core.plugin_system:Skipping extension 'colcon_core.shell.bat': Not used on non-Windows systems
[7.793s] INFO:colcon.colcon_core.shell:Creating environment hook '/home/jetson/JetAutonomy/ros/install/joystick/share/joystick/hook/ament_prefix_path.ps1'
[7.798s] INFO:colcon.colcon_core.shell:Creating environment descriptor '/home/jetson/JetAutonomy/ros/install/joystick/share/joystick/hook/ament_prefix_path.dsv'
[7.805s] INFO:colcon.colcon_core.shell:Creating environment hook '/home/jetson/JetAutonomy/ros/install/joystick/share/joystick/hook/ament_prefix_path.sh'
[7.825s] INFO:colcon.colcon_core.shell:Skip shell extension 'powershell' for command environment: Not usable outside of PowerShell
[7.829s] DEBUG:colcon.colcon_core.shell:Skip shell extension 'dsv' for command environment
[17.492s] INFO:colcon.colcon_core.task.python.build:Building Python package in '/home/jetson/JetAutonomy/ros/src/joystick'
[17.502s] INFO:colcon.colcon_core.shell:Skip shell extension 'powershell' for command environment: Not usable outside of PowerShell
[17.504s] DEBUG:colcon.colcon_core.shell:Skip shell extension 'dsv' for command environment
[17.936s] DEBUG:colcon.colcon_core.event_handler.log_command:Invoking command in '/home/jetson/JetAutonomy/ros/src/joystick': AMENT_PREFIX_PATH=/home/jetson/JetAutonomy/ros/install/jet_autonomy_msgs:${AMENT_PREFIX_PATH} CMAKE_PREFIX_PATH=/home/jetson/JetAutonomy/ros/install/jet_autonomy_msgs:${CMAKE_PREFIX_PATH} LD_LIBRARY_PATH=/home/jetson/JetAutonomy/ros/install/jet_autonomy_msgs/lib:${LD_LIBRARY_PATH} PYTHONPATH=/home/jetson/JetAutonomy/ros/install/joystick/lib/python3.6/site-packages:/home/jetson/JetAutonomy/ros/install/jet_autonomy_msgs/lib/python3.6/site-packages:${PYTHONPATH} /usr/bin/python3 setup.py egg_info --egg-base ../../build/joystick build --build-base /home/jetson/JetAutonomy/ros/build/joystick/build install --prefix /home/jetson/JetAutonomy/ros/install/joystick --record /home/jetson/JetAutonomy/ros/build/joystick/install.log --single-version-externally-managed
[27.402s] DEBUG:colcon.colcon_core.event_handler.log_command:Invoked command in '/home/jetson/JetAutonomy/ros/src/joystick' returned '1': AMENT_PREFIX_PATH=/home/jetson/JetAutonomy/ros/install/jet_autonomy_msgs:${AMENT_PREFIX_PATH} CMAKE_PREFIX_PATH=/home/jetson/JetAutonomy/ros/install/jet_autonomy_msgs:${CMAKE_PREFIX_PATH} LD_LIBRARY_PATH=/home/jetson/JetAutonomy/ros/install/jet_autonomy_msgs/lib:${LD_LIBRARY_PATH} PYTHONPATH=/home/jetson/JetAutonomy/ros/install/joystick/lib/python3.6/site-packages:/home/jetson/JetAutonomy/ros/install/jet_autonomy_msgs/lib/python3.6/site-packages:${PYTHONPATH} /usr/bin/python3 setup.py egg_info --egg-base ../../build/joystick build --build-base /home/jetson/JetAutonomy/ros/build/joystick/build install --prefix /home/jetson/JetAutonomy/ros/install/joystick --record /home/jetson/JetAutonomy/ros/build/joystick/install.log --single-version-externally-managed
[27.409s] DEBUG:colcon.colcon_parallel_executor.executor.parallel:closing loop
[27.410s] DEBUG:colcon.colcon_parallel_executor.executor.parallel:loop closed
[27.414s] DEBUG:colcon.colcon_parallel_executor.executor.parallel:run_until_complete finished with '1'
[27.416s] DEBUG:colcon.colcon_core.event_reactor:joining thread
[27.533s] INFO:colcon.colcon_core.plugin_system:Skipping extension 'colcon_notification.desktop_notification.terminal_notifier': Not used on non-Darwin systems
[27.534s] INFO:colcon.colcon_core.plugin_system:Skipping extension 'colcon_notification.desktop_notification.win32': Not used on non-Windows systems
[27.535s] INFO:colcon.colcon_notification.desktop_notification:Sending desktop notification using 'notify2'
[27.541s] DEBUG:colcon.colcon_notification.desktop_notification.notify2:Failed to initialize notify2: org.freedesktop.DBus.Error.ServiceUnknown: The name org.freedesktop.Notifications was not provided by any .service files
[27.541s] DEBUG:colcon.colcon_core.event_reactor:joined thread
[27.551s] INFO:colcon.colcon_core.shell:Creating prefix script '/home/jetson/JetAutonomy/ros/install/local_setup.ps1'
[27.563s] INFO:colcon.colcon_core.shell:Creating prefix util module '/home/jetson/JetAutonomy/ros/install/_local_setup_util_ps1.py'
[27.584s] INFO:colcon.colcon_core.shell:Creating prefix chain script '/home/jetson/JetAutonomy/ros/install/setup.ps1'
[27.747s] INFO:colcon.colcon_core.shell:Creating prefix script '/home/jetson/JetAutonomy/ros/install/local_setup.sh'
[27.763s] INFO:colcon.colcon_core.shell:Creating prefix util module '/home/jetson/JetAutonomy/ros/install/_local_setup_util_sh.py'
[27.767s] INFO:colcon.colcon_core.shell:Creating prefix chain script '/home/jetson/JetAutonomy/ros/install/setup.sh'
[27.943s] INFO:colcon.colcon_core.shell:Creating prefix script '/home/jetson/JetAutonomy/ros/install/local_setup.bash'
[27.948s] INFO:colcon.colcon_core.shell:Creating prefix chain script '/home/jetson/JetAutonomy/ros/install/setup.bash'
[28.086s] INFO:colcon.colcon_core.shell:Creating prefix script '/home/jetson/JetAutonomy/ros/install/local_setup.zsh'
[28.091s] INFO:colcon.colcon_core.shell:Creating prefix chain script '/home/jetson/JetAutonomy/ros/install/setup.zsh'
