[5.384s] DEBUG:colcon:Command line arguments: ['/usr/bin/colcon', 'build', '--packages-select', 'joystick']
[5.384s] DEBUG:colcon:Parsed command line arguments: Namespace(ament_cmake_args=None, base_paths=['.'], build_base='build', catkin_cmake_args=None, catkin_skip_building_tests=False, cmake_args=None, cmake_clean_cache=False, cmake_clean_first=False, cmake_force_configure=False, cmake_target=None, cmake_target_skip_unavailable=False, continue_on_error=False, event_handlers=None, executor='parallel', ignore_user_meta=False, install_base='install', log_base=None, log_level=None, main=<bound method BuildVerb.main of <colcon_core.verb.build.BuildVerb object at 0x7f9e967c50>>, merge_install=False, metas=['./colcon.meta'], packages_above=None, packages_above_and_dependencies=None, packages_above_depth=None, packages_end=None, packages_ignore=None, packages_ignore_regex=None, packages_select=['joystick'], packages_select_build_failed=False, packages_select_by_dep=None, packages_select_regex=None, packages_select_test_failures=False, packages_skip=None, packages_skip_build_finished=False, packages_skip_by_dep=None, packages_skip_regex=None, packages_skip_test_passed=False, packages_skip_up_to=None, packages_start=None, packages_up_to=None, packages_up_to_regex=None, parallel_workers=2, paths=None, symlink_install=False, test_result_base=None, verb_extension=<colcon_core.verb.build.BuildVerb object at 0x7f9e967c50>, verb_name='build', verb_parser=<colcon_defaults.argument_parser.defaults.DefaultArgumentsDecorator object at 0x7f9e967fd0>)
[5.539s] Level 1:colcon.colcon_core.package_discovery:discover_packages(colcon_meta) check parameters
[5.541s] Level 1:colcon.colcon_core.package_discovery:discover_packages(recursive) check parameters
[5.542s] Level 1:colcon.colcon_core.package_discovery:discover_packages(ignore) check parameters
[5.544s] Level 1:colcon.colcon_core.package_discovery:discover_packages(path) check parameters
[5.545s] Level 1:colcon.colcon_core.package_discovery:discover_packages(colcon_meta) discover
[5.553s] Level 1:colcon.colcon_core.package_discovery:discover_packages(recursive) discover
[5.555s] INFO:colcon.colcon_core.package_discovery:Crawling recursively for packages in '/home/jetson/JetAutonomy/ros'
[5.557s] Level 1:colcon.colcon_core.package_identification:_identify(.) by extensions ['ignore', 'ignore_ament_install']
[5.559s] Level 1:colcon.colcon_core.package_identification:_identify(.) by extension 'ignore'
[5.561s] Level 1:colcon.colcon_core.package_identification:_identify(.) by extension 'ignore_ament_install'
[5.563s] Level 1:colcon.colcon_core.package_identification:_identify(.) by extensions ['colcon_pkg']
[5.564s] Level 1:colcon.colcon_core.package_identification:_identify(.) by extension 'colcon_pkg'
[5.566s] Level 1:colcon.colcon_core.package_identification:_identify(.) by extensions ['colcon_meta']
[5.568s] Level 1:colcon.colcon_core.package_identification:_identify(.) by extension 'colcon_meta'
[5.569s] Level 1:colcon.colcon_core.package_identification:_identify(.) by extensions ['ros']
[5.571s] Level 1:colcon.colcon_core.package_identification:_identify(.) by extension 'ros'
[5.739s] Level 1:colcon.colcon_core.package_identification:_identify(.) by extensions ['cmake', 'python']
[5.740s] Level 1:colcon.colcon_core.package_identification:_identify(.) by extension 'cmake'
[5.740s] Level 1:colcon.colcon_core.package_identification:_identify(.) by extension 'python'
[5.741s] Level 1:colcon.colcon_core.package_identification:_identify(.) by extensions ['python_setup_py']
[5.741s] Level 1:colcon.colcon_core.package_identification:_identify(.) by extension 'python_setup_py'
[5.742s] Level 1:colcon.colcon_core.package_identification:_identify(build) by extensions ['ignore', 'ignore_ament_install']
[5.743s] Level 1:colcon.colcon_core.package_identification:_identify(build) by extension 'ignore'
[5.744s] Level 1:colcon.colcon_core.package_identification:_identify(build) ignored
[5.747s] Level 1:colcon.colcon_core.package_identification:_identify(install) by extensions ['ignore', 'ignore_ament_install']
[5.748s] Level 1:colcon.colcon_core.package_identification:_identify(install) by extension 'ignore'
[5.748s] Level 1:colcon.colcon_core.package_identification:_identify(install) ignored
[5.750s] Level 1:colcon.colcon_core.package_identification:_identify(log) by extensions ['ignore', 'ignore_ament_install']
[5.751s] Level 1:colcon.colcon_core.package_identification:_identify(log) by extension 'ignore'
[5.751s] Level 1:colcon.colcon_core.package_identification:_identify(log) ignored
[5.752s] Level 1:colcon.colcon_core.package_identification:_identify(src) by extensions ['ignore', 'ignore_ament_install']
[5.753s] Level 1:colcon.colcon_core.package_identification:_identify(src) by extension 'ignore'
[5.754s] Level 1:colcon.colcon_core.package_identification:_identify(src) by extension 'ignore_ament_install'
[5.754s] Level 1:colcon.colcon_core.package_identification:_identify(src) by extensions ['colcon_pkg']
[5.755s] Level 1:colcon.colcon_core.package_identification:_identify(src) by extension 'colcon_pkg'
[5.755s] Level 1:colcon.colcon_core.package_identification:_identify(src) by extensions ['colcon_meta']
[5.756s] Level 1:colcon.colcon_core.package_identification:_identify(src) by extension 'colcon_meta'
[5.756s] Level 1:colcon.colcon_core.package_identification:_identify(src) by extensions ['ros']
[5.757s] Level 1:colcon.colcon_core.package_identification:_identify(src) by extension 'ros'
[5.758s] Level 1:colcon.colcon_core.package_identification:_identify(src) by extensions ['cmake', 'python']
[5.758s] Level 1:colcon.colcon_core.package_identification:_identify(src) by extension 'cmake'
[5.759s] Level 1:colcon.colcon_core.package_identification:_identify(src) by extension 'python'
[5.759s] Level 1:colcon.colcon_core.package_identification:_identify(src) by extensions ['python_setup_py']
[5.760s] Level 1:colcon.colcon_core.package_identification:_identify(src) by extension 'python_setup_py'
[5.760s] Level 1:colcon.colcon_core.package_identification:_identify(src/front_cam) by extensions ['ignore', 'ignore_ament_install']
[5.761s] Level 1:colcon.colcon_core.package_identification:_identify(src/front_cam) by extension 'ignore'
[5.762s] Level 1:colcon.colcon_core.package_identification:_identify(src/front_cam) by extension 'ignore_ament_install'
[5.763s] Level 1:colcon.colcon_core.package_identification:_identify(src/front_cam) by extensions ['colcon_pkg']
[5.763s] Level 1:colcon.colcon_core.package_identification:_identify(src/front_cam) by extension 'colcon_pkg'
[5.763s] Level 1:colcon.colcon_core.package_identification:_identify(src/front_cam) by extensions ['colcon_meta']
[5.764s] Level 1:colcon.colcon_core.package_identification:_identify(src/front_cam) by extension 'colcon_meta'
[5.765s] Level 1:colcon.colcon_core.package_identification:_identify(src/front_cam) by extensions ['ros']
[5.765s] Level 1:colcon.colcon_core.package_identification:_identify(src/front_cam) by extension 'ros'
[5.785s] DEBUG:colcon.colcon_core.package_identification:Package 'src/front_cam' with type 'ros.ament_cmake' and name 'front_cam'
[5.787s] Level 1:colcon.colcon_core.package_identification:_identify(src/jet_autonomy_msgs) by extensions ['ignore', 'ignore_ament_install']
[5.788s] Level 1:colcon.colcon_core.package_identification:_identify(src/jet_autonomy_msgs) by extension 'ignore'
[5.789s] Level 1:colcon.colcon_core.package_identification:_identify(src/jet_autonomy_msgs) by extension 'ignore_ament_install'
[5.789s] Level 1:colcon.colcon_core.package_identification:_identify(src/jet_autonomy_msgs) by extensions ['colcon_pkg']
[5.790s] Level 1:colcon.colcon_core.package_identification:_identify(src/jet_autonomy_msgs) by extension 'colcon_pkg'
[5.790s] Level 1:colcon.colcon_core.package_identification:_identify(src/jet_autonomy_msgs) by extensions ['colcon_meta']
[5.791s] Level 1:colcon.colcon_core.package_identification:_identify(src/jet_autonomy_msgs) by extension 'colcon_meta'
[5.791s] Level 1:colcon.colcon_core.package_identification:_identify(src/jet_autonomy_msgs) by extensions ['ros']
[5.792s] Level 1:colcon.colcon_core.package_identification:_identify(src/jet_autonomy_msgs) by extension 'ros'
[5.798s] DEBUG:colcon.colcon_core.package_identification:Package 'src/jet_autonomy_msgs' with type 'ros.ament_cmake' and name 'jet_autonomy_msgs'
[5.799s] Level 1:colcon.colcon_core.package_identification:_identify(src/jet_drive) by extensions ['ignore', 'ignore_ament_install']
[5.800s] Level 1:colcon.colcon_core.package_identification:_identify(src/jet_drive) by extension 'ignore'
[5.800s] Level 1:colcon.colcon_core.package_identification:_identify(src/jet_drive) by extension 'ignore_ament_install'
[5.801s] Level 1:colcon.colcon_core.package_identification:_identify(src/jet_drive) by extensions ['colcon_pkg']
[5.801s] Level 1:colcon.colcon_core.package_identification:_identify(src/jet_drive) by extension 'colcon_pkg'
[5.802s] Level 1:colcon.colcon_core.package_identification:_identify(src/jet_drive) by extensions ['colcon_meta']
[5.802s] Level 1:colcon.colcon_core.package_identification:_identify(src/jet_drive) by extension 'colcon_meta'
[5.803s] Level 1:colcon.colcon_core.package_identification:_identify(src/jet_drive) by extensions ['ros']
[5.803s] Level 1:colcon.colcon_core.package_identification:_identify(src/jet_drive) by extension 'ros'
[5.810s] DEBUG:colcon.colcon_core.package_identification:Package 'src/jet_drive' with type 'ros.catkin' and name 'jet_drive'
[5.811s] Level 1:colcon.colcon_core.package_identification:_identify(src/joystick) by extensions ['ignore', 'ignore_ament_install']
[5.815s] Level 1:colcon.colcon_core.package_identification:_identify(src/joystick) by extension 'ignore'
[5.815s] Level 1:colcon.colcon_core.package_identification:_identify(src/joystick) by extension 'ignore_ament_install'
[5.816s] Level 1:colcon.colcon_core.package_identification:_identify(src/joystick) by extensions ['colcon_pkg']
[5.816s] Level 1:colcon.colcon_core.package_identification:_identify(src/joystick) by extension 'colcon_pkg'
[5.817s] Level 1:colcon.colcon_core.package_identification:_identify(src/joystick) by extensions ['colcon_meta']
[5.817s] Level 1:colcon.colcon_core.package_identification:_identify(src/joystick) by extension 'colcon_meta'
[5.818s] Level 1:colcon.colcon_core.package_identification:_identify(src/joystick) by extensions ['ros']
[5.818s] Level 1:colcon.colcon_core.package_identification:_identify(src/joystick) by extension 'ros'
[5.824s] DEBUG:colcon.colcon_core.package_identification:Package 'src/joystick' with type 'ros.ament_python' and name 'joystick'
[5.825s] Level 1:colcon.colcon_core.package_discovery:discover_packages(recursive) using defaults
[5.827s] Level 1:colcon.colcon_core.package_discovery:discover_packages(ignore) discover
[5.827s] Level 1:colcon.colcon_core.package_discovery:discover_packages(ignore) using defaults
[5.828s] Level 1:colcon.colcon_core.package_discovery:discover_packages(path) discover
[5.828s] Level 1:colcon.colcon_core.package_discovery:discover_packages(path) using defaults
[6.149s] INFO:colcon.colcon_core.package_selection:Skipping not selected package 'front_cam' in 'src/front_cam'
[6.149s] INFO:colcon.colcon_core.package_selection:Skipping not selected package 'jet_autonomy_msgs' in 'src/jet_autonomy_msgs'
[6.150s] INFO:colcon.colcon_core.package_selection:Skipping not selected package 'jet_drive' in 'src/jet_drive'
[6.219s] Level 5:colcon.colcon_core.verb:set package 'joystick' build argument 'cmake_args' from command line to 'None'
[6.220s] Level 5:colcon.colcon_core.verb:set package 'joystick' build argument 'cmake_target' from command line to 'None'
[6.220s] Level 5:colcon.colcon_core.verb:set package 'joystick' build argument 'cmake_target_skip_unavailable' from command line to 'False'
[6.220s] Level 5:colcon.colcon_core.verb:set package 'joystick' build argument 'cmake_clean_cache' from command line to 'False'
[6.221s] Level 5:colcon.colcon_core.verb:set package 'joystick' build argument 'cmake_clean_first' from command line to 'False'
[6.221s] Level 5:colcon.colcon_core.verb:set package 'joystick' build argument 'cmake_force_configure' from command line to 'False'
[6.221s] Level 5:colcon.colcon_core.verb:set package 'joystick' build argument 'ament_cmake_args' from command line to 'None'
[6.222s] Level 5:colcon.colcon_core.verb:set package 'joystick' build argument 'catkin_cmake_args' from command line to 'None'
[6.222s] Level 5:colcon.colcon_core.verb:set package 'joystick' build argument 'catkin_skip_building_tests' from command line to 'False'
[6.223s] DEBUG:colcon.colcon_core.verb:Building package 'joystick' with the following arguments: {'ament_cmake_args': None, 'build_base': '/home/jetson/JetAutonomy/ros/build/joystick', 'catkin_cmake_args': None, 'catkin_skip_building_tests': False, 'cmake_args': None, 'cmake_clean_cache': False, 'cmake_clean_first': False, 'cmake_force_configure': False, 'cmake_target': None, 'cmake_target_skip_unavailable': False, 'install_base': '/home/jetson/JetAutonomy/ros/install/joystick', 'merge_install': False, 'path': '/home/jetson/JetAutonomy/ros/src/joystick', 'symlink_install': False, 'test_result_base': None}
[6.228s] INFO:colcon.colcon_core.executor:Executing jobs using 'parallel' executor
[6.257s] DEBUG:colcon.colcon_parallel_executor.executor.parallel:run_until_complete
[6.259s] INFO:colcon.colcon_ros.task.ament_python.build:Building ROS package in '/home/jetson/JetAutonomy/ros/src/joystick' with build type 'ament_python'
[6.260s] Level 1:colcon.colcon_core.shell:create_environment_hook('joystick', 'ament_prefix_path')
[6.354s] INFO:colcon.colcon_core.plugin_system:Skipping extension 'colcon_core.shell.bat': Not used on non-Windows systems
[6.360s] INFO:colcon.colcon_core.shell:Creating environment hook '/home/jetson/JetAutonomy/ros/install/joystick/share/joystick/hook/ament_prefix_path.ps1'
[6.374s] INFO:colcon.colcon_core.shell:Creating environment descriptor '/home/jetson/JetAutonomy/ros/install/joystick/share/joystick/hook/ament_prefix_path.dsv'
[6.379s] INFO:colcon.colcon_core.shell:Creating environment hook '/home/jetson/JetAutonomy/ros/install/joystick/share/joystick/hook/ament_prefix_path.sh'
[6.397s] INFO:colcon.colcon_core.shell:Skip shell extension 'powershell' for command environment: Not usable outside of PowerShell
[6.400s] DEBUG:colcon.colcon_core.shell:Skip shell extension 'dsv' for command environment
[15.644s] INFO:colcon.colcon_core.task.python.build:Building Python package in '/home/jetson/JetAutonomy/ros/src/joystick'
[15.655s] INFO:colcon.colcon_core.shell:Skip shell extension 'powershell' for command environment: Not usable outside of PowerShell
[15.655s] DEBUG:colcon.colcon_core.shell:Skip shell extension 'dsv' for command environment
[16.105s] DEBUG:colcon.colcon_core.event_handler.log_command:Invoking command in '/home/jetson/JetAutonomy/ros/src/joystick': AMENT_PREFIX_PATH=/home/jetson/JetAutonomy/ros/install/jet_autonomy_msgs:${AMENT_PREFIX_PATH} CMAKE_PREFIX_PATH=/home/jetson/JetAutonomy/ros/install/jet_autonomy_msgs:${CMAKE_PREFIX_PATH} LD_LIBRARY_PATH=/home/jetson/JetAutonomy/ros/install/jet_autonomy_msgs/lib:${LD_LIBRARY_PATH} PYTHONPATH=/home/jetson/JetAutonomy/ros/install/joystick/lib/python3.6/site-packages:/home/jetson/JetAutonomy/ros/install/jet_autonomy_msgs/lib/python3.6/site-packages:${PYTHONPATH} /usr/bin/python3 setup.py egg_info --egg-base ../../build/joystick build --build-base /home/jetson/JetAutonomy/ros/build/joystick/build install --prefix /home/jetson/JetAutonomy/ros/install/joystick --record /home/jetson/JetAutonomy/ros/build/joystick/install.log --single-version-externally-managed
[25.769s] DEBUG:colcon.colcon_core.event_handler.log_command:Invoked command in '/home/jetson/JetAutonomy/ros/src/joystick' returned '1': AMENT_PREFIX_PATH=/home/jetson/JetAutonomy/ros/install/jet_autonomy_msgs:${AMENT_PREFIX_PATH} CMAKE_PREFIX_PATH=/home/jetson/JetAutonomy/ros/install/jet_autonomy_msgs:${CMAKE_PREFIX_PATH} LD_LIBRARY_PATH=/home/jetson/JetAutonomy/ros/install/jet_autonomy_msgs/lib:${LD_LIBRARY_PATH} PYTHONPATH=/home/jetson/JetAutonomy/ros/install/joystick/lib/python3.6/site-packages:/home/jetson/JetAutonomy/ros/install/jet_autonomy_msgs/lib/python3.6/site-packages:${PYTHONPATH} /usr/bin/python3 setup.py egg_info --egg-base ../../build/joystick build --build-base /home/jetson/JetAutonomy/ros/build/joystick/build install --prefix /home/jetson/JetAutonomy/ros/install/joystick --record /home/jetson/JetAutonomy/ros/build/joystick/install.log --single-version-externally-managed
[25.779s] DEBUG:colcon.colcon_parallel_executor.executor.parallel:closing loop
[25.810s] DEBUG:colcon.colcon_parallel_executor.executor.parallel:loop closed
[25.811s] DEBUG:colcon.colcon_parallel_executor.executor.parallel:run_until_complete finished with '1'
[25.811s] DEBUG:colcon.colcon_core.event_reactor:joining thread
[25.955s] INFO:colcon.colcon_core.plugin_system:Skipping extension 'colcon_notification.desktop_notification.terminal_notifier': Not used on non-Darwin systems
[25.960s] INFO:colcon.colcon_core.plugin_system:Skipping extension 'colcon_notification.desktop_notification.win32': Not used on non-Windows systems
[25.960s] INFO:colcon.colcon_notification.desktop_notification:Sending desktop notification using 'notify2'
[25.969s] DEBUG:colcon.colcon_notification.desktop_notification.notify2:Failed to initialize notify2: org.freedesktop.DBus.Error.ServiceUnknown: The name org.freedesktop.Notifications was not provided by any .service files
[25.969s] DEBUG:colcon.colcon_core.event_reactor:joined thread
[25.979s] INFO:colcon.colcon_core.shell:Creating prefix script '/home/jetson/JetAutonomy/ros/install/local_setup.ps1'
[25.989s] INFO:colcon.colcon_core.shell:Creating prefix util module '/home/jetson/JetAutonomy/ros/install/_local_setup_util_ps1.py'
[26.016s] INFO:colcon.colcon_core.shell:Creating prefix chain script '/home/jetson/JetAutonomy/ros/install/setup.ps1'
[26.227s] INFO:colcon.colcon_core.shell:Creating prefix script '/home/jetson/JetAutonomy/ros/install/local_setup.sh'
[26.233s] INFO:colcon.colcon_core.shell:Creating prefix util module '/home/jetson/JetAutonomy/ros/install/_local_setup_util_sh.py'
[26.237s] INFO:colcon.colcon_core.shell:Creating prefix chain script '/home/jetson/JetAutonomy/ros/install/setup.sh'
[26.383s] INFO:colcon.colcon_core.shell:Creating prefix script '/home/jetson/JetAutonomy/ros/install/local_setup.bash'
[26.388s] INFO:colcon.colcon_core.shell:Creating prefix chain script '/home/jetson/JetAutonomy/ros/install/setup.bash'
[26.537s] INFO:colcon.colcon_core.shell:Creating prefix script '/home/jetson/JetAutonomy/ros/install/local_setup.zsh'
[26.543s] INFO:colcon.colcon_core.shell:Creating prefix chain script '/home/jetson/JetAutonomy/ros/install/setup.zsh'
