-- Found ament_cmake: 0.7.6 (/home/jetson/ros2_dashing/install/ament_cmake/share/ament_cmake/cmake)
-- Using PYTHON_EXECUTABLE: /usr/bin/python3
-- Found rclcpp: 0.7.15 (/home/jetson/ros2_dashing/install/rclcpp/share/rclcpp/cmake)
-- Found rosidl_adapter: 0.7.10 (/home/jetson/ros2_dashing/install/rosidl_adapter/share/rosidl_adapter/cmake)
-- Found rmw_implementation_cmake: 0.7.2 (/home/jetson/ros2_dashing/install/rmw_implementation_cmake/share/rmw_implementation_cmake/cmake)
-- Using RMW implementation 'rmw_fastrtps_cpp' as default
-- Found rclcpp_components: 0.7.15 (/home/jetson/ros2_dashing/install/rclcpp_components/share/rclcpp_components/cmake)
-- Found poco_vendor:  (/home/jetson/ros2_dashing/install/poco_vendor/share/poco_vendor/cmake)
-- Found sensor_msgs: 0.7.0 (/home/jetson/ros2_dashing/install/sensor_msgs/share/sensor_msgs/cmake)
-- Found ament_lint_auto: 0.7.12 (/home/jetson/ros2_dashing/install/ament_lint_auto/share/ament_lint_auto/cmake)
-- Configuring done
-- Generating done
-- Build files have been written to: /home/jetson/JetAutonomy/ros/build/front_cam
[100%] Built target front_cam_node
[100%] Built target front_cam_node
[36mInstall the project...[0m
-- Install configuration: ""
-- Up-to-date: /home/jetson/JetAutonomy/ros/install/front_cam/lib/front_cam/front_cam_node
-- Up-to-date: /home/jetson/JetAutonomy/ros/install/front_cam/share/front_cam//launch
-- Installing: /home/jetson/JetAutonomy/ros/install/front_cam/share/front_cam//launch/front_cam_node.launch.py
-- Up-to-date: /home/jetson/JetAutonomy/ros/install/front_cam/share/ament_index/resource_index/package_run_dependencies/front_cam
-- Installing: /home/jetson/JetAutonomy/ros/install/front_cam/share/ament_index/resource_index/parent_prefix_path/front_cam
-- Up-to-date: /home/jetson/JetAutonomy/ros/install/front_cam/share/front_cam/local_setup.bash
-- Up-to-date: /home/jetson/JetAutonomy/ros/install/front_cam/share/front_cam/local_setup.sh
-- Up-to-date: /home/jetson/JetAutonomy/ros/install/front_cam/share/front_cam/local_setup.zsh
-- Up-to-date: /home/jetson/JetAutonomy/ros/install/front_cam/share/ament_index/resource_index/packages/front_cam
-- Up-to-date: /home/jetson/JetAutonomy/ros/install/front_cam/share/front_cam/cmake/front_camConfig.cmake
-- Up-to-date: /home/jetson/JetAutonomy/ros/install/front_cam/share/front_cam/cmake/front_camConfig-version.cmake
-- Up-to-date: /home/jetson/JetAutonomy/ros/install/front_cam/share/front_cam/package.xml
