[5.026s] DEBUG:colcon:Command line arguments: ['/usr/bin/colcon', 'build', '--packages-select', 'front_cam']
[5.026s] DEBUG:colcon:Parsed command line arguments: Namespace(ament_cmake_args=None, base_paths=['.'], build_base='build', catkin_cmake_args=None, catkin_skip_building_tests=False, cmake_args=None, cmake_clean_cache=False, cmake_clean_first=False, cmake_force_configure=False, cmake_target=None, cmake_target_skip_unavailable=False, continue_on_error=False, event_handlers=None, executor='parallel', ignore_user_meta=False, install_base='install', log_base=None, log_level=None, main=<bound method BuildVerb.main of <colcon_core.verb.build.BuildVerb object at 0x7f920ab160>>, merge_install=False, metas=['./colcon.meta'], packages_above=None, packages_above_and_dependencies=None, packages_above_depth=None, packages_end=None, packages_ignore=None, packages_ignore_regex=None, packages_select=['front_cam'], packages_select_build_failed=False, packages_select_by_dep=None, packages_select_regex=None, packages_select_test_failures=False, packages_skip=None, packages_skip_build_finished=False, packages_skip_by_dep=None, packages_skip_regex=None, packages_skip_test_passed=False, packages_skip_up_to=None, packages_start=None, packages_up_to=None, packages_up_to_regex=None, parallel_workers=2, paths=None, symlink_install=False, test_result_base=None, verb_extension=<colcon_core.verb.build.BuildVerb object at 0x7f920ab160>, verb_name='build', verb_parser=<colcon_defaults.argument_parser.defaults.DefaultArgumentsDecorator object at 0x7f920ab4a8>)
[5.150s] Level 1:colcon.colcon_core.package_discovery:discover_packages(colcon_meta) check parameters
[5.151s] Level 1:colcon.colcon_core.package_discovery:discover_packages(recursive) check parameters
[5.151s] Level 1:colcon.colcon_core.package_discovery:discover_packages(ignore) check parameters
[5.151s] Level 1:colcon.colcon_core.package_discovery:discover_packages(path) check parameters
[5.152s] Level 1:colcon.colcon_core.package_discovery:discover_packages(colcon_meta) discover
[5.154s] Level 1:colcon.colcon_core.package_discovery:discover_packages(recursive) discover
[5.155s] INFO:colcon.colcon_core.package_discovery:Crawling recursively for packages in '/home/jetson/JetAutonomy/ros2'
[5.155s] Level 1:colcon.colcon_core.package_identification:_identify(.) by extensions ['ignore', 'ignore_ament_install']
[5.156s] Level 1:colcon.colcon_core.package_identification:_identify(.) by extension 'ignore'
[5.157s] Level 1:colcon.colcon_core.package_identification:_identify(.) by extension 'ignore_ament_install'
[5.157s] Level 1:colcon.colcon_core.package_identification:_identify(.) by extensions ['colcon_pkg']
[5.158s] Level 1:colcon.colcon_core.package_identification:_identify(.) by extension 'colcon_pkg'
[5.158s] Level 1:colcon.colcon_core.package_identification:_identify(.) by extensions ['colcon_meta']
[5.158s] Level 1:colcon.colcon_core.package_identification:_identify(.) by extension 'colcon_meta'
[5.159s] Level 1:colcon.colcon_core.package_identification:_identify(.) by extensions ['ros']
[5.159s] Level 1:colcon.colcon_core.package_identification:_identify(.) by extension 'ros'
[5.336s] Level 1:colcon.colcon_core.package_identification:_identify(.) by extensions ['cmake', 'python']
[5.337s] Level 1:colcon.colcon_core.package_identification:_identify(.) by extension 'cmake'
[5.338s] Level 1:colcon.colcon_core.package_identification:_identify(.) by extension 'python'
[5.338s] Level 1:colcon.colcon_core.package_identification:_identify(.) by extensions ['python_setup_py']
[5.339s] Level 1:colcon.colcon_core.package_identification:_identify(.) by extension 'python_setup_py'
[5.340s] Level 1:colcon.colcon_core.package_identification:_identify(build) by extensions ['ignore', 'ignore_ament_install']
[5.340s] Level 1:colcon.colcon_core.package_identification:_identify(build) by extension 'ignore'
[5.341s] Level 1:colcon.colcon_core.package_identification:_identify(build) ignored
[5.344s] Level 1:colcon.colcon_core.package_identification:_identify(install) by extensions ['ignore', 'ignore_ament_install']
[5.346s] Level 1:colcon.colcon_core.package_identification:_identify(install) by extension 'ignore'
[5.346s] Level 1:colcon.colcon_core.package_identification:_identify(install) ignored
[5.348s] Level 1:colcon.colcon_core.package_identification:_identify(log) by extensions ['ignore', 'ignore_ament_install']
[5.349s] Level 1:colcon.colcon_core.package_identification:_identify(log) by extension 'ignore'
[5.350s] Level 1:colcon.colcon_core.package_identification:_identify(log) ignored
[5.351s] Level 1:colcon.colcon_core.package_identification:_identify(src) by extensions ['ignore', 'ignore_ament_install']
[5.352s] Level 1:colcon.colcon_core.package_identification:_identify(src) by extension 'ignore'
[5.352s] Level 1:colcon.colcon_core.package_identification:_identify(src) by extension 'ignore_ament_install'
[5.353s] Level 1:colcon.colcon_core.package_identification:_identify(src) by extensions ['colcon_pkg']
[5.353s] Level 1:colcon.colcon_core.package_identification:_identify(src) by extension 'colcon_pkg'
[5.354s] Level 1:colcon.colcon_core.package_identification:_identify(src) by extensions ['colcon_meta']
[5.354s] Level 1:colcon.colcon_core.package_identification:_identify(src) by extension 'colcon_meta'
[5.355s] Level 1:colcon.colcon_core.package_identification:_identify(src) by extensions ['ros']
[5.355s] Level 1:colcon.colcon_core.package_identification:_identify(src) by extension 'ros'
[5.356s] Level 1:colcon.colcon_core.package_identification:_identify(src) by extensions ['cmake', 'python']
[5.356s] Level 1:colcon.colcon_core.package_identification:_identify(src) by extension 'cmake'
[5.357s] Level 1:colcon.colcon_core.package_identification:_identify(src) by extension 'python'
[5.357s] Level 1:colcon.colcon_core.package_identification:_identify(src) by extensions ['python_setup_py']
[5.358s] Level 1:colcon.colcon_core.package_identification:_identify(src) by extension 'python_setup_py'
[5.359s] Level 1:colcon.colcon_core.package_identification:_identify(src/front_cam) by extensions ['ignore', 'ignore_ament_install']
[5.359s] Level 1:colcon.colcon_core.package_identification:_identify(src/front_cam) by extension 'ignore'
[5.360s] Level 1:colcon.colcon_core.package_identification:_identify(src/front_cam) by extension 'ignore_ament_install'
[5.360s] Level 1:colcon.colcon_core.package_identification:_identify(src/front_cam) by extensions ['colcon_pkg']
[5.361s] Level 1:colcon.colcon_core.package_identification:_identify(src/front_cam) by extension 'colcon_pkg'
[5.361s] Level 1:colcon.colcon_core.package_identification:_identify(src/front_cam) by extensions ['colcon_meta']
[5.362s] Level 1:colcon.colcon_core.package_identification:_identify(src/front_cam) by extension 'colcon_meta'
[5.362s] Level 1:colcon.colcon_core.package_identification:_identify(src/front_cam) by extensions ['ros']
[5.363s] Level 1:colcon.colcon_core.package_identification:_identify(src/front_cam) by extension 'ros'
[5.383s] DEBUG:colcon.colcon_core.package_identification:Package 'src/front_cam' with type 'ros.ament_cmake' and name 'front_cam'
[5.384s] Level 1:colcon.colcon_core.package_identification:_identify(src/jet_autonomy_msgs) by extensions ['ignore', 'ignore_ament_install']
[5.385s] Level 1:colcon.colcon_core.package_identification:_identify(src/jet_autonomy_msgs) by extension 'ignore'
[5.386s] Level 1:colcon.colcon_core.package_identification:_identify(src/jet_autonomy_msgs) by extension 'ignore_ament_install'
[5.393s] Level 1:colcon.colcon_core.package_identification:_identify(src/jet_autonomy_msgs) by extensions ['colcon_pkg']
[5.394s] Level 1:colcon.colcon_core.package_identification:_identify(src/jet_autonomy_msgs) by extension 'colcon_pkg'
[5.395s] Level 1:colcon.colcon_core.package_identification:_identify(src/jet_autonomy_msgs) by extensions ['colcon_meta']
[5.395s] Level 1:colcon.colcon_core.package_identification:_identify(src/jet_autonomy_msgs) by extension 'colcon_meta'
[5.396s] Level 1:colcon.colcon_core.package_identification:_identify(src/jet_autonomy_msgs) by extensions ['ros']
[5.396s] Level 1:colcon.colcon_core.package_identification:_identify(src/jet_autonomy_msgs) by extension 'ros'
[5.404s] DEBUG:colcon.colcon_core.package_identification:Package 'src/jet_autonomy_msgs' with type 'ros.ament_cmake' and name 'jet_autonomy_msgs'
[5.406s] Level 1:colcon.colcon_core.package_identification:_identify(src/jet_drive) by extensions ['ignore', 'ignore_ament_install']
[5.407s] Level 1:colcon.colcon_core.package_identification:_identify(src/jet_drive) by extension 'ignore'
[5.407s] Level 1:colcon.colcon_core.package_identification:_identify(src/jet_drive) by extension 'ignore_ament_install'
[5.408s] Level 1:colcon.colcon_core.package_identification:_identify(src/jet_drive) by extensions ['colcon_pkg']
[5.408s] Level 1:colcon.colcon_core.package_identification:_identify(src/jet_drive) by extension 'colcon_pkg'
[5.409s] Level 1:colcon.colcon_core.package_identification:_identify(src/jet_drive) by extensions ['colcon_meta']
[5.409s] Level 1:colcon.colcon_core.package_identification:_identify(src/jet_drive) by extension 'colcon_meta'
[5.410s] Level 1:colcon.colcon_core.package_identification:_identify(src/jet_drive) by extensions ['ros']
[5.410s] Level 1:colcon.colcon_core.package_identification:_identify(src/jet_drive) by extension 'ros'
[5.417s] DEBUG:colcon.colcon_core.package_identification:Package 'src/jet_drive' with type 'ros.ament_python' and name 'jet_drive'
[5.418s] Level 1:colcon.colcon_core.package_identification:_identify(src/jet_drive_moderator) by extensions ['ignore', 'ignore_ament_install']
[5.419s] Level 1:colcon.colcon_core.package_identification:_identify(src/jet_drive_moderator) by extension 'ignore'
[5.419s] Level 1:colcon.colcon_core.package_identification:_identify(src/jet_drive_moderator) by extension 'ignore_ament_install'
[5.421s] Level 1:colcon.colcon_core.package_identification:_identify(src/jet_drive_moderator) by extensions ['colcon_pkg']
[5.422s] Level 1:colcon.colcon_core.package_identification:_identify(src/jet_drive_moderator) by extension 'colcon_pkg'
[5.423s] Level 1:colcon.colcon_core.package_identification:_identify(src/jet_drive_moderator) by extensions ['colcon_meta']
[5.423s] Level 1:colcon.colcon_core.package_identification:_identify(src/jet_drive_moderator) by extension 'colcon_meta'
[5.424s] Level 1:colcon.colcon_core.package_identification:_identify(src/jet_drive_moderator) by extensions ['ros']
[5.424s] Level 1:colcon.colcon_core.package_identification:_identify(src/jet_drive_moderator) by extension 'ros'
[5.432s] DEBUG:colcon.colcon_core.package_identification:Package 'src/jet_drive_moderator' with type 'ros.ament_cmake' and name 'jet_drive_moderator'
[5.433s] Level 1:colcon.colcon_core.package_identification:_identify(src/joystick) by extensions ['ignore', 'ignore_ament_install']
[5.436s] Level 1:colcon.colcon_core.package_identification:_identify(src/joystick) by extension 'ignore'
[5.436s] Level 1:colcon.colcon_core.package_identification:_identify(src/joystick) by extension 'ignore_ament_install'
[5.437s] Level 1:colcon.colcon_core.package_identification:_identify(src/joystick) by extensions ['colcon_pkg']
[5.437s] Level 1:colcon.colcon_core.package_identification:_identify(src/joystick) by extension 'colcon_pkg'
[5.438s] Level 1:colcon.colcon_core.package_identification:_identify(src/joystick) by extensions ['colcon_meta']
[5.438s] Level 1:colcon.colcon_core.package_identification:_identify(src/joystick) by extension 'colcon_meta'
[5.439s] Level 1:colcon.colcon_core.package_identification:_identify(src/joystick) by extensions ['ros']
[5.440s] Level 1:colcon.colcon_core.package_identification:_identify(src/joystick) by extension 'ros'
[5.447s] DEBUG:colcon.colcon_core.package_identification:Package 'src/joystick' with type 'ros.ament_python' and name 'joystick'
[5.449s] Level 1:colcon.colcon_core.package_identification:_identify(src/rplidar) by extensions ['ignore', 'ignore_ament_install']
[5.453s] Level 1:colcon.colcon_core.package_identification:_identify(src/rplidar) by extension 'ignore'
[5.454s] Level 1:colcon.colcon_core.package_identification:_identify(src/rplidar) by extension 'ignore_ament_install'
[5.454s] Level 1:colcon.colcon_core.package_identification:_identify(src/rplidar) by extensions ['colcon_pkg']
[5.455s] Level 1:colcon.colcon_core.package_identification:_identify(src/rplidar) by extension 'colcon_pkg'
[5.456s] Level 1:colcon.colcon_core.package_identification:_identify(src/rplidar) by extensions ['colcon_meta']
[5.456s] Level 1:colcon.colcon_core.package_identification:_identify(src/rplidar) by extension 'colcon_meta'
[5.457s] Level 1:colcon.colcon_core.package_identification:_identify(src/rplidar) by extensions ['ros']
[5.458s] Level 1:colcon.colcon_core.package_identification:_identify(src/rplidar) by extension 'ros'
[5.463s] DEBUG:colcon.colcon_core.package_identification:Package 'src/rplidar' with type 'ros.ament_cmake' and name 'rplidar_ros'
[5.464s] Level 1:colcon.colcon_core.package_discovery:discover_packages(recursive) using defaults
[5.466s] Level 1:colcon.colcon_core.package_discovery:discover_packages(ignore) discover
[5.467s] Level 1:colcon.colcon_core.package_discovery:discover_packages(ignore) using defaults
[5.467s] Level 1:colcon.colcon_core.package_discovery:discover_packages(path) discover
[5.468s] Level 1:colcon.colcon_core.package_discovery:discover_packages(path) using defaults
[5.763s] INFO:colcon.colcon_core.package_selection:Skipping not selected package 'jet_autonomy_msgs' in 'src/jet_autonomy_msgs'
[5.764s] INFO:colcon.colcon_core.package_selection:Skipping not selected package 'rplidar_ros' in 'src/rplidar'
[5.764s] INFO:colcon.colcon_core.package_selection:Skipping not selected package 'jet_drive' in 'src/jet_drive'
[5.765s] INFO:colcon.colcon_core.package_selection:Skipping not selected package 'jet_drive_moderator' in 'src/jet_drive_moderator'
[5.765s] INFO:colcon.colcon_core.package_selection:Skipping not selected package 'joystick' in 'src/joystick'
[5.817s] Level 5:colcon.colcon_core.verb:set package 'front_cam' build argument 'cmake_args' from command line to 'None'
[5.817s] Level 5:colcon.colcon_core.verb:set package 'front_cam' build argument 'cmake_target' from command line to 'None'
[5.818s] Level 5:colcon.colcon_core.verb:set package 'front_cam' build argument 'cmake_target_skip_unavailable' from command line to 'False'
[5.818s] Level 5:colcon.colcon_core.verb:set package 'front_cam' build argument 'cmake_clean_cache' from command line to 'False'
[5.819s] Level 5:colcon.colcon_core.verb:set package 'front_cam' build argument 'cmake_clean_first' from command line to 'False'
[5.819s] Level 5:colcon.colcon_core.verb:set package 'front_cam' build argument 'cmake_force_configure' from command line to 'False'
[5.819s] Level 5:colcon.colcon_core.verb:set package 'front_cam' build argument 'ament_cmake_args' from command line to 'None'
[5.820s] Level 5:colcon.colcon_core.verb:set package 'front_cam' build argument 'catkin_cmake_args' from command line to 'None'
[5.820s] Level 5:colcon.colcon_core.verb:set package 'front_cam' build argument 'catkin_skip_building_tests' from command line to 'False'
[5.820s] DEBUG:colcon.colcon_core.verb:Building package 'front_cam' with the following arguments: {'ament_cmake_args': None, 'build_base': '/home/jetson/JetAutonomy/ros2/build/front_cam', 'catkin_cmake_args': None, 'catkin_skip_building_tests': False, 'cmake_args': None, 'cmake_clean_cache': False, 'cmake_clean_first': False, 'cmake_force_configure': False, 'cmake_target': None, 'cmake_target_skip_unavailable': False, 'install_base': '/home/jetson/JetAutonomy/ros2/install/front_cam', 'merge_install': False, 'path': '/home/jetson/JetAutonomy/ros2/src/front_cam', 'symlink_install': False, 'test_result_base': None}
[5.825s] INFO:colcon.colcon_core.executor:Executing jobs using 'parallel' executor
[5.849s] DEBUG:colcon.colcon_parallel_executor.executor.parallel:run_until_complete
[5.851s] INFO:colcon.colcon_ros.task.ament_cmake.build:Building ROS package in '/home/jetson/JetAutonomy/ros2/src/front_cam' with build type 'ament_cmake'
[5.851s] INFO:colcon.colcon_cmake.task.cmake.build:Building CMake package in '/home/jetson/JetAutonomy/ros2/src/front_cam'
[5.924s] INFO:colcon.colcon_core.plugin_system:Skipping extension 'colcon_core.shell.bat': Not used on non-Windows systems
[5.926s] INFO:colcon.colcon_core.shell:Skip shell extension 'powershell' for command environment: Not usable outside of PowerShell
[5.927s] DEBUG:colcon.colcon_core.shell:Skip shell extension 'dsv' for command environment
[6.231s] DEBUG:colcon.colcon_core.event_handler.log_command:Invoking command in '/home/jetson/JetAutonomy/ros2/build/front_cam': CMAKE_PREFIX_PATH=${CMAKE_PREFIX_PATH}:/home/jetson/JetAutonomy/ros2/install/joystick:/home/jetson/JetAutonomy/ros2/install/jet_drive:/home/jetson/ros2_dashing/install/ros2bag:/home/jetson/ros2_dashing/install/topic_monitor:/home/jetson/ros2_dashing/install/sros2:/home/jetson/ros2_dashing/install/rqt_topic:/home/jetson/ros2_dashing/install/rqt_top:/home/jetson/ros2_dashing/install/rqt_srv:/home/jetson/ros2_dashing/install/rqt_shell:/home/jetson/ros2_dashing/install/rqt_service_caller:/home/jetson/ros2_dashing/install/rqt_py_console:/home/jetson/ros2_dashing/install/rqt_action:/home/jetson/ros2_dashing/install/rqt:/home/jetson/ros2_dashing/install/rqt_graph:/home/jetson/ros2_dashing/install/rqt_gui_py:/home/jetson/ros2_dashing/install/rqt_gui:/home/jetson/ros2_dashing/install/ros2topic:/home/jetson/ros2_dashing/install/ros2test:/home/jetson/ros2_dashing/install/ros2component:/home/jetson/ros2_dashing/install/ros2param:/home/jetson/ros2_dashing/install/ros2lifecycle:/home/jetson/ros2_dashing/install/ros2service:/home/jetson/ros2_dashing/install/ros2srv:/home/jetson/ros2_dashing/install/ros2run:/home/jetson/ros2_dashing/install/ros2launch:/home/jetson/ros2_dashing/install/ros2pkg:/home/jetson/ros2_dashing/install/ros2node:/home/jetson/ros2_dashing/install/ros2multicast:/home/jetson/ros2_dashing/install/ros2msg:/home/jetson/ros2_dashing/install/ros2action:/home/jetson/ros2_dashing/install/ros2cli:/home/jetson/ros2_dashing/install/quality_of_service_demo_py:/home/jetson/ros2_dashing/install/launch_testing_ros:/home/jetson/ros2_dashing/install/launch_ros:/home/jetson/ros2_dashing/install/examples_rclpy_minimal_subscriber:/home/jetson/ros2_dashing/install/examples_rclpy_minimal_service:/home/jetson/ros2_dashing/install/examples_rclpy_minimal_publisher:/home/jetson/ros2_dashing/install/examples_rclpy_minimal_client:/home/jetson/ros2_dashing/install/examples_rclpy_minimal_action_server:/home/jetson/ros2_dashing/install/examples_rclpy_minimal_action_client:/home/jetson/ros2_dashing/install/examples_rclpy_executors:/home/jetson/ros2_dashing/install/demo_nodes_py:/home/jetson/ros2_dashing/install/ament_uncrustify:/home/jetson/ros2_dashing/install/test_launch_ros:/home/jetson/ros2_dashing/install/rosidl_runtime_py:/home/jetson/ros2_dashing/install/launch_testing:/home/jetson/ros2_dashing/install/launch:/home/jetson/ros2_dashing/install/osrf_pycommon:/home/jetson/ros2_dashing/install/ament_xmllint:/home/jetson/ros2_dashing/install/ament_pyflakes:/home/jetson/ros2_dashing/install/ament_pep8:/home/jetson/ros2_dashing/install/ament_pep257:/home/jetson/ros2_dashing/install/ament_pclint:/home/jetson/ros2_dashing/install/ament_package:/home/jetson/ros2_dashing/install/ament_lint_cmake:/home/jetson/ros2_dashing/install/ament_flake8:/home/jetson/ros2_dashing/install/ament_copyright:/home/jetson/ros2_dashing/install/ament_lint:/home/jetson/ros2_dashing/install/ament_index_python:/home/jetson/ros2_dashing/install/ament_cpplint:/home/jetson/ros2_dashing/install/ament_cppcheck:/home/jetson/ros2_dashing/install/ament_clang_tidy:/home/jetson/ros2_dashing/install/ament_clang_format /usr/bin/cmake --build /home/jetson/JetAutonomy/ros2/build/front_cam -- -j2 -l2
[31.711s] DEBUG:colcon.colcon_core.event_handler.log_command:Invoked command in '/home/jetson/JetAutonomy/ros2/build/front_cam' returned '0': CMAKE_PREFIX_PATH=${CMAKE_PREFIX_PATH}:/home/jetson/JetAutonomy/ros2/install/joystick:/home/jetson/JetAutonomy/ros2/install/jet_drive:/home/jetson/ros2_dashing/install/ros2bag:/home/jetson/ros2_dashing/install/topic_monitor:/home/jetson/ros2_dashing/install/sros2:/home/jetson/ros2_dashing/install/rqt_topic:/home/jetson/ros2_dashing/install/rqt_top:/home/jetson/ros2_dashing/install/rqt_srv:/home/jetson/ros2_dashing/install/rqt_shell:/home/jetson/ros2_dashing/install/rqt_service_caller:/home/jetson/ros2_dashing/install/rqt_py_console:/home/jetson/ros2_dashing/install/rqt_action:/home/jetson/ros2_dashing/install/rqt:/home/jetson/ros2_dashing/install/rqt_graph:/home/jetson/ros2_dashing/install/rqt_gui_py:/home/jetson/ros2_dashing/install/rqt_gui:/home/jetson/ros2_dashing/install/ros2topic:/home/jetson/ros2_dashing/install/ros2test:/home/jetson/ros2_dashing/install/ros2component:/home/jetson/ros2_dashing/install/ros2param:/home/jetson/ros2_dashing/install/ros2lifecycle:/home/jetson/ros2_dashing/install/ros2service:/home/jetson/ros2_dashing/install/ros2srv:/home/jetson/ros2_dashing/install/ros2run:/home/jetson/ros2_dashing/install/ros2launch:/home/jetson/ros2_dashing/install/ros2pkg:/home/jetson/ros2_dashing/install/ros2node:/home/jetson/ros2_dashing/install/ros2multicast:/home/jetson/ros2_dashing/install/ros2msg:/home/jetson/ros2_dashing/install/ros2action:/home/jetson/ros2_dashing/install/ros2cli:/home/jetson/ros2_dashing/install/quality_of_service_demo_py:/home/jetson/ros2_dashing/install/launch_testing_ros:/home/jetson/ros2_dashing/install/launch_ros:/home/jetson/ros2_dashing/install/examples_rclpy_minimal_subscriber:/home/jetson/ros2_dashing/install/examples_rclpy_minimal_service:/home/jetson/ros2_dashing/install/examples_rclpy_minimal_publisher:/home/jetson/ros2_dashing/install/examples_rclpy_minimal_client:/home/jetson/ros2_dashing/install/examples_rclpy_minimal_action_server:/home/jetson/ros2_dashing/install/examples_rclpy_minimal_action_client:/home/jetson/ros2_dashing/install/examples_rclpy_executors:/home/jetson/ros2_dashing/install/demo_nodes_py:/home/jetson/ros2_dashing/install/ament_uncrustify:/home/jetson/ros2_dashing/install/test_launch_ros:/home/jetson/ros2_dashing/install/rosidl_runtime_py:/home/jetson/ros2_dashing/install/launch_testing:/home/jetson/ros2_dashing/install/launch:/home/jetson/ros2_dashing/install/osrf_pycommon:/home/jetson/ros2_dashing/install/ament_xmllint:/home/jetson/ros2_dashing/install/ament_pyflakes:/home/jetson/ros2_dashing/install/ament_pep8:/home/jetson/ros2_dashing/install/ament_pep257:/home/jetson/ros2_dashing/install/ament_pclint:/home/jetson/ros2_dashing/install/ament_package:/home/jetson/ros2_dashing/install/ament_lint_cmake:/home/jetson/ros2_dashing/install/ament_flake8:/home/jetson/ros2_dashing/install/ament_copyright:/home/jetson/ros2_dashing/install/ament_lint:/home/jetson/ros2_dashing/install/ament_index_python:/home/jetson/ros2_dashing/install/ament_cpplint:/home/jetson/ros2_dashing/install/ament_cppcheck:/home/jetson/ros2_dashing/install/ament_clang_tidy:/home/jetson/ros2_dashing/install/ament_clang_format /usr/bin/cmake --build /home/jetson/JetAutonomy/ros2/build/front_cam -- -j2 -l2
[32.264s] DEBUG:colcon.colcon_core.event_handler.log_command:Invoking command in '/home/jetson/JetAutonomy/ros2/build/front_cam': CMAKE_PREFIX_PATH=${CMAKE_PREFIX_PATH}:/home/jetson/JetAutonomy/ros2/install/joystick:/home/jetson/JetAutonomy/ros2/install/jet_drive:/home/jetson/ros2_dashing/install/ros2bag:/home/jetson/ros2_dashing/install/topic_monitor:/home/jetson/ros2_dashing/install/sros2:/home/jetson/ros2_dashing/install/rqt_topic:/home/jetson/ros2_dashing/install/rqt_top:/home/jetson/ros2_dashing/install/rqt_srv:/home/jetson/ros2_dashing/install/rqt_shell:/home/jetson/ros2_dashing/install/rqt_service_caller:/home/jetson/ros2_dashing/install/rqt_py_console:/home/jetson/ros2_dashing/install/rqt_action:/home/jetson/ros2_dashing/install/rqt:/home/jetson/ros2_dashing/install/rqt_graph:/home/jetson/ros2_dashing/install/rqt_gui_py:/home/jetson/ros2_dashing/install/rqt_gui:/home/jetson/ros2_dashing/install/ros2topic:/home/jetson/ros2_dashing/install/ros2test:/home/jetson/ros2_dashing/install/ros2component:/home/jetson/ros2_dashing/install/ros2param:/home/jetson/ros2_dashing/install/ros2lifecycle:/home/jetson/ros2_dashing/install/ros2service:/home/jetson/ros2_dashing/install/ros2srv:/home/jetson/ros2_dashing/install/ros2run:/home/jetson/ros2_dashing/install/ros2launch:/home/jetson/ros2_dashing/install/ros2pkg:/home/jetson/ros2_dashing/install/ros2node:/home/jetson/ros2_dashing/install/ros2multicast:/home/jetson/ros2_dashing/install/ros2msg:/home/jetson/ros2_dashing/install/ros2action:/home/jetson/ros2_dashing/install/ros2cli:/home/jetson/ros2_dashing/install/quality_of_service_demo_py:/home/jetson/ros2_dashing/install/launch_testing_ros:/home/jetson/ros2_dashing/install/launch_ros:/home/jetson/ros2_dashing/install/examples_rclpy_minimal_subscriber:/home/jetson/ros2_dashing/install/examples_rclpy_minimal_service:/home/jetson/ros2_dashing/install/examples_rclpy_minimal_publisher:/home/jetson/ros2_dashing/install/examples_rclpy_minimal_client:/home/jetson/ros2_dashing/install/examples_rclpy_minimal_action_server:/home/jetson/ros2_dashing/install/examples_rclpy_minimal_action_client:/home/jetson/ros2_dashing/install/examples_rclpy_executors:/home/jetson/ros2_dashing/install/demo_nodes_py:/home/jetson/ros2_dashing/install/ament_uncrustify:/home/jetson/ros2_dashing/install/test_launch_ros:/home/jetson/ros2_dashing/install/rosidl_runtime_py:/home/jetson/ros2_dashing/install/launch_testing:/home/jetson/ros2_dashing/install/launch:/home/jetson/ros2_dashing/install/osrf_pycommon:/home/jetson/ros2_dashing/install/ament_xmllint:/home/jetson/ros2_dashing/install/ament_pyflakes:/home/jetson/ros2_dashing/install/ament_pep8:/home/jetson/ros2_dashing/install/ament_pep257:/home/jetson/ros2_dashing/install/ament_pclint:/home/jetson/ros2_dashing/install/ament_package:/home/jetson/ros2_dashing/install/ament_lint_cmake:/home/jetson/ros2_dashing/install/ament_flake8:/home/jetson/ros2_dashing/install/ament_copyright:/home/jetson/ros2_dashing/install/ament_lint:/home/jetson/ros2_dashing/install/ament_index_python:/home/jetson/ros2_dashing/install/ament_cpplint:/home/jetson/ros2_dashing/install/ament_cppcheck:/home/jetson/ros2_dashing/install/ament_clang_tidy:/home/jetson/ros2_dashing/install/ament_clang_format /usr/bin/cmake --build /home/jetson/JetAutonomy/ros2/build/front_cam --target install -- -j2 -l2
[33.535s] Level 1:colcon.colcon_core.environment:create_environment_scripts_only(front_cam)
[33.543s] DEBUG:colcon.colcon_core.event_handler.log_command:Invoked command in '/home/jetson/JetAutonomy/ros2/build/front_cam' returned '0': CMAKE_PREFIX_PATH=${CMAKE_PREFIX_PATH}:/home/jetson/JetAutonomy/ros2/install/joystick:/home/jetson/JetAutonomy/ros2/install/jet_drive:/home/jetson/ros2_dashing/install/ros2bag:/home/jetson/ros2_dashing/install/topic_monitor:/home/jetson/ros2_dashing/install/sros2:/home/jetson/ros2_dashing/install/rqt_topic:/home/jetson/ros2_dashing/install/rqt_top:/home/jetson/ros2_dashing/install/rqt_srv:/home/jetson/ros2_dashing/install/rqt_shell:/home/jetson/ros2_dashing/install/rqt_service_caller:/home/jetson/ros2_dashing/install/rqt_py_console:/home/jetson/ros2_dashing/install/rqt_action:/home/jetson/ros2_dashing/install/rqt:/home/jetson/ros2_dashing/install/rqt_graph:/home/jetson/ros2_dashing/install/rqt_gui_py:/home/jetson/ros2_dashing/install/rqt_gui:/home/jetson/ros2_dashing/install/ros2topic:/home/jetson/ros2_dashing/install/ros2test:/home/jetson/ros2_dashing/install/ros2component:/home/jetson/ros2_dashing/install/ros2param:/home/jetson/ros2_dashing/install/ros2lifecycle:/home/jetson/ros2_dashing/install/ros2service:/home/jetson/ros2_dashing/install/ros2srv:/home/jetson/ros2_dashing/install/ros2run:/home/jetson/ros2_dashing/install/ros2launch:/home/jetson/ros2_dashing/install/ros2pkg:/home/jetson/ros2_dashing/install/ros2node:/home/jetson/ros2_dashing/install/ros2multicast:/home/jetson/ros2_dashing/install/ros2msg:/home/jetson/ros2_dashing/install/ros2action:/home/jetson/ros2_dashing/install/ros2cli:/home/jetson/ros2_dashing/install/quality_of_service_demo_py:/home/jetson/ros2_dashing/install/launch_testing_ros:/home/jetson/ros2_dashing/install/launch_ros:/home/jetson/ros2_dashing/install/examples_rclpy_minimal_subscriber:/home/jetson/ros2_dashing/install/examples_rclpy_minimal_service:/home/jetson/ros2_dashing/install/examples_rclpy_minimal_publisher:/home/jetson/ros2_dashing/install/examples_rclpy_minimal_client:/home/jetson/ros2_dashing/install/examples_rclpy_minimal_action_server:/home/jetson/ros2_dashing/install/examples_rclpy_minimal_action_client:/home/jetson/ros2_dashing/install/examples_rclpy_executors:/home/jetson/ros2_dashing/install/demo_nodes_py:/home/jetson/ros2_dashing/install/ament_uncrustify:/home/jetson/ros2_dashing/install/test_launch_ros:/home/jetson/ros2_dashing/install/rosidl_runtime_py:/home/jetson/ros2_dashing/install/launch_testing:/home/jetson/ros2_dashing/install/launch:/home/jetson/ros2_dashing/install/osrf_pycommon:/home/jetson/ros2_dashing/install/ament_xmllint:/home/jetson/ros2_dashing/install/ament_pyflakes:/home/jetson/ros2_dashing/install/ament_pep8:/home/jetson/ros2_dashing/install/ament_pep257:/home/jetson/ros2_dashing/install/ament_pclint:/home/jetson/ros2_dashing/install/ament_package:/home/jetson/ros2_dashing/install/ament_lint_cmake:/home/jetson/ros2_dashing/install/ament_flake8:/home/jetson/ros2_dashing/install/ament_copyright:/home/jetson/ros2_dashing/install/ament_lint:/home/jetson/ros2_dashing/install/ament_index_python:/home/jetson/ros2_dashing/install/ament_cpplint:/home/jetson/ros2_dashing/install/ament_cppcheck:/home/jetson/ros2_dashing/install/ament_clang_tidy:/home/jetson/ros2_dashing/install/ament_clang_format /usr/bin/cmake --build /home/jetson/JetAutonomy/ros2/build/front_cam --target install -- -j2 -l2
[33.609s] Level 1:colcon.colcon_core.environment:checking '/home/jetson/JetAutonomy/ros2/install/front_cam' for CMake module files
[33.614s] Level 1:colcon.colcon_core.environment:checking '/home/jetson/JetAutonomy/ros2/install/front_cam' for CMake config files
[33.617s] Level 1:colcon.colcon_core.shell:create_environment_hook('front_cam', 'cmake_prefix_path')
[33.625s] INFO:colcon.colcon_core.shell:Creating environment hook '/home/jetson/JetAutonomy/ros2/install/front_cam/share/front_cam/hook/cmake_prefix_path.ps1'
[33.632s] INFO:colcon.colcon_core.shell:Creating environment descriptor '/home/jetson/JetAutonomy/ros2/install/front_cam/share/front_cam/hook/cmake_prefix_path.dsv'
[33.636s] INFO:colcon.colcon_core.shell:Creating environment hook '/home/jetson/JetAutonomy/ros2/install/front_cam/share/front_cam/hook/cmake_prefix_path.sh'
[33.645s] Level 1:colcon.colcon_core.environment:checking '/home/jetson/JetAutonomy/ros2/install/front_cam/lib'
[33.647s] Level 1:colcon.colcon_core.environment:checking '/home/jetson/JetAutonomy/ros2/install/front_cam/bin'
[33.647s] Level 1:colcon.colcon_core.environment:checking '/home/jetson/JetAutonomy/ros2/install/front_cam/lib/pkgconfig/front_cam.pc'
[33.648s] Level 1:colcon.colcon_core.environment:checking '/home/jetson/JetAutonomy/ros2/install/front_cam/lib/python3.6/site-packages'
[33.656s] INFO:colcon.colcon_core.shell:Creating package script '/home/jetson/JetAutonomy/ros2/install/front_cam/share/front_cam/package.ps1'
[33.664s] INFO:colcon.colcon_core.shell:Creating package descriptor '/home/jetson/JetAutonomy/ros2/install/front_cam/share/front_cam/package.dsv'
[33.668s] INFO:colcon.colcon_core.shell:Creating package script '/home/jetson/JetAutonomy/ros2/install/front_cam/share/front_cam/package.sh'
[33.675s] INFO:colcon.colcon_core.shell:Creating package script '/home/jetson/JetAutonomy/ros2/install/front_cam/share/front_cam/package.bash'
[33.683s] INFO:colcon.colcon_core.shell:Creating package script '/home/jetson/JetAutonomy/ros2/install/front_cam/share/front_cam/package.zsh'
[33.690s] Level 1:colcon.colcon_core.environment:create_file_with_runtime_dependencies(/home/jetson/JetAutonomy/ros2/install/front_cam/share/colcon-core/packages/front_cam)
[34.156s] Level 1:colcon.colcon_core.environment:create_environment_scripts_only(front_cam)
[34.169s] Level 1:colcon.colcon_core.environment:checking '/home/jetson/JetAutonomy/ros2/install/front_cam' for CMake module files
[34.175s] Level 1:colcon.colcon_core.environment:checking '/home/jetson/JetAutonomy/ros2/install/front_cam' for CMake config files
[34.179s] Level 1:colcon.colcon_core.shell:create_environment_hook('front_cam', 'cmake_prefix_path')
[34.189s] INFO:colcon.colcon_core.shell:Creating environment hook '/home/jetson/JetAutonomy/ros2/install/front_cam/share/front_cam/hook/cmake_prefix_path.ps1'
[34.192s] INFO:colcon.colcon_core.shell:Creating environment descriptor '/home/jetson/JetAutonomy/ros2/install/front_cam/share/front_cam/hook/cmake_prefix_path.dsv'
[34.195s] INFO:colcon.colcon_core.shell:Creating environment hook '/home/jetson/JetAutonomy/ros2/install/front_cam/share/front_cam/hook/cmake_prefix_path.sh'
[34.200s] Level 1:colcon.colcon_core.environment:checking '/home/jetson/JetAutonomy/ros2/install/front_cam/lib'
[34.201s] Level 1:colcon.colcon_core.environment:checking '/home/jetson/JetAutonomy/ros2/install/front_cam/bin'
[34.202s] Level 1:colcon.colcon_core.environment:checking '/home/jetson/JetAutonomy/ros2/install/front_cam/lib/pkgconfig/front_cam.pc'
[34.202s] Level 1:colcon.colcon_core.environment:checking '/home/jetson/JetAutonomy/ros2/install/front_cam/lib/python3.6/site-packages'
[34.211s] INFO:colcon.colcon_core.shell:Creating package script '/home/jetson/JetAutonomy/ros2/install/front_cam/share/front_cam/package.ps1'
[34.215s] INFO:colcon.colcon_core.shell:Creating package descriptor '/home/jetson/JetAutonomy/ros2/install/front_cam/share/front_cam/package.dsv'
[34.218s] INFO:colcon.colcon_core.shell:Creating package script '/home/jetson/JetAutonomy/ros2/install/front_cam/share/front_cam/package.sh'
[34.222s] INFO:colcon.colcon_core.shell:Creating package script '/home/jetson/JetAutonomy/ros2/install/front_cam/share/front_cam/package.bash'
[34.225s] INFO:colcon.colcon_core.shell:Creating package script '/home/jetson/JetAutonomy/ros2/install/front_cam/share/front_cam/package.zsh'
[34.228s] Level 1:colcon.colcon_core.environment:create_file_with_runtime_dependencies(/home/jetson/JetAutonomy/ros2/install/front_cam/share/colcon-core/packages/front_cam)
[34.232s] DEBUG:colcon.colcon_parallel_executor.executor.parallel:closing loop
[34.236s] DEBUG:colcon.colcon_parallel_executor.executor.parallel:loop closed
[34.236s] DEBUG:colcon.colcon_parallel_executor.executor.parallel:run_until_complete finished with '0'
[34.237s] DEBUG:colcon.colcon_core.event_reactor:joining thread
[34.350s] INFO:colcon.colcon_core.plugin_system:Skipping extension 'colcon_notification.desktop_notification.terminal_notifier': Not used on non-Darwin systems
[34.351s] INFO:colcon.colcon_core.plugin_system:Skipping extension 'colcon_notification.desktop_notification.win32': Not used on non-Windows systems
[34.351s] INFO:colcon.colcon_notification.desktop_notification:Sending desktop notification using 'notify2'
[34.367s] DEBUG:colcon.colcon_notification.desktop_notification.notify2:Failed to initialize notify2: org.freedesktop.DBus.Error.ServiceUnknown: The name org.freedesktop.Notifications was not provided by any .service files
[34.368s] DEBUG:colcon.colcon_core.event_reactor:joined thread
[34.377s] INFO:colcon.colcon_core.shell:Creating prefix script '/home/jetson/JetAutonomy/ros2/install/local_setup.ps1'
[34.392s] INFO:colcon.colcon_core.shell:Creating prefix util module '/home/jetson/JetAutonomy/ros2/install/_local_setup_util_ps1.py'
[34.413s] INFO:colcon.colcon_core.shell:Creating prefix chain script '/home/jetson/JetAutonomy/ros2/install/setup.ps1'
[34.544s] INFO:colcon.colcon_core.shell:Creating prefix script '/home/jetson/JetAutonomy/ros2/install/local_setup.sh'
[34.549s] INFO:colcon.colcon_core.shell:Creating prefix util module '/home/jetson/JetAutonomy/ros2/install/_local_setup_util_sh.py'
[34.552s] INFO:colcon.colcon_core.shell:Creating prefix chain script '/home/jetson/JetAutonomy/ros2/install/setup.sh'
[34.682s] INFO:colcon.colcon_core.shell:Creating prefix script '/home/jetson/JetAutonomy/ros2/install/local_setup.bash'
[34.687s] INFO:colcon.colcon_core.shell:Creating prefix chain script '/home/jetson/JetAutonomy/ros2/install/setup.bash'
[34.815s] INFO:colcon.colcon_core.shell:Creating prefix script '/home/jetson/JetAutonomy/ros2/install/local_setup.zsh'
[34.819s] INFO:colcon.colcon_core.shell:Creating prefix chain script '/home/jetson/JetAutonomy/ros2/install/setup.zsh'
