[5.678s] DEBUG:colcon:Command line arguments: ['/usr/bin/colcon', 'build', '--packages-select', 'jet_drive']
[5.679s] DEBUG:colcon:Parsed command line arguments: Namespace(ament_cmake_args=None, base_paths=['.'], build_base='build', catkin_cmake_args=None, catkin_skip_building_tests=False, cmake_args=None, cmake_clean_cache=False, cmake_clean_first=False, cmake_force_configure=False, cmake_target=None, cmake_target_skip_unavailable=False, continue_on_error=False, event_handlers=None, executor='parallel', ignore_user_meta=False, install_base='install', log_base=None, log_level=None, main=<bound method BuildVerb.main of <colcon_core.verb.build.BuildVerb object at 0x7faad260f0>>, merge_install=False, metas=['./colcon.meta'], packages_above=None, packages_above_and_dependencies=None, packages_above_depth=None, packages_end=None, packages_ignore=None, packages_ignore_regex=None, packages_select=['jet_drive'], packages_select_build_failed=False, packages_select_by_dep=None, packages_select_regex=None, packages_select_test_failures=False, packages_skip=None, packages_skip_build_finished=False, packages_skip_by_dep=None, packages_skip_regex=None, packages_skip_test_passed=False, packages_skip_up_to=None, packages_start=None, packages_up_to=None, packages_up_to_regex=None, parallel_workers=2, paths=None, symlink_install=False, test_result_base=None, verb_extension=<colcon_core.verb.build.BuildVerb object at 0x7faad260f0>, verb_name='build', verb_parser=<colcon_defaults.argument_parser.defaults.DefaultArgumentsDecorator object at 0x7faad26438>)
[5.802s] Level 1:colcon.colcon_core.package_discovery:discover_packages(colcon_meta) check parameters
[5.803s] Level 1:colcon.colcon_core.package_discovery:discover_packages(recursive) check parameters
[5.804s] Level 1:colcon.colcon_core.package_discovery:discover_packages(ignore) check parameters
[5.804s] Level 1:colcon.colcon_core.package_discovery:discover_packages(path) check parameters
[5.804s] Level 1:colcon.colcon_core.package_discovery:discover_packages(colcon_meta) discover
[5.808s] Level 1:colcon.colcon_core.package_discovery:discover_packages(recursive) discover
[5.808s] INFO:colcon.colcon_core.package_discovery:Crawling recursively for packages in '/home/jetson/JetAutonomy/ros2'
[5.809s] Level 1:colcon.colcon_core.package_identification:_identify(.) by extensions ['ignore', 'ignore_ament_install']
[5.810s] Level 1:colcon.colcon_core.package_identification:_identify(.) by extension 'ignore'
[5.810s] Level 1:colcon.colcon_core.package_identification:_identify(.) by extension 'ignore_ament_install'
[5.811s] Level 1:colcon.colcon_core.package_identification:_identify(.) by extensions ['colcon_pkg']
[5.811s] Level 1:colcon.colcon_core.package_identification:_identify(.) by extension 'colcon_pkg'
[5.812s] Level 1:colcon.colcon_core.package_identification:_identify(.) by extensions ['colcon_meta']
[5.812s] Level 1:colcon.colcon_core.package_identification:_identify(.) by extension 'colcon_meta'
[5.812s] Level 1:colcon.colcon_core.package_identification:_identify(.) by extensions ['ros']
[5.813s] Level 1:colcon.colcon_core.package_identification:_identify(.) by extension 'ros'
[5.969s] Level 1:colcon.colcon_core.package_identification:_identify(.) by extensions ['cmake', 'python']
[5.969s] Level 1:colcon.colcon_core.package_identification:_identify(.) by extension 'cmake'
[5.970s] Level 1:colcon.colcon_core.package_identification:_identify(.) by extension 'python'
[5.970s] Level 1:colcon.colcon_core.package_identification:_identify(.) by extensions ['python_setup_py']
[5.970s] Level 1:colcon.colcon_core.package_identification:_identify(.) by extension 'python_setup_py'
[5.971s] Level 1:colcon.colcon_core.package_identification:_identify(build) by extensions ['ignore', 'ignore_ament_install']
[5.972s] Level 1:colcon.colcon_core.package_identification:_identify(build) by extension 'ignore'
[5.973s] Level 1:colcon.colcon_core.package_identification:_identify(build) ignored
[5.976s] Level 1:colcon.colcon_core.package_identification:_identify(install) by extensions ['ignore', 'ignore_ament_install']
[5.977s] Level 1:colcon.colcon_core.package_identification:_identify(install) by extension 'ignore'
[5.978s] Level 1:colcon.colcon_core.package_identification:_identify(install) ignored
[5.979s] Level 1:colcon.colcon_core.package_identification:_identify(log) by extensions ['ignore', 'ignore_ament_install']
[5.980s] Level 1:colcon.colcon_core.package_identification:_identify(log) by extension 'ignore'
[5.981s] Level 1:colcon.colcon_core.package_identification:_identify(log) ignored
[5.981s] Level 1:colcon.colcon_core.package_identification:_identify(src) by extensions ['ignore', 'ignore_ament_install']
[5.982s] Level 1:colcon.colcon_core.package_identification:_identify(src) by extension 'ignore'
[5.983s] Level 1:colcon.colcon_core.package_identification:_identify(src) by extension 'ignore_ament_install'
[5.983s] Level 1:colcon.colcon_core.package_identification:_identify(src) by extensions ['colcon_pkg']
[5.984s] Level 1:colcon.colcon_core.package_identification:_identify(src) by extension 'colcon_pkg'
[5.984s] Level 1:colcon.colcon_core.package_identification:_identify(src) by extensions ['colcon_meta']
[5.984s] Level 1:colcon.colcon_core.package_identification:_identify(src) by extension 'colcon_meta'
[5.985s] Level 1:colcon.colcon_core.package_identification:_identify(src) by extensions ['ros']
[5.985s] Level 1:colcon.colcon_core.package_identification:_identify(src) by extension 'ros'
[5.986s] Level 1:colcon.colcon_core.package_identification:_identify(src) by extensions ['cmake', 'python']
[5.986s] Level 1:colcon.colcon_core.package_identification:_identify(src) by extension 'cmake'
[5.987s] Level 1:colcon.colcon_core.package_identification:_identify(src) by extension 'python'
[5.988s] Level 1:colcon.colcon_core.package_identification:_identify(src) by extensions ['python_setup_py']
[5.988s] Level 1:colcon.colcon_core.package_identification:_identify(src) by extension 'python_setup_py'
[5.990s] Level 1:colcon.colcon_core.package_identification:_identify(src/front_cam) by extensions ['ignore', 'ignore_ament_install']
[5.991s] Level 1:colcon.colcon_core.package_identification:_identify(src/front_cam) by extension 'ignore'
[5.991s] Level 1:colcon.colcon_core.package_identification:_identify(src/front_cam) by extension 'ignore_ament_install'
[5.992s] Level 1:colcon.colcon_core.package_identification:_identify(src/front_cam) by extensions ['colcon_pkg']
[5.992s] Level 1:colcon.colcon_core.package_identification:_identify(src/front_cam) by extension 'colcon_pkg'
[5.993s] Level 1:colcon.colcon_core.package_identification:_identify(src/front_cam) by extensions ['colcon_meta']
[5.993s] Level 1:colcon.colcon_core.package_identification:_identify(src/front_cam) by extension 'colcon_meta'
[5.994s] Level 1:colcon.colcon_core.package_identification:_identify(src/front_cam) by extensions ['ros']
[5.994s] Level 1:colcon.colcon_core.package_identification:_identify(src/front_cam) by extension 'ros'
[6.022s] DEBUG:colcon.colcon_core.package_identification:Package 'src/front_cam' with type 'ros.ament_cmake' and name 'front_cam'
[6.023s] Level 1:colcon.colcon_core.package_identification:_identify(src/jet_autonomy_msgs) by extensions ['ignore', 'ignore_ament_install']
[6.024s] Level 1:colcon.colcon_core.package_identification:_identify(src/jet_autonomy_msgs) by extension 'ignore'
[6.025s] Level 1:colcon.colcon_core.package_identification:_identify(src/jet_autonomy_msgs) by extension 'ignore_ament_install'
[6.025s] Level 1:colcon.colcon_core.package_identification:_identify(src/jet_autonomy_msgs) by extensions ['colcon_pkg']
[6.026s] Level 1:colcon.colcon_core.package_identification:_identify(src/jet_autonomy_msgs) by extension 'colcon_pkg'
[6.026s] Level 1:colcon.colcon_core.package_identification:_identify(src/jet_autonomy_msgs) by extensions ['colcon_meta']
[6.026s] Level 1:colcon.colcon_core.package_identification:_identify(src/jet_autonomy_msgs) by extension 'colcon_meta'
[6.027s] Level 1:colcon.colcon_core.package_identification:_identify(src/jet_autonomy_msgs) by extensions ['ros']
[6.027s] Level 1:colcon.colcon_core.package_identification:_identify(src/jet_autonomy_msgs) by extension 'ros'
[6.036s] DEBUG:colcon.colcon_core.package_identification:Package 'src/jet_autonomy_msgs' with type 'ros.ament_cmake' and name 'jet_autonomy_msgs'
[6.037s] Level 1:colcon.colcon_core.package_identification:_identify(src/jet_drive) by extensions ['ignore', 'ignore_ament_install']
[6.039s] Level 1:colcon.colcon_core.package_identification:_identify(src/jet_drive) by extension 'ignore'
[6.042s] Level 1:colcon.colcon_core.package_identification:_identify(src/jet_drive) by extension 'ignore_ament_install'
[6.042s] Level 1:colcon.colcon_core.package_identification:_identify(src/jet_drive) by extensions ['colcon_pkg']
[6.043s] Level 1:colcon.colcon_core.package_identification:_identify(src/jet_drive) by extension 'colcon_pkg'
[6.043s] Level 1:colcon.colcon_core.package_identification:_identify(src/jet_drive) by extensions ['colcon_meta']
[6.044s] Level 1:colcon.colcon_core.package_identification:_identify(src/jet_drive) by extension 'colcon_meta'
[6.045s] Level 1:colcon.colcon_core.package_identification:_identify(src/jet_drive) by extensions ['ros']
[6.045s] Level 1:colcon.colcon_core.package_identification:_identify(src/jet_drive) by extension 'ros'
[6.053s] DEBUG:colcon.colcon_core.package_identification:Package 'src/jet_drive' with type 'ros.ament_python' and name 'jet_drive'
[6.054s] Level 1:colcon.colcon_core.package_identification:_identify(src/jet_drive_moderator) by extensions ['ignore', 'ignore_ament_install']
[6.055s] Level 1:colcon.colcon_core.package_identification:_identify(src/jet_drive_moderator) by extension 'ignore'
[6.055s] Level 1:colcon.colcon_core.package_identification:_identify(src/jet_drive_moderator) by extension 'ignore_ament_install'
[6.056s] Level 1:colcon.colcon_core.package_identification:_identify(src/jet_drive_moderator) by extensions ['colcon_pkg']
[6.056s] Level 1:colcon.colcon_core.package_identification:_identify(src/jet_drive_moderator) by extension 'colcon_pkg'
[6.057s] Level 1:colcon.colcon_core.package_identification:_identify(src/jet_drive_moderator) by extensions ['colcon_meta']
[6.057s] Level 1:colcon.colcon_core.package_identification:_identify(src/jet_drive_moderator) by extension 'colcon_meta'
[6.058s] Level 1:colcon.colcon_core.package_identification:_identify(src/jet_drive_moderator) by extensions ['ros']
[6.058s] Level 1:colcon.colcon_core.package_identification:_identify(src/jet_drive_moderator) by extension 'ros'
[6.068s] DEBUG:colcon.colcon_core.package_identification:Package 'src/jet_drive_moderator' with type 'ros.ament_cmake' and name 'jet_drive_moderator'
[6.070s] Level 1:colcon.colcon_core.package_identification:_identify(src/joystick) by extensions ['ignore', 'ignore_ament_install']
[6.071s] Level 1:colcon.colcon_core.package_identification:_identify(src/joystick) by extension 'ignore'
[6.072s] Level 1:colcon.colcon_core.package_identification:_identify(src/joystick) by extension 'ignore_ament_install'
[6.072s] Level 1:colcon.colcon_core.package_identification:_identify(src/joystick) by extensions ['colcon_pkg']
[6.073s] Level 1:colcon.colcon_core.package_identification:_identify(src/joystick) by extension 'colcon_pkg'
[6.073s] Level 1:colcon.colcon_core.package_identification:_identify(src/joystick) by extensions ['colcon_meta']
[6.073s] Level 1:colcon.colcon_core.package_identification:_identify(src/joystick) by extension 'colcon_meta'
[6.074s] Level 1:colcon.colcon_core.package_identification:_identify(src/joystick) by extensions ['ros']
[6.074s] Level 1:colcon.colcon_core.package_identification:_identify(src/joystick) by extension 'ros'
[6.084s] DEBUG:colcon.colcon_core.package_identification:Package 'src/joystick' with type 'ros.ament_python' and name 'joystick'
[6.085s] Level 1:colcon.colcon_core.package_identification:_identify(src/rplidar) by extensions ['ignore', 'ignore_ament_install']
[6.087s] Level 1:colcon.colcon_core.package_identification:_identify(src/rplidar) by extension 'ignore'
[6.087s] Level 1:colcon.colcon_core.package_identification:_identify(src/rplidar) by extension 'ignore_ament_install'
[6.088s] Level 1:colcon.colcon_core.package_identification:_identify(src/rplidar) by extensions ['colcon_pkg']
[6.089s] Level 1:colcon.colcon_core.package_identification:_identify(src/rplidar) by extension 'colcon_pkg'
[6.089s] Level 1:colcon.colcon_core.package_identification:_identify(src/rplidar) by extensions ['colcon_meta']
[6.090s] Level 1:colcon.colcon_core.package_identification:_identify(src/rplidar) by extension 'colcon_meta'
[6.090s] Level 1:colcon.colcon_core.package_identification:_identify(src/rplidar) by extensions ['ros']
[6.091s] Level 1:colcon.colcon_core.package_identification:_identify(src/rplidar) by extension 'ros'
[6.098s] DEBUG:colcon.colcon_core.package_identification:Package 'src/rplidar' with type 'ros.ament_cmake' and name 'rplidar_ros'
[6.099s] Level 1:colcon.colcon_core.package_identification:_identify(src/transforms) by extensions ['ignore', 'ignore_ament_install']
[6.100s] Level 1:colcon.colcon_core.package_identification:_identify(src/transforms) by extension 'ignore'
[6.101s] Level 1:colcon.colcon_core.package_identification:_identify(src/transforms) by extension 'ignore_ament_install'
[6.102s] Level 1:colcon.colcon_core.package_identification:_identify(src/transforms) by extensions ['colcon_pkg']
[6.102s] Level 1:colcon.colcon_core.package_identification:_identify(src/transforms) by extension 'colcon_pkg'
[6.102s] Level 1:colcon.colcon_core.package_identification:_identify(src/transforms) by extensions ['colcon_meta']
[6.103s] Level 1:colcon.colcon_core.package_identification:_identify(src/transforms) by extension 'colcon_meta'
[6.103s] Level 1:colcon.colcon_core.package_identification:_identify(src/transforms) by extensions ['ros']
[6.104s] Level 1:colcon.colcon_core.package_identification:_identify(src/transforms) by extension 'ros'
[6.104s] Level 1:colcon.colcon_core.package_identification:_identify(src/transforms) by extensions ['cmake', 'python']
[6.105s] Level 1:colcon.colcon_core.package_identification:_identify(src/transforms) by extension 'cmake'
[6.105s] Level 1:colcon.colcon_core.package_identification:_identify(src/transforms) by extension 'python'
[6.106s] Level 1:colcon.colcon_core.package_identification:_identify(src/transforms) by extensions ['python_setup_py']
[6.106s] Level 1:colcon.colcon_core.package_identification:_identify(src/transforms) by extension 'python_setup_py'
[6.107s] Level 1:colcon.colcon_core.package_identification:_identify(src/transforms/launch) by extensions ['ignore', 'ignore_ament_install']
[6.108s] Level 1:colcon.colcon_core.package_identification:_identify(src/transforms/launch) by extension 'ignore'
[6.108s] Level 1:colcon.colcon_core.package_identification:_identify(src/transforms/launch) by extension 'ignore_ament_install'
[6.109s] Level 1:colcon.colcon_core.package_identification:_identify(src/transforms/launch) by extensions ['colcon_pkg']
[6.109s] Level 1:colcon.colcon_core.package_identification:_identify(src/transforms/launch) by extension 'colcon_pkg'
[6.110s] Level 1:colcon.colcon_core.package_identification:_identify(src/transforms/launch) by extensions ['colcon_meta']
[6.110s] Level 1:colcon.colcon_core.package_identification:_identify(src/transforms/launch) by extension 'colcon_meta'
[6.111s] Level 1:colcon.colcon_core.package_identification:_identify(src/transforms/launch) by extensions ['ros']
[6.111s] Level 1:colcon.colcon_core.package_identification:_identify(src/transforms/launch) by extension 'ros'
[6.112s] Level 1:colcon.colcon_core.package_identification:_identify(src/transforms/launch) by extensions ['cmake', 'python']
[6.112s] Level 1:colcon.colcon_core.package_identification:_identify(src/transforms/launch) by extension 'cmake'
[6.113s] Level 1:colcon.colcon_core.package_identification:_identify(src/transforms/launch) by extension 'python'
[6.113s] Level 1:colcon.colcon_core.package_identification:_identify(src/transforms/launch) by extensions ['python_setup_py']
[6.113s] Level 1:colcon.colcon_core.package_identification:_identify(src/transforms/launch) by extension 'python_setup_py'
[6.115s] Level 1:colcon.colcon_core.package_discovery:discover_packages(recursive) using defaults
[6.117s] Level 1:colcon.colcon_core.package_discovery:discover_packages(ignore) discover
[6.118s] Level 1:colcon.colcon_core.package_discovery:discover_packages(ignore) using defaults
[6.118s] Level 1:colcon.colcon_core.package_discovery:discover_packages(path) discover
[6.118s] Level 1:colcon.colcon_core.package_discovery:discover_packages(path) using defaults
[6.432s] INFO:colcon.colcon_core.package_selection:Skipping not selected package 'front_cam' in 'src/front_cam'
[6.433s] INFO:colcon.colcon_core.package_selection:Skipping not selected package 'jet_autonomy_msgs' in 'src/jet_autonomy_msgs'
[6.433s] INFO:colcon.colcon_core.package_selection:Skipping not selected package 'rplidar_ros' in 'src/rplidar'
[6.433s] INFO:colcon.colcon_core.package_selection:Skipping not selected package 'jet_drive_moderator' in 'src/jet_drive_moderator'
[6.434s] INFO:colcon.colcon_core.package_selection:Skipping not selected package 'joystick' in 'src/joystick'
[6.486s] Level 5:colcon.colcon_core.verb:set package 'jet_drive' build argument 'cmake_args' from command line to 'None'
[6.486s] Level 5:colcon.colcon_core.verb:set package 'jet_drive' build argument 'cmake_target' from command line to 'None'
[6.487s] Level 5:colcon.colcon_core.verb:set package 'jet_drive' build argument 'cmake_target_skip_unavailable' from command line to 'False'
[6.487s] Level 5:colcon.colcon_core.verb:set package 'jet_drive' build argument 'cmake_clean_cache' from command line to 'False'
[6.487s] Level 5:colcon.colcon_core.verb:set package 'jet_drive' build argument 'cmake_clean_first' from command line to 'False'
[6.488s] Level 5:colcon.colcon_core.verb:set package 'jet_drive' build argument 'cmake_force_configure' from command line to 'False'
[6.488s] Level 5:colcon.colcon_core.verb:set package 'jet_drive' build argument 'ament_cmake_args' from command line to 'None'
[6.488s] Level 5:colcon.colcon_core.verb:set package 'jet_drive' build argument 'catkin_cmake_args' from command line to 'None'
[6.489s] Level 5:colcon.colcon_core.verb:set package 'jet_drive' build argument 'catkin_skip_building_tests' from command line to 'False'
[6.489s] DEBUG:colcon.colcon_core.verb:Building package 'jet_drive' with the following arguments: {'ament_cmake_args': None, 'build_base': '/home/jetson/JetAutonomy/ros2/build/jet_drive', 'catkin_cmake_args': None, 'catkin_skip_building_tests': False, 'cmake_args': None, 'cmake_clean_cache': False, 'cmake_clean_first': False, 'cmake_force_configure': False, 'cmake_target': None, 'cmake_target_skip_unavailable': False, 'install_base': '/home/jetson/JetAutonomy/ros2/install/jet_drive', 'merge_install': False, 'path': '/home/jetson/JetAutonomy/ros2/src/jet_drive', 'symlink_install': False, 'test_result_base': None}
[6.494s] INFO:colcon.colcon_core.executor:Executing jobs using 'parallel' executor
[6.519s] DEBUG:colcon.colcon_parallel_executor.executor.parallel:run_until_complete
[6.520s] INFO:colcon.colcon_ros.task.ament_python.build:Building ROS package in '/home/jetson/JetAutonomy/ros2/src/jet_drive' with build type 'ament_python'
[6.521s] Level 1:colcon.colcon_core.shell:create_environment_hook('jet_drive', 'ament_prefix_path')
[6.595s] INFO:colcon.colcon_core.plugin_system:Skipping extension 'colcon_core.shell.bat': Not used on non-Windows systems
[6.597s] INFO:colcon.colcon_core.shell:Creating environment hook '/home/jetson/JetAutonomy/ros2/install/jet_drive/share/jet_drive/hook/ament_prefix_path.ps1'
[6.603s] INFO:colcon.colcon_core.shell:Creating environment descriptor '/home/jetson/JetAutonomy/ros2/install/jet_drive/share/jet_drive/hook/ament_prefix_path.dsv'
[6.607s] INFO:colcon.colcon_core.shell:Creating environment hook '/home/jetson/JetAutonomy/ros2/install/jet_drive/share/jet_drive/hook/ament_prefix_path.sh'
[6.623s] INFO:colcon.colcon_core.shell:Skip shell extension 'powershell' for command environment: Not usable outside of PowerShell
[6.624s] DEBUG:colcon.colcon_core.shell:Skip shell extension 'dsv' for command environment
[15.458s] INFO:colcon.colcon_core.task.python.build:Building Python package in '/home/jetson/JetAutonomy/ros2/src/jet_drive'
[15.467s] INFO:colcon.colcon_core.shell:Skip shell extension 'powershell' for command environment: Not usable outside of PowerShell
[15.467s] DEBUG:colcon.colcon_core.shell:Skip shell extension 'dsv' for command environment
[15.879s] DEBUG:colcon.colcon_core.event_handler.log_command:Invoking command in '/home/jetson/JetAutonomy/ros2/src/jet_drive': CMAKE_PREFIX_PATH=/home/jetson/JetAutonomy/ros2/install/jet_autonomy_msgs:/home/jetson/JetAutonomy/ros2/install/jet_drive_moderator:/home/jetson/JetAutonomy/ros2/install/rplidar_ros:/home/jetson/JetAutonomy/ros2/install/front_cam:/home/jetson/ros2_dashing/install/rviz_visual_testing_framework:/home/jetson/ros2_dashing/install/rviz2:/home/jetson/ros2_dashing/install/rviz_default_plugins:/home/jetson/ros2_dashing/install/rviz_common:/home/jetson/ros2_dashing/install/rosbag2_transport:/home/jetson/ros2_dashing/install/rosbag2_storage_default_plugins:/home/jetson/ros2_dashing/install/rosbag2_converter_default_plugins:/home/jetson/ros2_dashing/install/rosbag2:/home/jetson/ros2_dashing/install/rosbag2_storage:/home/jetson/ros2_dashing/install/yaml_cpp_vendor:/home/jetson/ros2_dashing/install/ros1_bridge:/home/jetson/ros2_dashing/install/common_interfaces:/home/jetson/ros2_dashing/install/visualization_msgs:/home/jetson/ros2_dashing/install/dummy_robot_bringup:/home/jetson/ros2_dashing/install/robot_state_publisher:/home/jetson/ros2_dashing/install/kdl_parser:/home/jetson/ros2_dashing/install/urdf:/home/jetson/ros2_dashing/install/urdfdom:/home/jetson/ros2_dashing/install/urdfdom_headers:/home/jetson/ros2_dashing/install/turtlesim:/home/jetson/ros2_dashing/install/tf2_sensor_msgs:/home/jetson/ros2_dashing/install/tf2_kdl:/home/jetson/ros2_dashing/install/tf2_geometry_msgs:/home/jetson/ros2_dashing/install/tf2_eigen:/home/jetson/ros2_dashing/install/tf2_ros:/home/jetson/ros2_dashing/install/tf2_msgs:/home/jetson/ros2_dashing/install/test_msgs:/home/jetson/ros2_dashing/install/sros2_cmake:/home/jetson/ros2_dashing/install/rqt_publisher:/home/jetson/ros2_dashing/install/rqt_plot:/home/jetson/ros2_dashing/install/rqt_msg:/home/jetson/ros2_dashing/install/rqt_console:/home/jetson/ros2_dashing/install/rqt_py_common:/home/jetson/ros2_dashing/install/ros_testing:/home/jetson/ros2_dashing/install/lifecycle:/home/jetson/ros2_dashing/install/quality_of_service_demo_cpp:/home/jetson/ros2_dashing/install/demo_nodes_cpp:/home/jetson/ros2_dashing/install/composition:/home/jetson/ros2_dashing/install/action_tutorials:/home/jetson/ros2_dashing/install/rclpy:/home/jetson/ros2_dashing/install/examples_rclcpp_minimal_action_server:/home/jetson/ros2_dashing/install/examples_rclcpp_minimal_action_client:/home/jetson/ros2_dashing/install/rclcpp_action:/home/jetson/ros2_dashing/install/rcl_action:/home/jetson/ros2_dashing/install/examples_rclcpp_minimal_service:/home/jetson/ros2_dashing/install/examples_rclcpp_minimal_client:/home/jetson/ros2_dashing/install/example_interfaces:/home/jetson/ros2_dashing/install/action_msgs:/home/jetson/ros2_dashing/install/unique_identifier_msgs:/home/jetson/ros2_dashing/install/ament_lint_common:/home/jetson/ros2_dashing/install/ament_cmake_uncrustify:/home/jetson/ros2_dashing/install/uncrustify_vendor:/home/jetson/ros2_dashing/install/trajectory_msgs:/home/jetson/ros2_dashing/install/pendulum_control:/home/jetson/ros2_dashing/install/tlsf_cpp:/home/jetson/ros2_dashing/install/tlsf:/home/jetson/ros2_dashing/install/tinyxml_vendor:/home/jetson/ros2_dashing/install/rqt_gui_cpp:/home/jetson/ros2_dashing/install/qt_gui_core:/home/jetson/ros2_dashing/install/qt_gui_cpp:/home/jetson/ros2_dashing/install/pluginlib:/home/jetson/ros2_dashing/install/tinyxml2_vendor:/home/jetson/ros2_dashing/install/rosbag2_test_common:/home/jetson/ros2_dashing/install/rclcpp_lifecycle:/home/jetson/ros2_dashing/install/logging_demo:/home/jetson/ros2_dashing/install/examples_rclcpp_minimal_composition:/home/jetson/ros2_dashing/install/rclcpp_components:/home/jetson/ros2_dashing/install/laser_geometry:/home/jetson/ros2_dashing/install/intra_process_demo:/home/jetson/ros2_dashing/install/image_tools:/home/jetson/ros2_dashing/install/examples_rclcpp_minimal_timer:/home/jetson/ros2_dashing/install/examples_rclcpp_minimal_subscriber:/home/jetson/ros2_dashing/install/examples_rclcpp_minimal_publisher:/home/jetson/ros2_dashing/install/dummy_sensors:/home/jetson/ros2_dashing/install/dummy_map_server:/home/jetson/ros2_dashing/install/demo_nodes_cpp_native:/home/jetson/ros2_dashing/install/rclcpp:/home/jetson/ros2_dashing/install/rcl_lifecycle:/home/jetson/ros2_dashing/install/rcl:/home/jetson/ros2_dashing/install/tinydir_vendor:/home/jetson/ros2_dashing/install/tf2:/home/jetson/ros2_dashing/install/test_security:/home/jetson/ros2_dashing/install/test_rclcpp:/home/jetson/ros2_dashing/install/test_quality_of_service:/home/jetson/ros2_dashing/install/test_launch_testing:/home/jetson/ros2_dashing/install/test_interface_files:/home/jetson/ros2_dashing/install/test_communication:/home/jetson/ros2_dashing/install/test_cli_remapping:/home/jetson/ros2_dashing/install/test_cli:/home/jetson/ros2_dashing/install/stereo_msgs:/home/jetson/ros2_dashing/install/std_srvs:/home/jetson/ros2_dashing/install/shape_msgs:/home/jetson/ros2_dashing/install/map_msgs:/home/jetson/ros2_dashing/install/sensor_msgs:/home/jetson/ros2_dashing/install/nav_msgs:/home/jetson/ros2_dashing/install/diagnostic_msgs:/home/jetson/ros2_dashing/install/geometry_msgs:/home/jetson/ros2_dashing/install/actionlib_msgs:/home/jetson/ros2_dashing/install/std_msgs:/home/jetson/ros2_dashing/install/sqlite3_vendor:/home/jetson/ros2_dashing/install/shared_queues_vendor:/home/jetson/ros2_dashing/install/rviz_rendering_tests:/home/jetson/ros2_dashing/install/rviz_rendering:/home/jetson/ros2_dashing/install/rviz_ogre_vendor:/home/jetson/ros2_dashing/install/rviz_assimp_vendor:/home/jetson/ros2_dashing/install/rttest:/home/jetson/ros2_dashing/install/rosgraph_msgs:/home/jetson/ros2_dashing/install/composition_interfaces:/home/jetson/ros2_dashing/install/rcl_interfaces:/home/jetson/ros2_dashing/install/pendulum_msgs:/home/jetson/ros2_dashing/install/lifecycle_msgs:/home/jetson/ros2_dashing/install/builtin_interfaces:/home/jetson/ros2_dashing/install/rosidl_default_runtime:/home/jetson/ros2_dashing/install/rosidl_default_generators:/home/jetson/ros2_dashing/install/rosidl_typesupport_cpp:/home/jetson/ros2_dashing/install/rosidl_generator_py:/home/jetson/ros2_dashing/install/rosidl_typesupport_c:/home/jetson/ros2_dashing/install/rmw_implementation:/home/jetson/ros2_dashing/install/rmw_opensplice_cpp:/home/jetson/ros2_dashing/install/rosidl_typesupport_opensplice_c:/home/jetson/ros2_dashing/install/rosidl_typesupport_opensplice_cpp:/home/jetson/ros2_dashing/install/rmw_fastrtps_dynamic_cpp:/home/jetson/ros2_dashing/install/rmw_cyclonedds_cpp:/home/jetson/ros2_dashing/install/rosidl_typesupport_introspection_cpp:/home/jetson/ros2_dashing/install/rosidl_typesupport_introspection_c:/home/jetson/ros2_dashing/install/rmw_fastrtps_cpp:/home/jetson/ros2_dashing/install/rosidl_typesupport_fastrtps_c:/home/jetson/ros2_dashing/install/rosidl_typesupport_fastrtps_cpp:/home/jetson/ros2_dashing/install/rmw_connext_cpp:/home/jetson/ros2_dashing/install/rosidl_typesupport_connext_c:/home/jetson/ros2_dashing/install/rosidl_typesupport_connext_cpp:/home/jetson/ros2_dashing/install/rosidl_generator_cpp:/home/jetson/ros2_dashing/install/rmw_fastrtps_shared_cpp:/home/jetson/ros2_dashing/install/rmw:/home/jetson/ros2_dashing/install/rosidl_generator_c:/home/jetson/ros2_dashing/install/rosidl_typesupport_interface:/home/jetson/ros2_dashing/install/rosidl_generator_dds_idl:/home/jetson/ros2_dashing/install/rosidl_cmake:/home/jetson/ros2_dashing/install/rosidl_parser:/home/jetson/ros2_dashing/install/rosidl_adapter:/home/jetson/ros2_dashing/install/rosbag2_tests:/home/jetson/ros2_dashing/install/ros_environment:/home/jetson/ros2_dashing/install/rmw_implementation_cmake:/home/jetson/ros2_dashing/install/rmw_connext_shared_cpp:/home/jetson/ros2_dashing/install/resource_retriever:/home/jetson/ros2_dashing/install/rcl_logging_noop:/home/jetson/ros2_dashing/install/rcl_logging_log4cxx:/home/jetson/ros2_dashing/install/rcutils:/home/jetson/ros2_dashing/install/rcpputils:/home/jetson/ros2_dashing/install/rcl_yaml_param_parser:/home/jetson/ros2_dashing/install/qt_gui_py_common:/home/jetson/ros2_dashing/install/qt_gui_app:/home/jetson/ros2_dashing/install/qt_gui:/home/jetson/ros2_dashing/install/qt_dotgraph:/home/jetson/ros2_dashing/install/python_qt_binding:/home/jetson/ros2_dashing/install/launch_testing_ament_cmake:/home/jetson/ros2_dashing/install/python_cmake_module:/home/jetson/ros2_dashing/install/class_loader:/home/jetson/ros2_dashing/install/poco_vendor:/home/jetson/ros2_dashing/install/fastrtps:/home/jetson/ros2_dashing/install/osrf_testing_tools_cpp:/home/jetson/ros2_dashing/install/orocos_kdl:/home/jetson/ros2_dashing/install/opensplice_cmake_module:/home/jetson/ros2_dashing/install/message_filters:/home/jetson/ros2_dashing/install/libyaml_vendor:/home/jetson/ros2_dashing/install/libcurl_vendor:/home/jetson/ros2_dashing/install/ament_cmake_gmock:/home/jetson/ros2_dashing/install/gmock_vendor:/home/jetson/ros2_dashing/install/ament_cmake_gtest:/home/jetson/ros2_dashing/install/gtest_vendor:/home/jetson/ros2_dashing/install/fastrtps_cmake_module:/home/jetson/ros2_dashing/install/fastcdr:/home/jetson/ros2_dashing/install/eigen3_cmake_module:/home/jetson/ros2_dashing/install/cyclonedds_cmake_module:/home/jetson/ros2_dashing/install/cyclonedds:/home/jetson/ros2_dashing/install/console_bridge_vendor:/home/jetson/ros2_dashing/install/connext_cmake_module:/home/jetson/ros2_dashing/install/ament_cmake_xmllint:/home/jetson/ros2_dashing/install/ament_cmake_pyflakes:/home/jetson/ros2_dashing/install/ament_cmake_pep8:/home/jetson/ros2_dashing/install/ament_cmake_pep257:/home/jetson/ros2_dashing/install/ament_cmake_pclint:/home/jetson/ros2_dashing/install/ament_lint_auto:/home/jetson/ros2_dashing/install/ament_cmake_ros:/home/jetson/ros2_dashing/install/ament_cmake_pytest:/home/jetson/ros2_dashing/install/ament_cmake_nose:/home/jetson/ros2_dashing/install/ament_cmake_lint_cmake:/home/jetson/ros2_dashing/install/ament_cmake_flake8:/home/jetson/ros2_dashing/install/ament_cmake_cpplint:/home/jetson/ros2_dashing/install/ament_cmake_cppcheck:/home/jetson/ros2_dashing/install/ament_cmake_copyright:/home/jetson/ros2_dashing/install/ament_cmake_clang_tidy:/home/jetson/ros2_dashing/install/ament_cmake_clang_format:/home/jetson/ros2_dashing/install/ament_cmake_auto:/home/jetson/ros2_dashing/install/ament_cmake:/home/jetson/ros2_dashing/install/ament_cmake_test:/home/jetson/ros2_dashing/install/ament_cmake_target_dependencies:/home/jetson/ros2_dashing/install/ament_cmake_python:/home/jetson/ros2_dashing/install/ament_cmake_export_dependencies:/home/jetson/ros2_dashing/install/ament_cmake_libraries:/home/jetson/ros2_dashing/install/ament_cmake_include_directories:/home/jetson/ros2_dashing/install/ament_cmake_export_link_flags:/home/jetson/ros2_dashing/install/ament_cmake_export_interfaces:/home/jetson/ros2_dashing/install/ament_cmake_export_libraries:/home/jetson/ros2_dashing/install/ament_cmake_export_include_directories:/home/jetson/ros2_dashing/install/ament_cmake_export_definitions:/home/jetson/ros2_dashing/install/ament_cmake_core:/home/jetson/ros2_dashing/install/ament_index_cpp LD_LIBRARY_PATH=/home/jetson/JetAutonomy/ros2/install/jet_autonomy_msgs/lib:/home/jetson/JetAutonomy/ros2/install/rplidar_ros/lib:/home/jetson/ros2_dashing/install/rviz_default_plugins/lib:/home/jetson/ros2_dashing/install/rviz_common/lib:/home/jetson/ros2_dashing/install/rosbag2_transport/lib:/home/jetson/ros2_dashing/install/rosbag2_storage_default_plugins/lib:/home/jetson/ros2_dashing/install/rosbag2_converter_default_plugins/lib:/home/jetson/ros2_dashing/install/rosbag2/lib:/home/jetson/ros2_dashing/install/rosbag2_storage/lib:/home/jetson/ros2_dashing/install/yaml_cpp_vendor/opt/yaml_cpp_vendor/lib:/home/jetson/ros2_dashing/install/visualization_msgs/lib:/home/jetson/ros2_dashing/install/robot_state_publisher/lib:/home/jetson/ros2_dashing/install/kdl_parser/lib:/home/jetson/ros2_dashing/install/urdf/lib:/home/jetson/ros2_dashing/install/urdfdom/lib:/home/jetson/ros2_dashing/install/turtlesim/lib:/home/jetson/ros2_dashing/install/tf2_ros/lib:/home/jetson/ros2_dashing/install/tf2_msgs/lib:/home/jetson/ros2_dashing/install/test_msgs/lib:/home/jetson/ros2_dashing/install/composition/lib:/home/jetson/ros2_dashing/install/action_tutorials/lib:/home/jetson/ros2_dashing/install/rclpy/lib:/home/jetson/ros2_dashing/install/rclcpp_action/lib:/home/jetson/ros2_dashing/install/rcl_action/lib:/home/jetson/ros2_dashing/install/example_interfaces/lib:/home/jetson/ros2_dashing/install/action_msgs/lib:/home/jetson/ros2_dashing/install/unique_identifier_msgs/lib:/home/jetson/ros2_dashing/install/trajectory_msgs/lib:/home/jetson/ros2_dashing/install/tlsf/lib:/home/jetson/ros2_dashing/install/rqt_gui_cpp/lib:/home/jetson/ros2_dashing/install/qt_gui_cpp/lib:/home/jetson/ros2_dashing/install/rclcpp_lifecycle/lib:/home/jetson/ros2_dashing/install/logging_demo/lib:/home/jetson/ros2_dashing/install/examples_rclcpp_minimal_composition/lib:/home/jetson/ros2_dashing/install/laser_geometry/lib:/home/jetson/ros2_dashing/install/rclcpp/lib:/home/jetson/ros2_dashing/install/rcl_lifecycle/lib:/home/jetson/ros2_dashing/install/rcl/lib:/home/jetson/ros2_dashing/install/tf2/lib:/home/jetson/ros2_dashing/install/stereo_msgs/lib:/home/jetson/ros2_dashing/install/std_srvs/lib:/home/jetson/ros2_dashing/install/shape_msgs/lib:/home/jetson/ros2_dashing/install/map_msgs/lib:/home/jetson/ros2_dashing/install/sensor_msgs/lib:/home/jetson/ros2_dashing/install/nav_msgs/lib:/home/jetson/ros2_dashing/install/diagnostic_msgs/lib:/home/jetson/ros2_dashing/install/geometry_msgs/lib:/home/jetson/ros2_dashing/install/actionlib_msgs/lib:/home/jetson/ros2_dashing/install/std_msgs/lib:/home/jetson/ros2_dashing/install/rviz_rendering/lib:/home/jetson/ros2_dashing/install/rviz_ogre_vendor/opt/rviz_ogre_vendor/lib:/home/jetson/ros2_dashing/install/rttest/lib:/home/jetson/ros2_dashing/install/rosgraph_msgs/lib:/home/jetson/ros2_dashing/install/composition_interfaces/lib:/home/jetson/ros2_dashing/install/rcl_interfaces/lib:/home/jetson/ros2_dashing/install/pendulum_msgs/lib:/home/jetson/ros2_dashing/install/lifecycle_msgs/lib:/home/jetson/ros2_dashing/install/builtin_interfaces/lib:/home/jetson/ros2_dashing/install/rosidl_typesupport_cpp/lib:/home/jetson/ros2_dashing/install/rosidl_typesupport_c/lib:/home/jetson/ros2_dashing/install/rmw_implementation/lib:/home/jetson/ros2_dashing/install/rmw_fastrtps_dynamic_cpp/lib:/home/jetson/ros2_dashing/install/rmw_cyclonedds_cpp/lib:/home/jetson/ros2_dashing/install/rosidl_typesupport_introspection_cpp/lib:/home/jetson/ros2_dashing/install/rosidl_typesupport_introspection_c/lib:/home/jetson/ros2_dashing/install/rmw_fastrtps_cpp/lib:/home/jetson/ros2_dashing/install/rosidl_typesupport_fastrtps_c/lib:/home/jetson/ros2_dashing/install/rosidl_typesupport_fastrtps_cpp/lib:/home/jetson/ros2_dashing/install/rmw_fastrtps_shared_cpp/lib:/home/jetson/ros2_dashing/install/rmw/lib:/home/jetson/ros2_dashing/install/rosidl_generator_c/lib:/home/jetson/ros2_dashing/install/resource_retriever/lib:/home/jetson/ros2_dashing/install/rcl_logging_noop/lib:/home/jetson/ros2_dashing/install/rcl_logging_log4cxx/lib:/home/jetson/ros2_dashing/install/rcutils/lib:/home/jetson/ros2_dashing/install/rcl_yaml_param_parser/lib:/home/jetson/ros2_dashing/install/class_loader/lib:/home/jetson/ros2_dashing/install/fastrtps/lib:/home/jetson/ros2_dashing/install/osrf_testing_tools_cpp/lib:/home/jetson/ros2_dashing/install/orocos_kdl/lib:/home/jetson/ros2_dashing/install/message_filters/lib:/home/jetson/ros2_dashing/install/libyaml_vendor/lib:/home/jetson/ros2_dashing/install/fastcdr/lib:/home/jetson/ros2_dashing/install/cyclonedds/lib:/home/jetson/ros2_dashing/install/console_bridge_vendor/lib:/home/jetson/ros2_dashing/install/ament_index_cpp/lib PYTHONPATH=/home/jetson/JetAutonomy/ros2/install/jet_drive/lib/python3.6/site-packages:/home/jetson/JetAutonomy/ros2/install/jet_autonomy_msgs/lib/python3.6/site-packages:/home/jetson/JetAutonomy/ros2/install/jet_drive/lib/python3.6/site-packages:/home/jetson/JetAutonomy/ros2/install/joystick/lib/python3.6/site-packages:/home/jetson/ros2_dashing/build/ros2bag:/home/jetson/ros2_dashing/install/ros2bag/lib/python3.6/site-packages:/home/jetson/ros2_dashing/install/rosbag2_transport/lib/python3.6/site-packages:/home/jetson/ros2_dashing/install/visualization_msgs/lib/python3.6/site-packages:/home/jetson/ros2_dashing/install/turtlesim/lib/python3.6/site-packages:/home/jetson/ros2_dashing/build/topic_monitor:/home/jetson/ros2_dashing/install/topic_monitor/lib/python3.6/site-packages:/home/jetson/ros2_dashing/install/tf2_msgs/lib/python3.6/site-packages:/home/jetson/ros2_dashing/install/test_msgs/lib/python3.6/site-packages:/home/jetson/ros2_dashing/build/sros2:/home/jetson/ros2_dashing/install/sros2/lib/python3.6/site-packages:/home/jetson/ros2_dashing/build/rqt_topic/src:/home/jetson/ros2_dashing/install/rqt_topic/lib/python3.6/site-packages:/home/jetson/ros2_dashing/build/rqt_top/src:/home/jetson/ros2_dashing/install/rqt_top/lib/python3.6/site-packages:/home/jetson/ros2_dashing/build/rqt_srv/src:/home/jetson/ros2_dashing/install/rqt_srv/lib/python3.6/site-packages:/home/jetson/ros2_dashing/build/rqt_shell/src:/home/jetson/ros2_dashing/install/rqt_shell/lib/python3.6/site-packages:/home/jetson/ros2_dashing/build/rqt_service_caller/src:/home/jetson/ros2_dashing/install/rqt_service_caller/lib/python3.6/site-packages:/home/jetson/ros2_dashing/build/rqt_py_console/src:/home/jetson/ros2_dashing/install/rqt_py_console/lib/python3.6/site-packages:/home/jetson/ros2_dashing/install/rqt_publisher/lib/python3.6/site-packages:/home/jetson/ros2_dashing/install/rqt_plot/lib/python3.6/site-packages:/home/jetson/ros2_dashing/build/rqt_action/src:/home/jetson/ros2_dashing/install/rqt_action/lib/python3.6/site-packages:/home/jetson/ros2_dashing/install/rqt_msg/lib/python3.6/site-packages:/home/jetson/ros2_dashing/install/rqt_console/lib/python3.6/site-packages:/home/jetson/ros2_dashing/build/rqt:/home/jetson/ros2_dashing/install/rqt/lib/python3.6/site-packages:/home/jetson/ros2_dashing/install/rqt_py_common/lib/python3.6/site-packages:/home/jetson/ros2_dashing/build/rqt_graph/src:/home/jetson/ros2_dashing/install/rqt_graph/lib/python3.6/site-packages:/home/jetson/ros2_dashing/build/rqt_gui_py/src:/home/jetson/ros2_dashing/install/rqt_gui_py/lib/python3.6/site-packages:/home/jetson/ros2_dashing/build/rqt_gui/src:/home/jetson/ros2_dashing/install/rqt_gui/lib/python3.6/site-packages:/home/jetson/ros2_dashing/build/ros2topic:/home/jetson/ros2_dashing/install/ros2topic/lib/python3.6/site-packages:/home/jetson/ros2_dashing/build/ros2test:/home/jetson/ros2_dashing/install/ros2test/lib/python3.6/site-packages:/home/jetson/ros2_dashing/build/ros2component:/home/jetson/ros2_dashing/install/ros2component/lib/python3.6/site-packages:/home/jetson/ros2_dashing/build/ros2param:/home/jetson/ros2_dashing/install/ros2param/lib/python3.6/site-packages:/home/jetson/ros2_dashing/build/ros2lifecycle:/home/jetson/ros2_dashing/install/ros2lifecycle/lib/python3.6/site-packages:/home/jetson/ros2_dashing/build/ros2service:/home/jetson/ros2_dashing/install/ros2service/lib/python3.6/site-packages:/home/jetson/ros2_dashing/build/ros2srv:/home/jetson/ros2_dashing/install/ros2srv/lib/python3.6/site-packages:/home/jetson/ros2_dashing/build/ros2run:/home/jetson/ros2_dashing/install/ros2run/lib/python3.6/site-packages:/home/jetson/ros2_dashing/build/ros2launch:/home/jetson/ros2_dashing/install/ros2launch/lib/python3.6/site-packages:/home/jetson/ros2_dashing/build/ros2pkg:/home/jetson/ros2_dashing/install/ros2pkg/lib/python3.6/site-packages:/home/jetson/ros2_dashing/build/ros2node:/home/jetson/ros2_dashing/install/ros2node/lib/python3.6/site-packages:/home/jetson/ros2_dashing/build/ros2multicast:/home/jetson/ros2_dashing/install/ros2multicast/lib/python3.6/site-packages:/home/jetson/ros2_dashing/build/ros2msg:/home/jetson/ros2_dashing/install/ros2msg/lib/python3.6/site-packages:/home/jetson/ros2_dashing/build/ros2action:/home/jetson/ros2_dashing/install/ros2action/lib/python3.6/site-packages:/home/jetson/ros2_dashing/build/ros2cli:/home/jetson/ros2_dashing/install/ros2cli/lib/python3.6/site-packages:/home/jetson/ros2_dashing/build/quality_of_service_demo_py:/home/jetson/ros2_dashing/install/quality_of_service_demo_py/lib/python3.6/site-packages:/home/jetson/ros2_dashing/build/launch_testing_ros:/home/jetson/ros2_dashing/install/launch_testing_ros/lib/python3.6/site-packages:/home/jetson/ros2_dashing/build/launch_ros:/home/jetson/ros2_dashing/install/launch_ros/lib/python3.6/site-packages:/home/jetson/ros2_dashing/build/examples_rclpy_minimal_subscriber:/home/jetson/ros2_dashing/install/examples_rclpy_minimal_subscriber/lib/python3.6/site-packages:/home/jetson/ros2_dashing/build/examples_rclpy_minimal_service:/home/jetson/ros2_dashing/install/examples_rclpy_minimal_service/lib/python3.6/site-packages:/home/jetson/ros2_dashing/build/examples_rclpy_minimal_publisher:/home/jetson/ros2_dashing/install/examples_rclpy_minimal_publisher/lib/python3.6/site-packages:/home/jetson/ros2_dashing/build/examples_rclpy_minimal_client:/home/jetson/ros2_dashing/install/examples_rclpy_minimal_client/lib/python3.6/site-packages:/home/jetson/ros2_dashing/build/examples_rclpy_minimal_action_server:/home/jetson/ros2_dashing/install/examples_rclpy_minimal_action_server/lib/python3.6/site-packages:/home/jetson/ros2_dashing/build/examples_rclpy_minimal_action_client:/home/jetson/ros2_dashing/install/examples_rclpy_minimal_action_client/lib/python3.6/site-packages:/home/jetson/ros2_dashing/build/examples_rclpy_executors:/home/jetson/ros2_dashing/install/examples_rclpy_executors/lib/python3.6/site-packages:/home/jetson/ros2_dashing/build/demo_nodes_py:/home/jetson/ros2_dashing/install/demo_nodes_py/lib/python3.6/site-packages:/home/jetson/ros2_dashing/install/action_tutorials/lib/python3.6/site-packages:/home/jetson/ros2_dashing/install/rclpy/lib/python3.6/site-packages:/home/jetson/ros2_dashing/install/example_interfaces/lib/python3.6/site-packages:/home/jetson/ros2_dashing/install/action_msgs/lib/python3.6/site-packages:/home/jetson/ros2_dashing/install/unique_identifier_msgs/lib/python3.6/site-packages:/home/jetson/ros2_dashing/build/ament_uncrustify:/home/jetson/ros2_dashing/install/ament_uncrustify/lib/python3.6/site-packages:/home/jetson/ros2_dashing/install/trajectory_msgs/lib/python3.6/site-packages:/home/jetson/ros2_dashing/install/qt_gui_cpp/lib/python3.6/site-packages:/home/jetson/ros2_dashing/install/logging_demo/lib/python3.6/site-packages:/home/jetson/ros2_dashing/build/test_launch_ros:/home/jetson/ros2_dashing/install/test_launch_ros/lib/python3.6/site-packages:/home/jetson/ros2_dashing/install/stereo_msgs/lib/python3.6/site-packages:/home/jetson/ros2_dashing/install/std_srvs/lib/python3.6/site-packages:/home/jetson/ros2_dashing/install/shape_msgs/lib/python3.6/site-packages:/home/jetson/ros2_dashing/install/map_msgs/lib/python3.6/site-packages:/home/jetson/ros2_dashing/install/sensor_msgs/lib/python3.6/site-packages:/home/jetson/ros2_dashing/install/nav_msgs/lib/python3.6/site-packages:/home/jetson/ros2_dashing/install/diagnostic_msgs/lib/python3.6/site-packages:/home/jetson/ros2_dashing/install/geometry_msgs/lib/python3.6/site-packages:/home/jetson/ros2_dashing/install/actionlib_msgs/lib/python3.6/site-packages:/home/jetson/ros2_dashing/install/std_msgs/lib/python3.6/site-packages:/home/jetson/ros2_dashing/install/rosgraph_msgs/lib/python3.6/site-packages:/home/jetson/ros2_dashing/install/composition_interfaces/lib/python3.6/site-packages:/home/jetson/ros2_dashing/install/rcl_interfaces/lib/python3.6/site-packages:/home/jetson/ros2_dashing/install/pendulum_msgs/lib/python3.6/site-packages:/home/jetson/ros2_dashing/install/lifecycle_msgs/lib/python3.6/site-packages:/home/jetson/ros2_dashing/install/builtin_interfaces/lib/python3.6/site-packages:/home/jetson/ros2_dashing/install/rosidl_typesupport_cpp/lib/python3.6/site-packages:/home/jetson/ros2_dashing/install/rosidl_generator_py/lib/python3.6/site-packages:/home/jetson/ros2_dashing/install/rosidl_typesupport_c/lib/python3.6/site-packages:/home/jetson/ros2_dashing/install/rosidl_typesupport_introspection_cpp/lib/python3.6/site-packages:/home/jetson/ros2_dashing/install/rosidl_typesupport_introspection_c/lib/python3.6/site-packages:/home/jetson/ros2_dashing/install/rosidl_typesupport_fastrtps_c/lib/python3.6/site-packages:/home/jetson/ros2_dashing/install/rosidl_typesupport_fastrtps_cpp/lib/python3.6/site-packages:/home/jetson/ros2_dashing/install/rosidl_generator_cpp/lib/python3.6/site-packages:/home/jetson/ros2_dashing/install/rosidl_generator_c/lib/python3.6/site-packages:/home/jetson/ros2_dashing/build/rosidl_runtime_py:/home/jetson/ros2_dashing/install/rosidl_runtime_py/lib/python3.6/site-packages:/home/jetson/ros2_dashing/install/rosidl_generator_dds_idl/lib/python3.6/site-packages:/home/jetson/ros2_dashing/install/rosidl_cmake/lib/python3.6/site-packages:/home/jetson/ros2_dashing/install/rosidl_parser/lib/python3.6/site-packages:/home/jetson/ros2_dashing/install/rosidl_adapter/lib/python3.6/site-packages:/home/jetson/ros2_dashing/install/rcutils/lib/python3.6/site-packages:/home/jetson/ros2_dashing/install/qt_gui_py_common/lib/python3.6/site-packages:/home/jetson/ros2_dashing/install/qt_gui/lib/python3.6/site-packages:/home/jetson/ros2_dashing/install/qt_dotgraph/lib/python3.6/site-packages:/home/jetson/ros2_dashing/install/python_qt_binding/lib/python3.6/site-packages:/home/jetson/ros2_dashing/build/launch_testing:/home/jetson/ros2_dashing/install/launch_testing/lib/python3.6/site-packages:/home/jetson/ros2_dashing/build/launch:/home/jetson/ros2_dashing/install/launch/lib/python3.6/site-packages:/home/jetson/ros2_dashing/build/osrf_pycommon:/home/jetson/ros2_dashing/install/osrf_pycommon/lib/python3.6/site-packages:/home/jetson/ros2_dashing/install/message_filters/lib/python3.6/site-packages:/home/jetson/ros2_dashing/build/ament_xmllint:/home/jetson/ros2_dashing/install/ament_xmllint/lib/python3.6/site-packages:/home/jetson/ros2_dashing/build/ament_pyflakes:/home/jetson/ros2_dashing/install/ament_pyflakes/lib/python3.6/site-packages:/home/jetson/ros2_dashing/build/ament_pep8:/home/jetson/ros2_dashing/install/ament_pep8/lib/python3.6/site-packages:/home/jetson/ros2_dashing/build/ament_pep257:/home/jetson/ros2_dashing/install/ament_pep257/lib/python3.6/site-packages:/home/jetson/ros2_dashing/build/ament_pclint:/home/jetson/ros2_dashing/install/ament_pclint/lib/python3.6/site-packages:/home/jetson/ros2_dashing/install/ament_cmake_test/lib/python3.6/site-packages:/home/jetson/ros2_dashing/build/ament_package:/home/jetson/ros2_dashing/install/ament_package/lib/python3.6/site-packages:/home/jetson/ros2_dashing/build/ament_lint_cmake:/home/jetson/ros2_dashing/install/ament_lint_cmake/lib/python3.6/site-packages:/home/jetson/ros2_dashing/build/ament_flake8:/home/jetson/ros2_dashing/install/ament_flake8/lib/python3.6/site-packages:/home/jetson/ros2_dashing/build/ament_copyright:/home/jetson/ros2_dashing/install/ament_copyright/lib/python3.6/site-packages:/home/jetson/ros2_dashing/build/ament_lint:/home/jetson/ros2_dashing/install/ament_lint/lib/python3.6/site-packages:/home/jetson/ros2_dashing/build/ament_index_python:/home/jetson/ros2_dashing/install/ament_index_python/lib/python3.6/site-packages:/home/jetson/ros2_dashing/build/ament_cpplint:/home/jetson/ros2_dashing/install/ament_cpplint/lib/python3.6/site-packages:/home/jetson/ros2_dashing/build/ament_cppcheck:/home/jetson/ros2_dashing/install/ament_cppcheck/lib/python3.6/site-packages:/home/jetson/ros2_dashing/build/ament_clang_tidy:/home/jetson/ros2_dashing/install/ament_clang_tidy/lib/python3.6/site-packages:/home/jetson/ros2_dashing/build/ament_clang_format:/home/jetson/ros2_dashing/install/ament_clang_format/lib/python3.6/site-packages /usr/bin/python3 setup.py egg_info --egg-base ../../build/jet_drive build --build-base /home/jetson/JetAutonomy/ros2/build/jet_drive/build install --prefix /home/jetson/JetAutonomy/ros2/install/jet_drive --record /home/jetson/JetAutonomy/ros2/build/jet_drive/install.log --single-version-externally-managed
[25.020s] DEBUG:colcon.colcon_core.event_handler.log_command:Invoked command in '/home/jetson/JetAutonomy/ros2/src/jet_drive' returned '0': CMAKE_PREFIX_PATH=/home/jetson/JetAutonomy/ros2/install/jet_autonomy_msgs:/home/jetson/JetAutonomy/ros2/install/jet_drive_moderator:/home/jetson/JetAutonomy/ros2/install/rplidar_ros:/home/jetson/JetAutonomy/ros2/install/front_cam:/home/jetson/ros2_dashing/install/rviz_visual_testing_framework:/home/jetson/ros2_dashing/install/rviz2:/home/jetson/ros2_dashing/install/rviz_default_plugins:/home/jetson/ros2_dashing/install/rviz_common:/home/jetson/ros2_dashing/install/rosbag2_transport:/home/jetson/ros2_dashing/install/rosbag2_storage_default_plugins:/home/jetson/ros2_dashing/install/rosbag2_converter_default_plugins:/home/jetson/ros2_dashing/install/rosbag2:/home/jetson/ros2_dashing/install/rosbag2_storage:/home/jetson/ros2_dashing/install/yaml_cpp_vendor:/home/jetson/ros2_dashing/install/ros1_bridge:/home/jetson/ros2_dashing/install/common_interfaces:/home/jetson/ros2_dashing/install/visualization_msgs:/home/jetson/ros2_dashing/install/dummy_robot_bringup:/home/jetson/ros2_dashing/install/robot_state_publisher:/home/jetson/ros2_dashing/install/kdl_parser:/home/jetson/ros2_dashing/install/urdf:/home/jetson/ros2_dashing/install/urdfdom:/home/jetson/ros2_dashing/install/urdfdom_headers:/home/jetson/ros2_dashing/install/turtlesim:/home/jetson/ros2_dashing/install/tf2_sensor_msgs:/home/jetson/ros2_dashing/install/tf2_kdl:/home/jetson/ros2_dashing/install/tf2_geometry_msgs:/home/jetson/ros2_dashing/install/tf2_eigen:/home/jetson/ros2_dashing/install/tf2_ros:/home/jetson/ros2_dashing/install/tf2_msgs:/home/jetson/ros2_dashing/install/test_msgs:/home/jetson/ros2_dashing/install/sros2_cmake:/home/jetson/ros2_dashing/install/rqt_publisher:/home/jetson/ros2_dashing/install/rqt_plot:/home/jetson/ros2_dashing/install/rqt_msg:/home/jetson/ros2_dashing/install/rqt_console:/home/jetson/ros2_dashing/install/rqt_py_common:/home/jetson/ros2_dashing/install/ros_testing:/home/jetson/ros2_dashing/install/lifecycle:/home/jetson/ros2_dashing/install/quality_of_service_demo_cpp:/home/jetson/ros2_dashing/install/demo_nodes_cpp:/home/jetson/ros2_dashing/install/composition:/home/jetson/ros2_dashing/install/action_tutorials:/home/jetson/ros2_dashing/install/rclpy:/home/jetson/ros2_dashing/install/examples_rclcpp_minimal_action_server:/home/jetson/ros2_dashing/install/examples_rclcpp_minimal_action_client:/home/jetson/ros2_dashing/install/rclcpp_action:/home/jetson/ros2_dashing/install/rcl_action:/home/jetson/ros2_dashing/install/examples_rclcpp_minimal_service:/home/jetson/ros2_dashing/install/examples_rclcpp_minimal_client:/home/jetson/ros2_dashing/install/example_interfaces:/home/jetson/ros2_dashing/install/action_msgs:/home/jetson/ros2_dashing/install/unique_identifier_msgs:/home/jetson/ros2_dashing/install/ament_lint_common:/home/jetson/ros2_dashing/install/ament_cmake_uncrustify:/home/jetson/ros2_dashing/install/uncrustify_vendor:/home/jetson/ros2_dashing/install/trajectory_msgs:/home/jetson/ros2_dashing/install/pendulum_control:/home/jetson/ros2_dashing/install/tlsf_cpp:/home/jetson/ros2_dashing/install/tlsf:/home/jetson/ros2_dashing/install/tinyxml_vendor:/home/jetson/ros2_dashing/install/rqt_gui_cpp:/home/jetson/ros2_dashing/install/qt_gui_core:/home/jetson/ros2_dashing/install/qt_gui_cpp:/home/jetson/ros2_dashing/install/pluginlib:/home/jetson/ros2_dashing/install/tinyxml2_vendor:/home/jetson/ros2_dashing/install/rosbag2_test_common:/home/jetson/ros2_dashing/install/rclcpp_lifecycle:/home/jetson/ros2_dashing/install/logging_demo:/home/jetson/ros2_dashing/install/examples_rclcpp_minimal_composition:/home/jetson/ros2_dashing/install/rclcpp_components:/home/jetson/ros2_dashing/install/laser_geometry:/home/jetson/ros2_dashing/install/intra_process_demo:/home/jetson/ros2_dashing/install/image_tools:/home/jetson/ros2_dashing/install/examples_rclcpp_minimal_timer:/home/jetson/ros2_dashing/install/examples_rclcpp_minimal_subscriber:/home/jetson/ros2_dashing/install/examples_rclcpp_minimal_publisher:/home/jetson/ros2_dashing/install/dummy_sensors:/home/jetson/ros2_dashing/install/dummy_map_server:/home/jetson/ros2_dashing/install/demo_nodes_cpp_native:/home/jetson/ros2_dashing/install/rclcpp:/home/jetson/ros2_dashing/install/rcl_lifecycle:/home/jetson/ros2_dashing/install/rcl:/home/jetson/ros2_dashing/install/tinydir_vendor:/home/jetson/ros2_dashing/install/tf2:/home/jetson/ros2_dashing/install/test_security:/home/jetson/ros2_dashing/install/test_rclcpp:/home/jetson/ros2_dashing/install/test_quality_of_service:/home/jetson/ros2_dashing/install/test_launch_testing:/home/jetson/ros2_dashing/install/test_interface_files:/home/jetson/ros2_dashing/install/test_communication:/home/jetson/ros2_dashing/install/test_cli_remapping:/home/jetson/ros2_dashing/install/test_cli:/home/jetson/ros2_dashing/install/stereo_msgs:/home/jetson/ros2_dashing/install/std_srvs:/home/jetson/ros2_dashing/install/shape_msgs:/home/jetson/ros2_dashing/install/map_msgs:/home/jetson/ros2_dashing/install/sensor_msgs:/home/jetson/ros2_dashing/install/nav_msgs:/home/jetson/ros2_dashing/install/diagnostic_msgs:/home/jetson/ros2_dashing/install/geometry_msgs:/home/jetson/ros2_dashing/install/actionlib_msgs:/home/jetson/ros2_dashing/install/std_msgs:/home/jetson/ros2_dashing/install/sqlite3_vendor:/home/jetson/ros2_dashing/install/shared_queues_vendor:/home/jetson/ros2_dashing/install/rviz_rendering_tests:/home/jetson/ros2_dashing/install/rviz_rendering:/home/jetson/ros2_dashing/install/rviz_ogre_vendor:/home/jetson/ros2_dashing/install/rviz_assimp_vendor:/home/jetson/ros2_dashing/install/rttest:/home/jetson/ros2_dashing/install/rosgraph_msgs:/home/jetson/ros2_dashing/install/composition_interfaces:/home/jetson/ros2_dashing/install/rcl_interfaces:/home/jetson/ros2_dashing/install/pendulum_msgs:/home/jetson/ros2_dashing/install/lifecycle_msgs:/home/jetson/ros2_dashing/install/builtin_interfaces:/home/jetson/ros2_dashing/install/rosidl_default_runtime:/home/jetson/ros2_dashing/install/rosidl_default_generators:/home/jetson/ros2_dashing/install/rosidl_typesupport_cpp:/home/jetson/ros2_dashing/install/rosidl_generator_py:/home/jetson/ros2_dashing/install/rosidl_typesupport_c:/home/jetson/ros2_dashing/install/rmw_implementation:/home/jetson/ros2_dashing/install/rmw_opensplice_cpp:/home/jetson/ros2_dashing/install/rosidl_typesupport_opensplice_c:/home/jetson/ros2_dashing/install/rosidl_typesupport_opensplice_cpp:/home/jetson/ros2_dashing/install/rmw_fastrtps_dynamic_cpp:/home/jetson/ros2_dashing/install/rmw_cyclonedds_cpp:/home/jetson/ros2_dashing/install/rosidl_typesupport_introspection_cpp:/home/jetson/ros2_dashing/install/rosidl_typesupport_introspection_c:/home/jetson/ros2_dashing/install/rmw_fastrtps_cpp:/home/jetson/ros2_dashing/install/rosidl_typesupport_fastrtps_c:/home/jetson/ros2_dashing/install/rosidl_typesupport_fastrtps_cpp:/home/jetson/ros2_dashing/install/rmw_connext_cpp:/home/jetson/ros2_dashing/install/rosidl_typesupport_connext_c:/home/jetson/ros2_dashing/install/rosidl_typesupport_connext_cpp:/home/jetson/ros2_dashing/install/rosidl_generator_cpp:/home/jetson/ros2_dashing/install/rmw_fastrtps_shared_cpp:/home/jetson/ros2_dashing/install/rmw:/home/jetson/ros2_dashing/install/rosidl_generator_c:/home/jetson/ros2_dashing/install/rosidl_typesupport_interface:/home/jetson/ros2_dashing/install/rosidl_generator_dds_idl:/home/jetson/ros2_dashing/install/rosidl_cmake:/home/jetson/ros2_dashing/install/rosidl_parser:/home/jetson/ros2_dashing/install/rosidl_adapter:/home/jetson/ros2_dashing/install/rosbag2_tests:/home/jetson/ros2_dashing/install/ros_environment:/home/jetson/ros2_dashing/install/rmw_implementation_cmake:/home/jetson/ros2_dashing/install/rmw_connext_shared_cpp:/home/jetson/ros2_dashing/install/resource_retriever:/home/jetson/ros2_dashing/install/rcl_logging_noop:/home/jetson/ros2_dashing/install/rcl_logging_log4cxx:/home/jetson/ros2_dashing/install/rcutils:/home/jetson/ros2_dashing/install/rcpputils:/home/jetson/ros2_dashing/install/rcl_yaml_param_parser:/home/jetson/ros2_dashing/install/qt_gui_py_common:/home/jetson/ros2_dashing/install/qt_gui_app:/home/jetson/ros2_dashing/install/qt_gui:/home/jetson/ros2_dashing/install/qt_dotgraph:/home/jetson/ros2_dashing/install/python_qt_binding:/home/jetson/ros2_dashing/install/launch_testing_ament_cmake:/home/jetson/ros2_dashing/install/python_cmake_module:/home/jetson/ros2_dashing/install/class_loader:/home/jetson/ros2_dashing/install/poco_vendor:/home/jetson/ros2_dashing/install/fastrtps:/home/jetson/ros2_dashing/install/osrf_testing_tools_cpp:/home/jetson/ros2_dashing/install/orocos_kdl:/home/jetson/ros2_dashing/install/opensplice_cmake_module:/home/jetson/ros2_dashing/install/message_filters:/home/jetson/ros2_dashing/install/libyaml_vendor:/home/jetson/ros2_dashing/install/libcurl_vendor:/home/jetson/ros2_dashing/install/ament_cmake_gmock:/home/jetson/ros2_dashing/install/gmock_vendor:/home/jetson/ros2_dashing/install/ament_cmake_gtest:/home/jetson/ros2_dashing/install/gtest_vendor:/home/jetson/ros2_dashing/install/fastrtps_cmake_module:/home/jetson/ros2_dashing/install/fastcdr:/home/jetson/ros2_dashing/install/eigen3_cmake_module:/home/jetson/ros2_dashing/install/cyclonedds_cmake_module:/home/jetson/ros2_dashing/install/cyclonedds:/home/jetson/ros2_dashing/install/console_bridge_vendor:/home/jetson/ros2_dashing/install/connext_cmake_module:/home/jetson/ros2_dashing/install/ament_cmake_xmllint:/home/jetson/ros2_dashing/install/ament_cmake_pyflakes:/home/jetson/ros2_dashing/install/ament_cmake_pep8:/home/jetson/ros2_dashing/install/ament_cmake_pep257:/home/jetson/ros2_dashing/install/ament_cmake_pclint:/home/jetson/ros2_dashing/install/ament_lint_auto:/home/jetson/ros2_dashing/install/ament_cmake_ros:/home/jetson/ros2_dashing/install/ament_cmake_pytest:/home/jetson/ros2_dashing/install/ament_cmake_nose:/home/jetson/ros2_dashing/install/ament_cmake_lint_cmake:/home/jetson/ros2_dashing/install/ament_cmake_flake8:/home/jetson/ros2_dashing/install/ament_cmake_cpplint:/home/jetson/ros2_dashing/install/ament_cmake_cppcheck:/home/jetson/ros2_dashing/install/ament_cmake_copyright:/home/jetson/ros2_dashing/install/ament_cmake_clang_tidy:/home/jetson/ros2_dashing/install/ament_cmake_clang_format:/home/jetson/ros2_dashing/install/ament_cmake_auto:/home/jetson/ros2_dashing/install/ament_cmake:/home/jetson/ros2_dashing/install/ament_cmake_test:/home/jetson/ros2_dashing/install/ament_cmake_target_dependencies:/home/jetson/ros2_dashing/install/ament_cmake_python:/home/jetson/ros2_dashing/install/ament_cmake_export_dependencies:/home/jetson/ros2_dashing/install/ament_cmake_libraries:/home/jetson/ros2_dashing/install/ament_cmake_include_directories:/home/jetson/ros2_dashing/install/ament_cmake_export_link_flags:/home/jetson/ros2_dashing/install/ament_cmake_export_interfaces:/home/jetson/ros2_dashing/install/ament_cmake_export_libraries:/home/jetson/ros2_dashing/install/ament_cmake_export_include_directories:/home/jetson/ros2_dashing/install/ament_cmake_export_definitions:/home/jetson/ros2_dashing/install/ament_cmake_core:/home/jetson/ros2_dashing/install/ament_index_cpp LD_LIBRARY_PATH=/home/jetson/JetAutonomy/ros2/install/jet_autonomy_msgs/lib:/home/jetson/JetAutonomy/ros2/install/rplidar_ros/lib:/home/jetson/ros2_dashing/install/rviz_default_plugins/lib:/home/jetson/ros2_dashing/install/rviz_common/lib:/home/jetson/ros2_dashing/install/rosbag2_transport/lib:/home/jetson/ros2_dashing/install/rosbag2_storage_default_plugins/lib:/home/jetson/ros2_dashing/install/rosbag2_converter_default_plugins/lib:/home/jetson/ros2_dashing/install/rosbag2/lib:/home/jetson/ros2_dashing/install/rosbag2_storage/lib:/home/jetson/ros2_dashing/install/yaml_cpp_vendor/opt/yaml_cpp_vendor/lib:/home/jetson/ros2_dashing/install/visualization_msgs/lib:/home/jetson/ros2_dashing/install/robot_state_publisher/lib:/home/jetson/ros2_dashing/install/kdl_parser/lib:/home/jetson/ros2_dashing/install/urdf/lib:/home/jetson/ros2_dashing/install/urdfdom/lib:/home/jetson/ros2_dashing/install/turtlesim/lib:/home/jetson/ros2_dashing/install/tf2_ros/lib:/home/jetson/ros2_dashing/install/tf2_msgs/lib:/home/jetson/ros2_dashing/install/test_msgs/lib:/home/jetson/ros2_dashing/install/composition/lib:/home/jetson/ros2_dashing/install/action_tutorials/lib:/home/jetson/ros2_dashing/install/rclpy/lib:/home/jetson/ros2_dashing/install/rclcpp_action/lib:/home/jetson/ros2_dashing/install/rcl_action/lib:/home/jetson/ros2_dashing/install/example_interfaces/lib:/home/jetson/ros2_dashing/install/action_msgs/lib:/home/jetson/ros2_dashing/install/unique_identifier_msgs/lib:/home/jetson/ros2_dashing/install/trajectory_msgs/lib:/home/jetson/ros2_dashing/install/tlsf/lib:/home/jetson/ros2_dashing/install/rqt_gui_cpp/lib:/home/jetson/ros2_dashing/install/qt_gui_cpp/lib:/home/jetson/ros2_dashing/install/rclcpp_lifecycle/lib:/home/jetson/ros2_dashing/install/logging_demo/lib:/home/jetson/ros2_dashing/install/examples_rclcpp_minimal_composition/lib:/home/jetson/ros2_dashing/install/laser_geometry/lib:/home/jetson/ros2_dashing/install/rclcpp/lib:/home/jetson/ros2_dashing/install/rcl_lifecycle/lib:/home/jetson/ros2_dashing/install/rcl/lib:/home/jetson/ros2_dashing/install/tf2/lib:/home/jetson/ros2_dashing/install/stereo_msgs/lib:/home/jetson/ros2_dashing/install/std_srvs/lib:/home/jetson/ros2_dashing/install/shape_msgs/lib:/home/jetson/ros2_dashing/install/map_msgs/lib:/home/jetson/ros2_dashing/install/sensor_msgs/lib:/home/jetson/ros2_dashing/install/nav_msgs/lib:/home/jetson/ros2_dashing/install/diagnostic_msgs/lib:/home/jetson/ros2_dashing/install/geometry_msgs/lib:/home/jetson/ros2_dashing/install/actionlib_msgs/lib:/home/jetson/ros2_dashing/install/std_msgs/lib:/home/jetson/ros2_dashing/install/rviz_rendering/lib:/home/jetson/ros2_dashing/install/rviz_ogre_vendor/opt/rviz_ogre_vendor/lib:/home/jetson/ros2_dashing/install/rttest/lib:/home/jetson/ros2_dashing/install/rosgraph_msgs/lib:/home/jetson/ros2_dashing/install/composition_interfaces/lib:/home/jetson/ros2_dashing/install/rcl_interfaces/lib:/home/jetson/ros2_dashing/install/pendulum_msgs/lib:/home/jetson/ros2_dashing/install/lifecycle_msgs/lib:/home/jetson/ros2_dashing/install/builtin_interfaces/lib:/home/jetson/ros2_dashing/install/rosidl_typesupport_cpp/lib:/home/jetson/ros2_dashing/install/rosidl_typesupport_c/lib:/home/jetson/ros2_dashing/install/rmw_implementation/lib:/home/jetson/ros2_dashing/install/rmw_fastrtps_dynamic_cpp/lib:/home/jetson/ros2_dashing/install/rmw_cyclonedds_cpp/lib:/home/jetson/ros2_dashing/install/rosidl_typesupport_introspection_cpp/lib:/home/jetson/ros2_dashing/install/rosidl_typesupport_introspection_c/lib:/home/jetson/ros2_dashing/install/rmw_fastrtps_cpp/lib:/home/jetson/ros2_dashing/install/rosidl_typesupport_fastrtps_c/lib:/home/jetson/ros2_dashing/install/rosidl_typesupport_fastrtps_cpp/lib:/home/jetson/ros2_dashing/install/rmw_fastrtps_shared_cpp/lib:/home/jetson/ros2_dashing/install/rmw/lib:/home/jetson/ros2_dashing/install/rosidl_generator_c/lib:/home/jetson/ros2_dashing/install/resource_retriever/lib:/home/jetson/ros2_dashing/install/rcl_logging_noop/lib:/home/jetson/ros2_dashing/install/rcl_logging_log4cxx/lib:/home/jetson/ros2_dashing/install/rcutils/lib:/home/jetson/ros2_dashing/install/rcl_yaml_param_parser/lib:/home/jetson/ros2_dashing/install/class_loader/lib:/home/jetson/ros2_dashing/install/fastrtps/lib:/home/jetson/ros2_dashing/install/osrf_testing_tools_cpp/lib:/home/jetson/ros2_dashing/install/orocos_kdl/lib:/home/jetson/ros2_dashing/install/message_filters/lib:/home/jetson/ros2_dashing/install/libyaml_vendor/lib:/home/jetson/ros2_dashing/install/fastcdr/lib:/home/jetson/ros2_dashing/install/cyclonedds/lib:/home/jetson/ros2_dashing/install/console_bridge_vendor/lib:/home/jetson/ros2_dashing/install/ament_index_cpp/lib PYTHONPATH=/home/jetson/JetAutonomy/ros2/install/jet_drive/lib/python3.6/site-packages:/home/jetson/JetAutonomy/ros2/install/jet_autonomy_msgs/lib/python3.6/site-packages:/home/jetson/JetAutonomy/ros2/install/jet_drive/lib/python3.6/site-packages:/home/jetson/JetAutonomy/ros2/install/joystick/lib/python3.6/site-packages:/home/jetson/ros2_dashing/build/ros2bag:/home/jetson/ros2_dashing/install/ros2bag/lib/python3.6/site-packages:/home/jetson/ros2_dashing/install/rosbag2_transport/lib/python3.6/site-packages:/home/jetson/ros2_dashing/install/visualization_msgs/lib/python3.6/site-packages:/home/jetson/ros2_dashing/install/turtlesim/lib/python3.6/site-packages:/home/jetson/ros2_dashing/build/topic_monitor:/home/jetson/ros2_dashing/install/topic_monitor/lib/python3.6/site-packages:/home/jetson/ros2_dashing/install/tf2_msgs/lib/python3.6/site-packages:/home/jetson/ros2_dashing/install/test_msgs/lib/python3.6/site-packages:/home/jetson/ros2_dashing/build/sros2:/home/jetson/ros2_dashing/install/sros2/lib/python3.6/site-packages:/home/jetson/ros2_dashing/build/rqt_topic/src:/home/jetson/ros2_dashing/install/rqt_topic/lib/python3.6/site-packages:/home/jetson/ros2_dashing/build/rqt_top/src:/home/jetson/ros2_dashing/install/rqt_top/lib/python3.6/site-packages:/home/jetson/ros2_dashing/build/rqt_srv/src:/home/jetson/ros2_dashing/install/rqt_srv/lib/python3.6/site-packages:/home/jetson/ros2_dashing/build/rqt_shell/src:/home/jetson/ros2_dashing/install/rqt_shell/lib/python3.6/site-packages:/home/jetson/ros2_dashing/build/rqt_service_caller/src:/home/jetson/ros2_dashing/install/rqt_service_caller/lib/python3.6/site-packages:/home/jetson/ros2_dashing/build/rqt_py_console/src:/home/jetson/ros2_dashing/install/rqt_py_console/lib/python3.6/site-packages:/home/jetson/ros2_dashing/install/rqt_publisher/lib/python3.6/site-packages:/home/jetson/ros2_dashing/install/rqt_plot/lib/python3.6/site-packages:/home/jetson/ros2_dashing/build/rqt_action/src:/home/jetson/ros2_dashing/install/rqt_action/lib/python3.6/site-packages:/home/jetson/ros2_dashing/install/rqt_msg/lib/python3.6/site-packages:/home/jetson/ros2_dashing/install/rqt_console/lib/python3.6/site-packages:/home/jetson/ros2_dashing/build/rqt:/home/jetson/ros2_dashing/install/rqt/lib/python3.6/site-packages:/home/jetson/ros2_dashing/install/rqt_py_common/lib/python3.6/site-packages:/home/jetson/ros2_dashing/build/rqt_graph/src:/home/jetson/ros2_dashing/install/rqt_graph/lib/python3.6/site-packages:/home/jetson/ros2_dashing/build/rqt_gui_py/src:/home/jetson/ros2_dashing/install/rqt_gui_py/lib/python3.6/site-packages:/home/jetson/ros2_dashing/build/rqt_gui/src:/home/jetson/ros2_dashing/install/rqt_gui/lib/python3.6/site-packages:/home/jetson/ros2_dashing/build/ros2topic:/home/jetson/ros2_dashing/install/ros2topic/lib/python3.6/site-packages:/home/jetson/ros2_dashing/build/ros2test:/home/jetson/ros2_dashing/install/ros2test/lib/python3.6/site-packages:/home/jetson/ros2_dashing/build/ros2component:/home/jetson/ros2_dashing/install/ros2component/lib/python3.6/site-packages:/home/jetson/ros2_dashing/build/ros2param:/home/jetson/ros2_dashing/install/ros2param/lib/python3.6/site-packages:/home/jetson/ros2_dashing/build/ros2lifecycle:/home/jetson/ros2_dashing/install/ros2lifecycle/lib/python3.6/site-packages:/home/jetson/ros2_dashing/build/ros2service:/home/jetson/ros2_dashing/install/ros2service/lib/python3.6/site-packages:/home/jetson/ros2_dashing/build/ros2srv:/home/jetson/ros2_dashing/install/ros2srv/lib/python3.6/site-packages:/home/jetson/ros2_dashing/build/ros2run:/home/jetson/ros2_dashing/install/ros2run/lib/python3.6/site-packages:/home/jetson/ros2_dashing/build/ros2launch:/home/jetson/ros2_dashing/install/ros2launch/lib/python3.6/site-packages:/home/jetson/ros2_dashing/build/ros2pkg:/home/jetson/ros2_dashing/install/ros2pkg/lib/python3.6/site-packages:/home/jetson/ros2_dashing/build/ros2node:/home/jetson/ros2_dashing/install/ros2node/lib/python3.6/site-packages:/home/jetson/ros2_dashing/build/ros2multicast:/home/jetson/ros2_dashing/install/ros2multicast/lib/python3.6/site-packages:/home/jetson/ros2_dashing/build/ros2msg:/home/jetson/ros2_dashing/install/ros2msg/lib/python3.6/site-packages:/home/jetson/ros2_dashing/build/ros2action:/home/jetson/ros2_dashing/install/ros2action/lib/python3.6/site-packages:/home/jetson/ros2_dashing/build/ros2cli:/home/jetson/ros2_dashing/install/ros2cli/lib/python3.6/site-packages:/home/jetson/ros2_dashing/build/quality_of_service_demo_py:/home/jetson/ros2_dashing/install/quality_of_service_demo_py/lib/python3.6/site-packages:/home/jetson/ros2_dashing/build/launch_testing_ros:/home/jetson/ros2_dashing/install/launch_testing_ros/lib/python3.6/site-packages:/home/jetson/ros2_dashing/build/launch_ros:/home/jetson/ros2_dashing/install/launch_ros/lib/python3.6/site-packages:/home/jetson/ros2_dashing/build/examples_rclpy_minimal_subscriber:/home/jetson/ros2_dashing/install/examples_rclpy_minimal_subscriber/lib/python3.6/site-packages:/home/jetson/ros2_dashing/build/examples_rclpy_minimal_service:/home/jetson/ros2_dashing/install/examples_rclpy_minimal_service/lib/python3.6/site-packages:/home/jetson/ros2_dashing/build/examples_rclpy_minimal_publisher:/home/jetson/ros2_dashing/install/examples_rclpy_minimal_publisher/lib/python3.6/site-packages:/home/jetson/ros2_dashing/build/examples_rclpy_minimal_client:/home/jetson/ros2_dashing/install/examples_rclpy_minimal_client/lib/python3.6/site-packages:/home/jetson/ros2_dashing/build/examples_rclpy_minimal_action_server:/home/jetson/ros2_dashing/install/examples_rclpy_minimal_action_server/lib/python3.6/site-packages:/home/jetson/ros2_dashing/build/examples_rclpy_minimal_action_client:/home/jetson/ros2_dashing/install/examples_rclpy_minimal_action_client/lib/python3.6/site-packages:/home/jetson/ros2_dashing/build/examples_rclpy_executors:/home/jetson/ros2_dashing/install/examples_rclpy_executors/lib/python3.6/site-packages:/home/jetson/ros2_dashing/build/demo_nodes_py:/home/jetson/ros2_dashing/install/demo_nodes_py/lib/python3.6/site-packages:/home/jetson/ros2_dashing/install/action_tutorials/lib/python3.6/site-packages:/home/jetson/ros2_dashing/install/rclpy/lib/python3.6/site-packages:/home/jetson/ros2_dashing/install/example_interfaces/lib/python3.6/site-packages:/home/jetson/ros2_dashing/install/action_msgs/lib/python3.6/site-packages:/home/jetson/ros2_dashing/install/unique_identifier_msgs/lib/python3.6/site-packages:/home/jetson/ros2_dashing/build/ament_uncrustify:/home/jetson/ros2_dashing/install/ament_uncrustify/lib/python3.6/site-packages:/home/jetson/ros2_dashing/install/trajectory_msgs/lib/python3.6/site-packages:/home/jetson/ros2_dashing/install/qt_gui_cpp/lib/python3.6/site-packages:/home/jetson/ros2_dashing/install/logging_demo/lib/python3.6/site-packages:/home/jetson/ros2_dashing/build/test_launch_ros:/home/jetson/ros2_dashing/install/test_launch_ros/lib/python3.6/site-packages:/home/jetson/ros2_dashing/install/stereo_msgs/lib/python3.6/site-packages:/home/jetson/ros2_dashing/install/std_srvs/lib/python3.6/site-packages:/home/jetson/ros2_dashing/install/shape_msgs/lib/python3.6/site-packages:/home/jetson/ros2_dashing/install/map_msgs/lib/python3.6/site-packages:/home/jetson/ros2_dashing/install/sensor_msgs/lib/python3.6/site-packages:/home/jetson/ros2_dashing/install/nav_msgs/lib/python3.6/site-packages:/home/jetson/ros2_dashing/install/diagnostic_msgs/lib/python3.6/site-packages:/home/jetson/ros2_dashing/install/geometry_msgs/lib/python3.6/site-packages:/home/jetson/ros2_dashing/install/actionlib_msgs/lib/python3.6/site-packages:/home/jetson/ros2_dashing/install/std_msgs/lib/python3.6/site-packages:/home/jetson/ros2_dashing/install/rosgraph_msgs/lib/python3.6/site-packages:/home/jetson/ros2_dashing/install/composition_interfaces/lib/python3.6/site-packages:/home/jetson/ros2_dashing/install/rcl_interfaces/lib/python3.6/site-packages:/home/jetson/ros2_dashing/install/pendulum_msgs/lib/python3.6/site-packages:/home/jetson/ros2_dashing/install/lifecycle_msgs/lib/python3.6/site-packages:/home/jetson/ros2_dashing/install/builtin_interfaces/lib/python3.6/site-packages:/home/jetson/ros2_dashing/install/rosidl_typesupport_cpp/lib/python3.6/site-packages:/home/jetson/ros2_dashing/install/rosidl_generator_py/lib/python3.6/site-packages:/home/jetson/ros2_dashing/install/rosidl_typesupport_c/lib/python3.6/site-packages:/home/jetson/ros2_dashing/install/rosidl_typesupport_introspection_cpp/lib/python3.6/site-packages:/home/jetson/ros2_dashing/install/rosidl_typesupport_introspection_c/lib/python3.6/site-packages:/home/jetson/ros2_dashing/install/rosidl_typesupport_fastrtps_c/lib/python3.6/site-packages:/home/jetson/ros2_dashing/install/rosidl_typesupport_fastrtps_cpp/lib/python3.6/site-packages:/home/jetson/ros2_dashing/install/rosidl_generator_cpp/lib/python3.6/site-packages:/home/jetson/ros2_dashing/install/rosidl_generator_c/lib/python3.6/site-packages:/home/jetson/ros2_dashing/build/rosidl_runtime_py:/home/jetson/ros2_dashing/install/rosidl_runtime_py/lib/python3.6/site-packages:/home/jetson/ros2_dashing/install/rosidl_generator_dds_idl/lib/python3.6/site-packages:/home/jetson/ros2_dashing/install/rosidl_cmake/lib/python3.6/site-packages:/home/jetson/ros2_dashing/install/rosidl_parser/lib/python3.6/site-packages:/home/jetson/ros2_dashing/install/rosidl_adapter/lib/python3.6/site-packages:/home/jetson/ros2_dashing/install/rcutils/lib/python3.6/site-packages:/home/jetson/ros2_dashing/install/qt_gui_py_common/lib/python3.6/site-packages:/home/jetson/ros2_dashing/install/qt_gui/lib/python3.6/site-packages:/home/jetson/ros2_dashing/install/qt_dotgraph/lib/python3.6/site-packages:/home/jetson/ros2_dashing/install/python_qt_binding/lib/python3.6/site-packages:/home/jetson/ros2_dashing/build/launch_testing:/home/jetson/ros2_dashing/install/launch_testing/lib/python3.6/site-packages:/home/jetson/ros2_dashing/build/launch:/home/jetson/ros2_dashing/install/launch/lib/python3.6/site-packages:/home/jetson/ros2_dashing/build/osrf_pycommon:/home/jetson/ros2_dashing/install/osrf_pycommon/lib/python3.6/site-packages:/home/jetson/ros2_dashing/install/message_filters/lib/python3.6/site-packages:/home/jetson/ros2_dashing/build/ament_xmllint:/home/jetson/ros2_dashing/install/ament_xmllint/lib/python3.6/site-packages:/home/jetson/ros2_dashing/build/ament_pyflakes:/home/jetson/ros2_dashing/install/ament_pyflakes/lib/python3.6/site-packages:/home/jetson/ros2_dashing/build/ament_pep8:/home/jetson/ros2_dashing/install/ament_pep8/lib/python3.6/site-packages:/home/jetson/ros2_dashing/build/ament_pep257:/home/jetson/ros2_dashing/install/ament_pep257/lib/python3.6/site-packages:/home/jetson/ros2_dashing/build/ament_pclint:/home/jetson/ros2_dashing/install/ament_pclint/lib/python3.6/site-packages:/home/jetson/ros2_dashing/install/ament_cmake_test/lib/python3.6/site-packages:/home/jetson/ros2_dashing/build/ament_package:/home/jetson/ros2_dashing/install/ament_package/lib/python3.6/site-packages:/home/jetson/ros2_dashing/build/ament_lint_cmake:/home/jetson/ros2_dashing/install/ament_lint_cmake/lib/python3.6/site-packages:/home/jetson/ros2_dashing/build/ament_flake8:/home/jetson/ros2_dashing/install/ament_flake8/lib/python3.6/site-packages:/home/jetson/ros2_dashing/build/ament_copyright:/home/jetson/ros2_dashing/install/ament_copyright/lib/python3.6/site-packages:/home/jetson/ros2_dashing/build/ament_lint:/home/jetson/ros2_dashing/install/ament_lint/lib/python3.6/site-packages:/home/jetson/ros2_dashing/build/ament_index_python:/home/jetson/ros2_dashing/install/ament_index_python/lib/python3.6/site-packages:/home/jetson/ros2_dashing/build/ament_cpplint:/home/jetson/ros2_dashing/install/ament_cpplint/lib/python3.6/site-packages:/home/jetson/ros2_dashing/build/ament_cppcheck:/home/jetson/ros2_dashing/install/ament_cppcheck/lib/python3.6/site-packages:/home/jetson/ros2_dashing/build/ament_clang_tidy:/home/jetson/ros2_dashing/install/ament_clang_tidy/lib/python3.6/site-packages:/home/jetson/ros2_dashing/build/ament_clang_format:/home/jetson/ros2_dashing/install/ament_clang_format/lib/python3.6/site-packages /usr/bin/python3 setup.py egg_info --egg-base ../../build/jet_drive build --build-base /home/jetson/JetAutonomy/ros2/build/jet_drive/build install --prefix /home/jetson/JetAutonomy/ros2/install/jet_drive --record /home/jetson/JetAutonomy/ros2/build/jet_drive/install.log --single-version-externally-managed
[25.095s] Level 1:colcon.colcon_core.environment:checking '/home/jetson/JetAutonomy/ros2/install/jet_drive' for CMake module files
[25.100s] Level 1:colcon.colcon_core.environment:checking '/home/jetson/JetAutonomy/ros2/install/jet_drive' for CMake config files
[25.107s] Level 1:colcon.colcon_core.environment:checking '/home/jetson/JetAutonomy/ros2/install/jet_drive/lib'
[25.108s] Level 1:colcon.colcon_core.environment:checking '/home/jetson/JetAutonomy/ros2/install/jet_drive/bin'
[25.109s] Level 1:colcon.colcon_core.environment:checking '/home/jetson/JetAutonomy/ros2/install/jet_drive/lib/pkgconfig/jet_drive.pc'
[25.110s] Level 1:colcon.colcon_core.environment:checking '/home/jetson/JetAutonomy/ros2/install/jet_drive/lib/python3.6/site-packages'
[25.110s] Level 1:colcon.colcon_core.shell:create_environment_hook('jet_drive', 'pythonpath')
[25.118s] INFO:colcon.colcon_core.shell:Creating environment hook '/home/jetson/JetAutonomy/ros2/install/jet_drive/share/jet_drive/hook/pythonpath.ps1'
[25.122s] INFO:colcon.colcon_core.shell:Creating environment descriptor '/home/jetson/JetAutonomy/ros2/install/jet_drive/share/jet_drive/hook/pythonpath.dsv'
[25.125s] INFO:colcon.colcon_core.shell:Creating environment hook '/home/jetson/JetAutonomy/ros2/install/jet_drive/share/jet_drive/hook/pythonpath.sh'
[25.128s] Level 1:colcon.colcon_core.environment:create_environment_scripts_only(jet_drive)
[25.138s] INFO:colcon.colcon_core.shell:Creating package script '/home/jetson/JetAutonomy/ros2/install/jet_drive/share/jet_drive/package.ps1'
[25.146s] INFO:colcon.colcon_core.shell:Creating package descriptor '/home/jetson/JetAutonomy/ros2/install/jet_drive/share/jet_drive/package.dsv'
[25.151s] INFO:colcon.colcon_core.shell:Creating package script '/home/jetson/JetAutonomy/ros2/install/jet_drive/share/jet_drive/package.sh'
[25.159s] INFO:colcon.colcon_core.shell:Creating package script '/home/jetson/JetAutonomy/ros2/install/jet_drive/share/jet_drive/package.bash'
[25.167s] INFO:colcon.colcon_core.shell:Creating package script '/home/jetson/JetAutonomy/ros2/install/jet_drive/share/jet_drive/package.zsh'
[25.175s] Level 1:colcon.colcon_core.environment:create_file_with_runtime_dependencies(/home/jetson/JetAutonomy/ros2/install/jet_drive/share/colcon-core/packages/jet_drive)
[25.177s] DEBUG:colcon.colcon_parallel_executor.executor.parallel:closing loop
[25.186s] DEBUG:colcon.colcon_parallel_executor.executor.parallel:loop closed
[25.186s] DEBUG:colcon.colcon_parallel_executor.executor.parallel:run_until_complete finished with '0'
[25.187s] DEBUG:colcon.colcon_core.event_reactor:joining thread
[25.310s] INFO:colcon.colcon_core.plugin_system:Skipping extension 'colcon_notification.desktop_notification.terminal_notifier': Not used on non-Darwin systems
[25.311s] INFO:colcon.colcon_core.plugin_system:Skipping extension 'colcon_notification.desktop_notification.win32': Not used on non-Windows systems
[25.312s] INFO:colcon.colcon_notification.desktop_notification:Sending desktop notification using 'notify2'
[25.319s] DEBUG:colcon.colcon_notification.desktop_notification.notify2:Failed to initialize notify2: org.freedesktop.DBus.Error.ServiceUnknown: The name org.freedesktop.Notifications was not provided by any .service files
[25.320s] DEBUG:colcon.colcon_core.event_reactor:joined thread
[25.329s] INFO:colcon.colcon_core.shell:Creating prefix script '/home/jetson/JetAutonomy/ros2/install/local_setup.ps1'
[25.339s] INFO:colcon.colcon_core.shell:Creating prefix util module '/home/jetson/JetAutonomy/ros2/install/_local_setup_util_ps1.py'
[25.355s] INFO:colcon.colcon_core.shell:Creating prefix chain script '/home/jetson/JetAutonomy/ros2/install/setup.ps1'
[25.486s] INFO:colcon.colcon_core.shell:Creating prefix script '/home/jetson/JetAutonomy/ros2/install/local_setup.sh'
[25.491s] INFO:colcon.colcon_core.shell:Creating prefix util module '/home/jetson/JetAutonomy/ros2/install/_local_setup_util_sh.py'
[25.495s] INFO:colcon.colcon_core.shell:Creating prefix chain script '/home/jetson/JetAutonomy/ros2/install/setup.sh'
[25.627s] INFO:colcon.colcon_core.shell:Creating prefix script '/home/jetson/JetAutonomy/ros2/install/local_setup.bash'
[25.632s] INFO:colcon.colcon_core.shell:Creating prefix chain script '/home/jetson/JetAutonomy/ros2/install/setup.bash'
[25.765s] INFO:colcon.colcon_core.shell:Creating prefix script '/home/jetson/JetAutonomy/ros2/install/local_setup.zsh'
[25.769s] INFO:colcon.colcon_core.shell:Creating prefix chain script '/home/jetson/JetAutonomy/ros2/install/setup.zsh'
