[5.718s] DEBUG:colcon:Command line arguments: ['/usr/bin/colcon', 'build', '--packages-select', 'jetpilot_msgs']
[5.719s] DEBUG:colcon:Parsed command line arguments: Namespace(ament_cmake_args=None, base_paths=['.'], build_base='build', catkin_cmake_args=None, catkin_skip_building_tests=False, cmake_args=None, cmake_clean_cache=False, cmake_clean_first=False, cmake_force_configure=False, cmake_target=None, cmake_target_skip_unavailable=False, continue_on_error=False, event_handlers=None, executor='parallel', ignore_user_meta=False, install_base='install', log_base=None, log_level=None, main=<bound method BuildVerb.main of <colcon_core.verb.build.BuildVerb object at 0x7f7b9c1eb8>>, merge_install=False, metas=['./colcon.meta'], packages_above=None, packages_above_and_dependencies=None, packages_above_depth=None, packages_end=None, packages_ignore=None, packages_ignore_regex=None, packages_select=['jetpilot_msgs'], packages_select_build_failed=False, packages_select_by_dep=None, packages_select_regex=None, packages_select_test_failures=False, packages_skip=None, packages_skip_build_finished=False, packages_skip_by_dep=None, packages_skip_regex=None, packages_skip_test_passed=False, packages_skip_up_to=None, packages_start=None, packages_up_to=None, packages_up_to_regex=None, parallel_workers=2, paths=None, symlink_install=False, test_result_base=None, verb_extension=<colcon_core.verb.build.BuildVerb object at 0x7f7b9c1eb8>, verb_name='build', verb_parser=<colcon_defaults.argument_parser.defaults.DefaultArgumentsDecorator object at 0x7f7b908240>)
[5.858s] Level 1:colcon.colcon_core.package_discovery:discover_packages(colcon_meta) check parameters
[5.860s] Level 1:colcon.colcon_core.package_discovery:discover_packages(recursive) check parameters
[5.862s] Level 1:colcon.colcon_core.package_discovery:discover_packages(ignore) check parameters
[5.863s] Level 1:colcon.colcon_core.package_discovery:discover_packages(path) check parameters
[5.864s] Level 1:colcon.colcon_core.package_discovery:discover_packages(colcon_meta) discover
[5.868s] Level 1:colcon.colcon_core.package_discovery:discover_packages(recursive) discover
[5.869s] INFO:colcon.colcon_core.package_discovery:Crawling recursively for packages in '/home/jetson/JetPilot/ros2'
[5.871s] Level 1:colcon.colcon_core.package_identification:_identify(.) by extensions ['ignore', 'ignore_ament_install']
[5.875s] Level 1:colcon.colcon_core.package_identification:_identify(.) by extension 'ignore'
[5.877s] Level 1:colcon.colcon_core.package_identification:_identify(.) by extension 'ignore_ament_install'
[5.878s] Level 1:colcon.colcon_core.package_identification:_identify(.) by extensions ['colcon_pkg']
[5.880s] Level 1:colcon.colcon_core.package_identification:_identify(.) by extension 'colcon_pkg'
[5.881s] Level 1:colcon.colcon_core.package_identification:_identify(.) by extensions ['colcon_meta']
[5.882s] Level 1:colcon.colcon_core.package_identification:_identify(.) by extension 'colcon_meta'
[5.884s] Level 1:colcon.colcon_core.package_identification:_identify(.) by extensions ['ros']
[5.885s] Level 1:colcon.colcon_core.package_identification:_identify(.) by extension 'ros'
[6.045s] Level 1:colcon.colcon_core.package_identification:_identify(.) by extensions ['cmake', 'python']
[6.046s] Level 1:colcon.colcon_core.package_identification:_identify(.) by extension 'cmake'
[6.048s] Level 1:colcon.colcon_core.package_identification:_identify(.) by extension 'python'
[6.049s] Level 1:colcon.colcon_core.package_identification:_identify(.) by extensions ['python_setup_py']
[6.049s] Level 1:colcon.colcon_core.package_identification:_identify(.) by extension 'python_setup_py'
[6.050s] Level 1:colcon.colcon_core.package_identification:_identify(build) by extensions ['ignore', 'ignore_ament_install']
[6.053s] Level 1:colcon.colcon_core.package_identification:_identify(build) by extension 'ignore'
[6.054s] Level 1:colcon.colcon_core.package_identification:_identify(build) ignored
[6.058s] Level 1:colcon.colcon_core.package_identification:_identify(install) by extensions ['ignore', 'ignore_ament_install']
[6.060s] Level 1:colcon.colcon_core.package_identification:_identify(install) by extension 'ignore'
[6.060s] Level 1:colcon.colcon_core.package_identification:_identify(install) ignored
[6.061s] Level 1:colcon.colcon_core.package_identification:_identify(log) by extensions ['ignore', 'ignore_ament_install']
[6.063s] Level 1:colcon.colcon_core.package_identification:_identify(log) by extension 'ignore'
[6.065s] Level 1:colcon.colcon_core.package_identification:_identify(log) ignored
[6.067s] Level 1:colcon.colcon_core.package_identification:_identify(src) by extensions ['ignore', 'ignore_ament_install']
[6.068s] Level 1:colcon.colcon_core.package_identification:_identify(src) by extension 'ignore'
[6.069s] Level 1:colcon.colcon_core.package_identification:_identify(src) by extension 'ignore_ament_install'
[6.070s] Level 1:colcon.colcon_core.package_identification:_identify(src) by extensions ['colcon_pkg']
[6.071s] Level 1:colcon.colcon_core.package_identification:_identify(src) by extension 'colcon_pkg'
[6.072s] Level 1:colcon.colcon_core.package_identification:_identify(src) by extensions ['colcon_meta']
[6.072s] Level 1:colcon.colcon_core.package_identification:_identify(src) by extension 'colcon_meta'
[6.073s] Level 1:colcon.colcon_core.package_identification:_identify(src) by extensions ['ros']
[6.074s] Level 1:colcon.colcon_core.package_identification:_identify(src) by extension 'ros'
[6.075s] Level 1:colcon.colcon_core.package_identification:_identify(src) by extensions ['cmake', 'python']
[6.077s] Level 1:colcon.colcon_core.package_identification:_identify(src) by extension 'cmake'
[6.078s] Level 1:colcon.colcon_core.package_identification:_identify(src) by extension 'python'
[6.079s] Level 1:colcon.colcon_core.package_identification:_identify(src) by extensions ['python_setup_py']
[6.080s] Level 1:colcon.colcon_core.package_identification:_identify(src) by extension 'python_setup_py'
[6.081s] Level 1:colcon.colcon_core.package_identification:_identify(src/front_cam) by extensions ['ignore', 'ignore_ament_install']
[6.082s] Level 1:colcon.colcon_core.package_identification:_identify(src/front_cam) by extension 'ignore'
[6.084s] Level 1:colcon.colcon_core.package_identification:_identify(src/front_cam) by extension 'ignore_ament_install'
[6.085s] Level 1:colcon.colcon_core.package_identification:_identify(src/front_cam) by extensions ['colcon_pkg']
[6.086s] Level 1:colcon.colcon_core.package_identification:_identify(src/front_cam) by extension 'colcon_pkg'
[6.087s] Level 1:colcon.colcon_core.package_identification:_identify(src/front_cam) by extensions ['colcon_meta']
[6.087s] Level 1:colcon.colcon_core.package_identification:_identify(src/front_cam) by extension 'colcon_meta'
[6.088s] Level 1:colcon.colcon_core.package_identification:_identify(src/front_cam) by extensions ['ros']
[6.090s] Level 1:colcon.colcon_core.package_identification:_identify(src/front_cam) by extension 'ros'
[6.129s] DEBUG:colcon.colcon_core.package_identification:Package 'src/front_cam' with type 'ros.ament_cmake' and name 'front_cam'
[6.130s] Level 1:colcon.colcon_core.package_identification:_identify(src/imu_bno055) by extensions ['ignore', 'ignore_ament_install']
[6.139s] Level 1:colcon.colcon_core.package_identification:_identify(src/imu_bno055) by extension 'ignore'
[6.140s] Level 1:colcon.colcon_core.package_identification:_identify(src/imu_bno055) by extension 'ignore_ament_install'
[6.141s] Level 1:colcon.colcon_core.package_identification:_identify(src/imu_bno055) by extensions ['colcon_pkg']
[6.141s] Level 1:colcon.colcon_core.package_identification:_identify(src/imu_bno055) by extension 'colcon_pkg'
[6.141s] Level 1:colcon.colcon_core.package_identification:_identify(src/imu_bno055) by extensions ['colcon_meta']
[6.142s] Level 1:colcon.colcon_core.package_identification:_identify(src/imu_bno055) by extension 'colcon_meta'
[6.142s] Level 1:colcon.colcon_core.package_identification:_identify(src/imu_bno055) by extensions ['ros']
[6.143s] Level 1:colcon.colcon_core.package_identification:_identify(src/imu_bno055) by extension 'ros'
[6.158s] DEBUG:colcon.colcon_core.package_identification:Package 'src/imu_bno055' with type 'ros.ament_python' and name 'joystick'
[6.159s] Level 1:colcon.colcon_core.package_identification:_identify(src/jet_drive) by extensions ['ignore', 'ignore_ament_install']
[6.160s] Level 1:colcon.colcon_core.package_identification:_identify(src/jet_drive) by extension 'ignore'
[6.161s] Level 1:colcon.colcon_core.package_identification:_identify(src/jet_drive) by extension 'ignore_ament_install'
[6.161s] Level 1:colcon.colcon_core.package_identification:_identify(src/jet_drive) by extensions ['colcon_pkg']
[6.162s] Level 1:colcon.colcon_core.package_identification:_identify(src/jet_drive) by extension 'colcon_pkg'
[6.162s] Level 1:colcon.colcon_core.package_identification:_identify(src/jet_drive) by extensions ['colcon_meta']
[6.162s] Level 1:colcon.colcon_core.package_identification:_identify(src/jet_drive) by extension 'colcon_meta'
[6.171s] Level 1:colcon.colcon_core.package_identification:_identify(src/jet_drive) by extensions ['ros']
[6.171s] Level 1:colcon.colcon_core.package_identification:_identify(src/jet_drive) by extension 'ros'
[6.178s] DEBUG:colcon.colcon_core.package_identification:Package 'src/jet_drive' with type 'ros.ament_python' and name 'jet_drive'
[6.191s] Level 1:colcon.colcon_core.package_identification:_identify(src/jet_drive_moderator) by extensions ['ignore', 'ignore_ament_install']
[6.192s] Level 1:colcon.colcon_core.package_identification:_identify(src/jet_drive_moderator) by extension 'ignore'
[6.193s] Level 1:colcon.colcon_core.package_identification:_identify(src/jet_drive_moderator) by extension 'ignore_ament_install'
[6.194s] Level 1:colcon.colcon_core.package_identification:_identify(src/jet_drive_moderator) by extensions ['colcon_pkg']
[6.194s] Level 1:colcon.colcon_core.package_identification:_identify(src/jet_drive_moderator) by extension 'colcon_pkg'
[6.195s] Level 1:colcon.colcon_core.package_identification:_identify(src/jet_drive_moderator) by extensions ['colcon_meta']
[6.195s] Level 1:colcon.colcon_core.package_identification:_identify(src/jet_drive_moderator) by extension 'colcon_meta'
[6.195s] Level 1:colcon.colcon_core.package_identification:_identify(src/jet_drive_moderator) by extensions ['ros']
[6.196s] Level 1:colcon.colcon_core.package_identification:_identify(src/jet_drive_moderator) by extension 'ros'
[6.210s] DEBUG:colcon.colcon_core.package_identification:Package 'src/jet_drive_moderator' with type 'ros.ament_cmake' and name 'jet_drive_moderator'
[6.215s] Level 1:colcon.colcon_core.package_identification:_identify(src/jetpilot_msgs) by extensions ['ignore', 'ignore_ament_install']
[6.216s] Level 1:colcon.colcon_core.package_identification:_identify(src/jetpilot_msgs) by extension 'ignore'
[6.217s] Level 1:colcon.colcon_core.package_identification:_identify(src/jetpilot_msgs) by extension 'ignore_ament_install'
[6.217s] Level 1:colcon.colcon_core.package_identification:_identify(src/jetpilot_msgs) by extensions ['colcon_pkg']
[6.218s] Level 1:colcon.colcon_core.package_identification:_identify(src/jetpilot_msgs) by extension 'colcon_pkg'
[6.218s] Level 1:colcon.colcon_core.package_identification:_identify(src/jetpilot_msgs) by extensions ['colcon_meta']
[6.218s] Level 1:colcon.colcon_core.package_identification:_identify(src/jetpilot_msgs) by extension 'colcon_meta'
[6.229s] Level 1:colcon.colcon_core.package_identification:_identify(src/jetpilot_msgs) by extensions ['ros']
[6.229s] Level 1:colcon.colcon_core.package_identification:_identify(src/jetpilot_msgs) by extension 'ros'
[6.249s] DEBUG:colcon.colcon_core.package_identification:Package 'src/jetpilot_msgs' with type 'ros.ament_cmake' and name 'jetpilot_msgs'
[6.250s] Level 1:colcon.colcon_core.package_identification:_identify(src/joystick) by extensions ['ignore', 'ignore_ament_install']
[6.251s] Level 1:colcon.colcon_core.package_identification:_identify(src/joystick) by extension 'ignore'
[6.252s] Level 1:colcon.colcon_core.package_identification:_identify(src/joystick) by extension 'ignore_ament_install'
[6.253s] Level 1:colcon.colcon_core.package_identification:_identify(src/joystick) by extensions ['colcon_pkg']
[6.253s] Level 1:colcon.colcon_core.package_identification:_identify(src/joystick) by extension 'colcon_pkg'
[6.253s] Level 1:colcon.colcon_core.package_identification:_identify(src/joystick) by extensions ['colcon_meta']
[6.254s] Level 1:colcon.colcon_core.package_identification:_identify(src/joystick) by extension 'colcon_meta'
[6.254s] Level 1:colcon.colcon_core.package_identification:_identify(src/joystick) by extensions ['ros']
[6.254s] Level 1:colcon.colcon_core.package_identification:_identify(src/joystick) by extension 'ros'
[6.279s] DEBUG:colcon.colcon_core.package_identification:Package 'src/joystick' with type 'ros.ament_python' and name 'joystick'
[6.287s] Level 1:colcon.colcon_core.package_identification:_identify(src/rplidar) by extensions ['ignore', 'ignore_ament_install']
[6.288s] Level 1:colcon.colcon_core.package_identification:_identify(src/rplidar) by extension 'ignore'
[6.289s] Level 1:colcon.colcon_core.package_identification:_identify(src/rplidar) by extension 'ignore_ament_install'
[6.290s] Level 1:colcon.colcon_core.package_identification:_identify(src/rplidar) by extensions ['colcon_pkg']
[6.290s] Level 1:colcon.colcon_core.package_identification:_identify(src/rplidar) by extension 'colcon_pkg'
[6.291s] Level 1:colcon.colcon_core.package_identification:_identify(src/rplidar) by extensions ['colcon_meta']
[6.291s] Level 1:colcon.colcon_core.package_identification:_identify(src/rplidar) by extension 'colcon_meta'
[6.292s] Level 1:colcon.colcon_core.package_identification:_identify(src/rplidar) by extensions ['ros']
[6.292s] Level 1:colcon.colcon_core.package_identification:_identify(src/rplidar) by extension 'ros'
[6.327s] DEBUG:colcon.colcon_core.package_identification:Package 'src/rplidar' with type 'ros.ament_cmake' and name 'rplidar_ros'
[6.328s] Level 1:colcon.colcon_core.package_discovery:discover_packages(recursive) using defaults
[6.330s] Level 1:colcon.colcon_core.package_discovery:discover_packages(ignore) discover
[6.330s] Level 1:colcon.colcon_core.package_discovery:discover_packages(ignore) using defaults
[6.330s] Level 1:colcon.colcon_core.package_discovery:discover_packages(path) discover
[6.330s] Level 1:colcon.colcon_core.package_discovery:discover_packages(path) using defaults
[7.077s] INFO:colcon.colcon_core.package_selection:Skipping not selected package 'front_cam' in 'src/front_cam'
[7.077s] INFO:colcon.colcon_core.package_selection:Skipping not selected package 'rplidar_ros' in 'src/rplidar'
[7.078s] INFO:colcon.colcon_core.package_selection:Skipping not selected package 'jet_drive' in 'src/jet_drive'
[7.078s] INFO:colcon.colcon_core.package_selection:Skipping not selected package 'jet_drive_moderator' in 'src/jet_drive_moderator'
[7.078s] INFO:colcon.colcon_core.package_selection:Skipping not selected package 'joystick' in 'src/joystick'
[7.087s] INFO:colcon.colcon_core.package_selection:Skipping not selected package 'joystick' in 'src/imu_bno055'
[7.209s] Level 5:colcon.colcon_core.verb:set package 'jetpilot_msgs' build argument 'cmake_args' from command line to 'None'
[7.211s] Level 5:colcon.colcon_core.verb:set package 'jetpilot_msgs' build argument 'cmake_target' from command line to 'None'
[7.222s] Level 5:colcon.colcon_core.verb:set package 'jetpilot_msgs' build argument 'cmake_target_skip_unavailable' from command line to 'False'
[7.224s] Level 5:colcon.colcon_core.verb:set package 'jetpilot_msgs' build argument 'cmake_clean_cache' from command line to 'False'
[7.226s] Level 5:colcon.colcon_core.verb:set package 'jetpilot_msgs' build argument 'cmake_clean_first' from command line to 'False'
[7.232s] Level 5:colcon.colcon_core.verb:set package 'jetpilot_msgs' build argument 'cmake_force_configure' from command line to 'False'
[7.234s] Level 5:colcon.colcon_core.verb:set package 'jetpilot_msgs' build argument 'ament_cmake_args' from command line to 'None'
[7.235s] Level 5:colcon.colcon_core.verb:set package 'jetpilot_msgs' build argument 'catkin_cmake_args' from command line to 'None'
[7.237s] Level 5:colcon.colcon_core.verb:set package 'jetpilot_msgs' build argument 'catkin_skip_building_tests' from command line to 'False'
[7.238s] DEBUG:colcon.colcon_core.verb:Building package 'jetpilot_msgs' with the following arguments: {'ament_cmake_args': None, 'build_base': '/home/jetson/JetPilot/ros2/build/jetpilot_msgs', 'catkin_cmake_args': None, 'catkin_skip_building_tests': False, 'cmake_args': None, 'cmake_clean_cache': False, 'cmake_clean_first': False, 'cmake_force_configure': False, 'cmake_target': None, 'cmake_target_skip_unavailable': False, 'install_base': '/home/jetson/JetPilot/ros2/install/jetpilot_msgs', 'merge_install': False, 'path': '/home/jetson/JetPilot/ros2/src/jetpilot_msgs', 'symlink_install': False, 'test_result_base': None}
[7.249s] INFO:colcon.colcon_core.executor:Executing jobs using 'parallel' executor
[7.317s] DEBUG:colcon.colcon_parallel_executor.executor.parallel:run_until_complete
[7.319s] INFO:colcon.colcon_ros.task.ament_cmake.build:Building ROS package in '/home/jetson/JetPilot/ros2/src/jetpilot_msgs' with build type 'ament_cmake'
[7.320s] INFO:colcon.colcon_cmake.task.cmake.build:Building CMake package in '/home/jetson/JetPilot/ros2/src/jetpilot_msgs'
[7.476s] INFO:colcon.colcon_core.plugin_system:Skipping extension 'colcon_core.shell.bat': Not used on non-Windows systems
[7.489s] INFO:colcon.colcon_core.shell:Skip shell extension 'powershell' for command environment: Not usable outside of PowerShell
[7.493s] DEBUG:colcon.colcon_core.shell:Skip shell extension 'dsv' for command environment
[7.660s] WARNING:colcon.colcon_core.prefix_path.colcon:The path '/home/jetson/JetAutonomy/ros2/install' in the environment variable COLCON_PREFIX_PATH doesn't exist
[7.665s] WARNING:colcon.colcon_ros.prefix_path.ament:The path '/home/jetson/JetAutonomy/ros2/install/rplidar_ros' in the environment variable AMENT_PREFIX_PATH doesn't exist
[7.673s] WARNING:colcon.colcon_ros.prefix_path.ament:The path '/home/jetson/JetAutonomy/ros2/install/joystick' in the environment variable AMENT_PREFIX_PATH doesn't exist
[7.679s] WARNING:colcon.colcon_ros.prefix_path.ament:The path '/home/jetson/JetAutonomy/ros2/install/jet_drive_moderator' in the environment variable AMENT_PREFIX_PATH doesn't exist
[7.683s] WARNING:colcon.colcon_ros.prefix_path.ament:The path '/home/jetson/JetAutonomy/ros2/install/jet_drive' in the environment variable AMENT_PREFIX_PATH doesn't exist
[7.690s] WARNING:colcon.colcon_ros.prefix_path.ament:The path '/home/jetson/JetAutonomy/ros2/install/jet_autonomy_msgs' in the environment variable AMENT_PREFIX_PATH doesn't exist
[7.695s] WARNING:colcon.colcon_ros.prefix_path.ament:The path '/home/jetson/JetAutonomy/ros2/install/front_cam' in the environment variable AMENT_PREFIX_PATH doesn't exist
[7.707s] WARNING:colcon.colcon_ros.prefix_path.ament:The path '/home/jetson/JetAutonomy/ros2/install/bno055' in the environment variable AMENT_PREFIX_PATH doesn't exist
[7.944s] WARNING:colcon.colcon_ros.prefix_path.catkin:The path '/home/jetson/JetAutonomy/ros2/install/rplidar_ros' in the environment variable CMAKE_PREFIX_PATH doesn't exist
[7.945s] WARNING:colcon.colcon_ros.prefix_path.catkin:The path '/home/jetson/JetAutonomy/ros2/install/jet_drive_moderator' in the environment variable CMAKE_PREFIX_PATH doesn't exist
[7.950s] WARNING:colcon.colcon_ros.prefix_path.catkin:The path '/home/jetson/JetAutonomy/ros2/install/jet_autonomy_msgs' in the environment variable CMAKE_PREFIX_PATH doesn't exist
[7.974s] WARNING:colcon.colcon_ros.prefix_path.catkin:The path '/home/jetson/JetAutonomy/ros2/install/front_cam' in the environment variable CMAKE_PREFIX_PATH doesn't exist
[8.594s] DEBUG:colcon.colcon_core.event_handler.log_command:Invoking command in '/home/jetson/JetPilot/ros2/build/jetpilot_msgs': CMAKE_PREFIX_PATH=${CMAKE_PREFIX_PATH}:/home/jetson/JetAutonomy/ros2/install/joystick:/home/jetson/JetAutonomy/ros2/install/jet_drive:/home/jetson/JetAutonomy/ros2/install/bno055:/home/jetson/ros2_dashing/install/ros2bag:/home/jetson/ros2_dashing/install/topic_monitor:/home/jetson/ros2_dashing/install/sros2:/home/jetson/ros2_dashing/install/rqt_topic:/home/jetson/ros2_dashing/install/rqt_top:/home/jetson/ros2_dashing/install/rqt_srv:/home/jetson/ros2_dashing/install/rqt_shell:/home/jetson/ros2_dashing/install/rqt_service_caller:/home/jetson/ros2_dashing/install/rqt_py_console:/home/jetson/ros2_dashing/install/rqt_action:/home/jetson/ros2_dashing/install/rqt:/home/jetson/ros2_dashing/install/rqt_graph:/home/jetson/ros2_dashing/install/rqt_gui_py:/home/jetson/ros2_dashing/install/rqt_gui:/home/jetson/ros2_dashing/install/ros2topic:/home/jetson/ros2_dashing/install/ros2test:/home/jetson/ros2_dashing/install/ros2component:/home/jetson/ros2_dashing/install/ros2param:/home/jetson/ros2_dashing/install/ros2lifecycle:/home/jetson/ros2_dashing/install/ros2service:/home/jetson/ros2_dashing/install/ros2srv:/home/jetson/ros2_dashing/install/ros2run:/home/jetson/ros2_dashing/install/ros2launch:/home/jetson/ros2_dashing/install/ros2pkg:/home/jetson/ros2_dashing/install/ros2node:/home/jetson/ros2_dashing/install/ros2multicast:/home/jetson/ros2_dashing/install/ros2msg:/home/jetson/ros2_dashing/install/ros2action:/home/jetson/ros2_dashing/install/ros2cli:/home/jetson/ros2_dashing/install/quality_of_service_demo_py:/home/jetson/ros2_dashing/install/launch_testing_ros:/home/jetson/ros2_dashing/install/launch_ros:/home/jetson/ros2_dashing/install/examples_rclpy_minimal_subscriber:/home/jetson/ros2_dashing/install/examples_rclpy_minimal_service:/home/jetson/ros2_dashing/install/examples_rclpy_minimal_publisher:/home/jetson/ros2_dashing/install/examples_rclpy_minimal_client:/home/jetson/ros2_dashing/install/examples_rclpy_minimal_action_server:/home/jetson/ros2_dashing/install/examples_rclpy_minimal_action_client:/home/jetson/ros2_dashing/install/examples_rclpy_executors:/home/jetson/ros2_dashing/install/demo_nodes_py:/home/jetson/ros2_dashing/install/ament_uncrustify:/home/jetson/ros2_dashing/install/test_launch_ros:/home/jetson/ros2_dashing/install/rosidl_runtime_py:/home/jetson/ros2_dashing/install/launch_testing:/home/jetson/ros2_dashing/install/launch:/home/jetson/ros2_dashing/install/osrf_pycommon:/home/jetson/ros2_dashing/install/ament_xmllint:/home/jetson/ros2_dashing/install/ament_pyflakes:/home/jetson/ros2_dashing/install/ament_pep8:/home/jetson/ros2_dashing/install/ament_pep257:/home/jetson/ros2_dashing/install/ament_pclint:/home/jetson/ros2_dashing/install/ament_package:/home/jetson/ros2_dashing/install/ament_lint_cmake:/home/jetson/ros2_dashing/install/ament_flake8:/home/jetson/ros2_dashing/install/ament_copyright:/home/jetson/ros2_dashing/install/ament_lint:/home/jetson/ros2_dashing/install/ament_index_python:/home/jetson/ros2_dashing/install/ament_cpplint:/home/jetson/ros2_dashing/install/ament_cppcheck:/home/jetson/ros2_dashing/install/ament_clang_tidy:/home/jetson/ros2_dashing/install/ament_clang_format /usr/bin/cmake --build /home/jetson/JetPilot/ros2/build/jetpilot_msgs -- -j2 -l2
[13.476s] DEBUG:colcon.colcon_core.event_handler.log_command:Invoked command in '/home/jetson/JetPilot/ros2/build/jetpilot_msgs' returned '2': CMAKE_PREFIX_PATH=${CMAKE_PREFIX_PATH}:/home/jetson/JetAutonomy/ros2/install/joystick:/home/jetson/JetAutonomy/ros2/install/jet_drive:/home/jetson/JetAutonomy/ros2/install/bno055:/home/jetson/ros2_dashing/install/ros2bag:/home/jetson/ros2_dashing/install/topic_monitor:/home/jetson/ros2_dashing/install/sros2:/home/jetson/ros2_dashing/install/rqt_topic:/home/jetson/ros2_dashing/install/rqt_top:/home/jetson/ros2_dashing/install/rqt_srv:/home/jetson/ros2_dashing/install/rqt_shell:/home/jetson/ros2_dashing/install/rqt_service_caller:/home/jetson/ros2_dashing/install/rqt_py_console:/home/jetson/ros2_dashing/install/rqt_action:/home/jetson/ros2_dashing/install/rqt:/home/jetson/ros2_dashing/install/rqt_graph:/home/jetson/ros2_dashing/install/rqt_gui_py:/home/jetson/ros2_dashing/install/rqt_gui:/home/jetson/ros2_dashing/install/ros2topic:/home/jetson/ros2_dashing/install/ros2test:/home/jetson/ros2_dashing/install/ros2component:/home/jetson/ros2_dashing/install/ros2param:/home/jetson/ros2_dashing/install/ros2lifecycle:/home/jetson/ros2_dashing/install/ros2service:/home/jetson/ros2_dashing/install/ros2srv:/home/jetson/ros2_dashing/install/ros2run:/home/jetson/ros2_dashing/install/ros2launch:/home/jetson/ros2_dashing/install/ros2pkg:/home/jetson/ros2_dashing/install/ros2node:/home/jetson/ros2_dashing/install/ros2multicast:/home/jetson/ros2_dashing/install/ros2msg:/home/jetson/ros2_dashing/install/ros2action:/home/jetson/ros2_dashing/install/ros2cli:/home/jetson/ros2_dashing/install/quality_of_service_demo_py:/home/jetson/ros2_dashing/install/launch_testing_ros:/home/jetson/ros2_dashing/install/launch_ros:/home/jetson/ros2_dashing/install/examples_rclpy_minimal_subscriber:/home/jetson/ros2_dashing/install/examples_rclpy_minimal_service:/home/jetson/ros2_dashing/install/examples_rclpy_minimal_publisher:/home/jetson/ros2_dashing/install/examples_rclpy_minimal_client:/home/jetson/ros2_dashing/install/examples_rclpy_minimal_action_server:/home/jetson/ros2_dashing/install/examples_rclpy_minimal_action_client:/home/jetson/ros2_dashing/install/examples_rclpy_executors:/home/jetson/ros2_dashing/install/demo_nodes_py:/home/jetson/ros2_dashing/install/ament_uncrustify:/home/jetson/ros2_dashing/install/test_launch_ros:/home/jetson/ros2_dashing/install/rosidl_runtime_py:/home/jetson/ros2_dashing/install/launch_testing:/home/jetson/ros2_dashing/install/launch:/home/jetson/ros2_dashing/install/osrf_pycommon:/home/jetson/ros2_dashing/install/ament_xmllint:/home/jetson/ros2_dashing/install/ament_pyflakes:/home/jetson/ros2_dashing/install/ament_pep8:/home/jetson/ros2_dashing/install/ament_pep257:/home/jetson/ros2_dashing/install/ament_pclint:/home/jetson/ros2_dashing/install/ament_package:/home/jetson/ros2_dashing/install/ament_lint_cmake:/home/jetson/ros2_dashing/install/ament_flake8:/home/jetson/ros2_dashing/install/ament_copyright:/home/jetson/ros2_dashing/install/ament_lint:/home/jetson/ros2_dashing/install/ament_index_python:/home/jetson/ros2_dashing/install/ament_cpplint:/home/jetson/ros2_dashing/install/ament_cppcheck:/home/jetson/ros2_dashing/install/ament_clang_tidy:/home/jetson/ros2_dashing/install/ament_clang_format /usr/bin/cmake --build /home/jetson/JetPilot/ros2/build/jetpilot_msgs -- -j2 -l2
[21.635s] Level 1:colcon.colcon_core.environment:create_environment_scripts_only(jetpilot_msgs)
[21.749s] Level 1:colcon.colcon_core.environment:checking '/home/jetson/JetPilot/ros2/install/jetpilot_msgs' for CMake module files
[21.756s] Level 1:colcon.colcon_core.environment:checking '/home/jetson/JetPilot/ros2/install/jetpilot_msgs' for CMake config files
[21.758s] Level 1:colcon.colcon_core.shell:create_environment_hook('jetpilot_msgs', 'cmake_prefix_path')
[21.771s] INFO:colcon.colcon_core.shell:Creating environment hook '/home/jetson/JetPilot/ros2/install/jetpilot_msgs/share/jetpilot_msgs/hook/cmake_prefix_path.ps1'
[21.795s] INFO:colcon.colcon_core.shell:Creating environment descriptor '/home/jetson/JetPilot/ros2/install/jetpilot_msgs/share/jetpilot_msgs/hook/cmake_prefix_path.dsv'
[21.802s] INFO:colcon.colcon_core.shell:Creating environment hook '/home/jetson/JetPilot/ros2/install/jetpilot_msgs/share/jetpilot_msgs/hook/cmake_prefix_path.sh'
[21.825s] Level 1:colcon.colcon_core.environment:checking '/home/jetson/JetPilot/ros2/install/jetpilot_msgs/lib'
[21.827s] Level 1:colcon.colcon_core.shell:create_environment_hook('jetpilot_msgs', 'ld_library_path_lib')
[21.839s] INFO:colcon.colcon_core.shell:Creating environment hook '/home/jetson/JetPilot/ros2/install/jetpilot_msgs/share/jetpilot_msgs/hook/ld_library_path_lib.ps1'
[21.848s] INFO:colcon.colcon_core.shell:Creating environment descriptor '/home/jetson/JetPilot/ros2/install/jetpilot_msgs/share/jetpilot_msgs/hook/ld_library_path_lib.dsv'
[21.856s] INFO:colcon.colcon_core.shell:Creating environment hook '/home/jetson/JetPilot/ros2/install/jetpilot_msgs/share/jetpilot_msgs/hook/ld_library_path_lib.sh'
[21.867s] Level 1:colcon.colcon_core.environment:checking '/home/jetson/JetPilot/ros2/install/jetpilot_msgs/bin'
[21.869s] Level 1:colcon.colcon_core.environment:checking '/home/jetson/JetPilot/ros2/install/jetpilot_msgs/lib/pkgconfig/jetpilot_msgs.pc'
[21.869s] Level 1:colcon.colcon_core.environment:checking '/home/jetson/JetPilot/ros2/install/jetpilot_msgs/lib/python3.6/site-packages'
[21.870s] Level 1:colcon.colcon_core.shell:create_environment_hook('jetpilot_msgs', 'pythonpath')
[21.887s] INFO:colcon.colcon_core.shell:Creating environment hook '/home/jetson/JetPilot/ros2/install/jetpilot_msgs/share/jetpilot_msgs/hook/pythonpath.ps1'
[21.894s] INFO:colcon.colcon_core.shell:Creating environment descriptor '/home/jetson/JetPilot/ros2/install/jetpilot_msgs/share/jetpilot_msgs/hook/pythonpath.dsv'
[21.903s] INFO:colcon.colcon_core.shell:Creating environment hook '/home/jetson/JetPilot/ros2/install/jetpilot_msgs/share/jetpilot_msgs/hook/pythonpath.sh'
[21.922s] INFO:colcon.colcon_core.shell:Creating package script '/home/jetson/JetPilot/ros2/install/jetpilot_msgs/share/jetpilot_msgs/package.ps1'
[21.939s] INFO:colcon.colcon_core.shell:Creating package descriptor '/home/jetson/JetPilot/ros2/install/jetpilot_msgs/share/jetpilot_msgs/package.dsv'
[21.952s] INFO:colcon.colcon_core.shell:Creating package script '/home/jetson/JetPilot/ros2/install/jetpilot_msgs/share/jetpilot_msgs/package.sh'
[21.974s] INFO:colcon.colcon_core.shell:Creating package script '/home/jetson/JetPilot/ros2/install/jetpilot_msgs/share/jetpilot_msgs/package.bash'
[21.990s] INFO:colcon.colcon_core.shell:Creating package script '/home/jetson/JetPilot/ros2/install/jetpilot_msgs/share/jetpilot_msgs/package.zsh'
[22.010s] Level 1:colcon.colcon_core.environment:create_file_with_runtime_dependencies(/home/jetson/JetPilot/ros2/install/jetpilot_msgs/share/colcon-core/packages/jetpilot_msgs)
[22.037s] DEBUG:colcon.colcon_parallel_executor.executor.parallel:closing loop
[22.042s] DEBUG:colcon.colcon_parallel_executor.executor.parallel:loop closed
[22.042s] DEBUG:colcon.colcon_parallel_executor.executor.parallel:run_until_complete finished with '2'
[22.044s] DEBUG:colcon.colcon_core.event_reactor:joining thread
[22.215s] INFO:colcon.colcon_core.plugin_system:Skipping extension 'colcon_notification.desktop_notification.terminal_notifier': Not used on non-Darwin systems
[22.216s] INFO:colcon.colcon_core.plugin_system:Skipping extension 'colcon_notification.desktop_notification.win32': Not used on non-Windows systems
[22.217s] INFO:colcon.colcon_notification.desktop_notification:Sending desktop notification using 'notify2'
[22.274s] DEBUG:colcon.colcon_notification.desktop_notification.notify2:Failed to initialize notify2: org.freedesktop.DBus.Error.ServiceUnknown: The name org.freedesktop.Notifications was not provided by any .service files
[22.275s] DEBUG:colcon.colcon_core.event_reactor:joined thread
[22.295s] INFO:colcon.colcon_core.shell:Creating prefix script '/home/jetson/JetPilot/ros2/install/local_setup.ps1'
[22.312s] INFO:colcon.colcon_core.shell:Creating prefix util module '/home/jetson/JetPilot/ros2/install/_local_setup_util_ps1.py'
[22.349s] INFO:colcon.colcon_core.shell:Creating prefix chain script '/home/jetson/JetPilot/ros2/install/setup.ps1'
[22.540s] INFO:colcon.colcon_core.shell:Creating prefix script '/home/jetson/JetPilot/ros2/install/local_setup.sh'
[22.546s] INFO:colcon.colcon_core.shell:Creating prefix util module '/home/jetson/JetPilot/ros2/install/_local_setup_util_sh.py'
[22.550s] INFO:colcon.colcon_core.shell:Creating prefix chain script '/home/jetson/JetPilot/ros2/install/setup.sh'
[22.691s] INFO:colcon.colcon_core.shell:Creating prefix script '/home/jetson/JetPilot/ros2/install/local_setup.bash'
[22.702s] INFO:colcon.colcon_core.shell:Creating prefix chain script '/home/jetson/JetPilot/ros2/install/setup.bash'
[22.858s] INFO:colcon.colcon_core.shell:Creating prefix script '/home/jetson/JetPilot/ros2/install/local_setup.zsh'
[22.867s] INFO:colcon.colcon_core.shell:Creating prefix chain script '/home/jetson/JetPilot/ros2/install/setup.zsh'
