[0.000000] (-) TimerEvent: {}
[0.001214] (-) JobUnselected: {'identifier': 'front_cam'}
[0.001580] (-) JobUnselected: {'identifier': 'jet_autonomy_msgs'}
[0.001821] (-) JobUnselected: {'identifier': 'jet_drive_moderator'}
[0.002044] (-) JobUnselected: {'identifier': 'joystick'}
[0.002252] (-) JobUnselected: {'identifier': 'rplidar_ros'}
[0.002474] (jet_drive) JobQueued: {'identifier': 'jet_drive', 'dependencies': OrderedDict([('jet_autonomy_msgs', '/home/jetson/JetAutonomy/ros2/install/jet_autonomy_msgs')])}
[0.002715] (jet_drive) JobStarted: {'identifier': 'jet_drive'}
[0.091221] (-) TimerEvent: {}
[0.192141] (-) TimerEvent: {}
[0.293253] (-) TimerEvent: {}
[0.394405] (-) TimerEvent: {}
[0.495729] (-) TimerEvent: {}
[0.596908] (-) TimerEvent: {}
[0.698876] (-) TimerEvent: {}
[0.801937] (-) TimerEvent: {}
[0.911368] (-) TimerEvent: {}
[1.014221] (-) TimerEvent: {}
[1.115235] (-) TimerEvent: {}
[1.217865] (-) TimerEvent: {}
[1.320596] (-) TimerEvent: {}
[1.421665] (-) TimerEvent: {}
[1.524226] (-) TimerEvent: {}
[1.625383] (-) TimerEvent: {}
[1.729072] (-) TimerEvent: {}
[1.832186] (-) TimerEvent: {}
[1.935761] (-) TimerEvent: {}
[2.042162] (-) TimerEvent: {}
[2.153329] (-) TimerEvent: {}
[2.255943] (-) TimerEvent: {}
[2.358457] (-) TimerEvent: {}
[2.459394] (-) TimerEvent: {}
[2.560363] (-) TimerEvent: {}
[2.662718] (-) TimerEvent: {}
[2.765316] (-) TimerEvent: {}
[2.867965] (-) TimerEvent: {}
[2.970478] (-) TimerEvent: {}
[3.072915] (-) TimerEvent: {}
[3.176199] (-) TimerEvent: {}
[3.279233] (-) TimerEvent: {}
[3.381775] (-) TimerEvent: {}
[3.484263] (-) TimerEvent: {}
[3.586763] (-) TimerEvent: {}
[3.687746] (-) TimerEvent: {}
[3.790181] (-) TimerEvent: {}
[3.892176] (-) TimerEvent: {}
[3.993106] (-) TimerEvent: {}
[4.094095] (-) TimerEvent: {}
[4.196511] (-) TimerEvent: {}
[4.299063] (-) TimerEvent: {}
[4.401608] (-) TimerEvent: {}
[4.504072] (-) TimerEvent: {}
[4.606614] (-) TimerEvent: {}
[4.709195] (-) TimerEvent: {}
[4.811675] (-) TimerEvent: {}
[4.914174] (-) TimerEvent: {}
[5.016628] (-) TimerEvent: {}
[5.119508] (-) TimerEvent: {}
[5.221933] (-) TimerEvent: {}
[5.322906] (-) TimerEvent: {}
[5.425368] (-) TimerEvent: {}
[5.526364] (-) TimerEvent: {}
[5.629093] (-) TimerEvent: {}
[5.731735] (-) TimerEvent: {}
[5.834337] (-) TimerEvent: {}
[5.937769] (-) TimerEvent: {}
[6.040300] (-) TimerEvent: {}
[6.142838] (-) TimerEvent: {}
[6.245604] (-) TimerEvent: {}
[6.348215] (-) TimerEvent: {}
[6.450800] (-) TimerEvent: {}
[6.553325] (-) TimerEvent: {}
[6.656223] (-) TimerEvent: {}
[6.757219] (-) TimerEvent: {}
[6.860269] (-) TimerEvent: {}
[6.961689] (-) TimerEvent: {}
[7.062644] (-) TimerEvent: {}
[7.165343] (-) TimerEvent: {}
[7.268062] (-) TimerEvent: {}
[7.370710] (-) TimerEvent: {}
[7.473727] (-) TimerEvent: {}
[7.576410] (-) TimerEvent: {}
[7.679038] (-) TimerEvent: {}
[7.781572] (-) TimerEvent: {}
[7.883003] (-) TimerEvent: {}
[7.984955] (-) TimerEvent: {}
[8.087482] (-) TimerEvent: {}
[8.188432] (-) TimerEvent: {}
[8.290988] (-) TimerEvent: {}
[8.391941] (-) TimerEvent: {}
[8.492884] (-) TimerEvent: {}
[8.593915] (-) TimerEvent: {}
[8.696249] (-) TimerEvent: {}
[8.798401] (-) TimerEvent: {}
[8.899429] (-) TimerEvent: {}
[9.000374] (-) TimerEvent: {}
[9.101333] (-) TimerEvent: {}
[9.202639] (-) TimerEvent: {}
[9.305302] (-) TimerEvent: {}
[9.407984] (-) TimerEvent: {}
[9.453091] (jet_drive) StderrLine: {'line': b'Traceback (most recent call last):\n  File "/usr/lib/python3/dist-packages/colcon_core/executor/__init__.py", line 91, in __call__\n    rc = await self.task(*args, **kwargs)\n  File "/usr/lib/python3/dist-packages/colcon_core/task/__init__.py", line 93, in __call__\n    return await task_method(*args, **kwargs)\n  File "/usr/lib/python3/dist-packages/colcon_ros/task/ament_python/build.py", line 51, in build\n    setup_py_data = get_setup_data(self.context.pkg, env)\n  File "/usr/lib/python3/dist-packages/colcon_core/task/python/__init__.py", line 20, in get_setup_data\n    return dict(pkg.metadata[key](env))\n  File "/usr/lib/python3/dist-packages/colcon_ros/package_identification/ros.py", line 130, in getter\n    desc.path / \'setup.py\', env=env)\n  File "/usr/lib/python3/dist-packages/colcon_python_setup_py/package_identification/python_setup_py.py", line 242, in get_setup_information\n    setup_py, env=env)\n  File "/usr/lib/python3/dist-packages/colcon_python_setup_py/package_identification/python_setup_py.py", line 283, in _get_setup_information\n    cwd=os.path.abspath(str(setup_py.parent)), check=True, env=env)\n  File "/usr/lib/python3.6/subprocess.py", line 438, in run\n    output=stdout, stderr=stderr)\nsubprocess.CalledProcessError: Command \'[\'/usr/bin/python3\', \'-c\', "import sys;from setuptools.extern.packaging.specifiers import SpecifierSet;from distutils.core import run_setup;dist = run_setup(    \'setup.py\', script_args=(\'--dry-run\',), stop_after=\'config\');skip_keys = (\'cmdclass\', \'distclass\', \'ext_modules\', \'metadata\');data = {    key: value for key, value in dist.__dict__.items()     if (        not key.startswith(\'_\') and         not callable(value) and         key not in skip_keys and         key not in dist.display_option_names    )};data[\'metadata\'] = {    k: v for k, v in dist.metadata.__dict__.items()     if k not in (\'license_files\', \'provides_extras\')};sys.stdout.buffer.write(repr(data).encode(\'utf-8\'))"]\' returned non-zero exit status 1.\n'}
[9.456834] (jet_drive) JobEnded: {'identifier': 'jet_drive', 'rc': 1}
[9.485469] (-) EventReactorShutdown: {}
