[35m[1mScanning dependencies of target jet_drive_moderator_node[0m
[ 50%] [32mBuilding CXX object CMakeFiles/jet_drive_moderator_node.dir/src/jet_drive_moderator_node.cpp.o[0m
[100%] [32m[1mLinking CXX executable jet_drive_moderator_node[0m
[100%] Built target jet_drive_moderator_node
[100%] Built target jet_drive_moderator_node
[36mInstall the project...[0m
-- Install configuration: ""
-- Installing: /home/jetson/JetAutonomy/ros2/install/jet_drive_moderator/lib/jet_drive_moderator/jet_drive_moderator_node
-- Set runtime path of "/home/jetson/JetAutonomy/ros2/install/jet_drive_moderator/lib/jet_drive_moderator/jet_drive_moderator_node" to ""
-- Installing: /home/jetson/JetAutonomy/ros2/install/jet_drive_moderator/share/jet_drive_moderator//launch
-- Installing: /home/jetson/JetAutonomy/ros2/install/jet_drive_moderator/share/jet_drive_moderator//launch/jet_drive_moderator_node.launch.py
-- Installing: /home/jetson/JetAutonomy/ros2/install/jet_drive_moderator/share/ament_index/resource_index/package_run_dependencies/jet_drive_moderator
-- Installing: /home/jetson/JetAutonomy/ros2/install/jet_drive_moderator/share/ament_index/resource_index/parent_prefix_path/jet_drive_moderator
-- Installing: /home/jetson/JetAutonomy/ros2/install/jet_drive_moderator/share/jet_drive_moderator/environment/ament_prefix_path.sh
-- Installing: /home/jetson/JetAutonomy/ros2/install/jet_drive_moderator/share/jet_drive_moderator/environment/path.sh
-- Installing: /home/jetson/JetAutonomy/ros2/install/jet_drive_moderator/share/jet_drive_moderator/local_setup.bash
-- Installing: /home/jetson/JetAutonomy/ros2/install/jet_drive_moderator/share/jet_drive_moderator/local_setup.sh
-- Installing: /home/jetson/JetAutonomy/ros2/install/jet_drive_moderator/share/jet_drive_moderator/local_setup.zsh
-- Installing: /home/jetson/JetAutonomy/ros2/install/jet_drive_moderator/share/ament_index/resource_index/packages/jet_drive_moderator
-- Installing: /home/jetson/JetAutonomy/ros2/install/jet_drive_moderator/share/jet_drive_moderator/cmake/jet_drive_moderatorConfig.cmake
-- Installing: /home/jetson/JetAutonomy/ros2/install/jet_drive_moderator/share/jet_drive_moderator/cmake/jet_drive_moderatorConfig-version.cmake
-- Installing: /home/jetson/JetAutonomy/ros2/install/jet_drive_moderator/share/jet_drive_moderator/package.xml
