[5.554s] DEBUG:colcon:Command line arguments: ['/usr/bin/colcon', 'build', '--packages-select', 'imu_bno055']
[5.555s] DEBUG:colcon:Parsed command line arguments: Namespace(ament_cmake_args=None, base_paths=['.'], build_base='build', catkin_cmake_args=None, catkin_skip_building_tests=False, cmake_args=None, cmake_clean_cache=False, cmake_clean_first=False, cmake_force_configure=False, cmake_target=None, cmake_target_skip_unavailable=False, continue_on_error=False, event_handlers=None, executor='parallel', ignore_user_meta=False, install_base='install', log_base=None, log_level=None, main=<bound method BuildVerb.main of <colcon_core.verb.build.BuildVerb object at 0x7f85893da0>>, merge_install=False, metas=['./colcon.meta'], packages_above=None, packages_above_and_dependencies=None, packages_above_depth=None, packages_end=None, packages_ignore=None, packages_ignore_regex=None, packages_select=['imu_bno055'], packages_select_build_failed=False, packages_select_by_dep=None, packages_select_regex=None, packages_select_test_failures=False, packages_skip=None, packages_skip_build_finished=False, packages_skip_by_dep=None, packages_skip_regex=None, packages_skip_test_passed=False, packages_skip_up_to=None, packages_start=None, packages_up_to=None, packages_up_to_regex=None, parallel_workers=2, paths=None, symlink_install=False, test_result_base=None, verb_extension=<colcon_core.verb.build.BuildVerb object at 0x7f85893da0>, verb_name='build', verb_parser=<colcon_defaults.argument_parser.defaults.DefaultArgumentsDecorator object at 0x7f858a1128>)
[5.685s] Level 1:colcon.colcon_core.package_discovery:discover_packages(colcon_meta) check parameters
[5.686s] Level 1:colcon.colcon_core.package_discovery:discover_packages(recursive) check parameters
[5.686s] Level 1:colcon.colcon_core.package_discovery:discover_packages(ignore) check parameters
[5.686s] Level 1:colcon.colcon_core.package_discovery:discover_packages(path) check parameters
[5.687s] Level 1:colcon.colcon_core.package_discovery:discover_packages(colcon_meta) discover
[5.689s] Level 1:colcon.colcon_core.package_discovery:discover_packages(recursive) discover
[5.690s] INFO:colcon.colcon_core.package_discovery:Crawling recursively for packages in '/home/jetson/JetPilot/ros2'
[5.690s] Level 1:colcon.colcon_core.package_identification:_identify(.) by extensions ['ignore', 'ignore_ament_install']
[5.694s] Level 1:colcon.colcon_core.package_identification:_identify(.) by extension 'ignore'
[5.695s] Level 1:colcon.colcon_core.package_identification:_identify(.) by extension 'ignore_ament_install'
[5.696s] Level 1:colcon.colcon_core.package_identification:_identify(.) by extensions ['colcon_pkg']
[5.696s] Level 1:colcon.colcon_core.package_identification:_identify(.) by extension 'colcon_pkg'
[5.696s] Level 1:colcon.colcon_core.package_identification:_identify(.) by extensions ['colcon_meta']
[5.697s] Level 1:colcon.colcon_core.package_identification:_identify(.) by extension 'colcon_meta'
[5.697s] Level 1:colcon.colcon_core.package_identification:_identify(.) by extensions ['ros']
[5.697s] Level 1:colcon.colcon_core.package_identification:_identify(.) by extension 'ros'
[5.875s] Level 1:colcon.colcon_core.package_identification:_identify(.) by extensions ['cmake', 'python']
[5.876s] Level 1:colcon.colcon_core.package_identification:_identify(.) by extension 'cmake'
[5.876s] Level 1:colcon.colcon_core.package_identification:_identify(.) by extension 'python'
[5.877s] Level 1:colcon.colcon_core.package_identification:_identify(.) by extensions ['python_setup_py']
[5.877s] Level 1:colcon.colcon_core.package_identification:_identify(.) by extension 'python_setup_py'
[5.878s] Level 1:colcon.colcon_core.package_identification:_identify(build) by extensions ['ignore', 'ignore_ament_install']
[5.880s] Level 1:colcon.colcon_core.package_identification:_identify(build) by extension 'ignore'
[5.880s] Level 1:colcon.colcon_core.package_identification:_identify(build) ignored
[5.884s] Level 1:colcon.colcon_core.package_identification:_identify(install) by extensions ['ignore', 'ignore_ament_install']
[5.885s] Level 1:colcon.colcon_core.package_identification:_identify(install) by extension 'ignore'
[5.885s] Level 1:colcon.colcon_core.package_identification:_identify(install) ignored
[5.890s] Level 1:colcon.colcon_core.package_identification:_identify(log) by extensions ['ignore', 'ignore_ament_install']
[5.891s] Level 1:colcon.colcon_core.package_identification:_identify(log) by extension 'ignore'
[5.891s] Level 1:colcon.colcon_core.package_identification:_identify(log) ignored
[5.894s] Level 1:colcon.colcon_core.package_identification:_identify(src) by extensions ['ignore', 'ignore_ament_install']
[5.895s] Level 1:colcon.colcon_core.package_identification:_identify(src) by extension 'ignore'
[5.895s] Level 1:colcon.colcon_core.package_identification:_identify(src) by extension 'ignore_ament_install'
[5.896s] Level 1:colcon.colcon_core.package_identification:_identify(src) by extensions ['colcon_pkg']
[5.896s] Level 1:colcon.colcon_core.package_identification:_identify(src) by extension 'colcon_pkg'
[5.897s] Level 1:colcon.colcon_core.package_identification:_identify(src) by extensions ['colcon_meta']
[5.897s] Level 1:colcon.colcon_core.package_identification:_identify(src) by extension 'colcon_meta'
[5.898s] Level 1:colcon.colcon_core.package_identification:_identify(src) by extensions ['ros']
[5.898s] Level 1:colcon.colcon_core.package_identification:_identify(src) by extension 'ros'
[5.899s] Level 1:colcon.colcon_core.package_identification:_identify(src) by extensions ['cmake', 'python']
[5.899s] Level 1:colcon.colcon_core.package_identification:_identify(src) by extension 'cmake'
[5.900s] Level 1:colcon.colcon_core.package_identification:_identify(src) by extension 'python'
[5.900s] Level 1:colcon.colcon_core.package_identification:_identify(src) by extensions ['python_setup_py']
[5.900s] Level 1:colcon.colcon_core.package_identification:_identify(src) by extension 'python_setup_py'
[5.902s] Level 1:colcon.colcon_core.package_identification:_identify(src/front_cam) by extensions ['ignore', 'ignore_ament_install']
[5.902s] Level 1:colcon.colcon_core.package_identification:_identify(src/front_cam) by extension 'ignore'
[5.903s] Level 1:colcon.colcon_core.package_identification:_identify(src/front_cam) by extension 'ignore_ament_install'
[5.904s] Level 1:colcon.colcon_core.package_identification:_identify(src/front_cam) by extensions ['colcon_pkg']
[5.904s] Level 1:colcon.colcon_core.package_identification:_identify(src/front_cam) by extension 'colcon_pkg'
[5.904s] Level 1:colcon.colcon_core.package_identification:_identify(src/front_cam) by extensions ['colcon_meta']
[5.905s] Level 1:colcon.colcon_core.package_identification:_identify(src/front_cam) by extension 'colcon_meta'
[5.905s] Level 1:colcon.colcon_core.package_identification:_identify(src/front_cam) by extensions ['ros']
[5.905s] Level 1:colcon.colcon_core.package_identification:_identify(src/front_cam) by extension 'ros'
[5.929s] DEBUG:colcon.colcon_core.package_identification:Package 'src/front_cam' with type 'ros.ament_cmake' and name 'front_cam'
[5.930s] Level 1:colcon.colcon_core.package_identification:_identify(src/imu_bno055) by extensions ['ignore', 'ignore_ament_install']
[5.931s] Level 1:colcon.colcon_core.package_identification:_identify(src/imu_bno055) by extension 'ignore'
[5.932s] Level 1:colcon.colcon_core.package_identification:_identify(src/imu_bno055) by extension 'ignore_ament_install'
[5.932s] Level 1:colcon.colcon_core.package_identification:_identify(src/imu_bno055) by extensions ['colcon_pkg']
[5.932s] Level 1:colcon.colcon_core.package_identification:_identify(src/imu_bno055) by extension 'colcon_pkg'
[5.933s] Level 1:colcon.colcon_core.package_identification:_identify(src/imu_bno055) by extensions ['colcon_meta']
[5.933s] Level 1:colcon.colcon_core.package_identification:_identify(src/imu_bno055) by extension 'colcon_meta'
[5.934s] Level 1:colcon.colcon_core.package_identification:_identify(src/imu_bno055) by extensions ['ros']
[5.934s] Level 1:colcon.colcon_core.package_identification:_identify(src/imu_bno055) by extension 'ros'
[5.941s] DEBUG:colcon.colcon_core.package_identification:Package 'src/imu_bno055' with type 'ros.ament_python' and name 'imu_bno055'
[5.945s] Level 1:colcon.colcon_core.package_identification:_identify(src/jet_drive) by extensions ['ignore', 'ignore_ament_install']
[5.946s] Level 1:colcon.colcon_core.package_identification:_identify(src/jet_drive) by extension 'ignore'
[5.946s] Level 1:colcon.colcon_core.package_identification:_identify(src/jet_drive) by extension 'ignore_ament_install'
[5.947s] Level 1:colcon.colcon_core.package_identification:_identify(src/jet_drive) by extensions ['colcon_pkg']
[5.947s] Level 1:colcon.colcon_core.package_identification:_identify(src/jet_drive) by extension 'colcon_pkg'
[5.948s] Level 1:colcon.colcon_core.package_identification:_identify(src/jet_drive) by extensions ['colcon_meta']
[5.948s] Level 1:colcon.colcon_core.package_identification:_identify(src/jet_drive) by extension 'colcon_meta'
[5.949s] Level 1:colcon.colcon_core.package_identification:_identify(src/jet_drive) by extensions ['ros']
[5.949s] Level 1:colcon.colcon_core.package_identification:_identify(src/jet_drive) by extension 'ros'
[5.956s] DEBUG:colcon.colcon_core.package_identification:Package 'src/jet_drive' with type 'ros.ament_python' and name 'jet_drive'
[5.957s] Level 1:colcon.colcon_core.package_identification:_identify(src/jet_drive_moderator) by extensions ['ignore', 'ignore_ament_install']
[5.958s] Level 1:colcon.colcon_core.package_identification:_identify(src/jet_drive_moderator) by extension 'ignore'
[5.958s] Level 1:colcon.colcon_core.package_identification:_identify(src/jet_drive_moderator) by extension 'ignore_ament_install'
[5.959s] Level 1:colcon.colcon_core.package_identification:_identify(src/jet_drive_moderator) by extensions ['colcon_pkg']
[5.959s] Level 1:colcon.colcon_core.package_identification:_identify(src/jet_drive_moderator) by extension 'colcon_pkg'
[5.960s] Level 1:colcon.colcon_core.package_identification:_identify(src/jet_drive_moderator) by extensions ['colcon_meta']
[5.960s] Level 1:colcon.colcon_core.package_identification:_identify(src/jet_drive_moderator) by extension 'colcon_meta'
[5.960s] Level 1:colcon.colcon_core.package_identification:_identify(src/jet_drive_moderator) by extensions ['ros']
[5.961s] Level 1:colcon.colcon_core.package_identification:_identify(src/jet_drive_moderator) by extension 'ros'
[5.967s] DEBUG:colcon.colcon_core.package_identification:Package 'src/jet_drive_moderator' with type 'ros.ament_cmake' and name 'jet_drive_moderator'
[5.970s] Level 1:colcon.colcon_core.package_identification:_identify(src/jetpilot_msgs) by extensions ['ignore', 'ignore_ament_install']
[5.971s] Level 1:colcon.colcon_core.package_identification:_identify(src/jetpilot_msgs) by extension 'ignore'
[5.972s] Level 1:colcon.colcon_core.package_identification:_identify(src/jetpilot_msgs) by extension 'ignore_ament_install'
[5.972s] Level 1:colcon.colcon_core.package_identification:_identify(src/jetpilot_msgs) by extensions ['colcon_pkg']
[5.972s] Level 1:colcon.colcon_core.package_identification:_identify(src/jetpilot_msgs) by extension 'colcon_pkg'
[5.973s] Level 1:colcon.colcon_core.package_identification:_identify(src/jetpilot_msgs) by extensions ['colcon_meta']
[5.973s] Level 1:colcon.colcon_core.package_identification:_identify(src/jetpilot_msgs) by extension 'colcon_meta'
[5.974s] Level 1:colcon.colcon_core.package_identification:_identify(src/jetpilot_msgs) by extensions ['ros']
[5.974s] Level 1:colcon.colcon_core.package_identification:_identify(src/jetpilot_msgs) by extension 'ros'
[5.979s] DEBUG:colcon.colcon_core.package_identification:Package 'src/jetpilot_msgs' with type 'ros.ament_cmake' and name 'jetpilot_msgs'
[5.982s] Level 1:colcon.colcon_core.package_identification:_identify(src/joystick) by extensions ['ignore', 'ignore_ament_install']
[5.982s] Level 1:colcon.colcon_core.package_identification:_identify(src/joystick) by extension 'ignore'
[5.983s] Level 1:colcon.colcon_core.package_identification:_identify(src/joystick) by extension 'ignore_ament_install'
[5.983s] Level 1:colcon.colcon_core.package_identification:_identify(src/joystick) by extensions ['colcon_pkg']
[5.984s] Level 1:colcon.colcon_core.package_identification:_identify(src/joystick) by extension 'colcon_pkg'
[5.984s] Level 1:colcon.colcon_core.package_identification:_identify(src/joystick) by extensions ['colcon_meta']
[5.984s] Level 1:colcon.colcon_core.package_identification:_identify(src/joystick) by extension 'colcon_meta'
[5.985s] Level 1:colcon.colcon_core.package_identification:_identify(src/joystick) by extensions ['ros']
[5.985s] Level 1:colcon.colcon_core.package_identification:_identify(src/joystick) by extension 'ros'
[5.992s] DEBUG:colcon.colcon_core.package_identification:Package 'src/joystick' with type 'ros.ament_python' and name 'joystick'
[5.993s] Level 1:colcon.colcon_core.package_identification:_identify(src/rplidar) by extensions ['ignore', 'ignore_ament_install']
[5.994s] Level 1:colcon.colcon_core.package_identification:_identify(src/rplidar) by extension 'ignore'
[5.994s] Level 1:colcon.colcon_core.package_identification:_identify(src/rplidar) by extension 'ignore_ament_install'
[5.995s] Level 1:colcon.colcon_core.package_identification:_identify(src/rplidar) by extensions ['colcon_pkg']
[5.995s] Level 1:colcon.colcon_core.package_identification:_identify(src/rplidar) by extension 'colcon_pkg'
[5.996s] Level 1:colcon.colcon_core.package_identification:_identify(src/rplidar) by extensions ['colcon_meta']
[5.996s] Level 1:colcon.colcon_core.package_identification:_identify(src/rplidar) by extension 'colcon_meta'
[5.996s] Level 1:colcon.colcon_core.package_identification:_identify(src/rplidar) by extensions ['ros']
[5.997s] Level 1:colcon.colcon_core.package_identification:_identify(src/rplidar) by extension 'ros'
[6.004s] DEBUG:colcon.colcon_core.package_identification:Package 'src/rplidar' with type 'ros.ament_cmake' and name 'rplidar_ros'
[6.005s] Level 1:colcon.colcon_core.package_discovery:discover_packages(recursive) using defaults
[6.007s] Level 1:colcon.colcon_core.package_discovery:discover_packages(ignore) discover
[6.007s] Level 1:colcon.colcon_core.package_discovery:discover_packages(ignore) using defaults
[6.007s] Level 1:colcon.colcon_core.package_discovery:discover_packages(path) discover
[6.007s] Level 1:colcon.colcon_core.package_discovery:discover_packages(path) using defaults
[6.326s] INFO:colcon.colcon_core.package_selection:Skipping not selected package 'front_cam' in 'src/front_cam'
[6.326s] INFO:colcon.colcon_core.package_selection:Skipping not selected package 'jetpilot_msgs' in 'src/jetpilot_msgs'
[6.327s] INFO:colcon.colcon_core.package_selection:Skipping not selected package 'rplidar_ros' in 'src/rplidar'
[6.327s] INFO:colcon.colcon_core.package_selection:Skipping not selected package 'jet_drive' in 'src/jet_drive'
[6.327s] INFO:colcon.colcon_core.package_selection:Skipping not selected package 'jet_drive_moderator' in 'src/jet_drive_moderator'
[6.328s] INFO:colcon.colcon_core.package_selection:Skipping not selected package 'joystick' in 'src/joystick'
[6.378s] Level 5:colcon.colcon_core.verb:set package 'imu_bno055' build argument 'cmake_args' from command line to 'None'
[6.378s] Level 5:colcon.colcon_core.verb:set package 'imu_bno055' build argument 'cmake_target' from command line to 'None'
[6.378s] Level 5:colcon.colcon_core.verb:set package 'imu_bno055' build argument 'cmake_target_skip_unavailable' from command line to 'False'
[6.379s] Level 5:colcon.colcon_core.verb:set package 'imu_bno055' build argument 'cmake_clean_cache' from command line to 'False'
[6.379s] Level 5:colcon.colcon_core.verb:set package 'imu_bno055' build argument 'cmake_clean_first' from command line to 'False'
[6.379s] Level 5:colcon.colcon_core.verb:set package 'imu_bno055' build argument 'cmake_force_configure' from command line to 'False'
[6.380s] Level 5:colcon.colcon_core.verb:set package 'imu_bno055' build argument 'ament_cmake_args' from command line to 'None'
[6.380s] Level 5:colcon.colcon_core.verb:set package 'imu_bno055' build argument 'catkin_cmake_args' from command line to 'None'
[6.380s] Level 5:colcon.colcon_core.verb:set package 'imu_bno055' build argument 'catkin_skip_building_tests' from command line to 'False'
[6.381s] DEBUG:colcon.colcon_core.verb:Building package 'imu_bno055' with the following arguments: {'ament_cmake_args': None, 'build_base': '/home/jetson/JetPilot/ros2/build/imu_bno055', 'catkin_cmake_args': None, 'catkin_skip_building_tests': False, 'cmake_args': None, 'cmake_clean_cache': False, 'cmake_clean_first': False, 'cmake_force_configure': False, 'cmake_target': None, 'cmake_target_skip_unavailable': False, 'install_base': '/home/jetson/JetPilot/ros2/install/imu_bno055', 'merge_install': False, 'path': '/home/jetson/JetPilot/ros2/src/imu_bno055', 'symlink_install': False, 'test_result_base': None}
[6.385s] INFO:colcon.colcon_core.executor:Executing jobs using 'parallel' executor
[6.408s] DEBUG:colcon.colcon_parallel_executor.executor.parallel:run_until_complete
[6.410s] INFO:colcon.colcon_ros.task.ament_python.build:Building ROS package in '/home/jetson/JetPilot/ros2/src/imu_bno055' with build type 'ament_python'
[6.410s] Level 1:colcon.colcon_core.shell:create_environment_hook('imu_bno055', 'ament_prefix_path')
[6.490s] INFO:colcon.colcon_core.plugin_system:Skipping extension 'colcon_core.shell.bat': Not used on non-Windows systems
[6.491s] INFO:colcon.colcon_core.shell:Creating environment hook '/home/jetson/JetPilot/ros2/install/imu_bno055/share/imu_bno055/hook/ament_prefix_path.ps1'
[6.498s] INFO:colcon.colcon_core.shell:Creating environment descriptor '/home/jetson/JetPilot/ros2/install/imu_bno055/share/imu_bno055/hook/ament_prefix_path.dsv'
[6.502s] INFO:colcon.colcon_core.shell:Creating environment hook '/home/jetson/JetPilot/ros2/install/imu_bno055/share/imu_bno055/hook/ament_prefix_path.sh'
[6.516s] INFO:colcon.colcon_core.shell:Skip shell extension 'powershell' for command environment: Not usable outside of PowerShell
[6.517s] DEBUG:colcon.colcon_core.shell:Skip shell extension 'dsv' for command environment
[14.621s] INFO:colcon.colcon_core.task.python.build:Building Python package in '/home/jetson/JetPilot/ros2/src/imu_bno055'
[14.631s] INFO:colcon.colcon_core.shell:Skip shell extension 'powershell' for command environment: Not usable outside of PowerShell
[14.632s] DEBUG:colcon.colcon_core.shell:Skip shell extension 'dsv' for command environment
[14.982s] DEBUG:colcon.colcon_core.event_handler.log_command:Invoking command in '/home/jetson/JetPilot/ros2/src/imu_bno055': AMENT_PREFIX_PATH=/home/jetson/JetPilot/ros2/install/jetpilot_msgs:${AMENT_PREFIX_PATH} CMAKE_PREFIX_PATH=/home/jetson/JetPilot/ros2/install/jetpilot_msgs:${CMAKE_PREFIX_PATH} LD_LIBRARY_PATH=/home/jetson/JetPilot/ros2/install/jetpilot_msgs/lib:${LD_LIBRARY_PATH} PYTHONPATH=/home/jetson/JetPilot/ros2/install/imu_bno055/lib/python3.6/site-packages:/home/jetson/JetPilot/ros2/install/jetpilot_msgs/lib/python3.6/site-packages:${PYTHONPATH} /usr/bin/python3 setup.py egg_info --egg-base ../../build/imu_bno055 build --build-base /home/jetson/JetPilot/ros2/build/imu_bno055/build install --prefix /home/jetson/JetPilot/ros2/install/imu_bno055 --record /home/jetson/JetPilot/ros2/build/imu_bno055/install.log --single-version-externally-managed
[23.881s] DEBUG:colcon.colcon_core.event_handler.log_command:Invoked command in '/home/jetson/JetPilot/ros2/src/imu_bno055' returned '0': AMENT_PREFIX_PATH=/home/jetson/JetPilot/ros2/install/jetpilot_msgs:${AMENT_PREFIX_PATH} CMAKE_PREFIX_PATH=/home/jetson/JetPilot/ros2/install/jetpilot_msgs:${CMAKE_PREFIX_PATH} LD_LIBRARY_PATH=/home/jetson/JetPilot/ros2/install/jetpilot_msgs/lib:${LD_LIBRARY_PATH} PYTHONPATH=/home/jetson/JetPilot/ros2/install/imu_bno055/lib/python3.6/site-packages:/home/jetson/JetPilot/ros2/install/jetpilot_msgs/lib/python3.6/site-packages:${PYTHONPATH} /usr/bin/python3 setup.py egg_info --egg-base ../../build/imu_bno055 build --build-base /home/jetson/JetPilot/ros2/build/imu_bno055/build install --prefix /home/jetson/JetPilot/ros2/install/imu_bno055 --record /home/jetson/JetPilot/ros2/build/imu_bno055/install.log --single-version-externally-managed
[23.957s] Level 1:colcon.colcon_core.environment:checking '/home/jetson/JetPilot/ros2/install/imu_bno055' for CMake module files
[23.962s] Level 1:colcon.colcon_core.environment:checking '/home/jetson/JetPilot/ros2/install/imu_bno055' for CMake config files
[23.969s] Level 1:colcon.colcon_core.environment:checking '/home/jetson/JetPilot/ros2/install/imu_bno055/lib'
[23.970s] Level 1:colcon.colcon_core.environment:checking '/home/jetson/JetPilot/ros2/install/imu_bno055/bin'
[23.971s] Level 1:colcon.colcon_core.environment:checking '/home/jetson/JetPilot/ros2/install/imu_bno055/lib/pkgconfig/imu_bno055.pc'
[23.972s] Level 1:colcon.colcon_core.environment:checking '/home/jetson/JetPilot/ros2/install/imu_bno055/lib/python3.6/site-packages'
[23.972s] Level 1:colcon.colcon_core.shell:create_environment_hook('imu_bno055', 'pythonpath')
[23.980s] INFO:colcon.colcon_core.shell:Creating environment hook '/home/jetson/JetPilot/ros2/install/imu_bno055/share/imu_bno055/hook/pythonpath.ps1'
[23.983s] INFO:colcon.colcon_core.shell:Creating environment descriptor '/home/jetson/JetPilot/ros2/install/imu_bno055/share/imu_bno055/hook/pythonpath.dsv'
[23.985s] INFO:colcon.colcon_core.shell:Creating environment hook '/home/jetson/JetPilot/ros2/install/imu_bno055/share/imu_bno055/hook/pythonpath.sh'
[23.988s] Level 1:colcon.colcon_core.environment:create_environment_scripts_only(imu_bno055)
[23.997s] INFO:colcon.colcon_core.shell:Creating package script '/home/jetson/JetPilot/ros2/install/imu_bno055/share/imu_bno055/package.ps1'
[24.006s] INFO:colcon.colcon_core.shell:Creating package descriptor '/home/jetson/JetPilot/ros2/install/imu_bno055/share/imu_bno055/package.dsv'
[24.011s] INFO:colcon.colcon_core.shell:Creating package script '/home/jetson/JetPilot/ros2/install/imu_bno055/share/imu_bno055/package.sh'
[24.019s] INFO:colcon.colcon_core.shell:Creating package script '/home/jetson/JetPilot/ros2/install/imu_bno055/share/imu_bno055/package.bash'
[24.027s] INFO:colcon.colcon_core.shell:Creating package script '/home/jetson/JetPilot/ros2/install/imu_bno055/share/imu_bno055/package.zsh'
[24.038s] Level 1:colcon.colcon_core.environment:create_file_with_runtime_dependencies(/home/jetson/JetPilot/ros2/install/imu_bno055/share/colcon-core/packages/imu_bno055)
[24.040s] DEBUG:colcon.colcon_parallel_executor.executor.parallel:closing loop
[24.044s] DEBUG:colcon.colcon_parallel_executor.executor.parallel:loop closed
[24.044s] DEBUG:colcon.colcon_parallel_executor.executor.parallel:run_until_complete finished with '0'
[24.045s] DEBUG:colcon.colcon_core.event_reactor:joining thread
[24.161s] INFO:colcon.colcon_core.plugin_system:Skipping extension 'colcon_notification.desktop_notification.terminal_notifier': Not used on non-Darwin systems
[24.162s] INFO:colcon.colcon_core.plugin_system:Skipping extension 'colcon_notification.desktop_notification.win32': Not used on non-Windows systems
[24.163s] INFO:colcon.colcon_notification.desktop_notification:Sending desktop notification using 'notify2'
[24.169s] DEBUG:colcon.colcon_notification.desktop_notification.notify2:Failed to initialize notify2: org.freedesktop.DBus.Error.ServiceUnknown: The name org.freedesktop.Notifications was not provided by any .service files
[24.170s] DEBUG:colcon.colcon_core.event_reactor:joined thread
[24.178s] INFO:colcon.colcon_core.shell:Creating prefix script '/home/jetson/JetPilot/ros2/install/local_setup.ps1'
[24.189s] INFO:colcon.colcon_core.shell:Creating prefix util module '/home/jetson/JetPilot/ros2/install/_local_setup_util_ps1.py'
[24.204s] INFO:colcon.colcon_core.shell:Creating prefix chain script '/home/jetson/JetPilot/ros2/install/setup.ps1'
[24.329s] INFO:colcon.colcon_core.shell:Creating prefix script '/home/jetson/JetPilot/ros2/install/local_setup.sh'
[24.335s] INFO:colcon.colcon_core.shell:Creating prefix util module '/home/jetson/JetPilot/ros2/install/_local_setup_util_sh.py'
[24.338s] INFO:colcon.colcon_core.shell:Creating prefix chain script '/home/jetson/JetPilot/ros2/install/setup.sh'
[24.463s] INFO:colcon.colcon_core.shell:Creating prefix script '/home/jetson/JetPilot/ros2/install/local_setup.bash'
[24.467s] INFO:colcon.colcon_core.shell:Creating prefix chain script '/home/jetson/JetPilot/ros2/install/setup.bash'
[24.595s] INFO:colcon.colcon_core.shell:Creating prefix script '/home/jetson/JetPilot/ros2/install/local_setup.zsh'
[24.600s] INFO:colcon.colcon_core.shell:Creating prefix chain script '/home/jetson/JetPilot/ros2/install/setup.zsh'
