[0.377s] Invoking command in '/home/jetson/JetAutonomy/ros2/build/rplidar_ros': CMAKE_PREFIX_PATH=${CMAKE_PREFIX_PATH}:/home/jetson/ros2_dashing/install/ros2bag:/home/jetson/ros2_dashing/install/topic_monitor:/home/jetson/ros2_dashing/install/sros2:/home/jetson/ros2_dashing/install/rqt_topic:/home/jetson/ros2_dashing/install/rqt_top:/home/jetson/ros2_dashing/install/rqt_srv:/home/jetson/ros2_dashing/install/rqt_shell:/home/jetson/ros2_dashing/install/rqt_service_caller:/home/jetson/ros2_dashing/install/rqt_py_console:/home/jetson/ros2_dashing/install/rqt_action:/home/jetson/ros2_dashing/install/rqt:/home/jetson/ros2_dashing/install/rqt_graph:/home/jetson/ros2_dashing/install/rqt_gui_py:/home/jetson/ros2_dashing/install/rqt_gui:/home/jetson/ros2_dashing/install/ros2topic:/home/jetson/ros2_dashing/install/ros2test:/home/jetson/ros2_dashing/install/ros2component:/home/jetson/ros2_dashing/install/ros2param:/home/jetson/ros2_dashing/install/ros2lifecycle:/home/jetson/ros2_dashing/install/ros2service:/home/jetson/ros2_dashing/install/ros2srv:/home/jetson/ros2_dashing/install/ros2run:/home/jetson/ros2_dashing/install/ros2launch:/home/jetson/ros2_dashing/install/ros2pkg:/home/jetson/ros2_dashing/install/ros2node:/home/jetson/ros2_dashing/install/ros2multicast:/home/jetson/ros2_dashing/install/ros2msg:/home/jetson/ros2_dashing/install/ros2action:/home/jetson/ros2_dashing/install/ros2cli:/home/jetson/ros2_dashing/install/quality_of_service_demo_py:/home/jetson/ros2_dashing/install/launch_testing_ros:/home/jetson/ros2_dashing/install/launch_ros:/home/jetson/ros2_dashing/install/examples_rclpy_minimal_subscriber:/home/jetson/ros2_dashing/install/examples_rclpy_minimal_service:/home/jetson/ros2_dashing/install/examples_rclpy_minimal_publisher:/home/jetson/ros2_dashing/install/examples_rclpy_minimal_client:/home/jetson/ros2_dashing/install/examples_rclpy_minimal_action_server:/home/jetson/ros2_dashing/install/examples_rclpy_minimal_action_client:/home/jetson/ros2_dashing/install/examples_rclpy_executors:/home/jetson/ros2_dashing/install/demo_nodes_py:/home/jetson/ros2_dashing/install/ament_uncrustify:/home/jetson/ros2_dashing/install/test_launch_ros:/home/jetson/ros2_dashing/install/rosidl_runtime_py:/home/jetson/ros2_dashing/install/launch_testing:/home/jetson/ros2_dashing/install/launch:/home/jetson/ros2_dashing/install/osrf_pycommon:/home/jetson/ros2_dashing/install/ament_xmllint:/home/jetson/ros2_dashing/install/ament_pyflakes:/home/jetson/ros2_dashing/install/ament_pep8:/home/jetson/ros2_dashing/install/ament_pep257:/home/jetson/ros2_dashing/install/ament_pclint:/home/jetson/ros2_dashing/install/ament_package:/home/jetson/ros2_dashing/install/ament_lint_cmake:/home/jetson/ros2_dashing/install/ament_flake8:/home/jetson/ros2_dashing/install/ament_copyright:/home/jetson/ros2_dashing/install/ament_lint:/home/jetson/ros2_dashing/install/ament_index_python:/home/jetson/ros2_dashing/install/ament_cpplint:/home/jetson/ros2_dashing/install/ament_cppcheck:/home/jetson/ros2_dashing/install/ament_clang_tidy:/home/jetson/ros2_dashing/install/ament_clang_format /usr/bin/cmake /home/jetson/JetAutonomy/ros2/src/rplidar -DCMAKE_INSTALL_PREFIX=/home/jetson/JetAutonomy/ros2/install/rplidar_ros
[1.558s] -- The C compiler identification is GNU 7.3.0
[2.382s] -- The CXX compiler identification is GNU 7.3.0
[2.467s] -- Check for working C compiler: /usr/bin/cc
[3.317s] -- Check for working C compiler: /usr/bin/cc -- works
[3.322s] -- Detecting C compiler ABI info
[4.673s] -- Detecting C compiler ABI info - done
[4.731s] -- Detecting C compile features
[7.430s] -- Detecting C compile features - done
[7.448s] -- Check for working CXX compiler: /usr/bin/c++
[8.339s] -- Check for working CXX compiler: /usr/bin/c++ -- works
[8.351s] -- Detecting CXX compiler ABI info
[9.279s] -- Detecting CXX compiler ABI info - done
[9.310s] -- Detecting CXX compile features
[13.097s] -- Detecting CXX compile features - done
[13.270s] -- Found ament_cmake_auto: 0.7.6 (/home/jetson/ros2_dashing/install/ament_cmake_auto/share/ament_cmake_auto/cmake)
[18.508s] -- Found PythonInterp: /usr/bin/python3 (found suitable version "3.6.8", minimum required is "3") 
[18.510s] -- Using PYTHON_EXECUTABLE: /usr/bin/python3
[27.658s] -- Found ament_cmake_ros: 0.7.0 (/home/jetson/ros2_dashing/install/ament_cmake_ros/share/ament_cmake_ros/cmake)
[34.186s] -- Found rosidl_adapter: 0.7.10 (/home/jetson/ros2_dashing/install/rosidl_adapter/share/rosidl_adapter/cmake)
[34.928s] -- Found rmw_implementation_cmake: 0.7.2 (/home/jetson/ros2_dashing/install/rmw_implementation_cmake/share/rmw_implementation_cmake/cmake)
[35.130s] -- Using RMW implementation 'rmw_fastrtps_cpp' as default
[35.138s] -- Looking for pthread.h
[36.000s] -- Looking for pthread.h - found
[36.006s] -- Looking for pthread_create
[36.818s] -- Looking for pthread_create - not found
[36.820s] -- Looking for pthread_create in pthreads
[37.622s] -- Looking for pthread_create in pthreads - not found
[37.624s] -- Looking for pthread_create in pthread
[38.463s] -- Looking for pthread_create in pthread - found
[38.476s] -- Found Threads: TRUE  
[40.135s] -- Found poco_vendor:  (/home/jetson/ros2_dashing/install/poco_vendor/share/poco_vendor/cmake)
[53.233s] -- Configuring done
[54.056s] -- Generating done
[54.067s] -- Build files have been written to: /home/jetson/JetAutonomy/ros2/build/rplidar_ros
[54.116s] Invoked command in '/home/jetson/JetAutonomy/ros2/build/rplidar_ros' returned '0': CMAKE_PREFIX_PATH=${CMAKE_PREFIX_PATH}:/home/jetson/ros2_dashing/install/ros2bag:/home/jetson/ros2_dashing/install/topic_monitor:/home/jetson/ros2_dashing/install/sros2:/home/jetson/ros2_dashing/install/rqt_topic:/home/jetson/ros2_dashing/install/rqt_top:/home/jetson/ros2_dashing/install/rqt_srv:/home/jetson/ros2_dashing/install/rqt_shell:/home/jetson/ros2_dashing/install/rqt_service_caller:/home/jetson/ros2_dashing/install/rqt_py_console:/home/jetson/ros2_dashing/install/rqt_action:/home/jetson/ros2_dashing/install/rqt:/home/jetson/ros2_dashing/install/rqt_graph:/home/jetson/ros2_dashing/install/rqt_gui_py:/home/jetson/ros2_dashing/install/rqt_gui:/home/jetson/ros2_dashing/install/ros2topic:/home/jetson/ros2_dashing/install/ros2test:/home/jetson/ros2_dashing/install/ros2component:/home/jetson/ros2_dashing/install/ros2param:/home/jetson/ros2_dashing/install/ros2lifecycle:/home/jetson/ros2_dashing/install/ros2service:/home/jetson/ros2_dashing/install/ros2srv:/home/jetson/ros2_dashing/install/ros2run:/home/jetson/ros2_dashing/install/ros2launch:/home/jetson/ros2_dashing/install/ros2pkg:/home/jetson/ros2_dashing/install/ros2node:/home/jetson/ros2_dashing/install/ros2multicast:/home/jetson/ros2_dashing/install/ros2msg:/home/jetson/ros2_dashing/install/ros2action:/home/jetson/ros2_dashing/install/ros2cli:/home/jetson/ros2_dashing/install/quality_of_service_demo_py:/home/jetson/ros2_dashing/install/launch_testing_ros:/home/jetson/ros2_dashing/install/launch_ros:/home/jetson/ros2_dashing/install/examples_rclpy_minimal_subscriber:/home/jetson/ros2_dashing/install/examples_rclpy_minimal_service:/home/jetson/ros2_dashing/install/examples_rclpy_minimal_publisher:/home/jetson/ros2_dashing/install/examples_rclpy_minimal_client:/home/jetson/ros2_dashing/install/examples_rclpy_minimal_action_server:/home/jetson/ros2_dashing/install/examples_rclpy_minimal_action_client:/home/jetson/ros2_dashing/install/examples_rclpy_executors:/home/jetson/ros2_dashing/install/demo_nodes_py:/home/jetson/ros2_dashing/install/ament_uncrustify:/home/jetson/ros2_dashing/install/test_launch_ros:/home/jetson/ros2_dashing/install/rosidl_runtime_py:/home/jetson/ros2_dashing/install/launch_testing:/home/jetson/ros2_dashing/install/launch:/home/jetson/ros2_dashing/install/osrf_pycommon:/home/jetson/ros2_dashing/install/ament_xmllint:/home/jetson/ros2_dashing/install/ament_pyflakes:/home/jetson/ros2_dashing/install/ament_pep8:/home/jetson/ros2_dashing/install/ament_pep257:/home/jetson/ros2_dashing/install/ament_pclint:/home/jetson/ros2_dashing/install/ament_package:/home/jetson/ros2_dashing/install/ament_lint_cmake:/home/jetson/ros2_dashing/install/ament_flake8:/home/jetson/ros2_dashing/install/ament_copyright:/home/jetson/ros2_dashing/install/ament_lint:/home/jetson/ros2_dashing/install/ament_index_python:/home/jetson/ros2_dashing/install/ament_cpplint:/home/jetson/ros2_dashing/install/ament_cppcheck:/home/jetson/ros2_dashing/install/ament_clang_tidy:/home/jetson/ros2_dashing/install/ament_clang_format /usr/bin/cmake /home/jetson/JetAutonomy/ros2/src/rplidar -DCMAKE_INSTALL_PREFIX=/home/jetson/JetAutonomy/ros2/install/rplidar_ros
[54.130s] Invoking command in '/home/jetson/JetAutonomy/ros2/build/rplidar_ros': CMAKE_PREFIX_PATH=${CMAKE_PREFIX_PATH}:/home/jetson/ros2_dashing/install/ros2bag:/home/jetson/ros2_dashing/install/topic_monitor:/home/jetson/ros2_dashing/install/sros2:/home/jetson/ros2_dashing/install/rqt_topic:/home/jetson/ros2_dashing/install/rqt_top:/home/jetson/ros2_dashing/install/rqt_srv:/home/jetson/ros2_dashing/install/rqt_shell:/home/jetson/ros2_dashing/install/rqt_service_caller:/home/jetson/ros2_dashing/install/rqt_py_console:/home/jetson/ros2_dashing/install/rqt_action:/home/jetson/ros2_dashing/install/rqt:/home/jetson/ros2_dashing/install/rqt_graph:/home/jetson/ros2_dashing/install/rqt_gui_py:/home/jetson/ros2_dashing/install/rqt_gui:/home/jetson/ros2_dashing/install/ros2topic:/home/jetson/ros2_dashing/install/ros2test:/home/jetson/ros2_dashing/install/ros2component:/home/jetson/ros2_dashing/install/ros2param:/home/jetson/ros2_dashing/install/ros2lifecycle:/home/jetson/ros2_dashing/install/ros2service:/home/jetson/ros2_dashing/install/ros2srv:/home/jetson/ros2_dashing/install/ros2run:/home/jetson/ros2_dashing/install/ros2launch:/home/jetson/ros2_dashing/install/ros2pkg:/home/jetson/ros2_dashing/install/ros2node:/home/jetson/ros2_dashing/install/ros2multicast:/home/jetson/ros2_dashing/install/ros2msg:/home/jetson/ros2_dashing/install/ros2action:/home/jetson/ros2_dashing/install/ros2cli:/home/jetson/ros2_dashing/install/quality_of_service_demo_py:/home/jetson/ros2_dashing/install/launch_testing_ros:/home/jetson/ros2_dashing/install/launch_ros:/home/jetson/ros2_dashing/install/examples_rclpy_minimal_subscriber:/home/jetson/ros2_dashing/install/examples_rclpy_minimal_service:/home/jetson/ros2_dashing/install/examples_rclpy_minimal_publisher:/home/jetson/ros2_dashing/install/examples_rclpy_minimal_client:/home/jetson/ros2_dashing/install/examples_rclpy_minimal_action_server:/home/jetson/ros2_dashing/install/examples_rclpy_minimal_action_client:/home/jetson/ros2_dashing/install/examples_rclpy_executors:/home/jetson/ros2_dashing/install/demo_nodes_py:/home/jetson/ros2_dashing/install/ament_uncrustify:/home/jetson/ros2_dashing/install/test_launch_ros:/home/jetson/ros2_dashing/install/rosidl_runtime_py:/home/jetson/ros2_dashing/install/launch_testing:/home/jetson/ros2_dashing/install/launch:/home/jetson/ros2_dashing/install/osrf_pycommon:/home/jetson/ros2_dashing/install/ament_xmllint:/home/jetson/ros2_dashing/install/ament_pyflakes:/home/jetson/ros2_dashing/install/ament_pep8:/home/jetson/ros2_dashing/install/ament_pep257:/home/jetson/ros2_dashing/install/ament_pclint:/home/jetson/ros2_dashing/install/ament_package:/home/jetson/ros2_dashing/install/ament_lint_cmake:/home/jetson/ros2_dashing/install/ament_flake8:/home/jetson/ros2_dashing/install/ament_copyright:/home/jetson/ros2_dashing/install/ament_lint:/home/jetson/ros2_dashing/install/ament_index_python:/home/jetson/ros2_dashing/install/ament_cpplint:/home/jetson/ros2_dashing/install/ament_cppcheck:/home/jetson/ros2_dashing/install/ament_clang_tidy:/home/jetson/ros2_dashing/install/ament_clang_format /usr/bin/cmake --build /home/jetson/JetAutonomy/ros2/build/rplidar_ros -- -j2 -l2
[55.053s] [35m[1mScanning dependencies of target rplidar_composition_node[0m
[55.878s] [  5%] [32mBuilding CXX object CMakeFiles/rplidar_composition_node.dir/src/rplidar_node.cpp.o[0m
[63.599s] In file included from [01m[K/home/jetson/JetAutonomy/ros2/src/rplidar/./sdk/include/rplidar.h:39:0[m[K,
[63.600s]                  from [01m[K/home/jetson/JetAutonomy/ros2/src/rplidar/include/rplidar_node.hpp:41[m[K,
[63.601s]                  from [01m[K/home/jetson/JetAutonomy/ros2/src/rplidar/src/rplidar_node.cpp:36[m[K:
[63.602s] [01m[K/home/jetson/JetAutonomy/ros2/src/rplidar/./sdk/include/rplidar_protocol.h:59:15:[m[K [01;35m[Kwarning: [m[KISO C++ forbids zero-size array ‘[01m[Kdata[m[K’ [[01;35m[K-Wpedantic[m[K]
[63.603s]      _u8 data[0[01;35m[K][m[K;
[63.604s]                [01;35m[K^[m[K
[63.605s] In file included from [01m[K/home/jetson/JetAutonomy/ros2/src/rplidar/./sdk/include/rplidar.h:40:0[m[K,
[63.614s]                  from [01m[K/home/jetson/JetAutonomy/ros2/src/rplidar/include/rplidar_node.hpp:41[m[K,
[63.615s]                  from [01m[K/home/jetson/JetAutonomy/ros2/src/rplidar/src/rplidar_node.cpp:36[m[K:
[63.615s] [01m[K/home/jetson/JetAutonomy/ros2/src/rplidar/./sdk/include/rplidar_cmd.h:260:19:[m[K [01;35m[Kwarning: [m[KISO C++ forbids zero-size array ‘[01m[Kpayload[m[K’ [[01;35m[K-Wpedantic[m[K]
[63.616s]      _u8  payload[0[01;35m[K][m[K;
[63.617s]                    [01;35m[K^[m[K
[64.292s] [01m[K/home/jetson/JetAutonomy/ros2/src/rplidar/src/rplidar_node.cpp:[m[K In member function ‘[01m[Kvoid rplidar_ros::rplidar_node::stop_motor({anonymous}::EmptyRequest, {anonymous}::EmptyResponse)[m[K’:
[64.293s] [01m[K/home/jetson/JetAutonomy/ros2/src/rplidar/src/rplidar_node.cpp:245:50:[m[K [01;35m[Kwarning: [m[Kunused parameter ‘[01m[Kreq[m[K’ [[01;35m[K-Wunused-parameter[m[K]
[64.294s]  void rplidar_node::stop_motor(const EmptyRequest [01;35m[Kreq[m[K, EmptyResponse res)
[64.294s]                                                   [01;35m[K^~~[m[K
[64.295s] [01m[K/home/jetson/JetAutonomy/ros2/src/rplidar/src/rplidar_node.cpp:245:69:[m[K [01;35m[Kwarning: [m[Kunused parameter ‘[01m[Kres[m[K’ [[01;35m[K-Wunused-parameter[m[K]
[64.296s]  void rplidar_node::stop_motor(const EmptyRequest req, EmptyResponse [01;35m[Kres[m[K)
[64.297s]                                                                      [01;35m[K^~~[m[K
[64.298s] [01m[K/home/jetson/JetAutonomy/ros2/src/rplidar/src/rplidar_node.cpp:[m[K In member function ‘[01m[Kvoid rplidar_ros::rplidar_node::start_motor({anonymous}::EmptyRequest, {anonymous}::EmptyResponse)[m[K’:
[64.299s] [01m[K/home/jetson/JetAutonomy/ros2/src/rplidar/src/rplidar_node.cpp:256:51:[m[K [01;35m[Kwarning: [m[Kunused parameter ‘[01m[Kreq[m[K’ [[01;35m[K-Wunused-parameter[m[K]
[64.318s]  void rplidar_node::start_motor(const EmptyRequest [01;35m[Kreq[m[K, EmptyResponse res)
[64.319s]                                                    [01;35m[K^~~[m[K
[64.320s] [01m[K/home/jetson/JetAutonomy/ros2/src/rplidar/src/rplidar_node.cpp:256:70:[m[K [01;35m[Kwarning: [m[Kunused parameter ‘[01m[Kres[m[K’ [[01;35m[K-Wunused-parameter[m[K]
[64.321s]  void rplidar_node::start_motor(const EmptyRequest req, EmptyResponse [01;35m[Kres[m[K)
[64.322s]                                                                       [01;35m[K^~~[m[K
[64.356s] [01m[K/home/jetson/JetAutonomy/ros2/src/rplidar/src/rplidar_node.cpp:[m[K In member function ‘[01m[Kvoid rplidar_ros::rplidar_node::publish_loop()[m[K’:
[64.357s] [01m[K/home/jetson/JetAutonomy/ros2/src/rplidar/src/rplidar_node.cpp:343:97:[m[K [01;35m[Kwarning: [m[KISO C++ forbids variable length array ‘[01m[Kangle_compensate_nodes[m[K’ [[01;35m[K-Wvla[m[K]
[64.362s]        rplidar_response_measurement_node_hq_t angle_compensate_nodes[angle_compensate_nodes_count[01;35m[K][m[K;
[64.363s]                                                                                                  [01;35m[K^[m[K
[64.364s] [01m[K/home/jetson/JetAutonomy/ros2/src/rplidar/src/rplidar_node.cpp:353:25:[m[K [01;35m[Kwarning: [m[Kcomparison between signed and unsigned integer expressions [[01;35m[K-Wsign-compare[m[K]
[64.365s]            for (j = 0; [01;35m[Kj < m_angle_compensate_multiple[m[K; j++) {
[64.374s]                        [01;35m[K~~^~~~~~~~~~~~~~~~~~~~~~~~~~~~~[m[K
[64.375s] [01m[K/home/jetson/JetAutonomy/ros2/src/rplidar/src/rplidar_node.cpp:374:44:[m[K [01;35m[Kwarning: [m[Kcomparison between signed and unsigned integer expressions [[01;35m[K-Wsign-compare[m[K]
[64.376s]        for (size_t x = start_node, y = 0; [01;35m[Kx < end_node[m[K; ++x, ++y) {
[64.377s]                                           [01;35m[K~~^~~~~~~~~~[m[K
[64.377s] [01m[K/home/jetson/JetAutonomy/ros2/src/rplidar/src/rplidar_node.cpp:381:11:[m[K [01;35m[Kwarning: [m[Kunused variable ‘[01m[Kangle_min[m[K’ [[01;35m[K-Wunused-variable[m[K]
[64.378s]      float [01;35m[Kangle_min[m[K = deg_2_rad(0.0f);
[64.380s]            [01;35m[K^~~~~~~~~[m[K
[64.381s] [01m[K/home/jetson/JetAutonomy/ros2/src/rplidar/src/rplidar_node.cpp:382:11:[m[K [01;35m[Kwarning: [m[Kunused variable ‘[01m[Kangle_max[m[K’ [[01;35m[K-Wunused-variable[m[K]
[64.394s]      float [01;35m[Kangle_max[m[K = deg_2_rad(359.0f);
[64.395s]            [01;35m[K^~~~~~~~~[m[K
[77.363s] [ 11%] [32mBuilding CXX object CMakeFiles/rplidar_composition_node.dir/sdk/src/arch/linux/net_serial.cpp.o[0m
[83.442s] [01m[K/home/jetson/JetAutonomy/ros2/src/rplidar/sdk/src/arch/linux/net_serial.cpp:[m[K In member function ‘[01m[Kbool rp::arch::net::raw_serial::open(const char*, uint32_t, uint32_t)[m[K’:
[83.444s] [01m[K/home/jetson/JetAutonomy/ros2/src/rplidar/sdk/src/arch/linux/net_serial.cpp:97:74:[m[K [01;35m[Kwarning: [m[Kunused parameter ‘[01m[Kflags[m[K’ [[01;35m[K-Wunused-parameter[m[K]
[83.445s]  bool raw_serial::open(const char * portname, uint32_t baudrate, uint32_t [01;35m[Kflags[m[K)
[83.446s]                                                                           [01;35m[K^~~~~[m[K
[83.458s] [01m[K/home/jetson/JetAutonomy/ros2/src/rplidar/sdk/src/arch/linux/net_serial.cpp:[m[K In member function ‘[01m[Kvirtual void rp::arch::net::raw_serial::flush(_u32)[m[K’:
[83.459s] [01m[K/home/jetson/JetAutonomy/ros2/src/rplidar/sdk/src/arch/linux/net_serial.cpp:281:30:[m[K [01;35m[Kwarning: [m[Kunused parameter ‘[01m[Kflags[m[K’ [[01;35m[K-Wunused-parameter[m[K]
[83.460s]  void raw_serial::flush( _u32 [01;35m[Kflags[m[K)
[83.461s]                               [01;35m[K^~~~~[m[K
[83.474s] [01m[K/home/jetson/JetAutonomy/ros2/src/rplidar/sdk/src/arch/linux/net_serial.cpp:[m[K In member function ‘[01m[Kvirtual int rp::arch::net::raw_serial::waitforsent(_u32, size_t*)[m[K’:
[83.475s] [01m[K/home/jetson/JetAutonomy/ros2/src/rplidar/sdk/src/arch/linux/net_serial.cpp:286:34:[m[K [01;35m[Kwarning: [m[Kunused parameter ‘[01m[Ktimeout[m[K’ [[01;35m[K-Wunused-parameter[m[K]
[83.475s]  int raw_serial::waitforsent(_u32 [01;35m[Ktimeout[m[K, size_t * returned_size)
[83.476s]                                   [01;35m[K^~~~~~~[m[K
[83.477s] [01m[K/home/jetson/JetAutonomy/ros2/src/rplidar/sdk/src/arch/linux/net_serial.cpp:[m[K In member function ‘[01m[Kvirtual int rp::arch::net::raw_serial::waitforrecv(_u32, size_t*)[m[K’:
[83.486s] [01m[K/home/jetson/JetAutonomy/ros2/src/rplidar/sdk/src/arch/linux/net_serial.cpp:292:34:[m[K [01;35m[Kwarning: [m[Kunused parameter ‘[01m[Ktimeout[m[K’ [[01;35m[K-Wunused-parameter[m[K]
[83.487s]  int raw_serial::waitforrecv(_u32 [01;35m[Ktimeout[m[K, size_t * returned_size)
[83.488s]                                   [01;35m[K^~~~~~~[m[K
[86.156s] [ 16%] [32mBuilding CXX object CMakeFiles/rplidar_composition_node.dir/sdk/src/arch/linux/net_socket.cpp.o[0m
[91.209s] In file included from [01m[K/home/jetson/JetAutonomy/ros2/src/rplidar/./sdk/include/rplidar.h:39:0[m[K,
[91.211s]                  from [01m[K/home/jetson/JetAutonomy/ros2/src/rplidar/./sdk/src/sdkcommon.h:48[m[K,
[91.212s]                  from [01m[K/home/jetson/JetAutonomy/ros2/src/rplidar/sdk/src/arch/linux/net_socket.cpp:10[m[K:
[91.213s] [01m[K/home/jetson/JetAutonomy/ros2/src/rplidar/./sdk/include/rplidar_protocol.h:59:15:[m[K [01;35m[Kwarning: [m[KISO C++ forbids zero-size array ‘[01m[Kdata[m[K’ [[01;35m[K-Wpedantic[m[K]
[91.214s]      _u8 data[0[01;35m[K][m[K;
[91.218s]                [01;35m[K^[m[K
[91.225s] In file included from [01m[K/home/jetson/JetAutonomy/ros2/src/rplidar/./sdk/include/rplidar.h:40:0[m[K,
[91.226s]                  from [01m[K/home/jetson/JetAutonomy/ros2/src/rplidar/./sdk/src/sdkcommon.h:48[m[K,
[91.230s]                  from [01m[K/home/jetson/JetAutonomy/ros2/src/rplidar/sdk/src/arch/linux/net_socket.cpp:10[m[K:
[91.231s] [01m[K/home/jetson/JetAutonomy/ros2/src/rplidar/./sdk/include/rplidar_cmd.h:260:19:[m[K [01;35m[Kwarning: [m[KISO C++ forbids zero-size array ‘[01m[Kpayload[m[K’ [[01;35m[K-Wpedantic[m[K]
[91.232s]      _u8  payload[0[01;35m[K][m[K;
[91.244s]                    [01;35m[K^[m[K
[91.322s] [01m[K/home/jetson/JetAutonomy/ros2/src/rplidar/sdk/src/arch/linux/net_socket.cpp:[m[K In member function ‘[01m[Kvirtual u_result rp::net::SocketAddress::getAddressAsString(char*, size_t) const[m[K’:
[91.324s] [01m[K/home/jetson/JetAutonomy/ros2/src/rplidar/sdk/src/arch/linux/net_socket.cpp:170:17:[m[K [01;35m[Kwarning: [m[Kordered comparison of pointer with integer zero [[01;35m[K-Wextra[m[K]
[91.325s]      return ans<=[01;35m[K0[m[K?RESULT_OPERATION_FAIL:RESULT_OK;
[91.326s]                  [01;35m[K^[m[K
[91.450s] [01m[K/home/jetson/JetAutonomy/ros2/src/rplidar/sdk/src/arch/linux/net_socket.cpp:[m[K In member function ‘[01m[Kvirtual u_result rp::arch::net::StreamSocketImpl::send(const void*, size_t)[m[K’:
[91.451s] [01m[K/home/jetson/JetAutonomy/ros2/src/rplidar/sdk/src/arch/linux/net_socket.cpp:438:17:[m[K [01;35m[Kwarning: [m[Kcomparison between signed and unsigned integer expressions [[01;35m[K-Wsign-compare[m[K]
[91.452s]          if ([01;35m[Kans == (int)len[m[K) {
[91.453s]              [01;35m[K~~~~^~~~~~~~~~~[m[K
[91.583s] In file included from [01m[K/home/jetson/JetAutonomy/ros2/src/rplidar/./sdk/src/arch/linux/arch_linux.h:42:0[m[K,
[91.584s]                  from [01m[K/home/jetson/JetAutonomy/ros2/src/rplidar/./sdk/src/sdkcommon.h:40[m[K,
[91.586s]                  from [01m[K/home/jetson/JetAutonomy/ros2/src/rplidar/sdk/src/arch/linux/net_socket.cpp:10[m[K:
[91.587s] [01m[K/home/jetson/JetAutonomy/ros2/src/rplidar/sdk/src/arch/linux/net_socket.cpp:[m[K In member function ‘[01m[Kvirtual u_result rp::arch::net::DGramSocketImpl::sendTo(const rp::net::SocketAddress&, const void*, size_t)[m[K’:
[91.588s] [01m[K/home/jetson/JetAutonomy/ros2/src/rplidar/sdk/src/arch/linux/net_socket.cpp:726:24:[m[K [01;35m[Kwarning: [m[Kcomparison between signed and unsigned integer expressions [[01;35m[K-Wsign-compare[m[K]
[91.589s]              assert([01;35m[Kans == (int)l[m[Ken);
[91.590s]                     [01;35m[K~~~~^~~~~~~~~[m[K
[93.571s] [ 22%] [32mBuilding CXX object CMakeFiles/rplidar_composition_node.dir/sdk/src/arch/linux/timer.cpp.o[0m
[96.454s] [ 27%] [32mBuilding CXX object CMakeFiles/rplidar_composition_node.dir/sdk/src/hal/thread.cpp.o[0m
[103.170s] In file included from [01m[K/home/jetson/JetAutonomy/ros2/src/rplidar/./sdk/include/rplidar.h:39:0[m[K,
[103.172s]                  from [01m[K/home/jetson/JetAutonomy/ros2/src/rplidar/./sdk/src/sdkcommon.h:48[m[K,
[103.172s]                  from [01m[K/home/jetson/JetAutonomy/ros2/src/rplidar/sdk/src/hal/thread.cpp:35[m[K:
[103.173s] [01m[K/home/jetson/JetAutonomy/ros2/src/rplidar/./sdk/include/rplidar_protocol.h:59:15:[m[K [01;35m[Kwarning: [m[KISO C++ forbids zero-size array ‘[01m[Kdata[m[K’ [[01;35m[K-Wpedantic[m[K]
[103.174s]      _u8 data[0[01;35m[K][m[K;
[103.175s]                [01;35m[K^[m[K
[103.178s] In file included from [01m[K/home/jetson/JetAutonomy/ros2/src/rplidar/./sdk/include/rplidar.h:40:0[m[K,
[103.180s]                  from [01m[K/home/jetson/JetAutonomy/ros2/src/rplidar/./sdk/src/sdkcommon.h:48[m[K,
[103.181s]                  from [01m[K/home/jetson/JetAutonomy/ros2/src/rplidar/sdk/src/hal/thread.cpp:35[m[K:
[103.192s] [01m[K/home/jetson/JetAutonomy/ros2/src/rplidar/./sdk/include/rplidar_cmd.h:260:19:[m[K [01;35m[Kwarning: [m[KISO C++ forbids zero-size array ‘[01m[Kpayload[m[K’ [[01;35m[K-Wpedantic[m[K]
[103.193s]      _u8  payload[0[01;35m[K][m[K;
[103.206s]                    [01;35m[K^[m[K
[103.237s] In file included from [01m[K/home/jetson/JetAutonomy/ros2/src/rplidar/sdk/src/hal/thread.cpp:43:0[m[K:
[103.239s] [01m[K/home/jetson/JetAutonomy/ros2/src/rplidar/./sdk/src/arch/linux/thread.hpp:[m[K In member function ‘[01m[Ku_result rp::hal::Thread::join(long unsigned int)[m[K’:
[103.241s] [01m[K/home/jetson/JetAutonomy/ros2/src/rplidar/./sdk/src/arch/linux/thread.hpp:129:37:[m[K [01;35m[Kwarning: [m[Kunused parameter ‘[01m[Ktimeout[m[K’ [[01;35m[K-Wunused-parameter[m[K]
[103.242s]  u_result Thread::join(unsigned long [01;35m[Ktimeout[m[K)
[103.243s]                                      [01;35m[K^~~~~~~[m[K
[106.167s] [ 33%] [32mBuilding CXX object CMakeFiles/rplidar_composition_node.dir/sdk/src/rplidar_driver.cpp.o[0m
[113.471s] In file included from [01m[K/home/jetson/JetAutonomy/ros2/src/rplidar/./sdk/include/rplidar.h:39:0[m[K,
[113.484s]                  from [01m[K/home/jetson/JetAutonomy/ros2/src/rplidar/sdk/src/sdkcommon.h:48[m[K,
[113.485s]                  from [01m[K/home/jetson/JetAutonomy/ros2/src/rplidar/sdk/src/rplidar_driver.cpp:35[m[K:
[113.487s] [01m[K/home/jetson/JetAutonomy/ros2/src/rplidar/./sdk/include/rplidar_protocol.h:59:15:[m[K [01;35m[Kwarning: [m[KISO C++ forbids zero-size array ‘[01m[Kdata[m[K’ [[01;35m[K-Wpedantic[m[K]
[113.491s]      _u8 data[0[01;35m[K][m[K;
[113.498s]                [01;35m[K^[m[K
[113.515s] In file included from [01m[K/home/jetson/JetAutonomy/ros2/src/rplidar/./sdk/include/rplidar.h:40:0[m[K,
[113.517s]                  from [01m[K/home/jetson/JetAutonomy/ros2/src/rplidar/sdk/src/sdkcommon.h:48[m[K,
[113.519s]                  from [01m[K/home/jetson/JetAutonomy/ros2/src/rplidar/sdk/src/rplidar_driver.cpp:35[m[K:
[113.526s] [01m[K/home/jetson/JetAutonomy/ros2/src/rplidar/./sdk/include/rplidar_cmd.h:260:19:[m[K [01;35m[Kwarning: [m[KISO C++ forbids zero-size array ‘[01m[Kpayload[m[K’ [[01;35m[K-Wpedantic[m[K]
[113.527s]      _u8  payload[0[01;35m[K][m[K;
[113.528s]                    [01;35m[K^[m[K
[114.165s] [01m[K/home/jetson/JetAutonomy/ros2/src/rplidar/sdk/src/rplidar_driver.cpp:[m[K In member function ‘[01m[Kvirtual u_result rp::standalone::rplidar::RPlidarDriverImplCommon::reset(_u32)[m[K’:
[114.166s] [01m[K/home/jetson/JetAutonomy/ros2/src/rplidar/sdk/src/rplidar_driver.cpp:121:46:[m[K [01;35m[Kwarning: [m[Kunused parameter ‘[01m[Ktimeout[m[K’ [[01;35m[K-Wunused-parameter[m[K]
[114.167s]  u_result RPlidarDriverImplCommon::reset(_u32 [01;35m[Ktimeout[m[K)
[114.168s]                                               [01;35m[K^~~~~~~[m[K
[114.185s] [01m[K/home/jetson/JetAutonomy/ros2/src/rplidar/sdk/src/rplidar_driver.cpp:[m[K In member function ‘[01m[Kvirtual u_result rp::standalone::rplidar::RPlidarDriverImplCommon::checkIfTofLidar(bool&, _u32)[m[K’:
[114.186s] [01m[K/home/jetson/JetAutonomy/ros2/src/rplidar/sdk/src/rplidar_driver.cpp:274:75:[m[K [01;35m[Kwarning: [m[Kunused parameter ‘[01m[Ktimeout[m[K’ [[01;35m[K-Wunused-parameter[m[K]
[114.187s]  u_result RPlidarDriverImplCommon::checkIfTofLidar(bool & isTofLidar, _u32 [01;35m[Ktimeout[m[K)
[114.188s]                                                                            [01;35m[K^~~~~~~[m[K
[114.299s] [01m[K/home/jetson/JetAutonomy/ros2/src/rplidar/sdk/src/rplidar_driver.cpp:[m[K In function ‘[01m[K_u32 rp::standalone::rplidar::_crc32cal(_u32, void*, _u16)[m[K’:
[114.300s] [01m[K/home/jetson/JetAutonomy/ros2/src/rplidar/sdk/src/rplidar_driver.cpp:996:23:[m[K [01;35m[Kwarning: [m[Ksuggest parentheses around ‘[01m[K-[m[K’ in operand of ‘[01m[K&[m[K’ [[01;35m[K-Wparentheses[m[K]
[114.301s]      _u8 leftBytes = [01;35m[K4 - len[m[K & 0x3;
[114.302s]                      [01;35m[K~~^~~~~[m[K
[114.324s] [01m[K/home/jetson/JetAutonomy/ros2/src/rplidar/sdk/src/rplidar_driver.cpp:[m[K In member function ‘[01m[Kvirtual void rp::standalone::rplidar::RPlidarDriverImplCommon::_ultraCapsuleToNormal(const rplidar_response_ultra_capsule_measurement_nodes_t&, rplidar_response_measurement_node_hq_t*, size_t&)[m[K’:
[114.325s] [01m[K/home/jetson/JetAutonomy/ros2/src/rplidar/sdk/src/rplidar_driver.cpp:1207:32:[m[K [01;35m[Kwarning: [m[Kcomparison between signed and unsigned integer expressions [[01;35m[K-Wsign-compare[m[K]
[114.326s]              if (([01;35m[Kdist_predict1 == 0xFFFFFE00[m[K) || (dist_predict1 == 0x1FF)) {
[114.327s]                   [01;35m[K~~~~~~~~~~~~~~^~~~~~~~~~~~~[m[K
[114.327s] [01m[K/home/jetson/JetAutonomy/ros2/src/rplidar/sdk/src/rplidar_driver.cpp:1215:32:[m[K [01;35m[Kwarning: [m[Kcomparison between signed and unsigned integer expressions [[01;35m[K-Wsign-compare[m[K]
[114.328s]              if (([01;35m[Kdist_predict2 == 0xFFFFFE00[m[K) || (dist_predict2 == 0x1FF)) {
[114.329s]                   [01;35m[K~~~~~~~~~~~~~~^~~~~~~~~~~~~[m[K
[114.423s] [01m[K/home/jetson/JetAutonomy/ros2/src/rplidar/sdk/src/rplidar_driver.cpp:[m[K In member function ‘[01m[Kvirtual u_result rp::standalone::rplidar::RPlidarDriverImplCommon::getAllSupportedScanModes(std::vector<rp::standalone::rplidar::RplidarScanMode>&, _u32)[m[K’:
[114.424s] [01m[K/home/jetson/JetAutonomy/ros2/src/rplidar/sdk/src/rplidar_driver.cpp:1453:105:[m[K [01;35m[Kwarning: [m[Kunused parameter ‘[01m[KtimeoutInMs[m[K’ [[01;35m[K-Wunused-parameter[m[K]
[114.425s]  u_result RPlidarDriverImplCommon::getAllSupportedScanModes(std::vector<RplidarScanMode>& outModes, _u32 [01;35m[KtimeoutInMs[m[K)
[114.426s]                                                                                                          [01;35m[K^~~~~~~~~~~[m[K
[114.448s] [01m[K/home/jetson/JetAutonomy/ros2/src/rplidar/sdk/src/rplidar_driver.cpp:[m[K In member function ‘[01m[Kvirtual u_result rp::standalone::rplidar::RPlidarDriverImplCommon::startScan(bool, bool, _u32, rp::standalone::rplidar::RplidarScanMode*)[m[K’:
[114.449s] [01m[K/home/jetson/JetAutonomy/ros2/src/rplidar/sdk/src/rplidar_driver.cpp:1550:83:[m[K [01;35m[Kwarning: [m[Kunused parameter ‘[01m[Koptions[m[K’ [[01;35m[K-Wunused-parameter[m[K]
[114.470s]  u_result RPlidarDriverImplCommon::startScan(bool force, bool useTypicalScan, _u32 [01;35m[Koptions[m[K, RplidarScanMode* outUsedScanMode)
[114.472s]                                                                                    [01;35m[K^~~~~~~[m[K
[114.473s] [01m[K/home/jetson/JetAutonomy/ros2/src/rplidar/sdk/src/rplidar_driver.cpp:[m[K In member function ‘[01m[Kvirtual u_result rp::standalone::rplidar::RPlidarDriverImplCommon::stop(_u32)[m[K’:
[114.474s] [01m[K/home/jetson/JetAutonomy/ros2/src/rplidar/sdk/src/rplidar_driver.cpp:1774:45:[m[K [01;35m[Kwarning: [m[Kunused parameter ‘[01m[Ktimeout[m[K’ [[01;35m[K-Wunused-parameter[m[K]
[114.475s]  u_result RPlidarDriverImplCommon::stop(_u32 [01;35m[Ktimeout[m[K)
[114.476s]                                              [01;35m[K^~~~~~~[m[K
[114.523s] [01m[K/home/jetson/JetAutonomy/ros2/src/rplidar/sdk/src/rplidar_driver.cpp:[m[K In member function ‘[01m[Kvirtual u_result rp::standalone::rplidar::RPlidarDriverImplCommon::setLidarSpinSpeed(_u16, _u32)[m[K’:
[114.524s] [01m[K/home/jetson/JetAutonomy/ros2/src/rplidar/sdk/src/rplidar_driver.cpp:2162:68:[m[K [01;35m[Kwarning: [m[Kunused parameter ‘[01m[Ktimeout[m[K’ [[01;35m[K-Wunused-parameter[m[K]
[114.526s]  u_result RPlidarDriverImplCommon::setLidarSpinSpeed(_u16 rpm, _u32 [01;35m[Ktimeout[m[K)
[114.534s]                                                                     [01;35m[K^~~~~~~[m[K
[114.543s] [01m[K/home/jetson/JetAutonomy/ros2/src/rplidar/sdk/src/rplidar_driver.cpp:[m[K In member function ‘[01m[Kvirtual u_result rp::standalone::rplidar::RPlidarDriverSerial::connect(const char*, _u32, _u32)[m[K’:
[114.544s] [01m[K/home/jetson/JetAutonomy/ros2/src/rplidar/sdk/src/rplidar_driver.cpp:2240:83:[m[K [01;35m[Kwarning: [m[Kunused parameter ‘[01m[Kflag[m[K’ [[01;35m[K-Wunused-parameter[m[K]
[114.545s]  u_result RPlidarDriverSerial::connect(const char * port_path, _u32 baudrate, _u32 [01;35m[Kflag[m[K)
[114.546s]                                                                                    [01;35m[K^~~~[m[K
[114.552s] [01m[K/home/jetson/JetAutonomy/ros2/src/rplidar/sdk/src/rplidar_driver.cpp:[m[K In member function ‘[01m[Kvirtual u_result rp::standalone::rplidar::RPlidarDriverTCP::connect(const char*, _u32, _u32)[m[K’:
[114.553s] [01m[K/home/jetson/JetAutonomy/ros2/src/rplidar/sdk/src/rplidar_driver.cpp:2282:72:[m[K [01;35m[Kwarning: [m[Kunused parameter ‘[01m[Kflag[m[K’ [[01;35m[K-Wunused-parameter[m[K]
[114.554s]  u_result RPlidarDriverTCP::connect(const char * ipStr, _u32 port, _u32 [01;35m[Kflag[m[K)
[114.557s]                                                                         [01;35m[K^~~~[m[K
[121.482s] [ 38%] [32m[1mLinking CXX shared library librplidar_composition_node.so[0m
[126.228s] [ 38%] Built target rplidar_composition_node
[126.623s] [35m[1mScanning dependencies of target rplidarNodeClient[0m
[127.514s] [ 44%] [32mBuilding CXX object CMakeFiles/rplidarNodeClient.dir/src/client.cpp.o[0m
[149.292s] [ 50%] [32m[1mLinking CXX executable rplidarNodeClient[0m
[152.551s] [ 50%] Built target rplidarNodeClient
[152.819s] [35m[1mScanning dependencies of target rplidarNode[0m
[153.497s] [ 55%] [32mBuilding CXX object CMakeFiles/rplidarNode.dir/src/node.cpp.o[0m
[154.232s] [01m[K/home/jetson/JetAutonomy/ros2/src/rplidar/src/node.cpp:231:14:[m[K [01;35m[Kwarning: [m[Kinvalid suffix on literal; C++11 requires a space between literal and string macro [[01;35m[K-Wliteral-suffix[m[K]
[154.247s]      ROS_INFO([01;35m[K"[m[KRPLIDAR running on ROS package rplidar_ros. SDK Version:"RPLIDAR_SDK_VERSION"");
[154.248s]               [01;35m[K^[m[K
[162.725s] In file included from [01m[K/home/jetson/JetAutonomy/ros2/src/rplidar/./sdk/include/rplidar.h:39:0[m[K,
[162.726s]                  from [01m[K/home/jetson/JetAutonomy/ros2/src/rplidar/src/node.cpp:45[m[K:
[162.727s] [01m[K/home/jetson/JetAutonomy/ros2/src/rplidar/./sdk/include/rplidar_protocol.h:59:15:[m[K [01;35m[Kwarning: [m[KISO C++ forbids zero-size array ‘[01m[Kdata[m[K’ [[01;35m[K-Wpedantic[m[K]
[162.728s]      _u8 data[0[01;35m[K][m[K;
[162.729s]                [01;35m[K^[m[K
[162.743s] In file included from [01m[K/home/jetson/JetAutonomy/ros2/src/rplidar/./sdk/include/rplidar.h:40:0[m[K,
[162.744s]                  from [01m[K/home/jetson/JetAutonomy/ros2/src/rplidar/src/node.cpp:45[m[K:
[162.745s] [01m[K/home/jetson/JetAutonomy/ros2/src/rplidar/./sdk/include/rplidar_cmd.h:260:19:[m[K [01;35m[Kwarning: [m[KISO C++ forbids zero-size array ‘[01m[Kpayload[m[K’ [[01;35m[K-Wpedantic[m[K]
[162.745s]      _u8  payload[0[01;35m[K][m[K;
[162.746s]                    [01;35m[K^[m[K
[163.022s] [01m[K/home/jetson/JetAutonomy/ros2/src/rplidar/src/node.cpp:[m[K In function ‘[01m[Kbool stop_motor(std::shared_ptr<std_srvs::srv::Empty_Request_<std::allocator<void> > >, std::shared_ptr<std_srvs::srv::Empty_Response_<std::allocator<void> > >)[m[K’:
[163.023s] [01m[K/home/jetson/JetAutonomy/ros2/src/rplidar/src/node.cpp:166:70:[m[K [01;35m[Kwarning: [m[Kunused parameter ‘[01m[Kreq[m[K’ [[01;35m[K-Wunused-parameter[m[K]
[163.024s]  bool stop_motor(const std::shared_ptr<std_srvs::srv::Empty::Request> [01;35m[Kreq[m[K,
[163.025s]                                                                       [01;35m[K^~~[m[K
[163.047s] [01m[K/home/jetson/JetAutonomy/ros2/src/rplidar/src/node.cpp:167:65:[m[K [01;35m[Kwarning: [m[Kunused parameter ‘[01m[Kres[m[K’ [[01;35m[K-Wunused-parameter[m[K]
[163.048s]                  std::shared_ptr<std_srvs::srv::Empty::Response> [01;35m[Kres[m[K)
[163.049s]                                                                  [01;35m[K^~~[m[K
[163.054s] [01m[K/home/jetson/JetAutonomy/ros2/src/rplidar/src/node.cpp:[m[K In function ‘[01m[Kbool start_motor(std::shared_ptr<std_srvs::srv::Empty_Request_<std::allocator<void> > >, std::shared_ptr<std_srvs::srv::Empty_Response_<std::allocator<void> > >)[m[K’:
[163.055s] [01m[K/home/jetson/JetAutonomy/ros2/src/rplidar/src/node.cpp:178:71:[m[K [01;35m[Kwarning: [m[Kunused parameter ‘[01m[Kreq[m[K’ [[01;35m[K-Wunused-parameter[m[K]
[163.055s]  bool start_motor(const std::shared_ptr<std_srvs::srv::Empty::Request> [01;35m[Kreq[m[K,
[163.056s]                                                                        [01;35m[K^~~[m[K
[163.057s] [01m[K/home/jetson/JetAutonomy/ros2/src/rplidar/src/node.cpp:179:66:[m[K [01;35m[Kwarning: [m[Kunused parameter ‘[01m[Kres[m[K’ [[01;35m[K-Wunused-parameter[m[K]
[163.058s]                   std::shared_ptr<std_srvs::srv::Empty::Response> [01;35m[Kres[m[K)
[163.059s]                                                                   [01;35m[K^~~[m[K
[163.484s] [01m[K/home/jetson/JetAutonomy/ros2/src/rplidar/src/node.cpp:[m[K In function ‘[01m[Kint main(int, char**)[m[K’:
[163.486s] [01m[K/home/jetson/JetAutonomy/ros2/src/rplidar/src/node.cpp:356:111:[m[K [01;35m[Kwarning: [m[KISO C++ forbids variable length array ‘[01m[Kangle_compensate_nodes[m[K’ [[01;35m[K-Wvla[m[K]
[163.487s]                      rplidar_response_measurement_node_hq_t angle_compensate_nodes[angle_compensate_nodes_count[01;35m[K][m[K;
[163.498s]                                                                                                                [01;35m[K^[m[K
[163.503s] [01m[K/home/jetson/JetAutonomy/ros2/src/rplidar/src/node.cpp:360:30:[m[K [01;35m[Kwarning: [m[Kcomparison between signed and unsigned integer expressions [[01;35m[K-Wsign-compare[m[K]
[163.504s]                      for( ; [01;35m[Ki < count[m[K; i++ ) {
[163.505s]                             [01;35m[K~~^~~~~~~[m[K
[174.994s] [ 61%] [32mBuilding CXX object CMakeFiles/rplidarNode.dir/sdk/src/arch/linux/net_serial.cpp.o[0m
[177.279s] [01m[K/home/jetson/JetAutonomy/ros2/src/rplidar/sdk/src/arch/linux/net_serial.cpp:[m[K In member function ‘[01m[Kbool rp::arch::net::raw_serial::open(const char*, uint32_t, uint32_t)[m[K’:
[177.281s] [01m[K/home/jetson/JetAutonomy/ros2/src/rplidar/sdk/src/arch/linux/net_serial.cpp:97:74:[m[K [01;35m[Kwarning: [m[Kunused parameter ‘[01m[Kflags[m[K’ [[01;35m[K-Wunused-parameter[m[K]
[177.283s]  bool raw_serial::open(const char * portname, uint32_t baudrate, uint32_t [01;35m[Kflags[m[K)
[177.284s]                                                                           [01;35m[K^~~~~[m[K
[177.299s] [01m[K/home/jetson/JetAutonomy/ros2/src/rplidar/sdk/src/arch/linux/net_serial.cpp:[m[K In member function ‘[01m[Kvirtual void rp::arch::net::raw_serial::flush(_u32)[m[K’:
[177.301s] [01m[K/home/jetson/JetAutonomy/ros2/src/rplidar/sdk/src/arch/linux/net_serial.cpp:281:30:[m[K [01;35m[Kwarning: [m[Kunused parameter ‘[01m[Kflags[m[K’ [[01;35m[K-Wunused-parameter[m[K]
[177.302s]  void raw_serial::flush( _u32 [01;35m[Kflags[m[K)
[177.303s]                               [01;35m[K^~~~~[m[K
[177.305s] [01m[K/home/jetson/JetAutonomy/ros2/src/rplidar/sdk/src/arch/linux/net_serial.cpp:[m[K In member function ‘[01m[Kvirtual int rp::arch::net::raw_serial::waitforsent(_u32, size_t*)[m[K’:
[177.306s] [01m[K/home/jetson/JetAutonomy/ros2/src/rplidar/sdk/src/arch/linux/net_serial.cpp:286:34:[m[K [01;35m[Kwarning: [m[Kunused parameter ‘[01m[Ktimeout[m[K’ [[01;35m[K-Wunused-parameter[m[K]
[177.307s]  int raw_serial::waitforsent(_u32 [01;35m[Ktimeout[m[K, size_t * returned_size)
[177.315s]                                   [01;35m[K^~~~~~~[m[K
[177.316s] [01m[K/home/jetson/JetAutonomy/ros2/src/rplidar/sdk/src/arch/linux/net_serial.cpp:[m[K In member function ‘[01m[Kvirtual int rp::arch::net::raw_serial::waitforrecv(_u32, size_t*)[m[K’:
[177.317s] [01m[K/home/jetson/JetAutonomy/ros2/src/rplidar/sdk/src/arch/linux/net_serial.cpp:292:34:[m[K [01;35m[Kwarning: [m[Kunused parameter ‘[01m[Ktimeout[m[K’ [[01;35m[K-Wunused-parameter[m[K]
[177.318s]  int raw_serial::waitforrecv(_u32 [01;35m[Ktimeout[m[K, size_t * returned_size)
[177.318s]                                   [01;35m[K^~~~~~~[m[K
[178.350s] [ 66%] [32mBuilding CXX object CMakeFiles/rplidarNode.dir/sdk/src/arch/linux/net_socket.cpp.o[0m
[180.588s] In file included from [01m[K/home/jetson/JetAutonomy/ros2/src/rplidar/./sdk/include/rplidar.h:39:0[m[K,
[180.589s]                  from [01m[K/home/jetson/JetAutonomy/ros2/src/rplidar/./sdk/src/sdkcommon.h:48[m[K,
[180.590s]                  from [01m[K/home/jetson/JetAutonomy/ros2/src/rplidar/sdk/src/arch/linux/net_socket.cpp:10[m[K:
[180.592s] [01m[K/home/jetson/JetAutonomy/ros2/src/rplidar/./sdk/include/rplidar_protocol.h:59:15:[m[K [01;35m[Kwarning: [m[KISO C++ forbids zero-size array ‘[01m[Kdata[m[K’ [[01;35m[K-Wpedantic[m[K]
[180.593s]      _u8 data[0[01;35m[K][m[K;
[180.594s]                [01;35m[K^[m[K
[180.598s] In file included from [01m[K/home/jetson/JetAutonomy/ros2/src/rplidar/./sdk/include/rplidar.h:40:0[m[K,
[180.599s]                  from [01m[K/home/jetson/JetAutonomy/ros2/src/rplidar/./sdk/src/sdkcommon.h:48[m[K,
[180.601s]                  from [01m[K/home/jetson/JetAutonomy/ros2/src/rplidar/sdk/src/arch/linux/net_socket.cpp:10[m[K:
[180.602s] [01m[K/home/jetson/JetAutonomy/ros2/src/rplidar/./sdk/include/rplidar_cmd.h:260:19:[m[K [01;35m[Kwarning: [m[KISO C++ forbids zero-size array ‘[01m[Kpayload[m[K’ [[01;35m[K-Wpedantic[m[K]
[180.610s]      _u8  payload[0[01;35m[K][m[K;
[180.611s]                    [01;35m[K^[m[K
[180.658s] [01m[K/home/jetson/JetAutonomy/ros2/src/rplidar/sdk/src/arch/linux/net_socket.cpp:[m[K In member function ‘[01m[Kvirtual u_result rp::net::SocketAddress::getAddressAsString(char*, size_t) const[m[K’:
[180.659s] [01m[K/home/jetson/JetAutonomy/ros2/src/rplidar/sdk/src/arch/linux/net_socket.cpp:170:17:[m[K [01;35m[Kwarning: [m[Kordered comparison of pointer with integer zero [[01;35m[K-Wextra[m[K]
[180.662s]      return ans<=[01;35m[K0[m[K?RESULT_OPERATION_FAIL:RESULT_OK;
[180.675s]                  [01;35m[K^[m[K
[180.739s] [01m[K/home/jetson/JetAutonomy/ros2/src/rplidar/sdk/src/arch/linux/net_socket.cpp:[m[K In member function ‘[01m[Kvirtual u_result rp::arch::net::StreamSocketImpl::send(const void*, size_t)[m[K’:
[180.753s] [01m[K/home/jetson/JetAutonomy/ros2/src/rplidar/sdk/src/arch/linux/net_socket.cpp:438:17:[m[K [01;35m[Kwarning: [m[Kcomparison between signed and unsigned integer expressions [[01;35m[K-Wsign-compare[m[K]
[180.759s]          if ([01;35m[Kans == (int)len[m[K) {
[180.760s]              [01;35m[K~~~~^~~~~~~~~~~[m[K
[180.831s] In file included from [01m[K/home/jetson/JetAutonomy/ros2/src/rplidar/./sdk/src/arch/linux/arch_linux.h:42:0[m[K,
[180.832s]                  from [01m[K/home/jetson/JetAutonomy/ros2/src/rplidar/./sdk/src/sdkcommon.h:40[m[K,
[180.833s]                  from [01m[K/home/jetson/JetAutonomy/ros2/src/rplidar/sdk/src/arch/linux/net_socket.cpp:10[m[K:
[180.835s] [01m[K/home/jetson/JetAutonomy/ros2/src/rplidar/sdk/src/arch/linux/net_socket.cpp:[m[K In member function ‘[01m[Kvirtual u_result rp::arch::net::DGramSocketImpl::sendTo(const rp::net::SocketAddress&, const void*, size_t)[m[K’:
[180.836s] [01m[K/home/jetson/JetAutonomy/ros2/src/rplidar/sdk/src/arch/linux/net_socket.cpp:726:24:[m[K [01;35m[Kwarning: [m[Kcomparison between signed and unsigned integer expressions [[01;35m[K-Wsign-compare[m[K]
[180.837s]              assert([01;35m[Kans == (int)l[m[Ken);
[180.838s]                     [01;35m[K~~~~^~~~~~~~~[m[K
[182.461s] [ 72%] [32mBuilding CXX object CMakeFiles/rplidarNode.dir/sdk/src/arch/linux/timer.cpp.o[0m
[185.462s] [ 77%] [32mBuilding CXX object CMakeFiles/rplidarNode.dir/sdk/src/hal/thread.cpp.o[0m
[187.754s] In file included from [01m[K/home/jetson/JetAutonomy/ros2/src/rplidar/./sdk/include/rplidar.h:39:0[m[K,
[187.755s]                  from [01m[K/home/jetson/JetAutonomy/ros2/src/rplidar/./sdk/src/sdkcommon.h:48[m[K,
[187.764s]                  from [01m[K/home/jetson/JetAutonomy/ros2/src/rplidar/sdk/src/hal/thread.cpp:35[m[K:
[187.765s] [01m[K/home/jetson/JetAutonomy/ros2/src/rplidar/./sdk/include/rplidar_protocol.h:59:15:[m[K [01;35m[Kwarning: [m[KISO C++ forbids zero-size array ‘[01m[Kdata[m[K’ [[01;35m[K-Wpedantic[m[K]
[187.773s]      _u8 data[0[01;35m[K][m[K;
[187.775s]                [01;35m[K^[m[K
[187.775s] In file included from [01m[K/home/jetson/JetAutonomy/ros2/src/rplidar/./sdk/include/rplidar.h:40:0[m[K,
[187.776s]                  from [01m[K/home/jetson/JetAutonomy/ros2/src/rplidar/./sdk/src/sdkcommon.h:48[m[K,
[187.777s]                  from [01m[K/home/jetson/JetAutonomy/ros2/src/rplidar/sdk/src/hal/thread.cpp:35[m[K:
[187.791s] [01m[K/home/jetson/JetAutonomy/ros2/src/rplidar/./sdk/include/rplidar_cmd.h:260:19:[m[K [01;35m[Kwarning: [m[KISO C++ forbids zero-size array ‘[01m[Kpayload[m[K’ [[01;35m[K-Wpedantic[m[K]
[187.791s]      _u8  payload[0[01;35m[K][m[K;
[187.792s]                    [01;35m[K^[m[K
[187.793s] In file included from [01m[K/home/jetson/JetAutonomy/ros2/src/rplidar/sdk/src/hal/thread.cpp:43:0[m[K:
[187.794s] [01m[K/home/jetson/JetAutonomy/ros2/src/rplidar/./sdk/src/arch/linux/thread.hpp:[m[K In member function ‘[01m[Ku_result rp::hal::Thread::join(long unsigned int)[m[K’:
[187.795s] [01m[K/home/jetson/JetAutonomy/ros2/src/rplidar/./sdk/src/arch/linux/thread.hpp:129:37:[m[K [01;35m[Kwarning: [m[Kunused parameter ‘[01m[Ktimeout[m[K’ [[01;35m[K-Wunused-parameter[m[K]
[187.795s]  u_result Thread::join(unsigned long [01;35m[Ktimeout[m[K)
[187.796s]                                      [01;35m[K^~~~~~~[m[K
[188.615s] [ 83%] [32mBuilding CXX object CMakeFiles/rplidarNode.dir/sdk/src/rplidar_driver.cpp.o[0m
[190.919s] In file included from [01m[K/home/jetson/JetAutonomy/ros2/src/rplidar/./sdk/include/rplidar.h:39:0[m[K,
[190.920s]                  from [01m[K/home/jetson/JetAutonomy/ros2/src/rplidar/sdk/src/sdkcommon.h:48[m[K,
[190.921s]                  from [01m[K/home/jetson/JetAutonomy/ros2/src/rplidar/sdk/src/rplidar_driver.cpp:35[m[K:
[190.934s] [01m[K/home/jetson/JetAutonomy/ros2/src/rplidar/./sdk/include/rplidar_protocol.h:59:15:[m[K [01;35m[Kwarning: [m[KISO C++ forbids zero-size array ‘[01m[Kdata[m[K’ [[01;35m[K-Wpedantic[m[K]
[190.935s]      _u8 data[0[01;35m[K][m[K;
[190.936s]                [01;35m[K^[m[K
[190.937s] In file included from [01m[K/home/jetson/JetAutonomy/ros2/src/rplidar/./sdk/include/rplidar.h:40:0[m[K,
[190.950s]                  from [01m[K/home/jetson/JetAutonomy/ros2/src/rplidar/sdk/src/sdkcommon.h:48[m[K,
[190.951s]                  from [01m[K/home/jetson/JetAutonomy/ros2/src/rplidar/sdk/src/rplidar_driver.cpp:35[m[K:
[190.966s] [01m[K/home/jetson/JetAutonomy/ros2/src/rplidar/./sdk/include/rplidar_cmd.h:260:19:[m[K [01;35m[Kwarning: [m[KISO C++ forbids zero-size array ‘[01m[Kpayload[m[K’ [[01;35m[K-Wpedantic[m[K]
[190.974s]      _u8  payload[0[01;35m[K][m[K;
[190.975s]                    [01;35m[K^[m[K
[191.094s] [01m[K/home/jetson/JetAutonomy/ros2/src/rplidar/sdk/src/rplidar_driver.cpp:[m[K In member function ‘[01m[Kvirtual u_result rp::standalone::rplidar::RPlidarDriverImplCommon::reset(_u32)[m[K’:
[191.095s] [01m[K/home/jetson/JetAutonomy/ros2/src/rplidar/sdk/src/rplidar_driver.cpp:121:46:[m[K [01;35m[Kwarning: [m[Kunused parameter ‘[01m[Ktimeout[m[K’ [[01;35m[K-Wunused-parameter[m[K]
[191.096s]  u_result RPlidarDriverImplCommon::reset(_u32 [01;35m[Ktimeout[m[K)
[191.097s]                                               [01;35m[K^~~~~~~[m[K
[191.107s] [01m[K/home/jetson/JetAutonomy/ros2/src/rplidar/sdk/src/rplidar_driver.cpp:[m[K In member function ‘[01m[Kvirtual u_result rp::standalone::rplidar::RPlidarDriverImplCommon::checkIfTofLidar(bool&, _u32)[m[K’:
[191.108s] [01m[K/home/jetson/JetAutonomy/ros2/src/rplidar/sdk/src/rplidar_driver.cpp:274:75:[m[K [01;35m[Kwarning: [m[Kunused parameter ‘[01m[Ktimeout[m[K’ [[01;35m[K-Wunused-parameter[m[K]
[191.108s]  u_result RPlidarDriverImplCommon::checkIfTofLidar(bool & isTofLidar, _u32 [01;35m[Ktimeout[m[K)
[191.109s]                                                                            [01;35m[K^~~~~~~[m[K
[191.166s] [01m[K/home/jetson/JetAutonomy/ros2/src/rplidar/sdk/src/rplidar_driver.cpp:[m[K In function ‘[01m[K_u32 rp::standalone::rplidar::_crc32cal(_u32, void*, _u16)[m[K’:
[191.166s] [01m[K/home/jetson/JetAutonomy/ros2/src/rplidar/sdk/src/rplidar_driver.cpp:996:23:[m[K [01;35m[Kwarning: [m[Ksuggest parentheses around ‘[01m[K-[m[K’ in operand of ‘[01m[K&[m[K’ [[01;35m[K-Wparentheses[m[K]
[191.168s]      _u8 leftBytes = [01;35m[K4 - len[m[K & 0x3;
[191.169s]                      [01;35m[K~~^~~~~[m[K
[191.181s] [01m[K/home/jetson/JetAutonomy/ros2/src/rplidar/sdk/src/rplidar_driver.cpp:[m[K In member function ‘[01m[Kvirtual void rp::standalone::rplidar::RPlidarDriverImplCommon::_ultraCapsuleToNormal(const rplidar_response_ultra_capsule_measurement_nodes_t&, rplidar_response_measurement_node_hq_t*, size_t&)[m[K’:
[191.182s] [01m[K/home/jetson/JetAutonomy/ros2/src/rplidar/sdk/src/rplidar_driver.cpp:1207:32:[m[K [01;35m[Kwarning: [m[Kcomparison between signed and unsigned integer expressions [[01;35m[K-Wsign-compare[m[K]
[191.183s]              if (([01;35m[Kdist_predict1 == 0xFFFFFE00[m[K) || (dist_predict1 == 0x1FF)) {
[191.183s]                   [01;35m[K~~~~~~~~~~~~~~^~~~~~~~~~~~~[m[K
[191.191s] [01m[K/home/jetson/JetAutonomy/ros2/src/rplidar/sdk/src/rplidar_driver.cpp:1215:32:[m[K [01;35m[Kwarning: [m[Kcomparison between signed and unsigned integer expressions [[01;35m[K-Wsign-compare[m[K]
[191.192s]              if (([01;35m[Kdist_predict2 == 0xFFFFFE00[m[K) || (dist_predict2 == 0x1FF)) {
[191.193s]                   [01;35m[K~~~~~~~~~~~~~~^~~~~~~~~~~~~[m[K
[191.283s] [01m[K/home/jetson/JetAutonomy/ros2/src/rplidar/sdk/src/rplidar_driver.cpp:[m[K In member function ‘[01m[Kvirtual u_result rp::standalone::rplidar::RPlidarDriverImplCommon::getAllSupportedScanModes(std::vector<rp::standalone::rplidar::RplidarScanMode>&, _u32)[m[K’:
[191.286s] [01m[K/home/jetson/JetAutonomy/ros2/src/rplidar/sdk/src/rplidar_driver.cpp:1453:105:[m[K [01;35m[Kwarning: [m[Kunused parameter ‘[01m[KtimeoutInMs[m[K’ [[01;35m[K-Wunused-parameter[m[K]
[191.288s]  u_result RPlidarDriverImplCommon::getAllSupportedScanModes(std::vector<RplidarScanMode>& outModes, _u32 [01;35m[KtimeoutInMs[m[K)
[191.289s]                                                                                                          [01;35m[K^~~~~~~~~~~[m[K
[191.315s] [01m[K/home/jetson/JetAutonomy/ros2/src/rplidar/sdk/src/rplidar_driver.cpp:[m[K In member function ‘[01m[Kvirtual u_result rp::standalone::rplidar::RPlidarDriverImplCommon::startScan(bool, bool, _u32, rp::standalone::rplidar::RplidarScanMode*)[m[K’:
[191.316s] [01m[K/home/jetson/JetAutonomy/ros2/src/rplidar/sdk/src/rplidar_driver.cpp:1550:83:[m[K [01;35m[Kwarning: [m[Kunused parameter ‘[01m[Koptions[m[K’ [[01;35m[K-Wunused-parameter[m[K]
[191.316s]  u_result RPlidarDriverImplCommon::startScan(bool force, bool useTypicalScan, _u32 [01;35m[Koptions[m[K, RplidarScanMode* outUsedScanMode)
[191.317s]                                                                                    [01;35m[K^~~~~~~[m[K
[191.354s] [01m[K/home/jetson/JetAutonomy/ros2/src/rplidar/sdk/src/rplidar_driver.cpp:[m[K In member function ‘[01m[Kvirtual u_result rp::standalone::rplidar::RPlidarDriverImplCommon::stop(_u32)[m[K’:
[191.355s] [01m[K/home/jetson/JetAutonomy/ros2/src/rplidar/sdk/src/rplidar_driver.cpp:1774:45:[m[K [01;35m[Kwarning: [m[Kunused parameter ‘[01m[Ktimeout[m[K’ [[01;35m[K-Wunused-parameter[m[K]
[191.355s]  u_result RPlidarDriverImplCommon::stop(_u32 [01;35m[Ktimeout[m[K)
[191.356s]                                              [01;35m[K^~~~~~~[m[K
[191.427s] [01m[K/home/jetson/JetAutonomy/ros2/src/rplidar/sdk/src/rplidar_driver.cpp:[m[K In member function ‘[01m[Kvirtual u_result rp::standalone::rplidar::RPlidarDriverImplCommon::setLidarSpinSpeed(_u16, _u32)[m[K’:
[191.428s] [01m[K/home/jetson/JetAutonomy/ros2/src/rplidar/sdk/src/rplidar_driver.cpp:2162:68:[m[K [01;35m[Kwarning: [m[Kunused parameter ‘[01m[Ktimeout[m[K’ [[01;35m[K-Wunused-parameter[m[K]
[191.429s]  u_result RPlidarDriverImplCommon::setLidarSpinSpeed(_u16 rpm, _u32 [01;35m[Ktimeout[m[K)
[191.430s]                                                                     [01;35m[K^~~~~~~[m[K
[191.472s] [01m[K/home/jetson/JetAutonomy/ros2/src/rplidar/sdk/src/rplidar_driver.cpp:[m[K In member function ‘[01m[Kvirtual u_result rp::standalone::rplidar::RPlidarDriverSerial::connect(const char*, _u32, _u32)[m[K’:
[191.474s] [01m[K/home/jetson/JetAutonomy/ros2/src/rplidar/sdk/src/rplidar_driver.cpp:2240:83:[m[K [01;35m[Kwarning: [m[Kunused parameter ‘[01m[Kflag[m[K’ [[01;35m[K-Wunused-parameter[m[K]
[191.475s]  u_result RPlidarDriverSerial::connect(const char * port_path, _u32 baudrate, _u32 [01;35m[Kflag[m[K)
[191.476s]                                                                                    [01;35m[K^~~~[m[K
[191.491s] [01m[K/home/jetson/JetAutonomy/ros2/src/rplidar/sdk/src/rplidar_driver.cpp:[m[K In member function ‘[01m[Kvirtual u_result rp::standalone::rplidar::RPlidarDriverTCP::connect(const char*, _u32, _u32)[m[K’:
[191.494s] [01m[K/home/jetson/JetAutonomy/ros2/src/rplidar/sdk/src/rplidar_driver.cpp:2282:72:[m[K [01;35m[Kwarning: [m[Kunused parameter ‘[01m[Kflag[m[K’ [[01;35m[K-Wunused-parameter[m[K]
[191.496s]  u_result RPlidarDriverTCP::connect(const char * ipStr, _u32 port, _u32 [01;35m[Kflag[m[K)
[191.497s]                                                                         [01;35m[K^~~~[m[K
[194.477s] [ 88%] [32m[1mLinking CXX executable rplidarNode[0m
[198.079s] [ 88%] Built target rplidarNode
[198.264s] [35m[1mScanning dependencies of target rplidar_composition[0m
[198.670s] [ 94%] [32mBuilding CXX object CMakeFiles/rplidar_composition.dir/src/standalone_rplidar.cpp.o[0m
[206.831s] In file included from [01m[K/home/jetson/JetAutonomy/ros2/src/rplidar/./sdk/include/rplidar.h:39:0[m[K,
[206.832s]                  from [01m[K/home/jetson/JetAutonomy/ros2/src/rplidar/include/rplidar_node.hpp:41[m[K,
[206.833s]                  from [01m[K/home/jetson/JetAutonomy/ros2/src/rplidar/src/standalone_rplidar.cpp:16[m[K:
[206.847s] [01m[K/home/jetson/JetAutonomy/ros2/src/rplidar/./sdk/include/rplidar_protocol.h:59:15:[m[K [01;35m[Kwarning: [m[KISO C++ forbids zero-size array ‘[01m[Kdata[m[K’ [[01;35m[K-Wpedantic[m[K]
[206.847s]      _u8 data[0[01;35m[K][m[K;
[206.848s]                [01;35m[K^[m[K
[206.849s] In file included from [01m[K/home/jetson/JetAutonomy/ros2/src/rplidar/./sdk/include/rplidar.h:40:0[m[K,
[206.862s]                  from [01m[K/home/jetson/JetAutonomy/ros2/src/rplidar/include/rplidar_node.hpp:41[m[K,
[206.863s]                  from [01m[K/home/jetson/JetAutonomy/ros2/src/rplidar/src/standalone_rplidar.cpp:16[m[K:
[206.864s] [01m[K/home/jetson/JetAutonomy/ros2/src/rplidar/./sdk/include/rplidar_cmd.h:260:19:[m[K [01;35m[Kwarning: [m[KISO C++ forbids zero-size array ‘[01m[Kpayload[m[K’ [[01;35m[K-Wpedantic[m[K]
[206.865s]      _u8  payload[0[01;35m[K][m[K;
[206.894s]                    [01;35m[K^[m[K
[208.473s] In file included from [01m[K/home/jetson/JetAutonomy/ros2/src/rplidar/src/standalone_rplidar.cpp:16:0[m[K:
[208.479s] [01m[K/home/jetson/JetAutonomy/ros2/src/rplidar/include/rplidar_node.hpp:76:14:[m[K [01;35m[Kwarning: [m[K‘[01m[Kfloat rplidar_ros::getAngle(const rplidar_response_measurement_node_hq_t&)[m[K’ defined but not used [[01;35m[K-Wunused-function[m[K]
[208.479s]  static float [01;35m[KgetAngle[m[K(const rplidar_response_measurement_node_hq_t& node)
[208.480s]               [01;35m[K^~~~~~~~[m[K
[209.562s] [100%] [32m[1mLinking CXX executable rplidar_composition[0m
[212.558s] [100%] Built target rplidar_composition
[212.755s] Invoked command in '/home/jetson/JetAutonomy/ros2/build/rplidar_ros' returned '0': CMAKE_PREFIX_PATH=${CMAKE_PREFIX_PATH}:/home/jetson/ros2_dashing/install/ros2bag:/home/jetson/ros2_dashing/install/topic_monitor:/home/jetson/ros2_dashing/install/sros2:/home/jetson/ros2_dashing/install/rqt_topic:/home/jetson/ros2_dashing/install/rqt_top:/home/jetson/ros2_dashing/install/rqt_srv:/home/jetson/ros2_dashing/install/rqt_shell:/home/jetson/ros2_dashing/install/rqt_service_caller:/home/jetson/ros2_dashing/install/rqt_py_console:/home/jetson/ros2_dashing/install/rqt_action:/home/jetson/ros2_dashing/install/rqt:/home/jetson/ros2_dashing/install/rqt_graph:/home/jetson/ros2_dashing/install/rqt_gui_py:/home/jetson/ros2_dashing/install/rqt_gui:/home/jetson/ros2_dashing/install/ros2topic:/home/jetson/ros2_dashing/install/ros2test:/home/jetson/ros2_dashing/install/ros2component:/home/jetson/ros2_dashing/install/ros2param:/home/jetson/ros2_dashing/install/ros2lifecycle:/home/jetson/ros2_dashing/install/ros2service:/home/jetson/ros2_dashing/install/ros2srv:/home/jetson/ros2_dashing/install/ros2run:/home/jetson/ros2_dashing/install/ros2launch:/home/jetson/ros2_dashing/install/ros2pkg:/home/jetson/ros2_dashing/install/ros2node:/home/jetson/ros2_dashing/install/ros2multicast:/home/jetson/ros2_dashing/install/ros2msg:/home/jetson/ros2_dashing/install/ros2action:/home/jetson/ros2_dashing/install/ros2cli:/home/jetson/ros2_dashing/install/quality_of_service_demo_py:/home/jetson/ros2_dashing/install/launch_testing_ros:/home/jetson/ros2_dashing/install/launch_ros:/home/jetson/ros2_dashing/install/examples_rclpy_minimal_subscriber:/home/jetson/ros2_dashing/install/examples_rclpy_minimal_service:/home/jetson/ros2_dashing/install/examples_rclpy_minimal_publisher:/home/jetson/ros2_dashing/install/examples_rclpy_minimal_client:/home/jetson/ros2_dashing/install/examples_rclpy_minimal_action_server:/home/jetson/ros2_dashing/install/examples_rclpy_minimal_action_client:/home/jetson/ros2_dashing/install/examples_rclpy_executors:/home/jetson/ros2_dashing/install/demo_nodes_py:/home/jetson/ros2_dashing/install/ament_uncrustify:/home/jetson/ros2_dashing/install/test_launch_ros:/home/jetson/ros2_dashing/install/rosidl_runtime_py:/home/jetson/ros2_dashing/install/launch_testing:/home/jetson/ros2_dashing/install/launch:/home/jetson/ros2_dashing/install/osrf_pycommon:/home/jetson/ros2_dashing/install/ament_xmllint:/home/jetson/ros2_dashing/install/ament_pyflakes:/home/jetson/ros2_dashing/install/ament_pep8:/home/jetson/ros2_dashing/install/ament_pep257:/home/jetson/ros2_dashing/install/ament_pclint:/home/jetson/ros2_dashing/install/ament_package:/home/jetson/ros2_dashing/install/ament_lint_cmake:/home/jetson/ros2_dashing/install/ament_flake8:/home/jetson/ros2_dashing/install/ament_copyright:/home/jetson/ros2_dashing/install/ament_lint:/home/jetson/ros2_dashing/install/ament_index_python:/home/jetson/ros2_dashing/install/ament_cpplint:/home/jetson/ros2_dashing/install/ament_cppcheck:/home/jetson/ros2_dashing/install/ament_clang_tidy:/home/jetson/ros2_dashing/install/ament_clang_format /usr/bin/cmake --build /home/jetson/JetAutonomy/ros2/build/rplidar_ros -- -j2 -l2
[214.154s] Invoking command in '/home/jetson/JetAutonomy/ros2/build/rplidar_ros': CMAKE_PREFIX_PATH=${CMAKE_PREFIX_PATH}:/home/jetson/ros2_dashing/install/ros2bag:/home/jetson/ros2_dashing/install/topic_monitor:/home/jetson/ros2_dashing/install/sros2:/home/jetson/ros2_dashing/install/rqt_topic:/home/jetson/ros2_dashing/install/rqt_top:/home/jetson/ros2_dashing/install/rqt_srv:/home/jetson/ros2_dashing/install/rqt_shell:/home/jetson/ros2_dashing/install/rqt_service_caller:/home/jetson/ros2_dashing/install/rqt_py_console:/home/jetson/ros2_dashing/install/rqt_action:/home/jetson/ros2_dashing/install/rqt:/home/jetson/ros2_dashing/install/rqt_graph:/home/jetson/ros2_dashing/install/rqt_gui_py:/home/jetson/ros2_dashing/install/rqt_gui:/home/jetson/ros2_dashing/install/ros2topic:/home/jetson/ros2_dashing/install/ros2test:/home/jetson/ros2_dashing/install/ros2component:/home/jetson/ros2_dashing/install/ros2param:/home/jetson/ros2_dashing/install/ros2lifecycle:/home/jetson/ros2_dashing/install/ros2service:/home/jetson/ros2_dashing/install/ros2srv:/home/jetson/ros2_dashing/install/ros2run:/home/jetson/ros2_dashing/install/ros2launch:/home/jetson/ros2_dashing/install/ros2pkg:/home/jetson/ros2_dashing/install/ros2node:/home/jetson/ros2_dashing/install/ros2multicast:/home/jetson/ros2_dashing/install/ros2msg:/home/jetson/ros2_dashing/install/ros2action:/home/jetson/ros2_dashing/install/ros2cli:/home/jetson/ros2_dashing/install/quality_of_service_demo_py:/home/jetson/ros2_dashing/install/launch_testing_ros:/home/jetson/ros2_dashing/install/launch_ros:/home/jetson/ros2_dashing/install/examples_rclpy_minimal_subscriber:/home/jetson/ros2_dashing/install/examples_rclpy_minimal_service:/home/jetson/ros2_dashing/install/examples_rclpy_minimal_publisher:/home/jetson/ros2_dashing/install/examples_rclpy_minimal_client:/home/jetson/ros2_dashing/install/examples_rclpy_minimal_action_server:/home/jetson/ros2_dashing/install/examples_rclpy_minimal_action_client:/home/jetson/ros2_dashing/install/examples_rclpy_executors:/home/jetson/ros2_dashing/install/demo_nodes_py:/home/jetson/ros2_dashing/install/ament_uncrustify:/home/jetson/ros2_dashing/install/test_launch_ros:/home/jetson/ros2_dashing/install/rosidl_runtime_py:/home/jetson/ros2_dashing/install/launch_testing:/home/jetson/ros2_dashing/install/launch:/home/jetson/ros2_dashing/install/osrf_pycommon:/home/jetson/ros2_dashing/install/ament_xmllint:/home/jetson/ros2_dashing/install/ament_pyflakes:/home/jetson/ros2_dashing/install/ament_pep8:/home/jetson/ros2_dashing/install/ament_pep257:/home/jetson/ros2_dashing/install/ament_pclint:/home/jetson/ros2_dashing/install/ament_package:/home/jetson/ros2_dashing/install/ament_lint_cmake:/home/jetson/ros2_dashing/install/ament_flake8:/home/jetson/ros2_dashing/install/ament_copyright:/home/jetson/ros2_dashing/install/ament_lint:/home/jetson/ros2_dashing/install/ament_index_python:/home/jetson/ros2_dashing/install/ament_cpplint:/home/jetson/ros2_dashing/install/ament_cppcheck:/home/jetson/ros2_dashing/install/ament_clang_tidy:/home/jetson/ros2_dashing/install/ament_clang_format /usr/bin/cmake --build /home/jetson/JetAutonomy/ros2/build/rplidar_ros --target install -- -j2 -l2
[215.351s] [ 38%] Built target rplidar_composition_node
[215.854s] [ 50%] Built target rplidarNodeClient
[216.320s] [ 88%] Built target rplidarNode
[216.806s] [100%] Built target rplidar_composition
[217.218s] [36mInstall the project...[0m
[217.370s] -- Install configuration: ""
[217.372s] -- Installing: /home/jetson/JetAutonomy/ros2/install/rplidar_ros/lib/rplidar_ros/rplidarNode
[217.373s] -- Set runtime path of "/home/jetson/JetAutonomy/ros2/install/rplidar_ros/lib/rplidar_ros/rplidarNode" to ""
[217.374s] -- Installing: /home/jetson/JetAutonomy/ros2/install/rplidar_ros/lib/rplidar_ros/rplidarNodeClient
[217.387s] -- Set runtime path of "/home/jetson/JetAutonomy/ros2/install/rplidar_ros/lib/rplidar_ros/rplidarNodeClient" to ""
[217.388s] -- Installing: /home/jetson/JetAutonomy/ros2/install/rplidar_ros/lib/rplidar_ros/rplidar_composition
[217.388s] -- Set runtime path of "/home/jetson/JetAutonomy/ros2/install/rplidar_ros/lib/rplidar_ros/rplidar_composition" to ""
[217.389s] -- Installing: /home/jetson/JetAutonomy/ros2/install/rplidar_ros/share/rplidar_ros/launch
[217.391s] -- Installing: /home/jetson/JetAutonomy/ros2/install/rplidar_ros/share/rplidar_ros/launch/rplidar_s1_tcp.launch.py
[217.392s] -- Installing: /home/jetson/JetAutonomy/ros2/install/rplidar_ros/share/rplidar_ros/launch/test_rplidar_a3.launch.py
[217.393s] -- Installing: /home/jetson/JetAutonomy/ros2/install/rplidar_ros/share/rplidar_ros/launch/rplidar_a3.launch.py
[217.406s] -- Installing: /home/jetson/JetAutonomy/ros2/install/rplidar_ros/share/rplidar_ros/launch/view_rplidar_s1_tcp.launch.py
[217.407s] -- Installing: /home/jetson/JetAutonomy/ros2/install/rplidar_ros/share/rplidar_ros/launch/rplidar.launch.py
[217.419s] -- Installing: /home/jetson/JetAutonomy/ros2/install/rplidar_ros/share/rplidar_ros/launch/view_rplidar_a3.launch.py
[217.430s] -- Installing: /home/jetson/JetAutonomy/ros2/install/rplidar_ros/share/rplidar_ros/launch/view_rplidar.launch.py
[217.431s] -- Installing: /home/jetson/JetAutonomy/ros2/install/rplidar_ros/share/rplidar_ros/launch/rplidar_s1.launch.py
[217.432s] -- Installing: /home/jetson/JetAutonomy/ros2/install/rplidar_ros/share/rplidar_ros/launch/view_rplidar_s1.launch.py
[217.434s] -- Installing: /home/jetson/JetAutonomy/ros2/install/rplidar_ros/share/rplidar_ros/launch/test_rplidar.launch.py
[217.435s] -- Installing: /home/jetson/JetAutonomy/ros2/install/rplidar_ros/share/rplidar_ros/rviz
[217.436s] -- Installing: /home/jetson/JetAutonomy/ros2/install/rplidar_ros/share/rplidar_ros/rviz/rplidar.rviz
[217.437s] -- Installing: /home/jetson/JetAutonomy/ros2/install/rplidar_ros/lib/librplidar_composition_node.so
[217.438s] -- Set runtime path of "/home/jetson/JetAutonomy/ros2/install/rplidar_ros/lib/librplidar_composition_node.so" to ""
[217.438s] -- Installing: /home/jetson/JetAutonomy/ros2/install/rplidar_ros/include
[217.439s] -- Installing: /home/jetson/JetAutonomy/ros2/install/rplidar_ros/include/visibility.h
[217.440s] -- Installing: /home/jetson/JetAutonomy/ros2/install/rplidar_ros/include/rplidar_node.hpp
[217.441s] -- Up-to-date: /home/jetson/JetAutonomy/ros2/install/rplidar_ros/lib/rplidar_ros/rplidarNode
[217.475s] -- Up-to-date: /home/jetson/JetAutonomy/ros2/install/rplidar_ros/lib/rplidar_ros/rplidarNodeClient
[217.477s] -- Up-to-date: /home/jetson/JetAutonomy/ros2/install/rplidar_ros/lib/rplidar_ros/rplidar_composition
[217.478s] -- Installing: /home/jetson/JetAutonomy/ros2/install/rplidar_ros/share/ament_index/resource_index/package_run_dependencies/rplidar_ros
[217.478s] -- Installing: /home/jetson/JetAutonomy/ros2/install/rplidar_ros/share/ament_index/resource_index/parent_prefix_path/rplidar_ros
[217.479s] -- Installing: /home/jetson/JetAutonomy/ros2/install/rplidar_ros/share/rplidar_ros/environment/ament_prefix_path.sh
[217.480s] -- Installing: /home/jetson/JetAutonomy/ros2/install/rplidar_ros/share/rplidar_ros/environment/path.sh
[217.481s] -- Installing: /home/jetson/JetAutonomy/ros2/install/rplidar_ros/share/rplidar_ros/local_setup.bash
[217.481s] -- Installing: /home/jetson/JetAutonomy/ros2/install/rplidar_ros/share/rplidar_ros/local_setup.sh
[217.495s] -- Installing: /home/jetson/JetAutonomy/ros2/install/rplidar_ros/share/rplidar_ros/local_setup.zsh
[217.496s] -- Installing: /home/jetson/JetAutonomy/ros2/install/rplidar_ros/share/ament_index/resource_index/packages/rplidar_ros
[217.497s] -- Installing: /home/jetson/JetAutonomy/ros2/install/rplidar_ros/share/rplidar_ros/cmake/ament_cmake_export_dependencies-extras.cmake
[217.498s] -- Installing: /home/jetson/JetAutonomy/ros2/install/rplidar_ros/share/rplidar_ros/cmake/ament_cmake_export_include_directories-extras.cmake
[217.499s] -- Installing: /home/jetson/JetAutonomy/ros2/install/rplidar_ros/share/rplidar_ros/cmake/rplidar_rosConfig.cmake
[217.499s] -- Installing: /home/jetson/JetAutonomy/ros2/install/rplidar_ros/share/rplidar_ros/cmake/rplidar_rosConfig-version.cmake
[217.500s] -- Installing: /home/jetson/JetAutonomy/ros2/install/rplidar_ros/share/rplidar_ros/package.xml
[217.502s] Invoked command in '/home/jetson/JetAutonomy/ros2/build/rplidar_ros' returned '0': CMAKE_PREFIX_PATH=${CMAKE_PREFIX_PATH}:/home/jetson/ros2_dashing/install/ros2bag:/home/jetson/ros2_dashing/install/topic_monitor:/home/jetson/ros2_dashing/install/sros2:/home/jetson/ros2_dashing/install/rqt_topic:/home/jetson/ros2_dashing/install/rqt_top:/home/jetson/ros2_dashing/install/rqt_srv:/home/jetson/ros2_dashing/install/rqt_shell:/home/jetson/ros2_dashing/install/rqt_service_caller:/home/jetson/ros2_dashing/install/rqt_py_console:/home/jetson/ros2_dashing/install/rqt_action:/home/jetson/ros2_dashing/install/rqt:/home/jetson/ros2_dashing/install/rqt_graph:/home/jetson/ros2_dashing/install/rqt_gui_py:/home/jetson/ros2_dashing/install/rqt_gui:/home/jetson/ros2_dashing/install/ros2topic:/home/jetson/ros2_dashing/install/ros2test:/home/jetson/ros2_dashing/install/ros2component:/home/jetson/ros2_dashing/install/ros2param:/home/jetson/ros2_dashing/install/ros2lifecycle:/home/jetson/ros2_dashing/install/ros2service:/home/jetson/ros2_dashing/install/ros2srv:/home/jetson/ros2_dashing/install/ros2run:/home/jetson/ros2_dashing/install/ros2launch:/home/jetson/ros2_dashing/install/ros2pkg:/home/jetson/ros2_dashing/install/ros2node:/home/jetson/ros2_dashing/install/ros2multicast:/home/jetson/ros2_dashing/install/ros2msg:/home/jetson/ros2_dashing/install/ros2action:/home/jetson/ros2_dashing/install/ros2cli:/home/jetson/ros2_dashing/install/quality_of_service_demo_py:/home/jetson/ros2_dashing/install/launch_testing_ros:/home/jetson/ros2_dashing/install/launch_ros:/home/jetson/ros2_dashing/install/examples_rclpy_minimal_subscriber:/home/jetson/ros2_dashing/install/examples_rclpy_minimal_service:/home/jetson/ros2_dashing/install/examples_rclpy_minimal_publisher:/home/jetson/ros2_dashing/install/examples_rclpy_minimal_client:/home/jetson/ros2_dashing/install/examples_rclpy_minimal_action_server:/home/jetson/ros2_dashing/install/examples_rclpy_minimal_action_client:/home/jetson/ros2_dashing/install/examples_rclpy_executors:/home/jetson/ros2_dashing/install/demo_nodes_py:/home/jetson/ros2_dashing/install/ament_uncrustify:/home/jetson/ros2_dashing/install/test_launch_ros:/home/jetson/ros2_dashing/install/rosidl_runtime_py:/home/jetson/ros2_dashing/install/launch_testing:/home/jetson/ros2_dashing/install/launch:/home/jetson/ros2_dashing/install/osrf_pycommon:/home/jetson/ros2_dashing/install/ament_xmllint:/home/jetson/ros2_dashing/install/ament_pyflakes:/home/jetson/ros2_dashing/install/ament_pep8:/home/jetson/ros2_dashing/install/ament_pep257:/home/jetson/ros2_dashing/install/ament_pclint:/home/jetson/ros2_dashing/install/ament_package:/home/jetson/ros2_dashing/install/ament_lint_cmake:/home/jetson/ros2_dashing/install/ament_flake8:/home/jetson/ros2_dashing/install/ament_copyright:/home/jetson/ros2_dashing/install/ament_lint:/home/jetson/ros2_dashing/install/ament_index_python:/home/jetson/ros2_dashing/install/ament_cpplint:/home/jetson/ros2_dashing/install/ament_cppcheck:/home/jetson/ros2_dashing/install/ament_clang_tidy:/home/jetson/ros2_dashing/install/ament_clang_format /usr/bin/cmake --build /home/jetson/JetAutonomy/ros2/build/rplidar_ros --target install -- -j2 -l2
