running egg_info
writing ../../build/joystick/joystick.egg-info/PKG-INFO
writing dependency_links to ../../build/joystick/joystick.egg-info/dependency_links.txt
writing entry points to ../../build/joystick/joystick.egg-info/entry_points.txt
writing requirements to ../../build/joystick/joystick.egg-info/requires.txt
writing top-level names to ../../build/joystick/joystick.egg-info/top_level.txt
reading manifest file '../../build/joystick/joystick.egg-info/SOURCES.txt'
writing manifest file '../../build/joystick/joystick.egg-info/SOURCES.txt'
running build
running build_py
copying joystick/joystick_node.py -> /home/jetson/JetAutonomy/ros2/build/joystick/build/lib/joystick
running install
running install_lib
copying /home/jetson/JetAutonomy/ros2/build/joystick/build/lib/joystick/joystick_node.py -> /home/jetson/JetAutonomy/ros2/install/joystick/lib/python3.6/site-packages/joystick
byte-compiling /home/jetson/JetAutonomy/ros2/install/joystick/lib/python3.6/site-packages/joystick/joystick_node.py to joystick_node.cpython-36.pyc
running install_data
copying launch/joystick_node.launch.py -> /home/jetson/JetAutonomy/ros2/install/joystick/share/joystick
running install_egg_info
removing '/home/jetson/JetAutonomy/ros2/install/joystick/lib/python3.6/site-packages/joystick-0.0.0-py3.6.egg-info' (and everything under it)
Copying ../../build/joystick/joystick.egg-info to /home/jetson/JetAutonomy/ros2/install/joystick/lib/python3.6/site-packages/joystick-0.0.0-py3.6.egg-info
running install_scripts
Installing joystick_node script to /home/jetson/JetAutonomy/ros2/install/joystick/lib/joystick
writing list of installed files to '/home/jetson/JetAutonomy/ros2/build/joystick/install.log'
