[35m[1mScanning dependencies of target front_cam_node[0m
[ 50%] [32mBuilding CXX object CMakeFiles/front_cam_node.dir/src/front_cam_node.cpp.o[0m
In file included from [01m[K/home/jetson/JetAutonomy/ros2/src/front_cam/src/front_cam_node.cpp:7:0[m[K:
[01m[K/home/jetson/JetAutonomy/ros2/src/front_cam/include/CSICamera.hpp:[m[K In function ‘[01m[Kvoid capture_thread(cv::VideoCapture&, cv::Mat&)[m[K’:
[01m[K/home/jetson/JetAutonomy/ros2/src/front_cam/include/CSICamera.hpp:16:18:[m[K [01;31m[Kerror: [m[Kinvalid use of ‘[01m[Kthis[m[K’ in non-member function
         cap.read([01;31m[Kthis[m[K->frame_);
                  [01;31m[K^~~~[m[K
[01m[K/home/jetson/JetAutonomy/ros2/src/front_cam/include/CSICamera.hpp:18:13:[m[K [01;31m[Kerror: [m[Kinvalid use of ‘[01m[Kthis[m[K’ in non-member function
         if ([01;31m[Kthis[m[K->frame_.empty()) {
             [01;31m[K^~~~[m[K
[01m[K/home/jetson/JetAutonomy/ros2/src/front_cam/include/CSICamera.hpp:20:24:[m[K [01;31m[Kerror: [m[Kexpected unqualified-id before ‘[01m[K=[m[K’ token
             error_code [01;31m[K=[m[K -1;
                        [01;31m[K^[m[K
[01m[K/home/jetson/JetAutonomy/ros2/src/front_cam/include/CSICamera.hpp:23:24:[m[K [01;31m[Kerror: [m[Kexpected unqualified-id before ‘[01m[K=[m[K’ token
             error_code [01;31m[K=[m[K 0;
                        [01;31m[K^[m[K
[01m[K/home/jetson/JetAutonomy/ros2/src/front_cam/include/CSICamera.hpp:13:53:[m[K [01;35m[Kwarning: [m[Kunused parameter ‘[01m[Kframe_[m[K’ [[01;35m[K-Wunused-parameter[m[K]
 void capture_thread(cv::VideoCapture &cap, cv::Mat &[01;35m[Kframe_[m[K) {
                                                     [01;35m[K^~~~~~[m[K
[01m[K/home/jetson/JetAutonomy/ros2/src/front_cam/include/CSICamera.hpp:[m[K At global scope:
[01m[K/home/jetson/JetAutonomy/ros2/src/front_cam/include/CSICamera.hpp:47:29:[m[K [01;31m[Kerror: [m[K‘[01m[Kcapture_thread[m[K’ is not a type
         std::thread thread_([01;31m[Kcapture_thread[m[K, cap, frame_);
                             [01;31m[K^~~~~~~~~~~~~~[m[K
[01m[K/home/jetson/JetAutonomy/ros2/src/front_cam/include/CSICamera.hpp:47:45:[m[K [01;31m[Kerror: [m[K‘[01m[Kcap[m[K’ is not a type
         std::thread thread_(capture_thread, [01;31m[Kcap[m[K, frame_);
                                             [01;31m[K^~~[m[K
[01m[K/home/jetson/JetAutonomy/ros2/src/front_cam/include/CSICamera.hpp:47:50:[m[K [01;31m[Kerror: [m[K‘[01m[Kframe_[m[K’ is not a type
         std::thread thread_(capture_thread, cap, [01;31m[Kframe_[m[K);
                                                  [01;31m[K^~~~~~[m[K
CMakeFiles/front_cam_node.dir/build.make:62: recipe for target 'CMakeFiles/front_cam_node.dir/src/front_cam_node.cpp.o' failed
make[2]: *** [CMakeFiles/front_cam_node.dir/src/front_cam_node.cpp.o] Error 1
CMakeFiles/Makefile2:67: recipe for target 'CMakeFiles/front_cam_node.dir/all' failed
make[1]: *** [CMakeFiles/front_cam_node.dir/all] Error 2
Makefile:140: recipe for target 'all' failed
make: *** [all] Error 2
