[0.125s] Invoking command in '/home/jetson/JetAutonomy/ros2/build/front_cam': /usr/bin/cmake --build /home/jetson/JetAutonomy/ros2/build/front_cam -- -j2 -l2
[0.444s] [35m[1mScanning dependencies of target front_cam_node[0m
[0.817s] [ 50%] [32mBuilding CXX object CMakeFiles/front_cam_node.dir/src/front_cam_node.cpp.o[0m
[2.246s] [01m[K/home/jetson/JetAutonomy/ros2/src/front_cam/src/front_cam_node.cpp:33:45:[m[K [01;35m[Kwarning: [m[Kmissing terminating " character
[2.253s]              RCLCPP_INFO(this->get_logger(), [01;35m[K"[m[KUsing defaults camera parameters:
[2.257s]                                              [01;35m[K^[m[K
[2.258s] [01m[K/home/jetson/JetAutonomy/ros2/src/front_cam/src/front_cam_node.cpp:34:115:[m[K [01;35m[Kwarning: [m[Kmissing terminating " character
[2.260s]                                               \n\theight\t: %d\n\nwidth\t: %d\n\frame_rate\t: %d\n\tdevice_id\t: %d[01;35m[K"[m[K,
[2.261s]                                                                                                                    [01;35m[K^[m[K
[2.266s] In file included from [01m[K/home/jetson/ros2_dashing/install/rclcpp/include/rclcpp/client.hpp:39:0[m[K,
[2.268s]                  from [01m[K/home/jetson/ros2_dashing/install/rclcpp/include/rclcpp/callback_group.hpp:23[m[K,
[2.269s]                  from [01m[K/home/jetson/ros2_dashing/install/rclcpp/include/rclcpp/any_executable.hpp:20[m[K,
[2.270s]                  from [01m[K/home/jetson/ros2_dashing/install/rclcpp/include/rclcpp/memory_strategy.hpp:24[m[K,
[2.270s]                  from [01m[K/home/jetson/ros2_dashing/install/rclcpp/include/rclcpp/memory_strategies.hpp:18[m[K,
[2.271s]                  from [01m[K/home/jetson/ros2_dashing/install/rclcpp/include/rclcpp/executor.hpp:33[m[K,
[2.272s]                  from [01m[K/home/jetson/ros2_dashing/install/rclcpp/include/rclcpp/executors/multi_threaded_executor.hpp:24[m[K,
[2.299s]                  from [01m[K/home/jetson/ros2_dashing/install/rclcpp/include/rclcpp/executors.hpp:21[m[K,
[2.300s]                  from [01m[K/home/jetson/ros2_dashing/install/rclcpp/include/rclcpp/rclcpp.hpp:144[m[K,
[2.301s]                  from [01m[K/home/jetson/JetAutonomy/ros2/src/front_cam/src/front_cam_node.cpp:2[m[K:
[2.302s] [01m[K/home/jetson/JetAutonomy/ros2/src/front_cam/src/front_cam_node.cpp:33:45:[m[K [01;31m[Kerror: [m[Kmissing terminating " character
[2.302s]              RCLCPP_INFO(this->get_logger(), [01;31m[K"[m[KUsing defaults camera parameters:
[2.303s]                                              [01;31m[K^[m[K
[2.320s] [01m[K/home/jetson/ros2_dashing/install/rcutils/include/rcutils/logging_macros.h:72:64:[m[K [01;36m[Knote: [m[Kin definition of macro ‘[01m[KRCUTILS_LOG_COND_NAMED[m[K’
[2.321s]        rcutils_log(&__rcutils_logging_location, severity, name, [01;36m[K__VA_ARGS__[m[K); \
[2.322s]                                                                 [01;36m[K^~~~~~~~~~~[m[K
[2.323s] [01m[K/home/jetson/ros2_dashing/install/rclcpp/include/rclcpp/logging.hpp:218:5:[m[K [01;36m[Knote: [m[Kin expansion of macro ‘[01m[KRCUTILS_LOG_INFO_NAMED[m[K’
[2.324s]      [01;36m[KRCUTILS_LOG_INFO_NAMED[m[K( \
[2.325s]      [01;36m[K^~~~~~~~~~~~~~~~~~~~~~[m[K
[2.325s] [01m[K/home/jetson/ros2_dashing/install/rclcpp/include/rclcpp/logging.hpp:220:28:[m[K [01;36m[Knote: [m[Kin expansion of macro ‘[01m[KRCLCPP_FIRST_ARG[m[K’
[2.347s]        rclcpp::get_c_string([01;36m[KRCLCPP_FIRST_ARG[m[K(__VA_ARGS__, "")), \
[2.348s]                             [01;36m[K^~~~~~~~~~~~~~~~[m[K
[2.349s] [01m[K/home/jetson/JetAutonomy/ros2/src/front_cam/src/front_cam_node.cpp:33:13:[m[K [01;36m[Knote: [m[Kin expansion of macro ‘[01m[KRCLCPP_INFO[m[K’
[2.350s]              [01;36m[KR[m[KCLCPP_INFO(this->get_logger(), "Using defaults camera parameters:
[2.350s]              [01;36m[K^[m[K
[2.351s] [01m[K/home/jetson/JetAutonomy/ros2/src/front_cam/src/front_cam_node.cpp:34:46:[m[K [01;31m[Kerror: [m[Kstray ‘[01m[K\[m[K’ in program
[2.358s]                                               [01;31m[K\[m[Kn\theight\t: %d\n\nwidth\t: %d\n\frame_rate\t: %d\n\tdevice_id\t: %d",
[2.359s]                                               [01;31m[K^[m[K
[2.360s] [01m[K/home/jetson/ros2_dashing/install/rcutils/include/rcutils/logging_macros.h:72:64:[m[K [01;36m[Knote: [m[Kin definition of macro ‘[01m[KRCUTILS_LOG_COND_NAMED[m[K’
[2.361s]        rcutils_log(&__rcutils_logging_location, severity, name, [01;36m[K__VA_ARGS__[m[K); \
[2.362s]                                                                 [01;36m[K^~~~~~~~~~~[m[K
[2.363s] [01m[K/home/jetson/ros2_dashing/install/rclcpp/include/rclcpp/logging.hpp:218:5:[m[K [01;36m[Knote: [m[Kin expansion of macro ‘[01m[KRCUTILS_LOG_INFO_NAMED[m[K’
[2.377s]      [01;36m[KRCUTILS_LOG_INFO_NAMED[m[K( \
[2.378s]      [01;36m[K^~~~~~~~~~~~~~~~~~~~~~[m[K
[2.379s] [01m[K/home/jetson/ros2_dashing/install/rclcpp/include/rclcpp/logging.hpp:220:28:[m[K [01;36m[Knote: [m[Kin expansion of macro ‘[01m[KRCLCPP_FIRST_ARG[m[K’
[2.380s]        rclcpp::get_c_string([01;36m[KRCLCPP_FIRST_ARG[m[K(__VA_ARGS__, "")), \
[2.381s]                             [01;36m[K^~~~~~~~~~~~~~~~[m[K
[2.382s] [01m[K/home/jetson/JetAutonomy/ros2/src/front_cam/src/front_cam_node.cpp:33:13:[m[K [01;36m[Knote: [m[Kin expansion of macro ‘[01m[KRCLCPP_INFO[m[K’
[2.382s]              [01;36m[KR[m[KCLCPP_INFO(this->get_logger(), "Using defaults camera parameters:
[2.383s]              [01;36m[K^[m[K
[2.397s] [01m[K/home/jetson/JetAutonomy/ros2/src/front_cam/src/front_cam_node.cpp:34:48:[m[K [01;31m[Kerror: [m[Kstray ‘[01m[K\[m[K’ in program
[2.398s]                                               \n[01;31m[K\[m[Ktheight\t: %d\n\nwidth\t: %d\n\frame_rate\t: %d\n\tdevice_id\t: %d",
[2.399s]                                                 [01;31m[K^[m[K
[2.400s] [01m[K/home/jetson/ros2_dashing/install/rcutils/include/rcutils/logging_macros.h:72:64:[m[K [01;36m[Knote: [m[Kin definition of macro ‘[01m[KRCUTILS_LOG_COND_NAMED[m[K’
[2.401s]        rcutils_log(&__rcutils_logging_location, severity, name, [01;36m[K__VA_ARGS__[m[K); \
[2.425s]                                                                 [01;36m[K^~~~~~~~~~~[m[K
[2.427s] [01m[K/home/jetson/ros2_dashing/install/rclcpp/include/rclcpp/logging.hpp:218:5:[m[K [01;36m[Knote: [m[Kin expansion of macro ‘[01m[KRCUTILS_LOG_INFO_NAMED[m[K’
[2.441s]      [01;36m[KRCUTILS_LOG_INFO_NAMED[m[K( \
[2.442s]      [01;36m[K^~~~~~~~~~~~~~~~~~~~~~[m[K
[2.443s] [01m[K/home/jetson/ros2_dashing/install/rclcpp/include/rclcpp/logging.hpp:220:28:[m[K [01;36m[Knote: [m[Kin expansion of macro ‘[01m[KRCLCPP_FIRST_ARG[m[K’
[2.448s]        rclcpp::get_c_string([01;36m[KRCLCPP_FIRST_ARG[m[K(__VA_ARGS__, "")), \
[2.452s]                             [01;36m[K^~~~~~~~~~~~~~~~[m[K
[2.458s] [01m[K/home/jetson/JetAutonomy/ros2/src/front_cam/src/front_cam_node.cpp:33:13:[m[K [01;36m[Knote: [m[Kin expansion of macro ‘[01m[KRCLCPP_INFO[m[K’
[2.459s]              [01;36m[KR[m[KCLCPP_INFO(this->get_logger(), "Using defaults camera parameters:
[2.493s]              [01;36m[K^[m[K
[2.494s] [01m[K/home/jetson/JetAutonomy/ros2/src/front_cam/src/front_cam_node.cpp:34:56:[m[K [01;31m[Kerror: [m[Kstray ‘[01m[K\[m[K’ in program
[2.495s]                                               \n\theight[01;31m[K\[m[Kt: %d\n\nwidth\t: %d\n\frame_rate\t: %d\n\tdevice_id\t: %d",
[2.501s]                                                         [01;31m[K^[m[K
[2.502s] [01m[K/home/jetson/ros2_dashing/install/rcutils/include/rcutils/logging_macros.h:72:64:[m[K [01;36m[Knote: [m[Kin definition of macro ‘[01m[KRCUTILS_LOG_COND_NAMED[m[K’
[2.503s]        rcutils_log(&__rcutils_logging_location, severity, name, [01;36m[K__VA_ARGS__[m[K); \
[2.508s]                                                                 [01;36m[K^~~~~~~~~~~[m[K
[2.509s] [01m[K/home/jetson/ros2_dashing/install/rclcpp/include/rclcpp/logging.hpp:218:5:[m[K [01;36m[Knote: [m[Kin expansion of macro ‘[01m[KRCUTILS_LOG_INFO_NAMED[m[K’
[2.510s]      [01;36m[KRCUTILS_LOG_INFO_NAMED[m[K( \
[2.511s]      [01;36m[K^~~~~~~~~~~~~~~~~~~~~~[m[K
[2.520s] [01m[K/home/jetson/ros2_dashing/install/rclcpp/include/rclcpp/logging.hpp:220:28:[m[K [01;36m[Knote: [m[Kin expansion of macro ‘[01m[KRCLCPP_FIRST_ARG[m[K’
[2.521s]        rclcpp::get_c_string([01;36m[KRCLCPP_FIRST_ARG[m[K(__VA_ARGS__, "")), \
[2.522s]                             [01;36m[K^~~~~~~~~~~~~~~~[m[K
[2.522s] [01m[K/home/jetson/JetAutonomy/ros2/src/front_cam/src/front_cam_node.cpp:33:13:[m[K [01;36m[Knote: [m[Kin expansion of macro ‘[01m[KRCLCPP_INFO[m[K’
[2.541s]              [01;36m[KR[m[KCLCPP_INFO(this->get_logger(), "Using defaults camera parameters:
[2.543s]              [01;36m[K^[m[K
[2.544s] [01m[K/home/jetson/JetAutonomy/ros2/src/front_cam/src/front_cam_node.cpp:34:62:[m[K [01;31m[Kerror: [m[Kstray ‘[01m[K\[m[K’ in program
[2.545s]                                               \n\theight\t: %d[01;31m[K\[m[Kn\nwidth\t: %d\n\frame_rate\t: %d\n\tdevice_id\t: %d",
[2.545s]                                                               [01;31m[K^[m[K
[2.546s] [01m[K/home/jetson/ros2_dashing/install/rcutils/include/rcutils/logging_macros.h:72:64:[m[K [01;36m[Knote: [m[Kin definition of macro ‘[01m[KRCUTILS_LOG_COND_NAMED[m[K’
[2.547s]        rcutils_log(&__rcutils_logging_location, severity, name, [01;36m[K__VA_ARGS__[m[K); \
[2.563s]                                                                 [01;36m[K^~~~~~~~~~~[m[K
[2.566s] [01m[K/home/jetson/ros2_dashing/install/rclcpp/include/rclcpp/logging.hpp:218:5:[m[K [01;36m[Knote: [m[Kin expansion of macro ‘[01m[KRCUTILS_LOG_INFO_NAMED[m[K’
[2.566s]      [01;36m[KRCUTILS_LOG_INFO_NAMED[m[K( \
[2.567s]      [01;36m[K^~~~~~~~~~~~~~~~~~~~~~[m[K
[2.576s] [01m[K/home/jetson/ros2_dashing/install/rclcpp/include/rclcpp/logging.hpp:220:28:[m[K [01;36m[Knote: [m[Kin expansion of macro ‘[01m[KRCLCPP_FIRST_ARG[m[K’
[2.577s]        rclcpp::get_c_string([01;36m[KRCLCPP_FIRST_ARG[m[K(__VA_ARGS__, "")), \
[2.578s]                             [01;36m[K^~~~~~~~~~~~~~~~[m[K
[2.579s] [01m[K/home/jetson/JetAutonomy/ros2/src/front_cam/src/front_cam_node.cpp:33:13:[m[K [01;36m[Knote: [m[Kin expansion of macro ‘[01m[KRCLCPP_INFO[m[K’
[2.595s]              [01;36m[KR[m[KCLCPP_INFO(this->get_logger(), "Using defaults camera parameters:
[2.596s]              [01;36m[K^[m[K
[2.597s] [01m[K/home/jetson/JetAutonomy/ros2/src/front_cam/src/front_cam_node.cpp:34:64:[m[K [01;31m[Kerror: [m[Kstray ‘[01m[K\[m[K’ in program
[2.598s]                                               \n\theight\t: %d\n[01;31m[K\[m[Knwidth\t: %d\n\frame_rate\t: %d\n\tdevice_id\t: %d",
[2.598s]                                                                 [01;31m[K^[m[K
[2.599s] [01m[K/home/jetson/ros2_dashing/install/rcutils/include/rcutils/logging_macros.h:72:64:[m[K [01;36m[Knote: [m[Kin definition of macro ‘[01m[KRCUTILS_LOG_COND_NAMED[m[K’
[2.616s]        rcutils_log(&__rcutils_logging_location, severity, name, [01;36m[K__VA_ARGS__[m[K); \
[2.617s]                                                                 [01;36m[K^~~~~~~~~~~[m[K
[2.618s] [01m[K/home/jetson/ros2_dashing/install/rclcpp/include/rclcpp/logging.hpp:218:5:[m[K [01;36m[Knote: [m[Kin expansion of macro ‘[01m[KRCUTILS_LOG_INFO_NAMED[m[K’
[2.619s]      [01;36m[KRCUTILS_LOG_INFO_NAMED[m[K( \
[2.623s]      [01;36m[K^~~~~~~~~~~~~~~~~~~~~~[m[K
[2.625s] [01m[K/home/jetson/ros2_dashing/install/rclcpp/include/rclcpp/logging.hpp:220:28:[m[K [01;36m[Knote: [m[Kin expansion of macro ‘[01m[KRCLCPP_FIRST_ARG[m[K’
[2.625s]        rclcpp::get_c_string([01;36m[KRCLCPP_FIRST_ARG[m[K(__VA_ARGS__, "")), \
[2.626s]                             [01;36m[K^~~~~~~~~~~~~~~~[m[K
[2.627s] [01m[K/home/jetson/JetAutonomy/ros2/src/front_cam/src/front_cam_node.cpp:33:13:[m[K [01;36m[Knote: [m[Kin expansion of macro ‘[01m[KRCLCPP_INFO[m[K’
[2.647s]              [01;36m[KR[m[KCLCPP_INFO(this->get_logger(), "Using defaults camera parameters:
[2.649s]              [01;36m[K^[m[K
[2.650s] [01m[K/home/jetson/JetAutonomy/ros2/src/front_cam/src/front_cam_node.cpp:34:71:[m[K [01;31m[Kerror: [m[Kstray ‘[01m[K\[m[K’ in program
[2.651s]                                               \n\theight\t: %d\n\nwidth[01;31m[K\[m[Kt: %d\n\frame_rate\t: %d\n\tdevice_id\t: %d",
[2.662s]                                                                        [01;31m[K^[m[K
[2.663s] [01m[K/home/jetson/ros2_dashing/install/rcutils/include/rcutils/logging_macros.h:72:64:[m[K [01;36m[Knote: [m[Kin definition of macro ‘[01m[KRCUTILS_LOG_COND_NAMED[m[K’
[2.664s]        rcutils_log(&__rcutils_logging_location, severity, name, [01;36m[K__VA_ARGS__[m[K); \
[2.664s]                                                                 [01;36m[K^~~~~~~~~~~[m[K
[2.665s] [01m[K/home/jetson/ros2_dashing/install/rclcpp/include/rclcpp/logging.hpp:218:5:[m[K [01;36m[Knote: [m[Kin expansion of macro ‘[01m[KRCUTILS_LOG_INFO_NAMED[m[K’
[2.666s]      [01;36m[KRCUTILS_LOG_INFO_NAMED[m[K( \
[2.667s]      [01;36m[K^~~~~~~~~~~~~~~~~~~~~~[m[K
[2.684s] [01m[K/home/jetson/ros2_dashing/install/rclcpp/include/rclcpp/logging.hpp:220:28:[m[K [01;36m[Knote: [m[Kin expansion of macro ‘[01m[KRCLCPP_FIRST_ARG[m[K’
[2.685s]        rclcpp::get_c_string([01;36m[KRCLCPP_FIRST_ARG[m[K(__VA_ARGS__, "")), \
[2.692s]                             [01;36m[K^~~~~~~~~~~~~~~~[m[K
[2.693s] [01m[K/home/jetson/JetAutonomy/ros2/src/front_cam/src/front_cam_node.cpp:33:13:[m[K [01;36m[Knote: [m[Kin expansion of macro ‘[01m[KRCLCPP_INFO[m[K’
[2.694s]              [01;36m[KR[m[KCLCPP_INFO(this->get_logger(), "Using defaults camera parameters:
[2.695s]              [01;36m[K^[m[K
[2.696s] [01m[K/home/jetson/JetAutonomy/ros2/src/front_cam/src/front_cam_node.cpp:34:77:[m[K [01;31m[Kerror: [m[Kstray ‘[01m[K\[m[K’ in program
[2.697s]                                               \n\theight\t: %d\n\nwidth\t: %d[01;31m[K\[m[Kn\frame_rate\t: %d\n\tdevice_id\t: %d",
[2.698s]                                                                              [01;31m[K^[m[K
[2.699s] [01m[K/home/jetson/ros2_dashing/install/rcutils/include/rcutils/logging_macros.h:72:64:[m[K [01;36m[Knote: [m[Kin definition of macro ‘[01m[KRCUTILS_LOG_COND_NAMED[m[K’
[2.716s]        rcutils_log(&__rcutils_logging_location, severity, name, [01;36m[K__VA_ARGS__[m[K); \
[2.717s]                                                                 [01;36m[K^~~~~~~~~~~[m[K
[2.718s] [01m[K/home/jetson/ros2_dashing/install/rclcpp/include/rclcpp/logging.hpp:218:5:[m[K [01;36m[Knote: [m[Kin expansion of macro ‘[01m[KRCUTILS_LOG_INFO_NAMED[m[K’
[2.719s]      [01;36m[KRCUTILS_LOG_INFO_NAMED[m[K( \
[2.731s]      [01;36m[K^~~~~~~~~~~~~~~~~~~~~~[m[K
[2.740s] [01m[K/home/jetson/ros2_dashing/install/rclcpp/include/rclcpp/logging.hpp:220:28:[m[K [01;36m[Knote: [m[Kin expansion of macro ‘[01m[KRCLCPP_FIRST_ARG[m[K’
[2.741s]        rclcpp::get_c_string([01;36m[KRCLCPP_FIRST_ARG[m[K(__VA_ARGS__, "")), \
[2.742s]                             [01;36m[K^~~~~~~~~~~~~~~~[m[K
[2.748s] [01m[K/home/jetson/JetAutonomy/ros2/src/front_cam/src/front_cam_node.cpp:33:13:[m[K [01;36m[Knote: [m[Kin expansion of macro ‘[01m[KRCLCPP_INFO[m[K’
[2.752s]              [01;36m[KR[m[KCLCPP_INFO(this->get_logger(), "Using defaults camera parameters:
[2.753s]              [01;36m[K^[m[K
[2.754s] [01m[K/home/jetson/JetAutonomy/ros2/src/front_cam/src/front_cam_node.cpp:34:79:[m[K [01;31m[Kerror: [m[Kstray ‘[01m[K\[m[K’ in program
[2.755s]                                               \n\theight\t: %d\n\nwidth\t: %d\n[01;31m[K\[m[Kframe_rate\t: %d\n\tdevice_id\t: %d",
[2.776s]                                                                                [01;31m[K^[m[K
[2.777s] [01m[K/home/jetson/ros2_dashing/install/rcutils/include/rcutils/logging_macros.h:72:64:[m[K [01;36m[Knote: [m[Kin definition of macro ‘[01m[KRCUTILS_LOG_COND_NAMED[m[K’
[2.778s]        rcutils_log(&__rcutils_logging_location, severity, name, [01;36m[K__VA_ARGS__[m[K); \
[2.779s]                                                                 [01;36m[K^~~~~~~~~~~[m[K
[2.793s] [01m[K/home/jetson/ros2_dashing/install/rclcpp/include/rclcpp/logging.hpp:218:5:[m[K [01;36m[Knote: [m[Kin expansion of macro ‘[01m[KRCUTILS_LOG_INFO_NAMED[m[K’
[2.794s]      [01;36m[KRCUTILS_LOG_INFO_NAMED[m[K( \
[2.795s]      [01;36m[K^~~~~~~~~~~~~~~~~~~~~~[m[K
[2.823s] [01m[K/home/jetson/ros2_dashing/install/rclcpp/include/rclcpp/logging.hpp:220:28:[m[K [01;36m[Knote: [m[Kin expansion of macro ‘[01m[KRCLCPP_FIRST_ARG[m[K’
[2.824s]        rclcpp::get_c_string([01;36m[KRCLCPP_FIRST_ARG[m[K(__VA_ARGS__, "")), \
[2.825s]                             [01;36m[K^~~~~~~~~~~~~~~~[m[K
[2.826s] [01m[K/home/jetson/JetAutonomy/ros2/src/front_cam/src/front_cam_node.cpp:33:13:[m[K [01;36m[Knote: [m[Kin expansion of macro ‘[01m[KRCLCPP_INFO[m[K’
[2.826s]              [01;36m[KR[m[KCLCPP_INFO(this->get_logger(), "Using defaults camera parameters:
[2.827s]              [01;36m[K^[m[K
[2.840s] [01m[K/home/jetson/JetAutonomy/ros2/src/front_cam/src/front_cam_node.cpp:34:90:[m[K [01;31m[Kerror: [m[Kstray ‘[01m[K\[m[K’ in program
[2.841s]                                               \n\theight\t: %d\n\nwidth\t: %d\n\frame_rate[01;31m[K\[m[Kt: %d\n\tdevice_id\t: %d",
[2.842s]                                                                                           [01;31m[K^[m[K
[2.843s] [01m[K/home/jetson/ros2_dashing/install/rcutils/include/rcutils/logging_macros.h:72:64:[m[K [01;36m[Knote: [m[Kin definition of macro ‘[01m[KRCUTILS_LOG_COND_NAMED[m[K’
[2.870s]        rcutils_log(&__rcutils_logging_location, severity, name, [01;36m[K__VA_ARGS__[m[K); \
[2.876s]                                                                 [01;36m[K^~~~~~~~~~~[m[K
[2.877s] [01m[K/home/jetson/ros2_dashing/install/rclcpp/include/rclcpp/logging.hpp:218:5:[m[K [01;36m[Knote: [m[Kin expansion of macro ‘[01m[KRCUTILS_LOG_INFO_NAMED[m[K’
[2.877s]      [01;36m[KRCUTILS_LOG_INFO_NAMED[m[K( \
[2.892s]      [01;36m[K^~~~~~~~~~~~~~~~~~~~~~[m[K
[2.893s] [01m[K/home/jetson/ros2_dashing/install/rclcpp/include/rclcpp/logging.hpp:220:28:[m[K [01;36m[Knote: [m[Kin expansion of macro ‘[01m[KRCLCPP_FIRST_ARG[m[K’
[2.894s]        rclcpp::get_c_string([01;36m[KRCLCPP_FIRST_ARG[m[K(__VA_ARGS__, "")), \
[2.895s]                             [01;36m[K^~~~~~~~~~~~~~~~[m[K
[2.916s] [01m[K/home/jetson/JetAutonomy/ros2/src/front_cam/src/front_cam_node.cpp:33:13:[m[K [01;36m[Knote: [m[Kin expansion of macro ‘[01m[KRCLCPP_INFO[m[K’
[2.917s]              [01;36m[KR[m[KCLCPP_INFO(this->get_logger(), "Using defaults camera parameters:
[2.918s]              [01;36m[K^[m[K
[2.919s] [01m[K/home/jetson/JetAutonomy/ros2/src/front_cam/src/front_cam_node.cpp:34:96:[m[K [01;31m[Kerror: [m[Kstray ‘[01m[K\[m[K’ in program
[2.935s]                                               \n\theight\t: %d\n\nwidth\t: %d\n\frame_rate\t: %d[01;31m[K\[m[Kn\tdevice_id\t: %d",
[2.939s]                                                                                                 [01;31m[K^[m[K
[2.941s] [01m[K/home/jetson/ros2_dashing/install/rcutils/include/rcutils/logging_macros.h:72:64:[m[K [01;36m[Knote: [m[Kin definition of macro ‘[01m[KRCUTILS_LOG_COND_NAMED[m[K’
[2.942s]        rcutils_log(&__rcutils_logging_location, severity, name, [01;36m[K__VA_ARGS__[m[K); \
[2.943s]                                                                 [01;36m[K^~~~~~~~~~~[m[K
[2.952s] [01m[K/home/jetson/ros2_dashing/install/rclcpp/include/rclcpp/logging.hpp:218:5:[m[K [01;36m[Knote: [m[Kin expansion of macro ‘[01m[KRCUTILS_LOG_INFO_NAMED[m[K’
[2.953s]      [01;36m[KRCUTILS_LOG_INFO_NAMED[m[K( \
[2.954s]      [01;36m[K^~~~~~~~~~~~~~~~~~~~~~[m[K
[2.955s] [01m[K/home/jetson/ros2_dashing/install/rclcpp/include/rclcpp/logging.hpp:220:28:[m[K [01;36m[Knote: [m[Kin expansion of macro ‘[01m[KRCLCPP_FIRST_ARG[m[K’
[2.955s]        rclcpp::get_c_string([01;36m[KRCLCPP_FIRST_ARG[m[K(__VA_ARGS__, "")), \
[2.956s]                             [01;36m[K^~~~~~~~~~~~~~~~[m[K
[2.957s] [01m[K/home/jetson/JetAutonomy/ros2/src/front_cam/src/front_cam_node.cpp:33:13:[m[K [01;36m[Knote: [m[Kin expansion of macro ‘[01m[KRCLCPP_INFO[m[K’
[2.958s]              [01;36m[KR[m[KCLCPP_INFO(this->get_logger(), "Using defaults camera parameters:
[2.958s]              [01;36m[K^[m[K
[2.959s] [01m[K/home/jetson/JetAutonomy/ros2/src/front_cam/src/front_cam_node.cpp:34:98:[m[K [01;31m[Kerror: [m[Kstray ‘[01m[K\[m[K’ in program
[2.978s]                                               \n\theight\t: %d\n\nwidth\t: %d\n\frame_rate\t: %d\n[01;31m[K\[m[Ktdevice_id\t: %d",
[2.982s]                                                                                                   [01;31m[K^[m[K
[2.983s] [01m[K/home/jetson/ros2_dashing/install/rcutils/include/rcutils/logging_macros.h:72:64:[m[K [01;36m[Knote: [m[Kin definition of macro ‘[01m[KRCUTILS_LOG_COND_NAMED[m[K’
[2.984s]        rcutils_log(&__rcutils_logging_location, severity, name, [01;36m[K__VA_ARGS__[m[K); \
[2.985s]                                                                 [01;36m[K^~~~~~~~~~~[m[K
[2.986s] [01m[K/home/jetson/ros2_dashing/install/rclcpp/include/rclcpp/logging.hpp:218:5:[m[K [01;36m[Knote: [m[Kin expansion of macro ‘[01m[KRCUTILS_LOG_INFO_NAMED[m[K’
[2.987s]      [01;36m[KRCUTILS_LOG_INFO_NAMED[m[K( \
[3.002s]      [01;36m[K^~~~~~~~~~~~~~~~~~~~~~[m[K
[3.003s] [01m[K/home/jetson/ros2_dashing/install/rclcpp/include/rclcpp/logging.hpp:220:28:[m[K [01;36m[Knote: [m[Kin expansion of macro ‘[01m[KRCLCPP_FIRST_ARG[m[K’
[3.004s]        rclcpp::get_c_string([01;36m[KRCLCPP_FIRST_ARG[m[K(__VA_ARGS__, "")), \
[3.005s]                             [01;36m[K^~~~~~~~~~~~~~~~[m[K
[3.005s] [01m[K/home/jetson/JetAutonomy/ros2/src/front_cam/src/front_cam_node.cpp:33:13:[m[K [01;36m[Knote: [m[Kin expansion of macro ‘[01m[KRCLCPP_INFO[m[K’
[3.006s]              [01;36m[KR[m[KCLCPP_INFO(this->get_logger(), "Using defaults camera parameters:
[3.007s]              [01;36m[K^[m[K
[3.023s] [01m[K/home/jetson/JetAutonomy/ros2/src/front_cam/src/front_cam_node.cpp:34:109:[m[K [01;31m[Kerror: [m[Kstray ‘[01m[K\[m[K’ in program
[3.024s]                                               \n\theight\t: %d\n\nwidth\t: %d\n\frame_rate\t: %d\n\tdevice_id[01;31m[K\[m[Kt: %d",
[3.025s]                                                                                                              [01;31m[K^[m[K
[3.029s] [01m[K/home/jetson/ros2_dashing/install/rcutils/include/rcutils/logging_macros.h:72:64:[m[K [01;36m[Knote: [m[Kin definition of macro ‘[01m[KRCUTILS_LOG_COND_NAMED[m[K’
[3.036s]        rcutils_log(&__rcutils_logging_location, severity, name, [01;36m[K__VA_ARGS__[m[K); \
[3.037s]                                                                 [01;36m[K^~~~~~~~~~~[m[K
[3.038s] [01m[K/home/jetson/ros2_dashing/install/rclcpp/include/rclcpp/logging.hpp:218:5:[m[K [01;36m[Knote: [m[Kin expansion of macro ‘[01m[KRCUTILS_LOG_INFO_NAMED[m[K’
[3.038s]      [01;36m[KRCUTILS_LOG_INFO_NAMED[m[K( \
[3.039s]      [01;36m[K^~~~~~~~~~~~~~~~~~~~~~[m[K
[3.050s] [01m[K/home/jetson/ros2_dashing/install/rclcpp/include/rclcpp/logging.hpp:220:28:[m[K [01;36m[Knote: [m[Kin expansion of macro ‘[01m[KRCLCPP_FIRST_ARG[m[K’
[3.051s]        rclcpp::get_c_string([01;36m[KRCLCPP_FIRST_ARG[m[K(__VA_ARGS__, "")), \
[3.058s]                             [01;36m[K^~~~~~~~~~~~~~~~[m[K
[3.059s] [01m[K/home/jetson/JetAutonomy/ros2/src/front_cam/src/front_cam_node.cpp:33:13:[m[K [01;36m[Knote: [m[Kin expansion of macro ‘[01m[KRCLCPP_INFO[m[K’
[3.060s]              [01;36m[KR[m[KCLCPP_INFO(this->get_logger(), "Using defaults camera parameters:
[3.061s]              [01;36m[K^[m[K
[3.062s] [01m[K/home/jetson/JetAutonomy/ros2/src/front_cam/src/front_cam_node.cpp:34:115:[m[K [01;31m[Kerror: [m[Kmissing terminating " character
[3.062s]                                               \n\theight\t: %d\n\nwidth\t: %d\n\frame_rate\t: %d\n\tdevice_id\t: %d[01;31m[K"[m[K,
[3.063s]                                                                                                                    [01;31m[K^[m[K
[3.076s] [01m[K/home/jetson/ros2_dashing/install/rcutils/include/rcutils/logging_macros.h:72:64:[m[K [01;36m[Knote: [m[Kin definition of macro ‘[01m[KRCUTILS_LOG_COND_NAMED[m[K’
[3.077s]        rcutils_log(&__rcutils_logging_location, severity, name, [01;36m[K__VA_ARGS__[m[K); \
[3.078s]                                                                 [01;36m[K^~~~~~~~~~~[m[K
[3.099s] [01m[K/home/jetson/ros2_dashing/install/rclcpp/include/rclcpp/logging.hpp:218:5:[m[K [01;36m[Knote: [m[Kin expansion of macro ‘[01m[KRCUTILS_LOG_INFO_NAMED[m[K’
[3.105s]      [01;36m[KRCUTILS_LOG_INFO_NAMED[m[K( \
[3.106s]      [01;36m[K^~~~~~~~~~~~~~~~~~~~~~[m[K
[3.122s] [01m[K/home/jetson/ros2_dashing/install/rclcpp/include/rclcpp/logging.hpp:220:28:[m[K [01;36m[Knote: [m[Kin expansion of macro ‘[01m[KRCLCPP_FIRST_ARG[m[K’
[3.125s]        rclcpp::get_c_string([01;36m[KRCLCPP_FIRST_ARG[m[K(__VA_ARGS__, "")), \
[3.126s]                             [01;36m[K^~~~~~~~~~~~~~~~[m[K
[3.126s] [01m[K/home/jetson/JetAutonomy/ros2/src/front_cam/src/front_cam_node.cpp:33:13:[m[K [01;36m[Knote: [m[Kin expansion of macro ‘[01m[KRCLCPP_INFO[m[K’
[3.142s]              [01;36m[KR[m[KCLCPP_INFO(this->get_logger(), "Using defaults camera parameters:
[3.143s]              [01;36m[K^[m[K
[17.319s] [01m[K/home/jetson/JetAutonomy/ros2/src/front_cam/src/front_cam_node.cpp:[m[K In constructor ‘[01m[KFrontCamPublisher::FrontCamPublisher()[m[K’:
[17.321s] [01m[K/home/jetson/JetAutonomy/ros2/src/front_cam/src/front_cam_node.cpp:34:47:[m[K [01;31m[Kerror: [m[K‘[01m[Kn[m[K’ was not declared in this scope
[17.322s]                                               \[01;31m[Kn[m[K\theight\t: %d\n\nwidth\t: %d\n\frame_rate\t: %d\n\tdevice_id\t: %d",
[17.327s]                                                [01;31m[K^[m[K
[17.329s] [01m[K/home/jetson/ros2_dashing/install/rcutils/include/rcutils/logging_macros.h:72:64:[m[K [01;36m[Knote: [m[Kin definition of macro ‘[01m[KRCUTILS_LOG_COND_NAMED[m[K’
[17.330s]        rcutils_log(&__rcutils_logging_location, severity, name, [01;36m[K__VA_ARGS__[m[K); \
[17.330s]                                                                 [01;36m[K^~~~~~~~~~~[m[K
[17.331s] [01m[K/home/jetson/ros2_dashing/install/rclcpp/include/rclcpp/logging.hpp:218:5:[m[K [01;36m[Knote: [m[Kin expansion of macro ‘[01m[KRCUTILS_LOG_INFO_NAMED[m[K’
[17.332s]      [01;36m[KRCUTILS_LOG_INFO_NAMED[m[K( \
[17.333s]      [01;36m[K^~~~~~~~~~~~~~~~~~~~~~[m[K
[17.333s] [01m[K/home/jetson/ros2_dashing/install/rclcpp/include/rclcpp/logging.hpp:220:28:[m[K [01;36m[Knote: [m[Kin expansion of macro ‘[01m[KRCLCPP_FIRST_ARG[m[K’
[17.334s]        rclcpp::get_c_string([01;36m[KRCLCPP_FIRST_ARG[m[K(__VA_ARGS__, "")), \
[17.335s]                             [01;36m[K^~~~~~~~~~~~~~~~[m[K
[17.353s] [01m[K/home/jetson/JetAutonomy/ros2/src/front_cam/src/front_cam_node.cpp:33:13:[m[K [01;36m[Knote: [m[Kin expansion of macro ‘[01m[KRCLCPP_INFO[m[K’
[17.355s]              [01;36m[KR[m[KCLCPP_INFO(this->get_logger(), "Using defaults camera parameters:
[17.356s]              [01;36m[K^[m[K
[17.356s] [01m[K/home/jetson/JetAutonomy/ros2/src/front_cam/src/front_cam_node.cpp:34:47:[m[K [01;36m[Knote: [m[Ksuggested alternative: ‘[01m[Kyn[m[K’
[17.357s]                                               \[01;36m[Kn[m[K\theight\t: %d\n\nwidth\t: %d\n\frame_rate\t: %d\n\tdevice_id\t: %d",
[17.358s]                                                [01;36m[K^[m[K
[17.367s] [01m[K/home/jetson/ros2_dashing/install/rcutils/include/rcutils/logging_macros.h:72:64:[m[K [01;36m[Knote: [m[Kin definition of macro ‘[01m[KRCUTILS_LOG_COND_NAMED[m[K’
[17.368s]        rcutils_log(&__rcutils_logging_location, severity, name, [01;36m[K__VA_ARGS__[m[K); \
[17.368s]                                                                 [01;36m[K^~~~~~~~~~~[m[K
[17.369s] [01m[K/home/jetson/ros2_dashing/install/rclcpp/include/rclcpp/logging.hpp:218:5:[m[K [01;36m[Knote: [m[Kin expansion of macro ‘[01m[KRCUTILS_LOG_INFO_NAMED[m[K’
[17.370s]      [01;36m[KRCUTILS_LOG_INFO_NAMED[m[K( \
[17.371s]      [01;36m[K^~~~~~~~~~~~~~~~~~~~~~[m[K
[17.383s] [01m[K/home/jetson/ros2_dashing/install/rclcpp/include/rclcpp/logging.hpp:220:28:[m[K [01;36m[Knote: [m[Kin expansion of macro ‘[01m[KRCLCPP_FIRST_ARG[m[K’
[17.385s]        rclcpp::get_c_string([01;36m[KRCLCPP_FIRST_ARG[m[K(__VA_ARGS__, "")), \
[17.385s]                             [01;36m[K^~~~~~~~~~~~~~~~[m[K
[17.386s] [01m[K/home/jetson/JetAutonomy/ros2/src/front_cam/src/front_cam_node.cpp:33:13:[m[K [01;36m[Knote: [m[Kin expansion of macro ‘[01m[KRCLCPP_INFO[m[K’
[17.387s]              [01;36m[KR[m[KCLCPP_INFO(this->get_logger(), "Using defaults camera parameters:
[17.400s]              [01;36m[K^[m[K
[22.790s] CMakeFiles/front_cam_node.dir/build.make:62: recipe for target 'CMakeFiles/front_cam_node.dir/src/front_cam_node.cpp.o' failed
[22.792s] make[2]: *** [CMakeFiles/front_cam_node.dir/src/front_cam_node.cpp.o] Error 1
[22.793s] make[1]: *** [CMakeFiles/front_cam_node.dir/all] Error 2
[22.794s] make: *** [all] Error 2
[22.795s] CMakeFiles/Makefile2:67: recipe for target 'CMakeFiles/front_cam_node.dir/all' failed
[22.796s] Makefile:140: recipe for target 'all' failed
[22.816s] Invoked command in '/home/jetson/JetAutonomy/ros2/build/front_cam' returned '2': /usr/bin/cmake --build /home/jetson/JetAutonomy/ros2/build/front_cam -- -j2 -l2
