/usr/local/lib/python3.6/dist-packages/setuptools/dist.py:645: UserWarning: Usage of dash-separated 'script-dir' will not be supported in future versions. Please use the underscore name 'script_dir' instead
  % (opt, underscore_opt))
/usr/local/lib/python3.6/dist-packages/setuptools/dist.py:645: UserWarning: Usage of dash-separated 'install-scripts' will not be supported in future versions. Please use the underscore name 'install_scripts' instead
  % (opt, underscore_opt))
running egg_info
writing ../../build/joystick/joystick.egg-info/PKG-INFO
writing dependency_links to ../../build/joystick/joystick.egg-info/dependency_links.txt
writing entry points to ../../build/joystick/joystick.egg-info/entry_points.txt
writing requirements to ../../build/joystick/joystick.egg-info/requires.txt
writing top-level names to ../../build/joystick/joystick.egg-info/top_level.txt
reading manifest file '../../build/joystick/joystick.egg-info/SOURCES.txt'
writing manifest file '../../build/joystick/joystick.egg-info/SOURCES.txt'
running build
running build_py
copying joystick/gamepad.py -> /home/jetson/JetAutonomy/ros/build/joystick/build/lib/joystick
copying joystick/joystick_node.py -> /home/jetson/JetAutonomy/ros/build/joystick/build/lib/joystick
copying joystick/__init__.py -> /home/jetson/JetAutonomy/ros/build/joystick/build/lib/joystick
running install
running install_lib
copying /home/jetson/JetAutonomy/ros/build/joystick/build/lib/joystick/gamepad.py -> /home/jetson/JetAutonomy/ros/install/joystick/lib/python3.6/site-packages/joystick
copying /home/jetson/JetAutonomy/ros/build/joystick/build/lib/joystick/joystick_node.py -> /home/jetson/JetAutonomy/ros/install/joystick/lib/python3.6/site-packages/joystick
copying /home/jetson/JetAutonomy/ros/build/joystick/build/lib/joystick/__init__.py -> /home/jetson/JetAutonomy/ros/install/joystick/lib/python3.6/site-packages/joystick
byte-compiling /home/jetson/JetAutonomy/ros/install/joystick/lib/python3.6/site-packages/joystick/gamepad.py to gamepad.cpython-36.pyc
byte-compiling /home/jetson/JetAutonomy/ros/install/joystick/lib/python3.6/site-packages/joystick/joystick_node.py to joystick_node.cpython-36.pyc
byte-compiling /home/jetson/JetAutonomy/ros/install/joystick/lib/python3.6/site-packages/joystick/__init__.py to __init__.cpython-36.pyc
running install_data
copying resource/joystick -> /home/jetson/JetAutonomy/ros/install/joystick/share/ament_index/resource_index/packages
copying package.xml -> /home/jetson/JetAutonomy/ros/install/joystick/share/joystick
running install_egg_info
Copying ../../build/joystick/joystick.egg-info to /home/jetson/JetAutonomy/ros/install/joystick/lib/python3.6/site-packages/joystick-0.0.0-py3.6.egg-info
running install_scripts
Installing joystick_node script to /home/jetson/JetAutonomy/ros/install/joystick/lib/joystick
writing list of installed files to '/home/jetson/JetAutonomy/ros/build/joystick/install.log'
