[5.796s] DEBUG:colcon:Command line arguments: ['/usr/bin/colcon', 'build', '--packages-select', 'front_cam']
[5.796s] DEBUG:colcon:Parsed command line arguments: Namespace(ament_cmake_args=None, base_paths=['.'], build_base='build', catkin_cmake_args=None, catkin_skip_building_tests=False, cmake_args=None, cmake_clean_cache=False, cmake_clean_first=False, cmake_force_configure=False, cmake_target=None, cmake_target_skip_unavailable=False, continue_on_error=False, event_handlers=None, executor='parallel', ignore_user_meta=False, install_base='install', log_base=None, log_level=None, main=<bound method BuildVerb.main of <colcon_core.verb.build.BuildVerb object at 0x7f865ccc50>>, merge_install=False, metas=['./colcon.meta'], packages_above=None, packages_above_and_dependencies=None, packages_above_depth=None, packages_end=None, packages_ignore=None, packages_ignore_regex=None, packages_select=['front_cam'], packages_select_build_failed=False, packages_select_by_dep=None, packages_select_regex=None, packages_select_test_failures=False, packages_skip=None, packages_skip_build_finished=False, packages_skip_by_dep=None, packages_skip_regex=None, packages_skip_test_passed=False, packages_skip_up_to=None, packages_start=None, packages_up_to=None, packages_up_to_regex=None, parallel_workers=2, paths=None, symlink_install=False, test_result_base=None, verb_extension=<colcon_core.verb.build.BuildVerb object at 0x7f865ccc50>, verb_name='build', verb_parser=<colcon_defaults.argument_parser.defaults.DefaultArgumentsDecorator object at 0x7f865ccfd0>)
[5.929s] Level 1:colcon.colcon_core.package_discovery:discover_packages(colcon_meta) check parameters
[5.930s] Level 1:colcon.colcon_core.package_discovery:discover_packages(recursive) check parameters
[5.930s] Level 1:colcon.colcon_core.package_discovery:discover_packages(ignore) check parameters
[5.930s] Level 1:colcon.colcon_core.package_discovery:discover_packages(path) check parameters
[5.931s] Level 1:colcon.colcon_core.package_discovery:discover_packages(colcon_meta) discover
[5.937s] Level 1:colcon.colcon_core.package_discovery:discover_packages(recursive) discover
[5.938s] INFO:colcon.colcon_core.package_discovery:Crawling recursively for packages in '/home/jetson/JetAutonomy/ros'
[5.939s] Level 1:colcon.colcon_core.package_identification:_identify(.) by extensions ['ignore', 'ignore_ament_install']
[5.940s] Level 1:colcon.colcon_core.package_identification:_identify(.) by extension 'ignore'
[5.941s] Level 1:colcon.colcon_core.package_identification:_identify(.) by extension 'ignore_ament_install'
[5.941s] Level 1:colcon.colcon_core.package_identification:_identify(.) by extensions ['colcon_pkg']
[5.942s] Level 1:colcon.colcon_core.package_identification:_identify(.) by extension 'colcon_pkg'
[5.942s] Level 1:colcon.colcon_core.package_identification:_identify(.) by extensions ['colcon_meta']
[5.943s] Level 1:colcon.colcon_core.package_identification:_identify(.) by extension 'colcon_meta'
[5.943s] Level 1:colcon.colcon_core.package_identification:_identify(.) by extensions ['ros']
[5.943s] Level 1:colcon.colcon_core.package_identification:_identify(.) by extension 'ros'
[6.116s] Level 1:colcon.colcon_core.package_identification:_identify(.) by extensions ['cmake', 'python']
[6.117s] Level 1:colcon.colcon_core.package_identification:_identify(.) by extension 'cmake'
[6.117s] Level 1:colcon.colcon_core.package_identification:_identify(.) by extension 'python'
[6.118s] Level 1:colcon.colcon_core.package_identification:_identify(.) by extensions ['python_setup_py']
[6.118s] Level 1:colcon.colcon_core.package_identification:_identify(.) by extension 'python_setup_py'
[6.119s] Level 1:colcon.colcon_core.package_identification:_identify(build) by extensions ['ignore', 'ignore_ament_install']
[6.120s] Level 1:colcon.colcon_core.package_identification:_identify(build) by extension 'ignore'
[6.121s] Level 1:colcon.colcon_core.package_identification:_identify(build) ignored
[6.124s] Level 1:colcon.colcon_core.package_identification:_identify(install) by extensions ['ignore', 'ignore_ament_install']
[6.125s] Level 1:colcon.colcon_core.package_identification:_identify(install) by extension 'ignore'
[6.125s] Level 1:colcon.colcon_core.package_identification:_identify(install) ignored
[6.126s] Level 1:colcon.colcon_core.package_identification:_identify(log) by extensions ['ignore', 'ignore_ament_install']
[6.127s] Level 1:colcon.colcon_core.package_identification:_identify(log) by extension 'ignore'
[6.128s] Level 1:colcon.colcon_core.package_identification:_identify(log) ignored
[6.129s] Level 1:colcon.colcon_core.package_identification:_identify(src) by extensions ['ignore', 'ignore_ament_install']
[6.130s] Level 1:colcon.colcon_core.package_identification:_identify(src) by extension 'ignore'
[6.130s] Level 1:colcon.colcon_core.package_identification:_identify(src) by extension 'ignore_ament_install'
[6.131s] Level 1:colcon.colcon_core.package_identification:_identify(src) by extensions ['colcon_pkg']
[6.132s] Level 1:colcon.colcon_core.package_identification:_identify(src) by extension 'colcon_pkg'
[6.132s] Level 1:colcon.colcon_core.package_identification:_identify(src) by extensions ['colcon_meta']
[6.133s] Level 1:colcon.colcon_core.package_identification:_identify(src) by extension 'colcon_meta'
[6.133s] Level 1:colcon.colcon_core.package_identification:_identify(src) by extensions ['ros']
[6.133s] Level 1:colcon.colcon_core.package_identification:_identify(src) by extension 'ros'
[6.134s] Level 1:colcon.colcon_core.package_identification:_identify(src) by extensions ['cmake', 'python']
[6.135s] Level 1:colcon.colcon_core.package_identification:_identify(src) by extension 'cmake'
[6.135s] Level 1:colcon.colcon_core.package_identification:_identify(src) by extension 'python'
[6.136s] Level 1:colcon.colcon_core.package_identification:_identify(src) by extensions ['python_setup_py']
[6.136s] Level 1:colcon.colcon_core.package_identification:_identify(src) by extension 'python_setup_py'
[6.138s] Level 1:colcon.colcon_core.package_identification:_identify(src/front_cam) by extensions ['ignore', 'ignore_ament_install']
[6.139s] Level 1:colcon.colcon_core.package_identification:_identify(src/front_cam) by extension 'ignore'
[6.139s] Level 1:colcon.colcon_core.package_identification:_identify(src/front_cam) by extension 'ignore_ament_install'
[6.140s] Level 1:colcon.colcon_core.package_identification:_identify(src/front_cam) by extensions ['colcon_pkg']
[6.140s] Level 1:colcon.colcon_core.package_identification:_identify(src/front_cam) by extension 'colcon_pkg'
[6.141s] Level 1:colcon.colcon_core.package_identification:_identify(src/front_cam) by extensions ['colcon_meta']
[6.141s] Level 1:colcon.colcon_core.package_identification:_identify(src/front_cam) by extension 'colcon_meta'
[6.142s] Level 1:colcon.colcon_core.package_identification:_identify(src/front_cam) by extensions ['ros']
[6.142s] Level 1:colcon.colcon_core.package_identification:_identify(src/front_cam) by extension 'ros'
[6.163s] DEBUG:colcon.colcon_core.package_identification:Package 'src/front_cam' with type 'ros.ament_cmake' and name 'front_cam'
[6.164s] Level 1:colcon.colcon_core.package_identification:_identify(src/jet_autonomy_msgs) by extensions ['ignore', 'ignore_ament_install']
[6.165s] Level 1:colcon.colcon_core.package_identification:_identify(src/jet_autonomy_msgs) by extension 'ignore'
[6.165s] Level 1:colcon.colcon_core.package_identification:_identify(src/jet_autonomy_msgs) by extension 'ignore_ament_install'
[6.166s] Level 1:colcon.colcon_core.package_identification:_identify(src/jet_autonomy_msgs) by extensions ['colcon_pkg']
[6.167s] Level 1:colcon.colcon_core.package_identification:_identify(src/jet_autonomy_msgs) by extension 'colcon_pkg'
[6.169s] Level 1:colcon.colcon_core.package_identification:_identify(src/jet_autonomy_msgs) by extensions ['colcon_meta']
[6.170s] Level 1:colcon.colcon_core.package_identification:_identify(src/jet_autonomy_msgs) by extension 'colcon_meta'
[6.171s] Level 1:colcon.colcon_core.package_identification:_identify(src/jet_autonomy_msgs) by extensions ['ros']
[6.171s] Level 1:colcon.colcon_core.package_identification:_identify(src/jet_autonomy_msgs) by extension 'ros'
[6.177s] DEBUG:colcon.colcon_core.package_identification:Package 'src/jet_autonomy_msgs' with type 'ros.ament_cmake' and name 'jet_autonomy_msgs'
[6.177s] Level 1:colcon.colcon_core.package_identification:_identify(src/jet_drive) by extensions ['ignore', 'ignore_ament_install']
[6.178s] Level 1:colcon.colcon_core.package_identification:_identify(src/jet_drive) by extension 'ignore'
[6.179s] Level 1:colcon.colcon_core.package_identification:_identify(src/jet_drive) by extension 'ignore_ament_install'
[6.179s] Level 1:colcon.colcon_core.package_identification:_identify(src/jet_drive) by extensions ['colcon_pkg']
[6.183s] Level 1:colcon.colcon_core.package_identification:_identify(src/jet_drive) by extension 'colcon_pkg'
[6.184s] Level 1:colcon.colcon_core.package_identification:_identify(src/jet_drive) by extensions ['colcon_meta']
[6.184s] Level 1:colcon.colcon_core.package_identification:_identify(src/jet_drive) by extension 'colcon_meta'
[6.185s] Level 1:colcon.colcon_core.package_identification:_identify(src/jet_drive) by extensions ['ros']
[6.185s] Level 1:colcon.colcon_core.package_identification:_identify(src/jet_drive) by extension 'ros'
[6.193s] DEBUG:colcon.colcon_core.package_identification:Package 'src/jet_drive' with type 'ros.catkin' and name 'jet_drive'
[6.194s] Level 1:colcon.colcon_core.package_identification:_identify(src/joystick) by extensions ['ignore', 'ignore_ament_install']
[6.195s] Level 1:colcon.colcon_core.package_identification:_identify(src/joystick) by extension 'ignore'
[6.195s] Level 1:colcon.colcon_core.package_identification:_identify(src/joystick) by extension 'ignore_ament_install'
[6.196s] Level 1:colcon.colcon_core.package_identification:_identify(src/joystick) by extensions ['colcon_pkg']
[6.196s] Level 1:colcon.colcon_core.package_identification:_identify(src/joystick) by extension 'colcon_pkg'
[6.196s] Level 1:colcon.colcon_core.package_identification:_identify(src/joystick) by extensions ['colcon_meta']
[6.197s] Level 1:colcon.colcon_core.package_identification:_identify(src/joystick) by extension 'colcon_meta'
[6.197s] Level 1:colcon.colcon_core.package_identification:_identify(src/joystick) by extensions ['ros']
[6.198s] Level 1:colcon.colcon_core.package_identification:_identify(src/joystick) by extension 'ros'
[6.205s] DEBUG:colcon.colcon_core.package_identification:Package 'src/joystick' with type 'ros.catkin' and name 'joystick'
[6.205s] Level 1:colcon.colcon_core.package_discovery:discover_packages(recursive) using defaults
[6.208s] Level 1:colcon.colcon_core.package_discovery:discover_packages(ignore) discover
[6.208s] Level 1:colcon.colcon_core.package_discovery:discover_packages(ignore) using defaults
[6.209s] Level 1:colcon.colcon_core.package_discovery:discover_packages(path) discover
[6.209s] Level 1:colcon.colcon_core.package_discovery:discover_packages(path) using defaults
[6.520s] INFO:colcon.colcon_core.package_selection:Skipping not selected package 'jet_autonomy_msgs' in 'src/jet_autonomy_msgs'
[6.521s] INFO:colcon.colcon_core.package_selection:Skipping not selected package 'jet_drive' in 'src/jet_drive'
[6.521s] INFO:colcon.colcon_core.package_selection:Skipping not selected package 'joystick' in 'src/joystick'
[6.573s] Level 5:colcon.colcon_core.verb:set package 'front_cam' build argument 'cmake_args' from command line to 'None'
[6.574s] Level 5:colcon.colcon_core.verb:set package 'front_cam' build argument 'cmake_target' from command line to 'None'
[6.574s] Level 5:colcon.colcon_core.verb:set package 'front_cam' build argument 'cmake_target_skip_unavailable' from command line to 'False'
[6.575s] Level 5:colcon.colcon_core.verb:set package 'front_cam' build argument 'cmake_clean_cache' from command line to 'False'
[6.575s] Level 5:colcon.colcon_core.verb:set package 'front_cam' build argument 'cmake_clean_first' from command line to 'False'
[6.575s] Level 5:colcon.colcon_core.verb:set package 'front_cam' build argument 'cmake_force_configure' from command line to 'False'
[6.576s] Level 5:colcon.colcon_core.verb:set package 'front_cam' build argument 'ament_cmake_args' from command line to 'None'
[6.576s] Level 5:colcon.colcon_core.verb:set package 'front_cam' build argument 'catkin_cmake_args' from command line to 'None'
[6.576s] Level 5:colcon.colcon_core.verb:set package 'front_cam' build argument 'catkin_skip_building_tests' from command line to 'False'
[6.577s] DEBUG:colcon.colcon_core.verb:Building package 'front_cam' with the following arguments: {'ament_cmake_args': None, 'build_base': '/home/jetson/JetAutonomy/ros/build/front_cam', 'catkin_cmake_args': None, 'catkin_skip_building_tests': False, 'cmake_args': None, 'cmake_clean_cache': False, 'cmake_clean_first': False, 'cmake_force_configure': False, 'cmake_target': None, 'cmake_target_skip_unavailable': False, 'install_base': '/home/jetson/JetAutonomy/ros/install/front_cam', 'merge_install': False, 'path': '/home/jetson/JetAutonomy/ros/src/front_cam', 'symlink_install': False, 'test_result_base': None}
[6.581s] INFO:colcon.colcon_core.executor:Executing jobs using 'parallel' executor
[6.635s] DEBUG:colcon.colcon_parallel_executor.executor.parallel:run_until_complete
[6.636s] INFO:colcon.colcon_ros.task.ament_cmake.build:Building ROS package in '/home/jetson/JetAutonomy/ros/src/front_cam' with build type 'ament_cmake'
[6.637s] INFO:colcon.colcon_cmake.task.cmake.build:Building CMake package in '/home/jetson/JetAutonomy/ros/src/front_cam'
[6.740s] INFO:colcon.colcon_core.plugin_system:Skipping extension 'colcon_core.shell.bat': Not used on non-Windows systems
[6.744s] INFO:colcon.colcon_core.shell:Skip shell extension 'powershell' for command environment: Not usable outside of PowerShell
[6.746s] DEBUG:colcon.colcon_core.shell:Skip shell extension 'dsv' for command environment
[7.127s] DEBUG:colcon.colcon_core.event_handler.log_command:Invoking command in '/home/jetson/JetAutonomy/ros/build/front_cam': CMAKE_PREFIX_PATH=${CMAKE_PREFIX_PATH}:/home/jetson/ros2_dashing/install/ros2bag:/home/jetson/ros2_dashing/install/topic_monitor:/home/jetson/ros2_dashing/install/sros2:/home/jetson/ros2_dashing/install/rqt_topic:/home/jetson/ros2_dashing/install/rqt_top:/home/jetson/ros2_dashing/install/rqt_srv:/home/jetson/ros2_dashing/install/rqt_shell:/home/jetson/ros2_dashing/install/rqt_service_caller:/home/jetson/ros2_dashing/install/rqt_py_console:/home/jetson/ros2_dashing/install/rqt_action:/home/jetson/ros2_dashing/install/rqt:/home/jetson/ros2_dashing/install/rqt_graph:/home/jetson/ros2_dashing/install/rqt_gui_py:/home/jetson/ros2_dashing/install/rqt_gui:/home/jetson/ros2_dashing/install/ros2topic:/home/jetson/ros2_dashing/install/ros2test:/home/jetson/ros2_dashing/install/ros2component:/home/jetson/ros2_dashing/install/ros2param:/home/jetson/ros2_dashing/install/ros2lifecycle:/home/jetson/ros2_dashing/install/ros2service:/home/jetson/ros2_dashing/install/ros2srv:/home/jetson/ros2_dashing/install/ros2run:/home/jetson/ros2_dashing/install/ros2launch:/home/jetson/ros2_dashing/install/ros2pkg:/home/jetson/ros2_dashing/install/ros2node:/home/jetson/ros2_dashing/install/ros2multicast:/home/jetson/ros2_dashing/install/ros2msg:/home/jetson/ros2_dashing/install/ros2action:/home/jetson/ros2_dashing/install/ros2cli:/home/jetson/ros2_dashing/install/quality_of_service_demo_py:/home/jetson/ros2_dashing/install/launch_testing_ros:/home/jetson/ros2_dashing/install/launch_ros:/home/jetson/ros2_dashing/install/examples_rclpy_minimal_subscriber:/home/jetson/ros2_dashing/install/examples_rclpy_minimal_service:/home/jetson/ros2_dashing/install/examples_rclpy_minimal_publisher:/home/jetson/ros2_dashing/install/examples_rclpy_minimal_client:/home/jetson/ros2_dashing/install/examples_rclpy_minimal_action_server:/home/jetson/ros2_dashing/install/examples_rclpy_minimal_action_client:/home/jetson/ros2_dashing/install/examples_rclpy_executors:/home/jetson/ros2_dashing/install/demo_nodes_py:/home/jetson/ros2_dashing/install/ament_uncrustify:/home/jetson/ros2_dashing/install/test_launch_ros:/home/jetson/ros2_dashing/install/rosidl_runtime_py:/home/jetson/ros2_dashing/install/launch_testing:/home/jetson/ros2_dashing/install/launch:/home/jetson/ros2_dashing/install/osrf_pycommon:/home/jetson/ros2_dashing/install/ament_xmllint:/home/jetson/ros2_dashing/install/ament_pyflakes:/home/jetson/ros2_dashing/install/ament_pep8:/home/jetson/ros2_dashing/install/ament_pep257:/home/jetson/ros2_dashing/install/ament_pclint:/home/jetson/ros2_dashing/install/ament_package:/home/jetson/ros2_dashing/install/ament_lint_cmake:/home/jetson/ros2_dashing/install/ament_flake8:/home/jetson/ros2_dashing/install/ament_copyright:/home/jetson/ros2_dashing/install/ament_lint:/home/jetson/ros2_dashing/install/ament_index_python:/home/jetson/ros2_dashing/install/ament_cpplint:/home/jetson/ros2_dashing/install/ament_cppcheck:/home/jetson/ros2_dashing/install/ament_clang_tidy:/home/jetson/ros2_dashing/install/ament_clang_format /usr/bin/cmake --build /home/jetson/JetAutonomy/ros/build/front_cam -- -j2 -l2
[8.377s] DEBUG:colcon.colcon_core.event_handler.log_command:Invoked command in '/home/jetson/JetAutonomy/ros/build/front_cam' returned '0': CMAKE_PREFIX_PATH=${CMAKE_PREFIX_PATH}:/home/jetson/ros2_dashing/install/ros2bag:/home/jetson/ros2_dashing/install/topic_monitor:/home/jetson/ros2_dashing/install/sros2:/home/jetson/ros2_dashing/install/rqt_topic:/home/jetson/ros2_dashing/install/rqt_top:/home/jetson/ros2_dashing/install/rqt_srv:/home/jetson/ros2_dashing/install/rqt_shell:/home/jetson/ros2_dashing/install/rqt_service_caller:/home/jetson/ros2_dashing/install/rqt_py_console:/home/jetson/ros2_dashing/install/rqt_action:/home/jetson/ros2_dashing/install/rqt:/home/jetson/ros2_dashing/install/rqt_graph:/home/jetson/ros2_dashing/install/rqt_gui_py:/home/jetson/ros2_dashing/install/rqt_gui:/home/jetson/ros2_dashing/install/ros2topic:/home/jetson/ros2_dashing/install/ros2test:/home/jetson/ros2_dashing/install/ros2component:/home/jetson/ros2_dashing/install/ros2param:/home/jetson/ros2_dashing/install/ros2lifecycle:/home/jetson/ros2_dashing/install/ros2service:/home/jetson/ros2_dashing/install/ros2srv:/home/jetson/ros2_dashing/install/ros2run:/home/jetson/ros2_dashing/install/ros2launch:/home/jetson/ros2_dashing/install/ros2pkg:/home/jetson/ros2_dashing/install/ros2node:/home/jetson/ros2_dashing/install/ros2multicast:/home/jetson/ros2_dashing/install/ros2msg:/home/jetson/ros2_dashing/install/ros2action:/home/jetson/ros2_dashing/install/ros2cli:/home/jetson/ros2_dashing/install/quality_of_service_demo_py:/home/jetson/ros2_dashing/install/launch_testing_ros:/home/jetson/ros2_dashing/install/launch_ros:/home/jetson/ros2_dashing/install/examples_rclpy_minimal_subscriber:/home/jetson/ros2_dashing/install/examples_rclpy_minimal_service:/home/jetson/ros2_dashing/install/examples_rclpy_minimal_publisher:/home/jetson/ros2_dashing/install/examples_rclpy_minimal_client:/home/jetson/ros2_dashing/install/examples_rclpy_minimal_action_server:/home/jetson/ros2_dashing/install/examples_rclpy_minimal_action_client:/home/jetson/ros2_dashing/install/examples_rclpy_executors:/home/jetson/ros2_dashing/install/demo_nodes_py:/home/jetson/ros2_dashing/install/ament_uncrustify:/home/jetson/ros2_dashing/install/test_launch_ros:/home/jetson/ros2_dashing/install/rosidl_runtime_py:/home/jetson/ros2_dashing/install/launch_testing:/home/jetson/ros2_dashing/install/launch:/home/jetson/ros2_dashing/install/osrf_pycommon:/home/jetson/ros2_dashing/install/ament_xmllint:/home/jetson/ros2_dashing/install/ament_pyflakes:/home/jetson/ros2_dashing/install/ament_pep8:/home/jetson/ros2_dashing/install/ament_pep257:/home/jetson/ros2_dashing/install/ament_pclint:/home/jetson/ros2_dashing/install/ament_package:/home/jetson/ros2_dashing/install/ament_lint_cmake:/home/jetson/ros2_dashing/install/ament_flake8:/home/jetson/ros2_dashing/install/ament_copyright:/home/jetson/ros2_dashing/install/ament_lint:/home/jetson/ros2_dashing/install/ament_index_python:/home/jetson/ros2_dashing/install/ament_cpplint:/home/jetson/ros2_dashing/install/ament_cppcheck:/home/jetson/ros2_dashing/install/ament_clang_tidy:/home/jetson/ros2_dashing/install/ament_clang_format /usr/bin/cmake --build /home/jetson/JetAutonomy/ros/build/front_cam -- -j2 -l2
[9.140s] DEBUG:colcon.colcon_core.event_handler.log_command:Invoking command in '/home/jetson/JetAutonomy/ros/build/front_cam': CMAKE_PREFIX_PATH=${CMAKE_PREFIX_PATH}:/home/jetson/ros2_dashing/install/ros2bag:/home/jetson/ros2_dashing/install/topic_monitor:/home/jetson/ros2_dashing/install/sros2:/home/jetson/ros2_dashing/install/rqt_topic:/home/jetson/ros2_dashing/install/rqt_top:/home/jetson/ros2_dashing/install/rqt_srv:/home/jetson/ros2_dashing/install/rqt_shell:/home/jetson/ros2_dashing/install/rqt_service_caller:/home/jetson/ros2_dashing/install/rqt_py_console:/home/jetson/ros2_dashing/install/rqt_action:/home/jetson/ros2_dashing/install/rqt:/home/jetson/ros2_dashing/install/rqt_graph:/home/jetson/ros2_dashing/install/rqt_gui_py:/home/jetson/ros2_dashing/install/rqt_gui:/home/jetson/ros2_dashing/install/ros2topic:/home/jetson/ros2_dashing/install/ros2test:/home/jetson/ros2_dashing/install/ros2component:/home/jetson/ros2_dashing/install/ros2param:/home/jetson/ros2_dashing/install/ros2lifecycle:/home/jetson/ros2_dashing/install/ros2service:/home/jetson/ros2_dashing/install/ros2srv:/home/jetson/ros2_dashing/install/ros2run:/home/jetson/ros2_dashing/install/ros2launch:/home/jetson/ros2_dashing/install/ros2pkg:/home/jetson/ros2_dashing/install/ros2node:/home/jetson/ros2_dashing/install/ros2multicast:/home/jetson/ros2_dashing/install/ros2msg:/home/jetson/ros2_dashing/install/ros2action:/home/jetson/ros2_dashing/install/ros2cli:/home/jetson/ros2_dashing/install/quality_of_service_demo_py:/home/jetson/ros2_dashing/install/launch_testing_ros:/home/jetson/ros2_dashing/install/launch_ros:/home/jetson/ros2_dashing/install/examples_rclpy_minimal_subscriber:/home/jetson/ros2_dashing/install/examples_rclpy_minimal_service:/home/jetson/ros2_dashing/install/examples_rclpy_minimal_publisher:/home/jetson/ros2_dashing/install/examples_rclpy_minimal_client:/home/jetson/ros2_dashing/install/examples_rclpy_minimal_action_server:/home/jetson/ros2_dashing/install/examples_rclpy_minimal_action_client:/home/jetson/ros2_dashing/install/examples_rclpy_executors:/home/jetson/ros2_dashing/install/demo_nodes_py:/home/jetson/ros2_dashing/install/ament_uncrustify:/home/jetson/ros2_dashing/install/test_launch_ros:/home/jetson/ros2_dashing/install/rosidl_runtime_py:/home/jetson/ros2_dashing/install/launch_testing:/home/jetson/ros2_dashing/install/launch:/home/jetson/ros2_dashing/install/osrf_pycommon:/home/jetson/ros2_dashing/install/ament_xmllint:/home/jetson/ros2_dashing/install/ament_pyflakes:/home/jetson/ros2_dashing/install/ament_pep8:/home/jetson/ros2_dashing/install/ament_pep257:/home/jetson/ros2_dashing/install/ament_pclint:/home/jetson/ros2_dashing/install/ament_package:/home/jetson/ros2_dashing/install/ament_lint_cmake:/home/jetson/ros2_dashing/install/ament_flake8:/home/jetson/ros2_dashing/install/ament_copyright:/home/jetson/ros2_dashing/install/ament_lint:/home/jetson/ros2_dashing/install/ament_index_python:/home/jetson/ros2_dashing/install/ament_cpplint:/home/jetson/ros2_dashing/install/ament_cppcheck:/home/jetson/ros2_dashing/install/ament_clang_tidy:/home/jetson/ros2_dashing/install/ament_clang_format /usr/bin/cmake --build /home/jetson/JetAutonomy/ros/build/front_cam --target install -- -j2 -l2
[10.625s] Level 1:colcon.colcon_core.environment:create_environment_scripts_only(front_cam)
[10.645s] DEBUG:colcon.colcon_core.event_handler.log_command:Invoked command in '/home/jetson/JetAutonomy/ros/build/front_cam' returned '0': CMAKE_PREFIX_PATH=${CMAKE_PREFIX_PATH}:/home/jetson/ros2_dashing/install/ros2bag:/home/jetson/ros2_dashing/install/topic_monitor:/home/jetson/ros2_dashing/install/sros2:/home/jetson/ros2_dashing/install/rqt_topic:/home/jetson/ros2_dashing/install/rqt_top:/home/jetson/ros2_dashing/install/rqt_srv:/home/jetson/ros2_dashing/install/rqt_shell:/home/jetson/ros2_dashing/install/rqt_service_caller:/home/jetson/ros2_dashing/install/rqt_py_console:/home/jetson/ros2_dashing/install/rqt_action:/home/jetson/ros2_dashing/install/rqt:/home/jetson/ros2_dashing/install/rqt_graph:/home/jetson/ros2_dashing/install/rqt_gui_py:/home/jetson/ros2_dashing/install/rqt_gui:/home/jetson/ros2_dashing/install/ros2topic:/home/jetson/ros2_dashing/install/ros2test:/home/jetson/ros2_dashing/install/ros2component:/home/jetson/ros2_dashing/install/ros2param:/home/jetson/ros2_dashing/install/ros2lifecycle:/home/jetson/ros2_dashing/install/ros2service:/home/jetson/ros2_dashing/install/ros2srv:/home/jetson/ros2_dashing/install/ros2run:/home/jetson/ros2_dashing/install/ros2launch:/home/jetson/ros2_dashing/install/ros2pkg:/home/jetson/ros2_dashing/install/ros2node:/home/jetson/ros2_dashing/install/ros2multicast:/home/jetson/ros2_dashing/install/ros2msg:/home/jetson/ros2_dashing/install/ros2action:/home/jetson/ros2_dashing/install/ros2cli:/home/jetson/ros2_dashing/install/quality_of_service_demo_py:/home/jetson/ros2_dashing/install/launch_testing_ros:/home/jetson/ros2_dashing/install/launch_ros:/home/jetson/ros2_dashing/install/examples_rclpy_minimal_subscriber:/home/jetson/ros2_dashing/install/examples_rclpy_minimal_service:/home/jetson/ros2_dashing/install/examples_rclpy_minimal_publisher:/home/jetson/ros2_dashing/install/examples_rclpy_minimal_client:/home/jetson/ros2_dashing/install/examples_rclpy_minimal_action_server:/home/jetson/ros2_dashing/install/examples_rclpy_minimal_action_client:/home/jetson/ros2_dashing/install/examples_rclpy_executors:/home/jetson/ros2_dashing/install/demo_nodes_py:/home/jetson/ros2_dashing/install/ament_uncrustify:/home/jetson/ros2_dashing/install/test_launch_ros:/home/jetson/ros2_dashing/install/rosidl_runtime_py:/home/jetson/ros2_dashing/install/launch_testing:/home/jetson/ros2_dashing/install/launch:/home/jetson/ros2_dashing/install/osrf_pycommon:/home/jetson/ros2_dashing/install/ament_xmllint:/home/jetson/ros2_dashing/install/ament_pyflakes:/home/jetson/ros2_dashing/install/ament_pep8:/home/jetson/ros2_dashing/install/ament_pep257:/home/jetson/ros2_dashing/install/ament_pclint:/home/jetson/ros2_dashing/install/ament_package:/home/jetson/ros2_dashing/install/ament_lint_cmake:/home/jetson/ros2_dashing/install/ament_flake8:/home/jetson/ros2_dashing/install/ament_copyright:/home/jetson/ros2_dashing/install/ament_lint:/home/jetson/ros2_dashing/install/ament_index_python:/home/jetson/ros2_dashing/install/ament_cpplint:/home/jetson/ros2_dashing/install/ament_cppcheck:/home/jetson/ros2_dashing/install/ament_clang_tidy:/home/jetson/ros2_dashing/install/ament_clang_format /usr/bin/cmake --build /home/jetson/JetAutonomy/ros/build/front_cam --target install -- -j2 -l2
[10.806s] Level 1:colcon.colcon_core.environment:checking '/home/jetson/JetAutonomy/ros/install/front_cam' for CMake module files
[10.813s] Level 1:colcon.colcon_core.environment:checking '/home/jetson/JetAutonomy/ros/install/front_cam' for CMake config files
[10.818s] Level 1:colcon.colcon_core.shell:create_environment_hook('front_cam', 'cmake_prefix_path')
[10.827s] INFO:colcon.colcon_core.shell:Creating environment hook '/home/jetson/JetAutonomy/ros/install/front_cam/share/front_cam/hook/cmake_prefix_path.ps1'
[10.843s] INFO:colcon.colcon_core.shell:Creating environment descriptor '/home/jetson/JetAutonomy/ros/install/front_cam/share/front_cam/hook/cmake_prefix_path.dsv'
[10.851s] INFO:colcon.colcon_core.shell:Creating environment hook '/home/jetson/JetAutonomy/ros/install/front_cam/share/front_cam/hook/cmake_prefix_path.sh'
[10.866s] Level 1:colcon.colcon_core.environment:checking '/home/jetson/JetAutonomy/ros/install/front_cam/lib'
[10.869s] Level 1:colcon.colcon_core.environment:checking '/home/jetson/JetAutonomy/ros/install/front_cam/bin'
[10.872s] Level 1:colcon.colcon_core.environment:checking '/home/jetson/JetAutonomy/ros/install/front_cam/lib/pkgconfig/front_cam.pc'
[10.874s] Level 1:colcon.colcon_core.environment:checking '/home/jetson/JetAutonomy/ros/install/front_cam/lib/python3.6/site-packages'
[10.888s] INFO:colcon.colcon_core.shell:Creating package script '/home/jetson/JetAutonomy/ros/install/front_cam/share/front_cam/package.ps1'
[10.906s] INFO:colcon.colcon_core.shell:Creating package descriptor '/home/jetson/JetAutonomy/ros/install/front_cam/share/front_cam/package.dsv'
[10.925s] INFO:colcon.colcon_core.shell:Creating package script '/home/jetson/JetAutonomy/ros/install/front_cam/share/front_cam/package.sh'
[10.944s] INFO:colcon.colcon_core.shell:Creating package script '/home/jetson/JetAutonomy/ros/install/front_cam/share/front_cam/package.bash'
[10.976s] INFO:colcon.colcon_core.shell:Creating package script '/home/jetson/JetAutonomy/ros/install/front_cam/share/front_cam/package.zsh'
[10.999s] Level 1:colcon.colcon_core.environment:create_file_with_runtime_dependencies(/home/jetson/JetAutonomy/ros/install/front_cam/share/colcon-core/packages/front_cam)
[11.546s] Level 1:colcon.colcon_core.environment:create_environment_scripts_only(front_cam)
[11.566s] Level 1:colcon.colcon_core.environment:checking '/home/jetson/JetAutonomy/ros/install/front_cam' for CMake module files
[11.574s] Level 1:colcon.colcon_core.environment:checking '/home/jetson/JetAutonomy/ros/install/front_cam' for CMake config files
[11.579s] Level 1:colcon.colcon_core.shell:create_environment_hook('front_cam', 'cmake_prefix_path')
[11.589s] INFO:colcon.colcon_core.shell:Creating environment hook '/home/jetson/JetAutonomy/ros/install/front_cam/share/front_cam/hook/cmake_prefix_path.ps1'
[11.605s] INFO:colcon.colcon_core.shell:Creating environment descriptor '/home/jetson/JetAutonomy/ros/install/front_cam/share/front_cam/hook/cmake_prefix_path.dsv'
[11.613s] INFO:colcon.colcon_core.shell:Creating environment hook '/home/jetson/JetAutonomy/ros/install/front_cam/share/front_cam/hook/cmake_prefix_path.sh'
[11.625s] Level 1:colcon.colcon_core.environment:checking '/home/jetson/JetAutonomy/ros/install/front_cam/lib'
[11.628s] Level 1:colcon.colcon_core.environment:checking '/home/jetson/JetAutonomy/ros/install/front_cam/bin'
[11.629s] Level 1:colcon.colcon_core.environment:checking '/home/jetson/JetAutonomy/ros/install/front_cam/lib/pkgconfig/front_cam.pc'
[11.629s] Level 1:colcon.colcon_core.environment:checking '/home/jetson/JetAutonomy/ros/install/front_cam/lib/python3.6/site-packages'
[11.641s] INFO:colcon.colcon_core.shell:Creating package script '/home/jetson/JetAutonomy/ros/install/front_cam/share/front_cam/package.ps1'
[11.656s] INFO:colcon.colcon_core.shell:Creating package descriptor '/home/jetson/JetAutonomy/ros/install/front_cam/share/front_cam/package.dsv'
[11.665s] INFO:colcon.colcon_core.shell:Creating package script '/home/jetson/JetAutonomy/ros/install/front_cam/share/front_cam/package.sh'
[11.673s] INFO:colcon.colcon_core.shell:Creating package script '/home/jetson/JetAutonomy/ros/install/front_cam/share/front_cam/package.bash'
[11.681s] INFO:colcon.colcon_core.shell:Creating package script '/home/jetson/JetAutonomy/ros/install/front_cam/share/front_cam/package.zsh'
[11.690s] Level 1:colcon.colcon_core.environment:create_file_with_runtime_dependencies(/home/jetson/JetAutonomy/ros/install/front_cam/share/colcon-core/packages/front_cam)
[11.699s] DEBUG:colcon.colcon_parallel_executor.executor.parallel:closing loop
[11.702s] DEBUG:colcon.colcon_parallel_executor.executor.parallel:loop closed
[11.707s] DEBUG:colcon.colcon_parallel_executor.executor.parallel:run_until_complete finished with '0'
[11.710s] DEBUG:colcon.colcon_core.event_reactor:joining thread
[11.886s] INFO:colcon.colcon_core.plugin_system:Skipping extension 'colcon_notification.desktop_notification.terminal_notifier': Not used on non-Darwin systems
[11.891s] INFO:colcon.colcon_core.plugin_system:Skipping extension 'colcon_notification.desktop_notification.win32': Not used on non-Windows systems
[11.893s] INFO:colcon.colcon_notification.desktop_notification:Sending desktop notification using 'notify2'
[11.904s] DEBUG:colcon.colcon_notification.desktop_notification.notify2:Failed to initialize notify2: org.freedesktop.DBus.Error.ServiceUnknown: The name org.freedesktop.Notifications was not provided by any .service files
[11.906s] DEBUG:colcon.colcon_core.event_reactor:joined thread
[11.916s] INFO:colcon.colcon_core.shell:Creating prefix script '/home/jetson/JetAutonomy/ros/install/local_setup.ps1'
[11.939s] INFO:colcon.colcon_core.shell:Creating prefix util module '/home/jetson/JetAutonomy/ros/install/_local_setup_util_ps1.py'
[11.968s] INFO:colcon.colcon_core.shell:Creating prefix chain script '/home/jetson/JetAutonomy/ros/install/setup.ps1'
[12.130s] INFO:colcon.colcon_core.shell:Creating prefix script '/home/jetson/JetAutonomy/ros/install/local_setup.sh'
[12.143s] INFO:colcon.colcon_core.shell:Creating prefix util module '/home/jetson/JetAutonomy/ros/install/_local_setup_util_sh.py'
[12.151s] INFO:colcon.colcon_core.shell:Creating prefix chain script '/home/jetson/JetAutonomy/ros/install/setup.sh'
[12.308s] INFO:colcon.colcon_core.shell:Creating prefix script '/home/jetson/JetAutonomy/ros/install/local_setup.bash'
[12.314s] INFO:colcon.colcon_core.shell:Creating prefix chain script '/home/jetson/JetAutonomy/ros/install/setup.bash'
[12.478s] INFO:colcon.colcon_core.shell:Creating prefix script '/home/jetson/JetAutonomy/ros/install/local_setup.zsh'
[12.484s] INFO:colcon.colcon_core.shell:Creating prefix chain script '/home/jetson/JetAutonomy/ros/install/setup.zsh'
