[11.505s] DEBUG:colcon:Command line arguments: ['/usr/bin/colcon', 'build', '--packages-select', 'joystick_node']
[11.506s] DEBUG:colcon:Parsed command line arguments: Namespace(ament_cmake_args=None, base_paths=['.'], build_base='build', catkin_cmake_args=None, catkin_skip_building_tests=False, cmake_args=None, cmake_clean_cache=False, cmake_clean_first=False, cmake_force_configure=False, cmake_target=None, cmake_target_skip_unavailable=False, continue_on_error=False, event_handlers=None, executor='parallel', ignore_user_meta=False, install_base='install', log_base=None, log_level=None, main=<bound method BuildVerb.main of <colcon_core.verb.build.BuildVerb object at 0x7f8f060c88>>, merge_install=False, metas=['./colcon.meta'], packages_above=None, packages_above_and_dependencies=None, packages_above_depth=None, packages_end=None, packages_ignore=None, packages_ignore_regex=None, packages_select=['joystick_node'], packages_select_build_failed=False, packages_select_by_dep=None, packages_select_regex=None, packages_select_test_failures=False, packages_skip=None, packages_skip_build_finished=False, packages_skip_by_dep=None, packages_skip_regex=None, packages_skip_test_passed=False, packages_skip_up_to=None, packages_start=None, packages_up_to=None, packages_up_to_regex=None, parallel_workers=2, paths=None, symlink_install=False, test_result_base=None, verb_extension=<colcon_core.verb.build.BuildVerb object at 0x7f8f060c88>, verb_name='build', verb_parser=<colcon_defaults.argument_parser.defaults.DefaultArgumentsDecorator object at 0x7f8f06c048>)
[11.737s] Level 1:colcon.colcon_core.package_discovery:discover_packages(colcon_meta) check parameters
[11.738s] Level 1:colcon.colcon_core.package_discovery:discover_packages(recursive) check parameters
[11.738s] Level 1:colcon.colcon_core.package_discovery:discover_packages(ignore) check parameters
[11.738s] Level 1:colcon.colcon_core.package_discovery:discover_packages(path) check parameters
[11.739s] Level 1:colcon.colcon_core.package_discovery:discover_packages(colcon_meta) discover
[11.745s] Level 1:colcon.colcon_core.package_discovery:discover_packages(recursive) discover
[11.745s] INFO:colcon.colcon_core.package_discovery:Crawling recursively for packages in '/home/jetson/JetAutonomy/ros'
[11.746s] Level 1:colcon.colcon_core.package_identification:_identify(.) by extensions ['ignore', 'ignore_ament_install']
[11.747s] Level 1:colcon.colcon_core.package_identification:_identify(.) by extension 'ignore'
[11.748s] Level 1:colcon.colcon_core.package_identification:_identify(.) by extension 'ignore_ament_install'
[11.748s] Level 1:colcon.colcon_core.package_identification:_identify(.) by extensions ['colcon_pkg']
[11.749s] Level 1:colcon.colcon_core.package_identification:_identify(.) by extension 'colcon_pkg'
[11.749s] Level 1:colcon.colcon_core.package_identification:_identify(.) by extensions ['colcon_meta']
[11.749s] Level 1:colcon.colcon_core.package_identification:_identify(.) by extension 'colcon_meta'
[11.750s] Level 1:colcon.colcon_core.package_identification:_identify(.) by extensions ['ros']
[11.750s] Level 1:colcon.colcon_core.package_identification:_identify(.) by extension 'ros'
[12.053s] Level 1:colcon.colcon_core.package_identification:_identify(.) by extensions ['cmake', 'python']
[12.062s] Level 1:colcon.colcon_core.package_identification:_identify(.) by extension 'cmake'
[12.063s] Level 1:colcon.colcon_core.package_identification:_identify(.) by extension 'python'
[12.063s] Level 1:colcon.colcon_core.package_identification:_identify(.) by extensions ['python_setup_py']
[12.063s] Level 1:colcon.colcon_core.package_identification:_identify(.) by extension 'python_setup_py'
[12.064s] Level 1:colcon.colcon_core.package_identification:_identify(build) by extensions ['ignore', 'ignore_ament_install']
[12.065s] Level 1:colcon.colcon_core.package_identification:_identify(build) by extension 'ignore'
[12.066s] Level 1:colcon.colcon_core.package_identification:_identify(build) ignored
[12.077s] Level 1:colcon.colcon_core.package_identification:_identify(install) by extensions ['ignore', 'ignore_ament_install']
[12.078s] Level 1:colcon.colcon_core.package_identification:_identify(install) by extension 'ignore'
[12.079s] Level 1:colcon.colcon_core.package_identification:_identify(install) ignored
[12.080s] Level 1:colcon.colcon_core.package_identification:_identify(log) by extensions ['ignore', 'ignore_ament_install']
[12.081s] Level 1:colcon.colcon_core.package_identification:_identify(log) by extension 'ignore'
[12.081s] Level 1:colcon.colcon_core.package_identification:_identify(log) ignored
[12.082s] Level 1:colcon.colcon_core.package_identification:_identify(src) by extensions ['ignore', 'ignore_ament_install']
[12.083s] Level 1:colcon.colcon_core.package_identification:_identify(src) by extension 'ignore'
[12.083s] Level 1:colcon.colcon_core.package_identification:_identify(src) by extension 'ignore_ament_install'
[12.084s] Level 1:colcon.colcon_core.package_identification:_identify(src) by extensions ['colcon_pkg']
[12.084s] Level 1:colcon.colcon_core.package_identification:_identify(src) by extension 'colcon_pkg'
[12.097s] Level 1:colcon.colcon_core.package_identification:_identify(src) by extensions ['colcon_meta']
[12.097s] Level 1:colcon.colcon_core.package_identification:_identify(src) by extension 'colcon_meta'
[12.098s] Level 1:colcon.colcon_core.package_identification:_identify(src) by extensions ['ros']
[12.098s] Level 1:colcon.colcon_core.package_identification:_identify(src) by extension 'ros'
[12.099s] Level 1:colcon.colcon_core.package_identification:_identify(src) by extensions ['cmake', 'python']
[12.100s] Level 1:colcon.colcon_core.package_identification:_identify(src) by extension 'cmake'
[12.100s] Level 1:colcon.colcon_core.package_identification:_identify(src) by extension 'python'
[12.100s] Level 1:colcon.colcon_core.package_identification:_identify(src) by extensions ['python_setup_py']
[12.109s] Level 1:colcon.colcon_core.package_identification:_identify(src) by extension 'python_setup_py'
[12.110s] Level 1:colcon.colcon_core.package_identification:_identify(src/front_cam) by extensions ['ignore', 'ignore_ament_install']
[12.111s] Level 1:colcon.colcon_core.package_identification:_identify(src/front_cam) by extension 'ignore'
[12.112s] Level 1:colcon.colcon_core.package_identification:_identify(src/front_cam) by extension 'ignore_ament_install'
[12.112s] Level 1:colcon.colcon_core.package_identification:_identify(src/front_cam) by extensions ['colcon_pkg']
[12.113s] Level 1:colcon.colcon_core.package_identification:_identify(src/front_cam) by extension 'colcon_pkg'
[12.113s] Level 1:colcon.colcon_core.package_identification:_identify(src/front_cam) by extensions ['colcon_meta']
[12.114s] Level 1:colcon.colcon_core.package_identification:_identify(src/front_cam) by extension 'colcon_meta'
[12.114s] Level 1:colcon.colcon_core.package_identification:_identify(src/front_cam) by extensions ['ros']
[12.115s] Level 1:colcon.colcon_core.package_identification:_identify(src/front_cam) by extension 'ros'
[12.175s] DEBUG:colcon.colcon_core.package_identification:Package 'src/front_cam' with type 'ros.ament_cmake' and name 'front_cam'
[12.176s] Level 1:colcon.colcon_core.package_identification:_identify(src/jet_autonomy_msgs) by extensions ['ignore', 'ignore_ament_install']
[12.177s] Level 1:colcon.colcon_core.package_identification:_identify(src/jet_autonomy_msgs) by extension 'ignore'
[12.178s] Level 1:colcon.colcon_core.package_identification:_identify(src/jet_autonomy_msgs) by extension 'ignore_ament_install'
[12.178s] Level 1:colcon.colcon_core.package_identification:_identify(src/jet_autonomy_msgs) by extensions ['colcon_pkg']
[12.178s] Level 1:colcon.colcon_core.package_identification:_identify(src/jet_autonomy_msgs) by extension 'colcon_pkg'
[12.179s] Level 1:colcon.colcon_core.package_identification:_identify(src/jet_autonomy_msgs) by extensions ['colcon_meta']
[12.179s] Level 1:colcon.colcon_core.package_identification:_identify(src/jet_autonomy_msgs) by extension 'colcon_meta'
[12.180s] Level 1:colcon.colcon_core.package_identification:_identify(src/jet_autonomy_msgs) by extensions ['ros']
[12.180s] Level 1:colcon.colcon_core.package_identification:_identify(src/jet_autonomy_msgs) by extension 'ros'
[12.203s] DEBUG:colcon.colcon_core.package_identification:Package 'src/jet_autonomy_msgs' with type 'ros.ament_cmake' and name 'jet_autonomy_msgs'
[12.205s] Level 1:colcon.colcon_core.package_identification:_identify(src/jet_drive) by extensions ['ignore', 'ignore_ament_install']
[12.205s] Level 1:colcon.colcon_core.package_identification:_identify(src/jet_drive) by extension 'ignore'
[12.206s] Level 1:colcon.colcon_core.package_identification:_identify(src/jet_drive) by extension 'ignore_ament_install'
[12.207s] Level 1:colcon.colcon_core.package_identification:_identify(src/jet_drive) by extensions ['colcon_pkg']
[12.207s] Level 1:colcon.colcon_core.package_identification:_identify(src/jet_drive) by extension 'colcon_pkg'
[12.208s] Level 1:colcon.colcon_core.package_identification:_identify(src/jet_drive) by extensions ['colcon_meta']
[12.208s] Level 1:colcon.colcon_core.package_identification:_identify(src/jet_drive) by extension 'colcon_meta'
[12.208s] Level 1:colcon.colcon_core.package_identification:_identify(src/jet_drive) by extensions ['ros']
[12.221s] Level 1:colcon.colcon_core.package_identification:_identify(src/jet_drive) by extension 'ros'
[12.241s] DEBUG:colcon.colcon_core.package_identification:Package 'src/jet_drive' with type 'ros.catkin' and name 'jet_drive'
[12.242s] Level 1:colcon.colcon_core.package_identification:_identify(src/joystick) by extensions ['ignore', 'ignore_ament_install']
[12.243s] Level 1:colcon.colcon_core.package_identification:_identify(src/joystick) by extension 'ignore'
[12.243s] Level 1:colcon.colcon_core.package_identification:_identify(src/joystick) by extension 'ignore_ament_install'
[12.244s] Level 1:colcon.colcon_core.package_identification:_identify(src/joystick) by extensions ['colcon_pkg']
[12.244s] Level 1:colcon.colcon_core.package_identification:_identify(src/joystick) by extension 'colcon_pkg'
[12.257s] Level 1:colcon.colcon_core.package_identification:_identify(src/joystick) by extensions ['colcon_meta']
[12.258s] Level 1:colcon.colcon_core.package_identification:_identify(src/joystick) by extension 'colcon_meta'
[12.258s] Level 1:colcon.colcon_core.package_identification:_identify(src/joystick) by extensions ['ros']
[12.259s] Level 1:colcon.colcon_core.package_identification:_identify(src/joystick) by extension 'ros'
[12.275s] DEBUG:colcon.colcon_core.package_identification:Package 'src/joystick' with type 'ros.catkin' and name 'joystick'
[12.276s] Level 1:colcon.colcon_core.package_discovery:discover_packages(recursive) using defaults
[12.278s] Level 1:colcon.colcon_core.package_discovery:discover_packages(ignore) discover
[12.278s] Level 1:colcon.colcon_core.package_discovery:discover_packages(ignore) using defaults
[12.279s] Level 1:colcon.colcon_core.package_discovery:discover_packages(path) discover
[12.289s] Level 1:colcon.colcon_core.package_discovery:discover_packages(path) using defaults
[12.310s] WARNING:colcon.colcon_core.package_selection:ignoring unknown package 'joystick_node' in --packages-select
[12.932s] INFO:colcon.colcon_core.package_selection:Skipping not selected package 'front_cam' in 'src/front_cam'
[12.937s] INFO:colcon.colcon_core.package_selection:Skipping not selected package 'jet_autonomy_msgs' in 'src/jet_autonomy_msgs'
[12.939s] INFO:colcon.colcon_core.package_selection:Skipping not selected package 'jet_drive' in 'src/jet_drive'
[12.941s] INFO:colcon.colcon_core.package_selection:Skipping not selected package 'joystick' in 'src/joystick'
[12.948s] INFO:colcon.colcon_core.executor:Executing jobs using 'parallel' executor
[13.022s] DEBUG:colcon.colcon_parallel_executor.executor.parallel:run_until_complete
[13.025s] DEBUG:colcon.colcon_parallel_executor.executor.parallel:closing loop
[13.033s] DEBUG:colcon.colcon_parallel_executor.executor.parallel:loop closed
[13.033s] DEBUG:colcon.colcon_parallel_executor.executor.parallel:run_until_complete finished with '0'
[13.034s] DEBUG:colcon.colcon_core.event_reactor:joining thread
[13.302s] INFO:colcon.colcon_core.plugin_system:Skipping extension 'colcon_notification.desktop_notification.terminal_notifier': Not used on non-Darwin systems
[13.313s] INFO:colcon.colcon_core.plugin_system:Skipping extension 'colcon_notification.desktop_notification.win32': Not used on non-Windows systems
[13.314s] INFO:colcon.colcon_notification.desktop_notification:Sending desktop notification using 'notify2'
[13.321s] DEBUG:colcon.colcon_notification.desktop_notification.notify2:Failed to initialize notify2: org.freedesktop.DBus.Error.ServiceUnknown: The name org.freedesktop.Notifications was not provided by any .service files
[13.323s] DEBUG:colcon.colcon_core.event_reactor:joined thread
[13.489s] INFO:colcon.colcon_core.plugin_system:Skipping extension 'colcon_core.shell.bat': Not used on non-Windows systems
[13.491s] INFO:colcon.colcon_core.shell:Creating prefix script '/home/jetson/JetAutonomy/ros/install/local_setup.ps1'
[13.523s] INFO:colcon.colcon_core.shell:Creating prefix util module '/home/jetson/JetAutonomy/ros/install/_local_setup_util_ps1.py'
[13.555s] INFO:colcon.colcon_core.shell:Creating prefix chain script '/home/jetson/JetAutonomy/ros/install/setup.ps1'
[13.880s] INFO:colcon.colcon_core.shell:Creating prefix script '/home/jetson/JetAutonomy/ros/install/local_setup.sh'
[13.895s] INFO:colcon.colcon_core.shell:Creating prefix util module '/home/jetson/JetAutonomy/ros/install/_local_setup_util_sh.py'
[13.899s] INFO:colcon.colcon_core.shell:Creating prefix chain script '/home/jetson/JetAutonomy/ros/install/setup.sh'
[14.113s] INFO:colcon.colcon_core.shell:Creating prefix script '/home/jetson/JetAutonomy/ros/install/local_setup.bash'
[14.125s] INFO:colcon.colcon_core.shell:Creating prefix chain script '/home/jetson/JetAutonomy/ros/install/setup.bash'
[14.345s] INFO:colcon.colcon_core.shell:Creating prefix script '/home/jetson/JetAutonomy/ros/install/local_setup.zsh'
[14.358s] INFO:colcon.colcon_core.shell:Creating prefix chain script '/home/jetson/JetAutonomy/ros/install/setup.zsh'
