[10.215s] Invoking command in '/home/jetson/JetAutonomy/ros/src/joystick': AMENT_PREFIX_PATH=/home/jetson/JetAutonomy/ros/install/jet_autonomy_msgs:${AMENT_PREFIX_PATH} CMAKE_PREFIX_PATH=/home/jetson/JetAutonomy/ros/install/jet_autonomy_msgs:${CMAKE_PREFIX_PATH} LD_LIBRARY_PATH=/home/jetson/JetAutonomy/ros/install/jet_autonomy_msgs/lib:${LD_LIBRARY_PATH} PYTHONPATH=/home/jetson/JetAutonomy/ros/install/joystick/lib/python3.6/site-packages:/home/jetson/JetAutonomy/ros/install/jet_autonomy_msgs/lib/python3.6/site-packages:${PYTHONPATH} /usr/bin/python3 setup.py egg_info --egg-base ../../build/joystick build --build-base /home/jetson/JetAutonomy/ros/build/joystick/build install --prefix /home/jetson/JetAutonomy/ros/install/joystick --record /home/jetson/JetAutonomy/ros/build/joystick/install.log --single-version-externally-managed
[19.040s] running egg_info
[19.044s] writing ../../build/joystick/joystick.egg-info/PKG-INFO
[19.047s] writing dependency_links to ../../build/joystick/joystick.egg-info/dependency_links.txt
[19.049s] writing entry points to ../../build/joystick/joystick.egg-info/entry_points.txt
[19.050s] writing requirements to ../../build/joystick/joystick.egg-info/requires.txt
[19.051s] writing top-level names to ../../build/joystick/joystick.egg-info/top_level.txt
[19.467s] file joystick_node.py (for module joystick_node) not found
[19.480s] reading manifest file '../../build/joystick/joystick.egg-info/SOURCES.txt'
[19.485s] writing manifest file '../../build/joystick/joystick.egg-info/SOURCES.txt'
[19.487s] running build
[19.488s] running build_py
[19.490s] file joystick_node.py (for module joystick_node) not found
[19.492s] copying joystick/gamepad.py -> /home/jetson/JetAutonomy/ros/build/joystick/build/lib/joystick
[19.493s] copying joystick/joystick_node.py -> /home/jetson/JetAutonomy/ros/build/joystick/build/lib/joystick
[19.495s] copying joystick/__init__.py -> /home/jetson/JetAutonomy/ros/build/joystick/build/lib/joystick
[19.496s] file joystick_node.py (for module joystick_node) not found
[19.497s] running install
[19.497s] running install_lib
[19.509s] copying /home/jetson/JetAutonomy/ros/build/joystick/build/lib/joystick/gamepad.py -> /home/jetson/JetAutonomy/ros/install/joystick/lib/python3.6/site-packages/joystick
[19.514s] copying /home/jetson/JetAutonomy/ros/build/joystick/build/lib/joystick/joystick_node.py -> /home/jetson/JetAutonomy/ros/install/joystick/lib/python3.6/site-packages/joystick
[19.516s] copying /home/jetson/JetAutonomy/ros/build/joystick/build/lib/joystick/__init__.py -> /home/jetson/JetAutonomy/ros/install/joystick/lib/python3.6/site-packages/joystick
[19.537s] byte-compiling /home/jetson/JetAutonomy/ros/install/joystick/lib/python3.6/site-packages/joystick/gamepad.py to gamepad.cpython-36.pyc
[19.538s] byte-compiling /home/jetson/JetAutonomy/ros/install/joystick/lib/python3.6/site-packages/joystick/joystick_node.py to joystick_node.cpython-36.pyc
[19.541s] byte-compiling /home/jetson/JetAutonomy/ros/install/joystick/lib/python3.6/site-packages/joystick/__init__.py to __init__.cpython-36.pyc
[19.542s] running install_data
[19.543s] error: can't copy 'resources/joystick': doesn't exist or not a regular file
[19.680s] Invoked command in '/home/jetson/JetAutonomy/ros/src/joystick' returned '1': AMENT_PREFIX_PATH=/home/jetson/JetAutonomy/ros/install/jet_autonomy_msgs:${AMENT_PREFIX_PATH} CMAKE_PREFIX_PATH=/home/jetson/JetAutonomy/ros/install/jet_autonomy_msgs:${CMAKE_PREFIX_PATH} LD_LIBRARY_PATH=/home/jetson/JetAutonomy/ros/install/jet_autonomy_msgs/lib:${LD_LIBRARY_PATH} PYTHONPATH=/home/jetson/JetAutonomy/ros/install/joystick/lib/python3.6/site-packages:/home/jetson/JetAutonomy/ros/install/jet_autonomy_msgs/lib/python3.6/site-packages:${PYTHONPATH} /usr/bin/python3 setup.py egg_info --egg-base ../../build/joystick build --build-base /home/jetson/JetAutonomy/ros/build/joystick/build install --prefix /home/jetson/JetAutonomy/ros/install/joystick --record /home/jetson/JetAutonomy/ros/build/joystick/install.log --single-version-externally-managed
