running egg_info
creating ../../build/jet_drive/jet_drive.egg-info
writing ../../build/jet_drive/jet_drive.egg-info/PKG-INFO
writing dependency_links to ../../build/jet_drive/jet_drive.egg-info/dependency_links.txt
writing entry points to ../../build/jet_drive/jet_drive.egg-info/entry_points.txt
writing requirements to ../../build/jet_drive/jet_drive.egg-info/requires.txt
writing top-level names to ../../build/jet_drive/jet_drive.egg-info/top_level.txt
writing manifest file '../../build/jet_drive/jet_drive.egg-info/SOURCES.txt'
reading manifest file '../../build/jet_drive/jet_drive.egg-info/SOURCES.txt'
writing manifest file '../../build/jet_drive/jet_drive.egg-info/SOURCES.txt'
running build
running build_py
creating /home/jetson/JetPilot/ros2/build/jet_drive/build
creating /home/jetson/JetPilot/ros2/build/jet_drive/build/lib
creating /home/jetson/JetPilot/ros2/build/jet_drive/build/lib/jet_drive
copying jet_drive/__init__.py -> /home/jetson/JetPilot/ros2/build/jet_drive/build/lib/jet_drive
copying jet_drive/jet_drive_node.py -> /home/jetson/JetPilot/ros2/build/jet_drive/build/lib/jet_drive
running install
running install_lib
creating /home/jetson/JetPilot/ros2/install/jet_drive/lib/python3.6/site-packages/jet_drive
copying /home/jetson/JetPilot/ros2/build/jet_drive/build/lib/jet_drive/__init__.py -> /home/jetson/JetPilot/ros2/install/jet_drive/lib/python3.6/site-packages/jet_drive
copying /home/jetson/JetPilot/ros2/build/jet_drive/build/lib/jet_drive/jet_drive_node.py -> /home/jetson/JetPilot/ros2/install/jet_drive/lib/python3.6/site-packages/jet_drive
byte-compiling /home/jetson/JetPilot/ros2/install/jet_drive/lib/python3.6/site-packages/jet_drive/__init__.py to __init__.cpython-36.pyc
byte-compiling /home/jetson/JetPilot/ros2/install/jet_drive/lib/python3.6/site-packages/jet_drive/jet_drive_node.py to jet_drive_node.cpython-36.pyc
running install_data
creating /home/jetson/JetPilot/ros2/install/jet_drive/share/ament_index
creating /home/jetson/JetPilot/ros2/install/jet_drive/share/ament_index/resource_index
creating /home/jetson/JetPilot/ros2/install/jet_drive/share/ament_index/resource_index/packages
copying resource/jet_drive -> /home/jetson/JetPilot/ros2/install/jet_drive/share/ament_index/resource_index/packages
copying package.xml -> /home/jetson/JetPilot/ros2/install/jet_drive/share/jet_drive
copying launch/jet_drive_node.launch.py -> /home/jetson/JetPilot/ros2/install/jet_drive/share/jet_drive
copying launch/jet_autonomy.launch.py -> /home/jetson/JetPilot/ros2/install/jet_drive/share/jet_drive
copying launch/frame_transforms.launch.py -> /home/jetson/JetPilot/ros2/install/jet_drive/share/jet_drive
running install_egg_info
Copying ../../build/jet_drive/jet_drive.egg-info to /home/jetson/JetPilot/ros2/install/jet_drive/lib/python3.6/site-packages/jet_drive-0.0.0-py3.6.egg-info
running install_scripts
Installing jet_drive_node script to /home/jetson/JetPilot/ros2/install/jet_drive/lib/jet_drive
writing list of installed files to '/home/jetson/JetPilot/ros2/build/jet_drive/install.log'
