In file included from [01m[K/home/jetson/JetPilot/ros2/src/rplidar/./sdk/include/rplidar.h:39:0[m[K,
                 from [01m[K/home/jetson/JetPilot/ros2/src/rplidar/include/rplidar_node.hpp:41[m[K,
                 from [01m[K/home/jetson/JetPilot/ros2/src/rplidar/src/rplidar_node.cpp:36[m[K:
[01m[K/home/jetson/JetPilot/ros2/src/rplidar/./sdk/include/rplidar_protocol.h:59:15:[m[K [01;35m[Kwarning: [m[KISO C++ forbids zero-size array ‘[01m[Kdata[m[K’ [[01;35m[K-Wpedantic[m[K]
     _u8 data[0[01;35m[K][m[K;
               [01;35m[K^[m[K
In file included from [01m[K/home/jetson/JetPilot/ros2/src/rplidar/./sdk/include/rplidar.h:40:0[m[K,
                 from [01m[K/home/jetson/JetPilot/ros2/src/rplidar/include/rplidar_node.hpp:41[m[K,
                 from [01m[K/home/jetson/JetPilot/ros2/src/rplidar/src/rplidar_node.cpp:36[m[K:
[01m[K/home/jetson/JetPilot/ros2/src/rplidar/./sdk/include/rplidar_cmd.h:260:19:[m[K [01;35m[Kwarning: [m[KISO C++ forbids zero-size array ‘[01m[Kpayload[m[K’ [[01;35m[K-Wpedantic[m[K]
     _u8  payload[0[01;35m[K][m[K;
                   [01;35m[K^[m[K
[01m[K/home/jetson/JetPilot/ros2/src/rplidar/src/rplidar_node.cpp:[m[K In member function ‘[01m[Kvoid rplidar_ros::rplidar_node::stop_motor({anonymous}::EmptyRequest, {anonymous}::EmptyResponse)[m[K’:
[01m[K/home/jetson/JetPilot/ros2/src/rplidar/src/rplidar_node.cpp:245:50:[m[K [01;35m[Kwarning: [m[Kunused parameter ‘[01m[Kreq[m[K’ [[01;35m[K-Wunused-parameter[m[K]
 void rplidar_node::stop_motor(const EmptyRequest [01;35m[Kreq[m[K, EmptyResponse res)
                                                  [01;35m[K^~~[m[K
[01m[K/home/jetson/JetPilot/ros2/src/rplidar/src/rplidar_node.cpp:245:69:[m[K [01;35m[Kwarning: [m[Kunused parameter ‘[01m[Kres[m[K’ [[01;35m[K-Wunused-parameter[m[K]
 void rplidar_node::stop_motor(const EmptyRequest req, EmptyResponse [01;35m[Kres[m[K)
                                                                     [01;35m[K^~~[m[K
[01m[K/home/jetson/JetPilot/ros2/src/rplidar/src/rplidar_node.cpp:[m[K In member function ‘[01m[Kvoid rplidar_ros::rplidar_node::start_motor({anonymous}::EmptyRequest, {anonymous}::EmptyResponse)[m[K’:
[01m[K/home/jetson/JetPilot/ros2/src/rplidar/src/rplidar_node.cpp:256:51:[m[K [01;35m[Kwarning: [m[Kunused parameter ‘[01m[Kreq[m[K’ [[01;35m[K-Wunused-parameter[m[K]
 void rplidar_node::start_motor(const EmptyRequest [01;35m[Kreq[m[K, EmptyResponse res)
                                                   [01;35m[K^~~[m[K
[01m[K/home/jetson/JetPilot/ros2/src/rplidar/src/rplidar_node.cpp:256:70:[m[K [01;35m[Kwarning: [m[Kunused parameter ‘[01m[Kres[m[K’ [[01;35m[K-Wunused-parameter[m[K]
 void rplidar_node::start_motor(const EmptyRequest req, EmptyResponse [01;35m[Kres[m[K)
                                                                      [01;35m[K^~~[m[K
[01m[K/home/jetson/JetPilot/ros2/src/rplidar/src/rplidar_node.cpp:[m[K In member function ‘[01m[Kvoid rplidar_ros::rplidar_node::publish_loop()[m[K’:
[01m[K/home/jetson/JetPilot/ros2/src/rplidar/src/rplidar_node.cpp:343:97:[m[K [01;35m[Kwarning: [m[KISO C++ forbids variable length array ‘[01m[Kangle_compensate_nodes[m[K’ [[01;35m[K-Wvla[m[K]
       rplidar_response_measurement_node_hq_t angle_compensate_nodes[angle_compensate_nodes_count[01;35m[K][m[K;
                                                                                                 [01;35m[K^[m[K
[01m[K/home/jetson/JetPilot/ros2/src/rplidar/src/rplidar_node.cpp:353:25:[m[K [01;35m[Kwarning: [m[Kcomparison between signed and unsigned integer expressions [[01;35m[K-Wsign-compare[m[K]
           for (j = 0; [01;35m[Kj < m_angle_compensate_multiple[m[K; j++) {
                       [01;35m[K~~^~~~~~~~~~~~~~~~~~~~~~~~~~~~~[m[K
[01m[K/home/jetson/JetPilot/ros2/src/rplidar/src/rplidar_node.cpp:374:44:[m[K [01;35m[Kwarning: [m[Kcomparison between signed and unsigned integer expressions [[01;35m[K-Wsign-compare[m[K]
       for (size_t x = start_node, y = 0; [01;35m[Kx < end_node[m[K; ++x, ++y) {
                                          [01;35m[K~~^~~~~~~~~~[m[K
[01m[K/home/jetson/JetPilot/ros2/src/rplidar/src/rplidar_node.cpp:381:11:[m[K [01;35m[Kwarning: [m[Kunused variable ‘[01m[Kangle_min[m[K’ [[01;35m[K-Wunused-variable[m[K]
     float [01;35m[Kangle_min[m[K = deg_2_rad(0.0f);
           [01;35m[K^~~~~~~~~[m[K
[01m[K/home/jetson/JetPilot/ros2/src/rplidar/src/rplidar_node.cpp:382:11:[m[K [01;35m[Kwarning: [m[Kunused variable ‘[01m[Kangle_max[m[K’ [[01;35m[K-Wunused-variable[m[K]
     float [01;35m[Kangle_max[m[K = deg_2_rad(359.0f);
           [01;35m[K^~~~~~~~~[m[K
