[35m[1mScanning dependencies of target rplidar_composition_node[0m
[  5%] [32mBuilding CXX object CMakeFiles/rplidar_composition_node.dir/src/rplidar_node.cpp.o[0m
In file included from [01m[K/home/jetson/JetPilot/ros2/src/rplidar/./sdk/include/rplidar.h:39:0[m[K,
                 from [01m[K/home/jetson/JetPilot/ros2/src/rplidar/include/rplidar_node.hpp:41[m[K,
                 from [01m[K/home/jetson/JetPilot/ros2/src/rplidar/src/rplidar_node.cpp:36[m[K:
[01m[K/home/jetson/JetPilot/ros2/src/rplidar/./sdk/include/rplidar_protocol.h:59:15:[m[K [01;35m[Kwarning: [m[KISO C++ forbids zero-size array ‘[01m[Kdata[m[K’ [[01;35m[K-Wpedantic[m[K]
     _u8 data[0[01;35m[K][m[K;
               [01;35m[K^[m[K
In file included from [01m[K/home/jetson/JetPilot/ros2/src/rplidar/./sdk/include/rplidar.h:40:0[m[K,
                 from [01m[K/home/jetson/JetPilot/ros2/src/rplidar/include/rplidar_node.hpp:41[m[K,
                 from [01m[K/home/jetson/JetPilot/ros2/src/rplidar/src/rplidar_node.cpp:36[m[K:
[01m[K/home/jetson/JetPilot/ros2/src/rplidar/./sdk/include/rplidar_cmd.h:260:19:[m[K [01;35m[Kwarning: [m[KISO C++ forbids zero-size array ‘[01m[Kpayload[m[K’ [[01;35m[K-Wpedantic[m[K]
     _u8  payload[0[01;35m[K][m[K;
                   [01;35m[K^[m[K
[01m[K/home/jetson/JetPilot/ros2/src/rplidar/src/rplidar_node.cpp:[m[K In member function ‘[01m[Kvoid rplidar_ros::rplidar_node::stop_motor({anonymous}::EmptyRequest, {anonymous}::EmptyResponse)[m[K’:
[01m[K/home/jetson/JetPilot/ros2/src/rplidar/src/rplidar_node.cpp:245:50:[m[K [01;35m[Kwarning: [m[Kunused parameter ‘[01m[Kreq[m[K’ [[01;35m[K-Wunused-parameter[m[K]
 void rplidar_node::stop_motor(const EmptyRequest [01;35m[Kreq[m[K, EmptyResponse res)
                                                  [01;35m[K^~~[m[K
[01m[K/home/jetson/JetPilot/ros2/src/rplidar/src/rplidar_node.cpp:245:69:[m[K [01;35m[Kwarning: [m[Kunused parameter ‘[01m[Kres[m[K’ [[01;35m[K-Wunused-parameter[m[K]
 void rplidar_node::stop_motor(const EmptyRequest req, EmptyResponse [01;35m[Kres[m[K)
                                                                     [01;35m[K^~~[m[K
[01m[K/home/jetson/JetPilot/ros2/src/rplidar/src/rplidar_node.cpp:[m[K In member function ‘[01m[Kvoid rplidar_ros::rplidar_node::start_motor({anonymous}::EmptyRequest, {anonymous}::EmptyResponse)[m[K’:
[01m[K/home/jetson/JetPilot/ros2/src/rplidar/src/rplidar_node.cpp:256:51:[m[K [01;35m[Kwarning: [m[Kunused parameter ‘[01m[Kreq[m[K’ [[01;35m[K-Wunused-parameter[m[K]
 void rplidar_node::start_motor(const EmptyRequest [01;35m[Kreq[m[K, EmptyResponse res)
                                                   [01;35m[K^~~[m[K
[01m[K/home/jetson/JetPilot/ros2/src/rplidar/src/rplidar_node.cpp:256:70:[m[K [01;35m[Kwarning: [m[Kunused parameter ‘[01m[Kres[m[K’ [[01;35m[K-Wunused-parameter[m[K]
 void rplidar_node::start_motor(const EmptyRequest req, EmptyResponse [01;35m[Kres[m[K)
                                                                      [01;35m[K^~~[m[K
[01m[K/home/jetson/JetPilot/ros2/src/rplidar/src/rplidar_node.cpp:[m[K In member function ‘[01m[Kvoid rplidar_ros::rplidar_node::publish_loop()[m[K’:
[01m[K/home/jetson/JetPilot/ros2/src/rplidar/src/rplidar_node.cpp:343:97:[m[K [01;35m[Kwarning: [m[KISO C++ forbids variable length array ‘[01m[Kangle_compensate_nodes[m[K’ [[01;35m[K-Wvla[m[K]
       rplidar_response_measurement_node_hq_t angle_compensate_nodes[angle_compensate_nodes_count[01;35m[K][m[K;
                                                                                                 [01;35m[K^[m[K
[01m[K/home/jetson/JetPilot/ros2/src/rplidar/src/rplidar_node.cpp:353:25:[m[K [01;35m[Kwarning: [m[Kcomparison between signed and unsigned integer expressions [[01;35m[K-Wsign-compare[m[K]
           for (j = 0; [01;35m[Kj < m_angle_compensate_multiple[m[K; j++) {
                       [01;35m[K~~^~~~~~~~~~~~~~~~~~~~~~~~~~~~~[m[K
[01m[K/home/jetson/JetPilot/ros2/src/rplidar/src/rplidar_node.cpp:374:44:[m[K [01;35m[Kwarning: [m[Kcomparison between signed and unsigned integer expressions [[01;35m[K-Wsign-compare[m[K]
       for (size_t x = start_node, y = 0; [01;35m[Kx < end_node[m[K; ++x, ++y) {
                                          [01;35m[K~~^~~~~~~~~~[m[K
[01m[K/home/jetson/JetPilot/ros2/src/rplidar/src/rplidar_node.cpp:381:11:[m[K [01;35m[Kwarning: [m[Kunused variable ‘[01m[Kangle_min[m[K’ [[01;35m[K-Wunused-variable[m[K]
     float [01;35m[Kangle_min[m[K = deg_2_rad(0.0f);
           [01;35m[K^~~~~~~~~[m[K
[01m[K/home/jetson/JetPilot/ros2/src/rplidar/src/rplidar_node.cpp:382:11:[m[K [01;35m[Kwarning: [m[Kunused variable ‘[01m[Kangle_max[m[K’ [[01;35m[K-Wunused-variable[m[K]
     float [01;35m[Kangle_max[m[K = deg_2_rad(359.0f);
           [01;35m[K^~~~~~~~~[m[K
[ 11%] [32m[1mLinking CXX shared library librplidar_composition_node.so[0m
[ 38%] Built target rplidar_composition_node
[ 50%] Built target rplidarNodeClient
[ 88%] Built target rplidarNode
[ 94%] [32m[1mLinking CXX executable rplidar_composition[0m
[100%] Built target rplidar_composition
[ 38%] Built target rplidar_composition_node
[ 50%] Built target rplidarNodeClient
[ 88%] Built target rplidarNode
[100%] Built target rplidar_composition
[36mInstall the project...[0m
-- Install configuration: ""
-- Up-to-date: /home/jetson/JetPilot/ros2/install/rplidar_ros/lib/rplidar_ros/rplidarNode
-- Up-to-date: /home/jetson/JetPilot/ros2/install/rplidar_ros/lib/rplidar_ros/rplidarNodeClient
-- Installing: /home/jetson/JetPilot/ros2/install/rplidar_ros/lib/rplidar_ros/rplidar_composition
-- Set runtime path of "/home/jetson/JetPilot/ros2/install/rplidar_ros/lib/rplidar_ros/rplidar_composition" to ""
-- Up-to-date: /home/jetson/JetPilot/ros2/install/rplidar_ros/share/rplidar_ros/launch
-- Up-to-date: /home/jetson/JetPilot/ros2/install/rplidar_ros/share/rplidar_ros/launch/rplidar_s1_tcp.launch.py
-- Up-to-date: /home/jetson/JetPilot/ros2/install/rplidar_ros/share/rplidar_ros/launch/test_rplidar_a3.launch.py
-- Up-to-date: /home/jetson/JetPilot/ros2/install/rplidar_ros/share/rplidar_ros/launch/rplidar_a3.launch.py
-- Up-to-date: /home/jetson/JetPilot/ros2/install/rplidar_ros/share/rplidar_ros/launch/view_rplidar_s1_tcp.launch.py
-- Installing: /home/jetson/JetPilot/ros2/install/rplidar_ros/share/rplidar_ros/launch/rplidar.launch.py
-- Up-to-date: /home/jetson/JetPilot/ros2/install/rplidar_ros/share/rplidar_ros/launch/view_rplidar_a3.launch.py
-- Up-to-date: /home/jetson/JetPilot/ros2/install/rplidar_ros/share/rplidar_ros/launch/view_rplidar.launch.py
-- Up-to-date: /home/jetson/JetPilot/ros2/install/rplidar_ros/share/rplidar_ros/launch/rplidar_s1.launch.py
-- Up-to-date: /home/jetson/JetPilot/ros2/install/rplidar_ros/share/rplidar_ros/launch/view_rplidar_s1.launch.py
-- Up-to-date: /home/jetson/JetPilot/ros2/install/rplidar_ros/share/rplidar_ros/launch/test_rplidar.launch.py
-- Up-to-date: /home/jetson/JetPilot/ros2/install/rplidar_ros/share/rplidar_ros/rviz
-- Up-to-date: /home/jetson/JetPilot/ros2/install/rplidar_ros/share/rplidar_ros/rviz/rplidar.rviz
-- Installing: /home/jetson/JetPilot/ros2/install/rplidar_ros/lib/librplidar_composition_node.so
-- Set runtime path of "/home/jetson/JetPilot/ros2/install/rplidar_ros/lib/librplidar_composition_node.so" to ""
-- Up-to-date: /home/jetson/JetPilot/ros2/install/rplidar_ros/include
-- Up-to-date: /home/jetson/JetPilot/ros2/install/rplidar_ros/include/visibility.h
-- Up-to-date: /home/jetson/JetPilot/ros2/install/rplidar_ros/include/rplidar_node.hpp
-- Up-to-date: /home/jetson/JetPilot/ros2/install/rplidar_ros/lib/rplidar_ros/rplidarNode
-- Up-to-date: /home/jetson/JetPilot/ros2/install/rplidar_ros/lib/rplidar_ros/rplidarNodeClient
-- Up-to-date: /home/jetson/JetPilot/ros2/install/rplidar_ros/lib/rplidar_ros/rplidar_composition
-- Up-to-date: /home/jetson/JetPilot/ros2/install/rplidar_ros/share/ament_index/resource_index/package_run_dependencies/rplidar_ros
-- Up-to-date: /home/jetson/JetPilot/ros2/install/rplidar_ros/share/ament_index/resource_index/parent_prefix_path/rplidar_ros
-- Up-to-date: /home/jetson/JetPilot/ros2/install/rplidar_ros/share/rplidar_ros/local_setup.bash
-- Up-to-date: /home/jetson/JetPilot/ros2/install/rplidar_ros/share/rplidar_ros/local_setup.sh
-- Up-to-date: /home/jetson/JetPilot/ros2/install/rplidar_ros/share/rplidar_ros/local_setup.zsh
-- Up-to-date: /home/jetson/JetPilot/ros2/install/rplidar_ros/share/ament_index/resource_index/packages/rplidar_ros
-- Up-to-date: /home/jetson/JetPilot/ros2/install/rplidar_ros/share/rplidar_ros/cmake/ament_cmake_export_dependencies-extras.cmake
-- Up-to-date: /home/jetson/JetPilot/ros2/install/rplidar_ros/share/rplidar_ros/cmake/ament_cmake_export_include_directories-extras.cmake
-- Up-to-date: /home/jetson/JetPilot/ros2/install/rplidar_ros/share/rplidar_ros/cmake/rplidar_rosConfig.cmake
-- Up-to-date: /home/jetson/JetPilot/ros2/install/rplidar_ros/share/rplidar_ros/cmake/rplidar_rosConfig-version.cmake
-- Up-to-date: /home/jetson/JetPilot/ros2/install/rplidar_ros/share/rplidar_ros/package.xml
