[0.417s] Invoking command in '/home/jetson/JetPilot/ros2/build/rplidar_ros': CMAKE_PREFIX_PATH=${CMAKE_PREFIX_PATH}:/home/jetson/JetPilot/ros2/install/joystick:/home/jetson/JetPilot/ros2/install/jet_drive:/home/jetson/JetPilot/ros2/install/imu_bno055:/home/jetson/ros2_dashing/install/ros2bag:/home/jetson/ros2_dashing/install/topic_monitor:/home/jetson/ros2_dashing/install/sros2:/home/jetson/ros2_dashing/install/rqt_topic:/home/jetson/ros2_dashing/install/rqt_top:/home/jetson/ros2_dashing/install/rqt_srv:/home/jetson/ros2_dashing/install/rqt_shell:/home/jetson/ros2_dashing/install/rqt_service_caller:/home/jetson/ros2_dashing/install/rqt_py_console:/home/jetson/ros2_dashing/install/rqt_action:/home/jetson/ros2_dashing/install/rqt:/home/jetson/ros2_dashing/install/rqt_graph:/home/jetson/ros2_dashing/install/rqt_gui_py:/home/jetson/ros2_dashing/install/rqt_gui:/home/jetson/ros2_dashing/install/ros2topic:/home/jetson/ros2_dashing/install/ros2test:/home/jetson/ros2_dashing/install/ros2component:/home/jetson/ros2_dashing/install/ros2param:/home/jetson/ros2_dashing/install/ros2lifecycle:/home/jetson/ros2_dashing/install/ros2service:/home/jetson/ros2_dashing/install/ros2srv:/home/jetson/ros2_dashing/install/ros2run:/home/jetson/ros2_dashing/install/ros2launch:/home/jetson/ros2_dashing/install/ros2pkg:/home/jetson/ros2_dashing/install/ros2node:/home/jetson/ros2_dashing/install/ros2multicast:/home/jetson/ros2_dashing/install/ros2msg:/home/jetson/ros2_dashing/install/ros2action:/home/jetson/ros2_dashing/install/ros2cli:/home/jetson/ros2_dashing/install/quality_of_service_demo_py:/home/jetson/ros2_dashing/install/launch_testing_ros:/home/jetson/ros2_dashing/install/launch_ros:/home/jetson/ros2_dashing/install/examples_rclpy_minimal_subscriber:/home/jetson/ros2_dashing/install/examples_rclpy_minimal_service:/home/jetson/ros2_dashing/install/examples_rclpy_minimal_publisher:/home/jetson/ros2_dashing/install/examples_rclpy_minimal_client:/home/jetson/ros2_dashing/install/examples_rclpy_minimal_action_server:/home/jetson/ros2_dashing/install/examples_rclpy_minimal_action_client:/home/jetson/ros2_dashing/install/examples_rclpy_executors:/home/jetson/ros2_dashing/install/demo_nodes_py:/home/jetson/ros2_dashing/install/ament_uncrustify:/home/jetson/ros2_dashing/install/test_launch_ros:/home/jetson/ros2_dashing/install/rosidl_runtime_py:/home/jetson/ros2_dashing/install/launch_testing:/home/jetson/ros2_dashing/install/launch:/home/jetson/ros2_dashing/install/osrf_pycommon:/home/jetson/ros2_dashing/install/ament_xmllint:/home/jetson/ros2_dashing/install/ament_pyflakes:/home/jetson/ros2_dashing/install/ament_pep8:/home/jetson/ros2_dashing/install/ament_pep257:/home/jetson/ros2_dashing/install/ament_pclint:/home/jetson/ros2_dashing/install/ament_package:/home/jetson/ros2_dashing/install/ament_lint_cmake:/home/jetson/ros2_dashing/install/ament_flake8:/home/jetson/ros2_dashing/install/ament_copyright:/home/jetson/ros2_dashing/install/ament_lint:/home/jetson/ros2_dashing/install/ament_index_python:/home/jetson/ros2_dashing/install/ament_cpplint:/home/jetson/ros2_dashing/install/ament_cppcheck:/home/jetson/ros2_dashing/install/ament_clang_tidy:/home/jetson/ros2_dashing/install/ament_clang_format /usr/bin/cmake --build /home/jetson/JetPilot/ros2/build/rplidar_ros -- -j2 -l2
[1.582s] [35m[1mScanning dependencies of target rplidar_composition_node[0m
[2.472s] [  5%] [32mBuilding CXX object CMakeFiles/rplidar_composition_node.dir/src/rplidar_node.cpp.o[0m
[13.030s] In file included from [01m[K/home/jetson/JetPilot/ros2/src/rplidar/./sdk/include/rplidar.h:39:0[m[K,
[13.033s]                  from [01m[K/home/jetson/JetPilot/ros2/src/rplidar/include/rplidar_node.hpp:41[m[K,
[13.034s]                  from [01m[K/home/jetson/JetPilot/ros2/src/rplidar/src/rplidar_node.cpp:36[m[K:
[13.035s] [01m[K/home/jetson/JetPilot/ros2/src/rplidar/./sdk/include/rplidar_protocol.h:59:15:[m[K [01;35m[Kwarning: [m[KISO C++ forbids zero-size array ‘[01m[Kdata[m[K’ [[01;35m[K-Wpedantic[m[K]
[13.036s]      _u8 data[0[01;35m[K][m[K;
[13.037s]                [01;35m[K^[m[K
[13.037s] In file included from [01m[K/home/jetson/JetPilot/ros2/src/rplidar/./sdk/include/rplidar.h:40:0[m[K,
[13.038s]                  from [01m[K/home/jetson/JetPilot/ros2/src/rplidar/include/rplidar_node.hpp:41[m[K,
[13.051s]                  from [01m[K/home/jetson/JetPilot/ros2/src/rplidar/src/rplidar_node.cpp:36[m[K:
[13.052s] [01m[K/home/jetson/JetPilot/ros2/src/rplidar/./sdk/include/rplidar_cmd.h:260:19:[m[K [01;35m[Kwarning: [m[KISO C++ forbids zero-size array ‘[01m[Kpayload[m[K’ [[01;35m[K-Wpedantic[m[K]
[13.053s]      _u8  payload[0[01;35m[K][m[K;
[13.054s]                    [01;35m[K^[m[K
[13.889s] [01m[K/home/jetson/JetPilot/ros2/src/rplidar/src/rplidar_node.cpp:[m[K In member function ‘[01m[Kvoid rplidar_ros::rplidar_node::stop_motor({anonymous}::EmptyRequest, {anonymous}::EmptyResponse)[m[K’:
[13.890s] [01m[K/home/jetson/JetPilot/ros2/src/rplidar/src/rplidar_node.cpp:245:50:[m[K [01;35m[Kwarning: [m[Kunused parameter ‘[01m[Kreq[m[K’ [[01;35m[K-Wunused-parameter[m[K]
[13.896s]  void rplidar_node::stop_motor(const EmptyRequest [01;35m[Kreq[m[K, EmptyResponse res)
[13.897s]                                                   [01;35m[K^~~[m[K
[13.898s] [01m[K/home/jetson/JetPilot/ros2/src/rplidar/src/rplidar_node.cpp:245:69:[m[K [01;35m[Kwarning: [m[Kunused parameter ‘[01m[Kres[m[K’ [[01;35m[K-Wunused-parameter[m[K]
[13.898s]  void rplidar_node::stop_motor(const EmptyRequest req, EmptyResponse [01;35m[Kres[m[K)
[13.908s]                                                                      [01;35m[K^~~[m[K
[13.909s] [01m[K/home/jetson/JetPilot/ros2/src/rplidar/src/rplidar_node.cpp:[m[K In member function ‘[01m[Kvoid rplidar_ros::rplidar_node::start_motor({anonymous}::EmptyRequest, {anonymous}::EmptyResponse)[m[K’:
[13.909s] [01m[K/home/jetson/JetPilot/ros2/src/rplidar/src/rplidar_node.cpp:256:51:[m[K [01;35m[Kwarning: [m[Kunused parameter ‘[01m[Kreq[m[K’ [[01;35m[K-Wunused-parameter[m[K]
[13.910s]  void rplidar_node::start_motor(const EmptyRequest [01;35m[Kreq[m[K, EmptyResponse res)
[13.921s]                                                    [01;35m[K^~~[m[K
[13.932s] [01m[K/home/jetson/JetPilot/ros2/src/rplidar/src/rplidar_node.cpp:256:70:[m[K [01;35m[Kwarning: [m[Kunused parameter ‘[01m[Kres[m[K’ [[01;35m[K-Wunused-parameter[m[K]
[13.933s]  void rplidar_node::start_motor(const EmptyRequest req, EmptyResponse [01;35m[Kres[m[K)
[13.933s]                                                                       [01;35m[K^~~[m[K
[13.953s] [01m[K/home/jetson/JetPilot/ros2/src/rplidar/src/rplidar_node.cpp:[m[K In member function ‘[01m[Kvoid rplidar_ros::rplidar_node::publish_loop()[m[K’:
[13.955s] [01m[K/home/jetson/JetPilot/ros2/src/rplidar/src/rplidar_node.cpp:343:97:[m[K [01;35m[Kwarning: [m[KISO C++ forbids variable length array ‘[01m[Kangle_compensate_nodes[m[K’ [[01;35m[K-Wvla[m[K]
[13.956s]        rplidar_response_measurement_node_hq_t angle_compensate_nodes[angle_compensate_nodes_count[01;35m[K][m[K;
[13.956s]                                                                                                  [01;35m[K^[m[K
[13.957s] [01m[K/home/jetson/JetPilot/ros2/src/rplidar/src/rplidar_node.cpp:353:25:[m[K [01;35m[Kwarning: [m[Kcomparison between signed and unsigned integer expressions [[01;35m[K-Wsign-compare[m[K]
[13.958s]            for (j = 0; [01;35m[Kj < m_angle_compensate_multiple[m[K; j++) {
[13.960s]                        [01;35m[K~~^~~~~~~~~~~~~~~~~~~~~~~~~~~~~[m[K
[13.970s] [01m[K/home/jetson/JetPilot/ros2/src/rplidar/src/rplidar_node.cpp:374:44:[m[K [01;35m[Kwarning: [m[Kcomparison between signed and unsigned integer expressions [[01;35m[K-Wsign-compare[m[K]
[13.972s]        for (size_t x = start_node, y = 0; [01;35m[Kx < end_node[m[K; ++x, ++y) {
[13.973s]                                           [01;35m[K~~^~~~~~~~~~[m[K
[13.973s] [01m[K/home/jetson/JetPilot/ros2/src/rplidar/src/rplidar_node.cpp:381:11:[m[K [01;35m[Kwarning: [m[Kunused variable ‘[01m[Kangle_min[m[K’ [[01;35m[K-Wunused-variable[m[K]
[13.974s]      float [01;35m[Kangle_min[m[K = deg_2_rad(0.0f);
[13.975s]            [01;35m[K^~~~~~~~~[m[K
[13.976s] [01m[K/home/jetson/JetPilot/ros2/src/rplidar/src/rplidar_node.cpp:382:11:[m[K [01;35m[Kwarning: [m[Kunused variable ‘[01m[Kangle_max[m[K’ [[01;35m[K-Wunused-variable[m[K]
[13.977s]      float [01;35m[Kangle_max[m[K = deg_2_rad(359.0f);
[13.977s]            [01;35m[K^~~~~~~~~[m[K
[29.683s] [ 11%] [32m[1mLinking CXX shared library librplidar_composition_node.so[0m
[32.745s] [ 38%] Built target rplidar_composition_node
[33.208s] [ 50%] Built target rplidarNodeClient
[33.883s] [ 88%] Built target rplidarNode
[34.538s] [ 94%] [32m[1mLinking CXX executable rplidar_composition[0m
[38.217s] [100%] Built target rplidar_composition
[38.498s] Invoked command in '/home/jetson/JetPilot/ros2/build/rplidar_ros' returned '0': CMAKE_PREFIX_PATH=${CMAKE_PREFIX_PATH}:/home/jetson/JetPilot/ros2/install/joystick:/home/jetson/JetPilot/ros2/install/jet_drive:/home/jetson/JetPilot/ros2/install/imu_bno055:/home/jetson/ros2_dashing/install/ros2bag:/home/jetson/ros2_dashing/install/topic_monitor:/home/jetson/ros2_dashing/install/sros2:/home/jetson/ros2_dashing/install/rqt_topic:/home/jetson/ros2_dashing/install/rqt_top:/home/jetson/ros2_dashing/install/rqt_srv:/home/jetson/ros2_dashing/install/rqt_shell:/home/jetson/ros2_dashing/install/rqt_service_caller:/home/jetson/ros2_dashing/install/rqt_py_console:/home/jetson/ros2_dashing/install/rqt_action:/home/jetson/ros2_dashing/install/rqt:/home/jetson/ros2_dashing/install/rqt_graph:/home/jetson/ros2_dashing/install/rqt_gui_py:/home/jetson/ros2_dashing/install/rqt_gui:/home/jetson/ros2_dashing/install/ros2topic:/home/jetson/ros2_dashing/install/ros2test:/home/jetson/ros2_dashing/install/ros2component:/home/jetson/ros2_dashing/install/ros2param:/home/jetson/ros2_dashing/install/ros2lifecycle:/home/jetson/ros2_dashing/install/ros2service:/home/jetson/ros2_dashing/install/ros2srv:/home/jetson/ros2_dashing/install/ros2run:/home/jetson/ros2_dashing/install/ros2launch:/home/jetson/ros2_dashing/install/ros2pkg:/home/jetson/ros2_dashing/install/ros2node:/home/jetson/ros2_dashing/install/ros2multicast:/home/jetson/ros2_dashing/install/ros2msg:/home/jetson/ros2_dashing/install/ros2action:/home/jetson/ros2_dashing/install/ros2cli:/home/jetson/ros2_dashing/install/quality_of_service_demo_py:/home/jetson/ros2_dashing/install/launch_testing_ros:/home/jetson/ros2_dashing/install/launch_ros:/home/jetson/ros2_dashing/install/examples_rclpy_minimal_subscriber:/home/jetson/ros2_dashing/install/examples_rclpy_minimal_service:/home/jetson/ros2_dashing/install/examples_rclpy_minimal_publisher:/home/jetson/ros2_dashing/install/examples_rclpy_minimal_client:/home/jetson/ros2_dashing/install/examples_rclpy_minimal_action_server:/home/jetson/ros2_dashing/install/examples_rclpy_minimal_action_client:/home/jetson/ros2_dashing/install/examples_rclpy_executors:/home/jetson/ros2_dashing/install/demo_nodes_py:/home/jetson/ros2_dashing/install/ament_uncrustify:/home/jetson/ros2_dashing/install/test_launch_ros:/home/jetson/ros2_dashing/install/rosidl_runtime_py:/home/jetson/ros2_dashing/install/launch_testing:/home/jetson/ros2_dashing/install/launch:/home/jetson/ros2_dashing/install/osrf_pycommon:/home/jetson/ros2_dashing/install/ament_xmllint:/home/jetson/ros2_dashing/install/ament_pyflakes:/home/jetson/ros2_dashing/install/ament_pep8:/home/jetson/ros2_dashing/install/ament_pep257:/home/jetson/ros2_dashing/install/ament_pclint:/home/jetson/ros2_dashing/install/ament_package:/home/jetson/ros2_dashing/install/ament_lint_cmake:/home/jetson/ros2_dashing/install/ament_flake8:/home/jetson/ros2_dashing/install/ament_copyright:/home/jetson/ros2_dashing/install/ament_lint:/home/jetson/ros2_dashing/install/ament_index_python:/home/jetson/ros2_dashing/install/ament_cpplint:/home/jetson/ros2_dashing/install/ament_cppcheck:/home/jetson/ros2_dashing/install/ament_clang_tidy:/home/jetson/ros2_dashing/install/ament_clang_format /usr/bin/cmake --build /home/jetson/JetPilot/ros2/build/rplidar_ros -- -j2 -l2
[39.720s] Invoking command in '/home/jetson/JetPilot/ros2/build/rplidar_ros': CMAKE_PREFIX_PATH=${CMAKE_PREFIX_PATH}:/home/jetson/JetPilot/ros2/install/joystick:/home/jetson/JetPilot/ros2/install/jet_drive:/home/jetson/JetPilot/ros2/install/imu_bno055:/home/jetson/ros2_dashing/install/ros2bag:/home/jetson/ros2_dashing/install/topic_monitor:/home/jetson/ros2_dashing/install/sros2:/home/jetson/ros2_dashing/install/rqt_topic:/home/jetson/ros2_dashing/install/rqt_top:/home/jetson/ros2_dashing/install/rqt_srv:/home/jetson/ros2_dashing/install/rqt_shell:/home/jetson/ros2_dashing/install/rqt_service_caller:/home/jetson/ros2_dashing/install/rqt_py_console:/home/jetson/ros2_dashing/install/rqt_action:/home/jetson/ros2_dashing/install/rqt:/home/jetson/ros2_dashing/install/rqt_graph:/home/jetson/ros2_dashing/install/rqt_gui_py:/home/jetson/ros2_dashing/install/rqt_gui:/home/jetson/ros2_dashing/install/ros2topic:/home/jetson/ros2_dashing/install/ros2test:/home/jetson/ros2_dashing/install/ros2component:/home/jetson/ros2_dashing/install/ros2param:/home/jetson/ros2_dashing/install/ros2lifecycle:/home/jetson/ros2_dashing/install/ros2service:/home/jetson/ros2_dashing/install/ros2srv:/home/jetson/ros2_dashing/install/ros2run:/home/jetson/ros2_dashing/install/ros2launch:/home/jetson/ros2_dashing/install/ros2pkg:/home/jetson/ros2_dashing/install/ros2node:/home/jetson/ros2_dashing/install/ros2multicast:/home/jetson/ros2_dashing/install/ros2msg:/home/jetson/ros2_dashing/install/ros2action:/home/jetson/ros2_dashing/install/ros2cli:/home/jetson/ros2_dashing/install/quality_of_service_demo_py:/home/jetson/ros2_dashing/install/launch_testing_ros:/home/jetson/ros2_dashing/install/launch_ros:/home/jetson/ros2_dashing/install/examples_rclpy_minimal_subscriber:/home/jetson/ros2_dashing/install/examples_rclpy_minimal_service:/home/jetson/ros2_dashing/install/examples_rclpy_minimal_publisher:/home/jetson/ros2_dashing/install/examples_rclpy_minimal_client:/home/jetson/ros2_dashing/install/examples_rclpy_minimal_action_server:/home/jetson/ros2_dashing/install/examples_rclpy_minimal_action_client:/home/jetson/ros2_dashing/install/examples_rclpy_executors:/home/jetson/ros2_dashing/install/demo_nodes_py:/home/jetson/ros2_dashing/install/ament_uncrustify:/home/jetson/ros2_dashing/install/test_launch_ros:/home/jetson/ros2_dashing/install/rosidl_runtime_py:/home/jetson/ros2_dashing/install/launch_testing:/home/jetson/ros2_dashing/install/launch:/home/jetson/ros2_dashing/install/osrf_pycommon:/home/jetson/ros2_dashing/install/ament_xmllint:/home/jetson/ros2_dashing/install/ament_pyflakes:/home/jetson/ros2_dashing/install/ament_pep8:/home/jetson/ros2_dashing/install/ament_pep257:/home/jetson/ros2_dashing/install/ament_pclint:/home/jetson/ros2_dashing/install/ament_package:/home/jetson/ros2_dashing/install/ament_lint_cmake:/home/jetson/ros2_dashing/install/ament_flake8:/home/jetson/ros2_dashing/install/ament_copyright:/home/jetson/ros2_dashing/install/ament_lint:/home/jetson/ros2_dashing/install/ament_index_python:/home/jetson/ros2_dashing/install/ament_cpplint:/home/jetson/ros2_dashing/install/ament_cppcheck:/home/jetson/ros2_dashing/install/ament_clang_tidy:/home/jetson/ros2_dashing/install/ament_clang_format /usr/bin/cmake --build /home/jetson/JetPilot/ros2/build/rplidar_ros --target install -- -j2 -l2
[41.095s] [ 38%] Built target rplidar_composition_node
[41.888s] [ 50%] Built target rplidarNodeClient
[42.632s] [ 88%] Built target rplidarNode
[43.376s] [100%] Built target rplidar_composition
[43.812s] [36mInstall the project...[0m
[43.980s] -- Install configuration: ""
[43.990s] -- Up-to-date: /home/jetson/JetPilot/ros2/install/rplidar_ros/lib/rplidar_ros/rplidarNode
[44.005s] -- Up-to-date: /home/jetson/JetPilot/ros2/install/rplidar_ros/lib/rplidar_ros/rplidarNodeClient
[44.012s] -- Installing: /home/jetson/JetPilot/ros2/install/rplidar_ros/lib/rplidar_ros/rplidar_composition
[44.029s] -- Set runtime path of "/home/jetson/JetPilot/ros2/install/rplidar_ros/lib/rplidar_ros/rplidar_composition" to ""
[44.032s] -- Up-to-date: /home/jetson/JetPilot/ros2/install/rplidar_ros/share/rplidar_ros/launch
[44.035s] -- Up-to-date: /home/jetson/JetPilot/ros2/install/rplidar_ros/share/rplidar_ros/launch/rplidar_s1_tcp.launch.py
[44.036s] -- Up-to-date: /home/jetson/JetPilot/ros2/install/rplidar_ros/share/rplidar_ros/launch/test_rplidar_a3.launch.py
[44.037s] -- Up-to-date: /home/jetson/JetPilot/ros2/install/rplidar_ros/share/rplidar_ros/launch/rplidar_a3.launch.py
[44.039s] -- Up-to-date: /home/jetson/JetPilot/ros2/install/rplidar_ros/share/rplidar_ros/launch/view_rplidar_s1_tcp.launch.py
[44.040s] -- Installing: /home/jetson/JetPilot/ros2/install/rplidar_ros/share/rplidar_ros/launch/rplidar.launch.py
[44.045s] -- Up-to-date: /home/jetson/JetPilot/ros2/install/rplidar_ros/share/rplidar_ros/launch/view_rplidar_a3.launch.py
[44.047s] -- Up-to-date: /home/jetson/JetPilot/ros2/install/rplidar_ros/share/rplidar_ros/launch/view_rplidar.launch.py
[44.051s] -- Up-to-date: /home/jetson/JetPilot/ros2/install/rplidar_ros/share/rplidar_ros/launch/rplidar_s1.launch.py
[44.052s] -- Up-to-date: /home/jetson/JetPilot/ros2/install/rplidar_ros/share/rplidar_ros/launch/view_rplidar_s1.launch.py
[44.053s] -- Up-to-date: /home/jetson/JetPilot/ros2/install/rplidar_ros/share/rplidar_ros/launch/test_rplidar.launch.py
[44.054s] -- Up-to-date: /home/jetson/JetPilot/ros2/install/rplidar_ros/share/rplidar_ros/rviz
[44.068s] -- Up-to-date: /home/jetson/JetPilot/ros2/install/rplidar_ros/share/rplidar_ros/rviz/rplidar.rviz
[44.071s] -- Installing: /home/jetson/JetPilot/ros2/install/rplidar_ros/lib/librplidar_composition_node.so
[44.100s] -- Set runtime path of "/home/jetson/JetPilot/ros2/install/rplidar_ros/lib/librplidar_composition_node.so" to ""
[44.103s] -- Up-to-date: /home/jetson/JetPilot/ros2/install/rplidar_ros/include
[44.104s] -- Up-to-date: /home/jetson/JetPilot/ros2/install/rplidar_ros/include/visibility.h
[44.109s] -- Up-to-date: /home/jetson/JetPilot/ros2/install/rplidar_ros/include/rplidar_node.hpp
[44.113s] -- Up-to-date: /home/jetson/JetPilot/ros2/install/rplidar_ros/lib/rplidar_ros/rplidarNode
[44.119s] -- Up-to-date: /home/jetson/JetPilot/ros2/install/rplidar_ros/lib/rplidar_ros/rplidarNodeClient
[44.130s] -- Up-to-date: /home/jetson/JetPilot/ros2/install/rplidar_ros/lib/rplidar_ros/rplidar_composition
[44.135s] -- Up-to-date: /home/jetson/JetPilot/ros2/install/rplidar_ros/share/ament_index/resource_index/package_run_dependencies/rplidar_ros
[44.140s] -- Up-to-date: /home/jetson/JetPilot/ros2/install/rplidar_ros/share/ament_index/resource_index/parent_prefix_path/rplidar_ros
[44.143s] -- Up-to-date: /home/jetson/JetPilot/ros2/install/rplidar_ros/share/rplidar_ros/local_setup.bash
[44.146s] -- Up-to-date: /home/jetson/JetPilot/ros2/install/rplidar_ros/share/rplidar_ros/local_setup.sh
[44.147s] -- Up-to-date: /home/jetson/JetPilot/ros2/install/rplidar_ros/share/rplidar_ros/local_setup.zsh
[44.149s] -- Up-to-date: /home/jetson/JetPilot/ros2/install/rplidar_ros/share/ament_index/resource_index/packages/rplidar_ros
[44.158s] -- Up-to-date: /home/jetson/JetPilot/ros2/install/rplidar_ros/share/rplidar_ros/cmake/ament_cmake_export_dependencies-extras.cmake
[44.162s] -- Up-to-date: /home/jetson/JetPilot/ros2/install/rplidar_ros/share/rplidar_ros/cmake/ament_cmake_export_include_directories-extras.cmake
[44.164s] -- Up-to-date: /home/jetson/JetPilot/ros2/install/rplidar_ros/share/rplidar_ros/cmake/rplidar_rosConfig.cmake
[44.166s] -- Up-to-date: /home/jetson/JetPilot/ros2/install/rplidar_ros/share/rplidar_ros/cmake/rplidar_rosConfig-version.cmake
[44.169s] -- Up-to-date: /home/jetson/JetPilot/ros2/install/rplidar_ros/share/rplidar_ros/package.xml
[50.674s] Invoked command in '/home/jetson/JetPilot/ros2/build/rplidar_ros' returned '0': CMAKE_PREFIX_PATH=${CMAKE_PREFIX_PATH}:/home/jetson/JetPilot/ros2/install/joystick:/home/jetson/JetPilot/ros2/install/jet_drive:/home/jetson/JetPilot/ros2/install/imu_bno055:/home/jetson/ros2_dashing/install/ros2bag:/home/jetson/ros2_dashing/install/topic_monitor:/home/jetson/ros2_dashing/install/sros2:/home/jetson/ros2_dashing/install/rqt_topic:/home/jetson/ros2_dashing/install/rqt_top:/home/jetson/ros2_dashing/install/rqt_srv:/home/jetson/ros2_dashing/install/rqt_shell:/home/jetson/ros2_dashing/install/rqt_service_caller:/home/jetson/ros2_dashing/install/rqt_py_console:/home/jetson/ros2_dashing/install/rqt_action:/home/jetson/ros2_dashing/install/rqt:/home/jetson/ros2_dashing/install/rqt_graph:/home/jetson/ros2_dashing/install/rqt_gui_py:/home/jetson/ros2_dashing/install/rqt_gui:/home/jetson/ros2_dashing/install/ros2topic:/home/jetson/ros2_dashing/install/ros2test:/home/jetson/ros2_dashing/install/ros2component:/home/jetson/ros2_dashing/install/ros2param:/home/jetson/ros2_dashing/install/ros2lifecycle:/home/jetson/ros2_dashing/install/ros2service:/home/jetson/ros2_dashing/install/ros2srv:/home/jetson/ros2_dashing/install/ros2run:/home/jetson/ros2_dashing/install/ros2launch:/home/jetson/ros2_dashing/install/ros2pkg:/home/jetson/ros2_dashing/install/ros2node:/home/jetson/ros2_dashing/install/ros2multicast:/home/jetson/ros2_dashing/install/ros2msg:/home/jetson/ros2_dashing/install/ros2action:/home/jetson/ros2_dashing/install/ros2cli:/home/jetson/ros2_dashing/install/quality_of_service_demo_py:/home/jetson/ros2_dashing/install/launch_testing_ros:/home/jetson/ros2_dashing/install/launch_ros:/home/jetson/ros2_dashing/install/examples_rclpy_minimal_subscriber:/home/jetson/ros2_dashing/install/examples_rclpy_minimal_service:/home/jetson/ros2_dashing/install/examples_rclpy_minimal_publisher:/home/jetson/ros2_dashing/install/examples_rclpy_minimal_client:/home/jetson/ros2_dashing/install/examples_rclpy_minimal_action_server:/home/jetson/ros2_dashing/install/examples_rclpy_minimal_action_client:/home/jetson/ros2_dashing/install/examples_rclpy_executors:/home/jetson/ros2_dashing/install/demo_nodes_py:/home/jetson/ros2_dashing/install/ament_uncrustify:/home/jetson/ros2_dashing/install/test_launch_ros:/home/jetson/ros2_dashing/install/rosidl_runtime_py:/home/jetson/ros2_dashing/install/launch_testing:/home/jetson/ros2_dashing/install/launch:/home/jetson/ros2_dashing/install/osrf_pycommon:/home/jetson/ros2_dashing/install/ament_xmllint:/home/jetson/ros2_dashing/install/ament_pyflakes:/home/jetson/ros2_dashing/install/ament_pep8:/home/jetson/ros2_dashing/install/ament_pep257:/home/jetson/ros2_dashing/install/ament_pclint:/home/jetson/ros2_dashing/install/ament_package:/home/jetson/ros2_dashing/install/ament_lint_cmake:/home/jetson/ros2_dashing/install/ament_flake8:/home/jetson/ros2_dashing/install/ament_copyright:/home/jetson/ros2_dashing/install/ament_lint:/home/jetson/ros2_dashing/install/ament_index_python:/home/jetson/ros2_dashing/install/ament_cpplint:/home/jetson/ros2_dashing/install/ament_cppcheck:/home/jetson/ros2_dashing/install/ament_clang_tidy:/home/jetson/ros2_dashing/install/ament_clang_format /usr/bin/cmake --build /home/jetson/JetPilot/ros2/build/rplidar_ros --target install -- -j2 -l2
