[7.857s] DEBUG:colcon:Command line arguments: ['/usr/bin/colcon', 'build', '--packages-select', 'joystick']
[7.858s] DEBUG:colcon:Parsed command line arguments: Namespace(ament_cmake_args=None, base_paths=['.'], build_base='build', catkin_cmake_args=None, catkin_skip_building_tests=False, cmake_args=None, cmake_clean_cache=False, cmake_clean_first=False, cmake_force_configure=False, cmake_target=None, cmake_target_skip_unavailable=False, continue_on_error=False, event_handlers=None, executor='parallel', ignore_user_meta=False, install_base='install', log_base=None, log_level=None, main=<bound method BuildVerb.main of <colcon_core.verb.build.BuildVerb object at 0x7f786c8c50>>, merge_install=False, metas=['./colcon.meta'], packages_above=None, packages_above_and_dependencies=None, packages_above_depth=None, packages_end=None, packages_ignore=None, packages_ignore_regex=None, packages_select=['joystick'], packages_select_build_failed=False, packages_select_by_dep=None, packages_select_regex=None, packages_select_test_failures=False, packages_skip=None, packages_skip_build_finished=False, packages_skip_by_dep=None, packages_skip_regex=None, packages_skip_test_passed=False, packages_skip_up_to=None, packages_start=None, packages_up_to=None, packages_up_to_regex=None, parallel_workers=2, paths=None, symlink_install=False, test_result_base=None, verb_extension=<colcon_core.verb.build.BuildVerb object at 0x7f786c8c50>, verb_name='build', verb_parser=<colcon_defaults.argument_parser.defaults.DefaultArgumentsDecorator object at 0x7f786c8fd0>)
[8.004s] Level 1:colcon.colcon_core.package_discovery:discover_packages(colcon_meta) check parameters
[8.007s] Level 1:colcon.colcon_core.package_discovery:discover_packages(recursive) check parameters
[8.008s] Level 1:colcon.colcon_core.package_discovery:discover_packages(ignore) check parameters
[8.010s] Level 1:colcon.colcon_core.package_discovery:discover_packages(path) check parameters
[8.011s] Level 1:colcon.colcon_core.package_discovery:discover_packages(colcon_meta) discover
[8.019s] Level 1:colcon.colcon_core.package_discovery:discover_packages(recursive) discover
[8.021s] INFO:colcon.colcon_core.package_discovery:Crawling recursively for packages in '/home/jetson/JetAutonomy/ros'
[8.022s] Level 1:colcon.colcon_core.package_identification:_identify(.) by extensions ['ignore', 'ignore_ament_install']
[8.025s] Level 1:colcon.colcon_core.package_identification:_identify(.) by extension 'ignore'
[8.028s] Level 1:colcon.colcon_core.package_identification:_identify(.) by extension 'ignore_ament_install'
[8.029s] Level 1:colcon.colcon_core.package_identification:_identify(.) by extensions ['colcon_pkg']
[8.031s] Level 1:colcon.colcon_core.package_identification:_identify(.) by extension 'colcon_pkg'
[8.033s] Level 1:colcon.colcon_core.package_identification:_identify(.) by extensions ['colcon_meta']
[8.034s] Level 1:colcon.colcon_core.package_identification:_identify(.) by extension 'colcon_meta'
[8.036s] Level 1:colcon.colcon_core.package_identification:_identify(.) by extensions ['ros']
[8.036s] Level 1:colcon.colcon_core.package_identification:_identify(.) by extension 'ros'
[8.206s] Level 1:colcon.colcon_core.package_identification:_identify(.) by extensions ['cmake', 'python']
[8.208s] Level 1:colcon.colcon_core.package_identification:_identify(.) by extension 'cmake'
[8.209s] Level 1:colcon.colcon_core.package_identification:_identify(.) by extension 'python'
[8.211s] Level 1:colcon.colcon_core.package_identification:_identify(.) by extensions ['python_setup_py']
[8.213s] Level 1:colcon.colcon_core.package_identification:_identify(.) by extension 'python_setup_py'
[8.216s] Level 1:colcon.colcon_core.package_identification:_identify(build) by extensions ['ignore', 'ignore_ament_install']
[8.218s] Level 1:colcon.colcon_core.package_identification:_identify(build) by extension 'ignore'
[8.220s] Level 1:colcon.colcon_core.package_identification:_identify(build) ignored
[8.225s] Level 1:colcon.colcon_core.package_identification:_identify(install) by extensions ['ignore', 'ignore_ament_install']
[8.227s] Level 1:colcon.colcon_core.package_identification:_identify(install) by extension 'ignore'
[8.229s] Level 1:colcon.colcon_core.package_identification:_identify(install) ignored
[8.232s] Level 1:colcon.colcon_core.package_identification:_identify(log) by extensions ['ignore', 'ignore_ament_install']
[8.234s] Level 1:colcon.colcon_core.package_identification:_identify(log) by extension 'ignore'
[8.237s] Level 1:colcon.colcon_core.package_identification:_identify(log) ignored
[8.239s] Level 1:colcon.colcon_core.package_identification:_identify(src) by extensions ['ignore', 'ignore_ament_install']
[8.241s] Level 1:colcon.colcon_core.package_identification:_identify(src) by extension 'ignore'
[8.244s] Level 1:colcon.colcon_core.package_identification:_identify(src) by extension 'ignore_ament_install'
[8.246s] Level 1:colcon.colcon_core.package_identification:_identify(src) by extensions ['colcon_pkg']
[8.248s] Level 1:colcon.colcon_core.package_identification:_identify(src) by extension 'colcon_pkg'
[8.250s] Level 1:colcon.colcon_core.package_identification:_identify(src) by extensions ['colcon_meta']
[8.252s] Level 1:colcon.colcon_core.package_identification:_identify(src) by extension 'colcon_meta'
[8.254s] Level 1:colcon.colcon_core.package_identification:_identify(src) by extensions ['ros']
[8.256s] Level 1:colcon.colcon_core.package_identification:_identify(src) by extension 'ros'
[8.260s] Level 1:colcon.colcon_core.package_identification:_identify(src) by extensions ['cmake', 'python']
[8.261s] Level 1:colcon.colcon_core.package_identification:_identify(src) by extension 'cmake'
[8.261s] Level 1:colcon.colcon_core.package_identification:_identify(src) by extension 'python'
[8.262s] Level 1:colcon.colcon_core.package_identification:_identify(src) by extensions ['python_setup_py']
[8.262s] Level 1:colcon.colcon_core.package_identification:_identify(src) by extension 'python_setup_py'
[8.263s] Level 1:colcon.colcon_core.package_identification:_identify(src/front_cam) by extensions ['ignore', 'ignore_ament_install']
[8.264s] Level 1:colcon.colcon_core.package_identification:_identify(src/front_cam) by extension 'ignore'
[8.264s] Level 1:colcon.colcon_core.package_identification:_identify(src/front_cam) by extension 'ignore_ament_install'
[8.265s] Level 1:colcon.colcon_core.package_identification:_identify(src/front_cam) by extensions ['colcon_pkg']
[8.265s] Level 1:colcon.colcon_core.package_identification:_identify(src/front_cam) by extension 'colcon_pkg'
[8.266s] Level 1:colcon.colcon_core.package_identification:_identify(src/front_cam) by extensions ['colcon_meta']
[8.266s] Level 1:colcon.colcon_core.package_identification:_identify(src/front_cam) by extension 'colcon_meta'
[8.267s] Level 1:colcon.colcon_core.package_identification:_identify(src/front_cam) by extensions ['ros']
[8.274s] Level 1:colcon.colcon_core.package_identification:_identify(src/front_cam) by extension 'ros'
[8.296s] DEBUG:colcon.colcon_core.package_identification:Package 'src/front_cam' with type 'ros.ament_cmake' and name 'front_cam'
[8.298s] Level 1:colcon.colcon_core.package_identification:_identify(src/jet_autonomy_msgs) by extensions ['ignore', 'ignore_ament_install']
[8.301s] Level 1:colcon.colcon_core.package_identification:_identify(src/jet_autonomy_msgs) by extension 'ignore'
[8.303s] Level 1:colcon.colcon_core.package_identification:_identify(src/jet_autonomy_msgs) by extension 'ignore_ament_install'
[8.305s] Level 1:colcon.colcon_core.package_identification:_identify(src/jet_autonomy_msgs) by extensions ['colcon_pkg']
[8.307s] Level 1:colcon.colcon_core.package_identification:_identify(src/jet_autonomy_msgs) by extension 'colcon_pkg'
[8.309s] Level 1:colcon.colcon_core.package_identification:_identify(src/jet_autonomy_msgs) by extensions ['colcon_meta']
[8.311s] Level 1:colcon.colcon_core.package_identification:_identify(src/jet_autonomy_msgs) by extension 'colcon_meta'
[8.313s] Level 1:colcon.colcon_core.package_identification:_identify(src/jet_autonomy_msgs) by extensions ['ros']
[8.315s] Level 1:colcon.colcon_core.package_identification:_identify(src/jet_autonomy_msgs) by extension 'ros'
[8.322s] DEBUG:colcon.colcon_core.package_identification:Package 'src/jet_autonomy_msgs' with type 'ros.ament_cmake' and name 'jet_autonomy_msgs'
[8.325s] Level 1:colcon.colcon_core.package_identification:_identify(src/jet_drive) by extensions ['ignore', 'ignore_ament_install']
[8.327s] Level 1:colcon.colcon_core.package_identification:_identify(src/jet_drive) by extension 'ignore'
[8.330s] Level 1:colcon.colcon_core.package_identification:_identify(src/jet_drive) by extension 'ignore_ament_install'
[8.332s] Level 1:colcon.colcon_core.package_identification:_identify(src/jet_drive) by extensions ['colcon_pkg']
[8.334s] Level 1:colcon.colcon_core.package_identification:_identify(src/jet_drive) by extension 'colcon_pkg'
[8.336s] Level 1:colcon.colcon_core.package_identification:_identify(src/jet_drive) by extensions ['colcon_meta']
[8.338s] Level 1:colcon.colcon_core.package_identification:_identify(src/jet_drive) by extension 'colcon_meta'
[8.340s] Level 1:colcon.colcon_core.package_identification:_identify(src/jet_drive) by extensions ['ros']
[8.342s] Level 1:colcon.colcon_core.package_identification:_identify(src/jet_drive) by extension 'ros'
[8.350s] DEBUG:colcon.colcon_core.package_identification:Package 'src/jet_drive' with type 'ros.catkin' and name 'jet_drive'
[8.353s] Level 1:colcon.colcon_core.package_identification:_identify(src/joystick) by extensions ['ignore', 'ignore_ament_install']
[8.355s] Level 1:colcon.colcon_core.package_identification:_identify(src/joystick) by extension 'ignore'
[8.357s] Level 1:colcon.colcon_core.package_identification:_identify(src/joystick) by extension 'ignore_ament_install'
[8.360s] Level 1:colcon.colcon_core.package_identification:_identify(src/joystick) by extensions ['colcon_pkg']
[8.361s] Level 1:colcon.colcon_core.package_identification:_identify(src/joystick) by extension 'colcon_pkg'
[8.363s] Level 1:colcon.colcon_core.package_identification:_identify(src/joystick) by extensions ['colcon_meta']
[8.365s] Level 1:colcon.colcon_core.package_identification:_identify(src/joystick) by extension 'colcon_meta'
[8.367s] Level 1:colcon.colcon_core.package_identification:_identify(src/joystick) by extensions ['ros']
[8.370s] Level 1:colcon.colcon_core.package_identification:_identify(src/joystick) by extension 'ros'
[8.378s] DEBUG:colcon.colcon_core.package_identification:Package 'src/joystick' with type 'ros.ament_python' and name 'joystick'
[8.378s] Level 1:colcon.colcon_core.package_discovery:discover_packages(recursive) using defaults
[8.385s] Level 1:colcon.colcon_core.package_discovery:discover_packages(ignore) discover
[8.387s] Level 1:colcon.colcon_core.package_discovery:discover_packages(ignore) using defaults
[8.388s] Level 1:colcon.colcon_core.package_discovery:discover_packages(path) discover
[8.391s] Level 1:colcon.colcon_core.package_discovery:discover_packages(path) using defaults
[8.722s] INFO:colcon.colcon_core.package_selection:Skipping not selected package 'front_cam' in 'src/front_cam'
[8.724s] INFO:colcon.colcon_core.package_selection:Skipping not selected package 'jet_autonomy_msgs' in 'src/jet_autonomy_msgs'
[8.726s] INFO:colcon.colcon_core.package_selection:Skipping not selected package 'jet_drive' in 'src/jet_drive'
[8.783s] Level 5:colcon.colcon_core.verb:set package 'joystick' build argument 'cmake_args' from command line to 'None'
[8.786s] Level 5:colcon.colcon_core.verb:set package 'joystick' build argument 'cmake_target' from command line to 'None'
[8.789s] Level 5:colcon.colcon_core.verb:set package 'joystick' build argument 'cmake_target_skip_unavailable' from command line to 'False'
[8.791s] Level 5:colcon.colcon_core.verb:set package 'joystick' build argument 'cmake_clean_cache' from command line to 'False'
[8.793s] Level 5:colcon.colcon_core.verb:set package 'joystick' build argument 'cmake_clean_first' from command line to 'False'
[8.795s] Level 5:colcon.colcon_core.verb:set package 'joystick' build argument 'cmake_force_configure' from command line to 'False'
[8.797s] Level 5:colcon.colcon_core.verb:set package 'joystick' build argument 'ament_cmake_args' from command line to 'None'
[8.798s] Level 5:colcon.colcon_core.verb:set package 'joystick' build argument 'catkin_cmake_args' from command line to 'None'
[8.800s] Level 5:colcon.colcon_core.verb:set package 'joystick' build argument 'catkin_skip_building_tests' from command line to 'False'
[8.800s] DEBUG:colcon.colcon_core.verb:Building package 'joystick' with the following arguments: {'ament_cmake_args': None, 'build_base': '/home/jetson/JetAutonomy/ros/build/joystick', 'catkin_cmake_args': None, 'catkin_skip_building_tests': False, 'cmake_args': None, 'cmake_clean_cache': False, 'cmake_clean_first': False, 'cmake_force_configure': False, 'cmake_target': None, 'cmake_target_skip_unavailable': False, 'install_base': '/home/jetson/JetAutonomy/ros/install/joystick', 'merge_install': False, 'path': '/home/jetson/JetAutonomy/ros/src/joystick', 'symlink_install': False, 'test_result_base': None}
[8.808s] INFO:colcon.colcon_core.executor:Executing jobs using 'parallel' executor
[8.836s] DEBUG:colcon.colcon_parallel_executor.executor.parallel:run_until_complete
[8.838s] INFO:colcon.colcon_ros.task.ament_python.build:Building ROS package in '/home/jetson/JetAutonomy/ros/src/joystick' with build type 'ament_python'
[8.839s] Level 1:colcon.colcon_core.shell:create_environment_hook('joystick', 'ament_prefix_path')
[8.915s] INFO:colcon.colcon_core.plugin_system:Skipping extension 'colcon_core.shell.bat': Not used on non-Windows systems
[8.917s] INFO:colcon.colcon_core.shell:Creating environment hook '/home/jetson/JetAutonomy/ros/install/joystick/share/joystick/hook/ament_prefix_path.ps1'
[8.924s] INFO:colcon.colcon_core.shell:Creating environment descriptor '/home/jetson/JetAutonomy/ros/install/joystick/share/joystick/hook/ament_prefix_path.dsv'
[8.928s] INFO:colcon.colcon_core.shell:Creating environment hook '/home/jetson/JetAutonomy/ros/install/joystick/share/joystick/hook/ament_prefix_path.sh'
[8.952s] INFO:colcon.colcon_core.shell:Skip shell extension 'powershell' for command environment: Not usable outside of PowerShell
[8.953s] DEBUG:colcon.colcon_core.shell:Skip shell extension 'dsv' for command environment
[18.782s] INFO:colcon.colcon_core.task.python.build:Building Python package in '/home/jetson/JetAutonomy/ros/src/joystick'
[18.797s] INFO:colcon.colcon_core.shell:Skip shell extension 'powershell' for command environment: Not usable outside of PowerShell
[18.800s] DEBUG:colcon.colcon_core.shell:Skip shell extension 'dsv' for command environment
[19.361s] DEBUG:colcon.colcon_core.event_handler.log_command:Invoking command in '/home/jetson/JetAutonomy/ros/src/joystick': AMENT_PREFIX_PATH=/home/jetson/JetAutonomy/ros/install/jet_autonomy_msgs:${AMENT_PREFIX_PATH} CMAKE_PREFIX_PATH=/home/jetson/JetAutonomy/ros/install/jet_autonomy_msgs:${CMAKE_PREFIX_PATH} LD_LIBRARY_PATH=/home/jetson/JetAutonomy/ros/install/jet_autonomy_msgs/lib:${LD_LIBRARY_PATH} PYTHONPATH=/home/jetson/JetAutonomy/ros/install/joystick/lib/python3.6/site-packages:/home/jetson/JetAutonomy/ros/install/jet_autonomy_msgs/lib/python3.6/site-packages:${PYTHONPATH} /usr/bin/python3 setup.py egg_info --egg-base ../../build/joystick build --build-base /home/jetson/JetAutonomy/ros/build/joystick/build install --prefix /home/jetson/JetAutonomy/ros/install/joystick --record /home/jetson/JetAutonomy/ros/build/joystick/install.log --single-version-externally-managed
[28.934s] DEBUG:colcon.colcon_core.event_handler.log_command:Invoked command in '/home/jetson/JetAutonomy/ros/src/joystick' returned '1': AMENT_PREFIX_PATH=/home/jetson/JetAutonomy/ros/install/jet_autonomy_msgs:${AMENT_PREFIX_PATH} CMAKE_PREFIX_PATH=/home/jetson/JetAutonomy/ros/install/jet_autonomy_msgs:${CMAKE_PREFIX_PATH} LD_LIBRARY_PATH=/home/jetson/JetAutonomy/ros/install/jet_autonomy_msgs/lib:${LD_LIBRARY_PATH} PYTHONPATH=/home/jetson/JetAutonomy/ros/install/joystick/lib/python3.6/site-packages:/home/jetson/JetAutonomy/ros/install/jet_autonomy_msgs/lib/python3.6/site-packages:${PYTHONPATH} /usr/bin/python3 setup.py egg_info --egg-base ../../build/joystick build --build-base /home/jetson/JetAutonomy/ros/build/joystick/build install --prefix /home/jetson/JetAutonomy/ros/install/joystick --record /home/jetson/JetAutonomy/ros/build/joystick/install.log --single-version-externally-managed
[28.942s] DEBUG:colcon.colcon_parallel_executor.executor.parallel:closing loop
[28.947s] DEBUG:colcon.colcon_parallel_executor.executor.parallel:loop closed
[28.948s] DEBUG:colcon.colcon_parallel_executor.executor.parallel:run_until_complete finished with '1'
[28.948s] DEBUG:colcon.colcon_core.event_reactor:joining thread
[29.106s] INFO:colcon.colcon_core.plugin_system:Skipping extension 'colcon_notification.desktop_notification.terminal_notifier': Not used on non-Darwin systems
[29.109s] INFO:colcon.colcon_core.plugin_system:Skipping extension 'colcon_notification.desktop_notification.win32': Not used on non-Windows systems
[29.112s] INFO:colcon.colcon_notification.desktop_notification:Sending desktop notification using 'notify2'
[29.123s] DEBUG:colcon.colcon_notification.desktop_notification.notify2:Failed to initialize notify2: org.freedesktop.DBus.Error.ServiceUnknown: The name org.freedesktop.Notifications was not provided by any .service files
[29.126s] DEBUG:colcon.colcon_core.event_reactor:joined thread
[29.137s] INFO:colcon.colcon_core.shell:Creating prefix script '/home/jetson/JetAutonomy/ros/install/local_setup.ps1'
[29.157s] INFO:colcon.colcon_core.shell:Creating prefix util module '/home/jetson/JetAutonomy/ros/install/_local_setup_util_ps1.py'
[29.193s] INFO:colcon.colcon_core.shell:Creating prefix chain script '/home/jetson/JetAutonomy/ros/install/setup.ps1'
[29.357s] INFO:colcon.colcon_core.shell:Creating prefix script '/home/jetson/JetAutonomy/ros/install/local_setup.sh'
[29.362s] INFO:colcon.colcon_core.shell:Creating prefix util module '/home/jetson/JetAutonomy/ros/install/_local_setup_util_sh.py'
[29.376s] INFO:colcon.colcon_core.shell:Creating prefix chain script '/home/jetson/JetAutonomy/ros/install/setup.sh'
[29.534s] INFO:colcon.colcon_core.shell:Creating prefix script '/home/jetson/JetAutonomy/ros/install/local_setup.bash'
[29.538s] INFO:colcon.colcon_core.shell:Creating prefix chain script '/home/jetson/JetAutonomy/ros/install/setup.bash'
[29.689s] INFO:colcon.colcon_core.shell:Creating prefix script '/home/jetson/JetAutonomy/ros/install/local_setup.zsh'
[29.693s] INFO:colcon.colcon_core.shell:Creating prefix chain script '/home/jetson/JetAutonomy/ros/install/setup.zsh'
