running egg_info
writing ../../build/imu_bno055/imu_bno055.egg-info/PKG-INFO
writing dependency_links to ../../build/imu_bno055/imu_bno055.egg-info/dependency_links.txt
writing entry points to ../../build/imu_bno055/imu_bno055.egg-info/entry_points.txt
writing requirements to ../../build/imu_bno055/imu_bno055.egg-info/requires.txt
writing top-level names to ../../build/imu_bno055/imu_bno055.egg-info/top_level.txt
reading manifest file '../../build/imu_bno055/imu_bno055.egg-info/SOURCES.txt'
writing manifest file '../../build/imu_bno055/imu_bno055.egg-info/SOURCES.txt'
running build
running build_py
running install
running install_lib
running install_data
copying resource/imu_bno055 -> /home/jetson/JetPilot/ros2/install/imu_bno055/share/ament_index/resource_index/packages
copying package.xml -> /home/jetson/JetPilot/ros2/install/imu_bno055/share/imu_bno055
copying launch/imu_bno055_node.launch.py -> /home/jetson/JetPilot/ros2/install/imu_bno055/share/imu_bno055
running install_egg_info
Copying ../../build/imu_bno055/imu_bno055.egg-info to /home/jetson/JetPilot/ros2/install/imu_bno055/lib/python3.6/site-packages/imu_bno055-0.0.0-py3.6.egg-info
running install_scripts
Installing imu_bno055_node script to /home/jetson/JetPilot/ros2/install/imu_bno055/lib/imu_bno055
writing list of installed files to '/home/jetson/JetPilot/ros2/build/imu_bno055/install.log'
