[6.225s] DEBUG:colcon:Command line arguments: ['/usr/bin/colcon', 'build', '--packages-select', 'joystick_node']
[6.225s] DEBUG:colcon:Parsed command line arguments: Namespace(ament_cmake_args=None, base_paths=['.'], build_base='build', catkin_cmake_args=None, catkin_skip_building_tests=False, cmake_args=None, cmake_clean_cache=False, cmake_clean_first=False, cmake_force_configure=False, cmake_target=None, cmake_target_skip_unavailable=False, continue_on_error=False, event_handlers=None, executor='parallel', ignore_user_meta=False, install_base='install', log_base=None, log_level=None, main=<bound method BuildVerb.main of <colcon_core.verb.build.BuildVerb object at 0x7faf9ddc50>>, merge_install=False, metas=['./colcon.meta'], packages_above=None, packages_above_and_dependencies=None, packages_above_depth=None, packages_end=None, packages_ignore=None, packages_ignore_regex=None, packages_select=['joystick_node'], packages_select_build_failed=False, packages_select_by_dep=None, packages_select_regex=None, packages_select_test_failures=False, packages_skip=None, packages_skip_build_finished=False, packages_skip_by_dep=None, packages_skip_regex=None, packages_skip_test_passed=False, packages_skip_up_to=None, packages_start=None, packages_up_to=None, packages_up_to_regex=None, parallel_workers=2, paths=None, symlink_install=False, test_result_base=None, verb_extension=<colcon_core.verb.build.BuildVerb object at 0x7faf9ddc50>, verb_name='build', verb_parser=<colcon_defaults.argument_parser.defaults.DefaultArgumentsDecorator object at 0x7faf9ddfd0>)
[6.492s] Level 1:colcon.colcon_core.package_discovery:discover_packages(colcon_meta) check parameters
[6.496s] Level 1:colcon.colcon_core.package_discovery:discover_packages(recursive) check parameters
[6.497s] Level 1:colcon.colcon_core.package_discovery:discover_packages(ignore) check parameters
[6.497s] Level 1:colcon.colcon_core.package_discovery:discover_packages(path) check parameters
[6.497s] Level 1:colcon.colcon_core.package_discovery:discover_packages(colcon_meta) discover
[6.512s] Level 1:colcon.colcon_core.package_discovery:discover_packages(recursive) discover
[6.514s] INFO:colcon.colcon_core.package_discovery:Crawling recursively for packages in '/home/jetson/JetAutonomy/ros'
[6.520s] Level 1:colcon.colcon_core.package_identification:_identify(.) by extensions ['ignore', 'ignore_ament_install']
[6.523s] Level 1:colcon.colcon_core.package_identification:_identify(.) by extension 'ignore'
[6.525s] Level 1:colcon.colcon_core.package_identification:_identify(.) by extension 'ignore_ament_install'
[6.529s] Level 1:colcon.colcon_core.package_identification:_identify(.) by extensions ['colcon_pkg']
[6.532s] Level 1:colcon.colcon_core.package_identification:_identify(.) by extension 'colcon_pkg'
[6.535s] Level 1:colcon.colcon_core.package_identification:_identify(.) by extensions ['colcon_meta']
[6.537s] Level 1:colcon.colcon_core.package_identification:_identify(.) by extension 'colcon_meta'
[6.539s] Level 1:colcon.colcon_core.package_identification:_identify(.) by extensions ['ros']
[6.541s] Level 1:colcon.colcon_core.package_identification:_identify(.) by extension 'ros'
[6.794s] Level 1:colcon.colcon_core.package_identification:_identify(.) by extensions ['cmake', 'python']
[6.795s] Level 1:colcon.colcon_core.package_identification:_identify(.) by extension 'cmake'
[6.795s] Level 1:colcon.colcon_core.package_identification:_identify(.) by extension 'python'
[6.804s] Level 1:colcon.colcon_core.package_identification:_identify(.) by extensions ['python_setup_py']
[6.804s] Level 1:colcon.colcon_core.package_identification:_identify(.) by extension 'python_setup_py'
[6.805s] Level 1:colcon.colcon_core.package_identification:_identify(build) by extensions ['ignore', 'ignore_ament_install']
[6.806s] Level 1:colcon.colcon_core.package_identification:_identify(build) by extension 'ignore'
[6.807s] Level 1:colcon.colcon_core.package_identification:_identify(build) ignored
[6.810s] Level 1:colcon.colcon_core.package_identification:_identify(install) by extensions ['ignore', 'ignore_ament_install']
[6.811s] Level 1:colcon.colcon_core.package_identification:_identify(install) by extension 'ignore'
[6.819s] Level 1:colcon.colcon_core.package_identification:_identify(install) ignored
[6.821s] Level 1:colcon.colcon_core.package_identification:_identify(log) by extensions ['ignore', 'ignore_ament_install']
[6.822s] Level 1:colcon.colcon_core.package_identification:_identify(log) by extension 'ignore'
[6.822s] Level 1:colcon.colcon_core.package_identification:_identify(log) ignored
[6.823s] Level 1:colcon.colcon_core.package_identification:_identify(src) by extensions ['ignore', 'ignore_ament_install']
[6.824s] Level 1:colcon.colcon_core.package_identification:_identify(src) by extension 'ignore'
[6.825s] Level 1:colcon.colcon_core.package_identification:_identify(src) by extension 'ignore_ament_install'
[6.825s] Level 1:colcon.colcon_core.package_identification:_identify(src) by extensions ['colcon_pkg']
[6.826s] Level 1:colcon.colcon_core.package_identification:_identify(src) by extension 'colcon_pkg'
[6.826s] Level 1:colcon.colcon_core.package_identification:_identify(src) by extensions ['colcon_meta']
[6.826s] Level 1:colcon.colcon_core.package_identification:_identify(src) by extension 'colcon_meta'
[6.827s] Level 1:colcon.colcon_core.package_identification:_identify(src) by extensions ['ros']
[6.835s] Level 1:colcon.colcon_core.package_identification:_identify(src) by extension 'ros'
[6.836s] Level 1:colcon.colcon_core.package_identification:_identify(src) by extensions ['cmake', 'python']
[6.837s] Level 1:colcon.colcon_core.package_identification:_identify(src) by extension 'cmake'
[6.837s] Level 1:colcon.colcon_core.package_identification:_identify(src) by extension 'python'
[6.838s] Level 1:colcon.colcon_core.package_identification:_identify(src) by extensions ['python_setup_py']
[6.838s] Level 1:colcon.colcon_core.package_identification:_identify(src) by extension 'python_setup_py'
[6.839s] Level 1:colcon.colcon_core.package_identification:_identify(src/front_cam) by extensions ['ignore', 'ignore_ament_install']
[6.848s] Level 1:colcon.colcon_core.package_identification:_identify(src/front_cam) by extension 'ignore'
[6.849s] Level 1:colcon.colcon_core.package_identification:_identify(src/front_cam) by extension 'ignore_ament_install'
[6.850s] Level 1:colcon.colcon_core.package_identification:_identify(src/front_cam) by extensions ['colcon_pkg']
[6.850s] Level 1:colcon.colcon_core.package_identification:_identify(src/front_cam) by extension 'colcon_pkg'
[6.851s] Level 1:colcon.colcon_core.package_identification:_identify(src/front_cam) by extensions ['colcon_meta']
[6.851s] Level 1:colcon.colcon_core.package_identification:_identify(src/front_cam) by extension 'colcon_meta'
[6.852s] Level 1:colcon.colcon_core.package_identification:_identify(src/front_cam) by extensions ['ros']
[6.852s] Level 1:colcon.colcon_core.package_identification:_identify(src/front_cam) by extension 'ros'
[6.898s] DEBUG:colcon.colcon_core.package_identification:Package 'src/front_cam' with type 'ros.ament_cmake' and name 'front_cam'
[6.899s] Level 1:colcon.colcon_core.package_identification:_identify(src/jet_autonomy_msgs) by extensions ['ignore', 'ignore_ament_install']
[6.906s] Level 1:colcon.colcon_core.package_identification:_identify(src/jet_autonomy_msgs) by extension 'ignore'
[6.906s] Level 1:colcon.colcon_core.package_identification:_identify(src/jet_autonomy_msgs) by extension 'ignore_ament_install'
[6.907s] Level 1:colcon.colcon_core.package_identification:_identify(src/jet_autonomy_msgs) by extensions ['colcon_pkg']
[6.916s] Level 1:colcon.colcon_core.package_identification:_identify(src/jet_autonomy_msgs) by extension 'colcon_pkg'
[6.918s] Level 1:colcon.colcon_core.package_identification:_identify(src/jet_autonomy_msgs) by extensions ['colcon_meta']
[6.919s] Level 1:colcon.colcon_core.package_identification:_identify(src/jet_autonomy_msgs) by extension 'colcon_meta'
[6.920s] Level 1:colcon.colcon_core.package_identification:_identify(src/jet_autonomy_msgs) by extensions ['ros']
[6.920s] Level 1:colcon.colcon_core.package_identification:_identify(src/jet_autonomy_msgs) by extension 'ros'
[6.925s] DEBUG:colcon.colcon_core.package_identification:Package 'src/jet_autonomy_msgs' with type 'ros.ament_cmake' and name 'jet_autonomy_msgs'
[6.926s] Level 1:colcon.colcon_core.package_identification:_identify(src/jet_drive) by extensions ['ignore', 'ignore_ament_install']
[6.927s] Level 1:colcon.colcon_core.package_identification:_identify(src/jet_drive) by extension 'ignore'
[6.939s] Level 1:colcon.colcon_core.package_identification:_identify(src/jet_drive) by extension 'ignore_ament_install'
[6.939s] Level 1:colcon.colcon_core.package_identification:_identify(src/jet_drive) by extensions ['colcon_pkg']
[6.940s] Level 1:colcon.colcon_core.package_identification:_identify(src/jet_drive) by extension 'colcon_pkg'
[6.940s] Level 1:colcon.colcon_core.package_identification:_identify(src/jet_drive) by extensions ['colcon_meta']
[6.941s] Level 1:colcon.colcon_core.package_identification:_identify(src/jet_drive) by extension 'colcon_meta'
[6.941s] Level 1:colcon.colcon_core.package_identification:_identify(src/jet_drive) by extensions ['ros']
[6.942s] Level 1:colcon.colcon_core.package_identification:_identify(src/jet_drive) by extension 'ros'
[6.957s] DEBUG:colcon.colcon_core.package_identification:Package 'src/jet_drive' with type 'ros.catkin' and name 'jet_drive'
[6.959s] Level 1:colcon.colcon_core.package_identification:_identify(src/joystick) by extensions ['ignore', 'ignore_ament_install']
[6.959s] Level 1:colcon.colcon_core.package_identification:_identify(src/joystick) by extension 'ignore'
[6.960s] Level 1:colcon.colcon_core.package_identification:_identify(src/joystick) by extension 'ignore_ament_install'
[6.961s] Level 1:colcon.colcon_core.package_identification:_identify(src/joystick) by extensions ['colcon_pkg']
[6.961s] Level 1:colcon.colcon_core.package_identification:_identify(src/joystick) by extension 'colcon_pkg'
[6.961s] Level 1:colcon.colcon_core.package_identification:_identify(src/joystick) by extensions ['colcon_meta']
[6.962s] Level 1:colcon.colcon_core.package_identification:_identify(src/joystick) by extension 'colcon_meta'
[6.962s] Level 1:colcon.colcon_core.package_identification:_identify(src/joystick) by extensions ['ros']
[6.963s] Level 1:colcon.colcon_core.package_identification:_identify(src/joystick) by extension 'ros'
[6.977s] DEBUG:colcon.colcon_core.package_identification:Package 'src/joystick' with type 'ros.ament_python' and name 'joystick_node'
[6.978s] Level 1:colcon.colcon_core.package_discovery:discover_packages(recursive) using defaults
[6.988s] Level 1:colcon.colcon_core.package_discovery:discover_packages(ignore) discover
[6.988s] Level 1:colcon.colcon_core.package_discovery:discover_packages(ignore) using defaults
[6.989s] Level 1:colcon.colcon_core.package_discovery:discover_packages(path) discover
[6.989s] Level 1:colcon.colcon_core.package_discovery:discover_packages(path) using defaults
[7.733s] INFO:colcon.colcon_core.package_selection:Skipping not selected package 'front_cam' in 'src/front_cam'
[7.744s] INFO:colcon.colcon_core.package_selection:Skipping not selected package 'jet_autonomy_msgs' in 'src/jet_autonomy_msgs'
[7.755s] INFO:colcon.colcon_core.package_selection:Skipping not selected package 'jet_drive' in 'src/jet_drive'
[7.846s] Level 5:colcon.colcon_core.verb:set package 'joystick_node' build argument 'cmake_args' from command line to 'None'
[7.847s] Level 5:colcon.colcon_core.verb:set package 'joystick_node' build argument 'cmake_target' from command line to 'None'
[7.860s] Level 5:colcon.colcon_core.verb:set package 'joystick_node' build argument 'cmake_target_skip_unavailable' from command line to 'False'
[7.861s] Level 5:colcon.colcon_core.verb:set package 'joystick_node' build argument 'cmake_clean_cache' from command line to 'False'
[7.861s] Level 5:colcon.colcon_core.verb:set package 'joystick_node' build argument 'cmake_clean_first' from command line to 'False'
[7.861s] Level 5:colcon.colcon_core.verb:set package 'joystick_node' build argument 'cmake_force_configure' from command line to 'False'
[7.862s] Level 5:colcon.colcon_core.verb:set package 'joystick_node' build argument 'ament_cmake_args' from command line to 'None'
[7.862s] Level 5:colcon.colcon_core.verb:set package 'joystick_node' build argument 'catkin_cmake_args' from command line to 'None'
[7.862s] Level 5:colcon.colcon_core.verb:set package 'joystick_node' build argument 'catkin_skip_building_tests' from command line to 'False'
[7.863s] DEBUG:colcon.colcon_core.verb:Building package 'joystick_node' with the following arguments: {'ament_cmake_args': None, 'build_base': '/home/jetson/JetAutonomy/ros/build/joystick_node', 'catkin_cmake_args': None, 'catkin_skip_building_tests': False, 'cmake_args': None, 'cmake_clean_cache': False, 'cmake_clean_first': False, 'cmake_force_configure': False, 'cmake_target': None, 'cmake_target_skip_unavailable': False, 'install_base': '/home/jetson/JetAutonomy/ros/install/joystick_node', 'merge_install': False, 'path': '/home/jetson/JetAutonomy/ros/src/joystick', 'symlink_install': False, 'test_result_base': None}
[7.876s] INFO:colcon.colcon_core.executor:Executing jobs using 'parallel' executor
[7.938s] DEBUG:colcon.colcon_parallel_executor.executor.parallel:run_until_complete
[7.939s] INFO:colcon.colcon_ros.task.ament_python.build:Building ROS package in '/home/jetson/JetAutonomy/ros/src/joystick' with build type 'ament_python'
[7.940s] Level 1:colcon.colcon_core.shell:create_environment_hook('joystick_node', 'ament_prefix_path')
[8.090s] INFO:colcon.colcon_core.plugin_system:Skipping extension 'colcon_core.shell.bat': Not used on non-Windows systems
[8.092s] INFO:colcon.colcon_core.shell:Creating environment hook '/home/jetson/JetAutonomy/ros/install/joystick_node/share/joystick_node/hook/ament_prefix_path.ps1'
[8.098s] INFO:colcon.colcon_core.shell:Creating environment descriptor '/home/jetson/JetAutonomy/ros/install/joystick_node/share/joystick_node/hook/ament_prefix_path.dsv'
[8.125s] INFO:colcon.colcon_core.shell:Creating environment hook '/home/jetson/JetAutonomy/ros/install/joystick_node/share/joystick_node/hook/ament_prefix_path.sh'
[8.154s] INFO:colcon.colcon_core.shell:Skip shell extension 'powershell' for command environment: Not usable outside of PowerShell
[8.155s] DEBUG:colcon.colcon_core.shell:Skip shell extension 'dsv' for command environment
[17.283s] INFO:colcon.colcon_core.task.python.build:Building Python package in '/home/jetson/JetAutonomy/ros/src/joystick'
[17.301s] INFO:colcon.colcon_core.shell:Skip shell extension 'powershell' for command environment: Not usable outside of PowerShell
[17.303s] DEBUG:colcon.colcon_core.shell:Skip shell extension 'dsv' for command environment
[17.756s] DEBUG:colcon.colcon_core.event_handler.log_command:Invoking command in '/home/jetson/JetAutonomy/ros/src/joystick': AMENT_PREFIX_PATH=/home/jetson/JetAutonomy/ros/install/jet_autonomy_msgs:${AMENT_PREFIX_PATH} CMAKE_PREFIX_PATH=/home/jetson/JetAutonomy/ros/install/jet_autonomy_msgs:${CMAKE_PREFIX_PATH} LD_LIBRARY_PATH=/home/jetson/JetAutonomy/ros/install/jet_autonomy_msgs/lib:${LD_LIBRARY_PATH} PYTHONPATH=/home/jetson/JetAutonomy/ros/install/joystick_node/lib/python3.6/site-packages:/home/jetson/JetAutonomy/ros/install/jet_autonomy_msgs/lib/python3.6/site-packages:${PYTHONPATH} /usr/bin/python3 setup.py egg_info --egg-base ../../build/joystick_node build --build-base /home/jetson/JetAutonomy/ros/build/joystick_node/build install --prefix /home/jetson/JetAutonomy/ros/install/joystick_node --record /home/jetson/JetAutonomy/ros/build/joystick_node/install.log --single-version-externally-managed
[27.536s] DEBUG:colcon.colcon_core.event_handler.log_command:Invoked command in '/home/jetson/JetAutonomy/ros/src/joystick' returned '1': AMENT_PREFIX_PATH=/home/jetson/JetAutonomy/ros/install/jet_autonomy_msgs:${AMENT_PREFIX_PATH} CMAKE_PREFIX_PATH=/home/jetson/JetAutonomy/ros/install/jet_autonomy_msgs:${CMAKE_PREFIX_PATH} LD_LIBRARY_PATH=/home/jetson/JetAutonomy/ros/install/jet_autonomy_msgs/lib:${LD_LIBRARY_PATH} PYTHONPATH=/home/jetson/JetAutonomy/ros/install/joystick_node/lib/python3.6/site-packages:/home/jetson/JetAutonomy/ros/install/jet_autonomy_msgs/lib/python3.6/site-packages:${PYTHONPATH} /usr/bin/python3 setup.py egg_info --egg-base ../../build/joystick_node build --build-base /home/jetson/JetAutonomy/ros/build/joystick_node/build install --prefix /home/jetson/JetAutonomy/ros/install/joystick_node --record /home/jetson/JetAutonomy/ros/build/joystick_node/install.log --single-version-externally-managed
[27.545s] DEBUG:colcon.colcon_parallel_executor.executor.parallel:closing loop
[27.551s] DEBUG:colcon.colcon_parallel_executor.executor.parallel:loop closed
[27.553s] DEBUG:colcon.colcon_parallel_executor.executor.parallel:run_until_complete finished with '1'
[27.553s] DEBUG:colcon.colcon_core.event_reactor:joining thread
[27.699s] INFO:colcon.colcon_core.plugin_system:Skipping extension 'colcon_notification.desktop_notification.terminal_notifier': Not used on non-Darwin systems
[27.702s] INFO:colcon.colcon_core.plugin_system:Skipping extension 'colcon_notification.desktop_notification.win32': Not used on non-Windows systems
[27.715s] INFO:colcon.colcon_notification.desktop_notification:Sending desktop notification using 'notify2'
[27.726s] DEBUG:colcon.colcon_notification.desktop_notification.notify2:Failed to initialize notify2: org.freedesktop.DBus.Error.ServiceUnknown: The name org.freedesktop.Notifications was not provided by any .service files
[27.728s] DEBUG:colcon.colcon_core.event_reactor:joined thread
[27.739s] INFO:colcon.colcon_core.shell:Creating prefix script '/home/jetson/JetAutonomy/ros/install/local_setup.ps1'
[27.761s] INFO:colcon.colcon_core.shell:Creating prefix util module '/home/jetson/JetAutonomy/ros/install/_local_setup_util_ps1.py'
[27.796s] INFO:colcon.colcon_core.shell:Creating prefix chain script '/home/jetson/JetAutonomy/ros/install/setup.ps1'
[27.959s] INFO:colcon.colcon_core.shell:Creating prefix script '/home/jetson/JetAutonomy/ros/install/local_setup.sh'
[27.965s] INFO:colcon.colcon_core.shell:Creating prefix util module '/home/jetson/JetAutonomy/ros/install/_local_setup_util_sh.py'
[27.977s] INFO:colcon.colcon_core.shell:Creating prefix chain script '/home/jetson/JetAutonomy/ros/install/setup.sh'
[28.135s] INFO:colcon.colcon_core.shell:Creating prefix script '/home/jetson/JetAutonomy/ros/install/local_setup.bash'
[28.139s] INFO:colcon.colcon_core.shell:Creating prefix chain script '/home/jetson/JetAutonomy/ros/install/setup.bash'
[28.303s] INFO:colcon.colcon_core.shell:Creating prefix script '/home/jetson/JetAutonomy/ros/install/local_setup.zsh'
[28.314s] INFO:colcon.colcon_core.shell:Creating prefix chain script '/home/jetson/JetAutonomy/ros/install/setup.zsh'
