[8.607s] Invoking command in '/home/jetson/JetAutonomy/ros/src/joystick': PYTHONPATH=/home/jetson/JetAutonomy/ros/install/joystick/lib/python3.6/site-packages:${PYTHONPATH} /usr/bin/python3 setup.py egg_info --egg-base ../../build/joystick build --build-base /home/jetson/JetAutonomy/ros/build/joystick/build install --prefix /home/jetson/JetAutonomy/ros/install/joystick --record /home/jetson/JetAutonomy/ros/build/joystick/install.log --single-version-externally-managed
[16.275s] running egg_info
[16.280s] writing ../../build/joystick/joystick.egg-info/PKG-INFO
[16.282s] writing dependency_links to ../../build/joystick/joystick.egg-info/dependency_links.txt
[16.284s] writing entry points to ../../build/joystick/joystick.egg-info/entry_points.txt
[16.285s] writing requirements to ../../build/joystick/joystick.egg-info/requires.txt
[16.286s] writing top-level names to ../../build/joystick/joystick.egg-info/top_level.txt
[16.700s] reading manifest file '../../build/joystick/joystick.egg-info/SOURCES.txt'
[16.714s] writing manifest file '../../build/joystick/joystick.egg-info/SOURCES.txt'
[16.715s] running build
[16.715s] running build_py
[16.722s] running install
[16.722s] running install_lib
[16.752s] running install_data
[16.757s] running install_egg_info
[16.794s] removing '/home/jetson/JetAutonomy/ros/install/joystick/lib/python3.6/site-packages/joystick-0.0.0-py3.6.egg-info' (and everything under it)
[16.797s] Copying ../../build/joystick/joystick.egg-info to /home/jetson/JetAutonomy/ros/install/joystick/lib/python3.6/site-packages/joystick-0.0.0-py3.6.egg-info
[16.807s] running install_scripts
[17.056s] Installing joystick_node script to /home/jetson/JetAutonomy/ros/install/joystick/lib/joystick
[17.060s] writing list of installed files to '/home/jetson/JetAutonomy/ros/build/joystick/install.log'
[17.208s] Invoked command in '/home/jetson/JetAutonomy/ros/src/joystick' returned '0': PYTHONPATH=/home/jetson/JetAutonomy/ros/install/joystick/lib/python3.6/site-packages:${PYTHONPATH} /usr/bin/python3 setup.py egg_info --egg-base ../../build/joystick build --build-base /home/jetson/JetAutonomy/ros/build/joystick/build install --prefix /home/jetson/JetAutonomy/ros/install/joystick --record /home/jetson/JetAutonomy/ros/build/joystick/install.log --single-version-externally-managed
