running egg_info
creating ../../build/joystick_node/joystick_node.egg-info
writing ../../build/joystick_node/joystick_node.egg-info/PKG-INFO
writing dependency_links to ../../build/joystick_node/joystick_node.egg-info/dependency_links.txt
writing entry points to ../../build/joystick_node/joystick_node.egg-info/entry_points.txt
writing requirements to ../../build/joystick_node/joystick_node.egg-info/requires.txt
writing top-level names to ../../build/joystick_node/joystick_node.egg-info/top_level.txt
writing manifest file '../../build/joystick_node/joystick_node.egg-info/SOURCES.txt'
file joystick_node_node.py (for module joystick_node_node) not found
reading manifest file '../../build/joystick_node/joystick_node.egg-info/SOURCES.txt'
writing manifest file '../../build/joystick_node/joystick_node.egg-info/SOURCES.txt'
running build
running build_py
file joystick_node_node.py (for module joystick_node_node) not found
creating /home/jetson/JetAutonomy/ros/build/joystick_node/build
creating /home/jetson/JetAutonomy/ros/build/joystick_node/build/lib
creating /home/jetson/JetAutonomy/ros/build/joystick_node/build/lib/joystick_node
copying joystick_node/gamepad.py -> /home/jetson/JetAutonomy/ros/build/joystick_node/build/lib/joystick_node
copying joystick_node/joystick_node.py -> /home/jetson/JetAutonomy/ros/build/joystick_node/build/lib/joystick_node
copying joystick_node/__init__.py -> /home/jetson/JetAutonomy/ros/build/joystick_node/build/lib/joystick_node
file joystick_node_node.py (for module joystick_node_node) not found
running install
running install_lib
creating /home/jetson/JetAutonomy/ros/install/joystick_node/lib/python3.6/site-packages/joystick_node
copying /home/jetson/JetAutonomy/ros/build/joystick_node/build/lib/joystick_node/gamepad.py -> /home/jetson/JetAutonomy/ros/install/joystick_node/lib/python3.6/site-packages/joystick_node
copying /home/jetson/JetAutonomy/ros/build/joystick_node/build/lib/joystick_node/joystick_node.py -> /home/jetson/JetAutonomy/ros/install/joystick_node/lib/python3.6/site-packages/joystick_node
copying /home/jetson/JetAutonomy/ros/build/joystick_node/build/lib/joystick_node/__init__.py -> /home/jetson/JetAutonomy/ros/install/joystick_node/lib/python3.6/site-packages/joystick_node
byte-compiling /home/jetson/JetAutonomy/ros/install/joystick_node/lib/python3.6/site-packages/joystick_node/gamepad.py to gamepad.cpython-36.pyc
byte-compiling /home/jetson/JetAutonomy/ros/install/joystick_node/lib/python3.6/site-packages/joystick_node/joystick_node.py to joystick_node.cpython-36.pyc
byte-compiling /home/jetson/JetAutonomy/ros/install/joystick_node/lib/python3.6/site-packages/joystick_node/__init__.py to __init__.cpython-36.pyc
running install_data
creating /home/jetson/JetAutonomy/ros/install/joystick_node/share/ament_index
creating /home/jetson/JetAutonomy/ros/install/joystick_node/share/ament_index/resource_index
creating /home/jetson/JetAutonomy/ros/install/joystick_node/share/ament_index/resource_index/packages
error: can't copy 'resources/joystick_node': doesn't exist or not a regular file
