-- The C compiler identification is GNU 7.3.0
-- The CXX compiler identification is GNU 7.3.0
-- Check for working C compiler: /usr/bin/cc
-- Check for working C compiler: /usr/bin/cc -- works
-- Detecting C compiler ABI info
-- Detecting C compiler ABI info - done
-- Detecting C compile features
-- Detecting C compile features - done
-- Check for working CXX compiler: /usr/bin/c++
-- Check for working CXX compiler: /usr/bin/c++ -- works
-- Detecting CXX compiler ABI info
-- Detecting CXX compiler ABI info - done
-- Detecting CXX compile features
-- Detecting CXX compile features - done
-- Found ament_cmake: 0.7.6 (/home/jetson/ros2_dashing/install/ament_cmake/share/ament_cmake/cmake)
-- Found PythonInterp: /usr/bin/python3 (found suitable version "3.6.8", minimum required is "3") 
-- Using PYTHON_EXECUTABLE: /usr/bin/python3
-- Found rclcpp: 0.7.15 (/home/jetson/ros2_dashing/install/rclcpp/share/rclcpp/cmake)
-- Found rosidl_adapter: 0.7.10 (/home/jetson/ros2_dashing/install/rosidl_adapter/share/rosidl_adapter/cmake)
-- Found rmw_implementation_cmake: 0.7.2 (/home/jetson/ros2_dashing/install/rmw_implementation_cmake/share/rmw_implementation_cmake/cmake)
-- Using RMW implementation 'rmw_fastrtps_cpp' as default
-- Looking for pthread.h
-- Looking for pthread.h - found
-- Looking for pthread_create
-- Looking for pthread_create - not found
-- Looking for pthread_create in pthreads
-- Looking for pthread_create in pthreads - not found
-- Looking for pthread_create in pthread
-- Looking for pthread_create in pthread - found
-- Found Threads: TRUE  
-- Found rclcpp_components: 0.7.15 (/home/jetson/ros2_dashing/install/rclcpp_components/share/rclcpp_components/cmake)
-- Found poco_vendor:  (/home/jetson/ros2_dashing/install/poco_vendor/share/poco_vendor/cmake)
-- Found sensor_msgs: 0.7.0 (/home/jetson/ros2_dashing/install/sensor_msgs/share/sensor_msgs/cmake)
-- Found OpenCV: /usr (found version "3.3.1") 
-- Found ament_lint_auto: 0.7.12 (/home/jetson/ros2_dashing/install/ament_lint_auto/share/ament_lint_auto/cmake)
-- Configuring done
-- Generating done
-- Build files have been written to: /home/jetson/JetPilot/ros2/build/front_cam
[35m[1mScanning dependencies of target front_cam_node[0m
[ 50%] [32mBuilding CXX object CMakeFiles/front_cam_node.dir/src/front_cam_node.cpp.o[0m
[100%] [32m[1mLinking CXX executable front_cam_node[0m
[100%] Built target front_cam_node
[100%] Built target front_cam_node
[36mInstall the project...[0m
-- Install configuration: ""
-- Installing: /home/jetson/JetPilot/ros2/install/front_cam/lib/front_cam/front_cam_node
-- Set runtime path of "/home/jetson/JetPilot/ros2/install/front_cam/lib/front_cam/front_cam_node" to ""
-- Installing: /home/jetson/JetPilot/ros2/install/front_cam/share/front_cam//launch
-- Installing: /home/jetson/JetPilot/ros2/install/front_cam/share/front_cam//launch/front_cam_node.launch.py
-- Installing: /home/jetson/JetPilot/ros2/install/front_cam/share/ament_index/resource_index/package_run_dependencies/front_cam
-- Installing: /home/jetson/JetPilot/ros2/install/front_cam/share/ament_index/resource_index/parent_prefix_path/front_cam
-- Installing: /home/jetson/JetPilot/ros2/install/front_cam/share/front_cam/environment/ament_prefix_path.sh
-- Installing: /home/jetson/JetPilot/ros2/install/front_cam/share/front_cam/environment/path.sh
-- Installing: /home/jetson/JetPilot/ros2/install/front_cam/share/front_cam/local_setup.bash
-- Installing: /home/jetson/JetPilot/ros2/install/front_cam/share/front_cam/local_setup.sh
-- Installing: /home/jetson/JetPilot/ros2/install/front_cam/share/front_cam/local_setup.zsh
-- Installing: /home/jetson/JetPilot/ros2/install/front_cam/share/ament_index/resource_index/packages/front_cam
-- Installing: /home/jetson/JetPilot/ros2/install/front_cam/share/front_cam/cmake/front_camConfig.cmake
-- Installing: /home/jetson/JetPilot/ros2/install/front_cam/share/front_cam/cmake/front_camConfig-version.cmake
-- Installing: /home/jetson/JetPilot/ros2/install/front_cam/share/front_cam/package.xml
