[5.892s] DEBUG:colcon:Command line arguments: ['/usr/bin/colcon', 'build', '--packages-select', 'front_cam']
[5.893s] DEBUG:colcon:Parsed command line arguments: Namespace(ament_cmake_args=None, base_paths=['.'], build_base='build', catkin_cmake_args=None, catkin_skip_building_tests=False, cmake_args=None, cmake_clean_cache=False, cmake_clean_first=False, cmake_force_configure=False, cmake_target=None, cmake_target_skip_unavailable=False, continue_on_error=False, event_handlers=None, executor='parallel', ignore_user_meta=False, install_base='install', log_base=None, log_level=None, main=<bound method BuildVerb.main of <colcon_core.verb.build.BuildVerb object at 0x7fab493f60>>, merge_install=False, metas=['./colcon.meta'], packages_above=None, packages_above_and_dependencies=None, packages_above_depth=None, packages_end=None, packages_ignore=None, packages_ignore_regex=None, packages_select=['front_cam'], packages_select_build_failed=False, packages_select_by_dep=None, packages_select_regex=None, packages_select_test_failures=False, packages_skip=None, packages_skip_build_finished=False, packages_skip_by_dep=None, packages_skip_regex=None, packages_skip_test_passed=False, packages_skip_up_to=None, packages_start=None, packages_up_to=None, packages_up_to_regex=None, parallel_workers=2, paths=None, symlink_install=False, test_result_base=None, verb_extension=<colcon_core.verb.build.BuildVerb object at 0x7fab493f60>, verb_name='build', verb_parser=<colcon_defaults.argument_parser.defaults.DefaultArgumentsDecorator object at 0x7fab3db2e8>)
[6.134s] Level 1:colcon.colcon_core.package_discovery:discover_packages(colcon_meta) check parameters
[6.137s] Level 1:colcon.colcon_core.package_discovery:discover_packages(recursive) check parameters
[6.139s] Level 1:colcon.colcon_core.package_discovery:discover_packages(ignore) check parameters
[6.140s] Level 1:colcon.colcon_core.package_discovery:discover_packages(path) check parameters
[6.145s] Level 1:colcon.colcon_core.package_discovery:discover_packages(colcon_meta) discover
[6.149s] Level 1:colcon.colcon_core.package_discovery:discover_packages(recursive) discover
[6.150s] INFO:colcon.colcon_core.package_discovery:Crawling recursively for packages in '/home/jetson/JetAutonomy/ros2'
[6.150s] Level 1:colcon.colcon_core.package_identification:_identify(.) by extensions ['ignore', 'ignore_ament_install']
[6.151s] Level 1:colcon.colcon_core.package_identification:_identify(.) by extension 'ignore'
[6.152s] Level 1:colcon.colcon_core.package_identification:_identify(.) by extension 'ignore_ament_install'
[6.152s] Level 1:colcon.colcon_core.package_identification:_identify(.) by extensions ['colcon_pkg']
[6.153s] Level 1:colcon.colcon_core.package_identification:_identify(.) by extension 'colcon_pkg'
[6.153s] Level 1:colcon.colcon_core.package_identification:_identify(.) by extensions ['colcon_meta']
[6.153s] Level 1:colcon.colcon_core.package_identification:_identify(.) by extension 'colcon_meta'
[6.154s] Level 1:colcon.colcon_core.package_identification:_identify(.) by extensions ['ros']
[6.154s] Level 1:colcon.colcon_core.package_identification:_identify(.) by extension 'ros'
[6.330s] Level 1:colcon.colcon_core.package_identification:_identify(.) by extensions ['cmake', 'python']
[6.333s] Level 1:colcon.colcon_core.package_identification:_identify(.) by extension 'cmake'
[6.336s] Level 1:colcon.colcon_core.package_identification:_identify(.) by extension 'python'
[6.338s] Level 1:colcon.colcon_core.package_identification:_identify(.) by extensions ['python_setup_py']
[6.340s] Level 1:colcon.colcon_core.package_identification:_identify(.) by extension 'python_setup_py'
[6.342s] Level 1:colcon.colcon_core.package_identification:_identify(build) by extensions ['ignore', 'ignore_ament_install']
[6.343s] Level 1:colcon.colcon_core.package_identification:_identify(build) by extension 'ignore'
[6.343s] Level 1:colcon.colcon_core.package_identification:_identify(build) ignored
[6.356s] Level 1:colcon.colcon_core.package_identification:_identify(install) by extensions ['ignore', 'ignore_ament_install']
[6.357s] Level 1:colcon.colcon_core.package_identification:_identify(install) by extension 'ignore'
[6.357s] Level 1:colcon.colcon_core.package_identification:_identify(install) ignored
[6.363s] Level 1:colcon.colcon_core.package_identification:_identify(log) by extensions ['ignore', 'ignore_ament_install']
[6.364s] Level 1:colcon.colcon_core.package_identification:_identify(log) by extension 'ignore'
[6.364s] Level 1:colcon.colcon_core.package_identification:_identify(log) ignored
[6.365s] Level 1:colcon.colcon_core.package_identification:_identify(src) by extensions ['ignore', 'ignore_ament_install']
[6.366s] Level 1:colcon.colcon_core.package_identification:_identify(src) by extension 'ignore'
[6.370s] Level 1:colcon.colcon_core.package_identification:_identify(src) by extension 'ignore_ament_install'
[6.371s] Level 1:colcon.colcon_core.package_identification:_identify(src) by extensions ['colcon_pkg']
[6.371s] Level 1:colcon.colcon_core.package_identification:_identify(src) by extension 'colcon_pkg'
[6.372s] Level 1:colcon.colcon_core.package_identification:_identify(src) by extensions ['colcon_meta']
[6.372s] Level 1:colcon.colcon_core.package_identification:_identify(src) by extension 'colcon_meta'
[6.373s] Level 1:colcon.colcon_core.package_identification:_identify(src) by extensions ['ros']
[6.373s] Level 1:colcon.colcon_core.package_identification:_identify(src) by extension 'ros'
[6.374s] Level 1:colcon.colcon_core.package_identification:_identify(src) by extensions ['cmake', 'python']
[6.374s] Level 1:colcon.colcon_core.package_identification:_identify(src) by extension 'cmake'
[6.375s] Level 1:colcon.colcon_core.package_identification:_identify(src) by extension 'python'
[6.375s] Level 1:colcon.colcon_core.package_identification:_identify(src) by extensions ['python_setup_py']
[6.376s] Level 1:colcon.colcon_core.package_identification:_identify(src) by extension 'python_setup_py'
[6.377s] Level 1:colcon.colcon_core.package_identification:_identify(src/front_cam) by extensions ['ignore', 'ignore_ament_install']
[6.377s] Level 1:colcon.colcon_core.package_identification:_identify(src/front_cam) by extension 'ignore'
[6.378s] Level 1:colcon.colcon_core.package_identification:_identify(src/front_cam) by extension 'ignore_ament_install'
[6.382s] Level 1:colcon.colcon_core.package_identification:_identify(src/front_cam) by extensions ['colcon_pkg']
[6.383s] Level 1:colcon.colcon_core.package_identification:_identify(src/front_cam) by extension 'colcon_pkg'
[6.384s] Level 1:colcon.colcon_core.package_identification:_identify(src/front_cam) by extensions ['colcon_meta']
[6.386s] Level 1:colcon.colcon_core.package_identification:_identify(src/front_cam) by extension 'colcon_meta'
[6.387s] Level 1:colcon.colcon_core.package_identification:_identify(src/front_cam) by extensions ['ros']
[6.391s] Level 1:colcon.colcon_core.package_identification:_identify(src/front_cam) by extension 'ros'
[6.431s] DEBUG:colcon.colcon_core.package_identification:Package 'src/front_cam' with type 'ros.ament_cmake' and name 'front_cam'
[6.432s] Level 1:colcon.colcon_core.package_identification:_identify(src/jet_autonomy_msgs) by extensions ['ignore', 'ignore_ament_install']
[6.433s] Level 1:colcon.colcon_core.package_identification:_identify(src/jet_autonomy_msgs) by extension 'ignore'
[6.434s] Level 1:colcon.colcon_core.package_identification:_identify(src/jet_autonomy_msgs) by extension 'ignore_ament_install'
[6.434s] Level 1:colcon.colcon_core.package_identification:_identify(src/jet_autonomy_msgs) by extensions ['colcon_pkg']
[6.435s] Level 1:colcon.colcon_core.package_identification:_identify(src/jet_autonomy_msgs) by extension 'colcon_pkg'
[6.435s] Level 1:colcon.colcon_core.package_identification:_identify(src/jet_autonomy_msgs) by extensions ['colcon_meta']
[6.436s] Level 1:colcon.colcon_core.package_identification:_identify(src/jet_autonomy_msgs) by extension 'colcon_meta'
[6.436s] Level 1:colcon.colcon_core.package_identification:_identify(src/jet_autonomy_msgs) by extensions ['ros']
[6.437s] Level 1:colcon.colcon_core.package_identification:_identify(src/jet_autonomy_msgs) by extension 'ros'
[6.448s] DEBUG:colcon.colcon_core.package_identification:Package 'src/jet_autonomy_msgs' with type 'ros.ament_cmake' and name 'jet_autonomy_msgs'
[6.449s] Level 1:colcon.colcon_core.package_identification:_identify(src/jet_drive) by extensions ['ignore', 'ignore_ament_install']
[6.465s] Level 1:colcon.colcon_core.package_identification:_identify(src/jet_drive) by extension 'ignore'
[6.465s] Level 1:colcon.colcon_core.package_identification:_identify(src/jet_drive) by extension 'ignore_ament_install'
[6.466s] Level 1:colcon.colcon_core.package_identification:_identify(src/jet_drive) by extensions ['colcon_pkg']
[6.466s] Level 1:colcon.colcon_core.package_identification:_identify(src/jet_drive) by extension 'colcon_pkg'
[6.467s] Level 1:colcon.colcon_core.package_identification:_identify(src/jet_drive) by extensions ['colcon_meta']
[6.467s] Level 1:colcon.colcon_core.package_identification:_identify(src/jet_drive) by extension 'colcon_meta'
[6.468s] Level 1:colcon.colcon_core.package_identification:_identify(src/jet_drive) by extensions ['ros']
[6.468s] Level 1:colcon.colcon_core.package_identification:_identify(src/jet_drive) by extension 'ros'
[6.476s] DEBUG:colcon.colcon_core.package_identification:Package 'src/jet_drive' with type 'ros.catkin' and name 'jet_drive'
[6.477s] Level 1:colcon.colcon_core.package_identification:_identify(src/joystick) by extensions ['ignore', 'ignore_ament_install']
[6.477s] Level 1:colcon.colcon_core.package_identification:_identify(src/joystick) by extension 'ignore'
[6.478s] Level 1:colcon.colcon_core.package_identification:_identify(src/joystick) by extension 'ignore_ament_install'
[6.479s] Level 1:colcon.colcon_core.package_identification:_identify(src/joystick) by extensions ['colcon_pkg']
[6.479s] Level 1:colcon.colcon_core.package_identification:_identify(src/joystick) by extension 'colcon_pkg'
[6.480s] Level 1:colcon.colcon_core.package_identification:_identify(src/joystick) by extensions ['colcon_meta']
[6.480s] Level 1:colcon.colcon_core.package_identification:_identify(src/joystick) by extension 'colcon_meta'
[6.483s] Level 1:colcon.colcon_core.package_identification:_identify(src/joystick) by extensions ['ros']
[6.484s] Level 1:colcon.colcon_core.package_identification:_identify(src/joystick) by extension 'ros'
[6.490s] DEBUG:colcon.colcon_core.package_identification:Package 'src/joystick' with type 'ros.ament_python' and name 'joystick'
[6.491s] Level 1:colcon.colcon_core.package_identification:_identify(src/rplidar) by extensions ['ignore', 'ignore_ament_install']
[6.493s] Level 1:colcon.colcon_core.package_identification:_identify(src/rplidar) by extension 'ignore'
[6.493s] Level 1:colcon.colcon_core.package_identification:_identify(src/rplidar) by extension 'ignore_ament_install'
[6.494s] Level 1:colcon.colcon_core.package_identification:_identify(src/rplidar) by extensions ['colcon_pkg']
[6.494s] Level 1:colcon.colcon_core.package_identification:_identify(src/rplidar) by extension 'colcon_pkg'
[6.494s] Level 1:colcon.colcon_core.package_identification:_identify(src/rplidar) by extensions ['colcon_meta']
[6.495s] Level 1:colcon.colcon_core.package_identification:_identify(src/rplidar) by extension 'colcon_meta'
[6.495s] Level 1:colcon.colcon_core.package_identification:_identify(src/rplidar) by extensions ['ros']
[6.504s] Level 1:colcon.colcon_core.package_identification:_identify(src/rplidar) by extension 'ros'
[6.509s] DEBUG:colcon.colcon_core.package_identification:Package 'src/rplidar' with type 'ros.ament_cmake' and name 'rplidar_ros'
[6.519s] Level 1:colcon.colcon_core.package_discovery:discover_packages(recursive) using defaults
[6.521s] Level 1:colcon.colcon_core.package_discovery:discover_packages(ignore) discover
[6.521s] Level 1:colcon.colcon_core.package_discovery:discover_packages(ignore) using defaults
[6.521s] Level 1:colcon.colcon_core.package_discovery:discover_packages(path) discover
[6.522s] Level 1:colcon.colcon_core.package_discovery:discover_packages(path) using defaults
[6.989s] INFO:colcon.colcon_core.package_selection:Skipping not selected package 'jet_autonomy_msgs' in 'src/jet_autonomy_msgs'
[6.990s] INFO:colcon.colcon_core.package_selection:Skipping not selected package 'rplidar_ros' in 'src/rplidar'
[6.990s] INFO:colcon.colcon_core.package_selection:Skipping not selected package 'jet_drive' in 'src/jet_drive'
[6.991s] INFO:colcon.colcon_core.package_selection:Skipping not selected package 'joystick' in 'src/joystick'
[7.052s] Level 5:colcon.colcon_core.verb:set package 'front_cam' build argument 'cmake_args' from command line to 'None'
[7.055s] Level 5:colcon.colcon_core.verb:set package 'front_cam' build argument 'cmake_target' from command line to 'None'
[7.057s] Level 5:colcon.colcon_core.verb:set package 'front_cam' build argument 'cmake_target_skip_unavailable' from command line to 'False'
[7.060s] Level 5:colcon.colcon_core.verb:set package 'front_cam' build argument 'cmake_clean_cache' from command line to 'False'
[7.061s] Level 5:colcon.colcon_core.verb:set package 'front_cam' build argument 'cmake_clean_first' from command line to 'False'
[7.062s] Level 5:colcon.colcon_core.verb:set package 'front_cam' build argument 'cmake_force_configure' from command line to 'False'
[7.062s] Level 5:colcon.colcon_core.verb:set package 'front_cam' build argument 'ament_cmake_args' from command line to 'None'
[7.062s] Level 5:colcon.colcon_core.verb:set package 'front_cam' build argument 'catkin_cmake_args' from command line to 'None'
[7.063s] Level 5:colcon.colcon_core.verb:set package 'front_cam' build argument 'catkin_skip_building_tests' from command line to 'False'
[7.063s] DEBUG:colcon.colcon_core.verb:Building package 'front_cam' with the following arguments: {'ament_cmake_args': None, 'build_base': '/home/jetson/JetAutonomy/ros2/build/front_cam', 'catkin_cmake_args': None, 'catkin_skip_building_tests': False, 'cmake_args': None, 'cmake_clean_cache': False, 'cmake_clean_first': False, 'cmake_force_configure': False, 'cmake_target': None, 'cmake_target_skip_unavailable': False, 'install_base': '/home/jetson/JetAutonomy/ros2/install/front_cam', 'merge_install': False, 'path': '/home/jetson/JetAutonomy/ros2/src/front_cam', 'symlink_install': False, 'test_result_base': None}
[7.069s] INFO:colcon.colcon_core.executor:Executing jobs using 'parallel' executor
[7.105s] DEBUG:colcon.colcon_parallel_executor.executor.parallel:run_until_complete
[7.109s] INFO:colcon.colcon_ros.task.ament_cmake.build:Building ROS package in '/home/jetson/JetAutonomy/ros2/src/front_cam' with build type 'ament_cmake'
[7.111s] INFO:colcon.colcon_cmake.task.cmake.build:Building CMake package in '/home/jetson/JetAutonomy/ros2/src/front_cam'
[7.213s] INFO:colcon.colcon_core.plugin_system:Skipping extension 'colcon_core.shell.bat': Not used on non-Windows systems
[7.218s] INFO:colcon.colcon_core.shell:Skip shell extension 'powershell' for command environment: Not usable outside of PowerShell
[7.221s] DEBUG:colcon.colcon_core.shell:Skip shell extension 'dsv' for command environment
[7.629s] DEBUG:colcon.colcon_core.event_handler.log_command:Invoking command in '/home/jetson/JetAutonomy/ros2/build/front_cam': CMAKE_PREFIX_PATH=${CMAKE_PREFIX_PATH}:/home/jetson/JetAutonomy/ros2/install/joystick:/home/jetson/ros2_dashing/install/ros2bag:/home/jetson/ros2_dashing/install/topic_monitor:/home/jetson/ros2_dashing/install/sros2:/home/jetson/ros2_dashing/install/rqt_topic:/home/jetson/ros2_dashing/install/rqt_top:/home/jetson/ros2_dashing/install/rqt_srv:/home/jetson/ros2_dashing/install/rqt_shell:/home/jetson/ros2_dashing/install/rqt_service_caller:/home/jetson/ros2_dashing/install/rqt_py_console:/home/jetson/ros2_dashing/install/rqt_action:/home/jetson/ros2_dashing/install/rqt:/home/jetson/ros2_dashing/install/rqt_graph:/home/jetson/ros2_dashing/install/rqt_gui_py:/home/jetson/ros2_dashing/install/rqt_gui:/home/jetson/ros2_dashing/install/ros2topic:/home/jetson/ros2_dashing/install/ros2test:/home/jetson/ros2_dashing/install/ros2component:/home/jetson/ros2_dashing/install/ros2param:/home/jetson/ros2_dashing/install/ros2lifecycle:/home/jetson/ros2_dashing/install/ros2service:/home/jetson/ros2_dashing/install/ros2srv:/home/jetson/ros2_dashing/install/ros2run:/home/jetson/ros2_dashing/install/ros2launch:/home/jetson/ros2_dashing/install/ros2pkg:/home/jetson/ros2_dashing/install/ros2node:/home/jetson/ros2_dashing/install/ros2multicast:/home/jetson/ros2_dashing/install/ros2msg:/home/jetson/ros2_dashing/install/ros2action:/home/jetson/ros2_dashing/install/ros2cli:/home/jetson/ros2_dashing/install/quality_of_service_demo_py:/home/jetson/ros2_dashing/install/launch_testing_ros:/home/jetson/ros2_dashing/install/launch_ros:/home/jetson/ros2_dashing/install/examples_rclpy_minimal_subscriber:/home/jetson/ros2_dashing/install/examples_rclpy_minimal_service:/home/jetson/ros2_dashing/install/examples_rclpy_minimal_publisher:/home/jetson/ros2_dashing/install/examples_rclpy_minimal_client:/home/jetson/ros2_dashing/install/examples_rclpy_minimal_action_server:/home/jetson/ros2_dashing/install/examples_rclpy_minimal_action_client:/home/jetson/ros2_dashing/install/examples_rclpy_executors:/home/jetson/ros2_dashing/install/demo_nodes_py:/home/jetson/ros2_dashing/install/ament_uncrustify:/home/jetson/ros2_dashing/install/test_launch_ros:/home/jetson/ros2_dashing/install/rosidl_runtime_py:/home/jetson/ros2_dashing/install/launch_testing:/home/jetson/ros2_dashing/install/launch:/home/jetson/ros2_dashing/install/osrf_pycommon:/home/jetson/ros2_dashing/install/ament_xmllint:/home/jetson/ros2_dashing/install/ament_pyflakes:/home/jetson/ros2_dashing/install/ament_pep8:/home/jetson/ros2_dashing/install/ament_pep257:/home/jetson/ros2_dashing/install/ament_pclint:/home/jetson/ros2_dashing/install/ament_package:/home/jetson/ros2_dashing/install/ament_lint_cmake:/home/jetson/ros2_dashing/install/ament_flake8:/home/jetson/ros2_dashing/install/ament_copyright:/home/jetson/ros2_dashing/install/ament_lint:/home/jetson/ros2_dashing/install/ament_index_python:/home/jetson/ros2_dashing/install/ament_cpplint:/home/jetson/ros2_dashing/install/ament_cppcheck:/home/jetson/ros2_dashing/install/ament_clang_tidy:/home/jetson/ros2_dashing/install/ament_clang_format /usr/bin/cmake /home/jetson/JetAutonomy/ros2/src/front_cam -DCMAKE_INSTALL_PREFIX=/home/jetson/JetAutonomy/ros2/install/front_cam
[55.695s] DEBUG:colcon.colcon_core.event_handler.log_command:Invoked command in '/home/jetson/JetAutonomy/ros2/build/front_cam' returned '0': CMAKE_PREFIX_PATH=${CMAKE_PREFIX_PATH}:/home/jetson/JetAutonomy/ros2/install/joystick:/home/jetson/ros2_dashing/install/ros2bag:/home/jetson/ros2_dashing/install/topic_monitor:/home/jetson/ros2_dashing/install/sros2:/home/jetson/ros2_dashing/install/rqt_topic:/home/jetson/ros2_dashing/install/rqt_top:/home/jetson/ros2_dashing/install/rqt_srv:/home/jetson/ros2_dashing/install/rqt_shell:/home/jetson/ros2_dashing/install/rqt_service_caller:/home/jetson/ros2_dashing/install/rqt_py_console:/home/jetson/ros2_dashing/install/rqt_action:/home/jetson/ros2_dashing/install/rqt:/home/jetson/ros2_dashing/install/rqt_graph:/home/jetson/ros2_dashing/install/rqt_gui_py:/home/jetson/ros2_dashing/install/rqt_gui:/home/jetson/ros2_dashing/install/ros2topic:/home/jetson/ros2_dashing/install/ros2test:/home/jetson/ros2_dashing/install/ros2component:/home/jetson/ros2_dashing/install/ros2param:/home/jetson/ros2_dashing/install/ros2lifecycle:/home/jetson/ros2_dashing/install/ros2service:/home/jetson/ros2_dashing/install/ros2srv:/home/jetson/ros2_dashing/install/ros2run:/home/jetson/ros2_dashing/install/ros2launch:/home/jetson/ros2_dashing/install/ros2pkg:/home/jetson/ros2_dashing/install/ros2node:/home/jetson/ros2_dashing/install/ros2multicast:/home/jetson/ros2_dashing/install/ros2msg:/home/jetson/ros2_dashing/install/ros2action:/home/jetson/ros2_dashing/install/ros2cli:/home/jetson/ros2_dashing/install/quality_of_service_demo_py:/home/jetson/ros2_dashing/install/launch_testing_ros:/home/jetson/ros2_dashing/install/launch_ros:/home/jetson/ros2_dashing/install/examples_rclpy_minimal_subscriber:/home/jetson/ros2_dashing/install/examples_rclpy_minimal_service:/home/jetson/ros2_dashing/install/examples_rclpy_minimal_publisher:/home/jetson/ros2_dashing/install/examples_rclpy_minimal_client:/home/jetson/ros2_dashing/install/examples_rclpy_minimal_action_server:/home/jetson/ros2_dashing/install/examples_rclpy_minimal_action_client:/home/jetson/ros2_dashing/install/examples_rclpy_executors:/home/jetson/ros2_dashing/install/demo_nodes_py:/home/jetson/ros2_dashing/install/ament_uncrustify:/home/jetson/ros2_dashing/install/test_launch_ros:/home/jetson/ros2_dashing/install/rosidl_runtime_py:/home/jetson/ros2_dashing/install/launch_testing:/home/jetson/ros2_dashing/install/launch:/home/jetson/ros2_dashing/install/osrf_pycommon:/home/jetson/ros2_dashing/install/ament_xmllint:/home/jetson/ros2_dashing/install/ament_pyflakes:/home/jetson/ros2_dashing/install/ament_pep8:/home/jetson/ros2_dashing/install/ament_pep257:/home/jetson/ros2_dashing/install/ament_pclint:/home/jetson/ros2_dashing/install/ament_package:/home/jetson/ros2_dashing/install/ament_lint_cmake:/home/jetson/ros2_dashing/install/ament_flake8:/home/jetson/ros2_dashing/install/ament_copyright:/home/jetson/ros2_dashing/install/ament_lint:/home/jetson/ros2_dashing/install/ament_index_python:/home/jetson/ros2_dashing/install/ament_cpplint:/home/jetson/ros2_dashing/install/ament_cppcheck:/home/jetson/ros2_dashing/install/ament_clang_tidy:/home/jetson/ros2_dashing/install/ament_clang_format /usr/bin/cmake /home/jetson/JetAutonomy/ros2/src/front_cam -DCMAKE_INSTALL_PREFIX=/home/jetson/JetAutonomy/ros2/install/front_cam
[55.713s] DEBUG:colcon.colcon_core.event_handler.log_command:Invoking command in '/home/jetson/JetAutonomy/ros2/build/front_cam': CMAKE_PREFIX_PATH=${CMAKE_PREFIX_PATH}:/home/jetson/JetAutonomy/ros2/install/joystick:/home/jetson/ros2_dashing/install/ros2bag:/home/jetson/ros2_dashing/install/topic_monitor:/home/jetson/ros2_dashing/install/sros2:/home/jetson/ros2_dashing/install/rqt_topic:/home/jetson/ros2_dashing/install/rqt_top:/home/jetson/ros2_dashing/install/rqt_srv:/home/jetson/ros2_dashing/install/rqt_shell:/home/jetson/ros2_dashing/install/rqt_service_caller:/home/jetson/ros2_dashing/install/rqt_py_console:/home/jetson/ros2_dashing/install/rqt_action:/home/jetson/ros2_dashing/install/rqt:/home/jetson/ros2_dashing/install/rqt_graph:/home/jetson/ros2_dashing/install/rqt_gui_py:/home/jetson/ros2_dashing/install/rqt_gui:/home/jetson/ros2_dashing/install/ros2topic:/home/jetson/ros2_dashing/install/ros2test:/home/jetson/ros2_dashing/install/ros2component:/home/jetson/ros2_dashing/install/ros2param:/home/jetson/ros2_dashing/install/ros2lifecycle:/home/jetson/ros2_dashing/install/ros2service:/home/jetson/ros2_dashing/install/ros2srv:/home/jetson/ros2_dashing/install/ros2run:/home/jetson/ros2_dashing/install/ros2launch:/home/jetson/ros2_dashing/install/ros2pkg:/home/jetson/ros2_dashing/install/ros2node:/home/jetson/ros2_dashing/install/ros2multicast:/home/jetson/ros2_dashing/install/ros2msg:/home/jetson/ros2_dashing/install/ros2action:/home/jetson/ros2_dashing/install/ros2cli:/home/jetson/ros2_dashing/install/quality_of_service_demo_py:/home/jetson/ros2_dashing/install/launch_testing_ros:/home/jetson/ros2_dashing/install/launch_ros:/home/jetson/ros2_dashing/install/examples_rclpy_minimal_subscriber:/home/jetson/ros2_dashing/install/examples_rclpy_minimal_service:/home/jetson/ros2_dashing/install/examples_rclpy_minimal_publisher:/home/jetson/ros2_dashing/install/examples_rclpy_minimal_client:/home/jetson/ros2_dashing/install/examples_rclpy_minimal_action_server:/home/jetson/ros2_dashing/install/examples_rclpy_minimal_action_client:/home/jetson/ros2_dashing/install/examples_rclpy_executors:/home/jetson/ros2_dashing/install/demo_nodes_py:/home/jetson/ros2_dashing/install/ament_uncrustify:/home/jetson/ros2_dashing/install/test_launch_ros:/home/jetson/ros2_dashing/install/rosidl_runtime_py:/home/jetson/ros2_dashing/install/launch_testing:/home/jetson/ros2_dashing/install/launch:/home/jetson/ros2_dashing/install/osrf_pycommon:/home/jetson/ros2_dashing/install/ament_xmllint:/home/jetson/ros2_dashing/install/ament_pyflakes:/home/jetson/ros2_dashing/install/ament_pep8:/home/jetson/ros2_dashing/install/ament_pep257:/home/jetson/ros2_dashing/install/ament_pclint:/home/jetson/ros2_dashing/install/ament_package:/home/jetson/ros2_dashing/install/ament_lint_cmake:/home/jetson/ros2_dashing/install/ament_flake8:/home/jetson/ros2_dashing/install/ament_copyright:/home/jetson/ros2_dashing/install/ament_lint:/home/jetson/ros2_dashing/install/ament_index_python:/home/jetson/ros2_dashing/install/ament_cpplint:/home/jetson/ros2_dashing/install/ament_cppcheck:/home/jetson/ros2_dashing/install/ament_clang_tidy:/home/jetson/ros2_dashing/install/ament_clang_format /usr/bin/cmake --build /home/jetson/JetAutonomy/ros2/build/front_cam -- -j2 -l2
[86.761s] DEBUG:colcon.colcon_core.event_handler.log_command:Invoked command in '/home/jetson/JetAutonomy/ros2/build/front_cam' returned '0': CMAKE_PREFIX_PATH=${CMAKE_PREFIX_PATH}:/home/jetson/JetAutonomy/ros2/install/joystick:/home/jetson/ros2_dashing/install/ros2bag:/home/jetson/ros2_dashing/install/topic_monitor:/home/jetson/ros2_dashing/install/sros2:/home/jetson/ros2_dashing/install/rqt_topic:/home/jetson/ros2_dashing/install/rqt_top:/home/jetson/ros2_dashing/install/rqt_srv:/home/jetson/ros2_dashing/install/rqt_shell:/home/jetson/ros2_dashing/install/rqt_service_caller:/home/jetson/ros2_dashing/install/rqt_py_console:/home/jetson/ros2_dashing/install/rqt_action:/home/jetson/ros2_dashing/install/rqt:/home/jetson/ros2_dashing/install/rqt_graph:/home/jetson/ros2_dashing/install/rqt_gui_py:/home/jetson/ros2_dashing/install/rqt_gui:/home/jetson/ros2_dashing/install/ros2topic:/home/jetson/ros2_dashing/install/ros2test:/home/jetson/ros2_dashing/install/ros2component:/home/jetson/ros2_dashing/install/ros2param:/home/jetson/ros2_dashing/install/ros2lifecycle:/home/jetson/ros2_dashing/install/ros2service:/home/jetson/ros2_dashing/install/ros2srv:/home/jetson/ros2_dashing/install/ros2run:/home/jetson/ros2_dashing/install/ros2launch:/home/jetson/ros2_dashing/install/ros2pkg:/home/jetson/ros2_dashing/install/ros2node:/home/jetson/ros2_dashing/install/ros2multicast:/home/jetson/ros2_dashing/install/ros2msg:/home/jetson/ros2_dashing/install/ros2action:/home/jetson/ros2_dashing/install/ros2cli:/home/jetson/ros2_dashing/install/quality_of_service_demo_py:/home/jetson/ros2_dashing/install/launch_testing_ros:/home/jetson/ros2_dashing/install/launch_ros:/home/jetson/ros2_dashing/install/examples_rclpy_minimal_subscriber:/home/jetson/ros2_dashing/install/examples_rclpy_minimal_service:/home/jetson/ros2_dashing/install/examples_rclpy_minimal_publisher:/home/jetson/ros2_dashing/install/examples_rclpy_minimal_client:/home/jetson/ros2_dashing/install/examples_rclpy_minimal_action_server:/home/jetson/ros2_dashing/install/examples_rclpy_minimal_action_client:/home/jetson/ros2_dashing/install/examples_rclpy_executors:/home/jetson/ros2_dashing/install/demo_nodes_py:/home/jetson/ros2_dashing/install/ament_uncrustify:/home/jetson/ros2_dashing/install/test_launch_ros:/home/jetson/ros2_dashing/install/rosidl_runtime_py:/home/jetson/ros2_dashing/install/launch_testing:/home/jetson/ros2_dashing/install/launch:/home/jetson/ros2_dashing/install/osrf_pycommon:/home/jetson/ros2_dashing/install/ament_xmllint:/home/jetson/ros2_dashing/install/ament_pyflakes:/home/jetson/ros2_dashing/install/ament_pep8:/home/jetson/ros2_dashing/install/ament_pep257:/home/jetson/ros2_dashing/install/ament_pclint:/home/jetson/ros2_dashing/install/ament_package:/home/jetson/ros2_dashing/install/ament_lint_cmake:/home/jetson/ros2_dashing/install/ament_flake8:/home/jetson/ros2_dashing/install/ament_copyright:/home/jetson/ros2_dashing/install/ament_lint:/home/jetson/ros2_dashing/install/ament_index_python:/home/jetson/ros2_dashing/install/ament_cpplint:/home/jetson/ros2_dashing/install/ament_cppcheck:/home/jetson/ros2_dashing/install/ament_clang_tidy:/home/jetson/ros2_dashing/install/ament_clang_format /usr/bin/cmake --build /home/jetson/JetAutonomy/ros2/build/front_cam -- -j2 -l2
[87.590s] DEBUG:colcon.colcon_core.event_handler.log_command:Invoking command in '/home/jetson/JetAutonomy/ros2/build/front_cam': CMAKE_PREFIX_PATH=${CMAKE_PREFIX_PATH}:/home/jetson/JetAutonomy/ros2/install/joystick:/home/jetson/ros2_dashing/install/ros2bag:/home/jetson/ros2_dashing/install/topic_monitor:/home/jetson/ros2_dashing/install/sros2:/home/jetson/ros2_dashing/install/rqt_topic:/home/jetson/ros2_dashing/install/rqt_top:/home/jetson/ros2_dashing/install/rqt_srv:/home/jetson/ros2_dashing/install/rqt_shell:/home/jetson/ros2_dashing/install/rqt_service_caller:/home/jetson/ros2_dashing/install/rqt_py_console:/home/jetson/ros2_dashing/install/rqt_action:/home/jetson/ros2_dashing/install/rqt:/home/jetson/ros2_dashing/install/rqt_graph:/home/jetson/ros2_dashing/install/rqt_gui_py:/home/jetson/ros2_dashing/install/rqt_gui:/home/jetson/ros2_dashing/install/ros2topic:/home/jetson/ros2_dashing/install/ros2test:/home/jetson/ros2_dashing/install/ros2component:/home/jetson/ros2_dashing/install/ros2param:/home/jetson/ros2_dashing/install/ros2lifecycle:/home/jetson/ros2_dashing/install/ros2service:/home/jetson/ros2_dashing/install/ros2srv:/home/jetson/ros2_dashing/install/ros2run:/home/jetson/ros2_dashing/install/ros2launch:/home/jetson/ros2_dashing/install/ros2pkg:/home/jetson/ros2_dashing/install/ros2node:/home/jetson/ros2_dashing/install/ros2multicast:/home/jetson/ros2_dashing/install/ros2msg:/home/jetson/ros2_dashing/install/ros2action:/home/jetson/ros2_dashing/install/ros2cli:/home/jetson/ros2_dashing/install/quality_of_service_demo_py:/home/jetson/ros2_dashing/install/launch_testing_ros:/home/jetson/ros2_dashing/install/launch_ros:/home/jetson/ros2_dashing/install/examples_rclpy_minimal_subscriber:/home/jetson/ros2_dashing/install/examples_rclpy_minimal_service:/home/jetson/ros2_dashing/install/examples_rclpy_minimal_publisher:/home/jetson/ros2_dashing/install/examples_rclpy_minimal_client:/home/jetson/ros2_dashing/install/examples_rclpy_minimal_action_server:/home/jetson/ros2_dashing/install/examples_rclpy_minimal_action_client:/home/jetson/ros2_dashing/install/examples_rclpy_executors:/home/jetson/ros2_dashing/install/demo_nodes_py:/home/jetson/ros2_dashing/install/ament_uncrustify:/home/jetson/ros2_dashing/install/test_launch_ros:/home/jetson/ros2_dashing/install/rosidl_runtime_py:/home/jetson/ros2_dashing/install/launch_testing:/home/jetson/ros2_dashing/install/launch:/home/jetson/ros2_dashing/install/osrf_pycommon:/home/jetson/ros2_dashing/install/ament_xmllint:/home/jetson/ros2_dashing/install/ament_pyflakes:/home/jetson/ros2_dashing/install/ament_pep8:/home/jetson/ros2_dashing/install/ament_pep257:/home/jetson/ros2_dashing/install/ament_pclint:/home/jetson/ros2_dashing/install/ament_package:/home/jetson/ros2_dashing/install/ament_lint_cmake:/home/jetson/ros2_dashing/install/ament_flake8:/home/jetson/ros2_dashing/install/ament_copyright:/home/jetson/ros2_dashing/install/ament_lint:/home/jetson/ros2_dashing/install/ament_index_python:/home/jetson/ros2_dashing/install/ament_cpplint:/home/jetson/ros2_dashing/install/ament_cppcheck:/home/jetson/ros2_dashing/install/ament_clang_tidy:/home/jetson/ros2_dashing/install/ament_clang_format /usr/bin/cmake --build /home/jetson/JetAutonomy/ros2/build/front_cam --target install -- -j2 -l2
[89.088s] Level 1:colcon.colcon_core.environment:create_environment_scripts_only(front_cam)
[89.098s] DEBUG:colcon.colcon_core.event_handler.log_command:Invoked command in '/home/jetson/JetAutonomy/ros2/build/front_cam' returned '0': CMAKE_PREFIX_PATH=${CMAKE_PREFIX_PATH}:/home/jetson/JetAutonomy/ros2/install/joystick:/home/jetson/ros2_dashing/install/ros2bag:/home/jetson/ros2_dashing/install/topic_monitor:/home/jetson/ros2_dashing/install/sros2:/home/jetson/ros2_dashing/install/rqt_topic:/home/jetson/ros2_dashing/install/rqt_top:/home/jetson/ros2_dashing/install/rqt_srv:/home/jetson/ros2_dashing/install/rqt_shell:/home/jetson/ros2_dashing/install/rqt_service_caller:/home/jetson/ros2_dashing/install/rqt_py_console:/home/jetson/ros2_dashing/install/rqt_action:/home/jetson/ros2_dashing/install/rqt:/home/jetson/ros2_dashing/install/rqt_graph:/home/jetson/ros2_dashing/install/rqt_gui_py:/home/jetson/ros2_dashing/install/rqt_gui:/home/jetson/ros2_dashing/install/ros2topic:/home/jetson/ros2_dashing/install/ros2test:/home/jetson/ros2_dashing/install/ros2component:/home/jetson/ros2_dashing/install/ros2param:/home/jetson/ros2_dashing/install/ros2lifecycle:/home/jetson/ros2_dashing/install/ros2service:/home/jetson/ros2_dashing/install/ros2srv:/home/jetson/ros2_dashing/install/ros2run:/home/jetson/ros2_dashing/install/ros2launch:/home/jetson/ros2_dashing/install/ros2pkg:/home/jetson/ros2_dashing/install/ros2node:/home/jetson/ros2_dashing/install/ros2multicast:/home/jetson/ros2_dashing/install/ros2msg:/home/jetson/ros2_dashing/install/ros2action:/home/jetson/ros2_dashing/install/ros2cli:/home/jetson/ros2_dashing/install/quality_of_service_demo_py:/home/jetson/ros2_dashing/install/launch_testing_ros:/home/jetson/ros2_dashing/install/launch_ros:/home/jetson/ros2_dashing/install/examples_rclpy_minimal_subscriber:/home/jetson/ros2_dashing/install/examples_rclpy_minimal_service:/home/jetson/ros2_dashing/install/examples_rclpy_minimal_publisher:/home/jetson/ros2_dashing/install/examples_rclpy_minimal_client:/home/jetson/ros2_dashing/install/examples_rclpy_minimal_action_server:/home/jetson/ros2_dashing/install/examples_rclpy_minimal_action_client:/home/jetson/ros2_dashing/install/examples_rclpy_executors:/home/jetson/ros2_dashing/install/demo_nodes_py:/home/jetson/ros2_dashing/install/ament_uncrustify:/home/jetson/ros2_dashing/install/test_launch_ros:/home/jetson/ros2_dashing/install/rosidl_runtime_py:/home/jetson/ros2_dashing/install/launch_testing:/home/jetson/ros2_dashing/install/launch:/home/jetson/ros2_dashing/install/osrf_pycommon:/home/jetson/ros2_dashing/install/ament_xmllint:/home/jetson/ros2_dashing/install/ament_pyflakes:/home/jetson/ros2_dashing/install/ament_pep8:/home/jetson/ros2_dashing/install/ament_pep257:/home/jetson/ros2_dashing/install/ament_pclint:/home/jetson/ros2_dashing/install/ament_package:/home/jetson/ros2_dashing/install/ament_lint_cmake:/home/jetson/ros2_dashing/install/ament_flake8:/home/jetson/ros2_dashing/install/ament_copyright:/home/jetson/ros2_dashing/install/ament_lint:/home/jetson/ros2_dashing/install/ament_index_python:/home/jetson/ros2_dashing/install/ament_cpplint:/home/jetson/ros2_dashing/install/ament_cppcheck:/home/jetson/ros2_dashing/install/ament_clang_tidy:/home/jetson/ros2_dashing/install/ament_clang_format /usr/bin/cmake --build /home/jetson/JetAutonomy/ros2/build/front_cam --target install -- -j2 -l2
[89.219s] Level 1:colcon.colcon_core.environment:checking '/home/jetson/JetAutonomy/ros2/install/front_cam' for CMake module files
[89.228s] Level 1:colcon.colcon_core.environment:checking '/home/jetson/JetAutonomy/ros2/install/front_cam' for CMake config files
[89.233s] Level 1:colcon.colcon_core.shell:create_environment_hook('front_cam', 'cmake_prefix_path')
[89.243s] INFO:colcon.colcon_core.shell:Creating environment hook '/home/jetson/JetAutonomy/ros2/install/front_cam/share/front_cam/hook/cmake_prefix_path.ps1'
[89.256s] INFO:colcon.colcon_core.shell:Creating environment descriptor '/home/jetson/JetAutonomy/ros2/install/front_cam/share/front_cam/hook/cmake_prefix_path.dsv'
[89.265s] INFO:colcon.colcon_core.shell:Creating environment hook '/home/jetson/JetAutonomy/ros2/install/front_cam/share/front_cam/hook/cmake_prefix_path.sh'
[89.285s] Level 1:colcon.colcon_core.environment:checking '/home/jetson/JetAutonomy/ros2/install/front_cam/lib'
[89.289s] Level 1:colcon.colcon_core.environment:checking '/home/jetson/JetAutonomy/ros2/install/front_cam/bin'
[89.292s] Level 1:colcon.colcon_core.environment:checking '/home/jetson/JetAutonomy/ros2/install/front_cam/lib/pkgconfig/front_cam.pc'
[89.294s] Level 1:colcon.colcon_core.environment:checking '/home/jetson/JetAutonomy/ros2/install/front_cam/lib/python3.6/site-packages'
[89.305s] INFO:colcon.colcon_core.shell:Creating package script '/home/jetson/JetAutonomy/ros2/install/front_cam/share/front_cam/package.ps1'
[89.322s] INFO:colcon.colcon_core.shell:Creating package descriptor '/home/jetson/JetAutonomy/ros2/install/front_cam/share/front_cam/package.dsv'
[89.332s] INFO:colcon.colcon_core.shell:Creating package script '/home/jetson/JetAutonomy/ros2/install/front_cam/share/front_cam/package.sh'
[89.347s] INFO:colcon.colcon_core.shell:Creating package script '/home/jetson/JetAutonomy/ros2/install/front_cam/share/front_cam/package.bash'
[89.371s] INFO:colcon.colcon_core.shell:Creating package script '/home/jetson/JetAutonomy/ros2/install/front_cam/share/front_cam/package.zsh'
[89.380s] Level 1:colcon.colcon_core.environment:create_file_with_runtime_dependencies(/home/jetson/JetAutonomy/ros2/install/front_cam/share/colcon-core/packages/front_cam)
[89.918s] Level 1:colcon.colcon_core.environment:create_environment_scripts_only(front_cam)
[89.934s] Level 1:colcon.colcon_core.environment:checking '/home/jetson/JetAutonomy/ros2/install/front_cam' for CMake module files
[89.943s] Level 1:colcon.colcon_core.environment:checking '/home/jetson/JetAutonomy/ros2/install/front_cam' for CMake config files
[89.947s] Level 1:colcon.colcon_core.shell:create_environment_hook('front_cam', 'cmake_prefix_path')
[89.959s] INFO:colcon.colcon_core.shell:Creating environment hook '/home/jetson/JetAutonomy/ros2/install/front_cam/share/front_cam/hook/cmake_prefix_path.ps1'
[89.977s] INFO:colcon.colcon_core.shell:Creating environment descriptor '/home/jetson/JetAutonomy/ros2/install/front_cam/share/front_cam/hook/cmake_prefix_path.dsv'
[89.989s] INFO:colcon.colcon_core.shell:Creating environment hook '/home/jetson/JetAutonomy/ros2/install/front_cam/share/front_cam/hook/cmake_prefix_path.sh'
[90.003s] Level 1:colcon.colcon_core.environment:checking '/home/jetson/JetAutonomy/ros2/install/front_cam/lib'
[90.009s] Level 1:colcon.colcon_core.environment:checking '/home/jetson/JetAutonomy/ros2/install/front_cam/bin'
[90.012s] Level 1:colcon.colcon_core.environment:checking '/home/jetson/JetAutonomy/ros2/install/front_cam/lib/pkgconfig/front_cam.pc'
[90.013s] Level 1:colcon.colcon_core.environment:checking '/home/jetson/JetAutonomy/ros2/install/front_cam/lib/python3.6/site-packages'
[90.026s] INFO:colcon.colcon_core.shell:Creating package script '/home/jetson/JetAutonomy/ros2/install/front_cam/share/front_cam/package.ps1'
[90.041s] INFO:colcon.colcon_core.shell:Creating package descriptor '/home/jetson/JetAutonomy/ros2/install/front_cam/share/front_cam/package.dsv'
[90.045s] INFO:colcon.colcon_core.shell:Creating package script '/home/jetson/JetAutonomy/ros2/install/front_cam/share/front_cam/package.sh'
[90.065s] INFO:colcon.colcon_core.shell:Creating package script '/home/jetson/JetAutonomy/ros2/install/front_cam/share/front_cam/package.bash'
[90.073s] INFO:colcon.colcon_core.shell:Creating package script '/home/jetson/JetAutonomy/ros2/install/front_cam/share/front_cam/package.zsh'
[90.079s] Level 1:colcon.colcon_core.environment:create_file_with_runtime_dependencies(/home/jetson/JetAutonomy/ros2/install/front_cam/share/colcon-core/packages/front_cam)
[90.087s] DEBUG:colcon.colcon_parallel_executor.executor.parallel:closing loop
[90.094s] DEBUG:colcon.colcon_parallel_executor.executor.parallel:loop closed
[90.095s] DEBUG:colcon.colcon_parallel_executor.executor.parallel:run_until_complete finished with '0'
[90.095s] DEBUG:colcon.colcon_core.event_reactor:joining thread
[90.220s] INFO:colcon.colcon_core.plugin_system:Skipping extension 'colcon_notification.desktop_notification.terminal_notifier': Not used on non-Darwin systems
[90.223s] INFO:colcon.colcon_core.plugin_system:Skipping extension 'colcon_notification.desktop_notification.win32': Not used on non-Windows systems
[90.225s] INFO:colcon.colcon_notification.desktop_notification:Sending desktop notification using 'notify2'
[90.233s] DEBUG:colcon.colcon_notification.desktop_notification.notify2:Failed to initialize notify2: org.freedesktop.DBus.Error.ServiceUnknown: The name org.freedesktop.Notifications was not provided by any .service files
[90.235s] DEBUG:colcon.colcon_core.event_reactor:joined thread
[90.244s] INFO:colcon.colcon_core.shell:Creating prefix script '/home/jetson/JetAutonomy/ros2/install/local_setup.ps1'
[90.264s] INFO:colcon.colcon_core.shell:Creating prefix util module '/home/jetson/JetAutonomy/ros2/install/_local_setup_util_ps1.py'
[90.291s] INFO:colcon.colcon_core.shell:Creating prefix chain script '/home/jetson/JetAutonomy/ros2/install/setup.ps1'
[90.445s] INFO:colcon.colcon_core.shell:Creating prefix script '/home/jetson/JetAutonomy/ros2/install/local_setup.sh'
[90.450s] INFO:colcon.colcon_core.shell:Creating prefix util module '/home/jetson/JetAutonomy/ros2/install/_local_setup_util_sh.py'
[90.465s] INFO:colcon.colcon_core.shell:Creating prefix chain script '/home/jetson/JetAutonomy/ros2/install/setup.sh'
[90.624s] INFO:colcon.colcon_core.shell:Creating prefix script '/home/jetson/JetAutonomy/ros2/install/local_setup.bash'
[90.629s] INFO:colcon.colcon_core.shell:Creating prefix chain script '/home/jetson/JetAutonomy/ros2/install/setup.bash'
[90.820s] INFO:colcon.colcon_core.shell:Creating prefix script '/home/jetson/JetAutonomy/ros2/install/local_setup.zsh'
[90.825s] INFO:colcon.colcon_core.shell:Creating prefix chain script '/home/jetson/JetAutonomy/ros2/install/setup.zsh'
