[5.284s] DEBUG:colcon:Command line arguments: ['/usr/bin/colcon', 'build', '--packages-select', 'imu_bno055']
[5.285s] DEBUG:colcon:Parsed command line arguments: Namespace(ament_cmake_args=None, base_paths=['.'], build_base='build', catkin_cmake_args=None, catkin_skip_building_tests=False, cmake_args=None, cmake_clean_cache=False, cmake_clean_first=False, cmake_force_configure=False, cmake_target=None, cmake_target_skip_unavailable=False, continue_on_error=False, event_handlers=None, executor='parallel', ignore_user_meta=False, install_base='install', log_base=None, log_level=None, main=<bound method BuildVerb.main of <colcon_core.verb.build.BuildVerb object at 0x7f8d2524a8>>, merge_install=False, metas=['./colcon.meta'], packages_above=None, packages_above_and_dependencies=None, packages_above_depth=None, packages_end=None, packages_ignore=None, packages_ignore_regex=None, packages_select=['imu_bno055'], packages_select_build_failed=False, packages_select_by_dep=None, packages_select_regex=None, packages_select_test_failures=False, packages_skip=None, packages_skip_build_finished=False, packages_skip_by_dep=None, packages_skip_regex=None, packages_skip_test_passed=False, packages_skip_up_to=None, packages_start=None, packages_up_to=None, packages_up_to_regex=None, parallel_workers=2, paths=None, symlink_install=False, test_result_base=None, verb_extension=<colcon_core.verb.build.BuildVerb object at 0x7f8d2524a8>, verb_name='build', verb_parser=<colcon_defaults.argument_parser.defaults.DefaultArgumentsDecorator object at 0x7f8d2527f0>)
[5.408s] Level 1:colcon.colcon_core.package_discovery:discover_packages(colcon_meta) check parameters
[5.408s] Level 1:colcon.colcon_core.package_discovery:discover_packages(recursive) check parameters
[5.409s] Level 1:colcon.colcon_core.package_discovery:discover_packages(ignore) check parameters
[5.409s] Level 1:colcon.colcon_core.package_discovery:discover_packages(path) check parameters
[5.409s] Level 1:colcon.colcon_core.package_discovery:discover_packages(colcon_meta) discover
[5.412s] Level 1:colcon.colcon_core.package_discovery:discover_packages(recursive) discover
[5.412s] INFO:colcon.colcon_core.package_discovery:Crawling recursively for packages in '/home/jetson/JetPilot/ros2'
[5.413s] Level 1:colcon.colcon_core.package_identification:_identify(.) by extensions ['ignore', 'ignore_ament_install']
[5.414s] Level 1:colcon.colcon_core.package_identification:_identify(.) by extension 'ignore'
[5.414s] Level 1:colcon.colcon_core.package_identification:_identify(.) by extension 'ignore_ament_install'
[5.415s] Level 1:colcon.colcon_core.package_identification:_identify(.) by extensions ['colcon_pkg']
[5.415s] Level 1:colcon.colcon_core.package_identification:_identify(.) by extension 'colcon_pkg'
[5.415s] Level 1:colcon.colcon_core.package_identification:_identify(.) by extensions ['colcon_meta']
[5.416s] Level 1:colcon.colcon_core.package_identification:_identify(.) by extension 'colcon_meta'
[5.416s] Level 1:colcon.colcon_core.package_identification:_identify(.) by extensions ['ros']
[5.416s] Level 1:colcon.colcon_core.package_identification:_identify(.) by extension 'ros'
[5.573s] Level 1:colcon.colcon_core.package_identification:_identify(.) by extensions ['cmake', 'python']
[5.574s] Level 1:colcon.colcon_core.package_identification:_identify(.) by extension 'cmake'
[5.574s] Level 1:colcon.colcon_core.package_identification:_identify(.) by extension 'python'
[5.575s] Level 1:colcon.colcon_core.package_identification:_identify(.) by extensions ['python_setup_py']
[5.575s] Level 1:colcon.colcon_core.package_identification:_identify(.) by extension 'python_setup_py'
[5.576s] Level 1:colcon.colcon_core.package_identification:_identify(build) by extensions ['ignore', 'ignore_ament_install']
[5.577s] Level 1:colcon.colcon_core.package_identification:_identify(build) by extension 'ignore'
[5.577s] Level 1:colcon.colcon_core.package_identification:_identify(build) ignored
[5.580s] Level 1:colcon.colcon_core.package_identification:_identify(install) by extensions ['ignore', 'ignore_ament_install']
[5.581s] Level 1:colcon.colcon_core.package_identification:_identify(install) by extension 'ignore'
[5.581s] Level 1:colcon.colcon_core.package_identification:_identify(install) ignored
[5.582s] Level 1:colcon.colcon_core.package_identification:_identify(log) by extensions ['ignore', 'ignore_ament_install']
[5.583s] Level 1:colcon.colcon_core.package_identification:_identify(log) by extension 'ignore'
[5.583s] Level 1:colcon.colcon_core.package_identification:_identify(log) ignored
[5.584s] Level 1:colcon.colcon_core.package_identification:_identify(src) by extensions ['ignore', 'ignore_ament_install']
[5.585s] Level 1:colcon.colcon_core.package_identification:_identify(src) by extension 'ignore'
[5.585s] Level 1:colcon.colcon_core.package_identification:_identify(src) by extension 'ignore_ament_install'
[5.586s] Level 1:colcon.colcon_core.package_identification:_identify(src) by extensions ['colcon_pkg']
[5.586s] Level 1:colcon.colcon_core.package_identification:_identify(src) by extension 'colcon_pkg'
[5.586s] Level 1:colcon.colcon_core.package_identification:_identify(src) by extensions ['colcon_meta']
[5.587s] Level 1:colcon.colcon_core.package_identification:_identify(src) by extension 'colcon_meta'
[5.587s] Level 1:colcon.colcon_core.package_identification:_identify(src) by extensions ['ros']
[5.587s] Level 1:colcon.colcon_core.package_identification:_identify(src) by extension 'ros'
[5.588s] Level 1:colcon.colcon_core.package_identification:_identify(src) by extensions ['cmake', 'python']
[5.588s] Level 1:colcon.colcon_core.package_identification:_identify(src) by extension 'cmake'
[5.589s] Level 1:colcon.colcon_core.package_identification:_identify(src) by extension 'python'
[5.589s] Level 1:colcon.colcon_core.package_identification:_identify(src) by extensions ['python_setup_py']
[5.590s] Level 1:colcon.colcon_core.package_identification:_identify(src) by extension 'python_setup_py'
[5.590s] Level 1:colcon.colcon_core.package_identification:_identify(src/front_cam) by extensions ['ignore', 'ignore_ament_install']
[5.591s] Level 1:colcon.colcon_core.package_identification:_identify(src/front_cam) by extension 'ignore'
[5.592s] Level 1:colcon.colcon_core.package_identification:_identify(src/front_cam) by extension 'ignore_ament_install'
[5.592s] Level 1:colcon.colcon_core.package_identification:_identify(src/front_cam) by extensions ['colcon_pkg']
[5.592s] Level 1:colcon.colcon_core.package_identification:_identify(src/front_cam) by extension 'colcon_pkg'
[5.593s] Level 1:colcon.colcon_core.package_identification:_identify(src/front_cam) by extensions ['colcon_meta']
[5.593s] Level 1:colcon.colcon_core.package_identification:_identify(src/front_cam) by extension 'colcon_meta'
[5.594s] Level 1:colcon.colcon_core.package_identification:_identify(src/front_cam) by extensions ['ros']
[5.594s] Level 1:colcon.colcon_core.package_identification:_identify(src/front_cam) by extension 'ros'
[5.613s] DEBUG:colcon.colcon_core.package_identification:Package 'src/front_cam' with type 'ros.ament_cmake' and name 'front_cam'
[5.614s] Level 1:colcon.colcon_core.package_identification:_identify(src/imu_bno055) by extensions ['ignore', 'ignore_ament_install']
[5.615s] Level 1:colcon.colcon_core.package_identification:_identify(src/imu_bno055) by extension 'ignore'
[5.615s] Level 1:colcon.colcon_core.package_identification:_identify(src/imu_bno055) by extension 'ignore_ament_install'
[5.616s] Level 1:colcon.colcon_core.package_identification:_identify(src/imu_bno055) by extensions ['colcon_pkg']
[5.616s] Level 1:colcon.colcon_core.package_identification:_identify(src/imu_bno055) by extension 'colcon_pkg'
[5.616s] Level 1:colcon.colcon_core.package_identification:_identify(src/imu_bno055) by extensions ['colcon_meta']
[5.617s] Level 1:colcon.colcon_core.package_identification:_identify(src/imu_bno055) by extension 'colcon_meta'
[5.617s] Level 1:colcon.colcon_core.package_identification:_identify(src/imu_bno055) by extensions ['ros']
[5.618s] Level 1:colcon.colcon_core.package_identification:_identify(src/imu_bno055) by extension 'ros'
[5.624s] DEBUG:colcon.colcon_core.package_identification:Package 'src/imu_bno055' with type 'ros.ament_python' and name 'imu_bno055'
[5.624s] Level 1:colcon.colcon_core.package_identification:_identify(src/jet_drive) by extensions ['ignore', 'ignore_ament_install']
[5.625s] Level 1:colcon.colcon_core.package_identification:_identify(src/jet_drive) by extension 'ignore'
[5.626s] Level 1:colcon.colcon_core.package_identification:_identify(src/jet_drive) by extension 'ignore_ament_install'
[5.626s] Level 1:colcon.colcon_core.package_identification:_identify(src/jet_drive) by extensions ['colcon_pkg']
[5.626s] Level 1:colcon.colcon_core.package_identification:_identify(src/jet_drive) by extension 'colcon_pkg'
[5.627s] Level 1:colcon.colcon_core.package_identification:_identify(src/jet_drive) by extensions ['colcon_meta']
[5.627s] Level 1:colcon.colcon_core.package_identification:_identify(src/jet_drive) by extension 'colcon_meta'
[5.628s] Level 1:colcon.colcon_core.package_identification:_identify(src/jet_drive) by extensions ['ros']
[5.628s] Level 1:colcon.colcon_core.package_identification:_identify(src/jet_drive) by extension 'ros'
[5.634s] DEBUG:colcon.colcon_core.package_identification:Package 'src/jet_drive' with type 'ros.ament_python' and name 'jet_drive'
[5.635s] Level 1:colcon.colcon_core.package_identification:_identify(src/jet_drive_moderator) by extensions ['ignore', 'ignore_ament_install']
[5.635s] Level 1:colcon.colcon_core.package_identification:_identify(src/jet_drive_moderator) by extension 'ignore'
[5.636s] Level 1:colcon.colcon_core.package_identification:_identify(src/jet_drive_moderator) by extension 'ignore_ament_install'
[5.636s] Level 1:colcon.colcon_core.package_identification:_identify(src/jet_drive_moderator) by extensions ['colcon_pkg']
[5.637s] Level 1:colcon.colcon_core.package_identification:_identify(src/jet_drive_moderator) by extension 'colcon_pkg'
[5.637s] Level 1:colcon.colcon_core.package_identification:_identify(src/jet_drive_moderator) by extensions ['colcon_meta']
[5.637s] Level 1:colcon.colcon_core.package_identification:_identify(src/jet_drive_moderator) by extension 'colcon_meta'
[5.638s] Level 1:colcon.colcon_core.package_identification:_identify(src/jet_drive_moderator) by extensions ['ros']
[5.638s] Level 1:colcon.colcon_core.package_identification:_identify(src/jet_drive_moderator) by extension 'ros'
[5.647s] DEBUG:colcon.colcon_core.package_identification:Package 'src/jet_drive_moderator' with type 'ros.ament_cmake' and name 'jet_drive_moderator'
[5.648s] Level 1:colcon.colcon_core.package_identification:_identify(src/jetpilot_msgs) by extensions ['ignore', 'ignore_ament_install']
[5.649s] Level 1:colcon.colcon_core.package_identification:_identify(src/jetpilot_msgs) by extension 'ignore'
[5.649s] Level 1:colcon.colcon_core.package_identification:_identify(src/jetpilot_msgs) by extension 'ignore_ament_install'
[5.650s] Level 1:colcon.colcon_core.package_identification:_identify(src/jetpilot_msgs) by extensions ['colcon_pkg']
[5.650s] Level 1:colcon.colcon_core.package_identification:_identify(src/jetpilot_msgs) by extension 'colcon_pkg'
[5.650s] Level 1:colcon.colcon_core.package_identification:_identify(src/jetpilot_msgs) by extensions ['colcon_meta']
[5.651s] Level 1:colcon.colcon_core.package_identification:_identify(src/jetpilot_msgs) by extension 'colcon_meta'
[5.651s] Level 1:colcon.colcon_core.package_identification:_identify(src/jetpilot_msgs) by extensions ['ros']
[5.652s] Level 1:colcon.colcon_core.package_identification:_identify(src/jetpilot_msgs) by extension 'ros'
[5.656s] DEBUG:colcon.colcon_core.package_identification:Package 'src/jetpilot_msgs' with type 'ros.ament_cmake' and name 'jetpilot_msgs'
[5.657s] Level 1:colcon.colcon_core.package_identification:_identify(src/joystick) by extensions ['ignore', 'ignore_ament_install']
[5.658s] Level 1:colcon.colcon_core.package_identification:_identify(src/joystick) by extension 'ignore'
[5.658s] Level 1:colcon.colcon_core.package_identification:_identify(src/joystick) by extension 'ignore_ament_install'
[5.659s] Level 1:colcon.colcon_core.package_identification:_identify(src/joystick) by extensions ['colcon_pkg']
[5.659s] Level 1:colcon.colcon_core.package_identification:_identify(src/joystick) by extension 'colcon_pkg'
[5.660s] Level 1:colcon.colcon_core.package_identification:_identify(src/joystick) by extensions ['colcon_meta']
[5.660s] Level 1:colcon.colcon_core.package_identification:_identify(src/joystick) by extension 'colcon_meta'
[5.660s] Level 1:colcon.colcon_core.package_identification:_identify(src/joystick) by extensions ['ros']
[5.661s] Level 1:colcon.colcon_core.package_identification:_identify(src/joystick) by extension 'ros'
[5.666s] DEBUG:colcon.colcon_core.package_identification:Package 'src/joystick' with type 'ros.ament_python' and name 'joystick'
[5.667s] Level 1:colcon.colcon_core.package_identification:_identify(src/rplidar) by extensions ['ignore', 'ignore_ament_install']
[5.668s] Level 1:colcon.colcon_core.package_identification:_identify(src/rplidar) by extension 'ignore'
[5.668s] Level 1:colcon.colcon_core.package_identification:_identify(src/rplidar) by extension 'ignore_ament_install'
[5.669s] Level 1:colcon.colcon_core.package_identification:_identify(src/rplidar) by extensions ['colcon_pkg']
[5.669s] Level 1:colcon.colcon_core.package_identification:_identify(src/rplidar) by extension 'colcon_pkg'
[5.670s] Level 1:colcon.colcon_core.package_identification:_identify(src/rplidar) by extensions ['colcon_meta']
[5.670s] Level 1:colcon.colcon_core.package_identification:_identify(src/rplidar) by extension 'colcon_meta'
[5.671s] Level 1:colcon.colcon_core.package_identification:_identify(src/rplidar) by extensions ['ros']
[5.671s] Level 1:colcon.colcon_core.package_identification:_identify(src/rplidar) by extension 'ros'
[5.675s] DEBUG:colcon.colcon_core.package_identification:Package 'src/rplidar' with type 'ros.ament_cmake' and name 'rplidar_ros'
[5.676s] Level 1:colcon.colcon_core.package_discovery:discover_packages(recursive) using defaults
[5.678s] Level 1:colcon.colcon_core.package_discovery:discover_packages(ignore) discover
[5.678s] Level 1:colcon.colcon_core.package_discovery:discover_packages(ignore) using defaults
[5.678s] Level 1:colcon.colcon_core.package_discovery:discover_packages(path) discover
[5.678s] Level 1:colcon.colcon_core.package_discovery:discover_packages(path) using defaults
[5.975s] INFO:colcon.colcon_core.package_selection:Skipping not selected package 'front_cam' in 'src/front_cam'
[5.976s] INFO:colcon.colcon_core.package_selection:Skipping not selected package 'jetpilot_msgs' in 'src/jetpilot_msgs'
[5.976s] INFO:colcon.colcon_core.package_selection:Skipping not selected package 'rplidar_ros' in 'src/rplidar'
[5.976s] INFO:colcon.colcon_core.package_selection:Skipping not selected package 'jet_drive' in 'src/jet_drive'
[5.977s] INFO:colcon.colcon_core.package_selection:Skipping not selected package 'jet_drive_moderator' in 'src/jet_drive_moderator'
[5.977s] INFO:colcon.colcon_core.package_selection:Skipping not selected package 'joystick' in 'src/joystick'
[6.033s] Level 5:colcon.colcon_core.verb:set package 'imu_bno055' build argument 'cmake_args' from command line to 'None'
[6.034s] Level 5:colcon.colcon_core.verb:set package 'imu_bno055' build argument 'cmake_target' from command line to 'None'
[6.034s] Level 5:colcon.colcon_core.verb:set package 'imu_bno055' build argument 'cmake_target_skip_unavailable' from command line to 'False'
[6.035s] Level 5:colcon.colcon_core.verb:set package 'imu_bno055' build argument 'cmake_clean_cache' from command line to 'False'
[6.035s] Level 5:colcon.colcon_core.verb:set package 'imu_bno055' build argument 'cmake_clean_first' from command line to 'False'
[6.036s] Level 5:colcon.colcon_core.verb:set package 'imu_bno055' build argument 'cmake_force_configure' from command line to 'False'
[6.036s] Level 5:colcon.colcon_core.verb:set package 'imu_bno055' build argument 'ament_cmake_args' from command line to 'None'
[6.037s] Level 5:colcon.colcon_core.verb:set package 'imu_bno055' build argument 'catkin_cmake_args' from command line to 'None'
[6.037s] Level 5:colcon.colcon_core.verb:set package 'imu_bno055' build argument 'catkin_skip_building_tests' from command line to 'False'
[6.037s] DEBUG:colcon.colcon_core.verb:Building package 'imu_bno055' with the following arguments: {'ament_cmake_args': None, 'build_base': '/home/jetson/JetPilot/ros2/build/imu_bno055', 'catkin_cmake_args': None, 'catkin_skip_building_tests': False, 'cmake_args': None, 'cmake_clean_cache': False, 'cmake_clean_first': False, 'cmake_force_configure': False, 'cmake_target': None, 'cmake_target_skip_unavailable': False, 'install_base': '/home/jetson/JetPilot/ros2/install/imu_bno055', 'merge_install': False, 'path': '/home/jetson/JetPilot/ros2/src/imu_bno055', 'symlink_install': False, 'test_result_base': None}
[6.042s] INFO:colcon.colcon_core.executor:Executing jobs using 'parallel' executor
[6.078s] DEBUG:colcon.colcon_parallel_executor.executor.parallel:run_until_complete
[6.080s] INFO:colcon.colcon_ros.task.ament_python.build:Building ROS package in '/home/jetson/JetPilot/ros2/src/imu_bno055' with build type 'ament_python'
[6.082s] Level 1:colcon.colcon_core.shell:create_environment_hook('imu_bno055', 'ament_prefix_path')
[6.157s] INFO:colcon.colcon_core.plugin_system:Skipping extension 'colcon_core.shell.bat': Not used on non-Windows systems
[6.159s] INFO:colcon.colcon_core.shell:Creating environment hook '/home/jetson/JetPilot/ros2/install/imu_bno055/share/imu_bno055/hook/ament_prefix_path.ps1'
[6.167s] INFO:colcon.colcon_core.shell:Creating environment descriptor '/home/jetson/JetPilot/ros2/install/imu_bno055/share/imu_bno055/hook/ament_prefix_path.dsv'
[6.170s] INFO:colcon.colcon_core.shell:Creating environment hook '/home/jetson/JetPilot/ros2/install/imu_bno055/share/imu_bno055/hook/ament_prefix_path.sh'
[6.184s] INFO:colcon.colcon_core.shell:Skip shell extension 'powershell' for command environment: Not usable outside of PowerShell
[6.185s] DEBUG:colcon.colcon_core.shell:Skip shell extension 'dsv' for command environment
[14.547s] INFO:colcon.colcon_core.task.python.build:Building Python package in '/home/jetson/JetPilot/ros2/src/imu_bno055'
[14.556s] INFO:colcon.colcon_core.shell:Skip shell extension 'powershell' for command environment: Not usable outside of PowerShell
[14.556s] DEBUG:colcon.colcon_core.shell:Skip shell extension 'dsv' for command environment
[14.898s] DEBUG:colcon.colcon_core.event_handler.log_command:Invoking command in '/home/jetson/JetPilot/ros2/src/imu_bno055': CMAKE_PREFIX_PATH=/home/jetson/JetPilot/ros2/install/jetpilot_msgs:/home/jetson/JetPilot/ros2/install/rplidar_ros:/home/jetson/JetPilot/ros2/install/jet_drive_moderator:/home/jetson/JetPilot/ros2/install/front_cam:/home/jetson/ros2_dashing/install/rviz_visual_testing_framework:/home/jetson/ros2_dashing/install/rviz2:/home/jetson/ros2_dashing/install/rviz_default_plugins:/home/jetson/ros2_dashing/install/rviz_common:/home/jetson/ros2_dashing/install/rosbag2_transport:/home/jetson/ros2_dashing/install/rosbag2_storage_default_plugins:/home/jetson/ros2_dashing/install/rosbag2_converter_default_plugins:/home/jetson/ros2_dashing/install/rosbag2:/home/jetson/ros2_dashing/install/rosbag2_storage:/home/jetson/ros2_dashing/install/yaml_cpp_vendor:/home/jetson/ros2_dashing/install/ros1_bridge:/home/jetson/ros2_dashing/install/common_interfaces:/home/jetson/ros2_dashing/install/visualization_msgs:/home/jetson/ros2_dashing/install/dummy_robot_bringup:/home/jetson/ros2_dashing/install/robot_state_publisher:/home/jetson/ros2_dashing/install/kdl_parser:/home/jetson/ros2_dashing/install/urdf:/home/jetson/ros2_dashing/install/urdfdom:/home/jetson/ros2_dashing/install/urdfdom_headers:/home/jetson/ros2_dashing/install/turtlesim:/home/jetson/ros2_dashing/install/tf2_sensor_msgs:/home/jetson/ros2_dashing/install/tf2_kdl:/home/jetson/ros2_dashing/install/tf2_geometry_msgs:/home/jetson/ros2_dashing/install/tf2_eigen:/home/jetson/ros2_dashing/install/tf2_ros:/home/jetson/ros2_dashing/install/tf2_msgs:/home/jetson/ros2_dashing/install/test_msgs:/home/jetson/ros2_dashing/install/sros2_cmake:/home/jetson/ros2_dashing/install/rqt_publisher:/home/jetson/ros2_dashing/install/rqt_plot:/home/jetson/ros2_dashing/install/rqt_msg:/home/jetson/ros2_dashing/install/rqt_console:/home/jetson/ros2_dashing/install/rqt_py_common:/home/jetson/ros2_dashing/install/ros_testing:/home/jetson/ros2_dashing/install/lifecycle:/home/jetson/ros2_dashing/install/quality_of_service_demo_cpp:/home/jetson/ros2_dashing/install/demo_nodes_cpp:/home/jetson/ros2_dashing/install/composition:/home/jetson/ros2_dashing/install/action_tutorials:/home/jetson/ros2_dashing/install/rclpy:/home/jetson/ros2_dashing/install/examples_rclcpp_minimal_action_server:/home/jetson/ros2_dashing/install/examples_rclcpp_minimal_action_client:/home/jetson/ros2_dashing/install/rclcpp_action:/home/jetson/ros2_dashing/install/rcl_action:/home/jetson/ros2_dashing/install/examples_rclcpp_minimal_service:/home/jetson/ros2_dashing/install/examples_rclcpp_minimal_client:/home/jetson/ros2_dashing/install/example_interfaces:/home/jetson/ros2_dashing/install/action_msgs:/home/jetson/ros2_dashing/install/unique_identifier_msgs:/home/jetson/ros2_dashing/install/ament_lint_common:/home/jetson/ros2_dashing/install/ament_cmake_uncrustify:/home/jetson/ros2_dashing/install/uncrustify_vendor:/home/jetson/ros2_dashing/install/trajectory_msgs:/home/jetson/ros2_dashing/install/pendulum_control:/home/jetson/ros2_dashing/install/tlsf_cpp:/home/jetson/ros2_dashing/install/tlsf:/home/jetson/ros2_dashing/install/tinyxml_vendor:/home/jetson/ros2_dashing/install/rqt_gui_cpp:/home/jetson/ros2_dashing/install/qt_gui_core:/home/jetson/ros2_dashing/install/qt_gui_cpp:/home/jetson/ros2_dashing/install/pluginlib:/home/jetson/ros2_dashing/install/tinyxml2_vendor:/home/jetson/ros2_dashing/install/rosbag2_test_common:/home/jetson/ros2_dashing/install/rclcpp_lifecycle:/home/jetson/ros2_dashing/install/logging_demo:/home/jetson/ros2_dashing/install/examples_rclcpp_minimal_composition:/home/jetson/ros2_dashing/install/rclcpp_components:/home/jetson/ros2_dashing/install/laser_geometry:/home/jetson/ros2_dashing/install/intra_process_demo:/home/jetson/ros2_dashing/install/image_tools:/home/jetson/ros2_dashing/install/examples_rclcpp_minimal_timer:/home/jetson/ros2_dashing/install/examples_rclcpp_minimal_subscriber:/home/jetson/ros2_dashing/install/examples_rclcpp_minimal_publisher:/home/jetson/ros2_dashing/install/dummy_sensors:/home/jetson/ros2_dashing/install/dummy_map_server:/home/jetson/ros2_dashing/install/demo_nodes_cpp_native:/home/jetson/ros2_dashing/install/rclcpp:/home/jetson/ros2_dashing/install/rcl_lifecycle:/home/jetson/ros2_dashing/install/rcl:/home/jetson/ros2_dashing/install/tinydir_vendor:/home/jetson/ros2_dashing/install/tf2:/home/jetson/ros2_dashing/install/test_security:/home/jetson/ros2_dashing/install/test_rclcpp:/home/jetson/ros2_dashing/install/test_quality_of_service:/home/jetson/ros2_dashing/install/test_launch_testing:/home/jetson/ros2_dashing/install/test_interface_files:/home/jetson/ros2_dashing/install/test_communication:/home/jetson/ros2_dashing/install/test_cli_remapping:/home/jetson/ros2_dashing/install/test_cli:/home/jetson/ros2_dashing/install/stereo_msgs:/home/jetson/ros2_dashing/install/std_srvs:/home/jetson/ros2_dashing/install/shape_msgs:/home/jetson/ros2_dashing/install/map_msgs:/home/jetson/ros2_dashing/install/sensor_msgs:/home/jetson/ros2_dashing/install/nav_msgs:/home/jetson/ros2_dashing/install/diagnostic_msgs:/home/jetson/ros2_dashing/install/geometry_msgs:/home/jetson/ros2_dashing/install/actionlib_msgs:/home/jetson/ros2_dashing/install/std_msgs:/home/jetson/ros2_dashing/install/sqlite3_vendor:/home/jetson/ros2_dashing/install/shared_queues_vendor:/home/jetson/ros2_dashing/install/rviz_rendering_tests:/home/jetson/ros2_dashing/install/rviz_rendering:/home/jetson/ros2_dashing/install/rviz_ogre_vendor:/home/jetson/ros2_dashing/install/rviz_assimp_vendor:/home/jetson/ros2_dashing/install/rttest:/home/jetson/ros2_dashing/install/rosgraph_msgs:/home/jetson/ros2_dashing/install/composition_interfaces:/home/jetson/ros2_dashing/install/rcl_interfaces:/home/jetson/ros2_dashing/install/pendulum_msgs:/home/jetson/ros2_dashing/install/lifecycle_msgs:/home/jetson/ros2_dashing/install/builtin_interfaces:/home/jetson/ros2_dashing/install/rosidl_default_runtime:/home/jetson/ros2_dashing/install/rosidl_default_generators:/home/jetson/ros2_dashing/install/rosidl_typesupport_cpp:/home/jetson/ros2_dashing/install/rosidl_generator_py:/home/jetson/ros2_dashing/install/rosidl_typesupport_c:/home/jetson/ros2_dashing/install/rmw_implementation:/home/jetson/ros2_dashing/install/rmw_opensplice_cpp:/home/jetson/ros2_dashing/install/rosidl_typesupport_opensplice_c:/home/jetson/ros2_dashing/install/rosidl_typesupport_opensplice_cpp:/home/jetson/ros2_dashing/install/rmw_fastrtps_dynamic_cpp:/home/jetson/ros2_dashing/install/rmw_cyclonedds_cpp:/home/jetson/ros2_dashing/install/rosidl_typesupport_introspection_cpp:/home/jetson/ros2_dashing/install/rosidl_typesupport_introspection_c:/home/jetson/ros2_dashing/install/rmw_fastrtps_cpp:/home/jetson/ros2_dashing/install/rosidl_typesupport_fastrtps_c:/home/jetson/ros2_dashing/install/rosidl_typesupport_fastrtps_cpp:/home/jetson/ros2_dashing/install/rmw_connext_cpp:/home/jetson/ros2_dashing/install/rosidl_typesupport_connext_c:/home/jetson/ros2_dashing/install/rosidl_typesupport_connext_cpp:/home/jetson/ros2_dashing/install/rosidl_generator_cpp:/home/jetson/ros2_dashing/install/rmw_fastrtps_shared_cpp:/home/jetson/ros2_dashing/install/rmw:/home/jetson/ros2_dashing/install/rosidl_generator_c:/home/jetson/ros2_dashing/install/rosidl_typesupport_interface:/home/jetson/ros2_dashing/install/rosidl_generator_dds_idl:/home/jetson/ros2_dashing/install/rosidl_cmake:/home/jetson/ros2_dashing/install/rosidl_parser:/home/jetson/ros2_dashing/install/rosidl_adapter:/home/jetson/ros2_dashing/install/rosbag2_tests:/home/jetson/ros2_dashing/install/ros_environment:/home/jetson/ros2_dashing/install/rmw_implementation_cmake:/home/jetson/ros2_dashing/install/rmw_connext_shared_cpp:/home/jetson/ros2_dashing/install/resource_retriever:/home/jetson/ros2_dashing/install/rcl_logging_noop:/home/jetson/ros2_dashing/install/rcl_logging_log4cxx:/home/jetson/ros2_dashing/install/rcutils:/home/jetson/ros2_dashing/install/rcpputils:/home/jetson/ros2_dashing/install/rcl_yaml_param_parser:/home/jetson/ros2_dashing/install/qt_gui_py_common:/home/jetson/ros2_dashing/install/qt_gui_app:/home/jetson/ros2_dashing/install/qt_gui:/home/jetson/ros2_dashing/install/qt_dotgraph:/home/jetson/ros2_dashing/install/python_qt_binding:/home/jetson/ros2_dashing/install/launch_testing_ament_cmake:/home/jetson/ros2_dashing/install/python_cmake_module:/home/jetson/ros2_dashing/install/class_loader:/home/jetson/ros2_dashing/install/poco_vendor:/home/jetson/ros2_dashing/install/fastrtps:/home/jetson/ros2_dashing/install/osrf_testing_tools_cpp:/home/jetson/ros2_dashing/install/orocos_kdl:/home/jetson/ros2_dashing/install/opensplice_cmake_module:/home/jetson/ros2_dashing/install/message_filters:/home/jetson/ros2_dashing/install/libyaml_vendor:/home/jetson/ros2_dashing/install/libcurl_vendor:/home/jetson/ros2_dashing/install/ament_cmake_gmock:/home/jetson/ros2_dashing/install/gmock_vendor:/home/jetson/ros2_dashing/install/ament_cmake_gtest:/home/jetson/ros2_dashing/install/gtest_vendor:/home/jetson/ros2_dashing/install/fastrtps_cmake_module:/home/jetson/ros2_dashing/install/fastcdr:/home/jetson/ros2_dashing/install/eigen3_cmake_module:/home/jetson/ros2_dashing/install/cyclonedds_cmake_module:/home/jetson/ros2_dashing/install/cyclonedds:/home/jetson/ros2_dashing/install/console_bridge_vendor:/home/jetson/ros2_dashing/install/connext_cmake_module:/home/jetson/ros2_dashing/install/ament_cmake_xmllint:/home/jetson/ros2_dashing/install/ament_cmake_pyflakes:/home/jetson/ros2_dashing/install/ament_cmake_pep8:/home/jetson/ros2_dashing/install/ament_cmake_pep257:/home/jetson/ros2_dashing/install/ament_cmake_pclint:/home/jetson/ros2_dashing/install/ament_lint_auto:/home/jetson/ros2_dashing/install/ament_cmake_ros:/home/jetson/ros2_dashing/install/ament_cmake_pytest:/home/jetson/ros2_dashing/install/ament_cmake_nose:/home/jetson/ros2_dashing/install/ament_cmake_lint_cmake:/home/jetson/ros2_dashing/install/ament_cmake_flake8:/home/jetson/ros2_dashing/install/ament_cmake_cpplint:/home/jetson/ros2_dashing/install/ament_cmake_cppcheck:/home/jetson/ros2_dashing/install/ament_cmake_copyright:/home/jetson/ros2_dashing/install/ament_cmake_clang_tidy:/home/jetson/ros2_dashing/install/ament_cmake_clang_format:/home/jetson/ros2_dashing/install/ament_cmake_auto:/home/jetson/ros2_dashing/install/ament_cmake:/home/jetson/ros2_dashing/install/ament_cmake_test:/home/jetson/ros2_dashing/install/ament_cmake_target_dependencies:/home/jetson/ros2_dashing/install/ament_cmake_python:/home/jetson/ros2_dashing/install/ament_cmake_export_dependencies:/home/jetson/ros2_dashing/install/ament_cmake_libraries:/home/jetson/ros2_dashing/install/ament_cmake_include_directories:/home/jetson/ros2_dashing/install/ament_cmake_export_link_flags:/home/jetson/ros2_dashing/install/ament_cmake_export_interfaces:/home/jetson/ros2_dashing/install/ament_cmake_export_libraries:/home/jetson/ros2_dashing/install/ament_cmake_export_include_directories:/home/jetson/ros2_dashing/install/ament_cmake_export_definitions:/home/jetson/ros2_dashing/install/ament_cmake_core:/home/jetson/ros2_dashing/install/ament_index_cpp LD_LIBRARY_PATH=/home/jetson/JetPilot/ros2/install/jetpilot_msgs/lib:/home/jetson/JetPilot/ros2/install/rplidar_ros/lib:/home/jetson/ros2_dashing/install/rviz_default_plugins/lib:/home/jetson/ros2_dashing/install/rviz_common/lib:/home/jetson/ros2_dashing/install/rosbag2_transport/lib:/home/jetson/ros2_dashing/install/rosbag2_storage_default_plugins/lib:/home/jetson/ros2_dashing/install/rosbag2_converter_default_plugins/lib:/home/jetson/ros2_dashing/install/rosbag2/lib:/home/jetson/ros2_dashing/install/rosbag2_storage/lib:/home/jetson/ros2_dashing/install/yaml_cpp_vendor/opt/yaml_cpp_vendor/lib:/home/jetson/ros2_dashing/install/visualization_msgs/lib:/home/jetson/ros2_dashing/install/robot_state_publisher/lib:/home/jetson/ros2_dashing/install/kdl_parser/lib:/home/jetson/ros2_dashing/install/urdf/lib:/home/jetson/ros2_dashing/install/urdfdom/lib:/home/jetson/ros2_dashing/install/turtlesim/lib:/home/jetson/ros2_dashing/install/tf2_ros/lib:/home/jetson/ros2_dashing/install/tf2_msgs/lib:/home/jetson/ros2_dashing/install/test_msgs/lib:/home/jetson/ros2_dashing/install/composition/lib:/home/jetson/ros2_dashing/install/action_tutorials/lib:/home/jetson/ros2_dashing/install/rclpy/lib:/home/jetson/ros2_dashing/install/rclcpp_action/lib:/home/jetson/ros2_dashing/install/rcl_action/lib:/home/jetson/ros2_dashing/install/example_interfaces/lib:/home/jetson/ros2_dashing/install/action_msgs/lib:/home/jetson/ros2_dashing/install/unique_identifier_msgs/lib:/home/jetson/ros2_dashing/install/trajectory_msgs/lib:/home/jetson/ros2_dashing/install/tlsf/lib:/home/jetson/ros2_dashing/install/rqt_gui_cpp/lib:/home/jetson/ros2_dashing/install/qt_gui_cpp/lib:/home/jetson/ros2_dashing/install/rclcpp_lifecycle/lib:/home/jetson/ros2_dashing/install/logging_demo/lib:/home/jetson/ros2_dashing/install/examples_rclcpp_minimal_composition/lib:/home/jetson/ros2_dashing/install/laser_geometry/lib:/home/jetson/ros2_dashing/install/rclcpp/lib:/home/jetson/ros2_dashing/install/rcl_lifecycle/lib:/home/jetson/ros2_dashing/install/rcl/lib:/home/jetson/ros2_dashing/install/tf2/lib:/home/jetson/ros2_dashing/install/stereo_msgs/lib:/home/jetson/ros2_dashing/install/std_srvs/lib:/home/jetson/ros2_dashing/install/shape_msgs/lib:/home/jetson/ros2_dashing/install/map_msgs/lib:/home/jetson/ros2_dashing/install/sensor_msgs/lib:/home/jetson/ros2_dashing/install/nav_msgs/lib:/home/jetson/ros2_dashing/install/diagnostic_msgs/lib:/home/jetson/ros2_dashing/install/geometry_msgs/lib:/home/jetson/ros2_dashing/install/actionlib_msgs/lib:/home/jetson/ros2_dashing/install/std_msgs/lib:/home/jetson/ros2_dashing/install/rviz_rendering/lib:/home/jetson/ros2_dashing/install/rviz_ogre_vendor/opt/rviz_ogre_vendor/lib:/home/jetson/ros2_dashing/install/rttest/lib:/home/jetson/ros2_dashing/install/rosgraph_msgs/lib:/home/jetson/ros2_dashing/install/composition_interfaces/lib:/home/jetson/ros2_dashing/install/rcl_interfaces/lib:/home/jetson/ros2_dashing/install/pendulum_msgs/lib:/home/jetson/ros2_dashing/install/lifecycle_msgs/lib:/home/jetson/ros2_dashing/install/builtin_interfaces/lib:/home/jetson/ros2_dashing/install/rosidl_typesupport_cpp/lib:/home/jetson/ros2_dashing/install/rosidl_typesupport_c/lib:/home/jetson/ros2_dashing/install/rmw_implementation/lib:/home/jetson/ros2_dashing/install/rmw_fastrtps_dynamic_cpp/lib:/home/jetson/ros2_dashing/install/rmw_cyclonedds_cpp/lib:/home/jetson/ros2_dashing/install/rosidl_typesupport_introspection_cpp/lib:/home/jetson/ros2_dashing/install/rosidl_typesupport_introspection_c/lib:/home/jetson/ros2_dashing/install/rmw_fastrtps_cpp/lib:/home/jetson/ros2_dashing/install/rosidl_typesupport_fastrtps_c/lib:/home/jetson/ros2_dashing/install/rosidl_typesupport_fastrtps_cpp/lib:/home/jetson/ros2_dashing/install/rmw_fastrtps_shared_cpp/lib:/home/jetson/ros2_dashing/install/rmw/lib:/home/jetson/ros2_dashing/install/rosidl_generator_c/lib:/home/jetson/ros2_dashing/install/resource_retriever/lib:/home/jetson/ros2_dashing/install/rcl_logging_noop/lib:/home/jetson/ros2_dashing/install/rcl_logging_log4cxx/lib:/home/jetson/ros2_dashing/install/rcutils/lib:/home/jetson/ros2_dashing/install/rcl_yaml_param_parser/lib:/home/jetson/ros2_dashing/install/class_loader/lib:/home/jetson/ros2_dashing/install/fastrtps/lib:/home/jetson/ros2_dashing/install/osrf_testing_tools_cpp/lib:/home/jetson/ros2_dashing/install/orocos_kdl/lib:/home/jetson/ros2_dashing/install/message_filters/lib:/home/jetson/ros2_dashing/install/libyaml_vendor/lib:/home/jetson/ros2_dashing/install/fastcdr/lib:/home/jetson/ros2_dashing/install/cyclonedds/lib:/home/jetson/ros2_dashing/install/console_bridge_vendor/lib:/home/jetson/ros2_dashing/install/ament_index_cpp/lib PYTHONPATH=/home/jetson/JetPilot/ros2/install/imu_bno055/lib/python3.6/site-packages:/home/jetson/JetPilot/ros2/install/jetpilot_msgs/lib/python3.6/site-packages:/home/jetson/JetPilot/ros2/install/joystick/lib/python3.6/site-packages:/home/jetson/JetPilot/ros2/install/jet_drive/lib/python3.6/site-packages:/home/jetson/JetPilot/ros2/install/imu_bno055/lib/python3.6/site-packages:/home/jetson/ros2_dashing/build/ros2bag:/home/jetson/ros2_dashing/install/ros2bag/lib/python3.6/site-packages:/home/jetson/ros2_dashing/install/rosbag2_transport/lib/python3.6/site-packages:/home/jetson/ros2_dashing/install/visualization_msgs/lib/python3.6/site-packages:/home/jetson/ros2_dashing/install/turtlesim/lib/python3.6/site-packages:/home/jetson/ros2_dashing/build/topic_monitor:/home/jetson/ros2_dashing/install/topic_monitor/lib/python3.6/site-packages:/home/jetson/ros2_dashing/install/tf2_msgs/lib/python3.6/site-packages:/home/jetson/ros2_dashing/install/test_msgs/lib/python3.6/site-packages:/home/jetson/ros2_dashing/build/sros2:/home/jetson/ros2_dashing/install/sros2/lib/python3.6/site-packages:/home/jetson/ros2_dashing/build/rqt_topic/src:/home/jetson/ros2_dashing/install/rqt_topic/lib/python3.6/site-packages:/home/jetson/ros2_dashing/build/rqt_top/src:/home/jetson/ros2_dashing/install/rqt_top/lib/python3.6/site-packages:/home/jetson/ros2_dashing/build/rqt_srv/src:/home/jetson/ros2_dashing/install/rqt_srv/lib/python3.6/site-packages:/home/jetson/ros2_dashing/build/rqt_shell/src:/home/jetson/ros2_dashing/install/rqt_shell/lib/python3.6/site-packages:/home/jetson/ros2_dashing/build/rqt_service_caller/src:/home/jetson/ros2_dashing/install/rqt_service_caller/lib/python3.6/site-packages:/home/jetson/ros2_dashing/build/rqt_py_console/src:/home/jetson/ros2_dashing/install/rqt_py_console/lib/python3.6/site-packages:/home/jetson/ros2_dashing/install/rqt_publisher/lib/python3.6/site-packages:/home/jetson/ros2_dashing/install/rqt_plot/lib/python3.6/site-packages:/home/jetson/ros2_dashing/build/rqt_action/src:/home/jetson/ros2_dashing/install/rqt_action/lib/python3.6/site-packages:/home/jetson/ros2_dashing/install/rqt_msg/lib/python3.6/site-packages:/home/jetson/ros2_dashing/install/rqt_console/lib/python3.6/site-packages:/home/jetson/ros2_dashing/build/rqt:/home/jetson/ros2_dashing/install/rqt/lib/python3.6/site-packages:/home/jetson/ros2_dashing/install/rqt_py_common/lib/python3.6/site-packages:/home/jetson/ros2_dashing/build/rqt_graph/src:/home/jetson/ros2_dashing/install/rqt_graph/lib/python3.6/site-packages:/home/jetson/ros2_dashing/build/rqt_gui_py/src:/home/jetson/ros2_dashing/install/rqt_gui_py/lib/python3.6/site-packages:/home/jetson/ros2_dashing/build/rqt_gui/src:/home/jetson/ros2_dashing/install/rqt_gui/lib/python3.6/site-packages:/home/jetson/ros2_dashing/build/ros2topic:/home/jetson/ros2_dashing/install/ros2topic/lib/python3.6/site-packages:/home/jetson/ros2_dashing/build/ros2test:/home/jetson/ros2_dashing/install/ros2test/lib/python3.6/site-packages:/home/jetson/ros2_dashing/build/ros2component:/home/jetson/ros2_dashing/install/ros2component/lib/python3.6/site-packages:/home/jetson/ros2_dashing/build/ros2param:/home/jetson/ros2_dashing/install/ros2param/lib/python3.6/site-packages:/home/jetson/ros2_dashing/build/ros2lifecycle:/home/jetson/ros2_dashing/install/ros2lifecycle/lib/python3.6/site-packages:/home/jetson/ros2_dashing/build/ros2service:/home/jetson/ros2_dashing/install/ros2service/lib/python3.6/site-packages:/home/jetson/ros2_dashing/build/ros2srv:/home/jetson/ros2_dashing/install/ros2srv/lib/python3.6/site-packages:/home/jetson/ros2_dashing/build/ros2run:/home/jetson/ros2_dashing/install/ros2run/lib/python3.6/site-packages:/home/jetson/ros2_dashing/build/ros2launch:/home/jetson/ros2_dashing/install/ros2launch/lib/python3.6/site-packages:/home/jetson/ros2_dashing/build/ros2pkg:/home/jetson/ros2_dashing/install/ros2pkg/lib/python3.6/site-packages:/home/jetson/ros2_dashing/build/ros2node:/home/jetson/ros2_dashing/install/ros2node/lib/python3.6/site-packages:/home/jetson/ros2_dashing/build/ros2multicast:/home/jetson/ros2_dashing/install/ros2multicast/lib/python3.6/site-packages:/home/jetson/ros2_dashing/build/ros2msg:/home/jetson/ros2_dashing/install/ros2msg/lib/python3.6/site-packages:/home/jetson/ros2_dashing/build/ros2action:/home/jetson/ros2_dashing/install/ros2action/lib/python3.6/site-packages:/home/jetson/ros2_dashing/build/ros2cli:/home/jetson/ros2_dashing/install/ros2cli/lib/python3.6/site-packages:/home/jetson/ros2_dashing/build/quality_of_service_demo_py:/home/jetson/ros2_dashing/install/quality_of_service_demo_py/lib/python3.6/site-packages:/home/jetson/ros2_dashing/build/launch_testing_ros:/home/jetson/ros2_dashing/install/launch_testing_ros/lib/python3.6/site-packages:/home/jetson/ros2_dashing/build/launch_ros:/home/jetson/ros2_dashing/install/launch_ros/lib/python3.6/site-packages:/home/jetson/ros2_dashing/build/examples_rclpy_minimal_subscriber:/home/jetson/ros2_dashing/install/examples_rclpy_minimal_subscriber/lib/python3.6/site-packages:/home/jetson/ros2_dashing/build/examples_rclpy_minimal_service:/home/jetson/ros2_dashing/install/examples_rclpy_minimal_service/lib/python3.6/site-packages:/home/jetson/ros2_dashing/build/examples_rclpy_minimal_publisher:/home/jetson/ros2_dashing/install/examples_rclpy_minimal_publisher/lib/python3.6/site-packages:/home/jetson/ros2_dashing/build/examples_rclpy_minimal_client:/home/jetson/ros2_dashing/install/examples_rclpy_minimal_client/lib/python3.6/site-packages:/home/jetson/ros2_dashing/build/examples_rclpy_minimal_action_server:/home/jetson/ros2_dashing/install/examples_rclpy_minimal_action_server/lib/python3.6/site-packages:/home/jetson/ros2_dashing/build/examples_rclpy_minimal_action_client:/home/jetson/ros2_dashing/install/examples_rclpy_minimal_action_client/lib/python3.6/site-packages:/home/jetson/ros2_dashing/build/examples_rclpy_executors:/home/jetson/ros2_dashing/install/examples_rclpy_executors/lib/python3.6/site-packages:/home/jetson/ros2_dashing/build/demo_nodes_py:/home/jetson/ros2_dashing/install/demo_nodes_py/lib/python3.6/site-packages:/home/jetson/ros2_dashing/install/action_tutorials/lib/python3.6/site-packages:/home/jetson/ros2_dashing/install/rclpy/lib/python3.6/site-packages:/home/jetson/ros2_dashing/install/example_interfaces/lib/python3.6/site-packages:/home/jetson/ros2_dashing/install/action_msgs/lib/python3.6/site-packages:/home/jetson/ros2_dashing/install/unique_identifier_msgs/lib/python3.6/site-packages:/home/jetson/ros2_dashing/build/ament_uncrustify:/home/jetson/ros2_dashing/install/ament_uncrustify/lib/python3.6/site-packages:/home/jetson/ros2_dashing/install/trajectory_msgs/lib/python3.6/site-packages:/home/jetson/ros2_dashing/install/qt_gui_cpp/lib/python3.6/site-packages:/home/jetson/ros2_dashing/install/logging_demo/lib/python3.6/site-packages:/home/jetson/ros2_dashing/build/test_launch_ros:/home/jetson/ros2_dashing/install/test_launch_ros/lib/python3.6/site-packages:/home/jetson/ros2_dashing/install/stereo_msgs/lib/python3.6/site-packages:/home/jetson/ros2_dashing/install/std_srvs/lib/python3.6/site-packages:/home/jetson/ros2_dashing/install/shape_msgs/lib/python3.6/site-packages:/home/jetson/ros2_dashing/install/map_msgs/lib/python3.6/site-packages:/home/jetson/ros2_dashing/install/sensor_msgs/lib/python3.6/site-packages:/home/jetson/ros2_dashing/install/nav_msgs/lib/python3.6/site-packages:/home/jetson/ros2_dashing/install/diagnostic_msgs/lib/python3.6/site-packages:/home/jetson/ros2_dashing/install/geometry_msgs/lib/python3.6/site-packages:/home/jetson/ros2_dashing/install/actionlib_msgs/lib/python3.6/site-packages:/home/jetson/ros2_dashing/install/std_msgs/lib/python3.6/site-packages:/home/jetson/ros2_dashing/install/rosgraph_msgs/lib/python3.6/site-packages:/home/jetson/ros2_dashing/install/composition_interfaces/lib/python3.6/site-packages:/home/jetson/ros2_dashing/install/rcl_interfaces/lib/python3.6/site-packages:/home/jetson/ros2_dashing/install/pendulum_msgs/lib/python3.6/site-packages:/home/jetson/ros2_dashing/install/lifecycle_msgs/lib/python3.6/site-packages:/home/jetson/ros2_dashing/install/builtin_interfaces/lib/python3.6/site-packages:/home/jetson/ros2_dashing/install/rosidl_typesupport_cpp/lib/python3.6/site-packages:/home/jetson/ros2_dashing/install/rosidl_generator_py/lib/python3.6/site-packages:/home/jetson/ros2_dashing/install/rosidl_typesupport_c/lib/python3.6/site-packages:/home/jetson/ros2_dashing/install/rosidl_typesupport_introspection_cpp/lib/python3.6/site-packages:/home/jetson/ros2_dashing/install/rosidl_typesupport_introspection_c/lib/python3.6/site-packages:/home/jetson/ros2_dashing/install/rosidl_typesupport_fastrtps_c/lib/python3.6/site-packages:/home/jetson/ros2_dashing/install/rosidl_typesupport_fastrtps_cpp/lib/python3.6/site-packages:/home/jetson/ros2_dashing/install/rosidl_generator_cpp/lib/python3.6/site-packages:/home/jetson/ros2_dashing/install/rosidl_generator_c/lib/python3.6/site-packages:/home/jetson/ros2_dashing/build/rosidl_runtime_py:/home/jetson/ros2_dashing/install/rosidl_runtime_py/lib/python3.6/site-packages:/home/jetson/ros2_dashing/install/rosidl_generator_dds_idl/lib/python3.6/site-packages:/home/jetson/ros2_dashing/install/rosidl_cmake/lib/python3.6/site-packages:/home/jetson/ros2_dashing/install/rosidl_parser/lib/python3.6/site-packages:/home/jetson/ros2_dashing/install/rosidl_adapter/lib/python3.6/site-packages:/home/jetson/ros2_dashing/install/rcutils/lib/python3.6/site-packages:/home/jetson/ros2_dashing/install/qt_gui_py_common/lib/python3.6/site-packages:/home/jetson/ros2_dashing/install/qt_gui/lib/python3.6/site-packages:/home/jetson/ros2_dashing/install/qt_dotgraph/lib/python3.6/site-packages:/home/jetson/ros2_dashing/install/python_qt_binding/lib/python3.6/site-packages:/home/jetson/ros2_dashing/build/launch_testing:/home/jetson/ros2_dashing/install/launch_testing/lib/python3.6/site-packages:/home/jetson/ros2_dashing/build/launch:/home/jetson/ros2_dashing/install/launch/lib/python3.6/site-packages:/home/jetson/ros2_dashing/build/osrf_pycommon:/home/jetson/ros2_dashing/install/osrf_pycommon/lib/python3.6/site-packages:/home/jetson/ros2_dashing/install/message_filters/lib/python3.6/site-packages:/home/jetson/ros2_dashing/build/ament_xmllint:/home/jetson/ros2_dashing/install/ament_xmllint/lib/python3.6/site-packages:/home/jetson/ros2_dashing/build/ament_pyflakes:/home/jetson/ros2_dashing/install/ament_pyflakes/lib/python3.6/site-packages:/home/jetson/ros2_dashing/build/ament_pep8:/home/jetson/ros2_dashing/install/ament_pep8/lib/python3.6/site-packages:/home/jetson/ros2_dashing/build/ament_pep257:/home/jetson/ros2_dashing/install/ament_pep257/lib/python3.6/site-packages:/home/jetson/ros2_dashing/build/ament_pclint:/home/jetson/ros2_dashing/install/ament_pclint/lib/python3.6/site-packages:/home/jetson/ros2_dashing/install/ament_cmake_test/lib/python3.6/site-packages:/home/jetson/ros2_dashing/build/ament_package:/home/jetson/ros2_dashing/install/ament_package/lib/python3.6/site-packages:/home/jetson/ros2_dashing/build/ament_lint_cmake:/home/jetson/ros2_dashing/install/ament_lint_cmake/lib/python3.6/site-packages:/home/jetson/ros2_dashing/build/ament_flake8:/home/jetson/ros2_dashing/install/ament_flake8/lib/python3.6/site-packages:/home/jetson/ros2_dashing/build/ament_copyright:/home/jetson/ros2_dashing/install/ament_copyright/lib/python3.6/site-packages:/home/jetson/ros2_dashing/build/ament_lint:/home/jetson/ros2_dashing/install/ament_lint/lib/python3.6/site-packages:/home/jetson/ros2_dashing/build/ament_index_python:/home/jetson/ros2_dashing/install/ament_index_python/lib/python3.6/site-packages:/home/jetson/ros2_dashing/build/ament_cpplint:/home/jetson/ros2_dashing/install/ament_cpplint/lib/python3.6/site-packages:/home/jetson/ros2_dashing/build/ament_cppcheck:/home/jetson/ros2_dashing/install/ament_cppcheck/lib/python3.6/site-packages:/home/jetson/ros2_dashing/build/ament_clang_tidy:/home/jetson/ros2_dashing/install/ament_clang_tidy/lib/python3.6/site-packages:/home/jetson/ros2_dashing/build/ament_clang_format:/home/jetson/ros2_dashing/install/ament_clang_format/lib/python3.6/site-packages /usr/bin/python3 setup.py egg_info --egg-base ../../build/imu_bno055 build --build-base /home/jetson/JetPilot/ros2/build/imu_bno055/build install --prefix /home/jetson/JetPilot/ros2/install/imu_bno055 --record /home/jetson/JetPilot/ros2/build/imu_bno055/install.log --single-version-externally-managed
[23.807s] DEBUG:colcon.colcon_core.event_handler.log_command:Invoked command in '/home/jetson/JetPilot/ros2/src/imu_bno055' returned '0': CMAKE_PREFIX_PATH=/home/jetson/JetPilot/ros2/install/jetpilot_msgs:/home/jetson/JetPilot/ros2/install/rplidar_ros:/home/jetson/JetPilot/ros2/install/jet_drive_moderator:/home/jetson/JetPilot/ros2/install/front_cam:/home/jetson/ros2_dashing/install/rviz_visual_testing_framework:/home/jetson/ros2_dashing/install/rviz2:/home/jetson/ros2_dashing/install/rviz_default_plugins:/home/jetson/ros2_dashing/install/rviz_common:/home/jetson/ros2_dashing/install/rosbag2_transport:/home/jetson/ros2_dashing/install/rosbag2_storage_default_plugins:/home/jetson/ros2_dashing/install/rosbag2_converter_default_plugins:/home/jetson/ros2_dashing/install/rosbag2:/home/jetson/ros2_dashing/install/rosbag2_storage:/home/jetson/ros2_dashing/install/yaml_cpp_vendor:/home/jetson/ros2_dashing/install/ros1_bridge:/home/jetson/ros2_dashing/install/common_interfaces:/home/jetson/ros2_dashing/install/visualization_msgs:/home/jetson/ros2_dashing/install/dummy_robot_bringup:/home/jetson/ros2_dashing/install/robot_state_publisher:/home/jetson/ros2_dashing/install/kdl_parser:/home/jetson/ros2_dashing/install/urdf:/home/jetson/ros2_dashing/install/urdfdom:/home/jetson/ros2_dashing/install/urdfdom_headers:/home/jetson/ros2_dashing/install/turtlesim:/home/jetson/ros2_dashing/install/tf2_sensor_msgs:/home/jetson/ros2_dashing/install/tf2_kdl:/home/jetson/ros2_dashing/install/tf2_geometry_msgs:/home/jetson/ros2_dashing/install/tf2_eigen:/home/jetson/ros2_dashing/install/tf2_ros:/home/jetson/ros2_dashing/install/tf2_msgs:/home/jetson/ros2_dashing/install/test_msgs:/home/jetson/ros2_dashing/install/sros2_cmake:/home/jetson/ros2_dashing/install/rqt_publisher:/home/jetson/ros2_dashing/install/rqt_plot:/home/jetson/ros2_dashing/install/rqt_msg:/home/jetson/ros2_dashing/install/rqt_console:/home/jetson/ros2_dashing/install/rqt_py_common:/home/jetson/ros2_dashing/install/ros_testing:/home/jetson/ros2_dashing/install/lifecycle:/home/jetson/ros2_dashing/install/quality_of_service_demo_cpp:/home/jetson/ros2_dashing/install/demo_nodes_cpp:/home/jetson/ros2_dashing/install/composition:/home/jetson/ros2_dashing/install/action_tutorials:/home/jetson/ros2_dashing/install/rclpy:/home/jetson/ros2_dashing/install/examples_rclcpp_minimal_action_server:/home/jetson/ros2_dashing/install/examples_rclcpp_minimal_action_client:/home/jetson/ros2_dashing/install/rclcpp_action:/home/jetson/ros2_dashing/install/rcl_action:/home/jetson/ros2_dashing/install/examples_rclcpp_minimal_service:/home/jetson/ros2_dashing/install/examples_rclcpp_minimal_client:/home/jetson/ros2_dashing/install/example_interfaces:/home/jetson/ros2_dashing/install/action_msgs:/home/jetson/ros2_dashing/install/unique_identifier_msgs:/home/jetson/ros2_dashing/install/ament_lint_common:/home/jetson/ros2_dashing/install/ament_cmake_uncrustify:/home/jetson/ros2_dashing/install/uncrustify_vendor:/home/jetson/ros2_dashing/install/trajectory_msgs:/home/jetson/ros2_dashing/install/pendulum_control:/home/jetson/ros2_dashing/install/tlsf_cpp:/home/jetson/ros2_dashing/install/tlsf:/home/jetson/ros2_dashing/install/tinyxml_vendor:/home/jetson/ros2_dashing/install/rqt_gui_cpp:/home/jetson/ros2_dashing/install/qt_gui_core:/home/jetson/ros2_dashing/install/qt_gui_cpp:/home/jetson/ros2_dashing/install/pluginlib:/home/jetson/ros2_dashing/install/tinyxml2_vendor:/home/jetson/ros2_dashing/install/rosbag2_test_common:/home/jetson/ros2_dashing/install/rclcpp_lifecycle:/home/jetson/ros2_dashing/install/logging_demo:/home/jetson/ros2_dashing/install/examples_rclcpp_minimal_composition:/home/jetson/ros2_dashing/install/rclcpp_components:/home/jetson/ros2_dashing/install/laser_geometry:/home/jetson/ros2_dashing/install/intra_process_demo:/home/jetson/ros2_dashing/install/image_tools:/home/jetson/ros2_dashing/install/examples_rclcpp_minimal_timer:/home/jetson/ros2_dashing/install/examples_rclcpp_minimal_subscriber:/home/jetson/ros2_dashing/install/examples_rclcpp_minimal_publisher:/home/jetson/ros2_dashing/install/dummy_sensors:/home/jetson/ros2_dashing/install/dummy_map_server:/home/jetson/ros2_dashing/install/demo_nodes_cpp_native:/home/jetson/ros2_dashing/install/rclcpp:/home/jetson/ros2_dashing/install/rcl_lifecycle:/home/jetson/ros2_dashing/install/rcl:/home/jetson/ros2_dashing/install/tinydir_vendor:/home/jetson/ros2_dashing/install/tf2:/home/jetson/ros2_dashing/install/test_security:/home/jetson/ros2_dashing/install/test_rclcpp:/home/jetson/ros2_dashing/install/test_quality_of_service:/home/jetson/ros2_dashing/install/test_launch_testing:/home/jetson/ros2_dashing/install/test_interface_files:/home/jetson/ros2_dashing/install/test_communication:/home/jetson/ros2_dashing/install/test_cli_remapping:/home/jetson/ros2_dashing/install/test_cli:/home/jetson/ros2_dashing/install/stereo_msgs:/home/jetson/ros2_dashing/install/std_srvs:/home/jetson/ros2_dashing/install/shape_msgs:/home/jetson/ros2_dashing/install/map_msgs:/home/jetson/ros2_dashing/install/sensor_msgs:/home/jetson/ros2_dashing/install/nav_msgs:/home/jetson/ros2_dashing/install/diagnostic_msgs:/home/jetson/ros2_dashing/install/geometry_msgs:/home/jetson/ros2_dashing/install/actionlib_msgs:/home/jetson/ros2_dashing/install/std_msgs:/home/jetson/ros2_dashing/install/sqlite3_vendor:/home/jetson/ros2_dashing/install/shared_queues_vendor:/home/jetson/ros2_dashing/install/rviz_rendering_tests:/home/jetson/ros2_dashing/install/rviz_rendering:/home/jetson/ros2_dashing/install/rviz_ogre_vendor:/home/jetson/ros2_dashing/install/rviz_assimp_vendor:/home/jetson/ros2_dashing/install/rttest:/home/jetson/ros2_dashing/install/rosgraph_msgs:/home/jetson/ros2_dashing/install/composition_interfaces:/home/jetson/ros2_dashing/install/rcl_interfaces:/home/jetson/ros2_dashing/install/pendulum_msgs:/home/jetson/ros2_dashing/install/lifecycle_msgs:/home/jetson/ros2_dashing/install/builtin_interfaces:/home/jetson/ros2_dashing/install/rosidl_default_runtime:/home/jetson/ros2_dashing/install/rosidl_default_generators:/home/jetson/ros2_dashing/install/rosidl_typesupport_cpp:/home/jetson/ros2_dashing/install/rosidl_generator_py:/home/jetson/ros2_dashing/install/rosidl_typesupport_c:/home/jetson/ros2_dashing/install/rmw_implementation:/home/jetson/ros2_dashing/install/rmw_opensplice_cpp:/home/jetson/ros2_dashing/install/rosidl_typesupport_opensplice_c:/home/jetson/ros2_dashing/install/rosidl_typesupport_opensplice_cpp:/home/jetson/ros2_dashing/install/rmw_fastrtps_dynamic_cpp:/home/jetson/ros2_dashing/install/rmw_cyclonedds_cpp:/home/jetson/ros2_dashing/install/rosidl_typesupport_introspection_cpp:/home/jetson/ros2_dashing/install/rosidl_typesupport_introspection_c:/home/jetson/ros2_dashing/install/rmw_fastrtps_cpp:/home/jetson/ros2_dashing/install/rosidl_typesupport_fastrtps_c:/home/jetson/ros2_dashing/install/rosidl_typesupport_fastrtps_cpp:/home/jetson/ros2_dashing/install/rmw_connext_cpp:/home/jetson/ros2_dashing/install/rosidl_typesupport_connext_c:/home/jetson/ros2_dashing/install/rosidl_typesupport_connext_cpp:/home/jetson/ros2_dashing/install/rosidl_generator_cpp:/home/jetson/ros2_dashing/install/rmw_fastrtps_shared_cpp:/home/jetson/ros2_dashing/install/rmw:/home/jetson/ros2_dashing/install/rosidl_generator_c:/home/jetson/ros2_dashing/install/rosidl_typesupport_interface:/home/jetson/ros2_dashing/install/rosidl_generator_dds_idl:/home/jetson/ros2_dashing/install/rosidl_cmake:/home/jetson/ros2_dashing/install/rosidl_parser:/home/jetson/ros2_dashing/install/rosidl_adapter:/home/jetson/ros2_dashing/install/rosbag2_tests:/home/jetson/ros2_dashing/install/ros_environment:/home/jetson/ros2_dashing/install/rmw_implementation_cmake:/home/jetson/ros2_dashing/install/rmw_connext_shared_cpp:/home/jetson/ros2_dashing/install/resource_retriever:/home/jetson/ros2_dashing/install/rcl_logging_noop:/home/jetson/ros2_dashing/install/rcl_logging_log4cxx:/home/jetson/ros2_dashing/install/rcutils:/home/jetson/ros2_dashing/install/rcpputils:/home/jetson/ros2_dashing/install/rcl_yaml_param_parser:/home/jetson/ros2_dashing/install/qt_gui_py_common:/home/jetson/ros2_dashing/install/qt_gui_app:/home/jetson/ros2_dashing/install/qt_gui:/home/jetson/ros2_dashing/install/qt_dotgraph:/home/jetson/ros2_dashing/install/python_qt_binding:/home/jetson/ros2_dashing/install/launch_testing_ament_cmake:/home/jetson/ros2_dashing/install/python_cmake_module:/home/jetson/ros2_dashing/install/class_loader:/home/jetson/ros2_dashing/install/poco_vendor:/home/jetson/ros2_dashing/install/fastrtps:/home/jetson/ros2_dashing/install/osrf_testing_tools_cpp:/home/jetson/ros2_dashing/install/orocos_kdl:/home/jetson/ros2_dashing/install/opensplice_cmake_module:/home/jetson/ros2_dashing/install/message_filters:/home/jetson/ros2_dashing/install/libyaml_vendor:/home/jetson/ros2_dashing/install/libcurl_vendor:/home/jetson/ros2_dashing/install/ament_cmake_gmock:/home/jetson/ros2_dashing/install/gmock_vendor:/home/jetson/ros2_dashing/install/ament_cmake_gtest:/home/jetson/ros2_dashing/install/gtest_vendor:/home/jetson/ros2_dashing/install/fastrtps_cmake_module:/home/jetson/ros2_dashing/install/fastcdr:/home/jetson/ros2_dashing/install/eigen3_cmake_module:/home/jetson/ros2_dashing/install/cyclonedds_cmake_module:/home/jetson/ros2_dashing/install/cyclonedds:/home/jetson/ros2_dashing/install/console_bridge_vendor:/home/jetson/ros2_dashing/install/connext_cmake_module:/home/jetson/ros2_dashing/install/ament_cmake_xmllint:/home/jetson/ros2_dashing/install/ament_cmake_pyflakes:/home/jetson/ros2_dashing/install/ament_cmake_pep8:/home/jetson/ros2_dashing/install/ament_cmake_pep257:/home/jetson/ros2_dashing/install/ament_cmake_pclint:/home/jetson/ros2_dashing/install/ament_lint_auto:/home/jetson/ros2_dashing/install/ament_cmake_ros:/home/jetson/ros2_dashing/install/ament_cmake_pytest:/home/jetson/ros2_dashing/install/ament_cmake_nose:/home/jetson/ros2_dashing/install/ament_cmake_lint_cmake:/home/jetson/ros2_dashing/install/ament_cmake_flake8:/home/jetson/ros2_dashing/install/ament_cmake_cpplint:/home/jetson/ros2_dashing/install/ament_cmake_cppcheck:/home/jetson/ros2_dashing/install/ament_cmake_copyright:/home/jetson/ros2_dashing/install/ament_cmake_clang_tidy:/home/jetson/ros2_dashing/install/ament_cmake_clang_format:/home/jetson/ros2_dashing/install/ament_cmake_auto:/home/jetson/ros2_dashing/install/ament_cmake:/home/jetson/ros2_dashing/install/ament_cmake_test:/home/jetson/ros2_dashing/install/ament_cmake_target_dependencies:/home/jetson/ros2_dashing/install/ament_cmake_python:/home/jetson/ros2_dashing/install/ament_cmake_export_dependencies:/home/jetson/ros2_dashing/install/ament_cmake_libraries:/home/jetson/ros2_dashing/install/ament_cmake_include_directories:/home/jetson/ros2_dashing/install/ament_cmake_export_link_flags:/home/jetson/ros2_dashing/install/ament_cmake_export_interfaces:/home/jetson/ros2_dashing/install/ament_cmake_export_libraries:/home/jetson/ros2_dashing/install/ament_cmake_export_include_directories:/home/jetson/ros2_dashing/install/ament_cmake_export_definitions:/home/jetson/ros2_dashing/install/ament_cmake_core:/home/jetson/ros2_dashing/install/ament_index_cpp LD_LIBRARY_PATH=/home/jetson/JetPilot/ros2/install/jetpilot_msgs/lib:/home/jetson/JetPilot/ros2/install/rplidar_ros/lib:/home/jetson/ros2_dashing/install/rviz_default_plugins/lib:/home/jetson/ros2_dashing/install/rviz_common/lib:/home/jetson/ros2_dashing/install/rosbag2_transport/lib:/home/jetson/ros2_dashing/install/rosbag2_storage_default_plugins/lib:/home/jetson/ros2_dashing/install/rosbag2_converter_default_plugins/lib:/home/jetson/ros2_dashing/install/rosbag2/lib:/home/jetson/ros2_dashing/install/rosbag2_storage/lib:/home/jetson/ros2_dashing/install/yaml_cpp_vendor/opt/yaml_cpp_vendor/lib:/home/jetson/ros2_dashing/install/visualization_msgs/lib:/home/jetson/ros2_dashing/install/robot_state_publisher/lib:/home/jetson/ros2_dashing/install/kdl_parser/lib:/home/jetson/ros2_dashing/install/urdf/lib:/home/jetson/ros2_dashing/install/urdfdom/lib:/home/jetson/ros2_dashing/install/turtlesim/lib:/home/jetson/ros2_dashing/install/tf2_ros/lib:/home/jetson/ros2_dashing/install/tf2_msgs/lib:/home/jetson/ros2_dashing/install/test_msgs/lib:/home/jetson/ros2_dashing/install/composition/lib:/home/jetson/ros2_dashing/install/action_tutorials/lib:/home/jetson/ros2_dashing/install/rclpy/lib:/home/jetson/ros2_dashing/install/rclcpp_action/lib:/home/jetson/ros2_dashing/install/rcl_action/lib:/home/jetson/ros2_dashing/install/example_interfaces/lib:/home/jetson/ros2_dashing/install/action_msgs/lib:/home/jetson/ros2_dashing/install/unique_identifier_msgs/lib:/home/jetson/ros2_dashing/install/trajectory_msgs/lib:/home/jetson/ros2_dashing/install/tlsf/lib:/home/jetson/ros2_dashing/install/rqt_gui_cpp/lib:/home/jetson/ros2_dashing/install/qt_gui_cpp/lib:/home/jetson/ros2_dashing/install/rclcpp_lifecycle/lib:/home/jetson/ros2_dashing/install/logging_demo/lib:/home/jetson/ros2_dashing/install/examples_rclcpp_minimal_composition/lib:/home/jetson/ros2_dashing/install/laser_geometry/lib:/home/jetson/ros2_dashing/install/rclcpp/lib:/home/jetson/ros2_dashing/install/rcl_lifecycle/lib:/home/jetson/ros2_dashing/install/rcl/lib:/home/jetson/ros2_dashing/install/tf2/lib:/home/jetson/ros2_dashing/install/stereo_msgs/lib:/home/jetson/ros2_dashing/install/std_srvs/lib:/home/jetson/ros2_dashing/install/shape_msgs/lib:/home/jetson/ros2_dashing/install/map_msgs/lib:/home/jetson/ros2_dashing/install/sensor_msgs/lib:/home/jetson/ros2_dashing/install/nav_msgs/lib:/home/jetson/ros2_dashing/install/diagnostic_msgs/lib:/home/jetson/ros2_dashing/install/geometry_msgs/lib:/home/jetson/ros2_dashing/install/actionlib_msgs/lib:/home/jetson/ros2_dashing/install/std_msgs/lib:/home/jetson/ros2_dashing/install/rviz_rendering/lib:/home/jetson/ros2_dashing/install/rviz_ogre_vendor/opt/rviz_ogre_vendor/lib:/home/jetson/ros2_dashing/install/rttest/lib:/home/jetson/ros2_dashing/install/rosgraph_msgs/lib:/home/jetson/ros2_dashing/install/composition_interfaces/lib:/home/jetson/ros2_dashing/install/rcl_interfaces/lib:/home/jetson/ros2_dashing/install/pendulum_msgs/lib:/home/jetson/ros2_dashing/install/lifecycle_msgs/lib:/home/jetson/ros2_dashing/install/builtin_interfaces/lib:/home/jetson/ros2_dashing/install/rosidl_typesupport_cpp/lib:/home/jetson/ros2_dashing/install/rosidl_typesupport_c/lib:/home/jetson/ros2_dashing/install/rmw_implementation/lib:/home/jetson/ros2_dashing/install/rmw_fastrtps_dynamic_cpp/lib:/home/jetson/ros2_dashing/install/rmw_cyclonedds_cpp/lib:/home/jetson/ros2_dashing/install/rosidl_typesupport_introspection_cpp/lib:/home/jetson/ros2_dashing/install/rosidl_typesupport_introspection_c/lib:/home/jetson/ros2_dashing/install/rmw_fastrtps_cpp/lib:/home/jetson/ros2_dashing/install/rosidl_typesupport_fastrtps_c/lib:/home/jetson/ros2_dashing/install/rosidl_typesupport_fastrtps_cpp/lib:/home/jetson/ros2_dashing/install/rmw_fastrtps_shared_cpp/lib:/home/jetson/ros2_dashing/install/rmw/lib:/home/jetson/ros2_dashing/install/rosidl_generator_c/lib:/home/jetson/ros2_dashing/install/resource_retriever/lib:/home/jetson/ros2_dashing/install/rcl_logging_noop/lib:/home/jetson/ros2_dashing/install/rcl_logging_log4cxx/lib:/home/jetson/ros2_dashing/install/rcutils/lib:/home/jetson/ros2_dashing/install/rcl_yaml_param_parser/lib:/home/jetson/ros2_dashing/install/class_loader/lib:/home/jetson/ros2_dashing/install/fastrtps/lib:/home/jetson/ros2_dashing/install/osrf_testing_tools_cpp/lib:/home/jetson/ros2_dashing/install/orocos_kdl/lib:/home/jetson/ros2_dashing/install/message_filters/lib:/home/jetson/ros2_dashing/install/libyaml_vendor/lib:/home/jetson/ros2_dashing/install/fastcdr/lib:/home/jetson/ros2_dashing/install/cyclonedds/lib:/home/jetson/ros2_dashing/install/console_bridge_vendor/lib:/home/jetson/ros2_dashing/install/ament_index_cpp/lib PYTHONPATH=/home/jetson/JetPilot/ros2/install/imu_bno055/lib/python3.6/site-packages:/home/jetson/JetPilot/ros2/install/jetpilot_msgs/lib/python3.6/site-packages:/home/jetson/JetPilot/ros2/install/joystick/lib/python3.6/site-packages:/home/jetson/JetPilot/ros2/install/jet_drive/lib/python3.6/site-packages:/home/jetson/JetPilot/ros2/install/imu_bno055/lib/python3.6/site-packages:/home/jetson/ros2_dashing/build/ros2bag:/home/jetson/ros2_dashing/install/ros2bag/lib/python3.6/site-packages:/home/jetson/ros2_dashing/install/rosbag2_transport/lib/python3.6/site-packages:/home/jetson/ros2_dashing/install/visualization_msgs/lib/python3.6/site-packages:/home/jetson/ros2_dashing/install/turtlesim/lib/python3.6/site-packages:/home/jetson/ros2_dashing/build/topic_monitor:/home/jetson/ros2_dashing/install/topic_monitor/lib/python3.6/site-packages:/home/jetson/ros2_dashing/install/tf2_msgs/lib/python3.6/site-packages:/home/jetson/ros2_dashing/install/test_msgs/lib/python3.6/site-packages:/home/jetson/ros2_dashing/build/sros2:/home/jetson/ros2_dashing/install/sros2/lib/python3.6/site-packages:/home/jetson/ros2_dashing/build/rqt_topic/src:/home/jetson/ros2_dashing/install/rqt_topic/lib/python3.6/site-packages:/home/jetson/ros2_dashing/build/rqt_top/src:/home/jetson/ros2_dashing/install/rqt_top/lib/python3.6/site-packages:/home/jetson/ros2_dashing/build/rqt_srv/src:/home/jetson/ros2_dashing/install/rqt_srv/lib/python3.6/site-packages:/home/jetson/ros2_dashing/build/rqt_shell/src:/home/jetson/ros2_dashing/install/rqt_shell/lib/python3.6/site-packages:/home/jetson/ros2_dashing/build/rqt_service_caller/src:/home/jetson/ros2_dashing/install/rqt_service_caller/lib/python3.6/site-packages:/home/jetson/ros2_dashing/build/rqt_py_console/src:/home/jetson/ros2_dashing/install/rqt_py_console/lib/python3.6/site-packages:/home/jetson/ros2_dashing/install/rqt_publisher/lib/python3.6/site-packages:/home/jetson/ros2_dashing/install/rqt_plot/lib/python3.6/site-packages:/home/jetson/ros2_dashing/build/rqt_action/src:/home/jetson/ros2_dashing/install/rqt_action/lib/python3.6/site-packages:/home/jetson/ros2_dashing/install/rqt_msg/lib/python3.6/site-packages:/home/jetson/ros2_dashing/install/rqt_console/lib/python3.6/site-packages:/home/jetson/ros2_dashing/build/rqt:/home/jetson/ros2_dashing/install/rqt/lib/python3.6/site-packages:/home/jetson/ros2_dashing/install/rqt_py_common/lib/python3.6/site-packages:/home/jetson/ros2_dashing/build/rqt_graph/src:/home/jetson/ros2_dashing/install/rqt_graph/lib/python3.6/site-packages:/home/jetson/ros2_dashing/build/rqt_gui_py/src:/home/jetson/ros2_dashing/install/rqt_gui_py/lib/python3.6/site-packages:/home/jetson/ros2_dashing/build/rqt_gui/src:/home/jetson/ros2_dashing/install/rqt_gui/lib/python3.6/site-packages:/home/jetson/ros2_dashing/build/ros2topic:/home/jetson/ros2_dashing/install/ros2topic/lib/python3.6/site-packages:/home/jetson/ros2_dashing/build/ros2test:/home/jetson/ros2_dashing/install/ros2test/lib/python3.6/site-packages:/home/jetson/ros2_dashing/build/ros2component:/home/jetson/ros2_dashing/install/ros2component/lib/python3.6/site-packages:/home/jetson/ros2_dashing/build/ros2param:/home/jetson/ros2_dashing/install/ros2param/lib/python3.6/site-packages:/home/jetson/ros2_dashing/build/ros2lifecycle:/home/jetson/ros2_dashing/install/ros2lifecycle/lib/python3.6/site-packages:/home/jetson/ros2_dashing/build/ros2service:/home/jetson/ros2_dashing/install/ros2service/lib/python3.6/site-packages:/home/jetson/ros2_dashing/build/ros2srv:/home/jetson/ros2_dashing/install/ros2srv/lib/python3.6/site-packages:/home/jetson/ros2_dashing/build/ros2run:/home/jetson/ros2_dashing/install/ros2run/lib/python3.6/site-packages:/home/jetson/ros2_dashing/build/ros2launch:/home/jetson/ros2_dashing/install/ros2launch/lib/python3.6/site-packages:/home/jetson/ros2_dashing/build/ros2pkg:/home/jetson/ros2_dashing/install/ros2pkg/lib/python3.6/site-packages:/home/jetson/ros2_dashing/build/ros2node:/home/jetson/ros2_dashing/install/ros2node/lib/python3.6/site-packages:/home/jetson/ros2_dashing/build/ros2multicast:/home/jetson/ros2_dashing/install/ros2multicast/lib/python3.6/site-packages:/home/jetson/ros2_dashing/build/ros2msg:/home/jetson/ros2_dashing/install/ros2msg/lib/python3.6/site-packages:/home/jetson/ros2_dashing/build/ros2action:/home/jetson/ros2_dashing/install/ros2action/lib/python3.6/site-packages:/home/jetson/ros2_dashing/build/ros2cli:/home/jetson/ros2_dashing/install/ros2cli/lib/python3.6/site-packages:/home/jetson/ros2_dashing/build/quality_of_service_demo_py:/home/jetson/ros2_dashing/install/quality_of_service_demo_py/lib/python3.6/site-packages:/home/jetson/ros2_dashing/build/launch_testing_ros:/home/jetson/ros2_dashing/install/launch_testing_ros/lib/python3.6/site-packages:/home/jetson/ros2_dashing/build/launch_ros:/home/jetson/ros2_dashing/install/launch_ros/lib/python3.6/site-packages:/home/jetson/ros2_dashing/build/examples_rclpy_minimal_subscriber:/home/jetson/ros2_dashing/install/examples_rclpy_minimal_subscriber/lib/python3.6/site-packages:/home/jetson/ros2_dashing/build/examples_rclpy_minimal_service:/home/jetson/ros2_dashing/install/examples_rclpy_minimal_service/lib/python3.6/site-packages:/home/jetson/ros2_dashing/build/examples_rclpy_minimal_publisher:/home/jetson/ros2_dashing/install/examples_rclpy_minimal_publisher/lib/python3.6/site-packages:/home/jetson/ros2_dashing/build/examples_rclpy_minimal_client:/home/jetson/ros2_dashing/install/examples_rclpy_minimal_client/lib/python3.6/site-packages:/home/jetson/ros2_dashing/build/examples_rclpy_minimal_action_server:/home/jetson/ros2_dashing/install/examples_rclpy_minimal_action_server/lib/python3.6/site-packages:/home/jetson/ros2_dashing/build/examples_rclpy_minimal_action_client:/home/jetson/ros2_dashing/install/examples_rclpy_minimal_action_client/lib/python3.6/site-packages:/home/jetson/ros2_dashing/build/examples_rclpy_executors:/home/jetson/ros2_dashing/install/examples_rclpy_executors/lib/python3.6/site-packages:/home/jetson/ros2_dashing/build/demo_nodes_py:/home/jetson/ros2_dashing/install/demo_nodes_py/lib/python3.6/site-packages:/home/jetson/ros2_dashing/install/action_tutorials/lib/python3.6/site-packages:/home/jetson/ros2_dashing/install/rclpy/lib/python3.6/site-packages:/home/jetson/ros2_dashing/install/example_interfaces/lib/python3.6/site-packages:/home/jetson/ros2_dashing/install/action_msgs/lib/python3.6/site-packages:/home/jetson/ros2_dashing/install/unique_identifier_msgs/lib/python3.6/site-packages:/home/jetson/ros2_dashing/build/ament_uncrustify:/home/jetson/ros2_dashing/install/ament_uncrustify/lib/python3.6/site-packages:/home/jetson/ros2_dashing/install/trajectory_msgs/lib/python3.6/site-packages:/home/jetson/ros2_dashing/install/qt_gui_cpp/lib/python3.6/site-packages:/home/jetson/ros2_dashing/install/logging_demo/lib/python3.6/site-packages:/home/jetson/ros2_dashing/build/test_launch_ros:/home/jetson/ros2_dashing/install/test_launch_ros/lib/python3.6/site-packages:/home/jetson/ros2_dashing/install/stereo_msgs/lib/python3.6/site-packages:/home/jetson/ros2_dashing/install/std_srvs/lib/python3.6/site-packages:/home/jetson/ros2_dashing/install/shape_msgs/lib/python3.6/site-packages:/home/jetson/ros2_dashing/install/map_msgs/lib/python3.6/site-packages:/home/jetson/ros2_dashing/install/sensor_msgs/lib/python3.6/site-packages:/home/jetson/ros2_dashing/install/nav_msgs/lib/python3.6/site-packages:/home/jetson/ros2_dashing/install/diagnostic_msgs/lib/python3.6/site-packages:/home/jetson/ros2_dashing/install/geometry_msgs/lib/python3.6/site-packages:/home/jetson/ros2_dashing/install/actionlib_msgs/lib/python3.6/site-packages:/home/jetson/ros2_dashing/install/std_msgs/lib/python3.6/site-packages:/home/jetson/ros2_dashing/install/rosgraph_msgs/lib/python3.6/site-packages:/home/jetson/ros2_dashing/install/composition_interfaces/lib/python3.6/site-packages:/home/jetson/ros2_dashing/install/rcl_interfaces/lib/python3.6/site-packages:/home/jetson/ros2_dashing/install/pendulum_msgs/lib/python3.6/site-packages:/home/jetson/ros2_dashing/install/lifecycle_msgs/lib/python3.6/site-packages:/home/jetson/ros2_dashing/install/builtin_interfaces/lib/python3.6/site-packages:/home/jetson/ros2_dashing/install/rosidl_typesupport_cpp/lib/python3.6/site-packages:/home/jetson/ros2_dashing/install/rosidl_generator_py/lib/python3.6/site-packages:/home/jetson/ros2_dashing/install/rosidl_typesupport_c/lib/python3.6/site-packages:/home/jetson/ros2_dashing/install/rosidl_typesupport_introspection_cpp/lib/python3.6/site-packages:/home/jetson/ros2_dashing/install/rosidl_typesupport_introspection_c/lib/python3.6/site-packages:/home/jetson/ros2_dashing/install/rosidl_typesupport_fastrtps_c/lib/python3.6/site-packages:/home/jetson/ros2_dashing/install/rosidl_typesupport_fastrtps_cpp/lib/python3.6/site-packages:/home/jetson/ros2_dashing/install/rosidl_generator_cpp/lib/python3.6/site-packages:/home/jetson/ros2_dashing/install/rosidl_generator_c/lib/python3.6/site-packages:/home/jetson/ros2_dashing/build/rosidl_runtime_py:/home/jetson/ros2_dashing/install/rosidl_runtime_py/lib/python3.6/site-packages:/home/jetson/ros2_dashing/install/rosidl_generator_dds_idl/lib/python3.6/site-packages:/home/jetson/ros2_dashing/install/rosidl_cmake/lib/python3.6/site-packages:/home/jetson/ros2_dashing/install/rosidl_parser/lib/python3.6/site-packages:/home/jetson/ros2_dashing/install/rosidl_adapter/lib/python3.6/site-packages:/home/jetson/ros2_dashing/install/rcutils/lib/python3.6/site-packages:/home/jetson/ros2_dashing/install/qt_gui_py_common/lib/python3.6/site-packages:/home/jetson/ros2_dashing/install/qt_gui/lib/python3.6/site-packages:/home/jetson/ros2_dashing/install/qt_dotgraph/lib/python3.6/site-packages:/home/jetson/ros2_dashing/install/python_qt_binding/lib/python3.6/site-packages:/home/jetson/ros2_dashing/build/launch_testing:/home/jetson/ros2_dashing/install/launch_testing/lib/python3.6/site-packages:/home/jetson/ros2_dashing/build/launch:/home/jetson/ros2_dashing/install/launch/lib/python3.6/site-packages:/home/jetson/ros2_dashing/build/osrf_pycommon:/home/jetson/ros2_dashing/install/osrf_pycommon/lib/python3.6/site-packages:/home/jetson/ros2_dashing/install/message_filters/lib/python3.6/site-packages:/home/jetson/ros2_dashing/build/ament_xmllint:/home/jetson/ros2_dashing/install/ament_xmllint/lib/python3.6/site-packages:/home/jetson/ros2_dashing/build/ament_pyflakes:/home/jetson/ros2_dashing/install/ament_pyflakes/lib/python3.6/site-packages:/home/jetson/ros2_dashing/build/ament_pep8:/home/jetson/ros2_dashing/install/ament_pep8/lib/python3.6/site-packages:/home/jetson/ros2_dashing/build/ament_pep257:/home/jetson/ros2_dashing/install/ament_pep257/lib/python3.6/site-packages:/home/jetson/ros2_dashing/build/ament_pclint:/home/jetson/ros2_dashing/install/ament_pclint/lib/python3.6/site-packages:/home/jetson/ros2_dashing/install/ament_cmake_test/lib/python3.6/site-packages:/home/jetson/ros2_dashing/build/ament_package:/home/jetson/ros2_dashing/install/ament_package/lib/python3.6/site-packages:/home/jetson/ros2_dashing/build/ament_lint_cmake:/home/jetson/ros2_dashing/install/ament_lint_cmake/lib/python3.6/site-packages:/home/jetson/ros2_dashing/build/ament_flake8:/home/jetson/ros2_dashing/install/ament_flake8/lib/python3.6/site-packages:/home/jetson/ros2_dashing/build/ament_copyright:/home/jetson/ros2_dashing/install/ament_copyright/lib/python3.6/site-packages:/home/jetson/ros2_dashing/build/ament_lint:/home/jetson/ros2_dashing/install/ament_lint/lib/python3.6/site-packages:/home/jetson/ros2_dashing/build/ament_index_python:/home/jetson/ros2_dashing/install/ament_index_python/lib/python3.6/site-packages:/home/jetson/ros2_dashing/build/ament_cpplint:/home/jetson/ros2_dashing/install/ament_cpplint/lib/python3.6/site-packages:/home/jetson/ros2_dashing/build/ament_cppcheck:/home/jetson/ros2_dashing/install/ament_cppcheck/lib/python3.6/site-packages:/home/jetson/ros2_dashing/build/ament_clang_tidy:/home/jetson/ros2_dashing/install/ament_clang_tidy/lib/python3.6/site-packages:/home/jetson/ros2_dashing/build/ament_clang_format:/home/jetson/ros2_dashing/install/ament_clang_format/lib/python3.6/site-packages /usr/bin/python3 setup.py egg_info --egg-base ../../build/imu_bno055 build --build-base /home/jetson/JetPilot/ros2/build/imu_bno055/build install --prefix /home/jetson/JetPilot/ros2/install/imu_bno055 --record /home/jetson/JetPilot/ros2/build/imu_bno055/install.log --single-version-externally-managed
[23.880s] Level 1:colcon.colcon_core.environment:checking '/home/jetson/JetPilot/ros2/install/imu_bno055' for CMake module files
[23.885s] Level 1:colcon.colcon_core.environment:checking '/home/jetson/JetPilot/ros2/install/imu_bno055' for CMake config files
[23.893s] Level 1:colcon.colcon_core.environment:checking '/home/jetson/JetPilot/ros2/install/imu_bno055/lib'
[23.894s] Level 1:colcon.colcon_core.environment:checking '/home/jetson/JetPilot/ros2/install/imu_bno055/bin'
[23.895s] Level 1:colcon.colcon_core.environment:checking '/home/jetson/JetPilot/ros2/install/imu_bno055/lib/pkgconfig/imu_bno055.pc'
[23.895s] Level 1:colcon.colcon_core.environment:checking '/home/jetson/JetPilot/ros2/install/imu_bno055/lib/python3.6/site-packages'
[23.896s] Level 1:colcon.colcon_core.shell:create_environment_hook('imu_bno055', 'pythonpath')
[23.904s] INFO:colcon.colcon_core.shell:Creating environment hook '/home/jetson/JetPilot/ros2/install/imu_bno055/share/imu_bno055/hook/pythonpath.ps1'
[23.908s] INFO:colcon.colcon_core.shell:Creating environment descriptor '/home/jetson/JetPilot/ros2/install/imu_bno055/share/imu_bno055/hook/pythonpath.dsv'
[23.910s] INFO:colcon.colcon_core.shell:Creating environment hook '/home/jetson/JetPilot/ros2/install/imu_bno055/share/imu_bno055/hook/pythonpath.sh'
[23.913s] Level 1:colcon.colcon_core.environment:create_environment_scripts_only(imu_bno055)
[23.922s] INFO:colcon.colcon_core.shell:Creating package script '/home/jetson/JetPilot/ros2/install/imu_bno055/share/imu_bno055/package.ps1'
[23.930s] INFO:colcon.colcon_core.shell:Creating package descriptor '/home/jetson/JetPilot/ros2/install/imu_bno055/share/imu_bno055/package.dsv'
[23.935s] INFO:colcon.colcon_core.shell:Creating package script '/home/jetson/JetPilot/ros2/install/imu_bno055/share/imu_bno055/package.sh'
[23.944s] INFO:colcon.colcon_core.shell:Creating package script '/home/jetson/JetPilot/ros2/install/imu_bno055/share/imu_bno055/package.bash'
[23.952s] INFO:colcon.colcon_core.shell:Creating package script '/home/jetson/JetPilot/ros2/install/imu_bno055/share/imu_bno055/package.zsh'
[23.960s] Level 1:colcon.colcon_core.environment:create_file_with_runtime_dependencies(/home/jetson/JetPilot/ros2/install/imu_bno055/share/colcon-core/packages/imu_bno055)
[23.962s] DEBUG:colcon.colcon_parallel_executor.executor.parallel:closing loop
[23.966s] DEBUG:colcon.colcon_parallel_executor.executor.parallel:loop closed
[23.967s] DEBUG:colcon.colcon_parallel_executor.executor.parallel:run_until_complete finished with '0'
[23.968s] DEBUG:colcon.colcon_core.event_reactor:joining thread
[24.077s] INFO:colcon.colcon_core.plugin_system:Skipping extension 'colcon_notification.desktop_notification.terminal_notifier': Not used on non-Darwin systems
[24.078s] INFO:colcon.colcon_core.plugin_system:Skipping extension 'colcon_notification.desktop_notification.win32': Not used on non-Windows systems
[24.078s] INFO:colcon.colcon_notification.desktop_notification:Sending desktop notification using 'notify2'
[24.084s] DEBUG:colcon.colcon_notification.desktop_notification.notify2:Failed to initialize notify2: org.freedesktop.DBus.Error.ServiceUnknown: The name org.freedesktop.Notifications was not provided by any .service files
[24.085s] DEBUG:colcon.colcon_core.event_reactor:joined thread
[24.097s] INFO:colcon.colcon_core.shell:Creating prefix script '/home/jetson/JetPilot/ros2/install/local_setup.ps1'
[24.110s] INFO:colcon.colcon_core.shell:Creating prefix util module '/home/jetson/JetPilot/ros2/install/_local_setup_util_ps1.py'
[24.128s] INFO:colcon.colcon_core.shell:Creating prefix chain script '/home/jetson/JetPilot/ros2/install/setup.ps1'
[24.255s] INFO:colcon.colcon_core.shell:Creating prefix script '/home/jetson/JetPilot/ros2/install/local_setup.sh'
[24.260s] INFO:colcon.colcon_core.shell:Creating prefix util module '/home/jetson/JetPilot/ros2/install/_local_setup_util_sh.py'
[24.263s] INFO:colcon.colcon_core.shell:Creating prefix chain script '/home/jetson/JetPilot/ros2/install/setup.sh'
[24.394s] INFO:colcon.colcon_core.shell:Creating prefix script '/home/jetson/JetPilot/ros2/install/local_setup.bash'
[24.398s] INFO:colcon.colcon_core.shell:Creating prefix chain script '/home/jetson/JetPilot/ros2/install/setup.bash'
[24.526s] INFO:colcon.colcon_core.shell:Creating prefix script '/home/jetson/JetPilot/ros2/install/local_setup.zsh'
[24.531s] INFO:colcon.colcon_core.shell:Creating prefix chain script '/home/jetson/JetPilot/ros2/install/setup.zsh'
