Determining if the pthread_create exist failed with the following output:
Change Dir: /home/jetson/JetAutonomy/ros2/build/jet_drive_moderator/CMakeFiles/CMakeTmp

Run Build Command:"/usr/bin/make" "cmTC_e31bd/fast"
/usr/bin/make -f CMakeFiles/cmTC_e31bd.dir/build.make CMakeFiles/cmTC_e31bd.dir/build
make[1]: Entering directory '/home/jetson/JetAutonomy/ros2/build/jet_drive_moderator/CMakeFiles/CMakeTmp'
Building C object CMakeFiles/cmTC_e31bd.dir/CheckSymbolExists.c.o
/usr/bin/cc    -o CMakeFiles/cmTC_e31bd.dir/CheckSymbolExists.c.o   -c /home/jetson/JetAutonomy/ros2/build/jet_drive_moderator/CMakeFiles/CMakeTmp/CheckSymbolExists.c
Linking C executable cmTC_e31bd
/usr/bin/cmake -E cmake_link_script CMakeFiles/cmTC_e31bd.dir/link.txt --verbose=1
/usr/bin/cc      CMakeFiles/cmTC_e31bd.dir/CheckSymbolExists.c.o  -o cmTC_e31bd 
CMakeFiles/cmTC_e31bd.dir/CheckSymbolExists.c.o: In function `main':
CheckSymbolExists.c:(.text+0x14): undefined reference to `pthread_create'
CheckSymbolExists.c:(.text+0x18): undefined reference to `pthread_create'
collect2: error: ld returned 1 exit status
CMakeFiles/cmTC_e31bd.dir/build.make:97: recipe for target 'cmTC_e31bd' failed
make[1]: *** [cmTC_e31bd] Error 1
make[1]: Leaving directory '/home/jetson/JetAutonomy/ros2/build/jet_drive_moderator/CMakeFiles/CMakeTmp'
Makefile:126: recipe for target 'cmTC_e31bd/fast' failed
make: *** [cmTC_e31bd/fast] Error 2

File /home/jetson/JetAutonomy/ros2/build/jet_drive_moderator/CMakeFiles/CMakeTmp/CheckSymbolExists.c:
/* */
#include <pthread.h>

int main(int argc, char** argv)
{
  (void)argv;
#ifndef pthread_create
  return ((int*)(&pthread_create))[argc];
#else
  (void)argc;
  return 0;
#endif
}

Determining if the function pthread_create exists in the pthreads failed with the following output:
Change Dir: /home/jetson/JetAutonomy/ros2/build/jet_drive_moderator/CMakeFiles/CMakeTmp

Run Build Command:"/usr/bin/make" "cmTC_94829/fast"
/usr/bin/make -f CMakeFiles/cmTC_94829.dir/build.make CMakeFiles/cmTC_94829.dir/build
make[1]: Entering directory '/home/jetson/JetAutonomy/ros2/build/jet_drive_moderator/CMakeFiles/CMakeTmp'
Building C object CMakeFiles/cmTC_94829.dir/CheckFunctionExists.c.o
/usr/bin/cc   -DCHECK_FUNCTION_EXISTS=pthread_create   -o CMakeFiles/cmTC_94829.dir/CheckFunctionExists.c.o   -c /usr/share/cmake-3.10/Modules/CheckFunctionExists.c
Linking C executable cmTC_94829
/usr/bin/cmake -E cmake_link_script CMakeFiles/cmTC_94829.dir/link.txt --verbose=1
/usr/bin/cc  -DCHECK_FUNCTION_EXISTS=pthread_create    CMakeFiles/cmTC_94829.dir/CheckFunctionExists.c.o  -o cmTC_94829 -lpthreads 
/usr/bin/ld: cannot find -lpthreads
collect2: error: ld returned 1 exit status
CMakeFiles/cmTC_94829.dir/build.make:97: recipe for target 'cmTC_94829' failed
make[1]: *** [cmTC_94829] Error 1
make[1]: Leaving directory '/home/jetson/JetAutonomy/ros2/build/jet_drive_moderator/CMakeFiles/CMakeTmp'
Makefile:126: recipe for target 'cmTC_94829/fast' failed
make: *** [cmTC_94829/fast] Error 2


