running egg_info
creating ../../build/joystick/joystick.egg-info
writing ../../build/joystick/joystick.egg-info/PKG-INFO
writing dependency_links to ../../build/joystick/joystick.egg-info/dependency_links.txt
writing entry points to ../../build/joystick/joystick.egg-info/entry_points.txt
writing requirements to ../../build/joystick/joystick.egg-info/requires.txt
writing top-level names to ../../build/joystick/joystick.egg-info/top_level.txt
writing manifest file '../../build/joystick/joystick.egg-info/SOURCES.txt'
reading manifest file '../../build/joystick/joystick.egg-info/SOURCES.txt'
writing manifest file '../../build/joystick/joystick.egg-info/SOURCES.txt'
running build
running build_py
creating /home/jetson/JetPilot/ros2/build/joystick/build
creating /home/jetson/JetPilot/ros2/build/joystick/build/lib
creating /home/jetson/JetPilot/ros2/build/joystick/build/lib/joystick
copying joystick/gamepad.py -> /home/jetson/JetPilot/ros2/build/joystick/build/lib/joystick
copying joystick/joystick_node.py -> /home/jetson/JetPilot/ros2/build/joystick/build/lib/joystick
copying joystick/__init__.py -> /home/jetson/JetPilot/ros2/build/joystick/build/lib/joystick
running install
running install_lib
creating /home/jetson/JetPilot/ros2/install/joystick/lib/python3.6/site-packages/joystick
copying /home/jetson/JetPilot/ros2/build/joystick/build/lib/joystick/gamepad.py -> /home/jetson/JetPilot/ros2/install/joystick/lib/python3.6/site-packages/joystick
copying /home/jetson/JetPilot/ros2/build/joystick/build/lib/joystick/joystick_node.py -> /home/jetson/JetPilot/ros2/install/joystick/lib/python3.6/site-packages/joystick
copying /home/jetson/JetPilot/ros2/build/joystick/build/lib/joystick/__init__.py -> /home/jetson/JetPilot/ros2/install/joystick/lib/python3.6/site-packages/joystick
byte-compiling /home/jetson/JetPilot/ros2/install/joystick/lib/python3.6/site-packages/joystick/gamepad.py to gamepad.cpython-36.pyc
byte-compiling /home/jetson/JetPilot/ros2/install/joystick/lib/python3.6/site-packages/joystick/joystick_node.py to joystick_node.cpython-36.pyc
byte-compiling /home/jetson/JetPilot/ros2/install/joystick/lib/python3.6/site-packages/joystick/__init__.py to __init__.cpython-36.pyc
running install_data
creating /home/jetson/JetPilot/ros2/install/joystick/share/ament_index
creating /home/jetson/JetPilot/ros2/install/joystick/share/ament_index/resource_index
creating /home/jetson/JetPilot/ros2/install/joystick/share/ament_index/resource_index/packages
copying resource/joystick -> /home/jetson/JetPilot/ros2/install/joystick/share/ament_index/resource_index/packages
copying package.xml -> /home/jetson/JetPilot/ros2/install/joystick/share/joystick
copying launch/joystick_node.launch.py -> /home/jetson/JetPilot/ros2/install/joystick/share/joystick
running install_egg_info
Copying ../../build/joystick/joystick.egg-info to /home/jetson/JetPilot/ros2/install/joystick/lib/python3.6/site-packages/joystick-0.0.0-py3.6.egg-info
running install_scripts
Installing joystick_node script to /home/jetson/JetPilot/ros2/install/joystick/lib/joystick
writing list of installed files to '/home/jetson/JetPilot/ros2/build/joystick/install.log'
