[50.236s] Invoking command in '/home/jetson/JetPilot/ros2/src/joystick': AMENT_PREFIX_PATH=/home/jetson/JetPilot/ros2/install/jetpilot_msgs:${AMENT_PREFIX_PATH} CMAKE_PREFIX_PATH=/home/jetson/JetPilot/ros2/install/jetpilot_msgs:${CMAKE_PREFIX_PATH} LD_LIBRARY_PATH=/home/jetson/JetPilot/ros2/install/jetpilot_msgs/lib:${LD_LIBRARY_PATH} PYTHONPATH=/home/jetson/JetPilot/ros2/install/joystick/lib/python3.6/site-packages:/home/jetson/JetPilot/ros2/install/jetpilot_msgs/lib/python3.6/site-packages:${PYTHONPATH} /usr/bin/python3 setup.py egg_info --egg-base ../../build/joystick build --build-base /home/jetson/JetPilot/ros2/build/joystick/build install --prefix /home/jetson/JetPilot/ros2/install/joystick --record /home/jetson/JetPilot/ros2/build/joystick/install.log --single-version-externally-managed
[70.229s] running egg_info
[70.244s] creating ../../build/joystick/joystick.egg-info
[70.248s] writing ../../build/joystick/joystick.egg-info/PKG-INFO
[70.248s] writing dependency_links to ../../build/joystick/joystick.egg-info/dependency_links.txt
[70.249s] writing entry points to ../../build/joystick/joystick.egg-info/entry_points.txt
[70.250s] writing requirements to ../../build/joystick/joystick.egg-info/requires.txt
[70.259s] writing top-level names to ../../build/joystick/joystick.egg-info/top_level.txt
[70.310s] writing manifest file '../../build/joystick/joystick.egg-info/SOURCES.txt'
[71.123s] reading manifest file '../../build/joystick/joystick.egg-info/SOURCES.txt'
[71.151s] writing manifest file '../../build/joystick/joystick.egg-info/SOURCES.txt'
[71.153s] running build
[71.159s] running build_py
[71.160s] creating /home/jetson/JetPilot/ros2/build/joystick/build
[71.171s] creating /home/jetson/JetPilot/ros2/build/joystick/build/lib
[71.172s] creating /home/jetson/JetPilot/ros2/build/joystick/build/lib/joystick
[71.173s] copying joystick/gamepad.py -> /home/jetson/JetPilot/ros2/build/joystick/build/lib/joystick
[71.173s] copying joystick/joystick_node.py -> /home/jetson/JetPilot/ros2/build/joystick/build/lib/joystick
[71.174s] copying joystick/__init__.py -> /home/jetson/JetPilot/ros2/build/joystick/build/lib/joystick
[71.191s] running install
[71.192s] running install_lib
[71.193s] creating /home/jetson/JetPilot/ros2/install/joystick/lib/python3.6/site-packages/joystick
[71.193s] copying /home/jetson/JetPilot/ros2/build/joystick/build/lib/joystick/gamepad.py -> /home/jetson/JetPilot/ros2/install/joystick/lib/python3.6/site-packages/joystick
[71.194s] copying /home/jetson/JetPilot/ros2/build/joystick/build/lib/joystick/joystick_node.py -> /home/jetson/JetPilot/ros2/install/joystick/lib/python3.6/site-packages/joystick
[71.203s] copying /home/jetson/JetPilot/ros2/build/joystick/build/lib/joystick/__init__.py -> /home/jetson/JetPilot/ros2/install/joystick/lib/python3.6/site-packages/joystick
[71.249s] byte-compiling /home/jetson/JetPilot/ros2/install/joystick/lib/python3.6/site-packages/joystick/gamepad.py to gamepad.cpython-36.pyc
[71.271s] byte-compiling /home/jetson/JetPilot/ros2/install/joystick/lib/python3.6/site-packages/joystick/joystick_node.py to joystick_node.cpython-36.pyc
[71.292s] byte-compiling /home/jetson/JetPilot/ros2/install/joystick/lib/python3.6/site-packages/joystick/__init__.py to __init__.cpython-36.pyc
[71.300s] running install_data
[71.313s] creating /home/jetson/JetPilot/ros2/install/joystick/share/ament_index
[71.320s] creating /home/jetson/JetPilot/ros2/install/joystick/share/ament_index/resource_index
[71.323s] creating /home/jetson/JetPilot/ros2/install/joystick/share/ament_index/resource_index/packages
[71.324s] copying resource/joystick -> /home/jetson/JetPilot/ros2/install/joystick/share/ament_index/resource_index/packages
[71.325s] copying package.xml -> /home/jetson/JetPilot/ros2/install/joystick/share/joystick
[71.335s] copying launch/joystick_node.launch.py -> /home/jetson/JetPilot/ros2/install/joystick/share/joystick
[71.336s] running install_egg_info
[71.488s] Copying ../../build/joystick/joystick.egg-info to /home/jetson/JetPilot/ros2/install/joystick/lib/python3.6/site-packages/joystick-0.0.0-py3.6.egg-info
[71.508s] running install_scripts
[72.373s] Installing joystick_node script to /home/jetson/JetPilot/ros2/install/joystick/lib/joystick
[72.374s] writing list of installed files to '/home/jetson/JetPilot/ros2/build/joystick/install.log'
[72.865s] Invoked command in '/home/jetson/JetPilot/ros2/src/joystick' returned '0': AMENT_PREFIX_PATH=/home/jetson/JetPilot/ros2/install/jetpilot_msgs:${AMENT_PREFIX_PATH} CMAKE_PREFIX_PATH=/home/jetson/JetPilot/ros2/install/jetpilot_msgs:${CMAKE_PREFIX_PATH} LD_LIBRARY_PATH=/home/jetson/JetPilot/ros2/install/jetpilot_msgs/lib:${LD_LIBRARY_PATH} PYTHONPATH=/home/jetson/JetPilot/ros2/install/joystick/lib/python3.6/site-packages:/home/jetson/JetPilot/ros2/install/jetpilot_msgs/lib/python3.6/site-packages:${PYTHONPATH} /usr/bin/python3 setup.py egg_info --egg-base ../../build/joystick build --build-base /home/jetson/JetPilot/ros2/build/joystick/build install --prefix /home/jetson/JetPilot/ros2/install/joystick --record /home/jetson/JetPilot/ros2/build/joystick/install.log --single-version-externally-managed
