[5.354s] DEBUG:colcon:Command line arguments: ['/usr/bin/colcon', 'build', '--packages-select', 'front_cam']
[5.354s] DEBUG:colcon:Parsed command line arguments: Namespace(ament_cmake_args=None, base_paths=['.'], build_base='build', catkin_cmake_args=None, catkin_skip_building_tests=False, cmake_args=None, cmake_clean_cache=False, cmake_clean_first=False, cmake_force_configure=False, cmake_target=None, cmake_target_skip_unavailable=False, continue_on_error=False, event_handlers=None, executor='parallel', ignore_user_meta=False, install_base='install', log_base=None, log_level=None, main=<bound method BuildVerb.main of <colcon_core.verb.build.BuildVerb object at 0x7f7afb3eb8>>, merge_install=False, metas=['./colcon.meta'], packages_above=None, packages_above_and_dependencies=None, packages_above_depth=None, packages_end=None, packages_ignore=None, packages_ignore_regex=None, packages_select=['front_cam'], packages_select_build_failed=False, packages_select_by_dep=None, packages_select_regex=None, packages_select_test_failures=False, packages_skip=None, packages_skip_build_finished=False, packages_skip_by_dep=None, packages_skip_regex=None, packages_skip_test_passed=False, packages_skip_up_to=None, packages_start=None, packages_up_to=None, packages_up_to_regex=None, parallel_workers=2, paths=None, symlink_install=False, test_result_base=None, verb_extension=<colcon_core.verb.build.BuildVerb object at 0x7f7afb3eb8>, verb_name='build', verb_parser=<colcon_defaults.argument_parser.defaults.DefaultArgumentsDecorator object at 0x7f7afc0198>)
[5.474s] Level 1:colcon.colcon_core.package_discovery:discover_packages(colcon_meta) check parameters
[5.477s] Level 1:colcon.colcon_core.package_discovery:discover_packages(recursive) check parameters
[5.478s] Level 1:colcon.colcon_core.package_discovery:discover_packages(ignore) check parameters
[5.481s] Level 1:colcon.colcon_core.package_discovery:discover_packages(path) check parameters
[5.484s] Level 1:colcon.colcon_core.package_discovery:discover_packages(colcon_meta) discover
[5.489s] Level 1:colcon.colcon_core.package_discovery:discover_packages(recursive) discover
[5.491s] INFO:colcon.colcon_core.package_discovery:Crawling recursively for packages in '/home/jetson/JetAutonomy/ros2'
[5.493s] Level 1:colcon.colcon_core.package_identification:_identify(.) by extensions ['ignore', 'ignore_ament_install']
[5.496s] Level 1:colcon.colcon_core.package_identification:_identify(.) by extension 'ignore'
[5.498s] Level 1:colcon.colcon_core.package_identification:_identify(.) by extension 'ignore_ament_install'
[5.500s] Level 1:colcon.colcon_core.package_identification:_identify(.) by extensions ['colcon_pkg']
[5.501s] Level 1:colcon.colcon_core.package_identification:_identify(.) by extension 'colcon_pkg'
[5.501s] Level 1:colcon.colcon_core.package_identification:_identify(.) by extensions ['colcon_meta']
[5.502s] Level 1:colcon.colcon_core.package_identification:_identify(.) by extension 'colcon_meta'
[5.502s] Level 1:colcon.colcon_core.package_identification:_identify(.) by extensions ['ros']
[5.502s] Level 1:colcon.colcon_core.package_identification:_identify(.) by extension 'ros'
[5.600s] Level 1:colcon.colcon_core.package_identification:_identify(.) by extensions ['cmake', 'python']
[5.602s] Level 1:colcon.colcon_core.package_identification:_identify(.) by extension 'cmake'
[5.604s] Level 1:colcon.colcon_core.package_identification:_identify(.) by extension 'python'
[5.605s] Level 1:colcon.colcon_core.package_identification:_identify(.) by extensions ['python_setup_py']
[5.606s] Level 1:colcon.colcon_core.package_identification:_identify(.) by extension 'python_setup_py'
[5.607s] Level 1:colcon.colcon_core.package_identification:_identify(build) by extensions ['ignore', 'ignore_ament_install']
[5.608s] Level 1:colcon.colcon_core.package_identification:_identify(build) by extension 'ignore'
[5.609s] Level 1:colcon.colcon_core.package_identification:_identify(build) ignored
[5.612s] Level 1:colcon.colcon_core.package_identification:_identify(install) by extensions ['ignore', 'ignore_ament_install']
[5.613s] Level 1:colcon.colcon_core.package_identification:_identify(install) by extension 'ignore'
[5.613s] Level 1:colcon.colcon_core.package_identification:_identify(install) ignored
[5.616s] Level 1:colcon.colcon_core.package_identification:_identify(log) by extensions ['ignore', 'ignore_ament_install']
[5.617s] Level 1:colcon.colcon_core.package_identification:_identify(log) by extension 'ignore'
[5.617s] Level 1:colcon.colcon_core.package_identification:_identify(log) ignored
[5.618s] Level 1:colcon.colcon_core.package_identification:_identify(src) by extensions ['ignore', 'ignore_ament_install']
[5.619s] Level 1:colcon.colcon_core.package_identification:_identify(src) by extension 'ignore'
[5.620s] Level 1:colcon.colcon_core.package_identification:_identify(src) by extension 'ignore_ament_install'
[5.620s] Level 1:colcon.colcon_core.package_identification:_identify(src) by extensions ['colcon_pkg']
[5.621s] Level 1:colcon.colcon_core.package_identification:_identify(src) by extension 'colcon_pkg'
[5.621s] Level 1:colcon.colcon_core.package_identification:_identify(src) by extensions ['colcon_meta']
[5.621s] Level 1:colcon.colcon_core.package_identification:_identify(src) by extension 'colcon_meta'
[5.622s] Level 1:colcon.colcon_core.package_identification:_identify(src) by extensions ['ros']
[5.622s] Level 1:colcon.colcon_core.package_identification:_identify(src) by extension 'ros'
[5.623s] Level 1:colcon.colcon_core.package_identification:_identify(src) by extensions ['cmake', 'python']
[5.623s] Level 1:colcon.colcon_core.package_identification:_identify(src) by extension 'cmake'
[5.624s] Level 1:colcon.colcon_core.package_identification:_identify(src) by extension 'python'
[5.624s] Level 1:colcon.colcon_core.package_identification:_identify(src) by extensions ['python_setup_py']
[5.625s] Level 1:colcon.colcon_core.package_identification:_identify(src) by extension 'python_setup_py'
[5.626s] Level 1:colcon.colcon_core.package_identification:_identify(src/front_cam) by extensions ['ignore', 'ignore_ament_install']
[5.627s] Level 1:colcon.colcon_core.package_identification:_identify(src/front_cam) by extension 'ignore'
[5.627s] Level 1:colcon.colcon_core.package_identification:_identify(src/front_cam) by extension 'ignore_ament_install'
[5.628s] Level 1:colcon.colcon_core.package_identification:_identify(src/front_cam) by extensions ['colcon_pkg']
[5.628s] Level 1:colcon.colcon_core.package_identification:_identify(src/front_cam) by extension 'colcon_pkg'
[5.628s] Level 1:colcon.colcon_core.package_identification:_identify(src/front_cam) by extensions ['colcon_meta']
[5.629s] Level 1:colcon.colcon_core.package_identification:_identify(src/front_cam) by extension 'colcon_meta'
[5.630s] Level 1:colcon.colcon_core.package_identification:_identify(src/front_cam) by extensions ['ros']
[5.630s] Level 1:colcon.colcon_core.package_identification:_identify(src/front_cam) by extension 'ros'
[5.660s] DEBUG:colcon.colcon_core.package_identification:Package 'src/front_cam' with type 'ros.ament_cmake' and name 'front_cam'
[5.661s] Level 1:colcon.colcon_core.package_identification:_identify(src/jet_autonomy_msgs) by extensions ['ignore', 'ignore_ament_install']
[5.662s] Level 1:colcon.colcon_core.package_identification:_identify(src/jet_autonomy_msgs) by extension 'ignore'
[5.663s] Level 1:colcon.colcon_core.package_identification:_identify(src/jet_autonomy_msgs) by extension 'ignore_ament_install'
[5.663s] Level 1:colcon.colcon_core.package_identification:_identify(src/jet_autonomy_msgs) by extensions ['colcon_pkg']
[5.665s] Level 1:colcon.colcon_core.package_identification:_identify(src/jet_autonomy_msgs) by extension 'colcon_pkg'
[5.665s] Level 1:colcon.colcon_core.package_identification:_identify(src/jet_autonomy_msgs) by extensions ['colcon_meta']
[5.666s] Level 1:colcon.colcon_core.package_identification:_identify(src/jet_autonomy_msgs) by extension 'colcon_meta'
[5.666s] Level 1:colcon.colcon_core.package_identification:_identify(src/jet_autonomy_msgs) by extensions ['ros']
[5.667s] Level 1:colcon.colcon_core.package_identification:_identify(src/jet_autonomy_msgs) by extension 'ros'
[5.672s] DEBUG:colcon.colcon_core.package_identification:Package 'src/jet_autonomy_msgs' with type 'ros.ament_cmake' and name 'jet_autonomy_msgs'
[5.673s] Level 1:colcon.colcon_core.package_identification:_identify(src/jet_drive) by extensions ['ignore', 'ignore_ament_install']
[5.674s] Level 1:colcon.colcon_core.package_identification:_identify(src/jet_drive) by extension 'ignore'
[5.674s] Level 1:colcon.colcon_core.package_identification:_identify(src/jet_drive) by extension 'ignore_ament_install'
[5.675s] Level 1:colcon.colcon_core.package_identification:_identify(src/jet_drive) by extensions ['colcon_pkg']
[5.675s] Level 1:colcon.colcon_core.package_identification:_identify(src/jet_drive) by extension 'colcon_pkg'
[5.676s] Level 1:colcon.colcon_core.package_identification:_identify(src/jet_drive) by extensions ['colcon_meta']
[5.676s] Level 1:colcon.colcon_core.package_identification:_identify(src/jet_drive) by extension 'colcon_meta'
[5.677s] Level 1:colcon.colcon_core.package_identification:_identify(src/jet_drive) by extensions ['ros']
[5.677s] Level 1:colcon.colcon_core.package_identification:_identify(src/jet_drive) by extension 'ros'
[5.740s] DEBUG:colcon.colcon_core.package_identification:Package 'src/jet_drive' with type 'ros.ament_python' and name 'jet_drive'
[5.742s] Level 1:colcon.colcon_core.package_identification:_identify(src/jet_drive_moderator) by extensions ['ignore', 'ignore_ament_install']
[5.743s] Level 1:colcon.colcon_core.package_identification:_identify(src/jet_drive_moderator) by extension 'ignore'
[5.744s] Level 1:colcon.colcon_core.package_identification:_identify(src/jet_drive_moderator) by extension 'ignore_ament_install'
[5.744s] Level 1:colcon.colcon_core.package_identification:_identify(src/jet_drive_moderator) by extensions ['colcon_pkg']
[5.745s] Level 1:colcon.colcon_core.package_identification:_identify(src/jet_drive_moderator) by extension 'colcon_pkg'
[5.745s] Level 1:colcon.colcon_core.package_identification:_identify(src/jet_drive_moderator) by extensions ['colcon_meta']
[5.745s] Level 1:colcon.colcon_core.package_identification:_identify(src/jet_drive_moderator) by extension 'colcon_meta'
[5.746s] Level 1:colcon.colcon_core.package_identification:_identify(src/jet_drive_moderator) by extensions ['ros']
[5.746s] Level 1:colcon.colcon_core.package_identification:_identify(src/jet_drive_moderator) by extension 'ros'
[5.754s] DEBUG:colcon.colcon_core.package_identification:Package 'src/jet_drive_moderator' with type 'ros.ament_cmake' and name 'jet_drive_moderator'
[5.755s] Level 1:colcon.colcon_core.package_identification:_identify(src/joystick) by extensions ['ignore', 'ignore_ament_install']
[5.756s] Level 1:colcon.colcon_core.package_identification:_identify(src/joystick) by extension 'ignore'
[5.757s] Level 1:colcon.colcon_core.package_identification:_identify(src/joystick) by extension 'ignore_ament_install'
[5.758s] Level 1:colcon.colcon_core.package_identification:_identify(src/joystick) by extensions ['colcon_pkg']
[5.758s] Level 1:colcon.colcon_core.package_identification:_identify(src/joystick) by extension 'colcon_pkg'
[5.759s] Level 1:colcon.colcon_core.package_identification:_identify(src/joystick) by extensions ['colcon_meta']
[5.759s] Level 1:colcon.colcon_core.package_identification:_identify(src/joystick) by extension 'colcon_meta'
[5.759s] Level 1:colcon.colcon_core.package_identification:_identify(src/joystick) by extensions ['ros']
[5.760s] Level 1:colcon.colcon_core.package_identification:_identify(src/joystick) by extension 'ros'
[5.767s] DEBUG:colcon.colcon_core.package_identification:Package 'src/joystick' with type 'ros.ament_python' and name 'joystick'
[5.768s] Level 1:colcon.colcon_core.package_identification:_identify(src/rplidar) by extensions ['ignore', 'ignore_ament_install']
[5.769s] Level 1:colcon.colcon_core.package_identification:_identify(src/rplidar) by extension 'ignore'
[5.770s] Level 1:colcon.colcon_core.package_identification:_identify(src/rplidar) by extension 'ignore_ament_install'
[5.771s] Level 1:colcon.colcon_core.package_identification:_identify(src/rplidar) by extensions ['colcon_pkg']
[5.771s] Level 1:colcon.colcon_core.package_identification:_identify(src/rplidar) by extension 'colcon_pkg'
[5.772s] Level 1:colcon.colcon_core.package_identification:_identify(src/rplidar) by extensions ['colcon_meta']
[5.772s] Level 1:colcon.colcon_core.package_identification:_identify(src/rplidar) by extension 'colcon_meta'
[5.773s] Level 1:colcon.colcon_core.package_identification:_identify(src/rplidar) by extensions ['ros']
[5.773s] Level 1:colcon.colcon_core.package_identification:_identify(src/rplidar) by extension 'ros'
[5.779s] DEBUG:colcon.colcon_core.package_identification:Package 'src/rplidar' with type 'ros.ament_cmake' and name 'rplidar_ros'
[5.779s] Level 1:colcon.colcon_core.package_discovery:discover_packages(recursive) using defaults
[5.781s] Level 1:colcon.colcon_core.package_discovery:discover_packages(ignore) discover
[5.781s] Level 1:colcon.colcon_core.package_discovery:discover_packages(ignore) using defaults
[5.782s] Level 1:colcon.colcon_core.package_discovery:discover_packages(path) discover
[5.782s] Level 1:colcon.colcon_core.package_discovery:discover_packages(path) using defaults
[5.974s] INFO:colcon.colcon_core.package_selection:Skipping not selected package 'jet_autonomy_msgs' in 'src/jet_autonomy_msgs'
[5.975s] INFO:colcon.colcon_core.package_selection:Skipping not selected package 'rplidar_ros' in 'src/rplidar'
[5.975s] INFO:colcon.colcon_core.package_selection:Skipping not selected package 'jet_drive' in 'src/jet_drive'
[5.975s] INFO:colcon.colcon_core.package_selection:Skipping not selected package 'jet_drive_moderator' in 'src/jet_drive_moderator'
[5.976s] INFO:colcon.colcon_core.package_selection:Skipping not selected package 'joystick' in 'src/joystick'
[6.018s] Level 5:colcon.colcon_core.verb:set package 'front_cam' build argument 'cmake_args' from command line to 'None'
[6.019s] Level 5:colcon.colcon_core.verb:set package 'front_cam' build argument 'cmake_target' from command line to 'None'
[6.019s] Level 5:colcon.colcon_core.verb:set package 'front_cam' build argument 'cmake_target_skip_unavailable' from command line to 'False'
[6.020s] Level 5:colcon.colcon_core.verb:set package 'front_cam' build argument 'cmake_clean_cache' from command line to 'False'
[6.020s] Level 5:colcon.colcon_core.verb:set package 'front_cam' build argument 'cmake_clean_first' from command line to 'False'
[6.020s] Level 5:colcon.colcon_core.verb:set package 'front_cam' build argument 'cmake_force_configure' from command line to 'False'
[6.021s] Level 5:colcon.colcon_core.verb:set package 'front_cam' build argument 'ament_cmake_args' from command line to 'None'
[6.021s] Level 5:colcon.colcon_core.verb:set package 'front_cam' build argument 'catkin_cmake_args' from command line to 'None'
[6.021s] Level 5:colcon.colcon_core.verb:set package 'front_cam' build argument 'catkin_skip_building_tests' from command line to 'False'
[6.022s] DEBUG:colcon.colcon_core.verb:Building package 'front_cam' with the following arguments: {'ament_cmake_args': None, 'build_base': '/home/jetson/JetAutonomy/ros2/build/front_cam', 'catkin_cmake_args': None, 'catkin_skip_building_tests': False, 'cmake_args': None, 'cmake_clean_cache': False, 'cmake_clean_first': False, 'cmake_force_configure': False, 'cmake_target': None, 'cmake_target_skip_unavailable': False, 'install_base': '/home/jetson/JetAutonomy/ros2/install/front_cam', 'merge_install': False, 'path': '/home/jetson/JetAutonomy/ros2/src/front_cam', 'symlink_install': False, 'test_result_base': None}
[6.025s] INFO:colcon.colcon_core.executor:Executing jobs using 'parallel' executor
[6.047s] DEBUG:colcon.colcon_parallel_executor.executor.parallel:run_until_complete
[6.048s] INFO:colcon.colcon_ros.task.ament_cmake.build:Building ROS package in '/home/jetson/JetAutonomy/ros2/src/front_cam' with build type 'ament_cmake'
[6.049s] INFO:colcon.colcon_cmake.task.cmake.build:Building CMake package in '/home/jetson/JetAutonomy/ros2/src/front_cam'
[6.084s] INFO:colcon.colcon_core.plugin_system:Skipping extension 'colcon_core.shell.bat': Not used on non-Windows systems
[6.086s] INFO:colcon.colcon_core.shell:Skip shell extension 'powershell' for command environment: Not usable outside of PowerShell
[6.087s] DEBUG:colcon.colcon_core.shell:Skip shell extension 'dsv' for command environment
[6.184s] DEBUG:colcon.colcon_core.event_handler.log_command:Invoking command in '/home/jetson/JetAutonomy/ros2/build/front_cam': /usr/bin/cmake --build /home/jetson/JetAutonomy/ros2/build/front_cam -- -j2 -l2
[28.876s] DEBUG:colcon.colcon_core.event_handler.log_command:Invoked command in '/home/jetson/JetAutonomy/ros2/build/front_cam' returned '2': /usr/bin/cmake --build /home/jetson/JetAutonomy/ros2/build/front_cam -- -j2 -l2
[29.025s] Level 1:colcon.colcon_core.environment:create_environment_scripts_only(front_cam)
[29.055s] Level 1:colcon.colcon_core.environment:checking '/home/jetson/JetAutonomy/ros2/install/front_cam' for CMake module files
[29.062s] Level 1:colcon.colcon_core.environment:checking '/home/jetson/JetAutonomy/ros2/install/front_cam' for CMake config files
[29.067s] Level 1:colcon.colcon_core.shell:create_environment_hook('front_cam', 'cmake_prefix_path')
[29.075s] INFO:colcon.colcon_core.shell:Creating environment hook '/home/jetson/JetAutonomy/ros2/install/front_cam/share/front_cam/hook/cmake_prefix_path.ps1'
[29.088s] INFO:colcon.colcon_core.shell:Creating environment descriptor '/home/jetson/JetAutonomy/ros2/install/front_cam/share/front_cam/hook/cmake_prefix_path.dsv'
[29.098s] INFO:colcon.colcon_core.shell:Creating environment hook '/home/jetson/JetAutonomy/ros2/install/front_cam/share/front_cam/hook/cmake_prefix_path.sh'
[29.118s] Level 1:colcon.colcon_core.environment:checking '/home/jetson/JetAutonomy/ros2/install/front_cam/lib'
[29.120s] Level 1:colcon.colcon_core.environment:checking '/home/jetson/JetAutonomy/ros2/install/front_cam/bin'
[29.120s] Level 1:colcon.colcon_core.environment:checking '/home/jetson/JetAutonomy/ros2/install/front_cam/lib/pkgconfig/front_cam.pc'
[29.121s] Level 1:colcon.colcon_core.environment:checking '/home/jetson/JetAutonomy/ros2/install/front_cam/lib/python3.6/site-packages'
[29.131s] INFO:colcon.colcon_core.shell:Creating package script '/home/jetson/JetAutonomy/ros2/install/front_cam/share/front_cam/package.ps1'
[29.149s] INFO:colcon.colcon_core.shell:Creating package descriptor '/home/jetson/JetAutonomy/ros2/install/front_cam/share/front_cam/package.dsv'
[29.162s] INFO:colcon.colcon_core.shell:Creating package script '/home/jetson/JetAutonomy/ros2/install/front_cam/share/front_cam/package.sh'
[29.187s] INFO:colcon.colcon_core.shell:Creating package script '/home/jetson/JetAutonomy/ros2/install/front_cam/share/front_cam/package.bash'
[29.206s] INFO:colcon.colcon_core.shell:Creating package script '/home/jetson/JetAutonomy/ros2/install/front_cam/share/front_cam/package.zsh'
[29.226s] Level 1:colcon.colcon_core.environment:create_file_with_runtime_dependencies(/home/jetson/JetAutonomy/ros2/install/front_cam/share/colcon-core/packages/front_cam)
[29.233s] DEBUG:colcon.colcon_parallel_executor.executor.parallel:closing loop
[29.243s] DEBUG:colcon.colcon_parallel_executor.executor.parallel:loop closed
[29.245s] DEBUG:colcon.colcon_parallel_executor.executor.parallel:run_until_complete finished with '2'
[29.245s] DEBUG:colcon.colcon_core.event_reactor:joining thread
[29.297s] INFO:colcon.colcon_core.plugin_system:Skipping extension 'colcon_notification.desktop_notification.terminal_notifier': Not used on non-Darwin systems
[29.301s] INFO:colcon.colcon_core.plugin_system:Skipping extension 'colcon_notification.desktop_notification.win32': Not used on non-Windows systems
[29.303s] INFO:colcon.colcon_notification.desktop_notification:Sending desktop notification using 'notify2'
[29.313s] DEBUG:colcon.colcon_notification.desktop_notification.notify2:Failed to initialize notify2: org.freedesktop.DBus.Error.ServiceUnknown: The name org.freedesktop.Notifications was not provided by any .service files
[29.315s] DEBUG:colcon.colcon_core.event_reactor:joined thread
[29.322s] INFO:colcon.colcon_core.shell:Creating prefix script '/home/jetson/JetAutonomy/ros2/install/local_setup.ps1'
[29.331s] INFO:colcon.colcon_core.shell:Creating prefix util module '/home/jetson/JetAutonomy/ros2/install/_local_setup_util_ps1.py'
[29.345s] INFO:colcon.colcon_core.shell:Creating prefix chain script '/home/jetson/JetAutonomy/ros2/install/setup.ps1'
[29.389s] INFO:colcon.colcon_core.shell:Creating prefix script '/home/jetson/JetAutonomy/ros2/install/local_setup.sh'
[29.397s] INFO:colcon.colcon_core.shell:Creating prefix util module '/home/jetson/JetAutonomy/ros2/install/_local_setup_util_sh.py'
[29.400s] INFO:colcon.colcon_core.shell:Creating prefix chain script '/home/jetson/JetAutonomy/ros2/install/setup.sh'
[29.429s] INFO:colcon.colcon_core.shell:Creating prefix script '/home/jetson/JetAutonomy/ros2/install/local_setup.bash'
[29.434s] INFO:colcon.colcon_core.shell:Creating prefix chain script '/home/jetson/JetAutonomy/ros2/install/setup.bash'
[29.468s] INFO:colcon.colcon_core.shell:Creating prefix script '/home/jetson/JetAutonomy/ros2/install/local_setup.zsh'
[29.475s] INFO:colcon.colcon_core.shell:Creating prefix chain script '/home/jetson/JetAutonomy/ros2/install/setup.zsh'
