[5.849s] DEBUG:colcon:Command line arguments: ['/usr/bin/colcon', 'build', '--packages-select', 'jetpilot_msgs']
[5.850s] DEBUG:colcon:Parsed command line arguments: Namespace(ament_cmake_args=None, base_paths=['.'], build_base='build', catkin_cmake_args=None, catkin_skip_building_tests=False, cmake_args=None, cmake_clean_cache=False, cmake_clean_first=False, cmake_force_configure=False, cmake_target=None, cmake_target_skip_unavailable=False, continue_on_error=False, event_handlers=None, executor='parallel', ignore_user_meta=False, install_base='install', log_base=None, log_level=None, main=<bound method BuildVerb.main of <colcon_core.verb.build.BuildVerb object at 0x7fa31bfef0>>, merge_install=False, metas=['./colcon.meta'], packages_above=None, packages_above_and_dependencies=None, packages_above_depth=None, packages_end=None, packages_ignore=None, packages_ignore_regex=None, packages_select=['jetpilot_msgs'], packages_select_build_failed=False, packages_select_by_dep=None, packages_select_regex=None, packages_select_test_failures=False, packages_skip=None, packages_skip_build_finished=False, packages_skip_by_dep=None, packages_skip_regex=None, packages_skip_test_passed=False, packages_skip_up_to=None, packages_start=None, packages_up_to=None, packages_up_to_regex=None, parallel_workers=2, paths=None, symlink_install=False, test_result_base=None, verb_extension=<colcon_core.verb.build.BuildVerb object at 0x7fa31bfef0>, verb_name='build', verb_parser=<colcon_defaults.argument_parser.defaults.DefaultArgumentsDecorator object at 0x7fa3105278>)
[6.008s] Level 1:colcon.colcon_core.package_discovery:discover_packages(colcon_meta) check parameters
[6.010s] Level 1:colcon.colcon_core.package_discovery:discover_packages(recursive) check parameters
[6.015s] Level 1:colcon.colcon_core.package_discovery:discover_packages(ignore) check parameters
[6.016s] Level 1:colcon.colcon_core.package_discovery:discover_packages(path) check parameters
[6.016s] Level 1:colcon.colcon_core.package_discovery:discover_packages(colcon_meta) discover
[6.019s] Level 1:colcon.colcon_core.package_discovery:discover_packages(recursive) discover
[6.019s] INFO:colcon.colcon_core.package_discovery:Crawling recursively for packages in '/home/jetson/JetPilot/ros2'
[6.020s] Level 1:colcon.colcon_core.package_identification:_identify(.) by extensions ['ignore', 'ignore_ament_install']
[6.021s] Level 1:colcon.colcon_core.package_identification:_identify(.) by extension 'ignore'
[6.021s] Level 1:colcon.colcon_core.package_identification:_identify(.) by extension 'ignore_ament_install'
[6.022s] Level 1:colcon.colcon_core.package_identification:_identify(.) by extensions ['colcon_pkg']
[6.022s] Level 1:colcon.colcon_core.package_identification:_identify(.) by extension 'colcon_pkg'
[6.022s] Level 1:colcon.colcon_core.package_identification:_identify(.) by extensions ['colcon_meta']
[6.023s] Level 1:colcon.colcon_core.package_identification:_identify(.) by extension 'colcon_meta'
[6.023s] Level 1:colcon.colcon_core.package_identification:_identify(.) by extensions ['ros']
[6.024s] Level 1:colcon.colcon_core.package_identification:_identify(.) by extension 'ros'
[6.202s] Level 1:colcon.colcon_core.package_identification:_identify(.) by extensions ['cmake', 'python']
[6.202s] Level 1:colcon.colcon_core.package_identification:_identify(.) by extension 'cmake'
[6.203s] Level 1:colcon.colcon_core.package_identification:_identify(.) by extension 'python'
[6.203s] Level 1:colcon.colcon_core.package_identification:_identify(.) by extensions ['python_setup_py']
[6.204s] Level 1:colcon.colcon_core.package_identification:_identify(.) by extension 'python_setup_py'
[6.205s] Level 1:colcon.colcon_core.package_identification:_identify(build) by extensions ['ignore', 'ignore_ament_install']
[6.206s] Level 1:colcon.colcon_core.package_identification:_identify(build) by extension 'ignore'
[6.206s] Level 1:colcon.colcon_core.package_identification:_identify(build) ignored
[6.218s] Level 1:colcon.colcon_core.package_identification:_identify(install) by extensions ['ignore', 'ignore_ament_install']
[6.219s] Level 1:colcon.colcon_core.package_identification:_identify(install) by extension 'ignore'
[6.219s] Level 1:colcon.colcon_core.package_identification:_identify(install) ignored
[6.220s] Level 1:colcon.colcon_core.package_identification:_identify(log) by extensions ['ignore', 'ignore_ament_install']
[6.221s] Level 1:colcon.colcon_core.package_identification:_identify(log) by extension 'ignore'
[6.221s] Level 1:colcon.colcon_core.package_identification:_identify(log) ignored
[6.222s] Level 1:colcon.colcon_core.package_identification:_identify(src) by extensions ['ignore', 'ignore_ament_install']
[6.223s] Level 1:colcon.colcon_core.package_identification:_identify(src) by extension 'ignore'
[6.223s] Level 1:colcon.colcon_core.package_identification:_identify(src) by extension 'ignore_ament_install'
[6.224s] Level 1:colcon.colcon_core.package_identification:_identify(src) by extensions ['colcon_pkg']
[6.224s] Level 1:colcon.colcon_core.package_identification:_identify(src) by extension 'colcon_pkg'
[6.225s] Level 1:colcon.colcon_core.package_identification:_identify(src) by extensions ['colcon_meta']
[6.225s] Level 1:colcon.colcon_core.package_identification:_identify(src) by extension 'colcon_meta'
[6.225s] Level 1:colcon.colcon_core.package_identification:_identify(src) by extensions ['ros']
[6.226s] Level 1:colcon.colcon_core.package_identification:_identify(src) by extension 'ros'
[6.226s] Level 1:colcon.colcon_core.package_identification:_identify(src) by extensions ['cmake', 'python']
[6.235s] Level 1:colcon.colcon_core.package_identification:_identify(src) by extension 'cmake'
[6.236s] Level 1:colcon.colcon_core.package_identification:_identify(src) by extension 'python'
[6.236s] Level 1:colcon.colcon_core.package_identification:_identify(src) by extensions ['python_setup_py']
[6.236s] Level 1:colcon.colcon_core.package_identification:_identify(src) by extension 'python_setup_py'
[6.237s] Level 1:colcon.colcon_core.package_identification:_identify(src/front_cam) by extensions ['ignore', 'ignore_ament_install']
[6.238s] Level 1:colcon.colcon_core.package_identification:_identify(src/front_cam) by extension 'ignore'
[6.239s] Level 1:colcon.colcon_core.package_identification:_identify(src/front_cam) by extension 'ignore_ament_install'
[6.239s] Level 1:colcon.colcon_core.package_identification:_identify(src/front_cam) by extensions ['colcon_pkg']
[6.240s] Level 1:colcon.colcon_core.package_identification:_identify(src/front_cam) by extension 'colcon_pkg'
[6.240s] Level 1:colcon.colcon_core.package_identification:_identify(src/front_cam) by extensions ['colcon_meta']
[6.241s] Level 1:colcon.colcon_core.package_identification:_identify(src/front_cam) by extension 'colcon_meta'
[6.241s] Level 1:colcon.colcon_core.package_identification:_identify(src/front_cam) by extensions ['ros']
[6.241s] Level 1:colcon.colcon_core.package_identification:_identify(src/front_cam) by extension 'ros'
[6.305s] DEBUG:colcon.colcon_core.package_identification:Package 'src/front_cam' with type 'ros.ament_cmake' and name 'front_cam'
[6.308s] Level 1:colcon.colcon_core.package_identification:_identify(src/imu_bno055) by extensions ['ignore', 'ignore_ament_install']
[6.309s] Level 1:colcon.colcon_core.package_identification:_identify(src/imu_bno055) by extension 'ignore'
[6.309s] Level 1:colcon.colcon_core.package_identification:_identify(src/imu_bno055) by extension 'ignore_ament_install'
[6.312s] Level 1:colcon.colcon_core.package_identification:_identify(src/imu_bno055) by extensions ['colcon_pkg']
[6.313s] Level 1:colcon.colcon_core.package_identification:_identify(src/imu_bno055) by extension 'colcon_pkg'
[6.313s] Level 1:colcon.colcon_core.package_identification:_identify(src/imu_bno055) by extensions ['colcon_meta']
[6.314s] Level 1:colcon.colcon_core.package_identification:_identify(src/imu_bno055) by extension 'colcon_meta'
[6.314s] Level 1:colcon.colcon_core.package_identification:_identify(src/imu_bno055) by extensions ['ros']
[6.322s] Level 1:colcon.colcon_core.package_identification:_identify(src/imu_bno055) by extension 'ros'
[6.330s] DEBUG:colcon.colcon_core.package_identification:Package 'src/imu_bno055' with type 'ros.ament_python' and name 'joystick'
[6.331s] Level 1:colcon.colcon_core.package_identification:_identify(src/jet_drive) by extensions ['ignore', 'ignore_ament_install']
[6.332s] Level 1:colcon.colcon_core.package_identification:_identify(src/jet_drive) by extension 'ignore'
[6.333s] Level 1:colcon.colcon_core.package_identification:_identify(src/jet_drive) by extension 'ignore_ament_install'
[6.335s] Level 1:colcon.colcon_core.package_identification:_identify(src/jet_drive) by extensions ['colcon_pkg']
[6.335s] Level 1:colcon.colcon_core.package_identification:_identify(src/jet_drive) by extension 'colcon_pkg'
[6.336s] Level 1:colcon.colcon_core.package_identification:_identify(src/jet_drive) by extensions ['colcon_meta']
[6.336s] Level 1:colcon.colcon_core.package_identification:_identify(src/jet_drive) by extension 'colcon_meta'
[6.337s] Level 1:colcon.colcon_core.package_identification:_identify(src/jet_drive) by extensions ['ros']
[6.337s] Level 1:colcon.colcon_core.package_identification:_identify(src/jet_drive) by extension 'ros'
[6.344s] DEBUG:colcon.colcon_core.package_identification:Package 'src/jet_drive' with type 'ros.ament_python' and name 'jet_drive'
[6.345s] Level 1:colcon.colcon_core.package_identification:_identify(src/jet_drive_moderator) by extensions ['ignore', 'ignore_ament_install']
[6.346s] Level 1:colcon.colcon_core.package_identification:_identify(src/jet_drive_moderator) by extension 'ignore'
[6.351s] Level 1:colcon.colcon_core.package_identification:_identify(src/jet_drive_moderator) by extension 'ignore_ament_install'
[6.352s] Level 1:colcon.colcon_core.package_identification:_identify(src/jet_drive_moderator) by extensions ['colcon_pkg']
[6.352s] Level 1:colcon.colcon_core.package_identification:_identify(src/jet_drive_moderator) by extension 'colcon_pkg'
[6.353s] Level 1:colcon.colcon_core.package_identification:_identify(src/jet_drive_moderator) by extensions ['colcon_meta']
[6.353s] Level 1:colcon.colcon_core.package_identification:_identify(src/jet_drive_moderator) by extension 'colcon_meta'
[6.354s] Level 1:colcon.colcon_core.package_identification:_identify(src/jet_drive_moderator) by extensions ['ros']
[6.354s] Level 1:colcon.colcon_core.package_identification:_identify(src/jet_drive_moderator) by extension 'ros'
[6.362s] DEBUG:colcon.colcon_core.package_identification:Package 'src/jet_drive_moderator' with type 'ros.ament_cmake' and name 'jet_drive_moderator'
[6.365s] Level 1:colcon.colcon_core.package_identification:_identify(src/jetpilot_msgs) by extensions ['ignore', 'ignore_ament_install']
[6.366s] Level 1:colcon.colcon_core.package_identification:_identify(src/jetpilot_msgs) by extension 'ignore'
[6.367s] Level 1:colcon.colcon_core.package_identification:_identify(src/jetpilot_msgs) by extension 'ignore_ament_install'
[6.367s] Level 1:colcon.colcon_core.package_identification:_identify(src/jetpilot_msgs) by extensions ['colcon_pkg']
[6.368s] Level 1:colcon.colcon_core.package_identification:_identify(src/jetpilot_msgs) by extension 'colcon_pkg'
[6.368s] Level 1:colcon.colcon_core.package_identification:_identify(src/jetpilot_msgs) by extensions ['colcon_meta']
[6.369s] Level 1:colcon.colcon_core.package_identification:_identify(src/jetpilot_msgs) by extension 'colcon_meta'
[6.369s] Level 1:colcon.colcon_core.package_identification:_identify(src/jetpilot_msgs) by extensions ['ros']
[6.370s] Level 1:colcon.colcon_core.package_identification:_identify(src/jetpilot_msgs) by extension 'ros'
[6.381s] DEBUG:colcon.colcon_core.package_identification:Package 'src/jetpilot_msgs' with type 'ros.ament_cmake' and name 'jetpilot_msgs'
[6.382s] Level 1:colcon.colcon_core.package_identification:_identify(src/joystick) by extensions ['ignore', 'ignore_ament_install']
[6.385s] Level 1:colcon.colcon_core.package_identification:_identify(src/joystick) by extension 'ignore'
[6.386s] Level 1:colcon.colcon_core.package_identification:_identify(src/joystick) by extension 'ignore_ament_install'
[6.386s] Level 1:colcon.colcon_core.package_identification:_identify(src/joystick) by extensions ['colcon_pkg']
[6.388s] Level 1:colcon.colcon_core.package_identification:_identify(src/joystick) by extension 'colcon_pkg'
[6.389s] Level 1:colcon.colcon_core.package_identification:_identify(src/joystick) by extensions ['colcon_meta']
[6.389s] Level 1:colcon.colcon_core.package_identification:_identify(src/joystick) by extension 'colcon_meta'
[6.390s] Level 1:colcon.colcon_core.package_identification:_identify(src/joystick) by extensions ['ros']
[6.390s] Level 1:colcon.colcon_core.package_identification:_identify(src/joystick) by extension 'ros'
[6.400s] DEBUG:colcon.colcon_core.package_identification:Package 'src/joystick' with type 'ros.ament_python' and name 'joystick'
[6.402s] Level 1:colcon.colcon_core.package_identification:_identify(src/rplidar) by extensions ['ignore', 'ignore_ament_install']
[6.407s] Level 1:colcon.colcon_core.package_identification:_identify(src/rplidar) by extension 'ignore'
[6.408s] Level 1:colcon.colcon_core.package_identification:_identify(src/rplidar) by extension 'ignore_ament_install'
[6.409s] Level 1:colcon.colcon_core.package_identification:_identify(src/rplidar) by extensions ['colcon_pkg']
[6.409s] Level 1:colcon.colcon_core.package_identification:_identify(src/rplidar) by extension 'colcon_pkg'
[6.410s] Level 1:colcon.colcon_core.package_identification:_identify(src/rplidar) by extensions ['colcon_meta']
[6.410s] Level 1:colcon.colcon_core.package_identification:_identify(src/rplidar) by extension 'colcon_meta'
[6.412s] Level 1:colcon.colcon_core.package_identification:_identify(src/rplidar) by extensions ['ros']
[6.412s] Level 1:colcon.colcon_core.package_identification:_identify(src/rplidar) by extension 'ros'
[6.421s] DEBUG:colcon.colcon_core.package_identification:Package 'src/rplidar' with type 'ros.ament_cmake' and name 'rplidar_ros'
[6.423s] Level 1:colcon.colcon_core.package_discovery:discover_packages(recursive) using defaults
[6.426s] Level 1:colcon.colcon_core.package_discovery:discover_packages(ignore) discover
[6.428s] Level 1:colcon.colcon_core.package_discovery:discover_packages(ignore) using defaults
[6.429s] Level 1:colcon.colcon_core.package_discovery:discover_packages(path) discover
[6.430s] Level 1:colcon.colcon_core.package_discovery:discover_packages(path) using defaults
[6.753s] INFO:colcon.colcon_core.package_selection:Skipping not selected package 'front_cam' in 'src/front_cam'
[6.754s] INFO:colcon.colcon_core.package_selection:Skipping not selected package 'rplidar_ros' in 'src/rplidar'
[6.754s] INFO:colcon.colcon_core.package_selection:Skipping not selected package 'jet_drive' in 'src/jet_drive'
[6.754s] INFO:colcon.colcon_core.package_selection:Skipping not selected package 'jet_drive_moderator' in 'src/jet_drive_moderator'
[6.755s] INFO:colcon.colcon_core.package_selection:Skipping not selected package 'joystick' in 'src/imu_bno055'
[6.755s] INFO:colcon.colcon_core.package_selection:Skipping not selected package 'joystick' in 'src/joystick'
[6.809s] Level 5:colcon.colcon_core.verb:set package 'jetpilot_msgs' build argument 'cmake_args' from command line to 'None'
[6.811s] Level 5:colcon.colcon_core.verb:set package 'jetpilot_msgs' build argument 'cmake_target' from command line to 'None'
[6.812s] Level 5:colcon.colcon_core.verb:set package 'jetpilot_msgs' build argument 'cmake_target_skip_unavailable' from command line to 'False'
[6.812s] Level 5:colcon.colcon_core.verb:set package 'jetpilot_msgs' build argument 'cmake_clean_cache' from command line to 'False'
[6.813s] Level 5:colcon.colcon_core.verb:set package 'jetpilot_msgs' build argument 'cmake_clean_first' from command line to 'False'
[6.814s] Level 5:colcon.colcon_core.verb:set package 'jetpilot_msgs' build argument 'cmake_force_configure' from command line to 'False'
[6.814s] Level 5:colcon.colcon_core.verb:set package 'jetpilot_msgs' build argument 'ament_cmake_args' from command line to 'None'
[6.816s] Level 5:colcon.colcon_core.verb:set package 'jetpilot_msgs' build argument 'catkin_cmake_args' from command line to 'None'
[6.818s] Level 5:colcon.colcon_core.verb:set package 'jetpilot_msgs' build argument 'catkin_skip_building_tests' from command line to 'False'
[6.819s] DEBUG:colcon.colcon_core.verb:Building package 'jetpilot_msgs' with the following arguments: {'ament_cmake_args': None, 'build_base': '/home/jetson/JetPilot/ros2/build/jetpilot_msgs', 'catkin_cmake_args': None, 'catkin_skip_building_tests': False, 'cmake_args': None, 'cmake_clean_cache': False, 'cmake_clean_first': False, 'cmake_force_configure': False, 'cmake_target': None, 'cmake_target_skip_unavailable': False, 'install_base': '/home/jetson/JetPilot/ros2/install/jetpilot_msgs', 'merge_install': False, 'path': '/home/jetson/JetPilot/ros2/src/jetpilot_msgs', 'symlink_install': False, 'test_result_base': None}
[6.827s] INFO:colcon.colcon_core.executor:Executing jobs using 'parallel' executor
[6.866s] DEBUG:colcon.colcon_parallel_executor.executor.parallel:run_until_complete
[6.875s] INFO:colcon.colcon_ros.task.ament_cmake.build:Building ROS package in '/home/jetson/JetPilot/ros2/src/jetpilot_msgs' with build type 'ament_cmake'
[6.875s] INFO:colcon.colcon_cmake.task.cmake.build:Building CMake package in '/home/jetson/JetPilot/ros2/src/jetpilot_msgs'
[7.037s] INFO:colcon.colcon_core.plugin_system:Skipping extension 'colcon_core.shell.bat': Not used on non-Windows systems
[7.039s] INFO:colcon.colcon_core.shell:Skip shell extension 'powershell' for command environment: Not usable outside of PowerShell
[7.039s] DEBUG:colcon.colcon_core.shell:Skip shell extension 'dsv' for command environment
[7.122s] WARNING:colcon.colcon_core.prefix_path.colcon:The path '/home/jetson/JetAutonomy/ros2/install' in the environment variable COLCON_PREFIX_PATH doesn't exist
[7.132s] WARNING:colcon.colcon_ros.prefix_path.ament:The path '/home/jetson/JetAutonomy/ros2/install/rplidar_ros' in the environment variable AMENT_PREFIX_PATH doesn't exist
[7.132s] WARNING:colcon.colcon_ros.prefix_path.ament:The path '/home/jetson/JetAutonomy/ros2/install/joystick' in the environment variable AMENT_PREFIX_PATH doesn't exist
[7.133s] WARNING:colcon.colcon_ros.prefix_path.ament:The path '/home/jetson/JetAutonomy/ros2/install/jet_drive_moderator' in the environment variable AMENT_PREFIX_PATH doesn't exist
[7.133s] WARNING:colcon.colcon_ros.prefix_path.ament:The path '/home/jetson/JetAutonomy/ros2/install/jet_drive' in the environment variable AMENT_PREFIX_PATH doesn't exist
[7.134s] WARNING:colcon.colcon_ros.prefix_path.ament:The path '/home/jetson/JetAutonomy/ros2/install/jet_autonomy_msgs' in the environment variable AMENT_PREFIX_PATH doesn't exist
[7.134s] WARNING:colcon.colcon_ros.prefix_path.ament:The path '/home/jetson/JetAutonomy/ros2/install/front_cam' in the environment variable AMENT_PREFIX_PATH doesn't exist
[7.135s] WARNING:colcon.colcon_ros.prefix_path.ament:The path '/home/jetson/JetAutonomy/ros2/install/bno055' in the environment variable AMENT_PREFIX_PATH doesn't exist
[7.325s] WARNING:colcon.colcon_ros.prefix_path.catkin:The path '/home/jetson/JetAutonomy/ros2/install/rplidar_ros' in the environment variable CMAKE_PREFIX_PATH doesn't exist
[7.326s] WARNING:colcon.colcon_ros.prefix_path.catkin:The path '/home/jetson/JetAutonomy/ros2/install/jet_drive_moderator' in the environment variable CMAKE_PREFIX_PATH doesn't exist
[7.326s] WARNING:colcon.colcon_ros.prefix_path.catkin:The path '/home/jetson/JetAutonomy/ros2/install/jet_autonomy_msgs' in the environment variable CMAKE_PREFIX_PATH doesn't exist
[7.326s] WARNING:colcon.colcon_ros.prefix_path.catkin:The path '/home/jetson/JetAutonomy/ros2/install/front_cam' in the environment variable CMAKE_PREFIX_PATH doesn't exist
[7.912s] DEBUG:colcon.colcon_core.event_handler.log_command:Invoking command in '/home/jetson/JetPilot/ros2/build/jetpilot_msgs': CMAKE_PREFIX_PATH=${CMAKE_PREFIX_PATH}:/home/jetson/JetAutonomy/ros2/install/joystick:/home/jetson/JetAutonomy/ros2/install/jet_drive:/home/jetson/JetAutonomy/ros2/install/bno055:/home/jetson/ros2_dashing/install/ros2bag:/home/jetson/ros2_dashing/install/topic_monitor:/home/jetson/ros2_dashing/install/sros2:/home/jetson/ros2_dashing/install/rqt_topic:/home/jetson/ros2_dashing/install/rqt_top:/home/jetson/ros2_dashing/install/rqt_srv:/home/jetson/ros2_dashing/install/rqt_shell:/home/jetson/ros2_dashing/install/rqt_service_caller:/home/jetson/ros2_dashing/install/rqt_py_console:/home/jetson/ros2_dashing/install/rqt_action:/home/jetson/ros2_dashing/install/rqt:/home/jetson/ros2_dashing/install/rqt_graph:/home/jetson/ros2_dashing/install/rqt_gui_py:/home/jetson/ros2_dashing/install/rqt_gui:/home/jetson/ros2_dashing/install/ros2topic:/home/jetson/ros2_dashing/install/ros2test:/home/jetson/ros2_dashing/install/ros2component:/home/jetson/ros2_dashing/install/ros2param:/home/jetson/ros2_dashing/install/ros2lifecycle:/home/jetson/ros2_dashing/install/ros2service:/home/jetson/ros2_dashing/install/ros2srv:/home/jetson/ros2_dashing/install/ros2run:/home/jetson/ros2_dashing/install/ros2launch:/home/jetson/ros2_dashing/install/ros2pkg:/home/jetson/ros2_dashing/install/ros2node:/home/jetson/ros2_dashing/install/ros2multicast:/home/jetson/ros2_dashing/install/ros2msg:/home/jetson/ros2_dashing/install/ros2action:/home/jetson/ros2_dashing/install/ros2cli:/home/jetson/ros2_dashing/install/quality_of_service_demo_py:/home/jetson/ros2_dashing/install/launch_testing_ros:/home/jetson/ros2_dashing/install/launch_ros:/home/jetson/ros2_dashing/install/examples_rclpy_minimal_subscriber:/home/jetson/ros2_dashing/install/examples_rclpy_minimal_service:/home/jetson/ros2_dashing/install/examples_rclpy_minimal_publisher:/home/jetson/ros2_dashing/install/examples_rclpy_minimal_client:/home/jetson/ros2_dashing/install/examples_rclpy_minimal_action_server:/home/jetson/ros2_dashing/install/examples_rclpy_minimal_action_client:/home/jetson/ros2_dashing/install/examples_rclpy_executors:/home/jetson/ros2_dashing/install/demo_nodes_py:/home/jetson/ros2_dashing/install/ament_uncrustify:/home/jetson/ros2_dashing/install/test_launch_ros:/home/jetson/ros2_dashing/install/rosidl_runtime_py:/home/jetson/ros2_dashing/install/launch_testing:/home/jetson/ros2_dashing/install/launch:/home/jetson/ros2_dashing/install/osrf_pycommon:/home/jetson/ros2_dashing/install/ament_xmllint:/home/jetson/ros2_dashing/install/ament_pyflakes:/home/jetson/ros2_dashing/install/ament_pep8:/home/jetson/ros2_dashing/install/ament_pep257:/home/jetson/ros2_dashing/install/ament_pclint:/home/jetson/ros2_dashing/install/ament_package:/home/jetson/ros2_dashing/install/ament_lint_cmake:/home/jetson/ros2_dashing/install/ament_flake8:/home/jetson/ros2_dashing/install/ament_copyright:/home/jetson/ros2_dashing/install/ament_lint:/home/jetson/ros2_dashing/install/ament_index_python:/home/jetson/ros2_dashing/install/ament_cpplint:/home/jetson/ros2_dashing/install/ament_cppcheck:/home/jetson/ros2_dashing/install/ament_clang_tidy:/home/jetson/ros2_dashing/install/ament_clang_format /usr/bin/cmake --build /home/jetson/JetPilot/ros2/build/jetpilot_msgs -- -j2 -l2
[114.453s] DEBUG:colcon.colcon_core.event_handler.log_command:Invoked command in '/home/jetson/JetPilot/ros2/build/jetpilot_msgs' returned '2': CMAKE_PREFIX_PATH=${CMAKE_PREFIX_PATH}:/home/jetson/JetAutonomy/ros2/install/joystick:/home/jetson/JetAutonomy/ros2/install/jet_drive:/home/jetson/JetAutonomy/ros2/install/bno055:/home/jetson/ros2_dashing/install/ros2bag:/home/jetson/ros2_dashing/install/topic_monitor:/home/jetson/ros2_dashing/install/sros2:/home/jetson/ros2_dashing/install/rqt_topic:/home/jetson/ros2_dashing/install/rqt_top:/home/jetson/ros2_dashing/install/rqt_srv:/home/jetson/ros2_dashing/install/rqt_shell:/home/jetson/ros2_dashing/install/rqt_service_caller:/home/jetson/ros2_dashing/install/rqt_py_console:/home/jetson/ros2_dashing/install/rqt_action:/home/jetson/ros2_dashing/install/rqt:/home/jetson/ros2_dashing/install/rqt_graph:/home/jetson/ros2_dashing/install/rqt_gui_py:/home/jetson/ros2_dashing/install/rqt_gui:/home/jetson/ros2_dashing/install/ros2topic:/home/jetson/ros2_dashing/install/ros2test:/home/jetson/ros2_dashing/install/ros2component:/home/jetson/ros2_dashing/install/ros2param:/home/jetson/ros2_dashing/install/ros2lifecycle:/home/jetson/ros2_dashing/install/ros2service:/home/jetson/ros2_dashing/install/ros2srv:/home/jetson/ros2_dashing/install/ros2run:/home/jetson/ros2_dashing/install/ros2launch:/home/jetson/ros2_dashing/install/ros2pkg:/home/jetson/ros2_dashing/install/ros2node:/home/jetson/ros2_dashing/install/ros2multicast:/home/jetson/ros2_dashing/install/ros2msg:/home/jetson/ros2_dashing/install/ros2action:/home/jetson/ros2_dashing/install/ros2cli:/home/jetson/ros2_dashing/install/quality_of_service_demo_py:/home/jetson/ros2_dashing/install/launch_testing_ros:/home/jetson/ros2_dashing/install/launch_ros:/home/jetson/ros2_dashing/install/examples_rclpy_minimal_subscriber:/home/jetson/ros2_dashing/install/examples_rclpy_minimal_service:/home/jetson/ros2_dashing/install/examples_rclpy_minimal_publisher:/home/jetson/ros2_dashing/install/examples_rclpy_minimal_client:/home/jetson/ros2_dashing/install/examples_rclpy_minimal_action_server:/home/jetson/ros2_dashing/install/examples_rclpy_minimal_action_client:/home/jetson/ros2_dashing/install/examples_rclpy_executors:/home/jetson/ros2_dashing/install/demo_nodes_py:/home/jetson/ros2_dashing/install/ament_uncrustify:/home/jetson/ros2_dashing/install/test_launch_ros:/home/jetson/ros2_dashing/install/rosidl_runtime_py:/home/jetson/ros2_dashing/install/launch_testing:/home/jetson/ros2_dashing/install/launch:/home/jetson/ros2_dashing/install/osrf_pycommon:/home/jetson/ros2_dashing/install/ament_xmllint:/home/jetson/ros2_dashing/install/ament_pyflakes:/home/jetson/ros2_dashing/install/ament_pep8:/home/jetson/ros2_dashing/install/ament_pep257:/home/jetson/ros2_dashing/install/ament_pclint:/home/jetson/ros2_dashing/install/ament_package:/home/jetson/ros2_dashing/install/ament_lint_cmake:/home/jetson/ros2_dashing/install/ament_flake8:/home/jetson/ros2_dashing/install/ament_copyright:/home/jetson/ros2_dashing/install/ament_lint:/home/jetson/ros2_dashing/install/ament_index_python:/home/jetson/ros2_dashing/install/ament_cpplint:/home/jetson/ros2_dashing/install/ament_cppcheck:/home/jetson/ros2_dashing/install/ament_clang_tidy:/home/jetson/ros2_dashing/install/ament_clang_format /usr/bin/cmake --build /home/jetson/JetPilot/ros2/build/jetpilot_msgs -- -j2 -l2
[121.836s] Level 1:colcon.colcon_core.environment:create_environment_scripts_only(jetpilot_msgs)
[121.964s] Level 1:colcon.colcon_core.environment:checking '/home/jetson/JetPilot/ros2/install/jetpilot_msgs' for CMake module files
[121.984s] Level 1:colcon.colcon_core.environment:checking '/home/jetson/JetPilot/ros2/install/jetpilot_msgs' for CMake config files
[121.986s] Level 1:colcon.colcon_core.shell:create_environment_hook('jetpilot_msgs', 'cmake_prefix_path')
[121.994s] INFO:colcon.colcon_core.shell:Creating environment hook '/home/jetson/JetPilot/ros2/install/jetpilot_msgs/share/jetpilot_msgs/hook/cmake_prefix_path.ps1'
[122.009s] INFO:colcon.colcon_core.shell:Creating environment descriptor '/home/jetson/JetPilot/ros2/install/jetpilot_msgs/share/jetpilot_msgs/hook/cmake_prefix_path.dsv'
[122.013s] INFO:colcon.colcon_core.shell:Creating environment hook '/home/jetson/JetPilot/ros2/install/jetpilot_msgs/share/jetpilot_msgs/hook/cmake_prefix_path.sh'
[122.027s] Level 1:colcon.colcon_core.environment:checking '/home/jetson/JetPilot/ros2/install/jetpilot_msgs/lib'
[122.028s] Level 1:colcon.colcon_core.shell:create_environment_hook('jetpilot_msgs', 'ld_library_path_lib')
[122.040s] INFO:colcon.colcon_core.shell:Creating environment hook '/home/jetson/JetPilot/ros2/install/jetpilot_msgs/share/jetpilot_msgs/hook/ld_library_path_lib.ps1'
[122.051s] INFO:colcon.colcon_core.shell:Creating environment descriptor '/home/jetson/JetPilot/ros2/install/jetpilot_msgs/share/jetpilot_msgs/hook/ld_library_path_lib.dsv'
[122.054s] INFO:colcon.colcon_core.shell:Creating environment hook '/home/jetson/JetPilot/ros2/install/jetpilot_msgs/share/jetpilot_msgs/hook/ld_library_path_lib.sh'
[122.058s] Level 1:colcon.colcon_core.environment:checking '/home/jetson/JetPilot/ros2/install/jetpilot_msgs/bin'
[122.058s] Level 1:colcon.colcon_core.environment:checking '/home/jetson/JetPilot/ros2/install/jetpilot_msgs/lib/pkgconfig/jetpilot_msgs.pc'
[122.059s] Level 1:colcon.colcon_core.environment:checking '/home/jetson/JetPilot/ros2/install/jetpilot_msgs/lib/python3.6/site-packages'
[122.059s] Level 1:colcon.colcon_core.shell:create_environment_hook('jetpilot_msgs', 'pythonpath')
[122.072s] INFO:colcon.colcon_core.shell:Creating environment hook '/home/jetson/JetPilot/ros2/install/jetpilot_msgs/share/jetpilot_msgs/hook/pythonpath.ps1'
[122.087s] INFO:colcon.colcon_core.shell:Creating environment descriptor '/home/jetson/JetPilot/ros2/install/jetpilot_msgs/share/jetpilot_msgs/hook/pythonpath.dsv'
[122.090s] INFO:colcon.colcon_core.shell:Creating environment hook '/home/jetson/JetPilot/ros2/install/jetpilot_msgs/share/jetpilot_msgs/hook/pythonpath.sh'
[122.110s] INFO:colcon.colcon_core.shell:Creating package script '/home/jetson/JetPilot/ros2/install/jetpilot_msgs/share/jetpilot_msgs/package.ps1'
[122.133s] INFO:colcon.colcon_core.shell:Creating package descriptor '/home/jetson/JetPilot/ros2/install/jetpilot_msgs/share/jetpilot_msgs/package.dsv'
[122.143s] INFO:colcon.colcon_core.shell:Creating package script '/home/jetson/JetPilot/ros2/install/jetpilot_msgs/share/jetpilot_msgs/package.sh'
[122.160s] INFO:colcon.colcon_core.shell:Creating package script '/home/jetson/JetPilot/ros2/install/jetpilot_msgs/share/jetpilot_msgs/package.bash'
[122.183s] INFO:colcon.colcon_core.shell:Creating package script '/home/jetson/JetPilot/ros2/install/jetpilot_msgs/share/jetpilot_msgs/package.zsh'
[122.199s] Level 1:colcon.colcon_core.environment:create_file_with_runtime_dependencies(/home/jetson/JetPilot/ros2/install/jetpilot_msgs/share/colcon-core/packages/jetpilot_msgs)
[122.205s] DEBUG:colcon.colcon_parallel_executor.executor.parallel:closing loop
[122.215s] DEBUG:colcon.colcon_parallel_executor.executor.parallel:loop closed
[122.215s] DEBUG:colcon.colcon_parallel_executor.executor.parallel:run_until_complete finished with '2'
[122.216s] DEBUG:colcon.colcon_core.event_reactor:joining thread
[122.453s] INFO:colcon.colcon_core.plugin_system:Skipping extension 'colcon_notification.desktop_notification.terminal_notifier': Not used on non-Darwin systems
[122.454s] INFO:colcon.colcon_core.plugin_system:Skipping extension 'colcon_notification.desktop_notification.win32': Not used on non-Windows systems
[122.454s] INFO:colcon.colcon_notification.desktop_notification:Sending desktop notification using 'notify2'
[122.466s] DEBUG:colcon.colcon_notification.desktop_notification.notify2:Failed to initialize notify2: org.freedesktop.DBus.Error.ServiceUnknown: The name org.freedesktop.Notifications was not provided by any .service files
[122.467s] DEBUG:colcon.colcon_core.event_reactor:joined thread
[122.479s] INFO:colcon.colcon_core.shell:Creating prefix script '/home/jetson/JetPilot/ros2/install/local_setup.ps1'
[122.514s] INFO:colcon.colcon_core.shell:Creating prefix util module '/home/jetson/JetPilot/ros2/install/_local_setup_util_ps1.py'
[122.572s] INFO:colcon.colcon_core.shell:Creating prefix chain script '/home/jetson/JetPilot/ros2/install/setup.ps1'
[122.768s] INFO:colcon.colcon_core.shell:Creating prefix script '/home/jetson/JetPilot/ros2/install/local_setup.sh'
[122.781s] INFO:colcon.colcon_core.shell:Creating prefix util module '/home/jetson/JetPilot/ros2/install/_local_setup_util_sh.py'
[122.789s] INFO:colcon.colcon_core.shell:Creating prefix chain script '/home/jetson/JetPilot/ros2/install/setup.sh'
[122.949s] INFO:colcon.colcon_core.shell:Creating prefix script '/home/jetson/JetPilot/ros2/install/local_setup.bash'
[122.956s] INFO:colcon.colcon_core.shell:Creating prefix chain script '/home/jetson/JetPilot/ros2/install/setup.bash'
[123.125s] INFO:colcon.colcon_core.shell:Creating prefix script '/home/jetson/JetPilot/ros2/install/local_setup.zsh'
[123.131s] INFO:colcon.colcon_core.shell:Creating prefix chain script '/home/jetson/JetPilot/ros2/install/setup.zsh'
