[5.640s] DEBUG:colcon:Command line arguments: ['/usr/bin/colcon', 'build', '--packages-select', 'imu_bno055']
[5.641s] DEBUG:colcon:Parsed command line arguments: Namespace(ament_cmake_args=None, base_paths=['.'], build_base='build', catkin_cmake_args=None, catkin_skip_building_tests=False, cmake_args=None, cmake_clean_cache=False, cmake_clean_first=False, cmake_force_configure=False, cmake_target=None, cmake_target_skip_unavailable=False, continue_on_error=False, event_handlers=None, executor='parallel', ignore_user_meta=False, install_base='install', log_base=None, log_level=None, main=<bound method BuildVerb.main of <colcon_core.verb.build.BuildVerb object at 0x7f7ef884a8>>, merge_install=False, metas=['./colcon.meta'], packages_above=None, packages_above_and_dependencies=None, packages_above_depth=None, packages_end=None, packages_ignore=None, packages_ignore_regex=None, packages_select=['imu_bno055'], packages_select_build_failed=False, packages_select_by_dep=None, packages_select_regex=None, packages_select_test_failures=False, packages_skip=None, packages_skip_build_finished=False, packages_skip_by_dep=None, packages_skip_regex=None, packages_skip_test_passed=False, packages_skip_up_to=None, packages_start=None, packages_up_to=None, packages_up_to_regex=None, parallel_workers=2, paths=None, symlink_install=False, test_result_base=None, verb_extension=<colcon_core.verb.build.BuildVerb object at 0x7f7ef884a8>, verb_name='build', verb_parser=<colcon_defaults.argument_parser.defaults.DefaultArgumentsDecorator object at 0x7f7ef887f0>)
[5.805s] Level 1:colcon.colcon_core.package_discovery:discover_packages(colcon_meta) check parameters
[5.806s] Level 1:colcon.colcon_core.package_discovery:discover_packages(recursive) check parameters
[5.806s] Level 1:colcon.colcon_core.package_discovery:discover_packages(ignore) check parameters
[5.807s] Level 1:colcon.colcon_core.package_discovery:discover_packages(path) check parameters
[5.807s] Level 1:colcon.colcon_core.package_discovery:discover_packages(colcon_meta) discover
[5.810s] Level 1:colcon.colcon_core.package_discovery:discover_packages(recursive) discover
[5.810s] INFO:colcon.colcon_core.package_discovery:Crawling recursively for packages in '/home/jetson/JetPilot/ros2'
[5.811s] Level 1:colcon.colcon_core.package_identification:_identify(.) by extensions ['ignore', 'ignore_ament_install']
[5.812s] Level 1:colcon.colcon_core.package_identification:_identify(.) by extension 'ignore'
[5.812s] Level 1:colcon.colcon_core.package_identification:_identify(.) by extension 'ignore_ament_install'
[5.813s] Level 1:colcon.colcon_core.package_identification:_identify(.) by extensions ['colcon_pkg']
[5.813s] Level 1:colcon.colcon_core.package_identification:_identify(.) by extension 'colcon_pkg'
[5.814s] Level 1:colcon.colcon_core.package_identification:_identify(.) by extensions ['colcon_meta']
[5.814s] Level 1:colcon.colcon_core.package_identification:_identify(.) by extension 'colcon_meta'
[5.815s] Level 1:colcon.colcon_core.package_identification:_identify(.) by extensions ['ros']
[5.815s] Level 1:colcon.colcon_core.package_identification:_identify(.) by extension 'ros'
[5.978s] Level 1:colcon.colcon_core.package_identification:_identify(.) by extensions ['cmake', 'python']
[5.981s] Level 1:colcon.colcon_core.package_identification:_identify(.) by extension 'cmake'
[5.983s] Level 1:colcon.colcon_core.package_identification:_identify(.) by extension 'python'
[5.985s] Level 1:colcon.colcon_core.package_identification:_identify(.) by extensions ['python_setup_py']
[5.987s] Level 1:colcon.colcon_core.package_identification:_identify(.) by extension 'python_setup_py'
[5.990s] Level 1:colcon.colcon_core.package_identification:_identify(build) by extensions ['ignore', 'ignore_ament_install']
[5.991s] Level 1:colcon.colcon_core.package_identification:_identify(build) by extension 'ignore'
[5.991s] Level 1:colcon.colcon_core.package_identification:_identify(build) ignored
[5.994s] Level 1:colcon.colcon_core.package_identification:_identify(install) by extensions ['ignore', 'ignore_ament_install']
[5.995s] Level 1:colcon.colcon_core.package_identification:_identify(install) by extension 'ignore'
[5.996s] Level 1:colcon.colcon_core.package_identification:_identify(install) ignored
[5.996s] Level 1:colcon.colcon_core.package_identification:_identify(log) by extensions ['ignore', 'ignore_ament_install']
[6.004s] Level 1:colcon.colcon_core.package_identification:_identify(log) by extension 'ignore'
[6.007s] Level 1:colcon.colcon_core.package_identification:_identify(log) ignored
[6.010s] Level 1:colcon.colcon_core.package_identification:_identify(src) by extensions ['ignore', 'ignore_ament_install']
[6.012s] Level 1:colcon.colcon_core.package_identification:_identify(src) by extension 'ignore'
[6.014s] Level 1:colcon.colcon_core.package_identification:_identify(src) by extension 'ignore_ament_install'
[6.015s] Level 1:colcon.colcon_core.package_identification:_identify(src) by extensions ['colcon_pkg']
[6.015s] Level 1:colcon.colcon_core.package_identification:_identify(src) by extension 'colcon_pkg'
[6.016s] Level 1:colcon.colcon_core.package_identification:_identify(src) by extensions ['colcon_meta']
[6.016s] Level 1:colcon.colcon_core.package_identification:_identify(src) by extension 'colcon_meta'
[6.021s] Level 1:colcon.colcon_core.package_identification:_identify(src) by extensions ['ros']
[6.021s] Level 1:colcon.colcon_core.package_identification:_identify(src) by extension 'ros'
[6.022s] Level 1:colcon.colcon_core.package_identification:_identify(src) by extensions ['cmake', 'python']
[6.022s] Level 1:colcon.colcon_core.package_identification:_identify(src) by extension 'cmake'
[6.023s] Level 1:colcon.colcon_core.package_identification:_identify(src) by extension 'python'
[6.023s] Level 1:colcon.colcon_core.package_identification:_identify(src) by extensions ['python_setup_py']
[6.023s] Level 1:colcon.colcon_core.package_identification:_identify(src) by extension 'python_setup_py'
[6.024s] Level 1:colcon.colcon_core.package_identification:_identify(src/front_cam) by extensions ['ignore', 'ignore_ament_install']
[6.025s] Level 1:colcon.colcon_core.package_identification:_identify(src/front_cam) by extension 'ignore'
[6.026s] Level 1:colcon.colcon_core.package_identification:_identify(src/front_cam) by extension 'ignore_ament_install'
[6.026s] Level 1:colcon.colcon_core.package_identification:_identify(src/front_cam) by extensions ['colcon_pkg']
[6.026s] Level 1:colcon.colcon_core.package_identification:_identify(src/front_cam) by extension 'colcon_pkg'
[6.027s] Level 1:colcon.colcon_core.package_identification:_identify(src/front_cam) by extensions ['colcon_meta']
[6.027s] Level 1:colcon.colcon_core.package_identification:_identify(src/front_cam) by extension 'colcon_meta'
[6.028s] Level 1:colcon.colcon_core.package_identification:_identify(src/front_cam) by extensions ['ros']
[6.028s] Level 1:colcon.colcon_core.package_identification:_identify(src/front_cam) by extension 'ros'
[6.056s] DEBUG:colcon.colcon_core.package_identification:Package 'src/front_cam' with type 'ros.ament_cmake' and name 'front_cam'
[6.059s] Level 1:colcon.colcon_core.package_identification:_identify(src/imu_bno055) by extensions ['ignore', 'ignore_ament_install']
[6.062s] Level 1:colcon.colcon_core.package_identification:_identify(src/imu_bno055) by extension 'ignore'
[6.064s] Level 1:colcon.colcon_core.package_identification:_identify(src/imu_bno055) by extension 'ignore_ament_install'
[6.067s] Level 1:colcon.colcon_core.package_identification:_identify(src/imu_bno055) by extensions ['colcon_pkg']
[6.069s] Level 1:colcon.colcon_core.package_identification:_identify(src/imu_bno055) by extension 'colcon_pkg'
[6.071s] Level 1:colcon.colcon_core.package_identification:_identify(src/imu_bno055) by extensions ['colcon_meta']
[6.071s] Level 1:colcon.colcon_core.package_identification:_identify(src/imu_bno055) by extension 'colcon_meta'
[6.072s] Level 1:colcon.colcon_core.package_identification:_identify(src/imu_bno055) by extensions ['ros']
[6.072s] Level 1:colcon.colcon_core.package_identification:_identify(src/imu_bno055) by extension 'ros'
[6.084s] DEBUG:colcon.colcon_core.package_identification:Package 'src/imu_bno055' with type 'ros.ament_python' and name 'imu_bno055'
[6.087s] Level 1:colcon.colcon_core.package_identification:_identify(src/jet_drive) by extensions ['ignore', 'ignore_ament_install']
[6.090s] Level 1:colcon.colcon_core.package_identification:_identify(src/jet_drive) by extension 'ignore'
[6.092s] Level 1:colcon.colcon_core.package_identification:_identify(src/jet_drive) by extension 'ignore_ament_install'
[6.094s] Level 1:colcon.colcon_core.package_identification:_identify(src/jet_drive) by extensions ['colcon_pkg']
[6.097s] Level 1:colcon.colcon_core.package_identification:_identify(src/jet_drive) by extension 'colcon_pkg'
[6.099s] Level 1:colcon.colcon_core.package_identification:_identify(src/jet_drive) by extensions ['colcon_meta']
[6.099s] Level 1:colcon.colcon_core.package_identification:_identify(src/jet_drive) by extension 'colcon_meta'
[6.099s] Level 1:colcon.colcon_core.package_identification:_identify(src/jet_drive) by extensions ['ros']
[6.100s] Level 1:colcon.colcon_core.package_identification:_identify(src/jet_drive) by extension 'ros'
[6.112s] DEBUG:colcon.colcon_core.package_identification:Package 'src/jet_drive' with type 'ros.ament_python' and name 'jet_drive'
[6.115s] Level 1:colcon.colcon_core.package_identification:_identify(src/jet_drive_moderator) by extensions ['ignore', 'ignore_ament_install']
[6.118s] Level 1:colcon.colcon_core.package_identification:_identify(src/jet_drive_moderator) by extension 'ignore'
[6.121s] Level 1:colcon.colcon_core.package_identification:_identify(src/jet_drive_moderator) by extension 'ignore_ament_install'
[6.125s] Level 1:colcon.colcon_core.package_identification:_identify(src/jet_drive_moderator) by extensions ['colcon_pkg']
[6.127s] Level 1:colcon.colcon_core.package_identification:_identify(src/jet_drive_moderator) by extension 'colcon_pkg'
[6.129s] Level 1:colcon.colcon_core.package_identification:_identify(src/jet_drive_moderator) by extensions ['colcon_meta']
[6.130s] Level 1:colcon.colcon_core.package_identification:_identify(src/jet_drive_moderator) by extension 'colcon_meta'
[6.130s] Level 1:colcon.colcon_core.package_identification:_identify(src/jet_drive_moderator) by extensions ['ros']
[6.131s] Level 1:colcon.colcon_core.package_identification:_identify(src/jet_drive_moderator) by extension 'ros'
[6.142s] DEBUG:colcon.colcon_core.package_identification:Package 'src/jet_drive_moderator' with type 'ros.ament_cmake' and name 'jet_drive_moderator'
[6.146s] Level 1:colcon.colcon_core.package_identification:_identify(src/jetpilot_msgs) by extensions ['ignore', 'ignore_ament_install']
[6.149s] Level 1:colcon.colcon_core.package_identification:_identify(src/jetpilot_msgs) by extension 'ignore'
[6.158s] Level 1:colcon.colcon_core.package_identification:_identify(src/jetpilot_msgs) by extension 'ignore_ament_install'
[6.161s] Level 1:colcon.colcon_core.package_identification:_identify(src/jetpilot_msgs) by extensions ['colcon_pkg']
[6.163s] Level 1:colcon.colcon_core.package_identification:_identify(src/jetpilot_msgs) by extension 'colcon_pkg'
[6.164s] Level 1:colcon.colcon_core.package_identification:_identify(src/jetpilot_msgs) by extensions ['colcon_meta']
[6.164s] Level 1:colcon.colcon_core.package_identification:_identify(src/jetpilot_msgs) by extension 'colcon_meta'
[6.170s] Level 1:colcon.colcon_core.package_identification:_identify(src/jetpilot_msgs) by extensions ['ros']
[6.171s] Level 1:colcon.colcon_core.package_identification:_identify(src/jetpilot_msgs) by extension 'ros'
[6.177s] DEBUG:colcon.colcon_core.package_identification:Package 'src/jetpilot_msgs' with type 'ros.ament_cmake' and name 'jetpilot_msgs'
[6.179s] Level 1:colcon.colcon_core.package_identification:_identify(src/joystick) by extensions ['ignore', 'ignore_ament_install']
[6.182s] Level 1:colcon.colcon_core.package_identification:_identify(src/joystick) by extension 'ignore'
[6.183s] Level 1:colcon.colcon_core.package_identification:_identify(src/joystick) by extension 'ignore_ament_install'
[6.183s] Level 1:colcon.colcon_core.package_identification:_identify(src/joystick) by extensions ['colcon_pkg']
[6.186s] Level 1:colcon.colcon_core.package_identification:_identify(src/joystick) by extension 'colcon_pkg'
[6.188s] Level 1:colcon.colcon_core.package_identification:_identify(src/joystick) by extensions ['colcon_meta']
[6.188s] Level 1:colcon.colcon_core.package_identification:_identify(src/joystick) by extension 'colcon_meta'
[6.193s] Level 1:colcon.colcon_core.package_identification:_identify(src/joystick) by extensions ['ros']
[6.193s] Level 1:colcon.colcon_core.package_identification:_identify(src/joystick) by extension 'ros'
[6.204s] DEBUG:colcon.colcon_core.package_identification:Package 'src/joystick' with type 'ros.ament_python' and name 'joystick'
[6.207s] Level 1:colcon.colcon_core.package_identification:_identify(src/rplidar) by extensions ['ignore', 'ignore_ament_install']
[6.209s] Level 1:colcon.colcon_core.package_identification:_identify(src/rplidar) by extension 'ignore'
[6.210s] Level 1:colcon.colcon_core.package_identification:_identify(src/rplidar) by extension 'ignore_ament_install'
[6.210s] Level 1:colcon.colcon_core.package_identification:_identify(src/rplidar) by extensions ['colcon_pkg']
[6.211s] Level 1:colcon.colcon_core.package_identification:_identify(src/rplidar) by extension 'colcon_pkg'
[6.211s] Level 1:colcon.colcon_core.package_identification:_identify(src/rplidar) by extensions ['colcon_meta']
[6.212s] Level 1:colcon.colcon_core.package_identification:_identify(src/rplidar) by extension 'colcon_meta'
[6.212s] Level 1:colcon.colcon_core.package_identification:_identify(src/rplidar) by extensions ['ros']
[6.212s] Level 1:colcon.colcon_core.package_identification:_identify(src/rplidar) by extension 'ros'
[6.226s] DEBUG:colcon.colcon_core.package_identification:Package 'src/rplidar' with type 'ros.ament_cmake' and name 'rplidar_ros'
[6.226s] Level 1:colcon.colcon_core.package_discovery:discover_packages(recursive) using defaults
[6.228s] Level 1:colcon.colcon_core.package_discovery:discover_packages(ignore) discover
[6.231s] Level 1:colcon.colcon_core.package_discovery:discover_packages(ignore) using defaults
[6.231s] Level 1:colcon.colcon_core.package_discovery:discover_packages(path) discover
[6.232s] Level 1:colcon.colcon_core.package_discovery:discover_packages(path) using defaults
[6.733s] INFO:colcon.colcon_core.package_selection:Skipping not selected package 'front_cam' in 'src/front_cam'
[6.734s] INFO:colcon.colcon_core.package_selection:Skipping not selected package 'jetpilot_msgs' in 'src/jetpilot_msgs'
[6.735s] INFO:colcon.colcon_core.package_selection:Skipping not selected package 'rplidar_ros' in 'src/rplidar'
[6.735s] INFO:colcon.colcon_core.package_selection:Skipping not selected package 'jet_drive' in 'src/jet_drive'
[6.736s] INFO:colcon.colcon_core.package_selection:Skipping not selected package 'jet_drive_moderator' in 'src/jet_drive_moderator'
[6.736s] INFO:colcon.colcon_core.package_selection:Skipping not selected package 'joystick' in 'src/joystick'
[6.855s] Level 5:colcon.colcon_core.verb:set package 'imu_bno055' build argument 'cmake_args' from command line to 'None'
[6.855s] Level 5:colcon.colcon_core.verb:set package 'imu_bno055' build argument 'cmake_target' from command line to 'None'
[6.856s] Level 5:colcon.colcon_core.verb:set package 'imu_bno055' build argument 'cmake_target_skip_unavailable' from command line to 'False'
[6.856s] Level 5:colcon.colcon_core.verb:set package 'imu_bno055' build argument 'cmake_clean_cache' from command line to 'False'
[6.856s] Level 5:colcon.colcon_core.verb:set package 'imu_bno055' build argument 'cmake_clean_first' from command line to 'False'
[6.857s] Level 5:colcon.colcon_core.verb:set package 'imu_bno055' build argument 'cmake_force_configure' from command line to 'False'
[6.857s] Level 5:colcon.colcon_core.verb:set package 'imu_bno055' build argument 'ament_cmake_args' from command line to 'None'
[6.857s] Level 5:colcon.colcon_core.verb:set package 'imu_bno055' build argument 'catkin_cmake_args' from command line to 'None'
[6.858s] Level 5:colcon.colcon_core.verb:set package 'imu_bno055' build argument 'catkin_skip_building_tests' from command line to 'False'
[6.858s] DEBUG:colcon.colcon_core.verb:Building package 'imu_bno055' with the following arguments: {'ament_cmake_args': None, 'build_base': '/home/jetson/JetPilot/ros2/build/imu_bno055', 'catkin_cmake_args': None, 'catkin_skip_building_tests': False, 'cmake_args': None, 'cmake_clean_cache': False, 'cmake_clean_first': False, 'cmake_force_configure': False, 'cmake_target': None, 'cmake_target_skip_unavailable': False, 'install_base': '/home/jetson/JetPilot/ros2/install/imu_bno055', 'merge_install': False, 'path': '/home/jetson/JetPilot/ros2/src/imu_bno055', 'symlink_install': False, 'test_result_base': None}
[6.871s] INFO:colcon.colcon_core.executor:Executing jobs using 'parallel' executor
[6.932s] DEBUG:colcon.colcon_parallel_executor.executor.parallel:run_until_complete
[6.936s] INFO:colcon.colcon_ros.task.ament_python.build:Building ROS package in '/home/jetson/JetPilot/ros2/src/imu_bno055' with build type 'ament_python'
[6.969s] Level 1:colcon.colcon_core.shell:create_environment_hook('imu_bno055', 'ament_prefix_path')
[7.284s] INFO:colcon.colcon_core.plugin_system:Skipping extension 'colcon_core.shell.bat': Not used on non-Windows systems
[7.286s] INFO:colcon.colcon_core.shell:Creating environment hook '/home/jetson/JetPilot/ros2/install/imu_bno055/share/imu_bno055/hook/ament_prefix_path.ps1'
[7.306s] INFO:colcon.colcon_core.shell:Creating environment descriptor '/home/jetson/JetPilot/ros2/install/imu_bno055/share/imu_bno055/hook/ament_prefix_path.dsv'
[7.326s] INFO:colcon.colcon_core.shell:Creating environment hook '/home/jetson/JetPilot/ros2/install/imu_bno055/share/imu_bno055/hook/ament_prefix_path.sh'
[7.375s] INFO:colcon.colcon_core.shell:Skip shell extension 'powershell' for command environment: Not usable outside of PowerShell
[7.395s] DEBUG:colcon.colcon_core.shell:Skip shell extension 'dsv' for command environment
[7.520s] WARNING:colcon.colcon_core.prefix_path.colcon:The path '/home/jetson/JetAutonomy/ros2/install' in the environment variable COLCON_PREFIX_PATH doesn't exist
[7.537s] WARNING:colcon.colcon_ros.prefix_path.ament:The path '/home/jetson/JetAutonomy/ros2/install/rplidar_ros' in the environment variable AMENT_PREFIX_PATH doesn't exist
[7.546s] WARNING:colcon.colcon_ros.prefix_path.ament:The path '/home/jetson/JetAutonomy/ros2/install/joystick' in the environment variable AMENT_PREFIX_PATH doesn't exist
[7.546s] WARNING:colcon.colcon_ros.prefix_path.ament:The path '/home/jetson/JetAutonomy/ros2/install/jet_drive_moderator' in the environment variable AMENT_PREFIX_PATH doesn't exist
[7.549s] WARNING:colcon.colcon_ros.prefix_path.ament:The path '/home/jetson/JetAutonomy/ros2/install/jet_drive' in the environment variable AMENT_PREFIX_PATH doesn't exist
[7.563s] WARNING:colcon.colcon_ros.prefix_path.ament:The path '/home/jetson/JetAutonomy/ros2/install/jet_autonomy_msgs' in the environment variable AMENT_PREFIX_PATH doesn't exist
[7.570s] WARNING:colcon.colcon_ros.prefix_path.ament:The path '/home/jetson/JetAutonomy/ros2/install/front_cam' in the environment variable AMENT_PREFIX_PATH doesn't exist
[7.570s] WARNING:colcon.colcon_ros.prefix_path.ament:The path '/home/jetson/JetAutonomy/ros2/install/bno055' in the environment variable AMENT_PREFIX_PATH doesn't exist
[7.779s] WARNING:colcon.colcon_ros.prefix_path.catkin:The path '/home/jetson/JetAutonomy/ros2/install/rplidar_ros' in the environment variable CMAKE_PREFIX_PATH doesn't exist
[7.791s] WARNING:colcon.colcon_ros.prefix_path.catkin:The path '/home/jetson/JetAutonomy/ros2/install/jet_drive_moderator' in the environment variable CMAKE_PREFIX_PATH doesn't exist
[7.796s] WARNING:colcon.colcon_ros.prefix_path.catkin:The path '/home/jetson/JetAutonomy/ros2/install/jet_autonomy_msgs' in the environment variable CMAKE_PREFIX_PATH doesn't exist
[7.801s] WARNING:colcon.colcon_ros.prefix_path.catkin:The path '/home/jetson/JetAutonomy/ros2/install/front_cam' in the environment variable CMAKE_PREFIX_PATH doesn't exist
[22.556s] INFO:colcon.colcon_core.task.python.build:Building Python package in '/home/jetson/JetPilot/ros2/src/imu_bno055'
[22.570s] INFO:colcon.colcon_core.shell:Skip shell extension 'powershell' for command environment: Not usable outside of PowerShell
[22.571s] DEBUG:colcon.colcon_core.shell:Skip shell extension 'dsv' for command environment
[23.096s] DEBUG:colcon.colcon_core.event_handler.log_command:Invoking command in '/home/jetson/JetPilot/ros2/src/imu_bno055': CMAKE_PREFIX_PATH=/home/jetson/JetPilot/ros2/install/jetpilot_msgs:/home/jetson/JetPilot/ros2/install/rplidar_ros:/home/jetson/JetPilot/ros2/install/jet_drive_moderator:/home/jetson/JetPilot/ros2/install/front_cam:/home/jetson/JetAutonomy/ros2/install/rplidar_ros:/home/jetson/JetAutonomy/ros2/install/jet_drive_moderator:/home/jetson/JetAutonomy/ros2/install/jet_autonomy_msgs:/home/jetson/JetAutonomy/ros2/install/front_cam:/home/jetson/ros2_dashing/install/rviz_visual_testing_framework:/home/jetson/ros2_dashing/install/rviz2:/home/jetson/ros2_dashing/install/rviz_default_plugins:/home/jetson/ros2_dashing/install/rviz_common:/home/jetson/ros2_dashing/install/rosbag2_transport:/home/jetson/ros2_dashing/install/rosbag2_storage_default_plugins:/home/jetson/ros2_dashing/install/rosbag2_converter_default_plugins:/home/jetson/ros2_dashing/install/rosbag2:/home/jetson/ros2_dashing/install/rosbag2_storage:/home/jetson/ros2_dashing/install/yaml_cpp_vendor:/home/jetson/ros2_dashing/install/ros1_bridge:/home/jetson/ros2_dashing/install/common_interfaces:/home/jetson/ros2_dashing/install/visualization_msgs:/home/jetson/ros2_dashing/install/dummy_robot_bringup:/home/jetson/ros2_dashing/install/robot_state_publisher:/home/jetson/ros2_dashing/install/kdl_parser:/home/jetson/ros2_dashing/install/urdf:/home/jetson/ros2_dashing/install/urdfdom:/home/jetson/ros2_dashing/install/urdfdom_headers:/home/jetson/ros2_dashing/install/turtlesim:/home/jetson/ros2_dashing/install/tf2_sensor_msgs:/home/jetson/ros2_dashing/install/tf2_kdl:/home/jetson/ros2_dashing/install/tf2_geometry_msgs:/home/jetson/ros2_dashing/install/tf2_eigen:/home/jetson/ros2_dashing/install/tf2_ros:/home/jetson/ros2_dashing/install/tf2_msgs:/home/jetson/ros2_dashing/install/test_msgs:/home/jetson/ros2_dashing/install/sros2_cmake:/home/jetson/ros2_dashing/install/rqt_publisher:/home/jetson/ros2_dashing/install/rqt_plot:/home/jetson/ros2_dashing/install/rqt_msg:/home/jetson/ros2_dashing/install/rqt_console:/home/jetson/ros2_dashing/install/rqt_py_common:/home/jetson/ros2_dashing/install/ros_testing:/home/jetson/ros2_dashing/install/lifecycle:/home/jetson/ros2_dashing/install/quality_of_service_demo_cpp:/home/jetson/ros2_dashing/install/demo_nodes_cpp:/home/jetson/ros2_dashing/install/composition:/home/jetson/ros2_dashing/install/action_tutorials:/home/jetson/ros2_dashing/install/rclpy:/home/jetson/ros2_dashing/install/examples_rclcpp_minimal_action_server:/home/jetson/ros2_dashing/install/examples_rclcpp_minimal_action_client:/home/jetson/ros2_dashing/install/rclcpp_action:/home/jetson/ros2_dashing/install/rcl_action:/home/jetson/ros2_dashing/install/examples_rclcpp_minimal_service:/home/jetson/ros2_dashing/install/examples_rclcpp_minimal_client:/home/jetson/ros2_dashing/install/example_interfaces:/home/jetson/ros2_dashing/install/action_msgs:/home/jetson/ros2_dashing/install/unique_identifier_msgs:/home/jetson/ros2_dashing/install/ament_lint_common:/home/jetson/ros2_dashing/install/ament_cmake_uncrustify:/home/jetson/ros2_dashing/install/uncrustify_vendor:/home/jetson/ros2_dashing/install/trajectory_msgs:/home/jetson/ros2_dashing/install/pendulum_control:/home/jetson/ros2_dashing/install/tlsf_cpp:/home/jetson/ros2_dashing/install/tlsf:/home/jetson/ros2_dashing/install/tinyxml_vendor:/home/jetson/ros2_dashing/install/rqt_gui_cpp:/home/jetson/ros2_dashing/install/qt_gui_core:/home/jetson/ros2_dashing/install/qt_gui_cpp:/home/jetson/ros2_dashing/install/pluginlib:/home/jetson/ros2_dashing/install/tinyxml2_vendor:/home/jetson/ros2_dashing/install/rosbag2_test_common:/home/jetson/ros2_dashing/install/rclcpp_lifecycle:/home/jetson/ros2_dashing/install/logging_demo:/home/jetson/ros2_dashing/install/examples_rclcpp_minimal_composition:/home/jetson/ros2_dashing/install/rclcpp_components:/home/jetson/ros2_dashing/install/laser_geometry:/home/jetson/ros2_dashing/install/intra_process_demo:/home/jetson/ros2_dashing/install/image_tools:/home/jetson/ros2_dashing/install/examples_rclcpp_minimal_timer:/home/jetson/ros2_dashing/install/examples_rclcpp_minimal_subscriber:/home/jetson/ros2_dashing/install/examples_rclcpp_minimal_publisher:/home/jetson/ros2_dashing/install/dummy_sensors:/home/jetson/ros2_dashing/install/dummy_map_server:/home/jetson/ros2_dashing/install/demo_nodes_cpp_native:/home/jetson/ros2_dashing/install/rclcpp:/home/jetson/ros2_dashing/install/rcl_lifecycle:/home/jetson/ros2_dashing/install/rcl:/home/jetson/ros2_dashing/install/tinydir_vendor:/home/jetson/ros2_dashing/install/tf2:/home/jetson/ros2_dashing/install/test_security:/home/jetson/ros2_dashing/install/test_rclcpp:/home/jetson/ros2_dashing/install/test_quality_of_service:/home/jetson/ros2_dashing/install/test_launch_testing:/home/jetson/ros2_dashing/install/test_interface_files:/home/jetson/ros2_dashing/install/test_communication:/home/jetson/ros2_dashing/install/test_cli_remapping:/home/jetson/ros2_dashing/install/test_cli:/home/jetson/ros2_dashing/install/stereo_msgs:/home/jetson/ros2_dashing/install/std_srvs:/home/jetson/ros2_dashing/install/shape_msgs:/home/jetson/ros2_dashing/install/map_msgs:/home/jetson/ros2_dashing/install/sensor_msgs:/home/jetson/ros2_dashing/install/nav_msgs:/home/jetson/ros2_dashing/install/diagnostic_msgs:/home/jetson/ros2_dashing/install/geometry_msgs:/home/jetson/ros2_dashing/install/actionlib_msgs:/home/jetson/ros2_dashing/install/std_msgs:/home/jetson/ros2_dashing/install/sqlite3_vendor:/home/jetson/ros2_dashing/install/shared_queues_vendor:/home/jetson/ros2_dashing/install/rviz_rendering_tests:/home/jetson/ros2_dashing/install/rviz_rendering:/home/jetson/ros2_dashing/install/rviz_ogre_vendor:/home/jetson/ros2_dashing/install/rviz_assimp_vendor:/home/jetson/ros2_dashing/install/rttest:/home/jetson/ros2_dashing/install/rosgraph_msgs:/home/jetson/ros2_dashing/install/composition_interfaces:/home/jetson/ros2_dashing/install/rcl_interfaces:/home/jetson/ros2_dashing/install/pendulum_msgs:/home/jetson/ros2_dashing/install/lifecycle_msgs:/home/jetson/ros2_dashing/install/builtin_interfaces:/home/jetson/ros2_dashing/install/rosidl_default_runtime:/home/jetson/ros2_dashing/install/rosidl_default_generators:/home/jetson/ros2_dashing/install/rosidl_typesupport_cpp:/home/jetson/ros2_dashing/install/rosidl_generator_py:/home/jetson/ros2_dashing/install/rosidl_typesupport_c:/home/jetson/ros2_dashing/install/rmw_implementation:/home/jetson/ros2_dashing/install/rmw_opensplice_cpp:/home/jetson/ros2_dashing/install/rosidl_typesupport_opensplice_c:/home/jetson/ros2_dashing/install/rosidl_typesupport_opensplice_cpp:/home/jetson/ros2_dashing/install/rmw_fastrtps_dynamic_cpp:/home/jetson/ros2_dashing/install/rmw_cyclonedds_cpp:/home/jetson/ros2_dashing/install/rosidl_typesupport_introspection_cpp:/home/jetson/ros2_dashing/install/rosidl_typesupport_introspection_c:/home/jetson/ros2_dashing/install/rmw_fastrtps_cpp:/home/jetson/ros2_dashing/install/rosidl_typesupport_fastrtps_c:/home/jetson/ros2_dashing/install/rosidl_typesupport_fastrtps_cpp:/home/jetson/ros2_dashing/install/rmw_connext_cpp:/home/jetson/ros2_dashing/install/rosidl_typesupport_connext_c:/home/jetson/ros2_dashing/install/rosidl_typesupport_connext_cpp:/home/jetson/ros2_dashing/install/rosidl_generator_cpp:/home/jetson/ros2_dashing/install/rmw_fastrtps_shared_cpp:/home/jetson/ros2_dashing/install/rmw:/home/jetson/ros2_dashing/install/rosidl_generator_c:/home/jetson/ros2_dashing/install/rosidl_typesupport_interface:/home/jetson/ros2_dashing/install/rosidl_generator_dds_idl:/home/jetson/ros2_dashing/install/rosidl_cmake:/home/jetson/ros2_dashing/install/rosidl_parser:/home/jetson/ros2_dashing/install/rosidl_adapter:/home/jetson/ros2_dashing/install/rosbag2_tests:/home/jetson/ros2_dashing/install/ros_environment:/home/jetson/ros2_dashing/install/rmw_implementation_cmake:/home/jetson/ros2_dashing/install/rmw_connext_shared_cpp:/home/jetson/ros2_dashing/install/resource_retriever:/home/jetson/ros2_dashing/install/rcl_logging_noop:/home/jetson/ros2_dashing/install/rcl_logging_log4cxx:/home/jetson/ros2_dashing/install/rcutils:/home/jetson/ros2_dashing/install/rcpputils:/home/jetson/ros2_dashing/install/rcl_yaml_param_parser:/home/jetson/ros2_dashing/install/qt_gui_py_common:/home/jetson/ros2_dashing/install/qt_gui_app:/home/jetson/ros2_dashing/install/qt_gui:/home/jetson/ros2_dashing/install/qt_dotgraph:/home/jetson/ros2_dashing/install/python_qt_binding:/home/jetson/ros2_dashing/install/launch_testing_ament_cmake:/home/jetson/ros2_dashing/install/python_cmake_module:/home/jetson/ros2_dashing/install/class_loader:/home/jetson/ros2_dashing/install/poco_vendor:/home/jetson/ros2_dashing/install/fastrtps:/home/jetson/ros2_dashing/install/osrf_testing_tools_cpp:/home/jetson/ros2_dashing/install/orocos_kdl:/home/jetson/ros2_dashing/install/opensplice_cmake_module:/home/jetson/ros2_dashing/install/message_filters:/home/jetson/ros2_dashing/install/libyaml_vendor:/home/jetson/ros2_dashing/install/libcurl_vendor:/home/jetson/ros2_dashing/install/ament_cmake_gmock:/home/jetson/ros2_dashing/install/gmock_vendor:/home/jetson/ros2_dashing/install/ament_cmake_gtest:/home/jetson/ros2_dashing/install/gtest_vendor:/home/jetson/ros2_dashing/install/fastrtps_cmake_module:/home/jetson/ros2_dashing/install/fastcdr:/home/jetson/ros2_dashing/install/eigen3_cmake_module:/home/jetson/ros2_dashing/install/cyclonedds_cmake_module:/home/jetson/ros2_dashing/install/cyclonedds:/home/jetson/ros2_dashing/install/console_bridge_vendor:/home/jetson/ros2_dashing/install/connext_cmake_module:/home/jetson/ros2_dashing/install/ament_cmake_xmllint:/home/jetson/ros2_dashing/install/ament_cmake_pyflakes:/home/jetson/ros2_dashing/install/ament_cmake_pep8:/home/jetson/ros2_dashing/install/ament_cmake_pep257:/home/jetson/ros2_dashing/install/ament_cmake_pclint:/home/jetson/ros2_dashing/install/ament_lint_auto:/home/jetson/ros2_dashing/install/ament_cmake_ros:/home/jetson/ros2_dashing/install/ament_cmake_pytest:/home/jetson/ros2_dashing/install/ament_cmake_nose:/home/jetson/ros2_dashing/install/ament_cmake_lint_cmake:/home/jetson/ros2_dashing/install/ament_cmake_flake8:/home/jetson/ros2_dashing/install/ament_cmake_cpplint:/home/jetson/ros2_dashing/install/ament_cmake_cppcheck:/home/jetson/ros2_dashing/install/ament_cmake_copyright:/home/jetson/ros2_dashing/install/ament_cmake_clang_tidy:/home/jetson/ros2_dashing/install/ament_cmake_clang_format:/home/jetson/ros2_dashing/install/ament_cmake_auto:/home/jetson/ros2_dashing/install/ament_cmake:/home/jetson/ros2_dashing/install/ament_cmake_test:/home/jetson/ros2_dashing/install/ament_cmake_target_dependencies:/home/jetson/ros2_dashing/install/ament_cmake_python:/home/jetson/ros2_dashing/install/ament_cmake_export_dependencies:/home/jetson/ros2_dashing/install/ament_cmake_libraries:/home/jetson/ros2_dashing/install/ament_cmake_include_directories:/home/jetson/ros2_dashing/install/ament_cmake_export_link_flags:/home/jetson/ros2_dashing/install/ament_cmake_export_interfaces:/home/jetson/ros2_dashing/install/ament_cmake_export_libraries:/home/jetson/ros2_dashing/install/ament_cmake_export_include_directories:/home/jetson/ros2_dashing/install/ament_cmake_export_definitions:/home/jetson/ros2_dashing/install/ament_cmake_core:/home/jetson/ros2_dashing/install/ament_index_cpp LD_LIBRARY_PATH=/home/jetson/JetPilot/ros2/install/jetpilot_msgs/lib:/home/jetson/JetPilot/ros2/install/rplidar_ros/lib:/home/jetson/JetAutonomy/ros2/install/rplidar_ros/lib:/home/jetson/JetAutonomy/ros2/install/jet_autonomy_msgs/lib:/home/jetson/ros2_dashing/install/rviz_default_plugins/lib:/home/jetson/ros2_dashing/install/rviz_common/lib:/home/jetson/ros2_dashing/install/rosbag2_transport/lib:/home/jetson/ros2_dashing/install/rosbag2_storage_default_plugins/lib:/home/jetson/ros2_dashing/install/rosbag2_converter_default_plugins/lib:/home/jetson/ros2_dashing/install/rosbag2/lib:/home/jetson/ros2_dashing/install/rosbag2_storage/lib:/home/jetson/ros2_dashing/install/yaml_cpp_vendor/opt/yaml_cpp_vendor/lib:/home/jetson/ros2_dashing/install/visualization_msgs/lib:/home/jetson/ros2_dashing/install/robot_state_publisher/lib:/home/jetson/ros2_dashing/install/kdl_parser/lib:/home/jetson/ros2_dashing/install/urdf/lib:/home/jetson/ros2_dashing/install/urdfdom/lib:/home/jetson/ros2_dashing/install/turtlesim/lib:/home/jetson/ros2_dashing/install/tf2_ros/lib:/home/jetson/ros2_dashing/install/tf2_msgs/lib:/home/jetson/ros2_dashing/install/test_msgs/lib:/home/jetson/ros2_dashing/install/composition/lib:/home/jetson/ros2_dashing/install/action_tutorials/lib:/home/jetson/ros2_dashing/install/rclpy/lib:/home/jetson/ros2_dashing/install/rclcpp_action/lib:/home/jetson/ros2_dashing/install/rcl_action/lib:/home/jetson/ros2_dashing/install/example_interfaces/lib:/home/jetson/ros2_dashing/install/action_msgs/lib:/home/jetson/ros2_dashing/install/unique_identifier_msgs/lib:/home/jetson/ros2_dashing/install/trajectory_msgs/lib:/home/jetson/ros2_dashing/install/tlsf/lib:/home/jetson/ros2_dashing/install/rqt_gui_cpp/lib:/home/jetson/ros2_dashing/install/qt_gui_cpp/lib:/home/jetson/ros2_dashing/install/rclcpp_lifecycle/lib:/home/jetson/ros2_dashing/install/logging_demo/lib:/home/jetson/ros2_dashing/install/examples_rclcpp_minimal_composition/lib:/home/jetson/ros2_dashing/install/laser_geometry/lib:/home/jetson/ros2_dashing/install/rclcpp/lib:/home/jetson/ros2_dashing/install/rcl_lifecycle/lib:/home/jetson/ros2_dashing/install/rcl/lib:/home/jetson/ros2_dashing/install/tf2/lib:/home/jetson/ros2_dashing/install/stereo_msgs/lib:/home/jetson/ros2_dashing/install/std_srvs/lib:/home/jetson/ros2_dashing/install/shape_msgs/lib:/home/jetson/ros2_dashing/install/map_msgs/lib:/home/jetson/ros2_dashing/install/sensor_msgs/lib:/home/jetson/ros2_dashing/install/nav_msgs/lib:/home/jetson/ros2_dashing/install/diagnostic_msgs/lib:/home/jetson/ros2_dashing/install/geometry_msgs/lib:/home/jetson/ros2_dashing/install/actionlib_msgs/lib:/home/jetson/ros2_dashing/install/std_msgs/lib:/home/jetson/ros2_dashing/install/rviz_rendering/lib:/home/jetson/ros2_dashing/install/rviz_ogre_vendor/opt/rviz_ogre_vendor/lib:/home/jetson/ros2_dashing/install/rttest/lib:/home/jetson/ros2_dashing/install/rosgraph_msgs/lib:/home/jetson/ros2_dashing/install/composition_interfaces/lib:/home/jetson/ros2_dashing/install/rcl_interfaces/lib:/home/jetson/ros2_dashing/install/pendulum_msgs/lib:/home/jetson/ros2_dashing/install/lifecycle_msgs/lib:/home/jetson/ros2_dashing/install/builtin_interfaces/lib:/home/jetson/ros2_dashing/install/rosidl_typesupport_cpp/lib:/home/jetson/ros2_dashing/install/rosidl_typesupport_c/lib:/home/jetson/ros2_dashing/install/rmw_implementation/lib:/home/jetson/ros2_dashing/install/rmw_fastrtps_dynamic_cpp/lib:/home/jetson/ros2_dashing/install/rmw_cyclonedds_cpp/lib:/home/jetson/ros2_dashing/install/rosidl_typesupport_introspection_cpp/lib:/home/jetson/ros2_dashing/install/rosidl_typesupport_introspection_c/lib:/home/jetson/ros2_dashing/install/rmw_fastrtps_cpp/lib:/home/jetson/ros2_dashing/install/rosidl_typesupport_fastrtps_c/lib:/home/jetson/ros2_dashing/install/rosidl_typesupport_fastrtps_cpp/lib:/home/jetson/ros2_dashing/install/rmw_fastrtps_shared_cpp/lib:/home/jetson/ros2_dashing/install/rmw/lib:/home/jetson/ros2_dashing/install/rosidl_generator_c/lib:/home/jetson/ros2_dashing/install/resource_retriever/lib:/home/jetson/ros2_dashing/install/rcl_logging_noop/lib:/home/jetson/ros2_dashing/install/rcl_logging_log4cxx/lib:/home/jetson/ros2_dashing/install/rcutils/lib:/home/jetson/ros2_dashing/install/rcl_yaml_param_parser/lib:/home/jetson/ros2_dashing/install/class_loader/lib:/home/jetson/ros2_dashing/install/fastrtps/lib:/home/jetson/ros2_dashing/install/osrf_testing_tools_cpp/lib:/home/jetson/ros2_dashing/install/orocos_kdl/lib:/home/jetson/ros2_dashing/install/message_filters/lib:/home/jetson/ros2_dashing/install/libyaml_vendor/lib:/home/jetson/ros2_dashing/install/fastcdr/lib:/home/jetson/ros2_dashing/install/cyclonedds/lib:/home/jetson/ros2_dashing/install/console_bridge_vendor/lib:/home/jetson/ros2_dashing/install/ament_index_cpp/lib PYTHONPATH=/home/jetson/JetPilot/ros2/install/imu_bno055/lib/python3.6/site-packages:/home/jetson/JetPilot/ros2/install/jetpilot_msgs/lib/python3.6/site-packages:/home/jetson/JetPilot/ros2/install/joystick/lib/python3.6/site-packages:/home/jetson/JetPilot/ros2/install/jet_drive/lib/python3.6/site-packages:/home/jetson/JetPilot/ros2/install/imu_bno055/lib/python3.6/site-packages:/home/jetson/JetAutonomy/ros2/install/joystick/lib/python3.6/site-packages:/home/jetson/JetAutonomy/ros2/install/jet_drive/lib/python3.6/site-packages:/home/jetson/JetAutonomy/ros2/install/jet_autonomy_msgs/lib/python3.6/site-packages:/home/jetson/JetAutonomy/ros2/install/bno055/lib/python3.6/site-packages:/home/jetson/ros2_dashing/build/ros2bag:/home/jetson/ros2_dashing/install/ros2bag/lib/python3.6/site-packages:/home/jetson/ros2_dashing/install/rosbag2_transport/lib/python3.6/site-packages:/home/jetson/ros2_dashing/install/visualization_msgs/lib/python3.6/site-packages:/home/jetson/ros2_dashing/install/turtlesim/lib/python3.6/site-packages:/home/jetson/ros2_dashing/build/topic_monitor:/home/jetson/ros2_dashing/install/topic_monitor/lib/python3.6/site-packages:/home/jetson/ros2_dashing/install/tf2_msgs/lib/python3.6/site-packages:/home/jetson/ros2_dashing/install/test_msgs/lib/python3.6/site-packages:/home/jetson/ros2_dashing/build/sros2:/home/jetson/ros2_dashing/install/sros2/lib/python3.6/site-packages:/home/jetson/ros2_dashing/build/rqt_topic/src:/home/jetson/ros2_dashing/install/rqt_topic/lib/python3.6/site-packages:/home/jetson/ros2_dashing/build/rqt_top/src:/home/jetson/ros2_dashing/install/rqt_top/lib/python3.6/site-packages:/home/jetson/ros2_dashing/build/rqt_srv/src:/home/jetson/ros2_dashing/install/rqt_srv/lib/python3.6/site-packages:/home/jetson/ros2_dashing/build/rqt_shell/src:/home/jetson/ros2_dashing/install/rqt_shell/lib/python3.6/site-packages:/home/jetson/ros2_dashing/build/rqt_service_caller/src:/home/jetson/ros2_dashing/install/rqt_service_caller/lib/python3.6/site-packages:/home/jetson/ros2_dashing/build/rqt_py_console/src:/home/jetson/ros2_dashing/install/rqt_py_console/lib/python3.6/site-packages:/home/jetson/ros2_dashing/install/rqt_publisher/lib/python3.6/site-packages:/home/jetson/ros2_dashing/install/rqt_plot/lib/python3.6/site-packages:/home/jetson/ros2_dashing/build/rqt_action/src:/home/jetson/ros2_dashing/install/rqt_action/lib/python3.6/site-packages:/home/jetson/ros2_dashing/install/rqt_msg/lib/python3.6/site-packages:/home/jetson/ros2_dashing/install/rqt_console/lib/python3.6/site-packages:/home/jetson/ros2_dashing/build/rqt:/home/jetson/ros2_dashing/install/rqt/lib/python3.6/site-packages:/home/jetson/ros2_dashing/install/rqt_py_common/lib/python3.6/site-packages:/home/jetson/ros2_dashing/build/rqt_graph/src:/home/jetson/ros2_dashing/install/rqt_graph/lib/python3.6/site-packages:/home/jetson/ros2_dashing/build/rqt_gui_py/src:/home/jetson/ros2_dashing/install/rqt_gui_py/lib/python3.6/site-packages:/home/jetson/ros2_dashing/build/rqt_gui/src:/home/jetson/ros2_dashing/install/rqt_gui/lib/python3.6/site-packages:/home/jetson/ros2_dashing/build/ros2topic:/home/jetson/ros2_dashing/install/ros2topic/lib/python3.6/site-packages:/home/jetson/ros2_dashing/build/ros2test:/home/jetson/ros2_dashing/install/ros2test/lib/python3.6/site-packages:/home/jetson/ros2_dashing/build/ros2component:/home/jetson/ros2_dashing/install/ros2component/lib/python3.6/site-packages:/home/jetson/ros2_dashing/build/ros2param:/home/jetson/ros2_dashing/install/ros2param/lib/python3.6/site-packages:/home/jetson/ros2_dashing/build/ros2lifecycle:/home/jetson/ros2_dashing/install/ros2lifecycle/lib/python3.6/site-packages:/home/jetson/ros2_dashing/build/ros2service:/home/jetson/ros2_dashing/install/ros2service/lib/python3.6/site-packages:/home/jetson/ros2_dashing/build/ros2srv:/home/jetson/ros2_dashing/install/ros2srv/lib/python3.6/site-packages:/home/jetson/ros2_dashing/build/ros2run:/home/jetson/ros2_dashing/install/ros2run/lib/python3.6/site-packages:/home/jetson/ros2_dashing/build/ros2launch:/home/jetson/ros2_dashing/install/ros2launch/lib/python3.6/site-packages:/home/jetson/ros2_dashing/build/ros2pkg:/home/jetson/ros2_dashing/install/ros2pkg/lib/python3.6/site-packages:/home/jetson/ros2_dashing/build/ros2node:/home/jetson/ros2_dashing/install/ros2node/lib/python3.6/site-packages:/home/jetson/ros2_dashing/build/ros2multicast:/home/jetson/ros2_dashing/install/ros2multicast/lib/python3.6/site-packages:/home/jetson/ros2_dashing/build/ros2msg:/home/jetson/ros2_dashing/install/ros2msg/lib/python3.6/site-packages:/home/jetson/ros2_dashing/build/ros2action:/home/jetson/ros2_dashing/install/ros2action/lib/python3.6/site-packages:/home/jetson/ros2_dashing/build/ros2cli:/home/jetson/ros2_dashing/install/ros2cli/lib/python3.6/site-packages:/home/jetson/ros2_dashing/build/quality_of_service_demo_py:/home/jetson/ros2_dashing/install/quality_of_service_demo_py/lib/python3.6/site-packages:/home/jetson/ros2_dashing/build/launch_testing_ros:/home/jetson/ros2_dashing/install/launch_testing_ros/lib/python3.6/site-packages:/home/jetson/ros2_dashing/build/launch_ros:/home/jetson/ros2_dashing/install/launch_ros/lib/python3.6/site-packages:/home/jetson/ros2_dashing/build/examples_rclpy_minimal_subscriber:/home/jetson/ros2_dashing/install/examples_rclpy_minimal_subscriber/lib/python3.6/site-packages:/home/jetson/ros2_dashing/build/examples_rclpy_minimal_service:/home/jetson/ros2_dashing/install/examples_rclpy_minimal_service/lib/python3.6/site-packages:/home/jetson/ros2_dashing/build/examples_rclpy_minimal_publisher:/home/jetson/ros2_dashing/install/examples_rclpy_minimal_publisher/lib/python3.6/site-packages:/home/jetson/ros2_dashing/build/examples_rclpy_minimal_client:/home/jetson/ros2_dashing/install/examples_rclpy_minimal_client/lib/python3.6/site-packages:/home/jetson/ros2_dashing/build/examples_rclpy_minimal_action_server:/home/jetson/ros2_dashing/install/examples_rclpy_minimal_action_server/lib/python3.6/site-packages:/home/jetson/ros2_dashing/build/examples_rclpy_minimal_action_client:/home/jetson/ros2_dashing/install/examples_rclpy_minimal_action_client/lib/python3.6/site-packages:/home/jetson/ros2_dashing/build/examples_rclpy_executors:/home/jetson/ros2_dashing/install/examples_rclpy_executors/lib/python3.6/site-packages:/home/jetson/ros2_dashing/build/demo_nodes_py:/home/jetson/ros2_dashing/install/demo_nodes_py/lib/python3.6/site-packages:/home/jetson/ros2_dashing/install/action_tutorials/lib/python3.6/site-packages:/home/jetson/ros2_dashing/install/rclpy/lib/python3.6/site-packages:/home/jetson/ros2_dashing/install/example_interfaces/lib/python3.6/site-packages:/home/jetson/ros2_dashing/install/action_msgs/lib/python3.6/site-packages:/home/jetson/ros2_dashing/install/unique_identifier_msgs/lib/python3.6/site-packages:/home/jetson/ros2_dashing/build/ament_uncrustify:/home/jetson/ros2_dashing/install/ament_uncrustify/lib/python3.6/site-packages:/home/jetson/ros2_dashing/install/trajectory_msgs/lib/python3.6/site-packages:/home/jetson/ros2_dashing/install/qt_gui_cpp/lib/python3.6/site-packages:/home/jetson/ros2_dashing/install/logging_demo/lib/python3.6/site-packages:/home/jetson/ros2_dashing/build/test_launch_ros:/home/jetson/ros2_dashing/install/test_launch_ros/lib/python3.6/site-packages:/home/jetson/ros2_dashing/install/stereo_msgs/lib/python3.6/site-packages:/home/jetson/ros2_dashing/install/std_srvs/lib/python3.6/site-packages:/home/jetson/ros2_dashing/install/shape_msgs/lib/python3.6/site-packages:/home/jetson/ros2_dashing/install/map_msgs/lib/python3.6/site-packages:/home/jetson/ros2_dashing/install/sensor_msgs/lib/python3.6/site-packages:/home/jetson/ros2_dashing/install/nav_msgs/lib/python3.6/site-packages:/home/jetson/ros2_dashing/install/diagnostic_msgs/lib/python3.6/site-packages:/home/jetson/ros2_dashing/install/geometry_msgs/lib/python3.6/site-packages:/home/jetson/ros2_dashing/install/actionlib_msgs/lib/python3.6/site-packages:/home/jetson/ros2_dashing/install/std_msgs/lib/python3.6/site-packages:/home/jetson/ros2_dashing/install/rosgraph_msgs/lib/python3.6/site-packages:/home/jetson/ros2_dashing/install/composition_interfaces/lib/python3.6/site-packages:/home/jetson/ros2_dashing/install/rcl_interfaces/lib/python3.6/site-packages:/home/jetson/ros2_dashing/install/pendulum_msgs/lib/python3.6/site-packages:/home/jetson/ros2_dashing/install/lifecycle_msgs/lib/python3.6/site-packages:/home/jetson/ros2_dashing/install/builtin_interfaces/lib/python3.6/site-packages:/home/jetson/ros2_dashing/install/rosidl_typesupport_cpp/lib/python3.6/site-packages:/home/jetson/ros2_dashing/install/rosidl_generator_py/lib/python3.6/site-packages:/home/jetson/ros2_dashing/install/rosidl_typesupport_c/lib/python3.6/site-packages:/home/jetson/ros2_dashing/install/rosidl_typesupport_introspection_cpp/lib/python3.6/site-packages:/home/jetson/ros2_dashing/install/rosidl_typesupport_introspection_c/lib/python3.6/site-packages:/home/jetson/ros2_dashing/install/rosidl_typesupport_fastrtps_c/lib/python3.6/site-packages:/home/jetson/ros2_dashing/install/rosidl_typesupport_fastrtps_cpp/lib/python3.6/site-packages:/home/jetson/ros2_dashing/install/rosidl_generator_cpp/lib/python3.6/site-packages:/home/jetson/ros2_dashing/install/rosidl_generator_c/lib/python3.6/site-packages:/home/jetson/ros2_dashing/build/rosidl_runtime_py:/home/jetson/ros2_dashing/install/rosidl_runtime_py/lib/python3.6/site-packages:/home/jetson/ros2_dashing/install/rosidl_generator_dds_idl/lib/python3.6/site-packages:/home/jetson/ros2_dashing/install/rosidl_cmake/lib/python3.6/site-packages:/home/jetson/ros2_dashing/install/rosidl_parser/lib/python3.6/site-packages:/home/jetson/ros2_dashing/install/rosidl_adapter/lib/python3.6/site-packages:/home/jetson/ros2_dashing/install/rcutils/lib/python3.6/site-packages:/home/jetson/ros2_dashing/install/qt_gui_py_common/lib/python3.6/site-packages:/home/jetson/ros2_dashing/install/qt_gui/lib/python3.6/site-packages:/home/jetson/ros2_dashing/install/qt_dotgraph/lib/python3.6/site-packages:/home/jetson/ros2_dashing/install/python_qt_binding/lib/python3.6/site-packages:/home/jetson/ros2_dashing/build/launch_testing:/home/jetson/ros2_dashing/install/launch_testing/lib/python3.6/site-packages:/home/jetson/ros2_dashing/build/launch:/home/jetson/ros2_dashing/install/launch/lib/python3.6/site-packages:/home/jetson/ros2_dashing/build/osrf_pycommon:/home/jetson/ros2_dashing/install/osrf_pycommon/lib/python3.6/site-packages:/home/jetson/ros2_dashing/install/message_filters/lib/python3.6/site-packages:/home/jetson/ros2_dashing/build/ament_xmllint:/home/jetson/ros2_dashing/install/ament_xmllint/lib/python3.6/site-packages:/home/jetson/ros2_dashing/build/ament_pyflakes:/home/jetson/ros2_dashing/install/ament_pyflakes/lib/python3.6/site-packages:/home/jetson/ros2_dashing/build/ament_pep8:/home/jetson/ros2_dashing/install/ament_pep8/lib/python3.6/site-packages:/home/jetson/ros2_dashing/build/ament_pep257:/home/jetson/ros2_dashing/install/ament_pep257/lib/python3.6/site-packages:/home/jetson/ros2_dashing/build/ament_pclint:/home/jetson/ros2_dashing/install/ament_pclint/lib/python3.6/site-packages:/home/jetson/ros2_dashing/install/ament_cmake_test/lib/python3.6/site-packages:/home/jetson/ros2_dashing/build/ament_package:/home/jetson/ros2_dashing/install/ament_package/lib/python3.6/site-packages:/home/jetson/ros2_dashing/build/ament_lint_cmake:/home/jetson/ros2_dashing/install/ament_lint_cmake/lib/python3.6/site-packages:/home/jetson/ros2_dashing/build/ament_flake8:/home/jetson/ros2_dashing/install/ament_flake8/lib/python3.6/site-packages:/home/jetson/ros2_dashing/build/ament_copyright:/home/jetson/ros2_dashing/install/ament_copyright/lib/python3.6/site-packages:/home/jetson/ros2_dashing/build/ament_lint:/home/jetson/ros2_dashing/install/ament_lint/lib/python3.6/site-packages:/home/jetson/ros2_dashing/build/ament_index_python:/home/jetson/ros2_dashing/install/ament_index_python/lib/python3.6/site-packages:/home/jetson/ros2_dashing/build/ament_cpplint:/home/jetson/ros2_dashing/install/ament_cpplint/lib/python3.6/site-packages:/home/jetson/ros2_dashing/build/ament_cppcheck:/home/jetson/ros2_dashing/install/ament_cppcheck/lib/python3.6/site-packages:/home/jetson/ros2_dashing/build/ament_clang_tidy:/home/jetson/ros2_dashing/install/ament_clang_tidy/lib/python3.6/site-packages:/home/jetson/ros2_dashing/build/ament_clang_format:/home/jetson/ros2_dashing/install/ament_clang_format/lib/python3.6/site-packages /usr/bin/python3 setup.py egg_info --egg-base ../../build/imu_bno055 build --build-base /home/jetson/JetPilot/ros2/build/imu_bno055/build install --prefix /home/jetson/JetPilot/ros2/install/imu_bno055 --record /home/jetson/JetPilot/ros2/build/imu_bno055/install.log --single-version-externally-managed
[34.207s] DEBUG:colcon.colcon_core.event_handler.log_command:Invoked command in '/home/jetson/JetPilot/ros2/src/imu_bno055' returned '0': CMAKE_PREFIX_PATH=/home/jetson/JetPilot/ros2/install/jetpilot_msgs:/home/jetson/JetPilot/ros2/install/rplidar_ros:/home/jetson/JetPilot/ros2/install/jet_drive_moderator:/home/jetson/JetPilot/ros2/install/front_cam:/home/jetson/JetAutonomy/ros2/install/rplidar_ros:/home/jetson/JetAutonomy/ros2/install/jet_drive_moderator:/home/jetson/JetAutonomy/ros2/install/jet_autonomy_msgs:/home/jetson/JetAutonomy/ros2/install/front_cam:/home/jetson/ros2_dashing/install/rviz_visual_testing_framework:/home/jetson/ros2_dashing/install/rviz2:/home/jetson/ros2_dashing/install/rviz_default_plugins:/home/jetson/ros2_dashing/install/rviz_common:/home/jetson/ros2_dashing/install/rosbag2_transport:/home/jetson/ros2_dashing/install/rosbag2_storage_default_plugins:/home/jetson/ros2_dashing/install/rosbag2_converter_default_plugins:/home/jetson/ros2_dashing/install/rosbag2:/home/jetson/ros2_dashing/install/rosbag2_storage:/home/jetson/ros2_dashing/install/yaml_cpp_vendor:/home/jetson/ros2_dashing/install/ros1_bridge:/home/jetson/ros2_dashing/install/common_interfaces:/home/jetson/ros2_dashing/install/visualization_msgs:/home/jetson/ros2_dashing/install/dummy_robot_bringup:/home/jetson/ros2_dashing/install/robot_state_publisher:/home/jetson/ros2_dashing/install/kdl_parser:/home/jetson/ros2_dashing/install/urdf:/home/jetson/ros2_dashing/install/urdfdom:/home/jetson/ros2_dashing/install/urdfdom_headers:/home/jetson/ros2_dashing/install/turtlesim:/home/jetson/ros2_dashing/install/tf2_sensor_msgs:/home/jetson/ros2_dashing/install/tf2_kdl:/home/jetson/ros2_dashing/install/tf2_geometry_msgs:/home/jetson/ros2_dashing/install/tf2_eigen:/home/jetson/ros2_dashing/install/tf2_ros:/home/jetson/ros2_dashing/install/tf2_msgs:/home/jetson/ros2_dashing/install/test_msgs:/home/jetson/ros2_dashing/install/sros2_cmake:/home/jetson/ros2_dashing/install/rqt_publisher:/home/jetson/ros2_dashing/install/rqt_plot:/home/jetson/ros2_dashing/install/rqt_msg:/home/jetson/ros2_dashing/install/rqt_console:/home/jetson/ros2_dashing/install/rqt_py_common:/home/jetson/ros2_dashing/install/ros_testing:/home/jetson/ros2_dashing/install/lifecycle:/home/jetson/ros2_dashing/install/quality_of_service_demo_cpp:/home/jetson/ros2_dashing/install/demo_nodes_cpp:/home/jetson/ros2_dashing/install/composition:/home/jetson/ros2_dashing/install/action_tutorials:/home/jetson/ros2_dashing/install/rclpy:/home/jetson/ros2_dashing/install/examples_rclcpp_minimal_action_server:/home/jetson/ros2_dashing/install/examples_rclcpp_minimal_action_client:/home/jetson/ros2_dashing/install/rclcpp_action:/home/jetson/ros2_dashing/install/rcl_action:/home/jetson/ros2_dashing/install/examples_rclcpp_minimal_service:/home/jetson/ros2_dashing/install/examples_rclcpp_minimal_client:/home/jetson/ros2_dashing/install/example_interfaces:/home/jetson/ros2_dashing/install/action_msgs:/home/jetson/ros2_dashing/install/unique_identifier_msgs:/home/jetson/ros2_dashing/install/ament_lint_common:/home/jetson/ros2_dashing/install/ament_cmake_uncrustify:/home/jetson/ros2_dashing/install/uncrustify_vendor:/home/jetson/ros2_dashing/install/trajectory_msgs:/home/jetson/ros2_dashing/install/pendulum_control:/home/jetson/ros2_dashing/install/tlsf_cpp:/home/jetson/ros2_dashing/install/tlsf:/home/jetson/ros2_dashing/install/tinyxml_vendor:/home/jetson/ros2_dashing/install/rqt_gui_cpp:/home/jetson/ros2_dashing/install/qt_gui_core:/home/jetson/ros2_dashing/install/qt_gui_cpp:/home/jetson/ros2_dashing/install/pluginlib:/home/jetson/ros2_dashing/install/tinyxml2_vendor:/home/jetson/ros2_dashing/install/rosbag2_test_common:/home/jetson/ros2_dashing/install/rclcpp_lifecycle:/home/jetson/ros2_dashing/install/logging_demo:/home/jetson/ros2_dashing/install/examples_rclcpp_minimal_composition:/home/jetson/ros2_dashing/install/rclcpp_components:/home/jetson/ros2_dashing/install/laser_geometry:/home/jetson/ros2_dashing/install/intra_process_demo:/home/jetson/ros2_dashing/install/image_tools:/home/jetson/ros2_dashing/install/examples_rclcpp_minimal_timer:/home/jetson/ros2_dashing/install/examples_rclcpp_minimal_subscriber:/home/jetson/ros2_dashing/install/examples_rclcpp_minimal_publisher:/home/jetson/ros2_dashing/install/dummy_sensors:/home/jetson/ros2_dashing/install/dummy_map_server:/home/jetson/ros2_dashing/install/demo_nodes_cpp_native:/home/jetson/ros2_dashing/install/rclcpp:/home/jetson/ros2_dashing/install/rcl_lifecycle:/home/jetson/ros2_dashing/install/rcl:/home/jetson/ros2_dashing/install/tinydir_vendor:/home/jetson/ros2_dashing/install/tf2:/home/jetson/ros2_dashing/install/test_security:/home/jetson/ros2_dashing/install/test_rclcpp:/home/jetson/ros2_dashing/install/test_quality_of_service:/home/jetson/ros2_dashing/install/test_launch_testing:/home/jetson/ros2_dashing/install/test_interface_files:/home/jetson/ros2_dashing/install/test_communication:/home/jetson/ros2_dashing/install/test_cli_remapping:/home/jetson/ros2_dashing/install/test_cli:/home/jetson/ros2_dashing/install/stereo_msgs:/home/jetson/ros2_dashing/install/std_srvs:/home/jetson/ros2_dashing/install/shape_msgs:/home/jetson/ros2_dashing/install/map_msgs:/home/jetson/ros2_dashing/install/sensor_msgs:/home/jetson/ros2_dashing/install/nav_msgs:/home/jetson/ros2_dashing/install/diagnostic_msgs:/home/jetson/ros2_dashing/install/geometry_msgs:/home/jetson/ros2_dashing/install/actionlib_msgs:/home/jetson/ros2_dashing/install/std_msgs:/home/jetson/ros2_dashing/install/sqlite3_vendor:/home/jetson/ros2_dashing/install/shared_queues_vendor:/home/jetson/ros2_dashing/install/rviz_rendering_tests:/home/jetson/ros2_dashing/install/rviz_rendering:/home/jetson/ros2_dashing/install/rviz_ogre_vendor:/home/jetson/ros2_dashing/install/rviz_assimp_vendor:/home/jetson/ros2_dashing/install/rttest:/home/jetson/ros2_dashing/install/rosgraph_msgs:/home/jetson/ros2_dashing/install/composition_interfaces:/home/jetson/ros2_dashing/install/rcl_interfaces:/home/jetson/ros2_dashing/install/pendulum_msgs:/home/jetson/ros2_dashing/install/lifecycle_msgs:/home/jetson/ros2_dashing/install/builtin_interfaces:/home/jetson/ros2_dashing/install/rosidl_default_runtime:/home/jetson/ros2_dashing/install/rosidl_default_generators:/home/jetson/ros2_dashing/install/rosidl_typesupport_cpp:/home/jetson/ros2_dashing/install/rosidl_generator_py:/home/jetson/ros2_dashing/install/rosidl_typesupport_c:/home/jetson/ros2_dashing/install/rmw_implementation:/home/jetson/ros2_dashing/install/rmw_opensplice_cpp:/home/jetson/ros2_dashing/install/rosidl_typesupport_opensplice_c:/home/jetson/ros2_dashing/install/rosidl_typesupport_opensplice_cpp:/home/jetson/ros2_dashing/install/rmw_fastrtps_dynamic_cpp:/home/jetson/ros2_dashing/install/rmw_cyclonedds_cpp:/home/jetson/ros2_dashing/install/rosidl_typesupport_introspection_cpp:/home/jetson/ros2_dashing/install/rosidl_typesupport_introspection_c:/home/jetson/ros2_dashing/install/rmw_fastrtps_cpp:/home/jetson/ros2_dashing/install/rosidl_typesupport_fastrtps_c:/home/jetson/ros2_dashing/install/rosidl_typesupport_fastrtps_cpp:/home/jetson/ros2_dashing/install/rmw_connext_cpp:/home/jetson/ros2_dashing/install/rosidl_typesupport_connext_c:/home/jetson/ros2_dashing/install/rosidl_typesupport_connext_cpp:/home/jetson/ros2_dashing/install/rosidl_generator_cpp:/home/jetson/ros2_dashing/install/rmw_fastrtps_shared_cpp:/home/jetson/ros2_dashing/install/rmw:/home/jetson/ros2_dashing/install/rosidl_generator_c:/home/jetson/ros2_dashing/install/rosidl_typesupport_interface:/home/jetson/ros2_dashing/install/rosidl_generator_dds_idl:/home/jetson/ros2_dashing/install/rosidl_cmake:/home/jetson/ros2_dashing/install/rosidl_parser:/home/jetson/ros2_dashing/install/rosidl_adapter:/home/jetson/ros2_dashing/install/rosbag2_tests:/home/jetson/ros2_dashing/install/ros_environment:/home/jetson/ros2_dashing/install/rmw_implementation_cmake:/home/jetson/ros2_dashing/install/rmw_connext_shared_cpp:/home/jetson/ros2_dashing/install/resource_retriever:/home/jetson/ros2_dashing/install/rcl_logging_noop:/home/jetson/ros2_dashing/install/rcl_logging_log4cxx:/home/jetson/ros2_dashing/install/rcutils:/home/jetson/ros2_dashing/install/rcpputils:/home/jetson/ros2_dashing/install/rcl_yaml_param_parser:/home/jetson/ros2_dashing/install/qt_gui_py_common:/home/jetson/ros2_dashing/install/qt_gui_app:/home/jetson/ros2_dashing/install/qt_gui:/home/jetson/ros2_dashing/install/qt_dotgraph:/home/jetson/ros2_dashing/install/python_qt_binding:/home/jetson/ros2_dashing/install/launch_testing_ament_cmake:/home/jetson/ros2_dashing/install/python_cmake_module:/home/jetson/ros2_dashing/install/class_loader:/home/jetson/ros2_dashing/install/poco_vendor:/home/jetson/ros2_dashing/install/fastrtps:/home/jetson/ros2_dashing/install/osrf_testing_tools_cpp:/home/jetson/ros2_dashing/install/orocos_kdl:/home/jetson/ros2_dashing/install/opensplice_cmake_module:/home/jetson/ros2_dashing/install/message_filters:/home/jetson/ros2_dashing/install/libyaml_vendor:/home/jetson/ros2_dashing/install/libcurl_vendor:/home/jetson/ros2_dashing/install/ament_cmake_gmock:/home/jetson/ros2_dashing/install/gmock_vendor:/home/jetson/ros2_dashing/install/ament_cmake_gtest:/home/jetson/ros2_dashing/install/gtest_vendor:/home/jetson/ros2_dashing/install/fastrtps_cmake_module:/home/jetson/ros2_dashing/install/fastcdr:/home/jetson/ros2_dashing/install/eigen3_cmake_module:/home/jetson/ros2_dashing/install/cyclonedds_cmake_module:/home/jetson/ros2_dashing/install/cyclonedds:/home/jetson/ros2_dashing/install/console_bridge_vendor:/home/jetson/ros2_dashing/install/connext_cmake_module:/home/jetson/ros2_dashing/install/ament_cmake_xmllint:/home/jetson/ros2_dashing/install/ament_cmake_pyflakes:/home/jetson/ros2_dashing/install/ament_cmake_pep8:/home/jetson/ros2_dashing/install/ament_cmake_pep257:/home/jetson/ros2_dashing/install/ament_cmake_pclint:/home/jetson/ros2_dashing/install/ament_lint_auto:/home/jetson/ros2_dashing/install/ament_cmake_ros:/home/jetson/ros2_dashing/install/ament_cmake_pytest:/home/jetson/ros2_dashing/install/ament_cmake_nose:/home/jetson/ros2_dashing/install/ament_cmake_lint_cmake:/home/jetson/ros2_dashing/install/ament_cmake_flake8:/home/jetson/ros2_dashing/install/ament_cmake_cpplint:/home/jetson/ros2_dashing/install/ament_cmake_cppcheck:/home/jetson/ros2_dashing/install/ament_cmake_copyright:/home/jetson/ros2_dashing/install/ament_cmake_clang_tidy:/home/jetson/ros2_dashing/install/ament_cmake_clang_format:/home/jetson/ros2_dashing/install/ament_cmake_auto:/home/jetson/ros2_dashing/install/ament_cmake:/home/jetson/ros2_dashing/install/ament_cmake_test:/home/jetson/ros2_dashing/install/ament_cmake_target_dependencies:/home/jetson/ros2_dashing/install/ament_cmake_python:/home/jetson/ros2_dashing/install/ament_cmake_export_dependencies:/home/jetson/ros2_dashing/install/ament_cmake_libraries:/home/jetson/ros2_dashing/install/ament_cmake_include_directories:/home/jetson/ros2_dashing/install/ament_cmake_export_link_flags:/home/jetson/ros2_dashing/install/ament_cmake_export_interfaces:/home/jetson/ros2_dashing/install/ament_cmake_export_libraries:/home/jetson/ros2_dashing/install/ament_cmake_export_include_directories:/home/jetson/ros2_dashing/install/ament_cmake_export_definitions:/home/jetson/ros2_dashing/install/ament_cmake_core:/home/jetson/ros2_dashing/install/ament_index_cpp LD_LIBRARY_PATH=/home/jetson/JetPilot/ros2/install/jetpilot_msgs/lib:/home/jetson/JetPilot/ros2/install/rplidar_ros/lib:/home/jetson/JetAutonomy/ros2/install/rplidar_ros/lib:/home/jetson/JetAutonomy/ros2/install/jet_autonomy_msgs/lib:/home/jetson/ros2_dashing/install/rviz_default_plugins/lib:/home/jetson/ros2_dashing/install/rviz_common/lib:/home/jetson/ros2_dashing/install/rosbag2_transport/lib:/home/jetson/ros2_dashing/install/rosbag2_storage_default_plugins/lib:/home/jetson/ros2_dashing/install/rosbag2_converter_default_plugins/lib:/home/jetson/ros2_dashing/install/rosbag2/lib:/home/jetson/ros2_dashing/install/rosbag2_storage/lib:/home/jetson/ros2_dashing/install/yaml_cpp_vendor/opt/yaml_cpp_vendor/lib:/home/jetson/ros2_dashing/install/visualization_msgs/lib:/home/jetson/ros2_dashing/install/robot_state_publisher/lib:/home/jetson/ros2_dashing/install/kdl_parser/lib:/home/jetson/ros2_dashing/install/urdf/lib:/home/jetson/ros2_dashing/install/urdfdom/lib:/home/jetson/ros2_dashing/install/turtlesim/lib:/home/jetson/ros2_dashing/install/tf2_ros/lib:/home/jetson/ros2_dashing/install/tf2_msgs/lib:/home/jetson/ros2_dashing/install/test_msgs/lib:/home/jetson/ros2_dashing/install/composition/lib:/home/jetson/ros2_dashing/install/action_tutorials/lib:/home/jetson/ros2_dashing/install/rclpy/lib:/home/jetson/ros2_dashing/install/rclcpp_action/lib:/home/jetson/ros2_dashing/install/rcl_action/lib:/home/jetson/ros2_dashing/install/example_interfaces/lib:/home/jetson/ros2_dashing/install/action_msgs/lib:/home/jetson/ros2_dashing/install/unique_identifier_msgs/lib:/home/jetson/ros2_dashing/install/trajectory_msgs/lib:/home/jetson/ros2_dashing/install/tlsf/lib:/home/jetson/ros2_dashing/install/rqt_gui_cpp/lib:/home/jetson/ros2_dashing/install/qt_gui_cpp/lib:/home/jetson/ros2_dashing/install/rclcpp_lifecycle/lib:/home/jetson/ros2_dashing/install/logging_demo/lib:/home/jetson/ros2_dashing/install/examples_rclcpp_minimal_composition/lib:/home/jetson/ros2_dashing/install/laser_geometry/lib:/home/jetson/ros2_dashing/install/rclcpp/lib:/home/jetson/ros2_dashing/install/rcl_lifecycle/lib:/home/jetson/ros2_dashing/install/rcl/lib:/home/jetson/ros2_dashing/install/tf2/lib:/home/jetson/ros2_dashing/install/stereo_msgs/lib:/home/jetson/ros2_dashing/install/std_srvs/lib:/home/jetson/ros2_dashing/install/shape_msgs/lib:/home/jetson/ros2_dashing/install/map_msgs/lib:/home/jetson/ros2_dashing/install/sensor_msgs/lib:/home/jetson/ros2_dashing/install/nav_msgs/lib:/home/jetson/ros2_dashing/install/diagnostic_msgs/lib:/home/jetson/ros2_dashing/install/geometry_msgs/lib:/home/jetson/ros2_dashing/install/actionlib_msgs/lib:/home/jetson/ros2_dashing/install/std_msgs/lib:/home/jetson/ros2_dashing/install/rviz_rendering/lib:/home/jetson/ros2_dashing/install/rviz_ogre_vendor/opt/rviz_ogre_vendor/lib:/home/jetson/ros2_dashing/install/rttest/lib:/home/jetson/ros2_dashing/install/rosgraph_msgs/lib:/home/jetson/ros2_dashing/install/composition_interfaces/lib:/home/jetson/ros2_dashing/install/rcl_interfaces/lib:/home/jetson/ros2_dashing/install/pendulum_msgs/lib:/home/jetson/ros2_dashing/install/lifecycle_msgs/lib:/home/jetson/ros2_dashing/install/builtin_interfaces/lib:/home/jetson/ros2_dashing/install/rosidl_typesupport_cpp/lib:/home/jetson/ros2_dashing/install/rosidl_typesupport_c/lib:/home/jetson/ros2_dashing/install/rmw_implementation/lib:/home/jetson/ros2_dashing/install/rmw_fastrtps_dynamic_cpp/lib:/home/jetson/ros2_dashing/install/rmw_cyclonedds_cpp/lib:/home/jetson/ros2_dashing/install/rosidl_typesupport_introspection_cpp/lib:/home/jetson/ros2_dashing/install/rosidl_typesupport_introspection_c/lib:/home/jetson/ros2_dashing/install/rmw_fastrtps_cpp/lib:/home/jetson/ros2_dashing/install/rosidl_typesupport_fastrtps_c/lib:/home/jetson/ros2_dashing/install/rosidl_typesupport_fastrtps_cpp/lib:/home/jetson/ros2_dashing/install/rmw_fastrtps_shared_cpp/lib:/home/jetson/ros2_dashing/install/rmw/lib:/home/jetson/ros2_dashing/install/rosidl_generator_c/lib:/home/jetson/ros2_dashing/install/resource_retriever/lib:/home/jetson/ros2_dashing/install/rcl_logging_noop/lib:/home/jetson/ros2_dashing/install/rcl_logging_log4cxx/lib:/home/jetson/ros2_dashing/install/rcutils/lib:/home/jetson/ros2_dashing/install/rcl_yaml_param_parser/lib:/home/jetson/ros2_dashing/install/class_loader/lib:/home/jetson/ros2_dashing/install/fastrtps/lib:/home/jetson/ros2_dashing/install/osrf_testing_tools_cpp/lib:/home/jetson/ros2_dashing/install/orocos_kdl/lib:/home/jetson/ros2_dashing/install/message_filters/lib:/home/jetson/ros2_dashing/install/libyaml_vendor/lib:/home/jetson/ros2_dashing/install/fastcdr/lib:/home/jetson/ros2_dashing/install/cyclonedds/lib:/home/jetson/ros2_dashing/install/console_bridge_vendor/lib:/home/jetson/ros2_dashing/install/ament_index_cpp/lib PYTHONPATH=/home/jetson/JetPilot/ros2/install/imu_bno055/lib/python3.6/site-packages:/home/jetson/JetPilot/ros2/install/jetpilot_msgs/lib/python3.6/site-packages:/home/jetson/JetPilot/ros2/install/joystick/lib/python3.6/site-packages:/home/jetson/JetPilot/ros2/install/jet_drive/lib/python3.6/site-packages:/home/jetson/JetPilot/ros2/install/imu_bno055/lib/python3.6/site-packages:/home/jetson/JetAutonomy/ros2/install/joystick/lib/python3.6/site-packages:/home/jetson/JetAutonomy/ros2/install/jet_drive/lib/python3.6/site-packages:/home/jetson/JetAutonomy/ros2/install/jet_autonomy_msgs/lib/python3.6/site-packages:/home/jetson/JetAutonomy/ros2/install/bno055/lib/python3.6/site-packages:/home/jetson/ros2_dashing/build/ros2bag:/home/jetson/ros2_dashing/install/ros2bag/lib/python3.6/site-packages:/home/jetson/ros2_dashing/install/rosbag2_transport/lib/python3.6/site-packages:/home/jetson/ros2_dashing/install/visualization_msgs/lib/python3.6/site-packages:/home/jetson/ros2_dashing/install/turtlesim/lib/python3.6/site-packages:/home/jetson/ros2_dashing/build/topic_monitor:/home/jetson/ros2_dashing/install/topic_monitor/lib/python3.6/site-packages:/home/jetson/ros2_dashing/install/tf2_msgs/lib/python3.6/site-packages:/home/jetson/ros2_dashing/install/test_msgs/lib/python3.6/site-packages:/home/jetson/ros2_dashing/build/sros2:/home/jetson/ros2_dashing/install/sros2/lib/python3.6/site-packages:/home/jetson/ros2_dashing/build/rqt_topic/src:/home/jetson/ros2_dashing/install/rqt_topic/lib/python3.6/site-packages:/home/jetson/ros2_dashing/build/rqt_top/src:/home/jetson/ros2_dashing/install/rqt_top/lib/python3.6/site-packages:/home/jetson/ros2_dashing/build/rqt_srv/src:/home/jetson/ros2_dashing/install/rqt_srv/lib/python3.6/site-packages:/home/jetson/ros2_dashing/build/rqt_shell/src:/home/jetson/ros2_dashing/install/rqt_shell/lib/python3.6/site-packages:/home/jetson/ros2_dashing/build/rqt_service_caller/src:/home/jetson/ros2_dashing/install/rqt_service_caller/lib/python3.6/site-packages:/home/jetson/ros2_dashing/build/rqt_py_console/src:/home/jetson/ros2_dashing/install/rqt_py_console/lib/python3.6/site-packages:/home/jetson/ros2_dashing/install/rqt_publisher/lib/python3.6/site-packages:/home/jetson/ros2_dashing/install/rqt_plot/lib/python3.6/site-packages:/home/jetson/ros2_dashing/build/rqt_action/src:/home/jetson/ros2_dashing/install/rqt_action/lib/python3.6/site-packages:/home/jetson/ros2_dashing/install/rqt_msg/lib/python3.6/site-packages:/home/jetson/ros2_dashing/install/rqt_console/lib/python3.6/site-packages:/home/jetson/ros2_dashing/build/rqt:/home/jetson/ros2_dashing/install/rqt/lib/python3.6/site-packages:/home/jetson/ros2_dashing/install/rqt_py_common/lib/python3.6/site-packages:/home/jetson/ros2_dashing/build/rqt_graph/src:/home/jetson/ros2_dashing/install/rqt_graph/lib/python3.6/site-packages:/home/jetson/ros2_dashing/build/rqt_gui_py/src:/home/jetson/ros2_dashing/install/rqt_gui_py/lib/python3.6/site-packages:/home/jetson/ros2_dashing/build/rqt_gui/src:/home/jetson/ros2_dashing/install/rqt_gui/lib/python3.6/site-packages:/home/jetson/ros2_dashing/build/ros2topic:/home/jetson/ros2_dashing/install/ros2topic/lib/python3.6/site-packages:/home/jetson/ros2_dashing/build/ros2test:/home/jetson/ros2_dashing/install/ros2test/lib/python3.6/site-packages:/home/jetson/ros2_dashing/build/ros2component:/home/jetson/ros2_dashing/install/ros2component/lib/python3.6/site-packages:/home/jetson/ros2_dashing/build/ros2param:/home/jetson/ros2_dashing/install/ros2param/lib/python3.6/site-packages:/home/jetson/ros2_dashing/build/ros2lifecycle:/home/jetson/ros2_dashing/install/ros2lifecycle/lib/python3.6/site-packages:/home/jetson/ros2_dashing/build/ros2service:/home/jetson/ros2_dashing/install/ros2service/lib/python3.6/site-packages:/home/jetson/ros2_dashing/build/ros2srv:/home/jetson/ros2_dashing/install/ros2srv/lib/python3.6/site-packages:/home/jetson/ros2_dashing/build/ros2run:/home/jetson/ros2_dashing/install/ros2run/lib/python3.6/site-packages:/home/jetson/ros2_dashing/build/ros2launch:/home/jetson/ros2_dashing/install/ros2launch/lib/python3.6/site-packages:/home/jetson/ros2_dashing/build/ros2pkg:/home/jetson/ros2_dashing/install/ros2pkg/lib/python3.6/site-packages:/home/jetson/ros2_dashing/build/ros2node:/home/jetson/ros2_dashing/install/ros2node/lib/python3.6/site-packages:/home/jetson/ros2_dashing/build/ros2multicast:/home/jetson/ros2_dashing/install/ros2multicast/lib/python3.6/site-packages:/home/jetson/ros2_dashing/build/ros2msg:/home/jetson/ros2_dashing/install/ros2msg/lib/python3.6/site-packages:/home/jetson/ros2_dashing/build/ros2action:/home/jetson/ros2_dashing/install/ros2action/lib/python3.6/site-packages:/home/jetson/ros2_dashing/build/ros2cli:/home/jetson/ros2_dashing/install/ros2cli/lib/python3.6/site-packages:/home/jetson/ros2_dashing/build/quality_of_service_demo_py:/home/jetson/ros2_dashing/install/quality_of_service_demo_py/lib/python3.6/site-packages:/home/jetson/ros2_dashing/build/launch_testing_ros:/home/jetson/ros2_dashing/install/launch_testing_ros/lib/python3.6/site-packages:/home/jetson/ros2_dashing/build/launch_ros:/home/jetson/ros2_dashing/install/launch_ros/lib/python3.6/site-packages:/home/jetson/ros2_dashing/build/examples_rclpy_minimal_subscriber:/home/jetson/ros2_dashing/install/examples_rclpy_minimal_subscriber/lib/python3.6/site-packages:/home/jetson/ros2_dashing/build/examples_rclpy_minimal_service:/home/jetson/ros2_dashing/install/examples_rclpy_minimal_service/lib/python3.6/site-packages:/home/jetson/ros2_dashing/build/examples_rclpy_minimal_publisher:/home/jetson/ros2_dashing/install/examples_rclpy_minimal_publisher/lib/python3.6/site-packages:/home/jetson/ros2_dashing/build/examples_rclpy_minimal_client:/home/jetson/ros2_dashing/install/examples_rclpy_minimal_client/lib/python3.6/site-packages:/home/jetson/ros2_dashing/build/examples_rclpy_minimal_action_server:/home/jetson/ros2_dashing/install/examples_rclpy_minimal_action_server/lib/python3.6/site-packages:/home/jetson/ros2_dashing/build/examples_rclpy_minimal_action_client:/home/jetson/ros2_dashing/install/examples_rclpy_minimal_action_client/lib/python3.6/site-packages:/home/jetson/ros2_dashing/build/examples_rclpy_executors:/home/jetson/ros2_dashing/install/examples_rclpy_executors/lib/python3.6/site-packages:/home/jetson/ros2_dashing/build/demo_nodes_py:/home/jetson/ros2_dashing/install/demo_nodes_py/lib/python3.6/site-packages:/home/jetson/ros2_dashing/install/action_tutorials/lib/python3.6/site-packages:/home/jetson/ros2_dashing/install/rclpy/lib/python3.6/site-packages:/home/jetson/ros2_dashing/install/example_interfaces/lib/python3.6/site-packages:/home/jetson/ros2_dashing/install/action_msgs/lib/python3.6/site-packages:/home/jetson/ros2_dashing/install/unique_identifier_msgs/lib/python3.6/site-packages:/home/jetson/ros2_dashing/build/ament_uncrustify:/home/jetson/ros2_dashing/install/ament_uncrustify/lib/python3.6/site-packages:/home/jetson/ros2_dashing/install/trajectory_msgs/lib/python3.6/site-packages:/home/jetson/ros2_dashing/install/qt_gui_cpp/lib/python3.6/site-packages:/home/jetson/ros2_dashing/install/logging_demo/lib/python3.6/site-packages:/home/jetson/ros2_dashing/build/test_launch_ros:/home/jetson/ros2_dashing/install/test_launch_ros/lib/python3.6/site-packages:/home/jetson/ros2_dashing/install/stereo_msgs/lib/python3.6/site-packages:/home/jetson/ros2_dashing/install/std_srvs/lib/python3.6/site-packages:/home/jetson/ros2_dashing/install/shape_msgs/lib/python3.6/site-packages:/home/jetson/ros2_dashing/install/map_msgs/lib/python3.6/site-packages:/home/jetson/ros2_dashing/install/sensor_msgs/lib/python3.6/site-packages:/home/jetson/ros2_dashing/install/nav_msgs/lib/python3.6/site-packages:/home/jetson/ros2_dashing/install/diagnostic_msgs/lib/python3.6/site-packages:/home/jetson/ros2_dashing/install/geometry_msgs/lib/python3.6/site-packages:/home/jetson/ros2_dashing/install/actionlib_msgs/lib/python3.6/site-packages:/home/jetson/ros2_dashing/install/std_msgs/lib/python3.6/site-packages:/home/jetson/ros2_dashing/install/rosgraph_msgs/lib/python3.6/site-packages:/home/jetson/ros2_dashing/install/composition_interfaces/lib/python3.6/site-packages:/home/jetson/ros2_dashing/install/rcl_interfaces/lib/python3.6/site-packages:/home/jetson/ros2_dashing/install/pendulum_msgs/lib/python3.6/site-packages:/home/jetson/ros2_dashing/install/lifecycle_msgs/lib/python3.6/site-packages:/home/jetson/ros2_dashing/install/builtin_interfaces/lib/python3.6/site-packages:/home/jetson/ros2_dashing/install/rosidl_typesupport_cpp/lib/python3.6/site-packages:/home/jetson/ros2_dashing/install/rosidl_generator_py/lib/python3.6/site-packages:/home/jetson/ros2_dashing/install/rosidl_typesupport_c/lib/python3.6/site-packages:/home/jetson/ros2_dashing/install/rosidl_typesupport_introspection_cpp/lib/python3.6/site-packages:/home/jetson/ros2_dashing/install/rosidl_typesupport_introspection_c/lib/python3.6/site-packages:/home/jetson/ros2_dashing/install/rosidl_typesupport_fastrtps_c/lib/python3.6/site-packages:/home/jetson/ros2_dashing/install/rosidl_typesupport_fastrtps_cpp/lib/python3.6/site-packages:/home/jetson/ros2_dashing/install/rosidl_generator_cpp/lib/python3.6/site-packages:/home/jetson/ros2_dashing/install/rosidl_generator_c/lib/python3.6/site-packages:/home/jetson/ros2_dashing/build/rosidl_runtime_py:/home/jetson/ros2_dashing/install/rosidl_runtime_py/lib/python3.6/site-packages:/home/jetson/ros2_dashing/install/rosidl_generator_dds_idl/lib/python3.6/site-packages:/home/jetson/ros2_dashing/install/rosidl_cmake/lib/python3.6/site-packages:/home/jetson/ros2_dashing/install/rosidl_parser/lib/python3.6/site-packages:/home/jetson/ros2_dashing/install/rosidl_adapter/lib/python3.6/site-packages:/home/jetson/ros2_dashing/install/rcutils/lib/python3.6/site-packages:/home/jetson/ros2_dashing/install/qt_gui_py_common/lib/python3.6/site-packages:/home/jetson/ros2_dashing/install/qt_gui/lib/python3.6/site-packages:/home/jetson/ros2_dashing/install/qt_dotgraph/lib/python3.6/site-packages:/home/jetson/ros2_dashing/install/python_qt_binding/lib/python3.6/site-packages:/home/jetson/ros2_dashing/build/launch_testing:/home/jetson/ros2_dashing/install/launch_testing/lib/python3.6/site-packages:/home/jetson/ros2_dashing/build/launch:/home/jetson/ros2_dashing/install/launch/lib/python3.6/site-packages:/home/jetson/ros2_dashing/build/osrf_pycommon:/home/jetson/ros2_dashing/install/osrf_pycommon/lib/python3.6/site-packages:/home/jetson/ros2_dashing/install/message_filters/lib/python3.6/site-packages:/home/jetson/ros2_dashing/build/ament_xmllint:/home/jetson/ros2_dashing/install/ament_xmllint/lib/python3.6/site-packages:/home/jetson/ros2_dashing/build/ament_pyflakes:/home/jetson/ros2_dashing/install/ament_pyflakes/lib/python3.6/site-packages:/home/jetson/ros2_dashing/build/ament_pep8:/home/jetson/ros2_dashing/install/ament_pep8/lib/python3.6/site-packages:/home/jetson/ros2_dashing/build/ament_pep257:/home/jetson/ros2_dashing/install/ament_pep257/lib/python3.6/site-packages:/home/jetson/ros2_dashing/build/ament_pclint:/home/jetson/ros2_dashing/install/ament_pclint/lib/python3.6/site-packages:/home/jetson/ros2_dashing/install/ament_cmake_test/lib/python3.6/site-packages:/home/jetson/ros2_dashing/build/ament_package:/home/jetson/ros2_dashing/install/ament_package/lib/python3.6/site-packages:/home/jetson/ros2_dashing/build/ament_lint_cmake:/home/jetson/ros2_dashing/install/ament_lint_cmake/lib/python3.6/site-packages:/home/jetson/ros2_dashing/build/ament_flake8:/home/jetson/ros2_dashing/install/ament_flake8/lib/python3.6/site-packages:/home/jetson/ros2_dashing/build/ament_copyright:/home/jetson/ros2_dashing/install/ament_copyright/lib/python3.6/site-packages:/home/jetson/ros2_dashing/build/ament_lint:/home/jetson/ros2_dashing/install/ament_lint/lib/python3.6/site-packages:/home/jetson/ros2_dashing/build/ament_index_python:/home/jetson/ros2_dashing/install/ament_index_python/lib/python3.6/site-packages:/home/jetson/ros2_dashing/build/ament_cpplint:/home/jetson/ros2_dashing/install/ament_cpplint/lib/python3.6/site-packages:/home/jetson/ros2_dashing/build/ament_cppcheck:/home/jetson/ros2_dashing/install/ament_cppcheck/lib/python3.6/site-packages:/home/jetson/ros2_dashing/build/ament_clang_tidy:/home/jetson/ros2_dashing/install/ament_clang_tidy/lib/python3.6/site-packages:/home/jetson/ros2_dashing/build/ament_clang_format:/home/jetson/ros2_dashing/install/ament_clang_format/lib/python3.6/site-packages /usr/bin/python3 setup.py egg_info --egg-base ../../build/imu_bno055 build --build-base /home/jetson/JetPilot/ros2/build/imu_bno055/build install --prefix /home/jetson/JetPilot/ros2/install/imu_bno055 --record /home/jetson/JetPilot/ros2/build/imu_bno055/install.log --single-version-externally-managed
[34.463s] Level 1:colcon.colcon_core.environment:checking '/home/jetson/JetPilot/ros2/install/imu_bno055' for CMake module files
[34.468s] Level 1:colcon.colcon_core.environment:checking '/home/jetson/JetPilot/ros2/install/imu_bno055' for CMake config files
[34.484s] Level 1:colcon.colcon_core.environment:checking '/home/jetson/JetPilot/ros2/install/imu_bno055/lib'
[34.493s] Level 1:colcon.colcon_core.environment:checking '/home/jetson/JetPilot/ros2/install/imu_bno055/bin'
[34.494s] Level 1:colcon.colcon_core.environment:checking '/home/jetson/JetPilot/ros2/install/imu_bno055/lib/pkgconfig/imu_bno055.pc'
[34.495s] Level 1:colcon.colcon_core.environment:checking '/home/jetson/JetPilot/ros2/install/imu_bno055/lib/python3.6/site-packages'
[34.495s] Level 1:colcon.colcon_core.shell:create_environment_hook('imu_bno055', 'pythonpath')
[34.511s] INFO:colcon.colcon_core.shell:Creating environment hook '/home/jetson/JetPilot/ros2/install/imu_bno055/share/imu_bno055/hook/pythonpath.ps1'
[34.529s] INFO:colcon.colcon_core.shell:Creating environment descriptor '/home/jetson/JetPilot/ros2/install/imu_bno055/share/imu_bno055/hook/pythonpath.dsv'
[34.533s] INFO:colcon.colcon_core.shell:Creating environment hook '/home/jetson/JetPilot/ros2/install/imu_bno055/share/imu_bno055/hook/pythonpath.sh'
[34.542s] Level 1:colcon.colcon_core.environment:create_environment_scripts_only(imu_bno055)
[34.568s] INFO:colcon.colcon_core.shell:Creating package script '/home/jetson/JetPilot/ros2/install/imu_bno055/share/imu_bno055/package.ps1'
[34.596s] INFO:colcon.colcon_core.shell:Creating package descriptor '/home/jetson/JetPilot/ros2/install/imu_bno055/share/imu_bno055/package.dsv'
[34.608s] INFO:colcon.colcon_core.shell:Creating package script '/home/jetson/JetPilot/ros2/install/imu_bno055/share/imu_bno055/package.sh'
[34.631s] INFO:colcon.colcon_core.shell:Creating package script '/home/jetson/JetPilot/ros2/install/imu_bno055/share/imu_bno055/package.bash'
[34.648s] INFO:colcon.colcon_core.shell:Creating package script '/home/jetson/JetPilot/ros2/install/imu_bno055/share/imu_bno055/package.zsh'
[34.673s] Level 1:colcon.colcon_core.environment:create_file_with_runtime_dependencies(/home/jetson/JetPilot/ros2/install/imu_bno055/share/colcon-core/packages/imu_bno055)
[34.685s] DEBUG:colcon.colcon_parallel_executor.executor.parallel:closing loop
[34.687s] DEBUG:colcon.colcon_parallel_executor.executor.parallel:loop closed
[34.687s] DEBUG:colcon.colcon_parallel_executor.executor.parallel:run_until_complete finished with '0'
[34.688s] DEBUG:colcon.colcon_core.event_reactor:joining thread
[34.978s] INFO:colcon.colcon_core.plugin_system:Skipping extension 'colcon_notification.desktop_notification.terminal_notifier': Not used on non-Darwin systems
[34.982s] INFO:colcon.colcon_core.plugin_system:Skipping extension 'colcon_notification.desktop_notification.win32': Not used on non-Windows systems
[34.985s] INFO:colcon.colcon_notification.desktop_notification:Sending desktop notification using 'notify2'
[35.008s] DEBUG:colcon.colcon_notification.desktop_notification.notify2:Failed to initialize notify2: org.freedesktop.DBus.Error.ServiceUnknown: The name org.freedesktop.Notifications was not provided by any .service files
[35.012s] DEBUG:colcon.colcon_core.event_reactor:joined thread
[35.040s] INFO:colcon.colcon_core.shell:Creating prefix script '/home/jetson/JetPilot/ros2/install/local_setup.ps1'
[35.093s] INFO:colcon.colcon_core.shell:Creating prefix util module '/home/jetson/JetPilot/ros2/install/_local_setup_util_ps1.py'
[35.148s] INFO:colcon.colcon_core.shell:Creating prefix chain script '/home/jetson/JetPilot/ros2/install/setup.ps1'
[35.505s] INFO:colcon.colcon_core.shell:Creating prefix script '/home/jetson/JetPilot/ros2/install/local_setup.sh'
[35.519s] INFO:colcon.colcon_core.shell:Creating prefix util module '/home/jetson/JetPilot/ros2/install/_local_setup_util_sh.py'
[35.523s] INFO:colcon.colcon_core.shell:Creating prefix chain script '/home/jetson/JetPilot/ros2/install/setup.sh'
[35.944s] INFO:colcon.colcon_core.shell:Creating prefix script '/home/jetson/JetPilot/ros2/install/local_setup.bash'
[35.949s] INFO:colcon.colcon_core.shell:Creating prefix chain script '/home/jetson/JetPilot/ros2/install/setup.bash'
[36.361s] INFO:colcon.colcon_core.shell:Creating prefix script '/home/jetson/JetPilot/ros2/install/local_setup.zsh'
[36.381s] INFO:colcon.colcon_core.shell:Creating prefix chain script '/home/jetson/JetPilot/ros2/install/setup.zsh'
