[35m[1mScanning dependencies of target front_cam_node[0m
[ 50%] [32mBuilding CXX object CMakeFiles/front_cam_node.dir/src/front_cam_node.cpp.o[0m
In file included from [01m[K/home/jetson/JetAutonomy/ros2/src/front_cam/src/front_cam_node.cpp:7:0[m[K:
[01m[K/home/jetson/JetAutonomy/ros2/src/front_cam/include/CSICamera.hpp:[m[K In member function ‘[01m[Kint CSICamera::read(cv::Mat&)[m[K’:
[01m[K/home/jetson/JetAutonomy/ros2/src/front_cam/include/CSICamera.hpp:93:22:[m[K [01;31m[Kerror: [m[K‘[01m[Kframe_[m[K’ was not declared in this scope
             cap.read([01;31m[Kframe_[m[K);
                      [01;31m[K^~~~~~[m[K
[01m[K/home/jetson/JetAutonomy/ros2/src/front_cam/include/CSICamera.hpp:93:22:[m[K [01;36m[Knote: [m[Ksuggested alternative: ‘[01m[Kframe[m[K’
             cap.read([01;36m[Kframe_[m[K);
                      [01;36m[K^~~~~~[m[K
                      [32m[Kframe[m[K
[01m[K/home/jetson/JetAutonomy/ros2/src/front_cam/include/CSICamera.hpp:90:27:[m[K [01;35m[Kwarning: [m[Kunused parameter ‘[01m[Kframe[m[K’ [[01;35m[K-Wunused-parameter[m[K]
         int read(cv::Mat &[01;35m[Kframe[m[K) {
                           [01;35m[K^~~~~[m[K
CMakeFiles/front_cam_node.dir/build.make:62: recipe for target 'CMakeFiles/front_cam_node.dir/src/front_cam_node.cpp.o' failed
make[2]: *** [CMakeFiles/front_cam_node.dir/src/front_cam_node.cpp.o] Error 1
make[1]: *** [CMakeFiles/front_cam_node.dir/all] Error 2
CMakeFiles/Makefile2:67: recipe for target 'CMakeFiles/front_cam_node.dir/all' failed
Makefile:140: recipe for target 'all' failed
make: *** [all] Error 2
