running egg_info
writing ../../build/jet_drive/jet_drive.egg-info/PKG-INFO
writing dependency_links to ../../build/jet_drive/jet_drive.egg-info/dependency_links.txt
writing entry points to ../../build/jet_drive/jet_drive.egg-info/entry_points.txt
writing requirements to ../../build/jet_drive/jet_drive.egg-info/requires.txt
writing top-level names to ../../build/jet_drive/jet_drive.egg-info/top_level.txt
reading manifest file '../../build/jet_drive/jet_drive.egg-info/SOURCES.txt'
writing manifest file '../../build/jet_drive/jet_drive.egg-info/SOURCES.txt'
running build
running build_py
copying jet_drive/jet_drive_node.py -> /home/jetson/JetPilot/ros2/build/jet_drive/build/lib/jet_drive
running install
running install_lib
copying /home/jetson/JetPilot/ros2/build/jet_drive/build/lib/jet_drive/jet_drive_node.py -> /home/jetson/JetPilot/ros2/install/jet_drive/lib/python3.6/site-packages/jet_drive
byte-compiling /home/jetson/JetPilot/ros2/install/jet_drive/lib/python3.6/site-packages/jet_drive/jet_drive_node.py to jet_drive_node.cpython-36.pyc
running install_data
copying launch/jet_pilot.launch.py -> /home/jetson/JetPilot/ros2/install/jet_drive/share/jet_drive
copying launch/frame_transforms.launch.py -> /home/jetson/JetPilot/ros2/install/jet_drive/share/jet_drive
running install_egg_info
removing '/home/jetson/JetPilot/ros2/install/jet_drive/lib/python3.6/site-packages/jet_drive-0.0.0-py3.6.egg-info' (and everything under it)
Copying ../../build/jet_drive/jet_drive.egg-info to /home/jetson/JetPilot/ros2/install/jet_drive/lib/python3.6/site-packages/jet_drive-0.0.0-py3.6.egg-info
running install_scripts
Installing jet_drive_node script to /home/jetson/JetPilot/ros2/install/jet_drive/lib/jet_drive
writing list of installed files to '/home/jetson/JetPilot/ros2/build/jet_drive/install.log'
