[8.563s] Invoking command in '/home/jetson/JetPilot/ros2/src/imu_bno055': AMENT_PREFIX_PATH=/home/jetson/JetPilot/ros2/install/jetpilot_msgs:${AMENT_PREFIX_PATH} CMAKE_PREFIX_PATH=/home/jetson/JetPilot/ros2/install/jetpilot_msgs:${CMAKE_PREFIX_PATH} LD_LIBRARY_PATH=/home/jetson/JetPilot/ros2/install/jetpilot_msgs/lib:${LD_LIBRARY_PATH} PYTHONPATH=/home/jetson/JetPilot/ros2/install/imu_bno055/lib/python3.6/site-packages:/home/jetson/JetPilot/ros2/install/jetpilot_msgs/lib/python3.6/site-packages:${PYTHONPATH} /usr/bin/python3 setup.py egg_info --egg-base ../../build/imu_bno055 build --build-base /home/jetson/JetPilot/ros2/build/imu_bno055/build install --prefix /home/jetson/JetPilot/ros2/install/imu_bno055 --record /home/jetson/JetPilot/ros2/build/imu_bno055/install.log --single-version-externally-managed
[16.481s] running egg_info
[16.486s] writing ../../build/imu_bno055/imu_bno055.egg-info/PKG-INFO
[16.488s] writing dependency_links to ../../build/imu_bno055/imu_bno055.egg-info/dependency_links.txt
[16.489s] writing entry points to ../../build/imu_bno055/imu_bno055.egg-info/entry_points.txt
[16.490s] writing requirements to ../../build/imu_bno055/imu_bno055.egg-info/requires.txt
[16.491s] writing top-level names to ../../build/imu_bno055/imu_bno055.egg-info/top_level.txt
[16.926s] reading manifest file '../../build/imu_bno055/imu_bno055.egg-info/SOURCES.txt'
[16.937s] writing manifest file '../../build/imu_bno055/imu_bno055.egg-info/SOURCES.txt'
[16.938s] running build
[16.939s] running build_py
[16.940s] copying imu_bno055/imu_bno055_node.py -> /home/jetson/JetPilot/ros2/build/imu_bno055/build/lib/imu_bno055
[16.942s] running install
[16.945s] running install_lib
[16.951s] copying /home/jetson/JetPilot/ros2/build/imu_bno055/build/lib/imu_bno055/imu_bno055_node.py -> /home/jetson/JetPilot/ros2/install/imu_bno055/lib/python3.6/site-packages/imu_bno055
[16.973s] byte-compiling /home/jetson/JetPilot/ros2/install/imu_bno055/lib/python3.6/site-packages/imu_bno055/imu_bno055_node.py to imu_bno055_node.cpython-36.pyc
[16.979s] running install_data
[16.991s] running install_egg_info
[17.026s] removing '/home/jetson/JetPilot/ros2/install/imu_bno055/lib/python3.6/site-packages/imu_bno055-0.0.0-py3.6.egg-info' (and everything under it)
[17.029s] Copying ../../build/imu_bno055/imu_bno055.egg-info to /home/jetson/JetPilot/ros2/install/imu_bno055/lib/python3.6/site-packages/imu_bno055-0.0.0-py3.6.egg-info
[17.038s] running install_scripts
[17.311s] Installing imu_bno055_node script to /home/jetson/JetPilot/ros2/install/imu_bno055/lib/imu_bno055
[17.313s] writing list of installed files to '/home/jetson/JetPilot/ros2/build/imu_bno055/install.log'
[17.462s] Invoked command in '/home/jetson/JetPilot/ros2/src/imu_bno055' returned '0': AMENT_PREFIX_PATH=/home/jetson/JetPilot/ros2/install/jetpilot_msgs:${AMENT_PREFIX_PATH} CMAKE_PREFIX_PATH=/home/jetson/JetPilot/ros2/install/jetpilot_msgs:${CMAKE_PREFIX_PATH} LD_LIBRARY_PATH=/home/jetson/JetPilot/ros2/install/jetpilot_msgs/lib:${LD_LIBRARY_PATH} PYTHONPATH=/home/jetson/JetPilot/ros2/install/imu_bno055/lib/python3.6/site-packages:/home/jetson/JetPilot/ros2/install/jetpilot_msgs/lib/python3.6/site-packages:${PYTHONPATH} /usr/bin/python3 setup.py egg_info --egg-base ../../build/imu_bno055 build --build-base /home/jetson/JetPilot/ros2/build/imu_bno055/build install --prefix /home/jetson/JetPilot/ros2/install/imu_bno055 --record /home/jetson/JetPilot/ros2/build/imu_bno055/install.log --single-version-externally-managed
