[2.620s] Invoking command in '/home/jetson/JetPilot/ros2/build/jetpilot_msgs': CMAKE_PREFIX_PATH=${CMAKE_PREFIX_PATH}:/home/jetson/JetAutonomy/ros2/install/joystick:/home/jetson/JetAutonomy/ros2/install/jet_drive:/home/jetson/JetAutonomy/ros2/install/bno055:/home/jetson/ros2_dashing/install/ros2bag:/home/jetson/ros2_dashing/install/topic_monitor:/home/jetson/ros2_dashing/install/sros2:/home/jetson/ros2_dashing/install/rqt_topic:/home/jetson/ros2_dashing/install/rqt_top:/home/jetson/ros2_dashing/install/rqt_srv:/home/jetson/ros2_dashing/install/rqt_shell:/home/jetson/ros2_dashing/install/rqt_service_caller:/home/jetson/ros2_dashing/install/rqt_py_console:/home/jetson/ros2_dashing/install/rqt_action:/home/jetson/ros2_dashing/install/rqt:/home/jetson/ros2_dashing/install/rqt_graph:/home/jetson/ros2_dashing/install/rqt_gui_py:/home/jetson/ros2_dashing/install/rqt_gui:/home/jetson/ros2_dashing/install/ros2topic:/home/jetson/ros2_dashing/install/ros2test:/home/jetson/ros2_dashing/install/ros2component:/home/jetson/ros2_dashing/install/ros2param:/home/jetson/ros2_dashing/install/ros2lifecycle:/home/jetson/ros2_dashing/install/ros2service:/home/jetson/ros2_dashing/install/ros2srv:/home/jetson/ros2_dashing/install/ros2run:/home/jetson/ros2_dashing/install/ros2launch:/home/jetson/ros2_dashing/install/ros2pkg:/home/jetson/ros2_dashing/install/ros2node:/home/jetson/ros2_dashing/install/ros2multicast:/home/jetson/ros2_dashing/install/ros2msg:/home/jetson/ros2_dashing/install/ros2action:/home/jetson/ros2_dashing/install/ros2cli:/home/jetson/ros2_dashing/install/quality_of_service_demo_py:/home/jetson/ros2_dashing/install/launch_testing_ros:/home/jetson/ros2_dashing/install/launch_ros:/home/jetson/ros2_dashing/install/examples_rclpy_minimal_subscriber:/home/jetson/ros2_dashing/install/examples_rclpy_minimal_service:/home/jetson/ros2_dashing/install/examples_rclpy_minimal_publisher:/home/jetson/ros2_dashing/install/examples_rclpy_minimal_client:/home/jetson/ros2_dashing/install/examples_rclpy_minimal_action_server:/home/jetson/ros2_dashing/install/examples_rclpy_minimal_action_client:/home/jetson/ros2_dashing/install/examples_rclpy_executors:/home/jetson/ros2_dashing/install/demo_nodes_py:/home/jetson/ros2_dashing/install/ament_uncrustify:/home/jetson/ros2_dashing/install/test_launch_ros:/home/jetson/ros2_dashing/install/rosidl_runtime_py:/home/jetson/ros2_dashing/install/launch_testing:/home/jetson/ros2_dashing/install/launch:/home/jetson/ros2_dashing/install/osrf_pycommon:/home/jetson/ros2_dashing/install/ament_xmllint:/home/jetson/ros2_dashing/install/ament_pyflakes:/home/jetson/ros2_dashing/install/ament_pep8:/home/jetson/ros2_dashing/install/ament_pep257:/home/jetson/ros2_dashing/install/ament_pclint:/home/jetson/ros2_dashing/install/ament_package:/home/jetson/ros2_dashing/install/ament_lint_cmake:/home/jetson/ros2_dashing/install/ament_flake8:/home/jetson/ros2_dashing/install/ament_copyright:/home/jetson/ros2_dashing/install/ament_lint:/home/jetson/ros2_dashing/install/ament_index_python:/home/jetson/ros2_dashing/install/ament_cpplint:/home/jetson/ros2_dashing/install/ament_cppcheck:/home/jetson/ros2_dashing/install/ament_clang_tidy:/home/jetson/ros2_dashing/install/ament_clang_format /usr/bin/cmake /home/jetson/JetPilot/ros2/src/jetpilot_msgs -DCMAKE_INSTALL_PREFIX=/home/jetson/JetPilot/ros2/install/jetpilot_msgs
[5.795s] -- The C compiler identification is GNU 7.3.0
[8.230s] -- The CXX compiler identification is GNU 7.3.0
[8.650s] -- Check for working C compiler: /usr/bin/cc
[12.266s] -- Check for working C compiler: /usr/bin/cc -- works
[12.282s] -- Detecting C compiler ABI info
[15.902s] -- Detecting C compiler ABI info - done
[16.067s] -- Detecting C compile features
[26.781s] -- Detecting C compile features - done
[26.845s] -- Check for working CXX compiler: /usr/bin/c++
[30.486s] -- Check for working CXX compiler: /usr/bin/c++ -- works
[30.506s] -- Detecting CXX compiler ABI info
[34.195s] -- Detecting CXX compiler ABI info - done
[34.342s] -- Detecting CXX compile features
[51.726s] -- Detecting CXX compile features - done
[52.403s] -- Found ament_cmake: 0.7.6 (/home/jetson/ros2_dashing/install/ament_cmake/share/ament_cmake/cmake)
[67.127s] -- Found PythonInterp: /usr/bin/python3 (found suitable version "3.6.8", minimum required is "3") 
[67.128s] -- Using PYTHON_EXECUTABLE: /usr/bin/python3
[87.818s] -- Found rosidl_default_generators: 0.7.0 (/home/jetson/ros2_dashing/install/rosidl_default_generators/share/rosidl_default_generators/cmake)
[90.431s] -- Found rosidl_adapter: 0.7.10 (/home/jetson/ros2_dashing/install/rosidl_adapter/share/rosidl_adapter/cmake)
[98.269s] -- Found OpenSSL: /usr/lib/aarch64-linux-gnu/libcrypto.so (found version "1.1.1") 
[100.407s] -- Found FastRTPS: /home/jetson/ros2_dashing/install/fastrtps/include  
[107.169s] -- Found std_msgs: 0.7.0 (/home/jetson/ros2_dashing/install/std_msgs/share/std_msgs/cmake)
[119.488s] -- Found PythonInterp: /usr/bin/python3 (found version "3.6.8") 
[149.790s] -- Using all available rosidl_typesupport_c: rosidl_typesupport_introspection_c;rosidl_typesupport_fastrtps_c
[154.830s] -- Using all available rosidl_typesupport_cpp: rosidl_typesupport_introspection_cpp;rosidl_typesupport_fastrtps_cpp
[191.770s] -- Found rmw_implementation_cmake: 0.7.2 (/home/jetson/ros2_dashing/install/rmw_implementation_cmake/share/rmw_implementation_cmake/cmake)
[202.053s] -- Found PythonInterp: /usr/bin/python3 (found suitable version "3.6.8", minimum required is "3.5") 
[202.493s] -- Found python_cmake_module: 0.7.11 (/home/jetson/ros2_dashing/install/python_cmake_module/share/python_cmake_module/cmake)
[221.082s] -- Found PythonLibs: /usr/lib/aarch64-linux-gnu/libpython3.6m.so (found suitable version "3.6.8", minimum required is "3.5") 
[221.086s] -- Using PYTHON_EXECUTABLE: /usr/bin/python3
[221.094s] -- Using PYTHON_INCLUDE_DIRS: /usr/include/python3.6m
[221.098s] -- Using PYTHON_LIBRARIES: /usr/lib/aarch64-linux-gnu/libpython3.6m.so
[241.601s] -- Found PythonExtra: .so  
[285.762s] -- Configuring done
[289.967s] -- Generating done
[290.088s] -- Build files have been written to: /home/jetson/JetPilot/ros2/build/jetpilot_msgs
[290.200s] Invoked command in '/home/jetson/JetPilot/ros2/build/jetpilot_msgs' returned '0': CMAKE_PREFIX_PATH=${CMAKE_PREFIX_PATH}:/home/jetson/JetAutonomy/ros2/install/joystick:/home/jetson/JetAutonomy/ros2/install/jet_drive:/home/jetson/JetAutonomy/ros2/install/bno055:/home/jetson/ros2_dashing/install/ros2bag:/home/jetson/ros2_dashing/install/topic_monitor:/home/jetson/ros2_dashing/install/sros2:/home/jetson/ros2_dashing/install/rqt_topic:/home/jetson/ros2_dashing/install/rqt_top:/home/jetson/ros2_dashing/install/rqt_srv:/home/jetson/ros2_dashing/install/rqt_shell:/home/jetson/ros2_dashing/install/rqt_service_caller:/home/jetson/ros2_dashing/install/rqt_py_console:/home/jetson/ros2_dashing/install/rqt_action:/home/jetson/ros2_dashing/install/rqt:/home/jetson/ros2_dashing/install/rqt_graph:/home/jetson/ros2_dashing/install/rqt_gui_py:/home/jetson/ros2_dashing/install/rqt_gui:/home/jetson/ros2_dashing/install/ros2topic:/home/jetson/ros2_dashing/install/ros2test:/home/jetson/ros2_dashing/install/ros2component:/home/jetson/ros2_dashing/install/ros2param:/home/jetson/ros2_dashing/install/ros2lifecycle:/home/jetson/ros2_dashing/install/ros2service:/home/jetson/ros2_dashing/install/ros2srv:/home/jetson/ros2_dashing/install/ros2run:/home/jetson/ros2_dashing/install/ros2launch:/home/jetson/ros2_dashing/install/ros2pkg:/home/jetson/ros2_dashing/install/ros2node:/home/jetson/ros2_dashing/install/ros2multicast:/home/jetson/ros2_dashing/install/ros2msg:/home/jetson/ros2_dashing/install/ros2action:/home/jetson/ros2_dashing/install/ros2cli:/home/jetson/ros2_dashing/install/quality_of_service_demo_py:/home/jetson/ros2_dashing/install/launch_testing_ros:/home/jetson/ros2_dashing/install/launch_ros:/home/jetson/ros2_dashing/install/examples_rclpy_minimal_subscriber:/home/jetson/ros2_dashing/install/examples_rclpy_minimal_service:/home/jetson/ros2_dashing/install/examples_rclpy_minimal_publisher:/home/jetson/ros2_dashing/install/examples_rclpy_minimal_client:/home/jetson/ros2_dashing/install/examples_rclpy_minimal_action_server:/home/jetson/ros2_dashing/install/examples_rclpy_minimal_action_client:/home/jetson/ros2_dashing/install/examples_rclpy_executors:/home/jetson/ros2_dashing/install/demo_nodes_py:/home/jetson/ros2_dashing/install/ament_uncrustify:/home/jetson/ros2_dashing/install/test_launch_ros:/home/jetson/ros2_dashing/install/rosidl_runtime_py:/home/jetson/ros2_dashing/install/launch_testing:/home/jetson/ros2_dashing/install/launch:/home/jetson/ros2_dashing/install/osrf_pycommon:/home/jetson/ros2_dashing/install/ament_xmllint:/home/jetson/ros2_dashing/install/ament_pyflakes:/home/jetson/ros2_dashing/install/ament_pep8:/home/jetson/ros2_dashing/install/ament_pep257:/home/jetson/ros2_dashing/install/ament_pclint:/home/jetson/ros2_dashing/install/ament_package:/home/jetson/ros2_dashing/install/ament_lint_cmake:/home/jetson/ros2_dashing/install/ament_flake8:/home/jetson/ros2_dashing/install/ament_copyright:/home/jetson/ros2_dashing/install/ament_lint:/home/jetson/ros2_dashing/install/ament_index_python:/home/jetson/ros2_dashing/install/ament_cpplint:/home/jetson/ros2_dashing/install/ament_cppcheck:/home/jetson/ros2_dashing/install/ament_clang_tidy:/home/jetson/ros2_dashing/install/ament_clang_format /usr/bin/cmake /home/jetson/JetPilot/ros2/src/jetpilot_msgs -DCMAKE_INSTALL_PREFIX=/home/jetson/JetPilot/ros2/install/jetpilot_msgs
[290.218s] Invoking command in '/home/jetson/JetPilot/ros2/build/jetpilot_msgs': CMAKE_PREFIX_PATH=${CMAKE_PREFIX_PATH}:/home/jetson/JetAutonomy/ros2/install/joystick:/home/jetson/JetAutonomy/ros2/install/jet_drive:/home/jetson/JetAutonomy/ros2/install/bno055:/home/jetson/ros2_dashing/install/ros2bag:/home/jetson/ros2_dashing/install/topic_monitor:/home/jetson/ros2_dashing/install/sros2:/home/jetson/ros2_dashing/install/rqt_topic:/home/jetson/ros2_dashing/install/rqt_top:/home/jetson/ros2_dashing/install/rqt_srv:/home/jetson/ros2_dashing/install/rqt_shell:/home/jetson/ros2_dashing/install/rqt_service_caller:/home/jetson/ros2_dashing/install/rqt_py_console:/home/jetson/ros2_dashing/install/rqt_action:/home/jetson/ros2_dashing/install/rqt:/home/jetson/ros2_dashing/install/rqt_graph:/home/jetson/ros2_dashing/install/rqt_gui_py:/home/jetson/ros2_dashing/install/rqt_gui:/home/jetson/ros2_dashing/install/ros2topic:/home/jetson/ros2_dashing/install/ros2test:/home/jetson/ros2_dashing/install/ros2component:/home/jetson/ros2_dashing/install/ros2param:/home/jetson/ros2_dashing/install/ros2lifecycle:/home/jetson/ros2_dashing/install/ros2service:/home/jetson/ros2_dashing/install/ros2srv:/home/jetson/ros2_dashing/install/ros2run:/home/jetson/ros2_dashing/install/ros2launch:/home/jetson/ros2_dashing/install/ros2pkg:/home/jetson/ros2_dashing/install/ros2node:/home/jetson/ros2_dashing/install/ros2multicast:/home/jetson/ros2_dashing/install/ros2msg:/home/jetson/ros2_dashing/install/ros2action:/home/jetson/ros2_dashing/install/ros2cli:/home/jetson/ros2_dashing/install/quality_of_service_demo_py:/home/jetson/ros2_dashing/install/launch_testing_ros:/home/jetson/ros2_dashing/install/launch_ros:/home/jetson/ros2_dashing/install/examples_rclpy_minimal_subscriber:/home/jetson/ros2_dashing/install/examples_rclpy_minimal_service:/home/jetson/ros2_dashing/install/examples_rclpy_minimal_publisher:/home/jetson/ros2_dashing/install/examples_rclpy_minimal_client:/home/jetson/ros2_dashing/install/examples_rclpy_minimal_action_server:/home/jetson/ros2_dashing/install/examples_rclpy_minimal_action_client:/home/jetson/ros2_dashing/install/examples_rclpy_executors:/home/jetson/ros2_dashing/install/demo_nodes_py:/home/jetson/ros2_dashing/install/ament_uncrustify:/home/jetson/ros2_dashing/install/test_launch_ros:/home/jetson/ros2_dashing/install/rosidl_runtime_py:/home/jetson/ros2_dashing/install/launch_testing:/home/jetson/ros2_dashing/install/launch:/home/jetson/ros2_dashing/install/osrf_pycommon:/home/jetson/ros2_dashing/install/ament_xmllint:/home/jetson/ros2_dashing/install/ament_pyflakes:/home/jetson/ros2_dashing/install/ament_pep8:/home/jetson/ros2_dashing/install/ament_pep257:/home/jetson/ros2_dashing/install/ament_pclint:/home/jetson/ros2_dashing/install/ament_package:/home/jetson/ros2_dashing/install/ament_lint_cmake:/home/jetson/ros2_dashing/install/ament_flake8:/home/jetson/ros2_dashing/install/ament_copyright:/home/jetson/ros2_dashing/install/ament_lint:/home/jetson/ros2_dashing/install/ament_index_python:/home/jetson/ros2_dashing/install/ament_cpplint:/home/jetson/ros2_dashing/install/ament_cppcheck:/home/jetson/ros2_dashing/install/ament_clang_tidy:/home/jetson/ros2_dashing/install/ament_clang_format /usr/bin/cmake --build /home/jetson/JetPilot/ros2/build/jetpilot_msgs -- -j2 -l2
[292.976s] [35m[1mScanning dependencies of target jetpilot_msgs__cpp[0m
[293.954s] [  2%] [34m[1mGenerating C++ code for ROS interfaces[0m
[316.335s] [  2%] Built target jetpilot_msgs__cpp
[316.776s] [  5%] [34m[1mGenerating C code for ROS interfaces[0m
[343.955s] [35m[1mScanning dependencies of target jetpilot_msgs__rosidl_generator_c[0m
[344.480s] [  7%] [32mBuilding C object CMakeFiles/jetpilot_msgs__rosidl_generator_c.dir/rosidl_generator_c/jetpilot_msgs/msg/joystick_cmd__functions.c.o[0m
[345.544s] [ 10%] [32mBuilding C object CMakeFiles/jetpilot_msgs__rosidl_generator_c.dir/rosidl_generator_c/jetpilot_msgs/msg/jet_drive_cmd__functions.c.o[0m
[346.562s] [ 12%] [32m[1mLinking C shared library libjetpilot_msgs__rosidl_generator_c.so[0m
[348.400s] [ 12%] Built target jetpilot_msgs__rosidl_generator_c
[348.904s] [ 15%] [34m[1mGenerating C++ type support dispatch for ROS interfaces[0m
[364.983s] [35m[1mScanning dependencies of target jetpilot_msgs__rosidl_typesupport_cpp[0m
[365.477s] [ 17%] [32mBuilding CXX object CMakeFiles/jetpilot_msgs__rosidl_typesupport_cpp.dir/rosidl_typesupport_cpp/jetpilot_msgs/msg/joystick_cmd__type_support.cpp.o[0m
[369.934s] [ 20%] [32mBuilding CXX object CMakeFiles/jetpilot_msgs__rosidl_typesupport_cpp.dir/rosidl_typesupport_cpp/jetpilot_msgs/msg/jet_drive_cmd__type_support.cpp.o[0m
[378.334s] [ 23%] [32m[1mLinking CXX shared library libjetpilot_msgs__rosidl_typesupport_cpp.so[0m
[380.632s] [ 23%] Built target jetpilot_msgs__rosidl_typesupport_cpp
[381.125s] [ 25%] [34m[1mGenerating C++ type support for eProsima Fast-RTPS[0m
[399.356s] [35m[1mScanning dependencies of target jetpilot_msgs__rosidl_typesupport_fastrtps_cpp[0m
[399.919s] [ 28%] [32mBuilding CXX object CMakeFiles/jetpilot_msgs__rosidl_typesupport_fastrtps_cpp.dir/rosidl_typesupport_fastrtps_cpp/jetpilot_msgs/msg/dds_fastrtps/joystick_cmd__type_support.cpp.o[0m
[406.664s] [ 30%] [32mBuilding CXX object CMakeFiles/jetpilot_msgs__rosidl_typesupport_fastrtps_cpp.dir/rosidl_typesupport_fastrtps_cpp/jetpilot_msgs/msg/dds_fastrtps/jet_drive_cmd__type_support.cpp.o[0m
[413.071s] [ 33%] [32m[1mLinking CXX shared library libjetpilot_msgs__rosidl_typesupport_fastrtps_cpp.so[0m
[414.846s] [ 33%] Built target jetpilot_msgs__rosidl_typesupport_fastrtps_cpp
[415.101s] [ 35%] [34m[1mGenerating C introspection for ROS interfaces[0m
[433.469s] [35m[1mScanning dependencies of target jetpilot_msgs__rosidl_typesupport_introspection_c[0m
[434.052s] [ 38%] [32mBuilding C object CMakeFiles/jetpilot_msgs__rosidl_typesupport_introspection_c.dir/rosidl_typesupport_introspection_c/jetpilot_msgs/msg/joystick_cmd__type_support.c.o[0m
[435.111s] [ 41%] [32mBuilding C object CMakeFiles/jetpilot_msgs__rosidl_typesupport_introspection_c.dir/rosidl_typesupport_introspection_c/jetpilot_msgs/msg/jet_drive_cmd__type_support.c.o[0m
[435.948s] [ 43%] [32m[1mLinking C shared library libjetpilot_msgs__rosidl_typesupport_introspection_c.so[0m
[437.066s] [ 43%] Built target jetpilot_msgs__rosidl_typesupport_introspection_c
[437.525s] [ 46%] [34m[1mGenerating C++ introspection for ROS interfaces[0m
[456.392s] [35m[1mScanning dependencies of target jetpilot_msgs__rosidl_typesupport_introspection_cpp[0m
[457.151s] [ 48%] [32mBuilding CXX object CMakeFiles/jetpilot_msgs__rosidl_typesupport_introspection_cpp.dir/rosidl_typesupport_introspection_cpp/jetpilot_msgs/msg/joystick_cmd__type_support.cpp.o[0m
[464.959s] [ 51%] [32mBuilding CXX object CMakeFiles/jetpilot_msgs__rosidl_typesupport_introspection_cpp.dir/rosidl_typesupport_introspection_cpp/jetpilot_msgs/msg/jet_drive_cmd__type_support.cpp.o[0m
[471.777s] [ 53%] [32m[1mLinking CXX shared library libjetpilot_msgs__rosidl_typesupport_introspection_cpp.so[0m
[473.058s] [ 53%] Built target jetpilot_msgs__rosidl_typesupport_introspection_cpp
[473.615s] [ 56%] [34m[1mGenerating C type support for eProsima Fast-RTPS[0m
[492.401s] [35m[1mScanning dependencies of target jetpilot_msgs__rosidl_typesupport_fastrtps_c[0m
[493.090s] [ 58%] [32mBuilding CXX object CMakeFiles/jetpilot_msgs__rosidl_typesupport_fastrtps_c.dir/rosidl_typesupport_fastrtps_c/jetpilot_msgs/msg/joystick_cmd__type_support_c.cpp.o[0m
[498.852s] [ 61%] [32mBuilding CXX object CMakeFiles/jetpilot_msgs__rosidl_typesupport_fastrtps_c.dir/rosidl_typesupport_fastrtps_c/jetpilot_msgs/msg/jet_drive_cmd__type_support_c.cpp.o[0m
[504.530s] [ 64%] [32m[1mLinking CXX shared library libjetpilot_msgs__rosidl_typesupport_fastrtps_c.so[0m
[506.270s] [ 64%] Built target jetpilot_msgs__rosidl_typesupport_fastrtps_c
[506.729s] [ 66%] [34m[1mGenerating C type support dispatch for ROS interfaces[0m
[523.761s] [35m[1mScanning dependencies of target jetpilot_msgs__rosidl_typesupport_c[0m
[524.249s] [ 69%] [32mBuilding CXX object CMakeFiles/jetpilot_msgs__rosidl_typesupport_c.dir/rosidl_typesupport_c/jetpilot_msgs/msg/joystick_cmd__type_support.cpp.o[0m
[525.119s] [ 71%] [32mBuilding CXX object CMakeFiles/jetpilot_msgs__rosidl_typesupport_c.dir/rosidl_typesupport_c/jetpilot_msgs/msg/jet_drive_cmd__type_support.cpp.o[0m
[526.018s] [ 74%] [32m[1mLinking CXX shared library libjetpilot_msgs__rosidl_typesupport_c.so[0m
[527.281s] [ 74%] Built target jetpilot_msgs__rosidl_typesupport_c
[527.647s] [35m[1mScanning dependencies of target jetpilot_msgs[0m
[528.122s] [ 74%] Built target jetpilot_msgs
[528.543s] [35m[1mScanning dependencies of target jetpilot_msgs__py[0m
[528.964s] [ 76%] [34m[1mGenerating Python code for ROS interfaces[0m
[554.551s] [ 76%] Built target jetpilot_msgs__py
[554.765s] [35m[1mScanning dependencies of target jetpilot_msgs__python[0m
[555.760s] [ 79%] [32mBuilding C object CMakeFiles/jetpilot_msgs__python.dir/rosidl_generator_py/jetpilot_msgs/msg/_joystick_cmd_s.c.o[0m
[559.291s] [ 82%] [32mBuilding C object CMakeFiles/jetpilot_msgs__python.dir/rosidl_generator_py/jetpilot_msgs/msg/_jet_drive_cmd_s.c.o[0m
[563.890s] [ 84%] [32m[1mLinking C shared library rosidl_generator_py/jetpilot_msgs/libjetpilot_msgs__python.so[0m
[566.392s] [ 84%] Built target jetpilot_msgs__python
[567.229s] [35m[1mScanning dependencies of target jetpilot_msgs__rosidl_typesupport_introspection_c__pyext[0m
[567.988s] [ 87%] [32mBuilding C object CMakeFiles/jetpilot_msgs__rosidl_typesupport_introspection_c__pyext.dir/rosidl_generator_py/jetpilot_msgs/_jetpilot_msgs_s.ep.rosidl_typesupport_introspection_c.c.o[0m
[569.551s] [ 89%] [32m[1mLinking C shared library rosidl_generator_py/jetpilot_msgs/jetpilot_msgs_s__rosidl_typesupport_introspection_c.cpython-36m-aarch64-linux-gnu.so[0m
[570.862s] [ 89%] Built target jetpilot_msgs__rosidl_typesupport_introspection_c__pyext
[571.321s] [35m[1mScanning dependencies of target jetpilot_msgs__rosidl_typesupport_fastrtps_c__pyext[0m
[572.065s] [ 92%] [32mBuilding C object CMakeFiles/jetpilot_msgs__rosidl_typesupport_fastrtps_c__pyext.dir/rosidl_generator_py/jetpilot_msgs/_jetpilot_msgs_s.ep.rosidl_typesupport_fastrtps_c.c.o[0m
[573.854s] [ 94%] [32m[1mLinking C shared library rosidl_generator_py/jetpilot_msgs/jetpilot_msgs_s__rosidl_typesupport_fastrtps_c.cpython-36m-aarch64-linux-gnu.so[0m
[575.398s] [ 94%] Built target jetpilot_msgs__rosidl_typesupport_fastrtps_c__pyext
[575.810s] [35m[1mScanning dependencies of target jetpilot_msgs__rosidl_typesupport_c__pyext[0m
[576.443s] [ 97%] [32mBuilding C object CMakeFiles/jetpilot_msgs__rosidl_typesupport_c__pyext.dir/rosidl_generator_py/jetpilot_msgs/_jetpilot_msgs_s.ep.rosidl_typesupport_c.c.o[0m
[578.060s] [100%] [32m[1mLinking C shared library rosidl_generator_py/jetpilot_msgs/jetpilot_msgs_s__rosidl_typesupport_c.cpython-36m-aarch64-linux-gnu.so[0m
[579.399s] [100%] Built target jetpilot_msgs__rosidl_typesupport_c__pyext
[579.893s] Invoked command in '/home/jetson/JetPilot/ros2/build/jetpilot_msgs' returned '0': CMAKE_PREFIX_PATH=${CMAKE_PREFIX_PATH}:/home/jetson/JetAutonomy/ros2/install/joystick:/home/jetson/JetAutonomy/ros2/install/jet_drive:/home/jetson/JetAutonomy/ros2/install/bno055:/home/jetson/ros2_dashing/install/ros2bag:/home/jetson/ros2_dashing/install/topic_monitor:/home/jetson/ros2_dashing/install/sros2:/home/jetson/ros2_dashing/install/rqt_topic:/home/jetson/ros2_dashing/install/rqt_top:/home/jetson/ros2_dashing/install/rqt_srv:/home/jetson/ros2_dashing/install/rqt_shell:/home/jetson/ros2_dashing/install/rqt_service_caller:/home/jetson/ros2_dashing/install/rqt_py_console:/home/jetson/ros2_dashing/install/rqt_action:/home/jetson/ros2_dashing/install/rqt:/home/jetson/ros2_dashing/install/rqt_graph:/home/jetson/ros2_dashing/install/rqt_gui_py:/home/jetson/ros2_dashing/install/rqt_gui:/home/jetson/ros2_dashing/install/ros2topic:/home/jetson/ros2_dashing/install/ros2test:/home/jetson/ros2_dashing/install/ros2component:/home/jetson/ros2_dashing/install/ros2param:/home/jetson/ros2_dashing/install/ros2lifecycle:/home/jetson/ros2_dashing/install/ros2service:/home/jetson/ros2_dashing/install/ros2srv:/home/jetson/ros2_dashing/install/ros2run:/home/jetson/ros2_dashing/install/ros2launch:/home/jetson/ros2_dashing/install/ros2pkg:/home/jetson/ros2_dashing/install/ros2node:/home/jetson/ros2_dashing/install/ros2multicast:/home/jetson/ros2_dashing/install/ros2msg:/home/jetson/ros2_dashing/install/ros2action:/home/jetson/ros2_dashing/install/ros2cli:/home/jetson/ros2_dashing/install/quality_of_service_demo_py:/home/jetson/ros2_dashing/install/launch_testing_ros:/home/jetson/ros2_dashing/install/launch_ros:/home/jetson/ros2_dashing/install/examples_rclpy_minimal_subscriber:/home/jetson/ros2_dashing/install/examples_rclpy_minimal_service:/home/jetson/ros2_dashing/install/examples_rclpy_minimal_publisher:/home/jetson/ros2_dashing/install/examples_rclpy_minimal_client:/home/jetson/ros2_dashing/install/examples_rclpy_minimal_action_server:/home/jetson/ros2_dashing/install/examples_rclpy_minimal_action_client:/home/jetson/ros2_dashing/install/examples_rclpy_executors:/home/jetson/ros2_dashing/install/demo_nodes_py:/home/jetson/ros2_dashing/install/ament_uncrustify:/home/jetson/ros2_dashing/install/test_launch_ros:/home/jetson/ros2_dashing/install/rosidl_runtime_py:/home/jetson/ros2_dashing/install/launch_testing:/home/jetson/ros2_dashing/install/launch:/home/jetson/ros2_dashing/install/osrf_pycommon:/home/jetson/ros2_dashing/install/ament_xmllint:/home/jetson/ros2_dashing/install/ament_pyflakes:/home/jetson/ros2_dashing/install/ament_pep8:/home/jetson/ros2_dashing/install/ament_pep257:/home/jetson/ros2_dashing/install/ament_pclint:/home/jetson/ros2_dashing/install/ament_package:/home/jetson/ros2_dashing/install/ament_lint_cmake:/home/jetson/ros2_dashing/install/ament_flake8:/home/jetson/ros2_dashing/install/ament_copyright:/home/jetson/ros2_dashing/install/ament_lint:/home/jetson/ros2_dashing/install/ament_index_python:/home/jetson/ros2_dashing/install/ament_cpplint:/home/jetson/ros2_dashing/install/ament_cppcheck:/home/jetson/ros2_dashing/install/ament_clang_tidy:/home/jetson/ros2_dashing/install/ament_clang_format /usr/bin/cmake --build /home/jetson/JetPilot/ros2/build/jetpilot_msgs -- -j2 -l2
[584.583s] Invoking command in '/home/jetson/JetPilot/ros2/build/jetpilot_msgs': CMAKE_PREFIX_PATH=${CMAKE_PREFIX_PATH}:/home/jetson/JetAutonomy/ros2/install/joystick:/home/jetson/JetAutonomy/ros2/install/jet_drive:/home/jetson/JetAutonomy/ros2/install/bno055:/home/jetson/ros2_dashing/install/ros2bag:/home/jetson/ros2_dashing/install/topic_monitor:/home/jetson/ros2_dashing/install/sros2:/home/jetson/ros2_dashing/install/rqt_topic:/home/jetson/ros2_dashing/install/rqt_top:/home/jetson/ros2_dashing/install/rqt_srv:/home/jetson/ros2_dashing/install/rqt_shell:/home/jetson/ros2_dashing/install/rqt_service_caller:/home/jetson/ros2_dashing/install/rqt_py_console:/home/jetson/ros2_dashing/install/rqt_action:/home/jetson/ros2_dashing/install/rqt:/home/jetson/ros2_dashing/install/rqt_graph:/home/jetson/ros2_dashing/install/rqt_gui_py:/home/jetson/ros2_dashing/install/rqt_gui:/home/jetson/ros2_dashing/install/ros2topic:/home/jetson/ros2_dashing/install/ros2test:/home/jetson/ros2_dashing/install/ros2component:/home/jetson/ros2_dashing/install/ros2param:/home/jetson/ros2_dashing/install/ros2lifecycle:/home/jetson/ros2_dashing/install/ros2service:/home/jetson/ros2_dashing/install/ros2srv:/home/jetson/ros2_dashing/install/ros2run:/home/jetson/ros2_dashing/install/ros2launch:/home/jetson/ros2_dashing/install/ros2pkg:/home/jetson/ros2_dashing/install/ros2node:/home/jetson/ros2_dashing/install/ros2multicast:/home/jetson/ros2_dashing/install/ros2msg:/home/jetson/ros2_dashing/install/ros2action:/home/jetson/ros2_dashing/install/ros2cli:/home/jetson/ros2_dashing/install/quality_of_service_demo_py:/home/jetson/ros2_dashing/install/launch_testing_ros:/home/jetson/ros2_dashing/install/launch_ros:/home/jetson/ros2_dashing/install/examples_rclpy_minimal_subscriber:/home/jetson/ros2_dashing/install/examples_rclpy_minimal_service:/home/jetson/ros2_dashing/install/examples_rclpy_minimal_publisher:/home/jetson/ros2_dashing/install/examples_rclpy_minimal_client:/home/jetson/ros2_dashing/install/examples_rclpy_minimal_action_server:/home/jetson/ros2_dashing/install/examples_rclpy_minimal_action_client:/home/jetson/ros2_dashing/install/examples_rclpy_executors:/home/jetson/ros2_dashing/install/demo_nodes_py:/home/jetson/ros2_dashing/install/ament_uncrustify:/home/jetson/ros2_dashing/install/test_launch_ros:/home/jetson/ros2_dashing/install/rosidl_runtime_py:/home/jetson/ros2_dashing/install/launch_testing:/home/jetson/ros2_dashing/install/launch:/home/jetson/ros2_dashing/install/osrf_pycommon:/home/jetson/ros2_dashing/install/ament_xmllint:/home/jetson/ros2_dashing/install/ament_pyflakes:/home/jetson/ros2_dashing/install/ament_pep8:/home/jetson/ros2_dashing/install/ament_pep257:/home/jetson/ros2_dashing/install/ament_pclint:/home/jetson/ros2_dashing/install/ament_package:/home/jetson/ros2_dashing/install/ament_lint_cmake:/home/jetson/ros2_dashing/install/ament_flake8:/home/jetson/ros2_dashing/install/ament_copyright:/home/jetson/ros2_dashing/install/ament_lint:/home/jetson/ros2_dashing/install/ament_index_python:/home/jetson/ros2_dashing/install/ament_cpplint:/home/jetson/ros2_dashing/install/ament_cppcheck:/home/jetson/ros2_dashing/install/ament_clang_tidy:/home/jetson/ros2_dashing/install/ament_clang_format /usr/bin/cmake --build /home/jetson/JetPilot/ros2/build/jetpilot_msgs --target install -- -j2 -l2
[586.506s] [  2%] Built target jetpilot_msgs__cpp
[587.396s] [ 12%] Built target jetpilot_msgs__rosidl_generator_c
[588.788s] [ 23%] Built target jetpilot_msgs__rosidl_typesupport_cpp
[590.755s] [ 33%] Built target jetpilot_msgs__rosidl_typesupport_fastrtps_cpp
[592.447s] [ 43%] Built target jetpilot_msgs__rosidl_typesupport_introspection_c
[593.943s] [ 53%] Built target jetpilot_msgs__rosidl_typesupport_introspection_cpp
[595.178s] [ 64%] Built target jetpilot_msgs__rosidl_typesupport_fastrtps_c
[596.102s] [ 74%] Built target jetpilot_msgs__rosidl_typesupport_c
[596.913s] [ 74%] Built target jetpilot_msgs
[597.671s] [ 76%] Built target jetpilot_msgs__py
[598.605s] [ 84%] Built target jetpilot_msgs__python
[599.479s] [ 89%] Built target jetpilot_msgs__rosidl_typesupport_introspection_c__pyext
[600.235s] [ 94%] Built target jetpilot_msgs__rosidl_typesupport_fastrtps_c__pyext
[601.227s] [100%] Built target jetpilot_msgs__rosidl_typesupport_c__pyext
[602.051s] [36mInstall the project...[0m
[602.359s] -- Install configuration: ""
[602.362s] -- Installing: /home/jetson/JetPilot/ros2/install/jetpilot_msgs/share/ament_index/resource_index/rosidl_interfaces/jetpilot_msgs
[602.371s] -- Installing: /home/jetson/JetPilot/ros2/install/jetpilot_msgs/lib/libjetpilot_msgs__rosidl_typesupport_c.so
[602.380s] -- Set runtime path of "/home/jetson/JetPilot/ros2/install/jetpilot_msgs/lib/libjetpilot_msgs__rosidl_typesupport_c.so" to ""
[602.382s] -- Installing: /home/jetson/JetPilot/ros2/install/jetpilot_msgs/share/jetpilot_msgs/environment/library_path.sh
[602.387s] -- Installing: /home/jetson/JetPilot/ros2/install/jetpilot_msgs/lib/libjetpilot_msgs__rosidl_typesupport_cpp.so
[602.388s] -- Set runtime path of "/home/jetson/JetPilot/ros2/install/jetpilot_msgs/lib/libjetpilot_msgs__rosidl_typesupport_cpp.so" to ""
[602.388s] -- Installing: /home/jetson/JetPilot/ros2/install/jetpilot_msgs/include/jetpilot_msgs
[602.401s] -- Installing: /home/jetson/JetPilot/ros2/install/jetpilot_msgs/include/jetpilot_msgs/msg
[602.410s] -- Installing: /home/jetson/JetPilot/ros2/install/jetpilot_msgs/include/jetpilot_msgs/msg/jet_drive_cmd__rosidl_typesupport_introspection_c.h
[602.411s] -- Installing: /home/jetson/JetPilot/ros2/install/jetpilot_msgs/include/jetpilot_msgs/msg/joystick_cmd__rosidl_typesupport_introspection_c.h
[602.418s] -- Installing: /home/jetson/JetPilot/ros2/install/jetpilot_msgs/include/jetpilot_msgs/msg/jet_drive_cmd__type_support.c
[602.470s] -- Installing: /home/jetson/JetPilot/ros2/install/jetpilot_msgs/include/jetpilot_msgs/msg/rosidl_typesupport_introspection_c__visibility_control.h
[602.471s] -- Installing: /home/jetson/JetPilot/ros2/install/jetpilot_msgs/include/jetpilot_msgs/msg/joystick_cmd__type_support.c
[602.472s] -- Installing: /home/jetson/JetPilot/ros2/install/jetpilot_msgs/lib/libjetpilot_msgs__rosidl_typesupport_introspection_c.so
[602.472s] -- Set runtime path of "/home/jetson/JetPilot/ros2/install/jetpilot_msgs/lib/libjetpilot_msgs__rosidl_typesupport_introspection_c.so" to ""
[602.473s] -- Up-to-date: /home/jetson/JetPilot/ros2/install/jetpilot_msgs/include/jetpilot_msgs
[602.479s] -- Up-to-date: /home/jetson/JetPilot/ros2/install/jetpilot_msgs/include/jetpilot_msgs/msg
[602.480s] -- Installing: /home/jetson/JetPilot/ros2/install/jetpilot_msgs/include/jetpilot_msgs/msg/joystick_cmd__type_support.h
[602.481s] -- Installing: /home/jetson/JetPilot/ros2/install/jetpilot_msgs/include/jetpilot_msgs/msg/jet_drive_cmd__functions.h
[602.489s] -- Installing: /home/jetson/JetPilot/ros2/install/jetpilot_msgs/include/jetpilot_msgs/msg/jet_drive_cmd__struct.h
[602.490s] -- Installing: /home/jetson/JetPilot/ros2/install/jetpilot_msgs/include/jetpilot_msgs/msg/joystick_cmd__functions.h
[602.491s] -- Installing: /home/jetson/JetPilot/ros2/install/jetpilot_msgs/include/jetpilot_msgs/msg/joystick_cmd__functions.c
[602.499s] -- Installing: /home/jetson/JetPilot/ros2/install/jetpilot_msgs/include/jetpilot_msgs/msg/jet_drive_cmd__type_support.h
[602.500s] -- Installing: /home/jetson/JetPilot/ros2/install/jetpilot_msgs/include/jetpilot_msgs/msg/jet_drive_cmd__functions.c
[602.500s] -- Installing: /home/jetson/JetPilot/ros2/install/jetpilot_msgs/include/jetpilot_msgs/msg/rosidl_generator_c__visibility_control.h
[602.501s] -- Installing: /home/jetson/JetPilot/ros2/install/jetpilot_msgs/include/jetpilot_msgs/msg/joystick_cmd__struct.h
[602.513s] -- Installing: /home/jetson/JetPilot/ros2/install/jetpilot_msgs/include/jetpilot_msgs/msg/jet_drive_cmd.h
[602.514s] -- Installing: /home/jetson/JetPilot/ros2/install/jetpilot_msgs/include/jetpilot_msgs/msg/joystick_cmd.h
[602.515s] -- Installing: /home/jetson/JetPilot/ros2/install/jetpilot_msgs/lib/libjetpilot_msgs__rosidl_generator_c.so
[602.516s] -- Set runtime path of "/home/jetson/JetPilot/ros2/install/jetpilot_msgs/lib/libjetpilot_msgs__rosidl_generator_c.so" to ""
[602.516s] -- Up-to-date: /home/jetson/JetPilot/ros2/install/jetpilot_msgs/include/jetpilot_msgs
[602.517s] -- Up-to-date: /home/jetson/JetPilot/ros2/install/jetpilot_msgs/include/jetpilot_msgs/msg
[602.532s] -- Installing: /home/jetson/JetPilot/ros2/install/jetpilot_msgs/include/jetpilot_msgs/msg/rosidl_typesupport_fastrtps_c__visibility_control.h
[602.533s] -- Installing: /home/jetson/JetPilot/ros2/install/jetpilot_msgs/include/jetpilot_msgs/msg/joystick_cmd__rosidl_typesupport_fastrtps_c.h
[602.533s] -- Installing: /home/jetson/JetPilot/ros2/install/jetpilot_msgs/include/jetpilot_msgs/msg/jet_drive_cmd__rosidl_typesupport_fastrtps_c.h
[602.534s] -- Installing: /home/jetson/JetPilot/ros2/install/jetpilot_msgs/lib/libjetpilot_msgs__rosidl_typesupport_fastrtps_c.so
[602.535s] -- Set runtime path of "/home/jetson/JetPilot/ros2/install/jetpilot_msgs/lib/libjetpilot_msgs__rosidl_typesupport_fastrtps_c.so" to ""
[602.536s] -- Up-to-date: /home/jetson/JetPilot/ros2/install/jetpilot_msgs/include/jetpilot_msgs
[602.537s] -- Up-to-date: /home/jetson/JetPilot/ros2/install/jetpilot_msgs/include/jetpilot_msgs/msg
[602.561s] -- Installing: /home/jetson/JetPilot/ros2/install/jetpilot_msgs/include/jetpilot_msgs/msg/joystick_cmd__rosidl_typesupport_fastrtps_cpp.hpp
[602.562s] -- Installing: /home/jetson/JetPilot/ros2/install/jetpilot_msgs/include/jetpilot_msgs/msg/jet_drive_cmd__rosidl_typesupport_fastrtps_cpp.hpp
[602.563s] -- Installing: /home/jetson/JetPilot/ros2/install/jetpilot_msgs/include/jetpilot_msgs/msg/dds_fastrtps
[602.563s] -- Installing: /home/jetson/JetPilot/ros2/install/jetpilot_msgs/include/jetpilot_msgs/msg/rosidl_typesupport_fastrtps_cpp__visibility_control.h
[602.564s] -- Installing: /home/jetson/JetPilot/ros2/install/jetpilot_msgs/lib/libjetpilot_msgs__rosidl_typesupport_fastrtps_cpp.so
[602.565s] -- Set runtime path of "/home/jetson/JetPilot/ros2/install/jetpilot_msgs/lib/libjetpilot_msgs__rosidl_typesupport_fastrtps_cpp.so" to ""
[602.586s] -- Up-to-date: /home/jetson/JetPilot/ros2/install/jetpilot_msgs/include/jetpilot_msgs
[602.587s] -- Up-to-date: /home/jetson/JetPilot/ros2/install/jetpilot_msgs/include/jetpilot_msgs/msg
[602.588s] -- Installing: /home/jetson/JetPilot/ros2/install/jetpilot_msgs/include/jetpilot_msgs/msg/joystick_cmd__traits.hpp
[602.588s] -- Installing: /home/jetson/JetPilot/ros2/install/jetpilot_msgs/include/jetpilot_msgs/msg/jet_drive_cmd__struct.hpp
[602.589s] -- Installing: /home/jetson/JetPilot/ros2/install/jetpilot_msgs/include/jetpilot_msgs/msg/joystick_cmd.hpp
[602.614s] -- Installing: /home/jetson/JetPilot/ros2/install/jetpilot_msgs/include/jetpilot_msgs/msg/jet_drive_cmd.hpp
[602.615s] -- Installing: /home/jetson/JetPilot/ros2/install/jetpilot_msgs/include/jetpilot_msgs/msg/joystick_cmd__struct.hpp
[602.616s] -- Installing: /home/jetson/JetPilot/ros2/install/jetpilot_msgs/include/jetpilot_msgs/msg/jet_drive_cmd__traits.hpp
[602.617s] -- Up-to-date: /home/jetson/JetPilot/ros2/install/jetpilot_msgs/include/jetpilot_msgs
[602.626s] -- Up-to-date: /home/jetson/JetPilot/ros2/install/jetpilot_msgs/include/jetpilot_msgs/msg
[602.627s] -- Installing: /home/jetson/JetPilot/ros2/install/jetpilot_msgs/include/jetpilot_msgs/msg/joystick_cmd__rosidl_typesupport_introspection_cpp.hpp
[602.627s] -- Installing: /home/jetson/JetPilot/ros2/install/jetpilot_msgs/include/jetpilot_msgs/msg/jet_drive_cmd__type_support.cpp
[602.628s] -- Installing: /home/jetson/JetPilot/ros2/install/jetpilot_msgs/include/jetpilot_msgs/msg/joystick_cmd__type_support.cpp
[602.629s] -- Installing: /home/jetson/JetPilot/ros2/install/jetpilot_msgs/include/jetpilot_msgs/msg/jet_drive_cmd__rosidl_typesupport_introspection_cpp.hpp
[602.651s] -- Installing: /home/jetson/JetPilot/ros2/install/jetpilot_msgs/lib/libjetpilot_msgs__rosidl_typesupport_introspection_cpp.so
[602.666s] -- Set runtime path of "/home/jetson/JetPilot/ros2/install/jetpilot_msgs/lib/libjetpilot_msgs__rosidl_typesupport_introspection_cpp.so" to ""
[602.667s] -- Installing: /home/jetson/JetPilot/ros2/install/jetpilot_msgs/share/jetpilot_msgs/environment/pythonpath.sh
[602.667s] -- Installing: /home/jetson/JetPilot/ros2/install/jetpilot_msgs/lib/python3.6/site-packages/jetpilot_msgs/__init__.py
[617.011s] Compiling '/home/jetson/JetPilot/ros2/install/jetpilot_msgs/lib/python3.6/site-packages/jetpilot_msgs/__init__.py'...
[617.115s] -- Installing: /home/jetson/JetPilot/ros2/install/jetpilot_msgs/lib/python3.6/site-packages/jetpilot_msgs/msg
[617.118s] -- Installing: /home/jetson/JetPilot/ros2/install/jetpilot_msgs/lib/python3.6/site-packages/jetpilot_msgs/msg/_joystick_cmd_s.c
[617.119s] -- Installing: /home/jetson/JetPilot/ros2/install/jetpilot_msgs/lib/python3.6/site-packages/jetpilot_msgs/msg/_joystick_cmd.py
[617.120s] -- Installing: /home/jetson/JetPilot/ros2/install/jetpilot_msgs/lib/python3.6/site-packages/jetpilot_msgs/msg/__init__.py
[617.134s] -- Installing: /home/jetson/JetPilot/ros2/install/jetpilot_msgs/lib/python3.6/site-packages/jetpilot_msgs/msg/_jet_drive_cmd.py
[617.139s] -- Installing: /home/jetson/JetPilot/ros2/install/jetpilot_msgs/lib/python3.6/site-packages/jetpilot_msgs/msg/_jet_drive_cmd_s.c
[617.141s] -- Installing: /home/jetson/JetPilot/ros2/install/jetpilot_msgs/lib/python3.6/site-packages/jetpilot_msgs/jetpilot_msgs_s__rosidl_typesupport_c.cpython-36m-aarch64-linux-gnu.so
[617.150s] -- Set runtime path of "/home/jetson/JetPilot/ros2/install/jetpilot_msgs/lib/python3.6/site-packages/jetpilot_msgs/jetpilot_msgs_s__rosidl_typesupport_c.cpython-36m-aarch64-linux-gnu.so" to ""
[617.154s] -- Installing: /home/jetson/JetPilot/ros2/install/jetpilot_msgs/lib/python3.6/site-packages/jetpilot_msgs/jetpilot_msgs_s__rosidl_typesupport_introspection_c.cpython-36m-aarch64-linux-gnu.so
[617.159s] -- Set runtime path of "/home/jetson/JetPilot/ros2/install/jetpilot_msgs/lib/python3.6/site-packages/jetpilot_msgs/jetpilot_msgs_s__rosidl_typesupport_introspection_c.cpython-36m-aarch64-linux-gnu.so" to ""
[617.160s] -- Installing: /home/jetson/JetPilot/ros2/install/jetpilot_msgs/lib/python3.6/site-packages/jetpilot_msgs/jetpilot_msgs_s__rosidl_typesupport_fastrtps_c.cpython-36m-aarch64-linux-gnu.so
[617.175s] -- Set runtime path of "/home/jetson/JetPilot/ros2/install/jetpilot_msgs/lib/python3.6/site-packages/jetpilot_msgs/jetpilot_msgs_s__rosidl_typesupport_fastrtps_c.cpython-36m-aarch64-linux-gnu.so" to ""
[617.175s] -- Installing: /home/jetson/JetPilot/ros2/install/jetpilot_msgs/lib/libjetpilot_msgs__python.so
[617.190s] -- Set runtime path of "/home/jetson/JetPilot/ros2/install/jetpilot_msgs/lib/libjetpilot_msgs__python.so" to ""
[617.191s] -- Installing: /home/jetson/JetPilot/ros2/install/jetpilot_msgs/share/jetpilot_msgs/msg/JoystickCmd.idl
[617.191s] -- Installing: /home/jetson/JetPilot/ros2/install/jetpilot_msgs/share/jetpilot_msgs/msg/JetDriveCmd.idl
[617.192s] -- Installing: /home/jetson/JetPilot/ros2/install/jetpilot_msgs/share/jetpilot_msgs/msg/JoystickCmd.msg
[617.193s] -- Installing: /home/jetson/JetPilot/ros2/install/jetpilot_msgs/share/jetpilot_msgs/msg/JetDriveCmd.msg
[617.210s] -- Installing: /home/jetson/JetPilot/ros2/install/jetpilot_msgs/share/ament_index/resource_index/package_run_dependencies/jetpilot_msgs
[617.211s] -- Installing: /home/jetson/JetPilot/ros2/install/jetpilot_msgs/share/ament_index/resource_index/parent_prefix_path/jetpilot_msgs
[617.212s] -- Installing: /home/jetson/JetPilot/ros2/install/jetpilot_msgs/share/jetpilot_msgs/environment/ament_prefix_path.sh
[617.212s] -- Installing: /home/jetson/JetPilot/ros2/install/jetpilot_msgs/share/jetpilot_msgs/environment/path.sh
[617.224s] -- Installing: /home/jetson/JetPilot/ros2/install/jetpilot_msgs/share/jetpilot_msgs/local_setup.bash
[617.225s] -- Installing: /home/jetson/JetPilot/ros2/install/jetpilot_msgs/share/jetpilot_msgs/local_setup.sh
[617.226s] -- Installing: /home/jetson/JetPilot/ros2/install/jetpilot_msgs/share/jetpilot_msgs/local_setup.zsh
[617.227s] -- Installing: /home/jetson/JetPilot/ros2/install/jetpilot_msgs/share/ament_index/resource_index/packages/jetpilot_msgs
[617.239s] -- Installing: /home/jetson/JetPilot/ros2/install/jetpilot_msgs/share/jetpilot_msgs/cmake/rosidl_cmake-extras.cmake
[617.255s] -- Installing: /home/jetson/JetPilot/ros2/install/jetpilot_msgs/share/jetpilot_msgs/cmake/ament_cmake_export_dependencies-extras.cmake
[617.256s] -- Installing: /home/jetson/JetPilot/ros2/install/jetpilot_msgs/share/jetpilot_msgs/cmake/ament_cmake_export_libraries-extras.cmake
[617.257s] -- Installing: /home/jetson/JetPilot/ros2/install/jetpilot_msgs/share/jetpilot_msgs/cmake/ament_cmake_export_include_directories-extras.cmake
[617.258s] -- Installing: /home/jetson/JetPilot/ros2/install/jetpilot_msgs/share/jetpilot_msgs/cmake/jetpilot_msgsConfig.cmake
[617.262s] -- Installing: /home/jetson/JetPilot/ros2/install/jetpilot_msgs/share/jetpilot_msgs/cmake/jetpilot_msgsConfig-version.cmake
[617.263s] -- Installing: /home/jetson/JetPilot/ros2/install/jetpilot_msgs/share/jetpilot_msgs/package.xml
[617.359s] Invoked command in '/home/jetson/JetPilot/ros2/build/jetpilot_msgs' returned '0': CMAKE_PREFIX_PATH=${CMAKE_PREFIX_PATH}:/home/jetson/JetAutonomy/ros2/install/joystick:/home/jetson/JetAutonomy/ros2/install/jet_drive:/home/jetson/JetAutonomy/ros2/install/bno055:/home/jetson/ros2_dashing/install/ros2bag:/home/jetson/ros2_dashing/install/topic_monitor:/home/jetson/ros2_dashing/install/sros2:/home/jetson/ros2_dashing/install/rqt_topic:/home/jetson/ros2_dashing/install/rqt_top:/home/jetson/ros2_dashing/install/rqt_srv:/home/jetson/ros2_dashing/install/rqt_shell:/home/jetson/ros2_dashing/install/rqt_service_caller:/home/jetson/ros2_dashing/install/rqt_py_console:/home/jetson/ros2_dashing/install/rqt_action:/home/jetson/ros2_dashing/install/rqt:/home/jetson/ros2_dashing/install/rqt_graph:/home/jetson/ros2_dashing/install/rqt_gui_py:/home/jetson/ros2_dashing/install/rqt_gui:/home/jetson/ros2_dashing/install/ros2topic:/home/jetson/ros2_dashing/install/ros2test:/home/jetson/ros2_dashing/install/ros2component:/home/jetson/ros2_dashing/install/ros2param:/home/jetson/ros2_dashing/install/ros2lifecycle:/home/jetson/ros2_dashing/install/ros2service:/home/jetson/ros2_dashing/install/ros2srv:/home/jetson/ros2_dashing/install/ros2run:/home/jetson/ros2_dashing/install/ros2launch:/home/jetson/ros2_dashing/install/ros2pkg:/home/jetson/ros2_dashing/install/ros2node:/home/jetson/ros2_dashing/install/ros2multicast:/home/jetson/ros2_dashing/install/ros2msg:/home/jetson/ros2_dashing/install/ros2action:/home/jetson/ros2_dashing/install/ros2cli:/home/jetson/ros2_dashing/install/quality_of_service_demo_py:/home/jetson/ros2_dashing/install/launch_testing_ros:/home/jetson/ros2_dashing/install/launch_ros:/home/jetson/ros2_dashing/install/examples_rclpy_minimal_subscriber:/home/jetson/ros2_dashing/install/examples_rclpy_minimal_service:/home/jetson/ros2_dashing/install/examples_rclpy_minimal_publisher:/home/jetson/ros2_dashing/install/examples_rclpy_minimal_client:/home/jetson/ros2_dashing/install/examples_rclpy_minimal_action_server:/home/jetson/ros2_dashing/install/examples_rclpy_minimal_action_client:/home/jetson/ros2_dashing/install/examples_rclpy_executors:/home/jetson/ros2_dashing/install/demo_nodes_py:/home/jetson/ros2_dashing/install/ament_uncrustify:/home/jetson/ros2_dashing/install/test_launch_ros:/home/jetson/ros2_dashing/install/rosidl_runtime_py:/home/jetson/ros2_dashing/install/launch_testing:/home/jetson/ros2_dashing/install/launch:/home/jetson/ros2_dashing/install/osrf_pycommon:/home/jetson/ros2_dashing/install/ament_xmllint:/home/jetson/ros2_dashing/install/ament_pyflakes:/home/jetson/ros2_dashing/install/ament_pep8:/home/jetson/ros2_dashing/install/ament_pep257:/home/jetson/ros2_dashing/install/ament_pclint:/home/jetson/ros2_dashing/install/ament_package:/home/jetson/ros2_dashing/install/ament_lint_cmake:/home/jetson/ros2_dashing/install/ament_flake8:/home/jetson/ros2_dashing/install/ament_copyright:/home/jetson/ros2_dashing/install/ament_lint:/home/jetson/ros2_dashing/install/ament_index_python:/home/jetson/ros2_dashing/install/ament_cpplint:/home/jetson/ros2_dashing/install/ament_cppcheck:/home/jetson/ros2_dashing/install/ament_clang_tidy:/home/jetson/ros2_dashing/install/ament_clang_format /usr/bin/cmake --build /home/jetson/JetPilot/ros2/build/jetpilot_msgs --target install -- -j2 -l2
