[5.076s] DEBUG:colcon:Command line arguments: ['/usr/bin/colcon', 'build', '--packages-select', 'joystick']
[5.077s] DEBUG:colcon:Parsed command line arguments: Namespace(ament_cmake_args=None, base_paths=['.'], build_base='build', catkin_cmake_args=None, catkin_skip_building_tests=False, cmake_args=None, cmake_clean_cache=False, cmake_clean_first=False, cmake_force_configure=False, cmake_target=None, cmake_target_skip_unavailable=False, continue_on_error=False, event_handlers=None, executor='parallel', ignore_user_meta=False, install_base='install', log_base=None, log_level=None, main=<bound method BuildVerb.main of <colcon_core.verb.build.BuildVerb object at 0x7f83c19f60>>, merge_install=False, metas=['./colcon.meta'], packages_above=None, packages_above_and_dependencies=None, packages_above_depth=None, packages_end=None, packages_ignore=None, packages_ignore_regex=None, packages_select=['joystick'], packages_select_build_failed=False, packages_select_by_dep=None, packages_select_regex=None, packages_select_test_failures=False, packages_skip=None, packages_skip_build_finished=False, packages_skip_by_dep=None, packages_skip_regex=None, packages_skip_test_passed=False, packages_skip_up_to=None, packages_start=None, packages_up_to=None, packages_up_to_regex=None, parallel_workers=2, paths=None, symlink_install=False, test_result_base=None, verb_extension=<colcon_core.verb.build.BuildVerb object at 0x7f83c19f60>, verb_name='build', verb_parser=<colcon_defaults.argument_parser.defaults.DefaultArgumentsDecorator object at 0x7f83b612e8>)
[5.225s] Level 1:colcon.colcon_core.package_discovery:discover_packages(colcon_meta) check parameters
[5.226s] Level 1:colcon.colcon_core.package_discovery:discover_packages(recursive) check parameters
[5.226s] Level 1:colcon.colcon_core.package_discovery:discover_packages(ignore) check parameters
[5.227s] Level 1:colcon.colcon_core.package_discovery:discover_packages(path) check parameters
[5.227s] Level 1:colcon.colcon_core.package_discovery:discover_packages(colcon_meta) discover
[5.234s] Level 1:colcon.colcon_core.package_discovery:discover_packages(recursive) discover
[5.234s] INFO:colcon.colcon_core.package_discovery:Crawling recursively for packages in '/home/jetson/JetAutonomy/ros2'
[5.235s] Level 1:colcon.colcon_core.package_identification:_identify(.) by extensions ['ignore', 'ignore_ament_install']
[5.236s] Level 1:colcon.colcon_core.package_identification:_identify(.) by extension 'ignore'
[5.238s] Level 1:colcon.colcon_core.package_identification:_identify(.) by extension 'ignore_ament_install'
[5.242s] Level 1:colcon.colcon_core.package_identification:_identify(.) by extensions ['colcon_pkg']
[5.242s] Level 1:colcon.colcon_core.package_identification:_identify(.) by extension 'colcon_pkg'
[5.243s] Level 1:colcon.colcon_core.package_identification:_identify(.) by extensions ['colcon_meta']
[5.243s] Level 1:colcon.colcon_core.package_identification:_identify(.) by extension 'colcon_meta'
[5.244s] Level 1:colcon.colcon_core.package_identification:_identify(.) by extensions ['ros']
[5.244s] Level 1:colcon.colcon_core.package_identification:_identify(.) by extension 'ros'
[5.410s] Level 1:colcon.colcon_core.package_identification:_identify(.) by extensions ['cmake', 'python']
[5.411s] Level 1:colcon.colcon_core.package_identification:_identify(.) by extension 'cmake'
[5.412s] Level 1:colcon.colcon_core.package_identification:_identify(.) by extension 'python'
[5.412s] Level 1:colcon.colcon_core.package_identification:_identify(.) by extensions ['python_setup_py']
[5.413s] Level 1:colcon.colcon_core.package_identification:_identify(.) by extension 'python_setup_py'
[5.414s] Level 1:colcon.colcon_core.package_identification:_identify(build) by extensions ['ignore', 'ignore_ament_install']
[5.415s] Level 1:colcon.colcon_core.package_identification:_identify(build) by extension 'ignore'
[5.415s] Level 1:colcon.colcon_core.package_identification:_identify(build) ignored
[5.419s] Level 1:colcon.colcon_core.package_identification:_identify(install) by extensions ['ignore', 'ignore_ament_install']
[5.420s] Level 1:colcon.colcon_core.package_identification:_identify(install) by extension 'ignore'
[5.420s] Level 1:colcon.colcon_core.package_identification:_identify(install) ignored
[5.422s] Level 1:colcon.colcon_core.package_identification:_identify(log) by extensions ['ignore', 'ignore_ament_install']
[5.423s] Level 1:colcon.colcon_core.package_identification:_identify(log) by extension 'ignore'
[5.423s] Level 1:colcon.colcon_core.package_identification:_identify(log) ignored
[5.425s] Level 1:colcon.colcon_core.package_identification:_identify(src) by extensions ['ignore', 'ignore_ament_install']
[5.425s] Level 1:colcon.colcon_core.package_identification:_identify(src) by extension 'ignore'
[5.426s] Level 1:colcon.colcon_core.package_identification:_identify(src) by extension 'ignore_ament_install'
[5.426s] Level 1:colcon.colcon_core.package_identification:_identify(src) by extensions ['colcon_pkg']
[5.427s] Level 1:colcon.colcon_core.package_identification:_identify(src) by extension 'colcon_pkg'
[5.427s] Level 1:colcon.colcon_core.package_identification:_identify(src) by extensions ['colcon_meta']
[5.428s] Level 1:colcon.colcon_core.package_identification:_identify(src) by extension 'colcon_meta'
[5.428s] Level 1:colcon.colcon_core.package_identification:_identify(src) by extensions ['ros']
[5.428s] Level 1:colcon.colcon_core.package_identification:_identify(src) by extension 'ros'
[5.429s] Level 1:colcon.colcon_core.package_identification:_identify(src) by extensions ['cmake', 'python']
[5.430s] Level 1:colcon.colcon_core.package_identification:_identify(src) by extension 'cmake'
[5.430s] Level 1:colcon.colcon_core.package_identification:_identify(src) by extension 'python'
[5.431s] Level 1:colcon.colcon_core.package_identification:_identify(src) by extensions ['python_setup_py']
[5.431s] Level 1:colcon.colcon_core.package_identification:_identify(src) by extension 'python_setup_py'
[5.432s] Level 1:colcon.colcon_core.package_identification:_identify(src/front_cam) by extensions ['ignore', 'ignore_ament_install']
[5.433s] Level 1:colcon.colcon_core.package_identification:_identify(src/front_cam) by extension 'ignore'
[5.433s] Level 1:colcon.colcon_core.package_identification:_identify(src/front_cam) by extension 'ignore_ament_install'
[5.434s] Level 1:colcon.colcon_core.package_identification:_identify(src/front_cam) by extensions ['colcon_pkg']
[5.434s] Level 1:colcon.colcon_core.package_identification:_identify(src/front_cam) by extension 'colcon_pkg'
[5.435s] Level 1:colcon.colcon_core.package_identification:_identify(src/front_cam) by extensions ['colcon_meta']
[5.435s] Level 1:colcon.colcon_core.package_identification:_identify(src/front_cam) by extension 'colcon_meta'
[5.435s] Level 1:colcon.colcon_core.package_identification:_identify(src/front_cam) by extensions ['ros']
[5.436s] Level 1:colcon.colcon_core.package_identification:_identify(src/front_cam) by extension 'ros'
[5.455s] DEBUG:colcon.colcon_core.package_identification:Package 'src/front_cam' with type 'ros.ament_cmake' and name 'front_cam'
[5.456s] Level 1:colcon.colcon_core.package_identification:_identify(src/jet_autonomy_msgs) by extensions ['ignore', 'ignore_ament_install']
[5.457s] Level 1:colcon.colcon_core.package_identification:_identify(src/jet_autonomy_msgs) by extension 'ignore'
[5.457s] Level 1:colcon.colcon_core.package_identification:_identify(src/jet_autonomy_msgs) by extension 'ignore_ament_install'
[5.458s] Level 1:colcon.colcon_core.package_identification:_identify(src/jet_autonomy_msgs) by extensions ['colcon_pkg']
[5.458s] Level 1:colcon.colcon_core.package_identification:_identify(src/jet_autonomy_msgs) by extension 'colcon_pkg'
[5.459s] Level 1:colcon.colcon_core.package_identification:_identify(src/jet_autonomy_msgs) by extensions ['colcon_meta']
[5.459s] Level 1:colcon.colcon_core.package_identification:_identify(src/jet_autonomy_msgs) by extension 'colcon_meta'
[5.460s] Level 1:colcon.colcon_core.package_identification:_identify(src/jet_autonomy_msgs) by extensions ['ros']
[5.460s] Level 1:colcon.colcon_core.package_identification:_identify(src/jet_autonomy_msgs) by extension 'ros'
[5.465s] DEBUG:colcon.colcon_core.package_identification:Package 'src/jet_autonomy_msgs' with type 'ros.ament_cmake' and name 'jet_autonomy_msgs'
[5.466s] Level 1:colcon.colcon_core.package_identification:_identify(src/jet_drive) by extensions ['ignore', 'ignore_ament_install']
[5.467s] Level 1:colcon.colcon_core.package_identification:_identify(src/jet_drive) by extension 'ignore'
[5.468s] Level 1:colcon.colcon_core.package_identification:_identify(src/jet_drive) by extension 'ignore_ament_install'
[5.468s] Level 1:colcon.colcon_core.package_identification:_identify(src/jet_drive) by extensions ['colcon_pkg']
[5.468s] Level 1:colcon.colcon_core.package_identification:_identify(src/jet_drive) by extension 'colcon_pkg'
[5.469s] Level 1:colcon.colcon_core.package_identification:_identify(src/jet_drive) by extensions ['colcon_meta']
[5.469s] Level 1:colcon.colcon_core.package_identification:_identify(src/jet_drive) by extension 'colcon_meta'
[5.470s] Level 1:colcon.colcon_core.package_identification:_identify(src/jet_drive) by extensions ['ros']
[5.470s] Level 1:colcon.colcon_core.package_identification:_identify(src/jet_drive) by extension 'ros'
[5.477s] DEBUG:colcon.colcon_core.package_identification:Package 'src/jet_drive' with type 'ros.ament_python' and name 'jet_drive'
[5.478s] Level 1:colcon.colcon_core.package_identification:_identify(src/joystick) by extensions ['ignore', 'ignore_ament_install']
[5.479s] Level 1:colcon.colcon_core.package_identification:_identify(src/joystick) by extension 'ignore'
[5.480s] Level 1:colcon.colcon_core.package_identification:_identify(src/joystick) by extension 'ignore_ament_install'
[5.480s] Level 1:colcon.colcon_core.package_identification:_identify(src/joystick) by extensions ['colcon_pkg']
[5.481s] Level 1:colcon.colcon_core.package_identification:_identify(src/joystick) by extension 'colcon_pkg'
[5.481s] Level 1:colcon.colcon_core.package_identification:_identify(src/joystick) by extensions ['colcon_meta']
[5.482s] Level 1:colcon.colcon_core.package_identification:_identify(src/joystick) by extension 'colcon_meta'
[5.482s] Level 1:colcon.colcon_core.package_identification:_identify(src/joystick) by extensions ['ros']
[5.483s] Level 1:colcon.colcon_core.package_identification:_identify(src/joystick) by extension 'ros'
[5.489s] DEBUG:colcon.colcon_core.package_identification:Package 'src/joystick' with type 'ros.ament_python' and name 'joystick'
[5.490s] Level 1:colcon.colcon_core.package_identification:_identify(src/rplidar) by extensions ['ignore', 'ignore_ament_install']
[5.491s] Level 1:colcon.colcon_core.package_identification:_identify(src/rplidar) by extension 'ignore'
[5.491s] Level 1:colcon.colcon_core.package_identification:_identify(src/rplidar) by extension 'ignore_ament_install'
[5.492s] Level 1:colcon.colcon_core.package_identification:_identify(src/rplidar) by extensions ['colcon_pkg']
[5.492s] Level 1:colcon.colcon_core.package_identification:_identify(src/rplidar) by extension 'colcon_pkg'
[5.493s] Level 1:colcon.colcon_core.package_identification:_identify(src/rplidar) by extensions ['colcon_meta']
[5.493s] Level 1:colcon.colcon_core.package_identification:_identify(src/rplidar) by extension 'colcon_meta'
[5.493s] Level 1:colcon.colcon_core.package_identification:_identify(src/rplidar) by extensions ['ros']
[5.494s] Level 1:colcon.colcon_core.package_identification:_identify(src/rplidar) by extension 'ros'
[5.499s] DEBUG:colcon.colcon_core.package_identification:Package 'src/rplidar' with type 'ros.ament_cmake' and name 'rplidar_ros'
[5.500s] Level 1:colcon.colcon_core.package_identification:_identify(src/transforms) by extensions ['ignore', 'ignore_ament_install']
[5.500s] Level 1:colcon.colcon_core.package_identification:_identify(src/transforms) by extension 'ignore'
[5.501s] Level 1:colcon.colcon_core.package_identification:_identify(src/transforms) by extension 'ignore_ament_install'
[5.501s] Level 1:colcon.colcon_core.package_identification:_identify(src/transforms) by extensions ['colcon_pkg']
[5.502s] Level 1:colcon.colcon_core.package_identification:_identify(src/transforms) by extension 'colcon_pkg'
[5.502s] Level 1:colcon.colcon_core.package_identification:_identify(src/transforms) by extensions ['colcon_meta']
[5.503s] Level 1:colcon.colcon_core.package_identification:_identify(src/transforms) by extension 'colcon_meta'
[5.503s] Level 1:colcon.colcon_core.package_identification:_identify(src/transforms) by extensions ['ros']
[5.503s] Level 1:colcon.colcon_core.package_identification:_identify(src/transforms) by extension 'ros'
[5.504s] Level 1:colcon.colcon_core.package_identification:_identify(src/transforms) by extensions ['cmake', 'python']
[5.505s] Level 1:colcon.colcon_core.package_identification:_identify(src/transforms) by extension 'cmake'
[5.505s] Level 1:colcon.colcon_core.package_identification:_identify(src/transforms) by extension 'python'
[5.506s] Level 1:colcon.colcon_core.package_identification:_identify(src/transforms) by extensions ['python_setup_py']
[5.506s] Level 1:colcon.colcon_core.package_identification:_identify(src/transforms) by extension 'python_setup_py'
[5.507s] Level 1:colcon.colcon_core.package_identification:_identify(src/transforms/launch) by extensions ['ignore', 'ignore_ament_install']
[5.508s] Level 1:colcon.colcon_core.package_identification:_identify(src/transforms/launch) by extension 'ignore'
[5.508s] Level 1:colcon.colcon_core.package_identification:_identify(src/transforms/launch) by extension 'ignore_ament_install'
[5.509s] Level 1:colcon.colcon_core.package_identification:_identify(src/transforms/launch) by extensions ['colcon_pkg']
[5.509s] Level 1:colcon.colcon_core.package_identification:_identify(src/transforms/launch) by extension 'colcon_pkg'
[5.510s] Level 1:colcon.colcon_core.package_identification:_identify(src/transforms/launch) by extensions ['colcon_meta']
[5.510s] Level 1:colcon.colcon_core.package_identification:_identify(src/transforms/launch) by extension 'colcon_meta'
[5.510s] Level 1:colcon.colcon_core.package_identification:_identify(src/transforms/launch) by extensions ['ros']
[5.511s] Level 1:colcon.colcon_core.package_identification:_identify(src/transforms/launch) by extension 'ros'
[5.512s] Level 1:colcon.colcon_core.package_identification:_identify(src/transforms/launch) by extensions ['cmake', 'python']
[5.512s] Level 1:colcon.colcon_core.package_identification:_identify(src/transforms/launch) by extension 'cmake'
[5.513s] Level 1:colcon.colcon_core.package_identification:_identify(src/transforms/launch) by extension 'python'
[5.513s] Level 1:colcon.colcon_core.package_identification:_identify(src/transforms/launch) by extensions ['python_setup_py']
[5.513s] Level 1:colcon.colcon_core.package_identification:_identify(src/transforms/launch) by extension 'python_setup_py'
[5.514s] Level 1:colcon.colcon_core.package_discovery:discover_packages(recursive) using defaults
[5.516s] Level 1:colcon.colcon_core.package_discovery:discover_packages(ignore) discover
[5.516s] Level 1:colcon.colcon_core.package_discovery:discover_packages(ignore) using defaults
[5.516s] Level 1:colcon.colcon_core.package_discovery:discover_packages(path) discover
[5.517s] Level 1:colcon.colcon_core.package_discovery:discover_packages(path) using defaults
[5.827s] INFO:colcon.colcon_core.package_selection:Skipping not selected package 'front_cam' in 'src/front_cam'
[5.827s] INFO:colcon.colcon_core.package_selection:Skipping not selected package 'jet_autonomy_msgs' in 'src/jet_autonomy_msgs'
[5.828s] INFO:colcon.colcon_core.package_selection:Skipping not selected package 'rplidar_ros' in 'src/rplidar'
[5.828s] INFO:colcon.colcon_core.package_selection:Skipping not selected package 'jet_drive' in 'src/jet_drive'
[5.881s] Level 5:colcon.colcon_core.verb:set package 'joystick' build argument 'cmake_args' from command line to 'None'
[5.882s] Level 5:colcon.colcon_core.verb:set package 'joystick' build argument 'cmake_target' from command line to 'None'
[5.882s] Level 5:colcon.colcon_core.verb:set package 'joystick' build argument 'cmake_target_skip_unavailable' from command line to 'False'
[5.882s] Level 5:colcon.colcon_core.verb:set package 'joystick' build argument 'cmake_clean_cache' from command line to 'False'
[5.883s] Level 5:colcon.colcon_core.verb:set package 'joystick' build argument 'cmake_clean_first' from command line to 'False'
[5.883s] Level 5:colcon.colcon_core.verb:set package 'joystick' build argument 'cmake_force_configure' from command line to 'False'
[5.883s] Level 5:colcon.colcon_core.verb:set package 'joystick' build argument 'ament_cmake_args' from command line to 'None'
[5.884s] Level 5:colcon.colcon_core.verb:set package 'joystick' build argument 'catkin_cmake_args' from command line to 'None'
[5.884s] Level 5:colcon.colcon_core.verb:set package 'joystick' build argument 'catkin_skip_building_tests' from command line to 'False'
[5.885s] DEBUG:colcon.colcon_core.verb:Building package 'joystick' with the following arguments: {'ament_cmake_args': None, 'build_base': '/home/jetson/JetAutonomy/ros2/build/joystick', 'catkin_cmake_args': None, 'catkin_skip_building_tests': False, 'cmake_args': None, 'cmake_clean_cache': False, 'cmake_clean_first': False, 'cmake_force_configure': False, 'cmake_target': None, 'cmake_target_skip_unavailable': False, 'install_base': '/home/jetson/JetAutonomy/ros2/install/joystick', 'merge_install': False, 'path': '/home/jetson/JetAutonomy/ros2/src/joystick', 'symlink_install': False, 'test_result_base': None}
[5.889s] INFO:colcon.colcon_core.executor:Executing jobs using 'parallel' executor
[5.921s] DEBUG:colcon.colcon_parallel_executor.executor.parallel:run_until_complete
[5.923s] INFO:colcon.colcon_ros.task.ament_python.build:Building ROS package in '/home/jetson/JetAutonomy/ros2/src/joystick' with build type 'ament_python'
[5.930s] Level 1:colcon.colcon_core.shell:create_environment_hook('joystick', 'ament_prefix_path')
[6.008s] INFO:colcon.colcon_core.plugin_system:Skipping extension 'colcon_core.shell.bat': Not used on non-Windows systems
[6.010s] INFO:colcon.colcon_core.shell:Creating environment hook '/home/jetson/JetAutonomy/ros2/install/joystick/share/joystick/hook/ament_prefix_path.ps1'
[6.016s] INFO:colcon.colcon_core.shell:Creating environment descriptor '/home/jetson/JetAutonomy/ros2/install/joystick/share/joystick/hook/ament_prefix_path.dsv'
[6.020s] INFO:colcon.colcon_core.shell:Creating environment hook '/home/jetson/JetAutonomy/ros2/install/joystick/share/joystick/hook/ament_prefix_path.sh'
[6.033s] INFO:colcon.colcon_core.shell:Skip shell extension 'powershell' for command environment: Not usable outside of PowerShell
[6.034s] DEBUG:colcon.colcon_core.shell:Skip shell extension 'dsv' for command environment
[6.312s] ERROR:colcon.colcon_core.shell:Exception in shell extension 'sh': Expected ['.', '/home/jetson/JetAutonomy/ros2/build/joystick/colcon_command_prefix_setup_py.sh', '&&', 'env'] to pass: The build time path "/home/jetson/JetAutonomy/ros/install/jet_autonomy_msgs" doesn't exist. Either source a script for a different shell or set the environment variable "COLCON_CURRENT_PREFIX" explicitly.

Traceback (most recent call last):
  File "/usr/lib/python3/dist-packages/colcon_core/shell/__init__.py", line 289, in get_command_environment
    task_name, Path(build_base), dependencies)
  File "/usr/lib/python3/dist-packages/colcon_core/shell/sh.py", line 130, in generate_command_environment
    env = await get_environment_variables(cmd, cwd=str(build_base))
  File "/usr/lib/python3/dist-packages/colcon_core/shell/__init__.py", line 325, in get_environment_variables
    output = await check_output(cmd, cwd=cwd, shell=shell)
  File "/usr/lib/python3/dist-packages/colcon_core/subprocess.py", line 110, in check_output
    'Expected {args} to pass: {stderr_data}'.format_map(locals())
AssertionError: Expected ['.', '/home/jetson/JetAutonomy/ros2/build/joystick/colcon_command_prefix_setup_py.sh', '&&', 'env'] to pass: The build time path "/home/jetson/JetAutonomy/ros/install/jet_autonomy_msgs" doesn't exist. Either source a script for a different shell or set the environment variable "COLCON_CURRENT_PREFIX" explicitly.


[6.313s] DEBUG:colcon.colcon_core.shell:Skip shell extension 'bash' for command environment
[6.314s] DEBUG:colcon.colcon_core.shell:Skip shell extension 'zsh' for command environment
[6.314s] ERROR:colcon.colcon_ros.task.ament_python.build:Could not find a shell extension for the command environment
[6.320s] DEBUG:colcon.colcon_parallel_executor.executor.parallel:closing loop
[6.323s] DEBUG:colcon.colcon_parallel_executor.executor.parallel:loop closed
[6.323s] DEBUG:colcon.colcon_parallel_executor.executor.parallel:run_until_complete finished with '1'
[6.325s] DEBUG:colcon.colcon_core.event_reactor:joining thread
[6.450s] INFO:colcon.colcon_core.plugin_system:Skipping extension 'colcon_notification.desktop_notification.terminal_notifier': Not used on non-Darwin systems
[6.453s] INFO:colcon.colcon_core.plugin_system:Skipping extension 'colcon_notification.desktop_notification.win32': Not used on non-Windows systems
[6.455s] INFO:colcon.colcon_notification.desktop_notification:Sending desktop notification using 'notify2'
[6.462s] DEBUG:colcon.colcon_notification.desktop_notification.notify2:Failed to initialize notify2: org.freedesktop.DBus.Error.ServiceUnknown: The name org.freedesktop.Notifications was not provided by any .service files
[6.464s] DEBUG:colcon.colcon_core.event_reactor:joined thread
[6.476s] INFO:colcon.colcon_core.shell:Creating prefix script '/home/jetson/JetAutonomy/ros2/install/local_setup.ps1'
[6.500s] INFO:colcon.colcon_core.shell:Creating prefix util module '/home/jetson/JetAutonomy/ros2/install/_local_setup_util_ps1.py'
[6.525s] INFO:colcon.colcon_core.shell:Creating prefix chain script '/home/jetson/JetAutonomy/ros2/install/setup.ps1'
[6.695s] INFO:colcon.colcon_core.shell:Creating prefix script '/home/jetson/JetAutonomy/ros2/install/local_setup.sh'
[6.707s] INFO:colcon.colcon_core.shell:Creating prefix util module '/home/jetson/JetAutonomy/ros2/install/_local_setup_util_sh.py'
[6.716s] INFO:colcon.colcon_core.shell:Creating prefix chain script '/home/jetson/JetAutonomy/ros2/install/setup.sh'
[6.864s] INFO:colcon.colcon_core.shell:Creating prefix script '/home/jetson/JetAutonomy/ros2/install/local_setup.bash'
[6.881s] INFO:colcon.colcon_core.shell:Creating prefix chain script '/home/jetson/JetAutonomy/ros2/install/setup.bash'
[7.038s] INFO:colcon.colcon_core.shell:Creating prefix script '/home/jetson/JetAutonomy/ros2/install/local_setup.zsh'
[7.046s] INFO:colcon.colcon_core.shell:Creating prefix chain script '/home/jetson/JetAutonomy/ros2/install/setup.zsh'
