-- Found ament_cmake: 0.7.6 (/home/jetson/ros2_dashing/install/ament_cmake/share/ament_cmake/cmake)
-- Found PythonInterp: /usr/bin/python3 (found suitable version "3.6.8", minimum required is "3") 
-- Using PYTHON_EXECUTABLE: /usr/bin/python3
-- Found rosidl_default_generators: 0.7.0 (/home/jetson/ros2_dashing/install/rosidl_default_generators/share/rosidl_default_generators/cmake)
-- Found rosidl_adapter: 0.7.10 (/home/jetson/ros2_dashing/install/rosidl_adapter/share/rosidl_adapter/cmake)
-- Found std_msgs: 0.7.0 (/home/jetson/ros2_dashing/install/std_msgs/share/std_msgs/cmake)
-- Found PythonInterp: /usr/bin/python3 (found version "3.6.8") 
CMake Error at /home/jetson/ros2_dashing/install/rosidl_adapter/share/rosidl_adapter/cmake/rosidl_adapt_interfaces.cmake:60 (message):
  execute_process(/usr/bin/python3 -m rosidl_adapter --package-name
  jetpilot_msgs --arguments-file
  /home/jetson/JetPilot/ros2/build/jetpilot_msgs/rosidl_adapter__arguments__jetpilot_msgs.json
  --output-dir
  /home/jetson/JetPilot/ros2/build/jetpilot_msgs/rosidl_adapter/jetpilot_msgs
  --output-file
  /home/jetson/JetPilot/ros2/build/jetpilot_msgs/rosidl_adapter/jetpilot_msgs.idls)
  returned error code 1:

  Error processing 'std_msgs/float64 roll' of
  'jetpilot_msgs/OrientationEuler': 'float64'

  Traceback (most recent call last):

    File "/usr/lib/python3.6/runpy.py", line 193, in _run_module_as_main
      "__main__", mod_spec)
    File "/usr/lib/python3.6/runpy.py", line 85, in _run_code
      exec(code, run_globals)
    File "/home/jetson/ros2_dashing/install/rosidl_adapter/lib/python3.6/site-packages/rosidl_adapter/__main__.py", line 19, in <module>
      sys.exit(main())
    File "/home/jetson/ros2_dashing/install/rosidl_adapter/lib/python3.6/site-packages/rosidl_adapter/main.py", line 55, in main
      pathlib.Path(relative_path), output_dir)
    File "/home/jetson/ros2_dashing/install/rosidl_adapter/lib/python3.6/site-packages/rosidl_adapter/__init__.py", line 20, in convert_to_idl
      package_dir, package_name, interface_file, output_dir / 'msg')
    File "/home/jetson/ros2_dashing/install/rosidl_adapter/lib/python3.6/site-packages/rosidl_adapter/msg/__init__.py", line 28, in convert_msg_to_idl
      msg = parse_message_string(package_name, input_file.stem, content)
    File "/home/jetson/ros2_dashing/install/rosidl_adapter/lib/python3.6/site-packages/rosidl_adapter/parser.py", line 504, in parse_message_string
      Type(type_string, context_package_name=pkg_name),
    File "/home/jetson/ros2_dashing/install/rosidl_adapter/lib/python3.6/site-packages/rosidl_adapter/parser.py", line 273, in __init__
      context_package_name=context_package_name)
    File "/home/jetson/ros2_dashing/install/rosidl_adapter/lib/python3.6/site-packages/rosidl_adapter/parser.py", line 202, in __init__
      raise InvalidResourceName(self.type)

  rosidl_adapter.parser.InvalidResourceName: float64

Call Stack (most recent call first):
  /home/jetson/ros2_dashing/install/rosidl_cmake/share/rosidl_cmake/cmake/rosidl_generate_interfaces.cmake:130 (rosidl_adapt_interfaces)
  CMakeLists.txt:25 (rosidl_generate_interfaces)


-- Configuring incomplete, errors occurred!
See also "/home/jetson/JetPilot/ros2/build/jetpilot_msgs/CMakeFiles/CMakeOutput.log".
make: *** [cmake_check_build_system] Error 1
Makefile:1694: recipe for target 'cmake_check_build_system' failed
