[35m[1mScanning dependencies of target jet_drive_moderator_node[0m
[ 50%] [32mBuilding CXX object CMakeFiles/jet_drive_moderator_node.dir/src/jet_drive_moderator_node.cpp.o[0m
[01m[K/home/jetson/JetAutonomy/ros2/src/jet_drive_moderator/src/jet_drive_moderator_node.cpp:[m[K In constructor ‘[01m[KJetDriveModeratorNode::JetDriveModeratorNode()[m[K’:
[01m[K/home/jetson/JetAutonomy/ros2/src/jet_drive_moderator/src/jet_drive_moderator_node.cpp:15:84:[m[K [01;31m[Kerror: [m[K‘[01m[Kjooystick_cb[m[K’ is not a member of ‘[01m[KJetDriveModeratorNode[m[K’
                           "/joystick/cmd", 10, std::bind(&JetDriveModeratorNode::[01;31m[Kjooystick_cb[m[K, this, _1));
                                                                                  [01;31m[K^~~~~~~~~~~~[m[K
[01m[K/home/jetson/JetAutonomy/ros2/src/jet_drive_moderator/src/jet_drive_moderator_node.cpp:15:104:[m[K [01;31m[Kerror: [m[K‘[01m[K_1[m[K’ was not declared in this scope
             "/joystick/cmd", 10, std::bind(&JetDriveModeratorNode::jooystick_cb, this, [01;31m[K_1[m[K));
                                                                                        [01;31m[K^~[m[K
[01m[K/home/jetson/JetAutonomy/ros2/src/jet_drive_moderator/src/jet_drive_moderator_node.cpp:15:104:[m[K [01;36m[Knote: [m[Ksuggested alternative:
In file included from [01m[K/home/jetson/ros2_dashing/install/rclcpp/include/rclcpp/context.hpp:19:0[m[K,
                 from [01m[K/home/jetson/ros2_dashing/install/rclcpp/include/rclcpp/contexts/default_context.hpp:18[m[K,
                 from [01m[K/home/jetson/ros2_dashing/install/rclcpp/include/rclcpp/executor.hpp:32[m[K,
                 from [01m[K/home/jetson/ros2_dashing/install/rclcpp/include/rclcpp/executors/multi_threaded_executor.hpp:24[m[K,
                 from [01m[K/home/jetson/ros2_dashing/install/rclcpp/include/rclcpp/executors.hpp:21[m[K,
                 from [01m[K/home/jetson/ros2_dashing/install/rclcpp/include/rclcpp/rclcpp.hpp:144[m[K,
                 from [01m[K/home/jetson/JetAutonomy/ros2/src/jet_drive_moderator/src/jet_drive_moderator_node.cpp:2[m[K:
[01m[K/usr/include/c++/7/functional:275:34:[m[K [01;36m[Knote: [m[K  ‘[01m[Kstd::placeholders::_1[m[K’
     extern const _Placeholder<1> [01;36m[K_1[m[K;
                                  [01;36m[K^~[m[K
CMakeFiles/jet_drive_moderator_node.dir/build.make:62: recipe for target 'CMakeFiles/jet_drive_moderator_node.dir/src/jet_drive_moderator_node.cpp.o' failed
make[2]: *** [CMakeFiles/jet_drive_moderator_node.dir/src/jet_drive_moderator_node.cpp.o] Error 1
CMakeFiles/Makefile2:67: recipe for target 'CMakeFiles/jet_drive_moderator_node.dir/all' failed
Makefile:140: recipe for target 'all' failed
make[1]: *** [CMakeFiles/jet_drive_moderator_node.dir/all] Error 2
make: *** [all] Error 2
