[35m[1mScanning dependencies of target front_cam_node[0m
[ 50%] [32mBuilding CXX object CMakeFiles/front_cam_node.dir/src/front_cam_node.cpp.o[0m
In file included from [01m[K/home/jetson/JetAutonomy/ros2/src/front_cam/src/front_cam_node.cpp:7:0[m[K:
[01m[K/home/jetson/JetAutonomy/ros2/src/front_cam/include/CSICamera.hpp:[m[K In member function ‘[01m[Kint CSICamera::read(cv::Mat&)[m[K’:
[01m[K/home/jetson/JetAutonomy/ros2/src/front_cam/include/CSICamera.hpp:117:27:[m[K [01;35m[Kwarning: [m[Kunused parameter ‘[01m[Kframe[m[K’ [[01;35m[K-Wunused-parameter[m[K]
         int read(cv::Mat &[01;35m[Kframe[m[K) {
                           [01;35m[K^~~~~[m[K
[100%] [32m[1mLinking CXX executable front_cam_node[0m
[100%] Built target front_cam_node
[100%] Built target front_cam_node
[36mInstall the project...[0m
-- Install configuration: ""
-- Installing: /home/jetson/JetAutonomy/ros2/install/front_cam/lib/front_cam/front_cam_node
-- Set runtime path of "/home/jetson/JetAutonomy/ros2/install/front_cam/lib/front_cam/front_cam_node" to ""
-- Up-to-date: /home/jetson/JetAutonomy/ros2/install/front_cam/share/front_cam//launch
-- Up-to-date: /home/jetson/JetAutonomy/ros2/install/front_cam/share/front_cam//launch/front_cam_node.launch.py
-- Up-to-date: /home/jetson/JetAutonomy/ros2/install/front_cam/share/ament_index/resource_index/package_run_dependencies/front_cam
-- Up-to-date: /home/jetson/JetAutonomy/ros2/install/front_cam/share/ament_index/resource_index/parent_prefix_path/front_cam
-- Up-to-date: /home/jetson/JetAutonomy/ros2/install/front_cam/share/front_cam/local_setup.bash
-- Up-to-date: /home/jetson/JetAutonomy/ros2/install/front_cam/share/front_cam/local_setup.sh
-- Up-to-date: /home/jetson/JetAutonomy/ros2/install/front_cam/share/front_cam/local_setup.zsh
-- Up-to-date: /home/jetson/JetAutonomy/ros2/install/front_cam/share/ament_index/resource_index/packages/front_cam
-- Up-to-date: /home/jetson/JetAutonomy/ros2/install/front_cam/share/front_cam/cmake/front_camConfig.cmake
-- Up-to-date: /home/jetson/JetAutonomy/ros2/install/front_cam/share/front_cam/cmake/front_camConfig-version.cmake
-- Up-to-date: /home/jetson/JetAutonomy/ros2/install/front_cam/share/front_cam/package.xml
