[5.190s] DEBUG:colcon:Command line arguments: ['/usr/bin/colcon', 'build', '--packages-select', 'jetpilot_msgs']
[5.190s] DEBUG:colcon:Parsed command line arguments: Namespace(ament_cmake_args=None, base_paths=['.'], build_base='build', catkin_cmake_args=None, catkin_skip_building_tests=False, cmake_args=None, cmake_clean_cache=False, cmake_clean_first=False, cmake_force_configure=False, cmake_target=None, cmake_target_skip_unavailable=False, continue_on_error=False, event_handlers=None, executor='parallel', ignore_user_meta=False, install_base='install', log_base=None, log_level=None, main=<bound method BuildVerb.main of <colcon_core.verb.build.BuildVerb object at 0x7f821e44a8>>, merge_install=False, metas=['./colcon.meta'], packages_above=None, packages_above_and_dependencies=None, packages_above_depth=None, packages_end=None, packages_ignore=None, packages_ignore_regex=None, packages_select=['jetpilot_msgs'], packages_select_build_failed=False, packages_select_by_dep=None, packages_select_regex=None, packages_select_test_failures=False, packages_skip=None, packages_skip_build_finished=False, packages_skip_by_dep=None, packages_skip_regex=None, packages_skip_test_passed=False, packages_skip_up_to=None, packages_start=None, packages_up_to=None, packages_up_to_regex=None, parallel_workers=2, paths=None, symlink_install=False, test_result_base=None, verb_extension=<colcon_core.verb.build.BuildVerb object at 0x7f821e44a8>, verb_name='build', verb_parser=<colcon_defaults.argument_parser.defaults.DefaultArgumentsDecorator object at 0x7f821e47f0>)
[5.312s] Level 1:colcon.colcon_core.package_discovery:discover_packages(colcon_meta) check parameters
[5.313s] Level 1:colcon.colcon_core.package_discovery:discover_packages(recursive) check parameters
[5.313s] Level 1:colcon.colcon_core.package_discovery:discover_packages(ignore) check parameters
[5.313s] Level 1:colcon.colcon_core.package_discovery:discover_packages(path) check parameters
[5.313s] Level 1:colcon.colcon_core.package_discovery:discover_packages(colcon_meta) discover
[5.316s] Level 1:colcon.colcon_core.package_discovery:discover_packages(recursive) discover
[5.316s] INFO:colcon.colcon_core.package_discovery:Crawling recursively for packages in '/home/jetson/JetPilot/ros2'
[5.317s] Level 1:colcon.colcon_core.package_identification:_identify(.) by extensions ['ignore', 'ignore_ament_install']
[5.318s] Level 1:colcon.colcon_core.package_identification:_identify(.) by extension 'ignore'
[5.318s] Level 1:colcon.colcon_core.package_identification:_identify(.) by extension 'ignore_ament_install'
[5.319s] Level 1:colcon.colcon_core.package_identification:_identify(.) by extensions ['colcon_pkg']
[5.319s] Level 1:colcon.colcon_core.package_identification:_identify(.) by extension 'colcon_pkg'
[5.320s] Level 1:colcon.colcon_core.package_identification:_identify(.) by extensions ['colcon_meta']
[5.320s] Level 1:colcon.colcon_core.package_identification:_identify(.) by extension 'colcon_meta'
[5.320s] Level 1:colcon.colcon_core.package_identification:_identify(.) by extensions ['ros']
[5.321s] Level 1:colcon.colcon_core.package_identification:_identify(.) by extension 'ros'
[5.477s] Level 1:colcon.colcon_core.package_identification:_identify(.) by extensions ['cmake', 'python']
[5.478s] Level 1:colcon.colcon_core.package_identification:_identify(.) by extension 'cmake'
[5.478s] Level 1:colcon.colcon_core.package_identification:_identify(.) by extension 'python'
[5.479s] Level 1:colcon.colcon_core.package_identification:_identify(.) by extensions ['python_setup_py']
[5.479s] Level 1:colcon.colcon_core.package_identification:_identify(.) by extension 'python_setup_py'
[5.480s] Level 1:colcon.colcon_core.package_identification:_identify(build) by extensions ['ignore', 'ignore_ament_install']
[5.481s] Level 1:colcon.colcon_core.package_identification:_identify(build) by extension 'ignore'
[5.481s] Level 1:colcon.colcon_core.package_identification:_identify(build) ignored
[5.484s] Level 1:colcon.colcon_core.package_identification:_identify(install) by extensions ['ignore', 'ignore_ament_install']
[5.485s] Level 1:colcon.colcon_core.package_identification:_identify(install) by extension 'ignore'
[5.485s] Level 1:colcon.colcon_core.package_identification:_identify(install) ignored
[5.486s] Level 1:colcon.colcon_core.package_identification:_identify(log) by extensions ['ignore', 'ignore_ament_install']
[5.487s] Level 1:colcon.colcon_core.package_identification:_identify(log) by extension 'ignore'
[5.488s] Level 1:colcon.colcon_core.package_identification:_identify(log) ignored
[5.488s] Level 1:colcon.colcon_core.package_identification:_identify(src) by extensions ['ignore', 'ignore_ament_install']
[5.489s] Level 1:colcon.colcon_core.package_identification:_identify(src) by extension 'ignore'
[5.489s] Level 1:colcon.colcon_core.package_identification:_identify(src) by extension 'ignore_ament_install'
[5.490s] Level 1:colcon.colcon_core.package_identification:_identify(src) by extensions ['colcon_pkg']
[5.490s] Level 1:colcon.colcon_core.package_identification:_identify(src) by extension 'colcon_pkg'
[5.491s] Level 1:colcon.colcon_core.package_identification:_identify(src) by extensions ['colcon_meta']
[5.491s] Level 1:colcon.colcon_core.package_identification:_identify(src) by extension 'colcon_meta'
[5.492s] Level 1:colcon.colcon_core.package_identification:_identify(src) by extensions ['ros']
[5.492s] Level 1:colcon.colcon_core.package_identification:_identify(src) by extension 'ros'
[5.493s] Level 1:colcon.colcon_core.package_identification:_identify(src) by extensions ['cmake', 'python']
[5.493s] Level 1:colcon.colcon_core.package_identification:_identify(src) by extension 'cmake'
[5.493s] Level 1:colcon.colcon_core.package_identification:_identify(src) by extension 'python'
[5.494s] Level 1:colcon.colcon_core.package_identification:_identify(src) by extensions ['python_setup_py']
[5.494s] Level 1:colcon.colcon_core.package_identification:_identify(src) by extension 'python_setup_py'
[5.495s] Level 1:colcon.colcon_core.package_identification:_identify(src/front_cam) by extensions ['ignore', 'ignore_ament_install']
[5.496s] Level 1:colcon.colcon_core.package_identification:_identify(src/front_cam) by extension 'ignore'
[5.496s] Level 1:colcon.colcon_core.package_identification:_identify(src/front_cam) by extension 'ignore_ament_install'
[5.497s] Level 1:colcon.colcon_core.package_identification:_identify(src/front_cam) by extensions ['colcon_pkg']
[5.497s] Level 1:colcon.colcon_core.package_identification:_identify(src/front_cam) by extension 'colcon_pkg'
[5.497s] Level 1:colcon.colcon_core.package_identification:_identify(src/front_cam) by extensions ['colcon_meta']
[5.498s] Level 1:colcon.colcon_core.package_identification:_identify(src/front_cam) by extension 'colcon_meta'
[5.498s] Level 1:colcon.colcon_core.package_identification:_identify(src/front_cam) by extensions ['ros']
[5.498s] Level 1:colcon.colcon_core.package_identification:_identify(src/front_cam) by extension 'ros'
[5.523s] DEBUG:colcon.colcon_core.package_identification:Package 'src/front_cam' with type 'ros.ament_cmake' and name 'front_cam'
[5.524s] Level 1:colcon.colcon_core.package_identification:_identify(src/imu_bno055) by extensions ['ignore', 'ignore_ament_install']
[5.525s] Level 1:colcon.colcon_core.package_identification:_identify(src/imu_bno055) by extension 'ignore'
[5.525s] Level 1:colcon.colcon_core.package_identification:_identify(src/imu_bno055) by extension 'ignore_ament_install'
[5.526s] Level 1:colcon.colcon_core.package_identification:_identify(src/imu_bno055) by extensions ['colcon_pkg']
[5.526s] Level 1:colcon.colcon_core.package_identification:_identify(src/imu_bno055) by extension 'colcon_pkg'
[5.527s] Level 1:colcon.colcon_core.package_identification:_identify(src/imu_bno055) by extensions ['colcon_meta']
[5.527s] Level 1:colcon.colcon_core.package_identification:_identify(src/imu_bno055) by extension 'colcon_meta'
[5.528s] Level 1:colcon.colcon_core.package_identification:_identify(src/imu_bno055) by extensions ['ros']
[5.528s] Level 1:colcon.colcon_core.package_identification:_identify(src/imu_bno055) by extension 'ros'
[5.535s] DEBUG:colcon.colcon_core.package_identification:Package 'src/imu_bno055' with type 'ros.ament_python' and name 'imu_bno055'
[5.536s] Level 1:colcon.colcon_core.package_identification:_identify(src/jet_drive) by extensions ['ignore', 'ignore_ament_install']
[5.537s] Level 1:colcon.colcon_core.package_identification:_identify(src/jet_drive) by extension 'ignore'
[5.538s] Level 1:colcon.colcon_core.package_identification:_identify(src/jet_drive) by extension 'ignore_ament_install'
[5.538s] Level 1:colcon.colcon_core.package_identification:_identify(src/jet_drive) by extensions ['colcon_pkg']
[5.539s] Level 1:colcon.colcon_core.package_identification:_identify(src/jet_drive) by extension 'colcon_pkg'
[5.539s] Level 1:colcon.colcon_core.package_identification:_identify(src/jet_drive) by extensions ['colcon_meta']
[5.540s] Level 1:colcon.colcon_core.package_identification:_identify(src/jet_drive) by extension 'colcon_meta'
[5.540s] Level 1:colcon.colcon_core.package_identification:_identify(src/jet_drive) by extensions ['ros']
[5.541s] Level 1:colcon.colcon_core.package_identification:_identify(src/jet_drive) by extension 'ros'
[5.548s] DEBUG:colcon.colcon_core.package_identification:Package 'src/jet_drive' with type 'ros.ament_python' and name 'jet_drive'
[5.549s] Level 1:colcon.colcon_core.package_identification:_identify(src/jet_drive_moderator) by extensions ['ignore', 'ignore_ament_install']
[5.550s] Level 1:colcon.colcon_core.package_identification:_identify(src/jet_drive_moderator) by extension 'ignore'
[5.550s] Level 1:colcon.colcon_core.package_identification:_identify(src/jet_drive_moderator) by extension 'ignore_ament_install'
[5.551s] Level 1:colcon.colcon_core.package_identification:_identify(src/jet_drive_moderator) by extensions ['colcon_pkg']
[5.551s] Level 1:colcon.colcon_core.package_identification:_identify(src/jet_drive_moderator) by extension 'colcon_pkg'
[5.552s] Level 1:colcon.colcon_core.package_identification:_identify(src/jet_drive_moderator) by extensions ['colcon_meta']
[5.552s] Level 1:colcon.colcon_core.package_identification:_identify(src/jet_drive_moderator) by extension 'colcon_meta'
[5.553s] Level 1:colcon.colcon_core.package_identification:_identify(src/jet_drive_moderator) by extensions ['ros']
[5.553s] Level 1:colcon.colcon_core.package_identification:_identify(src/jet_drive_moderator) by extension 'ros'
[5.564s] DEBUG:colcon.colcon_core.package_identification:Package 'src/jet_drive_moderator' with type 'ros.ament_cmake' and name 'jet_drive_moderator'
[5.565s] Level 1:colcon.colcon_core.package_identification:_identify(src/jetpilot_msgs) by extensions ['ignore', 'ignore_ament_install']
[5.566s] Level 1:colcon.colcon_core.package_identification:_identify(src/jetpilot_msgs) by extension 'ignore'
[5.567s] Level 1:colcon.colcon_core.package_identification:_identify(src/jetpilot_msgs) by extension 'ignore_ament_install'
[5.567s] Level 1:colcon.colcon_core.package_identification:_identify(src/jetpilot_msgs) by extensions ['colcon_pkg']
[5.568s] Level 1:colcon.colcon_core.package_identification:_identify(src/jetpilot_msgs) by extension 'colcon_pkg'
[5.568s] Level 1:colcon.colcon_core.package_identification:_identify(src/jetpilot_msgs) by extensions ['colcon_meta']
[5.569s] Level 1:colcon.colcon_core.package_identification:_identify(src/jetpilot_msgs) by extension 'colcon_meta'
[5.570s] Level 1:colcon.colcon_core.package_identification:_identify(src/jetpilot_msgs) by extensions ['ros']
[5.570s] Level 1:colcon.colcon_core.package_identification:_identify(src/jetpilot_msgs) by extension 'ros'
[5.576s] DEBUG:colcon.colcon_core.package_identification:Package 'src/jetpilot_msgs' with type 'ros.ament_cmake' and name 'jetpilot_msgs'
[5.577s] Level 1:colcon.colcon_core.package_identification:_identify(src/joystick) by extensions ['ignore', 'ignore_ament_install']
[5.578s] Level 1:colcon.colcon_core.package_identification:_identify(src/joystick) by extension 'ignore'
[5.578s] Level 1:colcon.colcon_core.package_identification:_identify(src/joystick) by extension 'ignore_ament_install'
[5.579s] Level 1:colcon.colcon_core.package_identification:_identify(src/joystick) by extensions ['colcon_pkg']
[5.579s] Level 1:colcon.colcon_core.package_identification:_identify(src/joystick) by extension 'colcon_pkg'
[5.580s] Level 1:colcon.colcon_core.package_identification:_identify(src/joystick) by extensions ['colcon_meta']
[5.580s] Level 1:colcon.colcon_core.package_identification:_identify(src/joystick) by extension 'colcon_meta'
[5.581s] Level 1:colcon.colcon_core.package_identification:_identify(src/joystick) by extensions ['ros']
[5.581s] Level 1:colcon.colcon_core.package_identification:_identify(src/joystick) by extension 'ros'
[5.587s] DEBUG:colcon.colcon_core.package_identification:Package 'src/joystick' with type 'ros.ament_python' and name 'joystick'
[5.588s] Level 1:colcon.colcon_core.package_identification:_identify(src/rplidar) by extensions ['ignore', 'ignore_ament_install']
[5.589s] Level 1:colcon.colcon_core.package_identification:_identify(src/rplidar) by extension 'ignore'
[5.590s] Level 1:colcon.colcon_core.package_identification:_identify(src/rplidar) by extension 'ignore_ament_install'
[5.590s] Level 1:colcon.colcon_core.package_identification:_identify(src/rplidar) by extensions ['colcon_pkg']
[5.591s] Level 1:colcon.colcon_core.package_identification:_identify(src/rplidar) by extension 'colcon_pkg'
[5.591s] Level 1:colcon.colcon_core.package_identification:_identify(src/rplidar) by extensions ['colcon_meta']
[5.592s] Level 1:colcon.colcon_core.package_identification:_identify(src/rplidar) by extension 'colcon_meta'
[5.593s] Level 1:colcon.colcon_core.package_identification:_identify(src/rplidar) by extensions ['ros']
[5.593s] Level 1:colcon.colcon_core.package_identification:_identify(src/rplidar) by extension 'ros'
[5.599s] DEBUG:colcon.colcon_core.package_identification:Package 'src/rplidar' with type 'ros.ament_cmake' and name 'rplidar_ros'
[5.599s] Level 1:colcon.colcon_core.package_discovery:discover_packages(recursive) using defaults
[5.601s] Level 1:colcon.colcon_core.package_discovery:discover_packages(ignore) discover
[5.601s] Level 1:colcon.colcon_core.package_discovery:discover_packages(ignore) using defaults
[5.602s] Level 1:colcon.colcon_core.package_discovery:discover_packages(path) discover
[5.602s] Level 1:colcon.colcon_core.package_discovery:discover_packages(path) using defaults
[5.912s] INFO:colcon.colcon_core.package_selection:Skipping not selected package 'front_cam' in 'src/front_cam'
[5.913s] INFO:colcon.colcon_core.package_selection:Skipping not selected package 'rplidar_ros' in 'src/rplidar'
[5.913s] INFO:colcon.colcon_core.package_selection:Skipping not selected package 'imu_bno055' in 'src/imu_bno055'
[5.913s] INFO:colcon.colcon_core.package_selection:Skipping not selected package 'jet_drive' in 'src/jet_drive'
[5.914s] INFO:colcon.colcon_core.package_selection:Skipping not selected package 'jet_drive_moderator' in 'src/jet_drive_moderator'
[5.914s] INFO:colcon.colcon_core.package_selection:Skipping not selected package 'joystick' in 'src/joystick'
[5.965s] Level 5:colcon.colcon_core.verb:set package 'jetpilot_msgs' build argument 'cmake_args' from command line to 'None'
[5.966s] Level 5:colcon.colcon_core.verb:set package 'jetpilot_msgs' build argument 'cmake_target' from command line to 'None'
[5.966s] Level 5:colcon.colcon_core.verb:set package 'jetpilot_msgs' build argument 'cmake_target_skip_unavailable' from command line to 'False'
[5.966s] Level 5:colcon.colcon_core.verb:set package 'jetpilot_msgs' build argument 'cmake_clean_cache' from command line to 'False'
[5.967s] Level 5:colcon.colcon_core.verb:set package 'jetpilot_msgs' build argument 'cmake_clean_first' from command line to 'False'
[5.967s] Level 5:colcon.colcon_core.verb:set package 'jetpilot_msgs' build argument 'cmake_force_configure' from command line to 'False'
[5.967s] Level 5:colcon.colcon_core.verb:set package 'jetpilot_msgs' build argument 'ament_cmake_args' from command line to 'None'
[5.968s] Level 5:colcon.colcon_core.verb:set package 'jetpilot_msgs' build argument 'catkin_cmake_args' from command line to 'None'
[5.968s] Level 5:colcon.colcon_core.verb:set package 'jetpilot_msgs' build argument 'catkin_skip_building_tests' from command line to 'False'
[5.968s] DEBUG:colcon.colcon_core.verb:Building package 'jetpilot_msgs' with the following arguments: {'ament_cmake_args': None, 'build_base': '/home/jetson/JetPilot/ros2/build/jetpilot_msgs', 'catkin_cmake_args': None, 'catkin_skip_building_tests': False, 'cmake_args': None, 'cmake_clean_cache': False, 'cmake_clean_first': False, 'cmake_force_configure': False, 'cmake_target': None, 'cmake_target_skip_unavailable': False, 'install_base': '/home/jetson/JetPilot/ros2/install/jetpilot_msgs', 'merge_install': False, 'path': '/home/jetson/JetPilot/ros2/src/jetpilot_msgs', 'symlink_install': False, 'test_result_base': None}
[5.973s] INFO:colcon.colcon_core.executor:Executing jobs using 'parallel' executor
[5.996s] DEBUG:colcon.colcon_parallel_executor.executor.parallel:run_until_complete
[5.998s] INFO:colcon.colcon_ros.task.ament_cmake.build:Building ROS package in '/home/jetson/JetPilot/ros2/src/jetpilot_msgs' with build type 'ament_cmake'
[5.999s] INFO:colcon.colcon_cmake.task.cmake.build:Building CMake package in '/home/jetson/JetPilot/ros2/src/jetpilot_msgs'
[6.070s] INFO:colcon.colcon_core.plugin_system:Skipping extension 'colcon_core.shell.bat': Not used on non-Windows systems
[6.072s] INFO:colcon.colcon_core.shell:Skip shell extension 'powershell' for command environment: Not usable outside of PowerShell
[6.072s] DEBUG:colcon.colcon_core.shell:Skip shell extension 'dsv' for command environment
[6.380s] DEBUG:colcon.colcon_core.event_handler.log_command:Invoking command in '/home/jetson/JetPilot/ros2/build/jetpilot_msgs': CMAKE_PREFIX_PATH=${CMAKE_PREFIX_PATH}:/home/jetson/JetPilot/ros2/install/joystick:/home/jetson/JetPilot/ros2/install/jet_drive:/home/jetson/JetPilot/ros2/install/imu_bno055:/home/jetson/ros2_dashing/install/ros2bag:/home/jetson/ros2_dashing/install/topic_monitor:/home/jetson/ros2_dashing/install/sros2:/home/jetson/ros2_dashing/install/rqt_topic:/home/jetson/ros2_dashing/install/rqt_top:/home/jetson/ros2_dashing/install/rqt_srv:/home/jetson/ros2_dashing/install/rqt_shell:/home/jetson/ros2_dashing/install/rqt_service_caller:/home/jetson/ros2_dashing/install/rqt_py_console:/home/jetson/ros2_dashing/install/rqt_action:/home/jetson/ros2_dashing/install/rqt:/home/jetson/ros2_dashing/install/rqt_graph:/home/jetson/ros2_dashing/install/rqt_gui_py:/home/jetson/ros2_dashing/install/rqt_gui:/home/jetson/ros2_dashing/install/ros2topic:/home/jetson/ros2_dashing/install/ros2test:/home/jetson/ros2_dashing/install/ros2component:/home/jetson/ros2_dashing/install/ros2param:/home/jetson/ros2_dashing/install/ros2lifecycle:/home/jetson/ros2_dashing/install/ros2service:/home/jetson/ros2_dashing/install/ros2srv:/home/jetson/ros2_dashing/install/ros2run:/home/jetson/ros2_dashing/install/ros2launch:/home/jetson/ros2_dashing/install/ros2pkg:/home/jetson/ros2_dashing/install/ros2node:/home/jetson/ros2_dashing/install/ros2multicast:/home/jetson/ros2_dashing/install/ros2msg:/home/jetson/ros2_dashing/install/ros2action:/home/jetson/ros2_dashing/install/ros2cli:/home/jetson/ros2_dashing/install/quality_of_service_demo_py:/home/jetson/ros2_dashing/install/launch_testing_ros:/home/jetson/ros2_dashing/install/launch_ros:/home/jetson/ros2_dashing/install/examples_rclpy_minimal_subscriber:/home/jetson/ros2_dashing/install/examples_rclpy_minimal_service:/home/jetson/ros2_dashing/install/examples_rclpy_minimal_publisher:/home/jetson/ros2_dashing/install/examples_rclpy_minimal_client:/home/jetson/ros2_dashing/install/examples_rclpy_minimal_action_server:/home/jetson/ros2_dashing/install/examples_rclpy_minimal_action_client:/home/jetson/ros2_dashing/install/examples_rclpy_executors:/home/jetson/ros2_dashing/install/demo_nodes_py:/home/jetson/ros2_dashing/install/ament_uncrustify:/home/jetson/ros2_dashing/install/test_launch_ros:/home/jetson/ros2_dashing/install/rosidl_runtime_py:/home/jetson/ros2_dashing/install/launch_testing:/home/jetson/ros2_dashing/install/launch:/home/jetson/ros2_dashing/install/osrf_pycommon:/home/jetson/ros2_dashing/install/ament_xmllint:/home/jetson/ros2_dashing/install/ament_pyflakes:/home/jetson/ros2_dashing/install/ament_pep8:/home/jetson/ros2_dashing/install/ament_pep257:/home/jetson/ros2_dashing/install/ament_pclint:/home/jetson/ros2_dashing/install/ament_package:/home/jetson/ros2_dashing/install/ament_lint_cmake:/home/jetson/ros2_dashing/install/ament_flake8:/home/jetson/ros2_dashing/install/ament_copyright:/home/jetson/ros2_dashing/install/ament_lint:/home/jetson/ros2_dashing/install/ament_index_python:/home/jetson/ros2_dashing/install/ament_cpplint:/home/jetson/ros2_dashing/install/ament_cppcheck:/home/jetson/ros2_dashing/install/ament_clang_tidy:/home/jetson/ros2_dashing/install/ament_clang_format /usr/bin/cmake --build /home/jetson/JetPilot/ros2/build/jetpilot_msgs -- -j2 -l2
[31.311s] DEBUG:colcon.colcon_core.event_handler.log_command:Invoked command in '/home/jetson/JetPilot/ros2/build/jetpilot_msgs' returned '2': CMAKE_PREFIX_PATH=${CMAKE_PREFIX_PATH}:/home/jetson/JetPilot/ros2/install/joystick:/home/jetson/JetPilot/ros2/install/jet_drive:/home/jetson/JetPilot/ros2/install/imu_bno055:/home/jetson/ros2_dashing/install/ros2bag:/home/jetson/ros2_dashing/install/topic_monitor:/home/jetson/ros2_dashing/install/sros2:/home/jetson/ros2_dashing/install/rqt_topic:/home/jetson/ros2_dashing/install/rqt_top:/home/jetson/ros2_dashing/install/rqt_srv:/home/jetson/ros2_dashing/install/rqt_shell:/home/jetson/ros2_dashing/install/rqt_service_caller:/home/jetson/ros2_dashing/install/rqt_py_console:/home/jetson/ros2_dashing/install/rqt_action:/home/jetson/ros2_dashing/install/rqt:/home/jetson/ros2_dashing/install/rqt_graph:/home/jetson/ros2_dashing/install/rqt_gui_py:/home/jetson/ros2_dashing/install/rqt_gui:/home/jetson/ros2_dashing/install/ros2topic:/home/jetson/ros2_dashing/install/ros2test:/home/jetson/ros2_dashing/install/ros2component:/home/jetson/ros2_dashing/install/ros2param:/home/jetson/ros2_dashing/install/ros2lifecycle:/home/jetson/ros2_dashing/install/ros2service:/home/jetson/ros2_dashing/install/ros2srv:/home/jetson/ros2_dashing/install/ros2run:/home/jetson/ros2_dashing/install/ros2launch:/home/jetson/ros2_dashing/install/ros2pkg:/home/jetson/ros2_dashing/install/ros2node:/home/jetson/ros2_dashing/install/ros2multicast:/home/jetson/ros2_dashing/install/ros2msg:/home/jetson/ros2_dashing/install/ros2action:/home/jetson/ros2_dashing/install/ros2cli:/home/jetson/ros2_dashing/install/quality_of_service_demo_py:/home/jetson/ros2_dashing/install/launch_testing_ros:/home/jetson/ros2_dashing/install/launch_ros:/home/jetson/ros2_dashing/install/examples_rclpy_minimal_subscriber:/home/jetson/ros2_dashing/install/examples_rclpy_minimal_service:/home/jetson/ros2_dashing/install/examples_rclpy_minimal_publisher:/home/jetson/ros2_dashing/install/examples_rclpy_minimal_client:/home/jetson/ros2_dashing/install/examples_rclpy_minimal_action_server:/home/jetson/ros2_dashing/install/examples_rclpy_minimal_action_client:/home/jetson/ros2_dashing/install/examples_rclpy_executors:/home/jetson/ros2_dashing/install/demo_nodes_py:/home/jetson/ros2_dashing/install/ament_uncrustify:/home/jetson/ros2_dashing/install/test_launch_ros:/home/jetson/ros2_dashing/install/rosidl_runtime_py:/home/jetson/ros2_dashing/install/launch_testing:/home/jetson/ros2_dashing/install/launch:/home/jetson/ros2_dashing/install/osrf_pycommon:/home/jetson/ros2_dashing/install/ament_xmllint:/home/jetson/ros2_dashing/install/ament_pyflakes:/home/jetson/ros2_dashing/install/ament_pep8:/home/jetson/ros2_dashing/install/ament_pep257:/home/jetson/ros2_dashing/install/ament_pclint:/home/jetson/ros2_dashing/install/ament_package:/home/jetson/ros2_dashing/install/ament_lint_cmake:/home/jetson/ros2_dashing/install/ament_flake8:/home/jetson/ros2_dashing/install/ament_copyright:/home/jetson/ros2_dashing/install/ament_lint:/home/jetson/ros2_dashing/install/ament_index_python:/home/jetson/ros2_dashing/install/ament_cpplint:/home/jetson/ros2_dashing/install/ament_cppcheck:/home/jetson/ros2_dashing/install/ament_clang_tidy:/home/jetson/ros2_dashing/install/ament_clang_format /usr/bin/cmake --build /home/jetson/JetPilot/ros2/build/jetpilot_msgs -- -j2 -l2
[34.197s] Level 1:colcon.colcon_core.environment:create_environment_scripts_only(jetpilot_msgs)
[34.266s] Level 1:colcon.colcon_core.environment:checking '/home/jetson/JetPilot/ros2/install/jetpilot_msgs' for CMake module files
[34.272s] Level 1:colcon.colcon_core.environment:checking '/home/jetson/JetPilot/ros2/install/jetpilot_msgs' for CMake config files
[34.274s] Level 1:colcon.colcon_core.shell:create_environment_hook('jetpilot_msgs', 'cmake_prefix_path')
[34.282s] INFO:colcon.colcon_core.shell:Creating environment hook '/home/jetson/JetPilot/ros2/install/jetpilot_msgs/share/jetpilot_msgs/hook/cmake_prefix_path.ps1'
[34.288s] INFO:colcon.colcon_core.shell:Creating environment descriptor '/home/jetson/JetPilot/ros2/install/jetpilot_msgs/share/jetpilot_msgs/hook/cmake_prefix_path.dsv'
[34.292s] INFO:colcon.colcon_core.shell:Creating environment hook '/home/jetson/JetPilot/ros2/install/jetpilot_msgs/share/jetpilot_msgs/hook/cmake_prefix_path.sh'
[34.302s] Level 1:colcon.colcon_core.environment:checking '/home/jetson/JetPilot/ros2/install/jetpilot_msgs/lib'
[34.304s] Level 1:colcon.colcon_core.shell:create_environment_hook('jetpilot_msgs', 'ld_library_path_lib')
[34.313s] INFO:colcon.colcon_core.shell:Creating environment hook '/home/jetson/JetPilot/ros2/install/jetpilot_msgs/share/jetpilot_msgs/hook/ld_library_path_lib.ps1'
[34.316s] INFO:colcon.colcon_core.shell:Creating environment descriptor '/home/jetson/JetPilot/ros2/install/jetpilot_msgs/share/jetpilot_msgs/hook/ld_library_path_lib.dsv'
[34.318s] INFO:colcon.colcon_core.shell:Creating environment hook '/home/jetson/JetPilot/ros2/install/jetpilot_msgs/share/jetpilot_msgs/hook/ld_library_path_lib.sh'
[34.320s] Level 1:colcon.colcon_core.environment:checking '/home/jetson/JetPilot/ros2/install/jetpilot_msgs/bin'
[34.321s] Level 1:colcon.colcon_core.environment:checking '/home/jetson/JetPilot/ros2/install/jetpilot_msgs/lib/pkgconfig/jetpilot_msgs.pc'
[34.322s] Level 1:colcon.colcon_core.environment:checking '/home/jetson/JetPilot/ros2/install/jetpilot_msgs/lib/python3.6/site-packages'
[34.322s] Level 1:colcon.colcon_core.shell:create_environment_hook('jetpilot_msgs', 'pythonpath')
[34.330s] INFO:colcon.colcon_core.shell:Creating environment hook '/home/jetson/JetPilot/ros2/install/jetpilot_msgs/share/jetpilot_msgs/hook/pythonpath.ps1'
[34.332s] INFO:colcon.colcon_core.shell:Creating environment descriptor '/home/jetson/JetPilot/ros2/install/jetpilot_msgs/share/jetpilot_msgs/hook/pythonpath.dsv'
[34.335s] INFO:colcon.colcon_core.shell:Creating environment hook '/home/jetson/JetPilot/ros2/install/jetpilot_msgs/share/jetpilot_msgs/hook/pythonpath.sh'
[34.345s] INFO:colcon.colcon_core.shell:Creating package script '/home/jetson/JetPilot/ros2/install/jetpilot_msgs/share/jetpilot_msgs/package.ps1'
[34.354s] INFO:colcon.colcon_core.shell:Creating package descriptor '/home/jetson/JetPilot/ros2/install/jetpilot_msgs/share/jetpilot_msgs/package.dsv'
[34.360s] INFO:colcon.colcon_core.shell:Creating package script '/home/jetson/JetPilot/ros2/install/jetpilot_msgs/share/jetpilot_msgs/package.sh'
[34.368s] INFO:colcon.colcon_core.shell:Creating package script '/home/jetson/JetPilot/ros2/install/jetpilot_msgs/share/jetpilot_msgs/package.bash'
[34.376s] INFO:colcon.colcon_core.shell:Creating package script '/home/jetson/JetPilot/ros2/install/jetpilot_msgs/share/jetpilot_msgs/package.zsh'
[34.383s] Level 1:colcon.colcon_core.environment:create_file_with_runtime_dependencies(/home/jetson/JetPilot/ros2/install/jetpilot_msgs/share/colcon-core/packages/jetpilot_msgs)
[34.395s] DEBUG:colcon.colcon_parallel_executor.executor.parallel:closing loop
[34.397s] DEBUG:colcon.colcon_parallel_executor.executor.parallel:loop closed
[34.398s] DEBUG:colcon.colcon_parallel_executor.executor.parallel:run_until_complete finished with '2'
[34.398s] DEBUG:colcon.colcon_core.event_reactor:joining thread
[34.508s] INFO:colcon.colcon_core.plugin_system:Skipping extension 'colcon_notification.desktop_notification.terminal_notifier': Not used on non-Darwin systems
[34.509s] INFO:colcon.colcon_core.plugin_system:Skipping extension 'colcon_notification.desktop_notification.win32': Not used on non-Windows systems
[34.509s] INFO:colcon.colcon_notification.desktop_notification:Sending desktop notification using 'notify2'
[34.521s] DEBUG:colcon.colcon_notification.desktop_notification.notify2:Failed to initialize notify2: org.freedesktop.DBus.Error.ServiceUnknown: The name org.freedesktop.Notifications was not provided by any .service files
[34.521s] DEBUG:colcon.colcon_core.event_reactor:joined thread
[34.529s] INFO:colcon.colcon_core.shell:Creating prefix script '/home/jetson/JetPilot/ros2/install/local_setup.ps1'
[34.539s] INFO:colcon.colcon_core.shell:Creating prefix util module '/home/jetson/JetPilot/ros2/install/_local_setup_util_ps1.py'
[34.553s] INFO:colcon.colcon_core.shell:Creating prefix chain script '/home/jetson/JetPilot/ros2/install/setup.ps1'
[34.682s] INFO:colcon.colcon_core.shell:Creating prefix script '/home/jetson/JetPilot/ros2/install/local_setup.sh'
[34.687s] INFO:colcon.colcon_core.shell:Creating prefix util module '/home/jetson/JetPilot/ros2/install/_local_setup_util_sh.py'
[34.691s] INFO:colcon.colcon_core.shell:Creating prefix chain script '/home/jetson/JetPilot/ros2/install/setup.sh'
[34.826s] INFO:colcon.colcon_core.shell:Creating prefix script '/home/jetson/JetPilot/ros2/install/local_setup.bash'
[34.830s] INFO:colcon.colcon_core.shell:Creating prefix chain script '/home/jetson/JetPilot/ros2/install/setup.bash'
[34.963s] INFO:colcon.colcon_core.shell:Creating prefix script '/home/jetson/JetPilot/ros2/install/local_setup.zsh'
[34.968s] INFO:colcon.colcon_core.shell:Creating prefix chain script '/home/jetson/JetPilot/ros2/install/setup.zsh'
