In file included from [01m[K/home/jetson/JetPilot/ros2/src/rplidar/./sdk/include/rplidar.h:39:0[m[K,
                 from [01m[K/home/jetson/JetPilot/ros2/src/rplidar/include/rplidar_node.hpp:41[m[K,
                 from [01m[K/home/jetson/JetPilot/ros2/src/rplidar/src/rplidar_node.cpp:36[m[K:
[01m[K/home/jetson/JetPilot/ros2/src/rplidar/./sdk/include/rplidar_protocol.h:59:15:[m[K [01;35m[Kwarning: [m[KISO C++ forbids zero-size array ‘[01m[Kdata[m[K’ [[01;35m[K-Wpedantic[m[K]
     _u8 data[0[01;35m[K][m[K;
               [01;35m[K^[m[K
In file included from [01m[K/home/jetson/JetPilot/ros2/src/rplidar/./sdk/include/rplidar.h:40:0[m[K,
                 from [01m[K/home/jetson/JetPilot/ros2/src/rplidar/include/rplidar_node.hpp:41[m[K,
                 from [01m[K/home/jetson/JetPilot/ros2/src/rplidar/src/rplidar_node.cpp:36[m[K:
[01m[K/home/jetson/JetPilot/ros2/src/rplidar/./sdk/include/rplidar_cmd.h:260:19:[m[K [01;35m[Kwarning: [m[KISO C++ forbids zero-size array ‘[01m[Kpayload[m[K’ [[01;35m[K-Wpedantic[m[K]
     _u8  payload[0[01;35m[K][m[K;
                   [01;35m[K^[m[K
[01m[K/home/jetson/JetPilot/ros2/src/rplidar/src/rplidar_node.cpp:[m[K In member function ‘[01m[Kvoid rplidar_ros::rplidar_node::stop_motor({anonymous}::EmptyRequest, {anonymous}::EmptyResponse)[m[K’:
[01m[K/home/jetson/JetPilot/ros2/src/rplidar/src/rplidar_node.cpp:245:50:[m[K [01;35m[Kwarning: [m[Kunused parameter ‘[01m[Kreq[m[K’ [[01;35m[K-Wunused-parameter[m[K]
 void rplidar_node::stop_motor(const EmptyRequest [01;35m[Kreq[m[K, EmptyResponse res)
                                                  [01;35m[K^~~[m[K
[01m[K/home/jetson/JetPilot/ros2/src/rplidar/src/rplidar_node.cpp:245:69:[m[K [01;35m[Kwarning: [m[Kunused parameter ‘[01m[Kres[m[K’ [[01;35m[K-Wunused-parameter[m[K]
 void rplidar_node::stop_motor(const EmptyRequest req, EmptyResponse [01;35m[Kres[m[K)
                                                                     [01;35m[K^~~[m[K
[01m[K/home/jetson/JetPilot/ros2/src/rplidar/src/rplidar_node.cpp:[m[K In member function ‘[01m[Kvoid rplidar_ros::rplidar_node::start_motor({anonymous}::EmptyRequest, {anonymous}::EmptyResponse)[m[K’:
[01m[K/home/jetson/JetPilot/ros2/src/rplidar/src/rplidar_node.cpp:256:51:[m[K [01;35m[Kwarning: [m[Kunused parameter ‘[01m[Kreq[m[K’ [[01;35m[K-Wunused-parameter[m[K]
 void rplidar_node::start_motor(const EmptyRequest [01;35m[Kreq[m[K, EmptyResponse res)
                                                   [01;35m[K^~~[m[K
[01m[K/home/jetson/JetPilot/ros2/src/rplidar/src/rplidar_node.cpp:256:70:[m[K [01;35m[Kwarning: [m[Kunused parameter ‘[01m[Kres[m[K’ [[01;35m[K-Wunused-parameter[m[K]
 void rplidar_node::start_motor(const EmptyRequest req, EmptyResponse [01;35m[Kres[m[K)
                                                                      [01;35m[K^~~[m[K
[01m[K/home/jetson/JetPilot/ros2/src/rplidar/src/rplidar_node.cpp:[m[K In member function ‘[01m[Kvoid rplidar_ros::rplidar_node::publish_loop()[m[K’:
[01m[K/home/jetson/JetPilot/ros2/src/rplidar/src/rplidar_node.cpp:343:97:[m[K [01;35m[Kwarning: [m[KISO C++ forbids variable length array ‘[01m[Kangle_compensate_nodes[m[K’ [[01;35m[K-Wvla[m[K]
       rplidar_response_measurement_node_hq_t angle_compensate_nodes[angle_compensate_nodes_count[01;35m[K][m[K;
                                                                                                 [01;35m[K^[m[K
[01m[K/home/jetson/JetPilot/ros2/src/rplidar/src/rplidar_node.cpp:353:25:[m[K [01;35m[Kwarning: [m[Kcomparison between signed and unsigned integer expressions [[01;35m[K-Wsign-compare[m[K]
           for (j = 0; [01;35m[Kj < m_angle_compensate_multiple[m[K; j++) {
                       [01;35m[K~~^~~~~~~~~~~~~~~~~~~~~~~~~~~~~[m[K
[01m[K/home/jetson/JetPilot/ros2/src/rplidar/src/rplidar_node.cpp:374:44:[m[K [01;35m[Kwarning: [m[Kcomparison between signed and unsigned integer expressions [[01;35m[K-Wsign-compare[m[K]
       for (size_t x = start_node, y = 0; [01;35m[Kx < end_node[m[K; ++x, ++y) {
                                          [01;35m[K~~^~~~~~~~~~[m[K
[01m[K/home/jetson/JetPilot/ros2/src/rplidar/src/rplidar_node.cpp:381:11:[m[K [01;35m[Kwarning: [m[Kunused variable ‘[01m[Kangle_min[m[K’ [[01;35m[K-Wunused-variable[m[K]
     float [01;35m[Kangle_min[m[K = deg_2_rad(0.0f);
           [01;35m[K^~~~~~~~~[m[K
[01m[K/home/jetson/JetPilot/ros2/src/rplidar/src/rplidar_node.cpp:382:11:[m[K [01;35m[Kwarning: [m[Kunused variable ‘[01m[Kangle_max[m[K’ [[01;35m[K-Wunused-variable[m[K]
     float [01;35m[Kangle_max[m[K = deg_2_rad(359.0f);
           [01;35m[K^~~~~~~~~[m[K
[01m[K/home/jetson/JetPilot/ros2/src/rplidar/sdk/src/arch/linux/net_serial.cpp:[m[K In member function ‘[01m[Kbool rp::arch::net::raw_serial::open(const char*, uint32_t, uint32_t)[m[K’:
[01m[K/home/jetson/JetPilot/ros2/src/rplidar/sdk/src/arch/linux/net_serial.cpp:97:74:[m[K [01;35m[Kwarning: [m[Kunused parameter ‘[01m[Kflags[m[K’ [[01;35m[K-Wunused-parameter[m[K]
 bool raw_serial::open(const char * portname, uint32_t baudrate, uint32_t [01;35m[Kflags[m[K)
                                                                          [01;35m[K^~~~~[m[K
[01m[K/home/jetson/JetPilot/ros2/src/rplidar/sdk/src/arch/linux/net_serial.cpp:[m[K In member function ‘[01m[Kvirtual void rp::arch::net::raw_serial::flush(_u32)[m[K’:
[01m[K/home/jetson/JetPilot/ros2/src/rplidar/sdk/src/arch/linux/net_serial.cpp:281:30:[m[K [01;35m[Kwarning: [m[Kunused parameter ‘[01m[Kflags[m[K’ [[01;35m[K-Wunused-parameter[m[K]
 void raw_serial::flush( _u32 [01;35m[Kflags[m[K)
                              [01;35m[K^~~~~[m[K
[01m[K/home/jetson/JetPilot/ros2/src/rplidar/sdk/src/arch/linux/net_serial.cpp:[m[K In member function ‘[01m[Kvirtual int rp::arch::net::raw_serial::waitforsent(_u32, size_t*)[m[K’:
[01m[K/home/jetson/JetPilot/ros2/src/rplidar/sdk/src/arch/linux/net_serial.cpp:286:34:[m[K [01;35m[Kwarning: [m[Kunused parameter ‘[01m[Ktimeout[m[K’ [[01;35m[K-Wunused-parameter[m[K]
 int raw_serial::waitforsent(_u32 [01;35m[Ktimeout[m[K, size_t * returned_size)
                                  [01;35m[K^~~~~~~[m[K
[01m[K/home/jetson/JetPilot/ros2/src/rplidar/sdk/src/arch/linux/net_serial.cpp:[m[K In member function ‘[01m[Kvirtual int rp::arch::net::raw_serial::waitforrecv(_u32, size_t*)[m[K’:
[01m[K/home/jetson/JetPilot/ros2/src/rplidar/sdk/src/arch/linux/net_serial.cpp:292:34:[m[K [01;35m[Kwarning: [m[Kunused parameter ‘[01m[Ktimeout[m[K’ [[01;35m[K-Wunused-parameter[m[K]
 int raw_serial::waitforrecv(_u32 [01;35m[Ktimeout[m[K, size_t * returned_size)
                                  [01;35m[K^~~~~~~[m[K
In file included from [01m[K/home/jetson/JetPilot/ros2/src/rplidar/./sdk/include/rplidar.h:39:0[m[K,
                 from [01m[K/home/jetson/JetPilot/ros2/src/rplidar/./sdk/src/sdkcommon.h:48[m[K,
                 from [01m[K/home/jetson/JetPilot/ros2/src/rplidar/sdk/src/arch/linux/net_socket.cpp:10[m[K:
[01m[K/home/jetson/JetPilot/ros2/src/rplidar/./sdk/include/rplidar_protocol.h:59:15:[m[K [01;35m[Kwarning: [m[KISO C++ forbids zero-size array ‘[01m[Kdata[m[K’ [[01;35m[K-Wpedantic[m[K]
     _u8 data[0[01;35m[K][m[K;
               [01;35m[K^[m[K
In file included from [01m[K/home/jetson/JetPilot/ros2/src/rplidar/./sdk/include/rplidar.h:40:0[m[K,
                 from [01m[K/home/jetson/JetPilot/ros2/src/rplidar/./sdk/src/sdkcommon.h:48[m[K,
                 from [01m[K/home/jetson/JetPilot/ros2/src/rplidar/sdk/src/arch/linux/net_socket.cpp:10[m[K:
[01m[K/home/jetson/JetPilot/ros2/src/rplidar/./sdk/include/rplidar_cmd.h:260:19:[m[K [01;35m[Kwarning: [m[KISO C++ forbids zero-size array ‘[01m[Kpayload[m[K’ [[01;35m[K-Wpedantic[m[K]
     _u8  payload[0[01;35m[K][m[K;
                   [01;35m[K^[m[K
[01m[K/home/jetson/JetPilot/ros2/src/rplidar/sdk/src/arch/linux/net_socket.cpp:[m[K In member function ‘[01m[Kvirtual u_result rp::net::SocketAddress::getAddressAsString(char*, size_t) const[m[K’:
[01m[K/home/jetson/JetPilot/ros2/src/rplidar/sdk/src/arch/linux/net_socket.cpp:170:17:[m[K [01;35m[Kwarning: [m[Kordered comparison of pointer with integer zero [[01;35m[K-Wextra[m[K]
     return ans<=[01;35m[K0[m[K?RESULT_OPERATION_FAIL:RESULT_OK;
                 [01;35m[K^[m[K
[01m[K/home/jetson/JetPilot/ros2/src/rplidar/sdk/src/arch/linux/net_socket.cpp:[m[K In member function ‘[01m[Kvirtual u_result rp::arch::net::StreamSocketImpl::send(const void*, size_t)[m[K’:
[01m[K/home/jetson/JetPilot/ros2/src/rplidar/sdk/src/arch/linux/net_socket.cpp:438:17:[m[K [01;35m[Kwarning: [m[Kcomparison between signed and unsigned integer expressions [[01;35m[K-Wsign-compare[m[K]
         if ([01;35m[Kans == (int)len[m[K) {
             [01;35m[K~~~~^~~~~~~~~~~[m[K
In file included from [01m[K/home/jetson/JetPilot/ros2/src/rplidar/./sdk/src/arch/linux/arch_linux.h:42:0[m[K,
                 from [01m[K/home/jetson/JetPilot/ros2/src/rplidar/./sdk/src/sdkcommon.h:40[m[K,
                 from [01m[K/home/jetson/JetPilot/ros2/src/rplidar/sdk/src/arch/linux/net_socket.cpp:10[m[K:
[01m[K/home/jetson/JetPilot/ros2/src/rplidar/sdk/src/arch/linux/net_socket.cpp:[m[K In member function ‘[01m[Kvirtual u_result rp::arch::net::DGramSocketImpl::sendTo(const rp::net::SocketAddress&, const void*, size_t)[m[K’:
[01m[K/home/jetson/JetPilot/ros2/src/rplidar/sdk/src/arch/linux/net_socket.cpp:726:24:[m[K [01;35m[Kwarning: [m[Kcomparison between signed and unsigned integer expressions [[01;35m[K-Wsign-compare[m[K]
             assert([01;35m[Kans == (int)l[m[Ken);
                    [01;35m[K~~~~^~~~~~~~~[m[K
In file included from [01m[K/home/jetson/JetPilot/ros2/src/rplidar/./sdk/include/rplidar.h:39:0[m[K,
                 from [01m[K/home/jetson/JetPilot/ros2/src/rplidar/./sdk/src/sdkcommon.h:48[m[K,
                 from [01m[K/home/jetson/JetPilot/ros2/src/rplidar/sdk/src/hal/thread.cpp:35[m[K:
[01m[K/home/jetson/JetPilot/ros2/src/rplidar/./sdk/include/rplidar_protocol.h:59:15:[m[K [01;35m[Kwarning: [m[KISO C++ forbids zero-size array ‘[01m[Kdata[m[K’ [[01;35m[K-Wpedantic[m[K]
     _u8 data[0[01;35m[K][m[K;
               [01;35m[K^[m[K
In file included from [01m[K/home/jetson/JetPilot/ros2/src/rplidar/./sdk/include/rplidar.h:40:0[m[K,
                 from [01m[K/home/jetson/JetPilot/ros2/src/rplidar/./sdk/src/sdkcommon.h:48[m[K,
                 from [01m[K/home/jetson/JetPilot/ros2/src/rplidar/sdk/src/hal/thread.cpp:35[m[K:
[01m[K/home/jetson/JetPilot/ros2/src/rplidar/./sdk/include/rplidar_cmd.h:260:19:[m[K [01;35m[Kwarning: [m[KISO C++ forbids zero-size array ‘[01m[Kpayload[m[K’ [[01;35m[K-Wpedantic[m[K]
     _u8  payload[0[01;35m[K][m[K;
                   [01;35m[K^[m[K
In file included from [01m[K/home/jetson/JetPilot/ros2/src/rplidar/sdk/src/hal/thread.cpp:43:0[m[K:
[01m[K/home/jetson/JetPilot/ros2/src/rplidar/./sdk/src/arch/linux/thread.hpp:[m[K In member function ‘[01m[Ku_result rp::hal::Thread::join(long unsigned int)[m[K’:
[01m[K/home/jetson/JetPilot/ros2/src/rplidar/./sdk/src/arch/linux/thread.hpp:129:37:[m[K [01;35m[Kwarning: [m[Kunused parameter ‘[01m[Ktimeout[m[K’ [[01;35m[K-Wunused-parameter[m[K]
 u_result Thread::join(unsigned long [01;35m[Ktimeout[m[K)
                                     [01;35m[K^~~~~~~[m[K
In file included from [01m[K/home/jetson/JetPilot/ros2/src/rplidar/./sdk/include/rplidar.h:39:0[m[K,
                 from [01m[K/home/jetson/JetPilot/ros2/src/rplidar/sdk/src/sdkcommon.h:48[m[K,
                 from [01m[K/home/jetson/JetPilot/ros2/src/rplidar/sdk/src/rplidar_driver.cpp:35[m[K:
[01m[K/home/jetson/JetPilot/ros2/src/rplidar/./sdk/include/rplidar_protocol.h:59:15:[m[K [01;35m[Kwarning: [m[KISO C++ forbids zero-size array ‘[01m[Kdata[m[K’ [[01;35m[K-Wpedantic[m[K]
     _u8 data[0[01;35m[K][m[K;
               [01;35m[K^[m[K
In file included from [01m[K/home/jetson/JetPilot/ros2/src/rplidar/./sdk/include/rplidar.h:40:0[m[K,
                 from [01m[K/home/jetson/JetPilot/ros2/src/rplidar/sdk/src/sdkcommon.h:48[m[K,
                 from [01m[K/home/jetson/JetPilot/ros2/src/rplidar/sdk/src/rplidar_driver.cpp:35[m[K:
[01m[K/home/jetson/JetPilot/ros2/src/rplidar/./sdk/include/rplidar_cmd.h:260:19:[m[K [01;35m[Kwarning: [m[KISO C++ forbids zero-size array ‘[01m[Kpayload[m[K’ [[01;35m[K-Wpedantic[m[K]
     _u8  payload[0[01;35m[K][m[K;
                   [01;35m[K^[m[K
[01m[K/home/jetson/JetPilot/ros2/src/rplidar/sdk/src/rplidar_driver.cpp:[m[K In member function ‘[01m[Kvirtual u_result rp::standalone::rplidar::RPlidarDriverImplCommon::reset(_u32)[m[K’:
[01m[K/home/jetson/JetPilot/ros2/src/rplidar/sdk/src/rplidar_driver.cpp:121:46:[m[K [01;35m[Kwarning: [m[Kunused parameter ‘[01m[Ktimeout[m[K’ [[01;35m[K-Wunused-parameter[m[K]
 u_result RPlidarDriverImplCommon::reset(_u32 [01;35m[Ktimeout[m[K)
                                              [01;35m[K^~~~~~~[m[K
[01m[K/home/jetson/JetPilot/ros2/src/rplidar/sdk/src/rplidar_driver.cpp:[m[K In member function ‘[01m[Kvirtual u_result rp::standalone::rplidar::RPlidarDriverImplCommon::checkIfTofLidar(bool&, _u32)[m[K’:
[01m[K/home/jetson/JetPilot/ros2/src/rplidar/sdk/src/rplidar_driver.cpp:274:75:[m[K [01;35m[Kwarning: [m[Kunused parameter ‘[01m[Ktimeout[m[K’ [[01;35m[K-Wunused-parameter[m[K]
 u_result RPlidarDriverImplCommon::checkIfTofLidar(bool & isTofLidar, _u32 [01;35m[Ktimeout[m[K)
                                                                           [01;35m[K^~~~~~~[m[K
[01m[K/home/jetson/JetPilot/ros2/src/rplidar/sdk/src/rplidar_driver.cpp:[m[K In function ‘[01m[K_u32 rp::standalone::rplidar::_crc32cal(_u32, void*, _u16)[m[K’:
[01m[K/home/jetson/JetPilot/ros2/src/rplidar/sdk/src/rplidar_driver.cpp:996:23:[m[K [01;35m[Kwarning: [m[Ksuggest parentheses around ‘[01m[K-[m[K’ in operand of ‘[01m[K&[m[K’ [[01;35m[K-Wparentheses[m[K]
     _u8 leftBytes = [01;35m[K4 - len[m[K & 0x3;
                     [01;35m[K~~^~~~~[m[K
[01m[K/home/jetson/JetPilot/ros2/src/rplidar/sdk/src/rplidar_driver.cpp:[m[K In member function ‘[01m[Kvirtual void rp::standalone::rplidar::RPlidarDriverImplCommon::_ultraCapsuleToNormal(const rplidar_response_ultra_capsule_measurement_nodes_t&, rplidar_response_measurement_node_hq_t*, size_t&)[m[K’:
[01m[K/home/jetson/JetPilot/ros2/src/rplidar/sdk/src/rplidar_driver.cpp:1207:32:[m[K [01;35m[Kwarning: [m[Kcomparison between signed and unsigned integer expressions [[01;35m[K-Wsign-compare[m[K]
             if (([01;35m[Kdist_predict1 == 0xFFFFFE00[m[K) || (dist_predict1 == 0x1FF)) {
                  [01;35m[K~~~~~~~~~~~~~~^~~~~~~~~~~~~[m[K
[01m[K/home/jetson/JetPilot/ros2/src/rplidar/sdk/src/rplidar_driver.cpp:1215:32:[m[K [01;35m[Kwarning: [m[Kcomparison between signed and unsigned integer expressions [[01;35m[K-Wsign-compare[m[K]
             if (([01;35m[Kdist_predict2 == 0xFFFFFE00[m[K) || (dist_predict2 == 0x1FF)) {
                  [01;35m[K~~~~~~~~~~~~~~^~~~~~~~~~~~~[m[K
[01m[K/home/jetson/JetPilot/ros2/src/rplidar/sdk/src/rplidar_driver.cpp:[m[K In member function ‘[01m[Kvirtual u_result rp::standalone::rplidar::RPlidarDriverImplCommon::getAllSupportedScanModes(std::vector<rp::standalone::rplidar::RplidarScanMode>&, _u32)[m[K’:
[01m[K/home/jetson/JetPilot/ros2/src/rplidar/sdk/src/rplidar_driver.cpp:1453:105:[m[K [01;35m[Kwarning: [m[Kunused parameter ‘[01m[KtimeoutInMs[m[K’ [[01;35m[K-Wunused-parameter[m[K]
 u_result RPlidarDriverImplCommon::getAllSupportedScanModes(std::vector<RplidarScanMode>& outModes, _u32 [01;35m[KtimeoutInMs[m[K)
                                                                                                         [01;35m[K^~~~~~~~~~~[m[K
[01m[K/home/jetson/JetPilot/ros2/src/rplidar/sdk/src/rplidar_driver.cpp:[m[K In member function ‘[01m[Kvirtual u_result rp::standalone::rplidar::RPlidarDriverImplCommon::startScan(bool, bool, _u32, rp::standalone::rplidar::RplidarScanMode*)[m[K’:
[01m[K/home/jetson/JetPilot/ros2/src/rplidar/sdk/src/rplidar_driver.cpp:1550:83:[m[K [01;35m[Kwarning: [m[Kunused parameter ‘[01m[Koptions[m[K’ [[01;35m[K-Wunused-parameter[m[K]
 u_result RPlidarDriverImplCommon::startScan(bool force, bool useTypicalScan, _u32 [01;35m[Koptions[m[K, RplidarScanMode* outUsedScanMode)
                                                                                   [01;35m[K^~~~~~~[m[K
[01m[K/home/jetson/JetPilot/ros2/src/rplidar/sdk/src/rplidar_driver.cpp:[m[K In member function ‘[01m[Kvirtual u_result rp::standalone::rplidar::RPlidarDriverImplCommon::stop(_u32)[m[K’:
[01m[K/home/jetson/JetPilot/ros2/src/rplidar/sdk/src/rplidar_driver.cpp:1774:45:[m[K [01;35m[Kwarning: [m[Kunused parameter ‘[01m[Ktimeout[m[K’ [[01;35m[K-Wunused-parameter[m[K]
 u_result RPlidarDriverImplCommon::stop(_u32 [01;35m[Ktimeout[m[K)
                                             [01;35m[K^~~~~~~[m[K
[01m[K/home/jetson/JetPilot/ros2/src/rplidar/sdk/src/rplidar_driver.cpp:[m[K In member function ‘[01m[Kvirtual u_result rp::standalone::rplidar::RPlidarDriverImplCommon::setLidarSpinSpeed(_u16, _u32)[m[K’:
[01m[K/home/jetson/JetPilot/ros2/src/rplidar/sdk/src/rplidar_driver.cpp:2162:68:[m[K [01;35m[Kwarning: [m[Kunused parameter ‘[01m[Ktimeout[m[K’ [[01;35m[K-Wunused-parameter[m[K]
 u_result RPlidarDriverImplCommon::setLidarSpinSpeed(_u16 rpm, _u32 [01;35m[Ktimeout[m[K)
                                                                    [01;35m[K^~~~~~~[m[K
[01m[K/home/jetson/JetPilot/ros2/src/rplidar/sdk/src/rplidar_driver.cpp:[m[K In member function ‘[01m[Kvirtual u_result rp::standalone::rplidar::RPlidarDriverSerial::connect(const char*, _u32, _u32)[m[K’:
[01m[K/home/jetson/JetPilot/ros2/src/rplidar/sdk/src/rplidar_driver.cpp:2240:83:[m[K [01;35m[Kwarning: [m[Kunused parameter ‘[01m[Kflag[m[K’ [[01;35m[K-Wunused-parameter[m[K]
 u_result RPlidarDriverSerial::connect(const char * port_path, _u32 baudrate, _u32 [01;35m[Kflag[m[K)
                                                                                   [01;35m[K^~~~[m[K
[01m[K/home/jetson/JetPilot/ros2/src/rplidar/sdk/src/rplidar_driver.cpp:[m[K In member function ‘[01m[Kvirtual u_result rp::standalone::rplidar::RPlidarDriverTCP::connect(const char*, _u32, _u32)[m[K’:
[01m[K/home/jetson/JetPilot/ros2/src/rplidar/sdk/src/rplidar_driver.cpp:2282:72:[m[K [01;35m[Kwarning: [m[Kunused parameter ‘[01m[Kflag[m[K’ [[01;35m[K-Wunused-parameter[m[K]
 u_result RPlidarDriverTCP::connect(const char * ipStr, _u32 port, _u32 [01;35m[Kflag[m[K)
                                                                        [01;35m[K^~~~[m[K
[01m[K/home/jetson/JetPilot/ros2/src/rplidar/src/node.cpp:231:14:[m[K [01;35m[Kwarning: [m[Kinvalid suffix on literal; C++11 requires a space between literal and string macro [[01;35m[K-Wliteral-suffix[m[K]
     ROS_INFO([01;35m[K"[m[KRPLIDAR running on ROS package rplidar_ros. SDK Version:"RPLIDAR_SDK_VERSION"");
              [01;35m[K^[m[K
In file included from [01m[K/home/jetson/JetPilot/ros2/src/rplidar/./sdk/include/rplidar.h:39:0[m[K,
                 from [01m[K/home/jetson/JetPilot/ros2/src/rplidar/src/node.cpp:45[m[K:
[01m[K/home/jetson/JetPilot/ros2/src/rplidar/./sdk/include/rplidar_protocol.h:59:15:[m[K [01;35m[Kwarning: [m[KISO C++ forbids zero-size array ‘[01m[Kdata[m[K’ [[01;35m[K-Wpedantic[m[K]
     _u8 data[0[01;35m[K][m[K;
               [01;35m[K^[m[K
In file included from [01m[K/home/jetson/JetPilot/ros2/src/rplidar/./sdk/include/rplidar.h:40:0[m[K,
                 from [01m[K/home/jetson/JetPilot/ros2/src/rplidar/src/node.cpp:45[m[K:
[01m[K/home/jetson/JetPilot/ros2/src/rplidar/./sdk/include/rplidar_cmd.h:260:19:[m[K [01;35m[Kwarning: [m[KISO C++ forbids zero-size array ‘[01m[Kpayload[m[K’ [[01;35m[K-Wpedantic[m[K]
     _u8  payload[0[01;35m[K][m[K;
                   [01;35m[K^[m[K
[01m[K/home/jetson/JetPilot/ros2/src/rplidar/src/node.cpp:[m[K In function ‘[01m[Kbool stop_motor(std::shared_ptr<std_srvs::srv::Empty_Request_<std::allocator<void> > >, std::shared_ptr<std_srvs::srv::Empty_Response_<std::allocator<void> > >)[m[K’:
[01m[K/home/jetson/JetPilot/ros2/src/rplidar/src/node.cpp:166:70:[m[K [01;35m[Kwarning: [m[Kunused parameter ‘[01m[Kreq[m[K’ [[01;35m[K-Wunused-parameter[m[K]
 bool stop_motor(const std::shared_ptr<std_srvs::srv::Empty::Request> [01;35m[Kreq[m[K,
                                                                      [01;35m[K^~~[m[K
[01m[K/home/jetson/JetPilot/ros2/src/rplidar/src/node.cpp:167:65:[m[K [01;35m[Kwarning: [m[Kunused parameter ‘[01m[Kres[m[K’ [[01;35m[K-Wunused-parameter[m[K]
                 std::shared_ptr<std_srvs::srv::Empty::Response> [01;35m[Kres[m[K)
                                                                 [01;35m[K^~~[m[K
[01m[K/home/jetson/JetPilot/ros2/src/rplidar/src/node.cpp:[m[K In function ‘[01m[Kbool start_motor(std::shared_ptr<std_srvs::srv::Empty_Request_<std::allocator<void> > >, std::shared_ptr<std_srvs::srv::Empty_Response_<std::allocator<void> > >)[m[K’:
[01m[K/home/jetson/JetPilot/ros2/src/rplidar/src/node.cpp:178:71:[m[K [01;35m[Kwarning: [m[Kunused parameter ‘[01m[Kreq[m[K’ [[01;35m[K-Wunused-parameter[m[K]
 bool start_motor(const std::shared_ptr<std_srvs::srv::Empty::Request> [01;35m[Kreq[m[K,
                                                                       [01;35m[K^~~[m[K
[01m[K/home/jetson/JetPilot/ros2/src/rplidar/src/node.cpp:179:66:[m[K [01;35m[Kwarning: [m[Kunused parameter ‘[01m[Kres[m[K’ [[01;35m[K-Wunused-parameter[m[K]
                  std::shared_ptr<std_srvs::srv::Empty::Response> [01;35m[Kres[m[K)
                                                                  [01;35m[K^~~[m[K
[01m[K/home/jetson/JetPilot/ros2/src/rplidar/src/node.cpp:[m[K In function ‘[01m[Kint main(int, char**)[m[K’:
[01m[K/home/jetson/JetPilot/ros2/src/rplidar/src/node.cpp:356:111:[m[K [01;35m[Kwarning: [m[KISO C++ forbids variable length array ‘[01m[Kangle_compensate_nodes[m[K’ [[01;35m[K-Wvla[m[K]
                     rplidar_response_measurement_node_hq_t angle_compensate_nodes[angle_compensate_nodes_count[01;35m[K][m[K;
                                                                                                               [01;35m[K^[m[K
[01m[K/home/jetson/JetPilot/ros2/src/rplidar/src/node.cpp:360:30:[m[K [01;35m[Kwarning: [m[Kcomparison between signed and unsigned integer expressions [[01;35m[K-Wsign-compare[m[K]
                     for( ; [01;35m[Ki < count[m[K; i++ ) {
                            [01;35m[K~~^~~~~~~[m[K
[01m[K/home/jetson/JetPilot/ros2/src/rplidar/sdk/src/arch/linux/net_serial.cpp:[m[K In member function ‘[01m[Kbool rp::arch::net::raw_serial::open(const char*, uint32_t, uint32_t)[m[K’:
[01m[K/home/jetson/JetPilot/ros2/src/rplidar/sdk/src/arch/linux/net_serial.cpp:97:74:[m[K [01;35m[Kwarning: [m[Kunused parameter ‘[01m[Kflags[m[K’ [[01;35m[K-Wunused-parameter[m[K]
 bool raw_serial::open(const char * portname, uint32_t baudrate, uint32_t [01;35m[Kflags[m[K)
                                                                          [01;35m[K^~~~~[m[K
[01m[K/home/jetson/JetPilot/ros2/src/rplidar/sdk/src/arch/linux/net_serial.cpp:[m[K In member function ‘[01m[Kvirtual void rp::arch::net::raw_serial::flush(_u32)[m[K’:
[01m[K/home/jetson/JetPilot/ros2/src/rplidar/sdk/src/arch/linux/net_serial.cpp:281:30:[m[K [01;35m[Kwarning: [m[Kunused parameter ‘[01m[Kflags[m[K’ [[01;35m[K-Wunused-parameter[m[K]
 void raw_serial::flush( _u32 [01;35m[Kflags[m[K)
                              [01;35m[K^~~~~[m[K
[01m[K/home/jetson/JetPilot/ros2/src/rplidar/sdk/src/arch/linux/net_serial.cpp:[m[K In member function ‘[01m[Kvirtual int rp::arch::net::raw_serial::waitforsent(_u32, size_t*)[m[K’:
[01m[K/home/jetson/JetPilot/ros2/src/rplidar/sdk/src/arch/linux/net_serial.cpp:286:34:[m[K [01;35m[Kwarning: [m[Kunused parameter ‘[01m[Ktimeout[m[K’ [[01;35m[K-Wunused-parameter[m[K]
 int raw_serial::waitforsent(_u32 [01;35m[Ktimeout[m[K, size_t * returned_size)
                                  [01;35m[K^~~~~~~[m[K
[01m[K/home/jetson/JetPilot/ros2/src/rplidar/sdk/src/arch/linux/net_serial.cpp:[m[K In member function ‘[01m[Kvirtual int rp::arch::net::raw_serial::waitforrecv(_u32, size_t*)[m[K’:
[01m[K/home/jetson/JetPilot/ros2/src/rplidar/sdk/src/arch/linux/net_serial.cpp:292:34:[m[K [01;35m[Kwarning: [m[Kunused parameter ‘[01m[Ktimeout[m[K’ [[01;35m[K-Wunused-parameter[m[K]
 int raw_serial::waitforrecv(_u32 [01;35m[Ktimeout[m[K, size_t * returned_size)
                                  [01;35m[K^~~~~~~[m[K
In file included from [01m[K/home/jetson/JetPilot/ros2/src/rplidar/./sdk/include/rplidar.h:39:0[m[K,
                 from [01m[K/home/jetson/JetPilot/ros2/src/rplidar/./sdk/src/sdkcommon.h:48[m[K,
                 from [01m[K/home/jetson/JetPilot/ros2/src/rplidar/sdk/src/arch/linux/net_socket.cpp:10[m[K:
[01m[K/home/jetson/JetPilot/ros2/src/rplidar/./sdk/include/rplidar_protocol.h:59:15:[m[K [01;35m[Kwarning: [m[KISO C++ forbids zero-size array ‘[01m[Kdata[m[K’ [[01;35m[K-Wpedantic[m[K]
     _u8 data[0[01;35m[K][m[K;
               [01;35m[K^[m[K
In file included from [01m[K/home/jetson/JetPilot/ros2/src/rplidar/./sdk/include/rplidar.h:40:0[m[K,
                 from [01m[K/home/jetson/JetPilot/ros2/src/rplidar/./sdk/src/sdkcommon.h:48[m[K,
                 from [01m[K/home/jetson/JetPilot/ros2/src/rplidar/sdk/src/arch/linux/net_socket.cpp:10[m[K:
[01m[K/home/jetson/JetPilot/ros2/src/rplidar/./sdk/include/rplidar_cmd.h:260:19:[m[K [01;35m[Kwarning: [m[KISO C++ forbids zero-size array ‘[01m[Kpayload[m[K’ [[01;35m[K-Wpedantic[m[K]
     _u8  payload[0[01;35m[K][m[K;
                   [01;35m[K^[m[K
[01m[K/home/jetson/JetPilot/ros2/src/rplidar/sdk/src/arch/linux/net_socket.cpp:[m[K In member function ‘[01m[Kvirtual u_result rp::net::SocketAddress::getAddressAsString(char*, size_t) const[m[K’:
[01m[K/home/jetson/JetPilot/ros2/src/rplidar/sdk/src/arch/linux/net_socket.cpp:170:17:[m[K [01;35m[Kwarning: [m[Kordered comparison of pointer with integer zero [[01;35m[K-Wextra[m[K]
     return ans<=[01;35m[K0[m[K?RESULT_OPERATION_FAIL:RESULT_OK;
                 [01;35m[K^[m[K
[01m[K/home/jetson/JetPilot/ros2/src/rplidar/sdk/src/arch/linux/net_socket.cpp:[m[K In member function ‘[01m[Kvirtual u_result rp::arch::net::StreamSocketImpl::send(const void*, size_t)[m[K’:
[01m[K/home/jetson/JetPilot/ros2/src/rplidar/sdk/src/arch/linux/net_socket.cpp:438:17:[m[K [01;35m[Kwarning: [m[Kcomparison between signed and unsigned integer expressions [[01;35m[K-Wsign-compare[m[K]
         if ([01;35m[Kans == (int)len[m[K) {
             [01;35m[K~~~~^~~~~~~~~~~[m[K
In file included from [01m[K/home/jetson/JetPilot/ros2/src/rplidar/./sdk/src/arch/linux/arch_linux.h:42:0[m[K,
                 from [01m[K/home/jetson/JetPilot/ros2/src/rplidar/./sdk/src/sdkcommon.h:40[m[K,
                 from [01m[K/home/jetson/JetPilot/ros2/src/rplidar/sdk/src/arch/linux/net_socket.cpp:10[m[K:
[01m[K/home/jetson/JetPilot/ros2/src/rplidar/sdk/src/arch/linux/net_socket.cpp:[m[K In member function ‘[01m[Kvirtual u_result rp::arch::net::DGramSocketImpl::sendTo(const rp::net::SocketAddress&, const void*, size_t)[m[K’:
[01m[K/home/jetson/JetPilot/ros2/src/rplidar/sdk/src/arch/linux/net_socket.cpp:726:24:[m[K [01;35m[Kwarning: [m[Kcomparison between signed and unsigned integer expressions [[01;35m[K-Wsign-compare[m[K]
             assert([01;35m[Kans == (int)l[m[Ken);
                    [01;35m[K~~~~^~~~~~~~~[m[K
In file included from [01m[K/home/jetson/JetPilot/ros2/src/rplidar/./sdk/include/rplidar.h:39:0[m[K,
                 from [01m[K/home/jetson/JetPilot/ros2/src/rplidar/./sdk/src/sdkcommon.h:48[m[K,
                 from [01m[K/home/jetson/JetPilot/ros2/src/rplidar/sdk/src/hal/thread.cpp:35[m[K:
[01m[K/home/jetson/JetPilot/ros2/src/rplidar/./sdk/include/rplidar_protocol.h:59:15:[m[K [01;35m[Kwarning: [m[KISO C++ forbids zero-size array ‘[01m[Kdata[m[K’ [[01;35m[K-Wpedantic[m[K]
     _u8 data[0[01;35m[K][m[K;
               [01;35m[K^[m[K
In file included from [01m[K/home/jetson/JetPilot/ros2/src/rplidar/./sdk/include/rplidar.h:40:0[m[K,
                 from [01m[K/home/jetson/JetPilot/ros2/src/rplidar/./sdk/src/sdkcommon.h:48[m[K,
                 from [01m[K/home/jetson/JetPilot/ros2/src/rplidar/sdk/src/hal/thread.cpp:35[m[K:
[01m[K/home/jetson/JetPilot/ros2/src/rplidar/./sdk/include/rplidar_cmd.h:260:19:[m[K [01;35m[Kwarning: [m[KISO C++ forbids zero-size array ‘[01m[Kpayload[m[K’ [[01;35m[K-Wpedantic[m[K]
     _u8  payload[0[01;35m[K][m[K;
                   [01;35m[K^[m[K
In file included from [01m[K/home/jetson/JetPilot/ros2/src/rplidar/sdk/src/hal/thread.cpp:43:0[m[K:
[01m[K/home/jetson/JetPilot/ros2/src/rplidar/./sdk/src/arch/linux/thread.hpp:[m[K In member function ‘[01m[Ku_result rp::hal::Thread::join(long unsigned int)[m[K’:
[01m[K/home/jetson/JetPilot/ros2/src/rplidar/./sdk/src/arch/linux/thread.hpp:129:37:[m[K [01;35m[Kwarning: [m[Kunused parameter ‘[01m[Ktimeout[m[K’ [[01;35m[K-Wunused-parameter[m[K]
 u_result Thread::join(unsigned long [01;35m[Ktimeout[m[K)
                                     [01;35m[K^~~~~~~[m[K
In file included from [01m[K/home/jetson/JetPilot/ros2/src/rplidar/./sdk/include/rplidar.h:39:0[m[K,
                 from [01m[K/home/jetson/JetPilot/ros2/src/rplidar/sdk/src/sdkcommon.h:48[m[K,
                 from [01m[K/home/jetson/JetPilot/ros2/src/rplidar/sdk/src/rplidar_driver.cpp:35[m[K:
[01m[K/home/jetson/JetPilot/ros2/src/rplidar/./sdk/include/rplidar_protocol.h:59:15:[m[K [01;35m[Kwarning: [m[KISO C++ forbids zero-size array ‘[01m[Kdata[m[K’ [[01;35m[K-Wpedantic[m[K]
     _u8 data[0[01;35m[K][m[K;
               [01;35m[K^[m[K
In file included from [01m[K/home/jetson/JetPilot/ros2/src/rplidar/./sdk/include/rplidar.h:40:0[m[K,
                 from [01m[K/home/jetson/JetPilot/ros2/src/rplidar/sdk/src/sdkcommon.h:48[m[K,
                 from [01m[K/home/jetson/JetPilot/ros2/src/rplidar/sdk/src/rplidar_driver.cpp:35[m[K:
[01m[K/home/jetson/JetPilot/ros2/src/rplidar/./sdk/include/rplidar_cmd.h:260:19:[m[K [01;35m[Kwarning: [m[KISO C++ forbids zero-size array ‘[01m[Kpayload[m[K’ [[01;35m[K-Wpedantic[m[K]
     _u8  payload[0[01;35m[K][m[K;
                   [01;35m[K^[m[K
[01m[K/home/jetson/JetPilot/ros2/src/rplidar/sdk/src/rplidar_driver.cpp:[m[K In member function ‘[01m[Kvirtual u_result rp::standalone::rplidar::RPlidarDriverImplCommon::reset(_u32)[m[K’:
[01m[K/home/jetson/JetPilot/ros2/src/rplidar/sdk/src/rplidar_driver.cpp:121:46:[m[K [01;35m[Kwarning: [m[Kunused parameter ‘[01m[Ktimeout[m[K’ [[01;35m[K-Wunused-parameter[m[K]
 u_result RPlidarDriverImplCommon::reset(_u32 [01;35m[Ktimeout[m[K)
                                              [01;35m[K^~~~~~~[m[K
[01m[K/home/jetson/JetPilot/ros2/src/rplidar/sdk/src/rplidar_driver.cpp:[m[K In member function ‘[01m[Kvirtual u_result rp::standalone::rplidar::RPlidarDriverImplCommon::checkIfTofLidar(bool&, _u32)[m[K’:
[01m[K/home/jetson/JetPilot/ros2/src/rplidar/sdk/src/rplidar_driver.cpp:274:75:[m[K [01;35m[Kwarning: [m[Kunused parameter ‘[01m[Ktimeout[m[K’ [[01;35m[K-Wunused-parameter[m[K]
 u_result RPlidarDriverImplCommon::checkIfTofLidar(bool & isTofLidar, _u32 [01;35m[Ktimeout[m[K)
                                                                           [01;35m[K^~~~~~~[m[K
[01m[K/home/jetson/JetPilot/ros2/src/rplidar/sdk/src/rplidar_driver.cpp:[m[K In function ‘[01m[K_u32 rp::standalone::rplidar::_crc32cal(_u32, void*, _u16)[m[K’:
[01m[K/home/jetson/JetPilot/ros2/src/rplidar/sdk/src/rplidar_driver.cpp:996:23:[m[K [01;35m[Kwarning: [m[Ksuggest parentheses around ‘[01m[K-[m[K’ in operand of ‘[01m[K&[m[K’ [[01;35m[K-Wparentheses[m[K]
     _u8 leftBytes = [01;35m[K4 - len[m[K & 0x3;
                     [01;35m[K~~^~~~~[m[K
[01m[K/home/jetson/JetPilot/ros2/src/rplidar/sdk/src/rplidar_driver.cpp:[m[K In member function ‘[01m[Kvirtual void rp::standalone::rplidar::RPlidarDriverImplCommon::_ultraCapsuleToNormal(const rplidar_response_ultra_capsule_measurement_nodes_t&, rplidar_response_measurement_node_hq_t*, size_t&)[m[K’:
[01m[K/home/jetson/JetPilot/ros2/src/rplidar/sdk/src/rplidar_driver.cpp:1207:32:[m[K [01;35m[Kwarning: [m[Kcomparison between signed and unsigned integer expressions [[01;35m[K-Wsign-compare[m[K]
             if (([01;35m[Kdist_predict1 == 0xFFFFFE00[m[K) || (dist_predict1 == 0x1FF)) {
                  [01;35m[K~~~~~~~~~~~~~~^~~~~~~~~~~~~[m[K
[01m[K/home/jetson/JetPilot/ros2/src/rplidar/sdk/src/rplidar_driver.cpp:1215:32:[m[K [01;35m[Kwarning: [m[Kcomparison between signed and unsigned integer expressions [[01;35m[K-Wsign-compare[m[K]
             if (([01;35m[Kdist_predict2 == 0xFFFFFE00[m[K) || (dist_predict2 == 0x1FF)) {
                  [01;35m[K~~~~~~~~~~~~~~^~~~~~~~~~~~~[m[K
[01m[K/home/jetson/JetPilot/ros2/src/rplidar/sdk/src/rplidar_driver.cpp:[m[K In member function ‘[01m[Kvirtual u_result rp::standalone::rplidar::RPlidarDriverImplCommon::getAllSupportedScanModes(std::vector<rp::standalone::rplidar::RplidarScanMode>&, _u32)[m[K’:
[01m[K/home/jetson/JetPilot/ros2/src/rplidar/sdk/src/rplidar_driver.cpp:1453:105:[m[K [01;35m[Kwarning: [m[Kunused parameter ‘[01m[KtimeoutInMs[m[K’ [[01;35m[K-Wunused-parameter[m[K]
 u_result RPlidarDriverImplCommon::getAllSupportedScanModes(std::vector<RplidarScanMode>& outModes, _u32 [01;35m[KtimeoutInMs[m[K)
                                                                                                         [01;35m[K^~~~~~~~~~~[m[K
[01m[K/home/jetson/JetPilot/ros2/src/rplidar/sdk/src/rplidar_driver.cpp:[m[K In member function ‘[01m[Kvirtual u_result rp::standalone::rplidar::RPlidarDriverImplCommon::startScan(bool, bool, _u32, rp::standalone::rplidar::RplidarScanMode*)[m[K’:
[01m[K/home/jetson/JetPilot/ros2/src/rplidar/sdk/src/rplidar_driver.cpp:1550:83:[m[K [01;35m[Kwarning: [m[Kunused parameter ‘[01m[Koptions[m[K’ [[01;35m[K-Wunused-parameter[m[K]
 u_result RPlidarDriverImplCommon::startScan(bool force, bool useTypicalScan, _u32 [01;35m[Koptions[m[K, RplidarScanMode* outUsedScanMode)
                                                                                   [01;35m[K^~~~~~~[m[K
[01m[K/home/jetson/JetPilot/ros2/src/rplidar/sdk/src/rplidar_driver.cpp:[m[K In member function ‘[01m[Kvirtual u_result rp::standalone::rplidar::RPlidarDriverImplCommon::stop(_u32)[m[K’:
[01m[K/home/jetson/JetPilot/ros2/src/rplidar/sdk/src/rplidar_driver.cpp:1774:45:[m[K [01;35m[Kwarning: [m[Kunused parameter ‘[01m[Ktimeout[m[K’ [[01;35m[K-Wunused-parameter[m[K]
 u_result RPlidarDriverImplCommon::stop(_u32 [01;35m[Ktimeout[m[K)
                                             [01;35m[K^~~~~~~[m[K
[01m[K/home/jetson/JetPilot/ros2/src/rplidar/sdk/src/rplidar_driver.cpp:[m[K In member function ‘[01m[Kvirtual u_result rp::standalone::rplidar::RPlidarDriverImplCommon::setLidarSpinSpeed(_u16, _u32)[m[K’:
[01m[K/home/jetson/JetPilot/ros2/src/rplidar/sdk/src/rplidar_driver.cpp:2162:68:[m[K [01;35m[Kwarning: [m[Kunused parameter ‘[01m[Ktimeout[m[K’ [[01;35m[K-Wunused-parameter[m[K]
 u_result RPlidarDriverImplCommon::setLidarSpinSpeed(_u16 rpm, _u32 [01;35m[Ktimeout[m[K)
                                                                    [01;35m[K^~~~~~~[m[K
[01m[K/home/jetson/JetPilot/ros2/src/rplidar/sdk/src/rplidar_driver.cpp:[m[K In member function ‘[01m[Kvirtual u_result rp::standalone::rplidar::RPlidarDriverSerial::connect(const char*, _u32, _u32)[m[K’:
[01m[K/home/jetson/JetPilot/ros2/src/rplidar/sdk/src/rplidar_driver.cpp:2240:83:[m[K [01;35m[Kwarning: [m[Kunused parameter ‘[01m[Kflag[m[K’ [[01;35m[K-Wunused-parameter[m[K]
 u_result RPlidarDriverSerial::connect(const char * port_path, _u32 baudrate, _u32 [01;35m[Kflag[m[K)
                                                                                   [01;35m[K^~~~[m[K
[01m[K/home/jetson/JetPilot/ros2/src/rplidar/sdk/src/rplidar_driver.cpp:[m[K In member function ‘[01m[Kvirtual u_result rp::standalone::rplidar::RPlidarDriverTCP::connect(const char*, _u32, _u32)[m[K’:
[01m[K/home/jetson/JetPilot/ros2/src/rplidar/sdk/src/rplidar_driver.cpp:2282:72:[m[K [01;35m[Kwarning: [m[Kunused parameter ‘[01m[Kflag[m[K’ [[01;35m[K-Wunused-parameter[m[K]
 u_result RPlidarDriverTCP::connect(const char * ipStr, _u32 port, _u32 [01;35m[Kflag[m[K)
                                                                        [01;35m[K^~~~[m[K
In file included from [01m[K/home/jetson/JetPilot/ros2/src/rplidar/./sdk/include/rplidar.h:39:0[m[K,
                 from [01m[K/home/jetson/JetPilot/ros2/src/rplidar/include/rplidar_node.hpp:41[m[K,
                 from [01m[K/home/jetson/JetPilot/ros2/src/rplidar/src/standalone_rplidar.cpp:16[m[K:
[01m[K/home/jetson/JetPilot/ros2/src/rplidar/./sdk/include/rplidar_protocol.h:59:15:[m[K [01;35m[Kwarning: [m[KISO C++ forbids zero-size array ‘[01m[Kdata[m[K’ [[01;35m[K-Wpedantic[m[K]
     _u8 data[0[01;35m[K][m[K;
               [01;35m[K^[m[K
In file included from [01m[K/home/jetson/JetPilot/ros2/src/rplidar/./sdk/include/rplidar.h:40:0[m[K,
                 from [01m[K/home/jetson/JetPilot/ros2/src/rplidar/include/rplidar_node.hpp:41[m[K,
                 from [01m[K/home/jetson/JetPilot/ros2/src/rplidar/src/standalone_rplidar.cpp:16[m[K:
[01m[K/home/jetson/JetPilot/ros2/src/rplidar/./sdk/include/rplidar_cmd.h:260:19:[m[K [01;35m[Kwarning: [m[KISO C++ forbids zero-size array ‘[01m[Kpayload[m[K’ [[01;35m[K-Wpedantic[m[K]
     _u8  payload[0[01;35m[K][m[K;
                   [01;35m[K^[m[K
In file included from [01m[K/home/jetson/JetPilot/ros2/src/rplidar/src/standalone_rplidar.cpp:16:0[m[K:
[01m[K/home/jetson/JetPilot/ros2/src/rplidar/include/rplidar_node.hpp:76:14:[m[K [01;35m[Kwarning: [m[K‘[01m[Kfloat rplidar_ros::getAngle(const rplidar_response_measurement_node_hq_t&)[m[K’ defined but not used [[01;35m[K-Wunused-function[m[K]
 static float [01;35m[KgetAngle[m[K(const rplidar_response_measurement_node_hq_t& node)
              [01;35m[K^~~~~~~~[m[K
