-- The C compiler identification is GNU 7.3.0
-- The CXX compiler identification is GNU 7.3.0
-- Check for working C compiler: /usr/bin/cc
-- Check for working C compiler: /usr/bin/cc -- works
-- Detecting C compiler ABI info
-- Detecting C compiler ABI info - done
-- Detecting C compile features
-- Detecting C compile features - done
-- Check for working CXX compiler: /usr/bin/c++
-- Check for working CXX compiler: /usr/bin/c++ -- works
-- Detecting CXX compiler ABI info
-- Detecting CXX compiler ABI info - done
-- Detecting CXX compile features
-- Detecting CXX compile features - done
-- Found ament_cmake_auto: 0.7.6 (/home/jetson/ros2_dashing/install/ament_cmake_auto/share/ament_cmake_auto/cmake)
-- Found PythonInterp: /usr/bin/python3 (found suitable version "3.6.8", minimum required is "3") 
-- Using PYTHON_EXECUTABLE: /usr/bin/python3
-- Found ament_cmake_ros: 0.7.0 (/home/jetson/ros2_dashing/install/ament_cmake_ros/share/ament_cmake_ros/cmake)
-- Found rosidl_adapter: 0.7.10 (/home/jetson/ros2_dashing/install/rosidl_adapter/share/rosidl_adapter/cmake)
-- Found rmw_implementation_cmake: 0.7.2 (/home/jetson/ros2_dashing/install/rmw_implementation_cmake/share/rmw_implementation_cmake/cmake)
-- Using RMW implementation 'rmw_fastrtps_cpp' as default
-- Looking for pthread.h
-- Looking for pthread.h - found
-- Looking for pthread_create
-- Looking for pthread_create - not found
-- Looking for pthread_create in pthreads
-- Looking for pthread_create in pthreads - not found
-- Looking for pthread_create in pthread
-- Looking for pthread_create in pthread - found
-- Found Threads: TRUE  
-- Found poco_vendor:  (/home/jetson/ros2_dashing/install/poco_vendor/share/poco_vendor/cmake)
-- Configuring done
-- Generating done
-- Build files have been written to: /home/jetson/JetPilot/ros2/build/rplidar_ros
[35m[1mScanning dependencies of target rplidar_composition_node[0m
[  5%] [32mBuilding CXX object CMakeFiles/rplidar_composition_node.dir/src/rplidar_node.cpp.o[0m
In file included from [01m[K/home/jetson/JetPilot/ros2/src/rplidar/./sdk/include/rplidar.h:39:0[m[K,
                 from [01m[K/home/jetson/JetPilot/ros2/src/rplidar/include/rplidar_node.hpp:41[m[K,
                 from [01m[K/home/jetson/JetPilot/ros2/src/rplidar/src/rplidar_node.cpp:36[m[K:
[01m[K/home/jetson/JetPilot/ros2/src/rplidar/./sdk/include/rplidar_protocol.h:59:15:[m[K [01;35m[Kwarning: [m[KISO C++ forbids zero-size array ‘[01m[Kdata[m[K’ [[01;35m[K-Wpedantic[m[K]
     _u8 data[0[01;35m[K][m[K;
               [01;35m[K^[m[K
In file included from [01m[K/home/jetson/JetPilot/ros2/src/rplidar/./sdk/include/rplidar.h:40:0[m[K,
                 from [01m[K/home/jetson/JetPilot/ros2/src/rplidar/include/rplidar_node.hpp:41[m[K,
                 from [01m[K/home/jetson/JetPilot/ros2/src/rplidar/src/rplidar_node.cpp:36[m[K:
[01m[K/home/jetson/JetPilot/ros2/src/rplidar/./sdk/include/rplidar_cmd.h:260:19:[m[K [01;35m[Kwarning: [m[KISO C++ forbids zero-size array ‘[01m[Kpayload[m[K’ [[01;35m[K-Wpedantic[m[K]
     _u8  payload[0[01;35m[K][m[K;
                   [01;35m[K^[m[K
[01m[K/home/jetson/JetPilot/ros2/src/rplidar/src/rplidar_node.cpp:[m[K In member function ‘[01m[Kvoid rplidar_ros::rplidar_node::stop_motor({anonymous}::EmptyRequest, {anonymous}::EmptyResponse)[m[K’:
[01m[K/home/jetson/JetPilot/ros2/src/rplidar/src/rplidar_node.cpp:245:50:[m[K [01;35m[Kwarning: [m[Kunused parameter ‘[01m[Kreq[m[K’ [[01;35m[K-Wunused-parameter[m[K]
 void rplidar_node::stop_motor(const EmptyRequest [01;35m[Kreq[m[K, EmptyResponse res)
                                                  [01;35m[K^~~[m[K
[01m[K/home/jetson/JetPilot/ros2/src/rplidar/src/rplidar_node.cpp:245:69:[m[K [01;35m[Kwarning: [m[Kunused parameter ‘[01m[Kres[m[K’ [[01;35m[K-Wunused-parameter[m[K]
 void rplidar_node::stop_motor(const EmptyRequest req, EmptyResponse [01;35m[Kres[m[K)
                                                                     [01;35m[K^~~[m[K
[01m[K/home/jetson/JetPilot/ros2/src/rplidar/src/rplidar_node.cpp:[m[K In member function ‘[01m[Kvoid rplidar_ros::rplidar_node::start_motor({anonymous}::EmptyRequest, {anonymous}::EmptyResponse)[m[K’:
[01m[K/home/jetson/JetPilot/ros2/src/rplidar/src/rplidar_node.cpp:256:51:[m[K [01;35m[Kwarning: [m[Kunused parameter ‘[01m[Kreq[m[K’ [[01;35m[K-Wunused-parameter[m[K]
 void rplidar_node::start_motor(const EmptyRequest [01;35m[Kreq[m[K, EmptyResponse res)
                                                   [01;35m[K^~~[m[K
[01m[K/home/jetson/JetPilot/ros2/src/rplidar/src/rplidar_node.cpp:256:70:[m[K [01;35m[Kwarning: [m[Kunused parameter ‘[01m[Kres[m[K’ [[01;35m[K-Wunused-parameter[m[K]
 void rplidar_node::start_motor(const EmptyRequest req, EmptyResponse [01;35m[Kres[m[K)
                                                                      [01;35m[K^~~[m[K
[01m[K/home/jetson/JetPilot/ros2/src/rplidar/src/rplidar_node.cpp:[m[K In member function ‘[01m[Kvoid rplidar_ros::rplidar_node::publish_loop()[m[K’:
[01m[K/home/jetson/JetPilot/ros2/src/rplidar/src/rplidar_node.cpp:343:97:[m[K [01;35m[Kwarning: [m[KISO C++ forbids variable length array ‘[01m[Kangle_compensate_nodes[m[K’ [[01;35m[K-Wvla[m[K]
       rplidar_response_measurement_node_hq_t angle_compensate_nodes[angle_compensate_nodes_count[01;35m[K][m[K;
                                                                                                 [01;35m[K^[m[K
[01m[K/home/jetson/JetPilot/ros2/src/rplidar/src/rplidar_node.cpp:353:25:[m[K [01;35m[Kwarning: [m[Kcomparison between signed and unsigned integer expressions [[01;35m[K-Wsign-compare[m[K]
           for (j = 0; [01;35m[Kj < m_angle_compensate_multiple[m[K; j++) {
                       [01;35m[K~~^~~~~~~~~~~~~~~~~~~~~~~~~~~~~[m[K
[01m[K/home/jetson/JetPilot/ros2/src/rplidar/src/rplidar_node.cpp:374:44:[m[K [01;35m[Kwarning: [m[Kcomparison between signed and unsigned integer expressions [[01;35m[K-Wsign-compare[m[K]
       for (size_t x = start_node, y = 0; [01;35m[Kx < end_node[m[K; ++x, ++y) {
                                          [01;35m[K~~^~~~~~~~~~[m[K
[01m[K/home/jetson/JetPilot/ros2/src/rplidar/src/rplidar_node.cpp:381:11:[m[K [01;35m[Kwarning: [m[Kunused variable ‘[01m[Kangle_min[m[K’ [[01;35m[K-Wunused-variable[m[K]
     float [01;35m[Kangle_min[m[K = deg_2_rad(0.0f);
           [01;35m[K^~~~~~~~~[m[K
[01m[K/home/jetson/JetPilot/ros2/src/rplidar/src/rplidar_node.cpp:382:11:[m[K [01;35m[Kwarning: [m[Kunused variable ‘[01m[Kangle_max[m[K’ [[01;35m[K-Wunused-variable[m[K]
     float [01;35m[Kangle_max[m[K = deg_2_rad(359.0f);
           [01;35m[K^~~~~~~~~[m[K
[ 11%] [32mBuilding CXX object CMakeFiles/rplidar_composition_node.dir/sdk/src/arch/linux/net_serial.cpp.o[0m
[01m[K/home/jetson/JetPilot/ros2/src/rplidar/sdk/src/arch/linux/net_serial.cpp:[m[K In member function ‘[01m[Kbool rp::arch::net::raw_serial::open(const char*, uint32_t, uint32_t)[m[K’:
[01m[K/home/jetson/JetPilot/ros2/src/rplidar/sdk/src/arch/linux/net_serial.cpp:97:74:[m[K [01;35m[Kwarning: [m[Kunused parameter ‘[01m[Kflags[m[K’ [[01;35m[K-Wunused-parameter[m[K]
 bool raw_serial::open(const char * portname, uint32_t baudrate, uint32_t [01;35m[Kflags[m[K)
                                                                          [01;35m[K^~~~~[m[K
[01m[K/home/jetson/JetPilot/ros2/src/rplidar/sdk/src/arch/linux/net_serial.cpp:[m[K In member function ‘[01m[Kvirtual void rp::arch::net::raw_serial::flush(_u32)[m[K’:
[01m[K/home/jetson/JetPilot/ros2/src/rplidar/sdk/src/arch/linux/net_serial.cpp:281:30:[m[K [01;35m[Kwarning: [m[Kunused parameter ‘[01m[Kflags[m[K’ [[01;35m[K-Wunused-parameter[m[K]
 void raw_serial::flush( _u32 [01;35m[Kflags[m[K)
                              [01;35m[K^~~~~[m[K
[01m[K/home/jetson/JetPilot/ros2/src/rplidar/sdk/src/arch/linux/net_serial.cpp:[m[K In member function ‘[01m[Kvirtual int rp::arch::net::raw_serial::waitforsent(_u32, size_t*)[m[K’:
[01m[K/home/jetson/JetPilot/ros2/src/rplidar/sdk/src/arch/linux/net_serial.cpp:286:34:[m[K [01;35m[Kwarning: [m[Kunused parameter ‘[01m[Ktimeout[m[K’ [[01;35m[K-Wunused-parameter[m[K]
 int raw_serial::waitforsent(_u32 [01;35m[Ktimeout[m[K, size_t * returned_size)
                                  [01;35m[K^~~~~~~[m[K
[01m[K/home/jetson/JetPilot/ros2/src/rplidar/sdk/src/arch/linux/net_serial.cpp:[m[K In member function ‘[01m[Kvirtual int rp::arch::net::raw_serial::waitforrecv(_u32, size_t*)[m[K’:
[01m[K/home/jetson/JetPilot/ros2/src/rplidar/sdk/src/arch/linux/net_serial.cpp:292:34:[m[K [01;35m[Kwarning: [m[Kunused parameter ‘[01m[Ktimeout[m[K’ [[01;35m[K-Wunused-parameter[m[K]
 int raw_serial::waitforrecv(_u32 [01;35m[Ktimeout[m[K, size_t * returned_size)
                                  [01;35m[K^~~~~~~[m[K
[ 16%] [32mBuilding CXX object CMakeFiles/rplidar_composition_node.dir/sdk/src/arch/linux/net_socket.cpp.o[0m
In file included from [01m[K/home/jetson/JetPilot/ros2/src/rplidar/./sdk/include/rplidar.h:39:0[m[K,
                 from [01m[K/home/jetson/JetPilot/ros2/src/rplidar/./sdk/src/sdkcommon.h:48[m[K,
                 from [01m[K/home/jetson/JetPilot/ros2/src/rplidar/sdk/src/arch/linux/net_socket.cpp:10[m[K:
[01m[K/home/jetson/JetPilot/ros2/src/rplidar/./sdk/include/rplidar_protocol.h:59:15:[m[K [01;35m[Kwarning: [m[KISO C++ forbids zero-size array ‘[01m[Kdata[m[K’ [[01;35m[K-Wpedantic[m[K]
     _u8 data[0[01;35m[K][m[K;
               [01;35m[K^[m[K
In file included from [01m[K/home/jetson/JetPilot/ros2/src/rplidar/./sdk/include/rplidar.h:40:0[m[K,
                 from [01m[K/home/jetson/JetPilot/ros2/src/rplidar/./sdk/src/sdkcommon.h:48[m[K,
                 from [01m[K/home/jetson/JetPilot/ros2/src/rplidar/sdk/src/arch/linux/net_socket.cpp:10[m[K:
[01m[K/home/jetson/JetPilot/ros2/src/rplidar/./sdk/include/rplidar_cmd.h:260:19:[m[K [01;35m[Kwarning: [m[KISO C++ forbids zero-size array ‘[01m[Kpayload[m[K’ [[01;35m[K-Wpedantic[m[K]
     _u8  payload[0[01;35m[K][m[K;
                   [01;35m[K^[m[K
[01m[K/home/jetson/JetPilot/ros2/src/rplidar/sdk/src/arch/linux/net_socket.cpp:[m[K In member function ‘[01m[Kvirtual u_result rp::net::SocketAddress::getAddressAsString(char*, size_t) const[m[K’:
[01m[K/home/jetson/JetPilot/ros2/src/rplidar/sdk/src/arch/linux/net_socket.cpp:170:17:[m[K [01;35m[Kwarning: [m[Kordered comparison of pointer with integer zero [[01;35m[K-Wextra[m[K]
     return ans<=[01;35m[K0[m[K?RESULT_OPERATION_FAIL:RESULT_OK;
                 [01;35m[K^[m[K
[01m[K/home/jetson/JetPilot/ros2/src/rplidar/sdk/src/arch/linux/net_socket.cpp:[m[K In member function ‘[01m[Kvirtual u_result rp::arch::net::StreamSocketImpl::send(const void*, size_t)[m[K’:
[01m[K/home/jetson/JetPilot/ros2/src/rplidar/sdk/src/arch/linux/net_socket.cpp:438:17:[m[K [01;35m[Kwarning: [m[Kcomparison between signed and unsigned integer expressions [[01;35m[K-Wsign-compare[m[K]
         if ([01;35m[Kans == (int)len[m[K) {
             [01;35m[K~~~~^~~~~~~~~~~[m[K
In file included from [01m[K/home/jetson/JetPilot/ros2/src/rplidar/./sdk/src/arch/linux/arch_linux.h:42:0[m[K,
                 from [01m[K/home/jetson/JetPilot/ros2/src/rplidar/./sdk/src/sdkcommon.h:40[m[K,
                 from [01m[K/home/jetson/JetPilot/ros2/src/rplidar/sdk/src/arch/linux/net_socket.cpp:10[m[K:
[01m[K/home/jetson/JetPilot/ros2/src/rplidar/sdk/src/arch/linux/net_socket.cpp:[m[K In member function ‘[01m[Kvirtual u_result rp::arch::net::DGramSocketImpl::sendTo(const rp::net::SocketAddress&, const void*, size_t)[m[K’:
[01m[K/home/jetson/JetPilot/ros2/src/rplidar/sdk/src/arch/linux/net_socket.cpp:726:24:[m[K [01;35m[Kwarning: [m[Kcomparison between signed and unsigned integer expressions [[01;35m[K-Wsign-compare[m[K]
             assert([01;35m[Kans == (int)l[m[Ken);
                    [01;35m[K~~~~^~~~~~~~~[m[K
[ 22%] [32mBuilding CXX object CMakeFiles/rplidar_composition_node.dir/sdk/src/arch/linux/timer.cpp.o[0m
[ 27%] [32mBuilding CXX object CMakeFiles/rplidar_composition_node.dir/sdk/src/hal/thread.cpp.o[0m
In file included from [01m[K/home/jetson/JetPilot/ros2/src/rplidar/./sdk/include/rplidar.h:39:0[m[K,
                 from [01m[K/home/jetson/JetPilot/ros2/src/rplidar/./sdk/src/sdkcommon.h:48[m[K,
                 from [01m[K/home/jetson/JetPilot/ros2/src/rplidar/sdk/src/hal/thread.cpp:35[m[K:
[01m[K/home/jetson/JetPilot/ros2/src/rplidar/./sdk/include/rplidar_protocol.h:59:15:[m[K [01;35m[Kwarning: [m[KISO C++ forbids zero-size array ‘[01m[Kdata[m[K’ [[01;35m[K-Wpedantic[m[K]
     _u8 data[0[01;35m[K][m[K;
               [01;35m[K^[m[K
In file included from [01m[K/home/jetson/JetPilot/ros2/src/rplidar/./sdk/include/rplidar.h:40:0[m[K,
                 from [01m[K/home/jetson/JetPilot/ros2/src/rplidar/./sdk/src/sdkcommon.h:48[m[K,
                 from [01m[K/home/jetson/JetPilot/ros2/src/rplidar/sdk/src/hal/thread.cpp:35[m[K:
[01m[K/home/jetson/JetPilot/ros2/src/rplidar/./sdk/include/rplidar_cmd.h:260:19:[m[K [01;35m[Kwarning: [m[KISO C++ forbids zero-size array ‘[01m[Kpayload[m[K’ [[01;35m[K-Wpedantic[m[K]
     _u8  payload[0[01;35m[K][m[K;
                   [01;35m[K^[m[K
In file included from [01m[K/home/jetson/JetPilot/ros2/src/rplidar/sdk/src/hal/thread.cpp:43:0[m[K:
[01m[K/home/jetson/JetPilot/ros2/src/rplidar/./sdk/src/arch/linux/thread.hpp:[m[K In member function ‘[01m[Ku_result rp::hal::Thread::join(long unsigned int)[m[K’:
[01m[K/home/jetson/JetPilot/ros2/src/rplidar/./sdk/src/arch/linux/thread.hpp:129:37:[m[K [01;35m[Kwarning: [m[Kunused parameter ‘[01m[Ktimeout[m[K’ [[01;35m[K-Wunused-parameter[m[K]
 u_result Thread::join(unsigned long [01;35m[Ktimeout[m[K)
                                     [01;35m[K^~~~~~~[m[K
[ 33%] [32mBuilding CXX object CMakeFiles/rplidar_composition_node.dir/sdk/src/rplidar_driver.cpp.o[0m
In file included from [01m[K/home/jetson/JetPilot/ros2/src/rplidar/./sdk/include/rplidar.h:39:0[m[K,
                 from [01m[K/home/jetson/JetPilot/ros2/src/rplidar/sdk/src/sdkcommon.h:48[m[K,
                 from [01m[K/home/jetson/JetPilot/ros2/src/rplidar/sdk/src/rplidar_driver.cpp:35[m[K:
[01m[K/home/jetson/JetPilot/ros2/src/rplidar/./sdk/include/rplidar_protocol.h:59:15:[m[K [01;35m[Kwarning: [m[KISO C++ forbids zero-size array ‘[01m[Kdata[m[K’ [[01;35m[K-Wpedantic[m[K]
     _u8 data[0[01;35m[K][m[K;
               [01;35m[K^[m[K
In file included from [01m[K/home/jetson/JetPilot/ros2/src/rplidar/./sdk/include/rplidar.h:40:0[m[K,
                 from [01m[K/home/jetson/JetPilot/ros2/src/rplidar/sdk/src/sdkcommon.h:48[m[K,
                 from [01m[K/home/jetson/JetPilot/ros2/src/rplidar/sdk/src/rplidar_driver.cpp:35[m[K:
[01m[K/home/jetson/JetPilot/ros2/src/rplidar/./sdk/include/rplidar_cmd.h:260:19:[m[K [01;35m[Kwarning: [m[KISO C++ forbids zero-size array ‘[01m[Kpayload[m[K’ [[01;35m[K-Wpedantic[m[K]
     _u8  payload[0[01;35m[K][m[K;
                   [01;35m[K^[m[K
[01m[K/home/jetson/JetPilot/ros2/src/rplidar/sdk/src/rplidar_driver.cpp:[m[K In member function ‘[01m[Kvirtual u_result rp::standalone::rplidar::RPlidarDriverImplCommon::reset(_u32)[m[K’:
[01m[K/home/jetson/JetPilot/ros2/src/rplidar/sdk/src/rplidar_driver.cpp:121:46:[m[K [01;35m[Kwarning: [m[Kunused parameter ‘[01m[Ktimeout[m[K’ [[01;35m[K-Wunused-parameter[m[K]
 u_result RPlidarDriverImplCommon::reset(_u32 [01;35m[Ktimeout[m[K)
                                              [01;35m[K^~~~~~~[m[K
[01m[K/home/jetson/JetPilot/ros2/src/rplidar/sdk/src/rplidar_driver.cpp:[m[K In member function ‘[01m[Kvirtual u_result rp::standalone::rplidar::RPlidarDriverImplCommon::checkIfTofLidar(bool&, _u32)[m[K’:
[01m[K/home/jetson/JetPilot/ros2/src/rplidar/sdk/src/rplidar_driver.cpp:274:75:[m[K [01;35m[Kwarning: [m[Kunused parameter ‘[01m[Ktimeout[m[K’ [[01;35m[K-Wunused-parameter[m[K]
 u_result RPlidarDriverImplCommon::checkIfTofLidar(bool & isTofLidar, _u32 [01;35m[Ktimeout[m[K)
                                                                           [01;35m[K^~~~~~~[m[K
[01m[K/home/jetson/JetPilot/ros2/src/rplidar/sdk/src/rplidar_driver.cpp:[m[K In function ‘[01m[K_u32 rp::standalone::rplidar::_crc32cal(_u32, void*, _u16)[m[K’:
[01m[K/home/jetson/JetPilot/ros2/src/rplidar/sdk/src/rplidar_driver.cpp:996:23:[m[K [01;35m[Kwarning: [m[Ksuggest parentheses around ‘[01m[K-[m[K’ in operand of ‘[01m[K&[m[K’ [[01;35m[K-Wparentheses[m[K]
     _u8 leftBytes = [01;35m[K4 - len[m[K & 0x3;
                     [01;35m[K~~^~~~~[m[K
[01m[K/home/jetson/JetPilot/ros2/src/rplidar/sdk/src/rplidar_driver.cpp:[m[K In member function ‘[01m[Kvirtual void rp::standalone::rplidar::RPlidarDriverImplCommon::_ultraCapsuleToNormal(const rplidar_response_ultra_capsule_measurement_nodes_t&, rplidar_response_measurement_node_hq_t*, size_t&)[m[K’:
[01m[K/home/jetson/JetPilot/ros2/src/rplidar/sdk/src/rplidar_driver.cpp:1207:32:[m[K [01;35m[Kwarning: [m[Kcomparison between signed and unsigned integer expressions [[01;35m[K-Wsign-compare[m[K]
             if (([01;35m[Kdist_predict1 == 0xFFFFFE00[m[K) || (dist_predict1 == 0x1FF)) {
                  [01;35m[K~~~~~~~~~~~~~~^~~~~~~~~~~~~[m[K
[01m[K/home/jetson/JetPilot/ros2/src/rplidar/sdk/src/rplidar_driver.cpp:1215:32:[m[K [01;35m[Kwarning: [m[Kcomparison between signed and unsigned integer expressions [[01;35m[K-Wsign-compare[m[K]
             if (([01;35m[Kdist_predict2 == 0xFFFFFE00[m[K) || (dist_predict2 == 0x1FF)) {
                  [01;35m[K~~~~~~~~~~~~~~^~~~~~~~~~~~~[m[K
[01m[K/home/jetson/JetPilot/ros2/src/rplidar/sdk/src/rplidar_driver.cpp:[m[K In member function ‘[01m[Kvirtual u_result rp::standalone::rplidar::RPlidarDriverImplCommon::getAllSupportedScanModes(std::vector<rp::standalone::rplidar::RplidarScanMode>&, _u32)[m[K’:
[01m[K/home/jetson/JetPilot/ros2/src/rplidar/sdk/src/rplidar_driver.cpp:1453:105:[m[K [01;35m[Kwarning: [m[Kunused parameter ‘[01m[KtimeoutInMs[m[K’ [[01;35m[K-Wunused-parameter[m[K]
 u_result RPlidarDriverImplCommon::getAllSupportedScanModes(std::vector<RplidarScanMode>& outModes, _u32 [01;35m[KtimeoutInMs[m[K)
                                                                                                         [01;35m[K^~~~~~~~~~~[m[K
[01m[K/home/jetson/JetPilot/ros2/src/rplidar/sdk/src/rplidar_driver.cpp:[m[K In member function ‘[01m[Kvirtual u_result rp::standalone::rplidar::RPlidarDriverImplCommon::startScan(bool, bool, _u32, rp::standalone::rplidar::RplidarScanMode*)[m[K’:
[01m[K/home/jetson/JetPilot/ros2/src/rplidar/sdk/src/rplidar_driver.cpp:1550:83:[m[K [01;35m[Kwarning: [m[Kunused parameter ‘[01m[Koptions[m[K’ [[01;35m[K-Wunused-parameter[m[K]
 u_result RPlidarDriverImplCommon::startScan(bool force, bool useTypicalScan, _u32 [01;35m[Koptions[m[K, RplidarScanMode* outUsedScanMode)
                                                                                   [01;35m[K^~~~~~~[m[K
[01m[K/home/jetson/JetPilot/ros2/src/rplidar/sdk/src/rplidar_driver.cpp:[m[K In member function ‘[01m[Kvirtual u_result rp::standalone::rplidar::RPlidarDriverImplCommon::stop(_u32)[m[K’:
[01m[K/home/jetson/JetPilot/ros2/src/rplidar/sdk/src/rplidar_driver.cpp:1774:45:[m[K [01;35m[Kwarning: [m[Kunused parameter ‘[01m[Ktimeout[m[K’ [[01;35m[K-Wunused-parameter[m[K]
 u_result RPlidarDriverImplCommon::stop(_u32 [01;35m[Ktimeout[m[K)
                                             [01;35m[K^~~~~~~[m[K
[01m[K/home/jetson/JetPilot/ros2/src/rplidar/sdk/src/rplidar_driver.cpp:[m[K In member function ‘[01m[Kvirtual u_result rp::standalone::rplidar::RPlidarDriverImplCommon::setLidarSpinSpeed(_u16, _u32)[m[K’:
[01m[K/home/jetson/JetPilot/ros2/src/rplidar/sdk/src/rplidar_driver.cpp:2162:68:[m[K [01;35m[Kwarning: [m[Kunused parameter ‘[01m[Ktimeout[m[K’ [[01;35m[K-Wunused-parameter[m[K]
 u_result RPlidarDriverImplCommon::setLidarSpinSpeed(_u16 rpm, _u32 [01;35m[Ktimeout[m[K)
                                                                    [01;35m[K^~~~~~~[m[K
[01m[K/home/jetson/JetPilot/ros2/src/rplidar/sdk/src/rplidar_driver.cpp:[m[K In member function ‘[01m[Kvirtual u_result rp::standalone::rplidar::RPlidarDriverSerial::connect(const char*, _u32, _u32)[m[K’:
[01m[K/home/jetson/JetPilot/ros2/src/rplidar/sdk/src/rplidar_driver.cpp:2240:83:[m[K [01;35m[Kwarning: [m[Kunused parameter ‘[01m[Kflag[m[K’ [[01;35m[K-Wunused-parameter[m[K]
 u_result RPlidarDriverSerial::connect(const char * port_path, _u32 baudrate, _u32 [01;35m[Kflag[m[K)
                                                                                   [01;35m[K^~~~[m[K
[01m[K/home/jetson/JetPilot/ros2/src/rplidar/sdk/src/rplidar_driver.cpp:[m[K In member function ‘[01m[Kvirtual u_result rp::standalone::rplidar::RPlidarDriverTCP::connect(const char*, _u32, _u32)[m[K’:
[01m[K/home/jetson/JetPilot/ros2/src/rplidar/sdk/src/rplidar_driver.cpp:2282:72:[m[K [01;35m[Kwarning: [m[Kunused parameter ‘[01m[Kflag[m[K’ [[01;35m[K-Wunused-parameter[m[K]
 u_result RPlidarDriverTCP::connect(const char * ipStr, _u32 port, _u32 [01;35m[Kflag[m[K)
                                                                        [01;35m[K^~~~[m[K
[ 38%] [32m[1mLinking CXX shared library librplidar_composition_node.so[0m
[ 38%] Built target rplidar_composition_node
[35m[1mScanning dependencies of target rplidarNodeClient[0m
[ 44%] [32mBuilding CXX object CMakeFiles/rplidarNodeClient.dir/src/client.cpp.o[0m
[ 50%] [32m[1mLinking CXX executable rplidarNodeClient[0m
[ 50%] Built target rplidarNodeClient
[35m[1mScanning dependencies of target rplidarNode[0m
[ 55%] [32mBuilding CXX object CMakeFiles/rplidarNode.dir/src/node.cpp.o[0m
[01m[K/home/jetson/JetPilot/ros2/src/rplidar/src/node.cpp:231:14:[m[K [01;35m[Kwarning: [m[Kinvalid suffix on literal; C++11 requires a space between literal and string macro [[01;35m[K-Wliteral-suffix[m[K]
     ROS_INFO([01;35m[K"[m[KRPLIDAR running on ROS package rplidar_ros. SDK Version:"RPLIDAR_SDK_VERSION"");
              [01;35m[K^[m[K
In file included from [01m[K/home/jetson/JetPilot/ros2/src/rplidar/./sdk/include/rplidar.h:39:0[m[K,
                 from [01m[K/home/jetson/JetPilot/ros2/src/rplidar/src/node.cpp:45[m[K:
[01m[K/home/jetson/JetPilot/ros2/src/rplidar/./sdk/include/rplidar_protocol.h:59:15:[m[K [01;35m[Kwarning: [m[KISO C++ forbids zero-size array ‘[01m[Kdata[m[K’ [[01;35m[K-Wpedantic[m[K]
     _u8 data[0[01;35m[K][m[K;
               [01;35m[K^[m[K
In file included from [01m[K/home/jetson/JetPilot/ros2/src/rplidar/./sdk/include/rplidar.h:40:0[m[K,
                 from [01m[K/home/jetson/JetPilot/ros2/src/rplidar/src/node.cpp:45[m[K:
[01m[K/home/jetson/JetPilot/ros2/src/rplidar/./sdk/include/rplidar_cmd.h:260:19:[m[K [01;35m[Kwarning: [m[KISO C++ forbids zero-size array ‘[01m[Kpayload[m[K’ [[01;35m[K-Wpedantic[m[K]
     _u8  payload[0[01;35m[K][m[K;
                   [01;35m[K^[m[K
[01m[K/home/jetson/JetPilot/ros2/src/rplidar/src/node.cpp:[m[K In function ‘[01m[Kbool stop_motor(std::shared_ptr<std_srvs::srv::Empty_Request_<std::allocator<void> > >, std::shared_ptr<std_srvs::srv::Empty_Response_<std::allocator<void> > >)[m[K’:
[01m[K/home/jetson/JetPilot/ros2/src/rplidar/src/node.cpp:166:70:[m[K [01;35m[Kwarning: [m[Kunused parameter ‘[01m[Kreq[m[K’ [[01;35m[K-Wunused-parameter[m[K]
 bool stop_motor(const std::shared_ptr<std_srvs::srv::Empty::Request> [01;35m[Kreq[m[K,
                                                                      [01;35m[K^~~[m[K
[01m[K/home/jetson/JetPilot/ros2/src/rplidar/src/node.cpp:167:65:[m[K [01;35m[Kwarning: [m[Kunused parameter ‘[01m[Kres[m[K’ [[01;35m[K-Wunused-parameter[m[K]
                 std::shared_ptr<std_srvs::srv::Empty::Response> [01;35m[Kres[m[K)
                                                                 [01;35m[K^~~[m[K
[01m[K/home/jetson/JetPilot/ros2/src/rplidar/src/node.cpp:[m[K In function ‘[01m[Kbool start_motor(std::shared_ptr<std_srvs::srv::Empty_Request_<std::allocator<void> > >, std::shared_ptr<std_srvs::srv::Empty_Response_<std::allocator<void> > >)[m[K’:
[01m[K/home/jetson/JetPilot/ros2/src/rplidar/src/node.cpp:178:71:[m[K [01;35m[Kwarning: [m[Kunused parameter ‘[01m[Kreq[m[K’ [[01;35m[K-Wunused-parameter[m[K]
 bool start_motor(const std::shared_ptr<std_srvs::srv::Empty::Request> [01;35m[Kreq[m[K,
                                                                       [01;35m[K^~~[m[K
[01m[K/home/jetson/JetPilot/ros2/src/rplidar/src/node.cpp:179:66:[m[K [01;35m[Kwarning: [m[Kunused parameter ‘[01m[Kres[m[K’ [[01;35m[K-Wunused-parameter[m[K]
                  std::shared_ptr<std_srvs::srv::Empty::Response> [01;35m[Kres[m[K)
                                                                  [01;35m[K^~~[m[K
[01m[K/home/jetson/JetPilot/ros2/src/rplidar/src/node.cpp:[m[K In function ‘[01m[Kint main(int, char**)[m[K’:
[01m[K/home/jetson/JetPilot/ros2/src/rplidar/src/node.cpp:356:111:[m[K [01;35m[Kwarning: [m[KISO C++ forbids variable length array ‘[01m[Kangle_compensate_nodes[m[K’ [[01;35m[K-Wvla[m[K]
                     rplidar_response_measurement_node_hq_t angle_compensate_nodes[angle_compensate_nodes_count[01;35m[K][m[K;
                                                                                                               [01;35m[K^[m[K
[01m[K/home/jetson/JetPilot/ros2/src/rplidar/src/node.cpp:360:30:[m[K [01;35m[Kwarning: [m[Kcomparison between signed and unsigned integer expressions [[01;35m[K-Wsign-compare[m[K]
                     for( ; [01;35m[Ki < count[m[K; i++ ) {
                            [01;35m[K~~^~~~~~~[m[K
[ 61%] [32mBuilding CXX object CMakeFiles/rplidarNode.dir/sdk/src/arch/linux/net_serial.cpp.o[0m
[01m[K/home/jetson/JetPilot/ros2/src/rplidar/sdk/src/arch/linux/net_serial.cpp:[m[K In member function ‘[01m[Kbool rp::arch::net::raw_serial::open(const char*, uint32_t, uint32_t)[m[K’:
[01m[K/home/jetson/JetPilot/ros2/src/rplidar/sdk/src/arch/linux/net_serial.cpp:97:74:[m[K [01;35m[Kwarning: [m[Kunused parameter ‘[01m[Kflags[m[K’ [[01;35m[K-Wunused-parameter[m[K]
 bool raw_serial::open(const char * portname, uint32_t baudrate, uint32_t [01;35m[Kflags[m[K)
                                                                          [01;35m[K^~~~~[m[K
[01m[K/home/jetson/JetPilot/ros2/src/rplidar/sdk/src/arch/linux/net_serial.cpp:[m[K In member function ‘[01m[Kvirtual void rp::arch::net::raw_serial::flush(_u32)[m[K’:
[01m[K/home/jetson/JetPilot/ros2/src/rplidar/sdk/src/arch/linux/net_serial.cpp:281:30:[m[K [01;35m[Kwarning: [m[Kunused parameter ‘[01m[Kflags[m[K’ [[01;35m[K-Wunused-parameter[m[K]
 void raw_serial::flush( _u32 [01;35m[Kflags[m[K)
                              [01;35m[K^~~~~[m[K
[01m[K/home/jetson/JetPilot/ros2/src/rplidar/sdk/src/arch/linux/net_serial.cpp:[m[K In member function ‘[01m[Kvirtual int rp::arch::net::raw_serial::waitforsent(_u32, size_t*)[m[K’:
[01m[K/home/jetson/JetPilot/ros2/src/rplidar/sdk/src/arch/linux/net_serial.cpp:286:34:[m[K [01;35m[Kwarning: [m[Kunused parameter ‘[01m[Ktimeout[m[K’ [[01;35m[K-Wunused-parameter[m[K]
 int raw_serial::waitforsent(_u32 [01;35m[Ktimeout[m[K, size_t * returned_size)
                                  [01;35m[K^~~~~~~[m[K
[01m[K/home/jetson/JetPilot/ros2/src/rplidar/sdk/src/arch/linux/net_serial.cpp:[m[K In member function ‘[01m[Kvirtual int rp::arch::net::raw_serial::waitforrecv(_u32, size_t*)[m[K’:
[01m[K/home/jetson/JetPilot/ros2/src/rplidar/sdk/src/arch/linux/net_serial.cpp:292:34:[m[K [01;35m[Kwarning: [m[Kunused parameter ‘[01m[Ktimeout[m[K’ [[01;35m[K-Wunused-parameter[m[K]
 int raw_serial::waitforrecv(_u32 [01;35m[Ktimeout[m[K, size_t * returned_size)
                                  [01;35m[K^~~~~~~[m[K
[ 66%] [32mBuilding CXX object CMakeFiles/rplidarNode.dir/sdk/src/arch/linux/net_socket.cpp.o[0m
In file included from [01m[K/home/jetson/JetPilot/ros2/src/rplidar/./sdk/include/rplidar.h:39:0[m[K,
                 from [01m[K/home/jetson/JetPilot/ros2/src/rplidar/./sdk/src/sdkcommon.h:48[m[K,
                 from [01m[K/home/jetson/JetPilot/ros2/src/rplidar/sdk/src/arch/linux/net_socket.cpp:10[m[K:
[01m[K/home/jetson/JetPilot/ros2/src/rplidar/./sdk/include/rplidar_protocol.h:59:15:[m[K [01;35m[Kwarning: [m[KISO C++ forbids zero-size array ‘[01m[Kdata[m[K’ [[01;35m[K-Wpedantic[m[K]
     _u8 data[0[01;35m[K][m[K;
               [01;35m[K^[m[K
In file included from [01m[K/home/jetson/JetPilot/ros2/src/rplidar/./sdk/include/rplidar.h:40:0[m[K,
                 from [01m[K/home/jetson/JetPilot/ros2/src/rplidar/./sdk/src/sdkcommon.h:48[m[K,
                 from [01m[K/home/jetson/JetPilot/ros2/src/rplidar/sdk/src/arch/linux/net_socket.cpp:10[m[K:
[01m[K/home/jetson/JetPilot/ros2/src/rplidar/./sdk/include/rplidar_cmd.h:260:19:[m[K [01;35m[Kwarning: [m[KISO C++ forbids zero-size array ‘[01m[Kpayload[m[K’ [[01;35m[K-Wpedantic[m[K]
     _u8  payload[0[01;35m[K][m[K;
                   [01;35m[K^[m[K
[01m[K/home/jetson/JetPilot/ros2/src/rplidar/sdk/src/arch/linux/net_socket.cpp:[m[K In member function ‘[01m[Kvirtual u_result rp::net::SocketAddress::getAddressAsString(char*, size_t) const[m[K’:
[01m[K/home/jetson/JetPilot/ros2/src/rplidar/sdk/src/arch/linux/net_socket.cpp:170:17:[m[K [01;35m[Kwarning: [m[Kordered comparison of pointer with integer zero [[01;35m[K-Wextra[m[K]
     return ans<=[01;35m[K0[m[K?RESULT_OPERATION_FAIL:RESULT_OK;
                 [01;35m[K^[m[K
[01m[K/home/jetson/JetPilot/ros2/src/rplidar/sdk/src/arch/linux/net_socket.cpp:[m[K In member function ‘[01m[Kvirtual u_result rp::arch::net::StreamSocketImpl::send(const void*, size_t)[m[K’:
[01m[K/home/jetson/JetPilot/ros2/src/rplidar/sdk/src/arch/linux/net_socket.cpp:438:17:[m[K [01;35m[Kwarning: [m[Kcomparison between signed and unsigned integer expressions [[01;35m[K-Wsign-compare[m[K]
         if ([01;35m[Kans == (int)len[m[K) {
             [01;35m[K~~~~^~~~~~~~~~~[m[K
In file included from [01m[K/home/jetson/JetPilot/ros2/src/rplidar/./sdk/src/arch/linux/arch_linux.h:42:0[m[K,
                 from [01m[K/home/jetson/JetPilot/ros2/src/rplidar/./sdk/src/sdkcommon.h:40[m[K,
                 from [01m[K/home/jetson/JetPilot/ros2/src/rplidar/sdk/src/arch/linux/net_socket.cpp:10[m[K:
[01m[K/home/jetson/JetPilot/ros2/src/rplidar/sdk/src/arch/linux/net_socket.cpp:[m[K In member function ‘[01m[Kvirtual u_result rp::arch::net::DGramSocketImpl::sendTo(const rp::net::SocketAddress&, const void*, size_t)[m[K’:
[01m[K/home/jetson/JetPilot/ros2/src/rplidar/sdk/src/arch/linux/net_socket.cpp:726:24:[m[K [01;35m[Kwarning: [m[Kcomparison between signed and unsigned integer expressions [[01;35m[K-Wsign-compare[m[K]
             assert([01;35m[Kans == (int)l[m[Ken);
                    [01;35m[K~~~~^~~~~~~~~[m[K
[ 72%] [32mBuilding CXX object CMakeFiles/rplidarNode.dir/sdk/src/arch/linux/timer.cpp.o[0m
[ 77%] [32mBuilding CXX object CMakeFiles/rplidarNode.dir/sdk/src/hal/thread.cpp.o[0m
In file included from [01m[K/home/jetson/JetPilot/ros2/src/rplidar/./sdk/include/rplidar.h:39:0[m[K,
                 from [01m[K/home/jetson/JetPilot/ros2/src/rplidar/./sdk/src/sdkcommon.h:48[m[K,
                 from [01m[K/home/jetson/JetPilot/ros2/src/rplidar/sdk/src/hal/thread.cpp:35[m[K:
[01m[K/home/jetson/JetPilot/ros2/src/rplidar/./sdk/include/rplidar_protocol.h:59:15:[m[K [01;35m[Kwarning: [m[KISO C++ forbids zero-size array ‘[01m[Kdata[m[K’ [[01;35m[K-Wpedantic[m[K]
     _u8 data[0[01;35m[K][m[K;
               [01;35m[K^[m[K
In file included from [01m[K/home/jetson/JetPilot/ros2/src/rplidar/./sdk/include/rplidar.h:40:0[m[K,
                 from [01m[K/home/jetson/JetPilot/ros2/src/rplidar/./sdk/src/sdkcommon.h:48[m[K,
                 from [01m[K/home/jetson/JetPilot/ros2/src/rplidar/sdk/src/hal/thread.cpp:35[m[K:
[01m[K/home/jetson/JetPilot/ros2/src/rplidar/./sdk/include/rplidar_cmd.h:260:19:[m[K [01;35m[Kwarning: [m[KISO C++ forbids zero-size array ‘[01m[Kpayload[m[K’ [[01;35m[K-Wpedantic[m[K]
     _u8  payload[0[01;35m[K][m[K;
                   [01;35m[K^[m[K
In file included from [01m[K/home/jetson/JetPilot/ros2/src/rplidar/sdk/src/hal/thread.cpp:43:0[m[K:
[01m[K/home/jetson/JetPilot/ros2/src/rplidar/./sdk/src/arch/linux/thread.hpp:[m[K In member function ‘[01m[Ku_result rp::hal::Thread::join(long unsigned int)[m[K’:
[01m[K/home/jetson/JetPilot/ros2/src/rplidar/./sdk/src/arch/linux/thread.hpp:129:37:[m[K [01;35m[Kwarning: [m[Kunused parameter ‘[01m[Ktimeout[m[K’ [[01;35m[K-Wunused-parameter[m[K]
 u_result Thread::join(unsigned long [01;35m[Ktimeout[m[K)
                                     [01;35m[K^~~~~~~[m[K
[ 83%] [32mBuilding CXX object CMakeFiles/rplidarNode.dir/sdk/src/rplidar_driver.cpp.o[0m
In file included from [01m[K/home/jetson/JetPilot/ros2/src/rplidar/./sdk/include/rplidar.h:39:0[m[K,
                 from [01m[K/home/jetson/JetPilot/ros2/src/rplidar/sdk/src/sdkcommon.h:48[m[K,
                 from [01m[K/home/jetson/JetPilot/ros2/src/rplidar/sdk/src/rplidar_driver.cpp:35[m[K:
[01m[K/home/jetson/JetPilot/ros2/src/rplidar/./sdk/include/rplidar_protocol.h:59:15:[m[K [01;35m[Kwarning: [m[KISO C++ forbids zero-size array ‘[01m[Kdata[m[K’ [[01;35m[K-Wpedantic[m[K]
     _u8 data[0[01;35m[K][m[K;
               [01;35m[K^[m[K
In file included from [01m[K/home/jetson/JetPilot/ros2/src/rplidar/./sdk/include/rplidar.h:40:0[m[K,
                 from [01m[K/home/jetson/JetPilot/ros2/src/rplidar/sdk/src/sdkcommon.h:48[m[K,
                 from [01m[K/home/jetson/JetPilot/ros2/src/rplidar/sdk/src/rplidar_driver.cpp:35[m[K:
[01m[K/home/jetson/JetPilot/ros2/src/rplidar/./sdk/include/rplidar_cmd.h:260:19:[m[K [01;35m[Kwarning: [m[KISO C++ forbids zero-size array ‘[01m[Kpayload[m[K’ [[01;35m[K-Wpedantic[m[K]
     _u8  payload[0[01;35m[K][m[K;
                   [01;35m[K^[m[K
[01m[K/home/jetson/JetPilot/ros2/src/rplidar/sdk/src/rplidar_driver.cpp:[m[K In member function ‘[01m[Kvirtual u_result rp::standalone::rplidar::RPlidarDriverImplCommon::reset(_u32)[m[K’:
[01m[K/home/jetson/JetPilot/ros2/src/rplidar/sdk/src/rplidar_driver.cpp:121:46:[m[K [01;35m[Kwarning: [m[Kunused parameter ‘[01m[Ktimeout[m[K’ [[01;35m[K-Wunused-parameter[m[K]
 u_result RPlidarDriverImplCommon::reset(_u32 [01;35m[Ktimeout[m[K)
                                              [01;35m[K^~~~~~~[m[K
[01m[K/home/jetson/JetPilot/ros2/src/rplidar/sdk/src/rplidar_driver.cpp:[m[K In member function ‘[01m[Kvirtual u_result rp::standalone::rplidar::RPlidarDriverImplCommon::checkIfTofLidar(bool&, _u32)[m[K’:
[01m[K/home/jetson/JetPilot/ros2/src/rplidar/sdk/src/rplidar_driver.cpp:274:75:[m[K [01;35m[Kwarning: [m[Kunused parameter ‘[01m[Ktimeout[m[K’ [[01;35m[K-Wunused-parameter[m[K]
 u_result RPlidarDriverImplCommon::checkIfTofLidar(bool & isTofLidar, _u32 [01;35m[Ktimeout[m[K)
                                                                           [01;35m[K^~~~~~~[m[K
[01m[K/home/jetson/JetPilot/ros2/src/rplidar/sdk/src/rplidar_driver.cpp:[m[K In function ‘[01m[K_u32 rp::standalone::rplidar::_crc32cal(_u32, void*, _u16)[m[K’:
[01m[K/home/jetson/JetPilot/ros2/src/rplidar/sdk/src/rplidar_driver.cpp:996:23:[m[K [01;35m[Kwarning: [m[Ksuggest parentheses around ‘[01m[K-[m[K’ in operand of ‘[01m[K&[m[K’ [[01;35m[K-Wparentheses[m[K]
     _u8 leftBytes = [01;35m[K4 - len[m[K & 0x3;
                     [01;35m[K~~^~~~~[m[K
[01m[K/home/jetson/JetPilot/ros2/src/rplidar/sdk/src/rplidar_driver.cpp:[m[K In member function ‘[01m[Kvirtual void rp::standalone::rplidar::RPlidarDriverImplCommon::_ultraCapsuleToNormal(const rplidar_response_ultra_capsule_measurement_nodes_t&, rplidar_response_measurement_node_hq_t*, size_t&)[m[K’:
[01m[K/home/jetson/JetPilot/ros2/src/rplidar/sdk/src/rplidar_driver.cpp:1207:32:[m[K [01;35m[Kwarning: [m[Kcomparison between signed and unsigned integer expressions [[01;35m[K-Wsign-compare[m[K]
             if (([01;35m[Kdist_predict1 == 0xFFFFFE00[m[K) || (dist_predict1 == 0x1FF)) {
                  [01;35m[K~~~~~~~~~~~~~~^~~~~~~~~~~~~[m[K
[01m[K/home/jetson/JetPilot/ros2/src/rplidar/sdk/src/rplidar_driver.cpp:1215:32:[m[K [01;35m[Kwarning: [m[Kcomparison between signed and unsigned integer expressions [[01;35m[K-Wsign-compare[m[K]
             if (([01;35m[Kdist_predict2 == 0xFFFFFE00[m[K) || (dist_predict2 == 0x1FF)) {
                  [01;35m[K~~~~~~~~~~~~~~^~~~~~~~~~~~~[m[K
[01m[K/home/jetson/JetPilot/ros2/src/rplidar/sdk/src/rplidar_driver.cpp:[m[K In member function ‘[01m[Kvirtual u_result rp::standalone::rplidar::RPlidarDriverImplCommon::getAllSupportedScanModes(std::vector<rp::standalone::rplidar::RplidarScanMode>&, _u32)[m[K’:
[01m[K/home/jetson/JetPilot/ros2/src/rplidar/sdk/src/rplidar_driver.cpp:1453:105:[m[K [01;35m[Kwarning: [m[Kunused parameter ‘[01m[KtimeoutInMs[m[K’ [[01;35m[K-Wunused-parameter[m[K]
 u_result RPlidarDriverImplCommon::getAllSupportedScanModes(std::vector<RplidarScanMode>& outModes, _u32 [01;35m[KtimeoutInMs[m[K)
                                                                                                         [01;35m[K^~~~~~~~~~~[m[K
[01m[K/home/jetson/JetPilot/ros2/src/rplidar/sdk/src/rplidar_driver.cpp:[m[K In member function ‘[01m[Kvirtual u_result rp::standalone::rplidar::RPlidarDriverImplCommon::startScan(bool, bool, _u32, rp::standalone::rplidar::RplidarScanMode*)[m[K’:
[01m[K/home/jetson/JetPilot/ros2/src/rplidar/sdk/src/rplidar_driver.cpp:1550:83:[m[K [01;35m[Kwarning: [m[Kunused parameter ‘[01m[Koptions[m[K’ [[01;35m[K-Wunused-parameter[m[K]
 u_result RPlidarDriverImplCommon::startScan(bool force, bool useTypicalScan, _u32 [01;35m[Koptions[m[K, RplidarScanMode* outUsedScanMode)
                                                                                   [01;35m[K^~~~~~~[m[K
[01m[K/home/jetson/JetPilot/ros2/src/rplidar/sdk/src/rplidar_driver.cpp:[m[K In member function ‘[01m[Kvirtual u_result rp::standalone::rplidar::RPlidarDriverImplCommon::stop(_u32)[m[K’:
[01m[K/home/jetson/JetPilot/ros2/src/rplidar/sdk/src/rplidar_driver.cpp:1774:45:[m[K [01;35m[Kwarning: [m[Kunused parameter ‘[01m[Ktimeout[m[K’ [[01;35m[K-Wunused-parameter[m[K]
 u_result RPlidarDriverImplCommon::stop(_u32 [01;35m[Ktimeout[m[K)
                                             [01;35m[K^~~~~~~[m[K
[01m[K/home/jetson/JetPilot/ros2/src/rplidar/sdk/src/rplidar_driver.cpp:[m[K In member function ‘[01m[Kvirtual u_result rp::standalone::rplidar::RPlidarDriverImplCommon::setLidarSpinSpeed(_u16, _u32)[m[K’:
[01m[K/home/jetson/JetPilot/ros2/src/rplidar/sdk/src/rplidar_driver.cpp:2162:68:[m[K [01;35m[Kwarning: [m[Kunused parameter ‘[01m[Ktimeout[m[K’ [[01;35m[K-Wunused-parameter[m[K]
 u_result RPlidarDriverImplCommon::setLidarSpinSpeed(_u16 rpm, _u32 [01;35m[Ktimeout[m[K)
                                                                    [01;35m[K^~~~~~~[m[K
[01m[K/home/jetson/JetPilot/ros2/src/rplidar/sdk/src/rplidar_driver.cpp:[m[K In member function ‘[01m[Kvirtual u_result rp::standalone::rplidar::RPlidarDriverSerial::connect(const char*, _u32, _u32)[m[K’:
[01m[K/home/jetson/JetPilot/ros2/src/rplidar/sdk/src/rplidar_driver.cpp:2240:83:[m[K [01;35m[Kwarning: [m[Kunused parameter ‘[01m[Kflag[m[K’ [[01;35m[K-Wunused-parameter[m[K]
 u_result RPlidarDriverSerial::connect(const char * port_path, _u32 baudrate, _u32 [01;35m[Kflag[m[K)
                                                                                   [01;35m[K^~~~[m[K
[01m[K/home/jetson/JetPilot/ros2/src/rplidar/sdk/src/rplidar_driver.cpp:[m[K In member function ‘[01m[Kvirtual u_result rp::standalone::rplidar::RPlidarDriverTCP::connect(const char*, _u32, _u32)[m[K’:
[01m[K/home/jetson/JetPilot/ros2/src/rplidar/sdk/src/rplidar_driver.cpp:2282:72:[m[K [01;35m[Kwarning: [m[Kunused parameter ‘[01m[Kflag[m[K’ [[01;35m[K-Wunused-parameter[m[K]
 u_result RPlidarDriverTCP::connect(const char * ipStr, _u32 port, _u32 [01;35m[Kflag[m[K)
                                                                        [01;35m[K^~~~[m[K
[ 88%] [32m[1mLinking CXX executable rplidarNode[0m
[ 88%] Built target rplidarNode
[35m[1mScanning dependencies of target rplidar_composition[0m
[ 94%] [32mBuilding CXX object CMakeFiles/rplidar_composition.dir/src/standalone_rplidar.cpp.o[0m
In file included from [01m[K/home/jetson/JetPilot/ros2/src/rplidar/./sdk/include/rplidar.h:39:0[m[K,
                 from [01m[K/home/jetson/JetPilot/ros2/src/rplidar/include/rplidar_node.hpp:41[m[K,
                 from [01m[K/home/jetson/JetPilot/ros2/src/rplidar/src/standalone_rplidar.cpp:16[m[K:
[01m[K/home/jetson/JetPilot/ros2/src/rplidar/./sdk/include/rplidar_protocol.h:59:15:[m[K [01;35m[Kwarning: [m[KISO C++ forbids zero-size array ‘[01m[Kdata[m[K’ [[01;35m[K-Wpedantic[m[K]
     _u8 data[0[01;35m[K][m[K;
               [01;35m[K^[m[K
In file included from [01m[K/home/jetson/JetPilot/ros2/src/rplidar/./sdk/include/rplidar.h:40:0[m[K,
                 from [01m[K/home/jetson/JetPilot/ros2/src/rplidar/include/rplidar_node.hpp:41[m[K,
                 from [01m[K/home/jetson/JetPilot/ros2/src/rplidar/src/standalone_rplidar.cpp:16[m[K:
[01m[K/home/jetson/JetPilot/ros2/src/rplidar/./sdk/include/rplidar_cmd.h:260:19:[m[K [01;35m[Kwarning: [m[KISO C++ forbids zero-size array ‘[01m[Kpayload[m[K’ [[01;35m[K-Wpedantic[m[K]
     _u8  payload[0[01;35m[K][m[K;
                   [01;35m[K^[m[K
In file included from [01m[K/home/jetson/JetPilot/ros2/src/rplidar/src/standalone_rplidar.cpp:16:0[m[K:
[01m[K/home/jetson/JetPilot/ros2/src/rplidar/include/rplidar_node.hpp:76:14:[m[K [01;35m[Kwarning: [m[K‘[01m[Kfloat rplidar_ros::getAngle(const rplidar_response_measurement_node_hq_t&)[m[K’ defined but not used [[01;35m[K-Wunused-function[m[K]
 static float [01;35m[KgetAngle[m[K(const rplidar_response_measurement_node_hq_t& node)
              [01;35m[K^~~~~~~~[m[K
[100%] [32m[1mLinking CXX executable rplidar_composition[0m
[100%] Built target rplidar_composition
[ 38%] Built target rplidar_composition_node
[ 50%] Built target rplidarNodeClient
[ 88%] Built target rplidarNode
[100%] Built target rplidar_composition
[36mInstall the project...[0m
-- Install configuration: ""
-- Installing: /home/jetson/JetPilot/ros2/install/rplidar_ros/lib/rplidar_ros/rplidarNode
-- Set runtime path of "/home/jetson/JetPilot/ros2/install/rplidar_ros/lib/rplidar_ros/rplidarNode" to ""
-- Installing: /home/jetson/JetPilot/ros2/install/rplidar_ros/lib/rplidar_ros/rplidarNodeClient
-- Set runtime path of "/home/jetson/JetPilot/ros2/install/rplidar_ros/lib/rplidar_ros/rplidarNodeClient" to ""
-- Installing: /home/jetson/JetPilot/ros2/install/rplidar_ros/lib/rplidar_ros/rplidar_composition
-- Set runtime path of "/home/jetson/JetPilot/ros2/install/rplidar_ros/lib/rplidar_ros/rplidar_composition" to ""
-- Installing: /home/jetson/JetPilot/ros2/install/rplidar_ros/share/rplidar_ros/launch
-- Installing: /home/jetson/JetPilot/ros2/install/rplidar_ros/share/rplidar_ros/launch/rplidar_s1_tcp.launch.py
-- Installing: /home/jetson/JetPilot/ros2/install/rplidar_ros/share/rplidar_ros/launch/test_rplidar_a3.launch.py
-- Installing: /home/jetson/JetPilot/ros2/install/rplidar_ros/share/rplidar_ros/launch/rplidar_a3.launch.py
-- Installing: /home/jetson/JetPilot/ros2/install/rplidar_ros/share/rplidar_ros/launch/view_rplidar_s1_tcp.launch.py
-- Installing: /home/jetson/JetPilot/ros2/install/rplidar_ros/share/rplidar_ros/launch/rplidar.launch.py
-- Installing: /home/jetson/JetPilot/ros2/install/rplidar_ros/share/rplidar_ros/launch/view_rplidar_a3.launch.py
-- Installing: /home/jetson/JetPilot/ros2/install/rplidar_ros/share/rplidar_ros/launch/view_rplidar.launch.py
-- Installing: /home/jetson/JetPilot/ros2/install/rplidar_ros/share/rplidar_ros/launch/rplidar_s1.launch.py
-- Installing: /home/jetson/JetPilot/ros2/install/rplidar_ros/share/rplidar_ros/launch/view_rplidar_s1.launch.py
-- Installing: /home/jetson/JetPilot/ros2/install/rplidar_ros/share/rplidar_ros/launch/test_rplidar.launch.py
-- Installing: /home/jetson/JetPilot/ros2/install/rplidar_ros/share/rplidar_ros/rviz
-- Installing: /home/jetson/JetPilot/ros2/install/rplidar_ros/share/rplidar_ros/rviz/rplidar.rviz
-- Installing: /home/jetson/JetPilot/ros2/install/rplidar_ros/lib/librplidar_composition_node.so
-- Set runtime path of "/home/jetson/JetPilot/ros2/install/rplidar_ros/lib/librplidar_composition_node.so" to ""
-- Installing: /home/jetson/JetPilot/ros2/install/rplidar_ros/include
-- Installing: /home/jetson/JetPilot/ros2/install/rplidar_ros/include/visibility.h
-- Installing: /home/jetson/JetPilot/ros2/install/rplidar_ros/include/rplidar_node.hpp
-- Up-to-date: /home/jetson/JetPilot/ros2/install/rplidar_ros/lib/rplidar_ros/rplidarNode
-- Up-to-date: /home/jetson/JetPilot/ros2/install/rplidar_ros/lib/rplidar_ros/rplidarNodeClient
-- Up-to-date: /home/jetson/JetPilot/ros2/install/rplidar_ros/lib/rplidar_ros/rplidar_composition
-- Installing: /home/jetson/JetPilot/ros2/install/rplidar_ros/share/ament_index/resource_index/package_run_dependencies/rplidar_ros
-- Installing: /home/jetson/JetPilot/ros2/install/rplidar_ros/share/ament_index/resource_index/parent_prefix_path/rplidar_ros
-- Installing: /home/jetson/JetPilot/ros2/install/rplidar_ros/share/rplidar_ros/environment/ament_prefix_path.sh
-- Installing: /home/jetson/JetPilot/ros2/install/rplidar_ros/share/rplidar_ros/environment/path.sh
-- Installing: /home/jetson/JetPilot/ros2/install/rplidar_ros/share/rplidar_ros/local_setup.bash
-- Installing: /home/jetson/JetPilot/ros2/install/rplidar_ros/share/rplidar_ros/local_setup.sh
-- Installing: /home/jetson/JetPilot/ros2/install/rplidar_ros/share/rplidar_ros/local_setup.zsh
-- Installing: /home/jetson/JetPilot/ros2/install/rplidar_ros/share/ament_index/resource_index/packages/rplidar_ros
-- Installing: /home/jetson/JetPilot/ros2/install/rplidar_ros/share/rplidar_ros/cmake/ament_cmake_export_dependencies-extras.cmake
-- Installing: /home/jetson/JetPilot/ros2/install/rplidar_ros/share/rplidar_ros/cmake/ament_cmake_export_include_directories-extras.cmake
-- Installing: /home/jetson/JetPilot/ros2/install/rplidar_ros/share/rplidar_ros/cmake/rplidar_rosConfig.cmake
-- Installing: /home/jetson/JetPilot/ros2/install/rplidar_ros/share/rplidar_ros/cmake/rplidar_rosConfig-version.cmake
-- Installing: /home/jetson/JetPilot/ros2/install/rplidar_ros/share/rplidar_ros/package.xml
