[2.577s] Invoking command in '/home/jetson/JetPilot/ros2/src/imu_bno055': AMENT_PREFIX_PATH=/home/jetson/JetPilot/ros2/install/jetpilot_msgs CMAKE_PREFIX_PATH=/home/jetson/JetPilot/ros2/install/jetpilot_msgs LD_LIBRARY_PATH=/home/jetson/JetPilot/ros2/install/jetpilot_msgs/lib PYTHONPATH=/home/jetson/JetPilot/ros2/install/imu_bno055/lib/python3.6/site-packages:/home/jetson/JetPilot/ros2/install/jetpilot_msgs/lib/python3.6/site-packages /usr/bin/python3 setup.py egg_info --egg-base ../../build/imu_bno055 build --build-base /home/jetson/JetPilot/ros2/build/imu_bno055/build install --prefix /home/jetson/JetPilot/ros2/install/imu_bno055 --record /home/jetson/JetPilot/ros2/build/imu_bno055/install.log --single-version-externally-managed
[4.892s] running egg_info
[4.903s] writing ../../build/imu_bno055/imu_bno055.egg-info/PKG-INFO
[4.904s] writing dependency_links to ../../build/imu_bno055/imu_bno055.egg-info/dependency_links.txt
[4.905s] writing entry points to ../../build/imu_bno055/imu_bno055.egg-info/entry_points.txt
[4.906s] writing requirements to ../../build/imu_bno055/imu_bno055.egg-info/requires.txt
[4.924s] writing top-level names to ../../build/imu_bno055/imu_bno055.egg-info/top_level.txt
[5.248s] reading manifest file '../../build/imu_bno055/imu_bno055.egg-info/SOURCES.txt'
[5.258s] writing manifest file '../../build/imu_bno055/imu_bno055.egg-info/SOURCES.txt'
[5.259s] running build
[5.260s] running build_py
[5.261s] copying imu_bno055/imu_bno055_node.py -> /home/jetson/JetPilot/ros2/build/imu_bno055/build/lib/imu_bno055
[5.262s] running install
[5.264s] running install_lib
[5.270s] copying /home/jetson/JetPilot/ros2/build/imu_bno055/build/lib/imu_bno055/imu_bno055_node.py -> /home/jetson/JetPilot/ros2/install/imu_bno055/lib/python3.6/site-packages/imu_bno055
[5.273s] byte-compiling /home/jetson/JetPilot/ros2/install/imu_bno055/lib/python3.6/site-packages/imu_bno055/imu_bno055_node.py to imu_bno055_node.cpython-36.pyc
[5.278s] running install_data
[5.284s] running install_egg_info
[5.296s] removing '/home/jetson/JetPilot/ros2/install/imu_bno055/lib/python3.6/site-packages/imu_bno055-0.0.0-py3.6.egg-info' (and everything under it)
[5.298s] Copying ../../build/imu_bno055/imu_bno055.egg-info to /home/jetson/JetPilot/ros2/install/imu_bno055/lib/python3.6/site-packages/imu_bno055-0.0.0-py3.6.egg-info
[5.305s] running install_scripts
[5.444s] Installing imu_bno055_node script to /home/jetson/JetPilot/ros2/install/imu_bno055/lib/imu_bno055
[5.451s] writing list of installed files to '/home/jetson/JetPilot/ros2/build/imu_bno055/install.log'
[5.585s] Invoked command in '/home/jetson/JetPilot/ros2/src/imu_bno055' returned '0': AMENT_PREFIX_PATH=/home/jetson/JetPilot/ros2/install/jetpilot_msgs CMAKE_PREFIX_PATH=/home/jetson/JetPilot/ros2/install/jetpilot_msgs LD_LIBRARY_PATH=/home/jetson/JetPilot/ros2/install/jetpilot_msgs/lib PYTHONPATH=/home/jetson/JetPilot/ros2/install/imu_bno055/lib/python3.6/site-packages:/home/jetson/JetPilot/ros2/install/jetpilot_msgs/lib/python3.6/site-packages /usr/bin/python3 setup.py egg_info --egg-base ../../build/imu_bno055 build --build-base /home/jetson/JetPilot/ros2/build/imu_bno055/build install --prefix /home/jetson/JetPilot/ros2/install/imu_bno055 --record /home/jetson/JetPilot/ros2/build/imu_bno055/install.log --single-version-externally-managed
