[35m[1mScanning dependencies of target front_cam_node[0m
[ 50%] [32mBuilding CXX object CMakeFiles/front_cam_node.dir/src/front_cam_node.cpp.o[0m
In file included from [01m[K/home/jetson/JetAutonomy/ros2/src/front_cam/src/front_cam_node.cpp:7:0[m[K:
[01m[K/home/jetson/JetAutonomy/ros2/src/front_cam/include/CSICamera.hpp:28:29:[m[K [01;31m[Kerror: [m[K‘[01m[Kcapture_thread[m[K’ is not a type
         std::thread thread_([01;31m[Kcapture_thread[m[K);
                             [01;31m[K^~~~~~~~~~~~~~[m[K
[01m[K/home/jetson/JetAutonomy/ros2/src/front_cam/include/CSICamera.hpp:47:14:[m[K [01;31m[Kerror: [m[K‘[01m[Kvoid CSICamera::capture_thread()[m[K’ cannot be overloaded
         void [01;31m[Kcapture_thread[m[K() {
              [01;31m[K^~~~~~~~~~~~~~[m[K
[01m[K/home/jetson/JetAutonomy/ros2/src/front_cam/include/CSICamera.hpp:27:14:[m[K [01;31m[Kerror: [m[Kwith ‘[01m[Kvoid CSICamera::capture_thread()[m[K’
         void [01;31m[Kcapture_thread[m[K();
              [01;31m[K^~~~~~~~~~~~~~[m[K
[01m[K/home/jetson/JetAutonomy/ros2/src/front_cam/include/CSICamera.hpp:31:9:[m[K [01;31m[Kerror: [m[Kexpected ‘[01m[K;[m[K’ before ‘[01m[Kcv[m[K’
         [01;31m[Kcv[m[K::Mat frame_;
         [01;31m[K^~[m[K
[01m[K/home/jetson/JetAutonomy/ros2/src/front_cam/include/CSICamera.hpp:[m[K In member function ‘[01m[Kvoid CSICamera::capture_thread()[m[K’:
[01m[K/home/jetson/JetAutonomy/ros2/src/front_cam/include/CSICamera.hpp:50:32:[m[K [01;31m[Kerror: [m[K‘[01m[Kclass CSICamera[m[K’ has no member named ‘[01m[Kframe_[m[K’; did you mean ‘[01m[Kframe_rate[m[K’?
                 cap.read(this->[01;31m[Kframe_[m[K);
                                [01;31m[K^~~~~~[m[K
                                [32m[Kframe_rate[m[K
[01m[K/home/jetson/JetAutonomy/ros2/src/front_cam/include/CSICamera.hpp:52:27:[m[K [01;31m[Kerror: [m[K‘[01m[Kclass CSICamera[m[K’ has no member named ‘[01m[Kframe_[m[K’; did you mean ‘[01m[Kframe_rate[m[K’?
                 if (this->[01;31m[Kframe_[m[K.empty()) {
                           [01;31m[K^~~~~~[m[K
                           [32m[Kframe_rate[m[K
[01m[K/home/jetson/JetAutonomy/ros2/src/front_cam/include/CSICamera.hpp:[m[K In member function ‘[01m[Kint CSICamera::read(cv::Mat&)[m[K’:
[01m[K/home/jetson/JetAutonomy/ros2/src/front_cam/include/CSICamera.hpp:110:19:[m[K [01;31m[Kerror: [m[K‘[01m[Kclass CSICamera[m[K’ has no member named ‘[01m[Kframe_[m[K’; did you mean ‘[01m[Kframe_rate[m[K’?
             this->[01;31m[Kframe_[m[K.copyTo(frame);
                   [01;31m[K^~~~~~[m[K
                   [32m[Kframe_rate[m[K
CMakeFiles/front_cam_node.dir/build.make:62: recipe for target 'CMakeFiles/front_cam_node.dir/src/front_cam_node.cpp.o' failed
make[2]: *** [CMakeFiles/front_cam_node.dir/src/front_cam_node.cpp.o] Error 1
CMakeFiles/Makefile2:67: recipe for target 'CMakeFiles/front_cam_node.dir/all' failed
make[1]: *** [CMakeFiles/front_cam_node.dir/all] Error 2
make: *** [all] Error 2
Makefile:140: recipe for target 'all' failed
