[6.756s] DEBUG:colcon:Command line arguments: ['/usr/bin/colcon', 'build', '--packages-select', 'jetpilot_msgs']
[6.757s] DEBUG:colcon:Parsed command line arguments: Namespace(ament_cmake_args=None, base_paths=['.'], build_base='build', catkin_cmake_args=None, catkin_skip_building_tests=False, cmake_args=None, cmake_clean_cache=False, cmake_clean_first=False, cmake_force_configure=False, cmake_target=None, cmake_target_skip_unavailable=False, continue_on_error=False, event_handlers=None, executor='parallel', ignore_user_meta=False, install_base='install', log_base=None, log_level=None, main=<bound method BuildVerb.main of <colcon_core.verb.build.BuildVerb object at 0x7f95e2feb8>>, merge_install=False, metas=['./colcon.meta'], packages_above=None, packages_above_and_dependencies=None, packages_above_depth=None, packages_end=None, packages_ignore=None, packages_ignore_regex=None, packages_select=['jetpilot_msgs'], packages_select_build_failed=False, packages_select_by_dep=None, packages_select_regex=None, packages_select_test_failures=False, packages_skip=None, packages_skip_build_finished=False, packages_skip_by_dep=None, packages_skip_regex=None, packages_skip_test_passed=False, packages_skip_up_to=None, packages_start=None, packages_up_to=None, packages_up_to_regex=None, parallel_workers=2, paths=None, symlink_install=False, test_result_base=None, verb_extension=<colcon_core.verb.build.BuildVerb object at 0x7f95e2feb8>, verb_name='build', verb_parser=<colcon_defaults.argument_parser.defaults.DefaultArgumentsDecorator object at 0x7f95d76240>)
[6.898s] Level 1:colcon.colcon_core.package_discovery:discover_packages(colcon_meta) check parameters
[6.900s] Level 1:colcon.colcon_core.package_discovery:discover_packages(recursive) check parameters
[6.902s] Level 1:colcon.colcon_core.package_discovery:discover_packages(ignore) check parameters
[6.903s] Level 1:colcon.colcon_core.package_discovery:discover_packages(path) check parameters
[6.905s] Level 1:colcon.colcon_core.package_discovery:discover_packages(colcon_meta) discover
[6.909s] Level 1:colcon.colcon_core.package_discovery:discover_packages(recursive) discover
[6.911s] INFO:colcon.colcon_core.package_discovery:Crawling recursively for packages in '/home/jetson/JetPilot/ros2'
[6.913s] Level 1:colcon.colcon_core.package_identification:_identify(.) by extensions ['ignore', 'ignore_ament_install']
[6.915s] Level 1:colcon.colcon_core.package_identification:_identify(.) by extension 'ignore'
[6.917s] Level 1:colcon.colcon_core.package_identification:_identify(.) by extension 'ignore_ament_install'
[6.919s] Level 1:colcon.colcon_core.package_identification:_identify(.) by extensions ['colcon_pkg']
[6.920s] Level 1:colcon.colcon_core.package_identification:_identify(.) by extension 'colcon_pkg'
[6.922s] Level 1:colcon.colcon_core.package_identification:_identify(.) by extensions ['colcon_meta']
[6.923s] Level 1:colcon.colcon_core.package_identification:_identify(.) by extension 'colcon_meta'
[6.925s] Level 1:colcon.colcon_core.package_identification:_identify(.) by extensions ['ros']
[6.927s] Level 1:colcon.colcon_core.package_identification:_identify(.) by extension 'ros'
[7.124s] Level 1:colcon.colcon_core.package_identification:_identify(.) by extensions ['cmake', 'python']
[7.126s] Level 1:colcon.colcon_core.package_identification:_identify(.) by extension 'cmake'
[7.128s] Level 1:colcon.colcon_core.package_identification:_identify(.) by extension 'python'
[7.129s] Level 1:colcon.colcon_core.package_identification:_identify(.) by extensions ['python_setup_py']
[7.129s] Level 1:colcon.colcon_core.package_identification:_identify(.) by extension 'python_setup_py'
[7.130s] Level 1:colcon.colcon_core.package_identification:_identify(build) by extensions ['ignore', 'ignore_ament_install']
[7.131s] Level 1:colcon.colcon_core.package_identification:_identify(build) by extension 'ignore'
[7.132s] Level 1:colcon.colcon_core.package_identification:_identify(build) ignored
[7.135s] Level 1:colcon.colcon_core.package_identification:_identify(install) by extensions ['ignore', 'ignore_ament_install']
[7.136s] Level 1:colcon.colcon_core.package_identification:_identify(install) by extension 'ignore'
[7.136s] Level 1:colcon.colcon_core.package_identification:_identify(install) ignored
[7.137s] Level 1:colcon.colcon_core.package_identification:_identify(log) by extensions ['ignore', 'ignore_ament_install']
[7.138s] Level 1:colcon.colcon_core.package_identification:_identify(log) by extension 'ignore'
[7.138s] Level 1:colcon.colcon_core.package_identification:_identify(log) ignored
[7.139s] Level 1:colcon.colcon_core.package_identification:_identify(src) by extensions ['ignore', 'ignore_ament_install']
[7.140s] Level 1:colcon.colcon_core.package_identification:_identify(src) by extension 'ignore'
[7.141s] Level 1:colcon.colcon_core.package_identification:_identify(src) by extension 'ignore_ament_install'
[7.142s] Level 1:colcon.colcon_core.package_identification:_identify(src) by extensions ['colcon_pkg']
[7.142s] Level 1:colcon.colcon_core.package_identification:_identify(src) by extension 'colcon_pkg'
[7.142s] Level 1:colcon.colcon_core.package_identification:_identify(src) by extensions ['colcon_meta']
[7.143s] Level 1:colcon.colcon_core.package_identification:_identify(src) by extension 'colcon_meta'
[7.143s] Level 1:colcon.colcon_core.package_identification:_identify(src) by extensions ['ros']
[7.143s] Level 1:colcon.colcon_core.package_identification:_identify(src) by extension 'ros'
[7.144s] Level 1:colcon.colcon_core.package_identification:_identify(src) by extensions ['cmake', 'python']
[7.144s] Level 1:colcon.colcon_core.package_identification:_identify(src) by extension 'cmake'
[7.145s] Level 1:colcon.colcon_core.package_identification:_identify(src) by extension 'python'
[7.145s] Level 1:colcon.colcon_core.package_identification:_identify(src) by extensions ['python_setup_py']
[7.146s] Level 1:colcon.colcon_core.package_identification:_identify(src) by extension 'python_setup_py'
[7.147s] Level 1:colcon.colcon_core.package_identification:_identify(src/front_cam) by extensions ['ignore', 'ignore_ament_install']
[7.148s] Level 1:colcon.colcon_core.package_identification:_identify(src/front_cam) by extension 'ignore'
[7.148s] Level 1:colcon.colcon_core.package_identification:_identify(src/front_cam) by extension 'ignore_ament_install'
[7.149s] Level 1:colcon.colcon_core.package_identification:_identify(src/front_cam) by extensions ['colcon_pkg']
[7.149s] Level 1:colcon.colcon_core.package_identification:_identify(src/front_cam) by extension 'colcon_pkg'
[7.150s] Level 1:colcon.colcon_core.package_identification:_identify(src/front_cam) by extensions ['colcon_meta']
[7.150s] Level 1:colcon.colcon_core.package_identification:_identify(src/front_cam) by extension 'colcon_meta'
[7.151s] Level 1:colcon.colcon_core.package_identification:_identify(src/front_cam) by extensions ['ros']
[7.151s] Level 1:colcon.colcon_core.package_identification:_identify(src/front_cam) by extension 'ros'
[7.171s] DEBUG:colcon.colcon_core.package_identification:Package 'src/front_cam' with type 'ros.ament_cmake' and name 'front_cam'
[7.172s] Level 1:colcon.colcon_core.package_identification:_identify(src/imu_bno055) by extensions ['ignore', 'ignore_ament_install']
[7.173s] Level 1:colcon.colcon_core.package_identification:_identify(src/imu_bno055) by extension 'ignore'
[7.174s] Level 1:colcon.colcon_core.package_identification:_identify(src/imu_bno055) by extension 'ignore_ament_install'
[7.174s] Level 1:colcon.colcon_core.package_identification:_identify(src/imu_bno055) by extensions ['colcon_pkg']
[7.175s] Level 1:colcon.colcon_core.package_identification:_identify(src/imu_bno055) by extension 'colcon_pkg'
[7.175s] Level 1:colcon.colcon_core.package_identification:_identify(src/imu_bno055) by extensions ['colcon_meta']
[7.176s] Level 1:colcon.colcon_core.package_identification:_identify(src/imu_bno055) by extension 'colcon_meta'
[7.176s] Level 1:colcon.colcon_core.package_identification:_identify(src/imu_bno055) by extensions ['ros']
[7.177s] Level 1:colcon.colcon_core.package_identification:_identify(src/imu_bno055) by extension 'ros'
[7.184s] DEBUG:colcon.colcon_core.package_identification:Package 'src/imu_bno055' with type 'ros.ament_python' and name 'joystick'
[7.185s] Level 1:colcon.colcon_core.package_identification:_identify(src/jet_drive) by extensions ['ignore', 'ignore_ament_install']
[7.186s] Level 1:colcon.colcon_core.package_identification:_identify(src/jet_drive) by extension 'ignore'
[7.189s] Level 1:colcon.colcon_core.package_identification:_identify(src/jet_drive) by extension 'ignore_ament_install'
[7.190s] Level 1:colcon.colcon_core.package_identification:_identify(src/jet_drive) by extensions ['colcon_pkg']
[7.190s] Level 1:colcon.colcon_core.package_identification:_identify(src/jet_drive) by extension 'colcon_pkg'
[7.191s] Level 1:colcon.colcon_core.package_identification:_identify(src/jet_drive) by extensions ['colcon_meta']
[7.191s] Level 1:colcon.colcon_core.package_identification:_identify(src/jet_drive) by extension 'colcon_meta'
[7.192s] Level 1:colcon.colcon_core.package_identification:_identify(src/jet_drive) by extensions ['ros']
[7.192s] Level 1:colcon.colcon_core.package_identification:_identify(src/jet_drive) by extension 'ros'
[7.199s] DEBUG:colcon.colcon_core.package_identification:Package 'src/jet_drive' with type 'ros.ament_python' and name 'jet_drive'
[7.200s] Level 1:colcon.colcon_core.package_identification:_identify(src/jet_drive_moderator) by extensions ['ignore', 'ignore_ament_install']
[7.201s] Level 1:colcon.colcon_core.package_identification:_identify(src/jet_drive_moderator) by extension 'ignore'
[7.202s] Level 1:colcon.colcon_core.package_identification:_identify(src/jet_drive_moderator) by extension 'ignore_ament_install'
[7.203s] Level 1:colcon.colcon_core.package_identification:_identify(src/jet_drive_moderator) by extensions ['colcon_pkg']
[7.203s] Level 1:colcon.colcon_core.package_identification:_identify(src/jet_drive_moderator) by extension 'colcon_pkg'
[7.203s] Level 1:colcon.colcon_core.package_identification:_identify(src/jet_drive_moderator) by extensions ['colcon_meta']
[7.204s] Level 1:colcon.colcon_core.package_identification:_identify(src/jet_drive_moderator) by extension 'colcon_meta'
[7.204s] Level 1:colcon.colcon_core.package_identification:_identify(src/jet_drive_moderator) by extensions ['ros']
[7.205s] Level 1:colcon.colcon_core.package_identification:_identify(src/jet_drive_moderator) by extension 'ros'
[7.222s] DEBUG:colcon.colcon_core.package_identification:Package 'src/jet_drive_moderator' with type 'ros.ament_cmake' and name 'jet_drive_moderator'
[7.223s] Level 1:colcon.colcon_core.package_identification:_identify(src/jetpilot_msgs) by extensions ['ignore', 'ignore_ament_install']
[7.226s] Level 1:colcon.colcon_core.package_identification:_identify(src/jetpilot_msgs) by extension 'ignore'
[7.226s] Level 1:colcon.colcon_core.package_identification:_identify(src/jetpilot_msgs) by extension 'ignore_ament_install'
[7.233s] Level 1:colcon.colcon_core.package_identification:_identify(src/jetpilot_msgs) by extensions ['colcon_pkg']
[7.233s] Level 1:colcon.colcon_core.package_identification:_identify(src/jetpilot_msgs) by extension 'colcon_pkg'
[7.234s] Level 1:colcon.colcon_core.package_identification:_identify(src/jetpilot_msgs) by extensions ['colcon_meta']
[7.234s] Level 1:colcon.colcon_core.package_identification:_identify(src/jetpilot_msgs) by extension 'colcon_meta'
[7.235s] Level 1:colcon.colcon_core.package_identification:_identify(src/jetpilot_msgs) by extensions ['ros']
[7.235s] Level 1:colcon.colcon_core.package_identification:_identify(src/jetpilot_msgs) by extension 'ros'
[7.247s] DEBUG:colcon.colcon_core.package_identification:Package 'src/jetpilot_msgs' with type 'ros.ament_cmake' and name 'jetpilot_msgs'
[7.248s] Level 1:colcon.colcon_core.package_identification:_identify(src/joystick) by extensions ['ignore', 'ignore_ament_install']
[7.248s] Level 1:colcon.colcon_core.package_identification:_identify(src/joystick) by extension 'ignore'
[7.251s] Level 1:colcon.colcon_core.package_identification:_identify(src/joystick) by extension 'ignore_ament_install'
[7.252s] Level 1:colcon.colcon_core.package_identification:_identify(src/joystick) by extensions ['colcon_pkg']
[7.253s] Level 1:colcon.colcon_core.package_identification:_identify(src/joystick) by extension 'colcon_pkg'
[7.257s] Level 1:colcon.colcon_core.package_identification:_identify(src/joystick) by extensions ['colcon_meta']
[7.258s] Level 1:colcon.colcon_core.package_identification:_identify(src/joystick) by extension 'colcon_meta'
[7.258s] Level 1:colcon.colcon_core.package_identification:_identify(src/joystick) by extensions ['ros']
[7.259s] Level 1:colcon.colcon_core.package_identification:_identify(src/joystick) by extension 'ros'
[7.270s] DEBUG:colcon.colcon_core.package_identification:Package 'src/joystick' with type 'ros.ament_python' and name 'joystick'
[7.271s] Level 1:colcon.colcon_core.package_identification:_identify(src/rplidar) by extensions ['ignore', 'ignore_ament_install']
[7.272s] Level 1:colcon.colcon_core.package_identification:_identify(src/rplidar) by extension 'ignore'
[7.273s] Level 1:colcon.colcon_core.package_identification:_identify(src/rplidar) by extension 'ignore_ament_install'
[7.273s] Level 1:colcon.colcon_core.package_identification:_identify(src/rplidar) by extensions ['colcon_pkg']
[7.274s] Level 1:colcon.colcon_core.package_identification:_identify(src/rplidar) by extension 'colcon_pkg'
[7.274s] Level 1:colcon.colcon_core.package_identification:_identify(src/rplidar) by extensions ['colcon_meta']
[7.274s] Level 1:colcon.colcon_core.package_identification:_identify(src/rplidar) by extension 'colcon_meta'
[7.275s] Level 1:colcon.colcon_core.package_identification:_identify(src/rplidar) by extensions ['ros']
[7.275s] Level 1:colcon.colcon_core.package_identification:_identify(src/rplidar) by extension 'ros'
[7.281s] DEBUG:colcon.colcon_core.package_identification:Package 'src/rplidar' with type 'ros.ament_cmake' and name 'rplidar_ros'
[7.281s] Level 1:colcon.colcon_core.package_discovery:discover_packages(recursive) using defaults
[7.283s] Level 1:colcon.colcon_core.package_discovery:discover_packages(ignore) discover
[7.283s] Level 1:colcon.colcon_core.package_discovery:discover_packages(ignore) using defaults
[7.284s] Level 1:colcon.colcon_core.package_discovery:discover_packages(path) discover
[7.284s] Level 1:colcon.colcon_core.package_discovery:discover_packages(path) using defaults
[7.825s] INFO:colcon.colcon_core.package_selection:Skipping not selected package 'front_cam' in 'src/front_cam'
[7.831s] INFO:colcon.colcon_core.package_selection:Skipping not selected package 'rplidar_ros' in 'src/rplidar'
[7.832s] INFO:colcon.colcon_core.package_selection:Skipping not selected package 'jet_drive' in 'src/jet_drive'
[7.837s] INFO:colcon.colcon_core.package_selection:Skipping not selected package 'jet_drive_moderator' in 'src/jet_drive_moderator'
[7.838s] INFO:colcon.colcon_core.package_selection:Skipping not selected package 'joystick' in 'src/joystick'
[7.838s] INFO:colcon.colcon_core.package_selection:Skipping not selected package 'joystick' in 'src/imu_bno055'
[7.982s] Level 5:colcon.colcon_core.verb:set package 'jetpilot_msgs' build argument 'cmake_args' from command line to 'None'
[7.982s] Level 5:colcon.colcon_core.verb:set package 'jetpilot_msgs' build argument 'cmake_target' from command line to 'None'
[7.983s] Level 5:colcon.colcon_core.verb:set package 'jetpilot_msgs' build argument 'cmake_target_skip_unavailable' from command line to 'False'
[7.983s] Level 5:colcon.colcon_core.verb:set package 'jetpilot_msgs' build argument 'cmake_clean_cache' from command line to 'False'
[7.984s] Level 5:colcon.colcon_core.verb:set package 'jetpilot_msgs' build argument 'cmake_clean_first' from command line to 'False'
[7.984s] Level 5:colcon.colcon_core.verb:set package 'jetpilot_msgs' build argument 'cmake_force_configure' from command line to 'False'
[7.984s] Level 5:colcon.colcon_core.verb:set package 'jetpilot_msgs' build argument 'ament_cmake_args' from command line to 'None'
[7.985s] Level 5:colcon.colcon_core.verb:set package 'jetpilot_msgs' build argument 'catkin_cmake_args' from command line to 'None'
[7.985s] Level 5:colcon.colcon_core.verb:set package 'jetpilot_msgs' build argument 'catkin_skip_building_tests' from command line to 'False'
[7.985s] DEBUG:colcon.colcon_core.verb:Building package 'jetpilot_msgs' with the following arguments: {'ament_cmake_args': None, 'build_base': '/home/jetson/JetPilot/ros2/build/jetpilot_msgs', 'catkin_cmake_args': None, 'catkin_skip_building_tests': False, 'cmake_args': None, 'cmake_clean_cache': False, 'cmake_clean_first': False, 'cmake_force_configure': False, 'cmake_target': None, 'cmake_target_skip_unavailable': False, 'install_base': '/home/jetson/JetPilot/ros2/install/jetpilot_msgs', 'merge_install': False, 'path': '/home/jetson/JetPilot/ros2/src/jetpilot_msgs', 'symlink_install': False, 'test_result_base': None}
[7.992s] INFO:colcon.colcon_core.executor:Executing jobs using 'parallel' executor
[8.020s] DEBUG:colcon.colcon_parallel_executor.executor.parallel:run_until_complete
[8.022s] INFO:colcon.colcon_ros.task.ament_cmake.build:Building ROS package in '/home/jetson/JetPilot/ros2/src/jetpilot_msgs' with build type 'ament_cmake'
[8.023s] INFO:colcon.colcon_cmake.task.cmake.build:Building CMake package in '/home/jetson/JetPilot/ros2/src/jetpilot_msgs'
[8.174s] INFO:colcon.colcon_core.plugin_system:Skipping extension 'colcon_core.shell.bat': Not used on non-Windows systems
[8.179s] INFO:colcon.colcon_core.shell:Skip shell extension 'powershell' for command environment: Not usable outside of PowerShell
[8.181s] DEBUG:colcon.colcon_core.shell:Skip shell extension 'dsv' for command environment
[8.281s] WARNING:colcon.colcon_core.prefix_path.colcon:The path '/home/jetson/JetAutonomy/ros2/install' in the environment variable COLCON_PREFIX_PATH doesn't exist
[8.286s] WARNING:colcon.colcon_ros.prefix_path.ament:The path '/home/jetson/JetAutonomy/ros2/install/rplidar_ros' in the environment variable AMENT_PREFIX_PATH doesn't exist
[8.290s] WARNING:colcon.colcon_ros.prefix_path.ament:The path '/home/jetson/JetAutonomy/ros2/install/joystick' in the environment variable AMENT_PREFIX_PATH doesn't exist
[8.291s] WARNING:colcon.colcon_ros.prefix_path.ament:The path '/home/jetson/JetAutonomy/ros2/install/jet_drive_moderator' in the environment variable AMENT_PREFIX_PATH doesn't exist
[8.292s] WARNING:colcon.colcon_ros.prefix_path.ament:The path '/home/jetson/JetAutonomy/ros2/install/jet_drive' in the environment variable AMENT_PREFIX_PATH doesn't exist
[8.308s] WARNING:colcon.colcon_ros.prefix_path.ament:The path '/home/jetson/JetAutonomy/ros2/install/jet_autonomy_msgs' in the environment variable AMENT_PREFIX_PATH doesn't exist
[8.312s] WARNING:colcon.colcon_ros.prefix_path.ament:The path '/home/jetson/JetAutonomy/ros2/install/front_cam' in the environment variable AMENT_PREFIX_PATH doesn't exist
[8.315s] WARNING:colcon.colcon_ros.prefix_path.ament:The path '/home/jetson/JetAutonomy/ros2/install/bno055' in the environment variable AMENT_PREFIX_PATH doesn't exist
[8.588s] WARNING:colcon.colcon_ros.prefix_path.catkin:The path '/home/jetson/JetAutonomy/ros2/install/rplidar_ros' in the environment variable CMAKE_PREFIX_PATH doesn't exist
[8.608s] WARNING:colcon.colcon_ros.prefix_path.catkin:The path '/home/jetson/JetAutonomy/ros2/install/jet_drive_moderator' in the environment variable CMAKE_PREFIX_PATH doesn't exist
[8.610s] WARNING:colcon.colcon_ros.prefix_path.catkin:The path '/home/jetson/JetAutonomy/ros2/install/jet_autonomy_msgs' in the environment variable CMAKE_PREFIX_PATH doesn't exist
[8.616s] WARNING:colcon.colcon_ros.prefix_path.catkin:The path '/home/jetson/JetAutonomy/ros2/install/front_cam' in the environment variable CMAKE_PREFIX_PATH doesn't exist
[9.592s] DEBUG:colcon.colcon_core.event_handler.log_command:Invoking command in '/home/jetson/JetPilot/ros2/build/jetpilot_msgs': CMAKE_PREFIX_PATH=${CMAKE_PREFIX_PATH}:/home/jetson/JetAutonomy/ros2/install/joystick:/home/jetson/JetAutonomy/ros2/install/jet_drive:/home/jetson/JetAutonomy/ros2/install/bno055:/home/jetson/ros2_dashing/install/ros2bag:/home/jetson/ros2_dashing/install/topic_monitor:/home/jetson/ros2_dashing/install/sros2:/home/jetson/ros2_dashing/install/rqt_topic:/home/jetson/ros2_dashing/install/rqt_top:/home/jetson/ros2_dashing/install/rqt_srv:/home/jetson/ros2_dashing/install/rqt_shell:/home/jetson/ros2_dashing/install/rqt_service_caller:/home/jetson/ros2_dashing/install/rqt_py_console:/home/jetson/ros2_dashing/install/rqt_action:/home/jetson/ros2_dashing/install/rqt:/home/jetson/ros2_dashing/install/rqt_graph:/home/jetson/ros2_dashing/install/rqt_gui_py:/home/jetson/ros2_dashing/install/rqt_gui:/home/jetson/ros2_dashing/install/ros2topic:/home/jetson/ros2_dashing/install/ros2test:/home/jetson/ros2_dashing/install/ros2component:/home/jetson/ros2_dashing/install/ros2param:/home/jetson/ros2_dashing/install/ros2lifecycle:/home/jetson/ros2_dashing/install/ros2service:/home/jetson/ros2_dashing/install/ros2srv:/home/jetson/ros2_dashing/install/ros2run:/home/jetson/ros2_dashing/install/ros2launch:/home/jetson/ros2_dashing/install/ros2pkg:/home/jetson/ros2_dashing/install/ros2node:/home/jetson/ros2_dashing/install/ros2multicast:/home/jetson/ros2_dashing/install/ros2msg:/home/jetson/ros2_dashing/install/ros2action:/home/jetson/ros2_dashing/install/ros2cli:/home/jetson/ros2_dashing/install/quality_of_service_demo_py:/home/jetson/ros2_dashing/install/launch_testing_ros:/home/jetson/ros2_dashing/install/launch_ros:/home/jetson/ros2_dashing/install/examples_rclpy_minimal_subscriber:/home/jetson/ros2_dashing/install/examples_rclpy_minimal_service:/home/jetson/ros2_dashing/install/examples_rclpy_minimal_publisher:/home/jetson/ros2_dashing/install/examples_rclpy_minimal_client:/home/jetson/ros2_dashing/install/examples_rclpy_minimal_action_server:/home/jetson/ros2_dashing/install/examples_rclpy_minimal_action_client:/home/jetson/ros2_dashing/install/examples_rclpy_executors:/home/jetson/ros2_dashing/install/demo_nodes_py:/home/jetson/ros2_dashing/install/ament_uncrustify:/home/jetson/ros2_dashing/install/test_launch_ros:/home/jetson/ros2_dashing/install/rosidl_runtime_py:/home/jetson/ros2_dashing/install/launch_testing:/home/jetson/ros2_dashing/install/launch:/home/jetson/ros2_dashing/install/osrf_pycommon:/home/jetson/ros2_dashing/install/ament_xmllint:/home/jetson/ros2_dashing/install/ament_pyflakes:/home/jetson/ros2_dashing/install/ament_pep8:/home/jetson/ros2_dashing/install/ament_pep257:/home/jetson/ros2_dashing/install/ament_pclint:/home/jetson/ros2_dashing/install/ament_package:/home/jetson/ros2_dashing/install/ament_lint_cmake:/home/jetson/ros2_dashing/install/ament_flake8:/home/jetson/ros2_dashing/install/ament_copyright:/home/jetson/ros2_dashing/install/ament_lint:/home/jetson/ros2_dashing/install/ament_index_python:/home/jetson/ros2_dashing/install/ament_cpplint:/home/jetson/ros2_dashing/install/ament_cppcheck:/home/jetson/ros2_dashing/install/ament_clang_tidy:/home/jetson/ros2_dashing/install/ament_clang_format /usr/bin/cmake --build /home/jetson/JetPilot/ros2/build/jetpilot_msgs -- -j2 -l2
[303.379s] DEBUG:colcon.colcon_core.event_handler.log_command:Invoked command in '/home/jetson/JetPilot/ros2/build/jetpilot_msgs' returned '0': CMAKE_PREFIX_PATH=${CMAKE_PREFIX_PATH}:/home/jetson/JetAutonomy/ros2/install/joystick:/home/jetson/JetAutonomy/ros2/install/jet_drive:/home/jetson/JetAutonomy/ros2/install/bno055:/home/jetson/ros2_dashing/install/ros2bag:/home/jetson/ros2_dashing/install/topic_monitor:/home/jetson/ros2_dashing/install/sros2:/home/jetson/ros2_dashing/install/rqt_topic:/home/jetson/ros2_dashing/install/rqt_top:/home/jetson/ros2_dashing/install/rqt_srv:/home/jetson/ros2_dashing/install/rqt_shell:/home/jetson/ros2_dashing/install/rqt_service_caller:/home/jetson/ros2_dashing/install/rqt_py_console:/home/jetson/ros2_dashing/install/rqt_action:/home/jetson/ros2_dashing/install/rqt:/home/jetson/ros2_dashing/install/rqt_graph:/home/jetson/ros2_dashing/install/rqt_gui_py:/home/jetson/ros2_dashing/install/rqt_gui:/home/jetson/ros2_dashing/install/ros2topic:/home/jetson/ros2_dashing/install/ros2test:/home/jetson/ros2_dashing/install/ros2component:/home/jetson/ros2_dashing/install/ros2param:/home/jetson/ros2_dashing/install/ros2lifecycle:/home/jetson/ros2_dashing/install/ros2service:/home/jetson/ros2_dashing/install/ros2srv:/home/jetson/ros2_dashing/install/ros2run:/home/jetson/ros2_dashing/install/ros2launch:/home/jetson/ros2_dashing/install/ros2pkg:/home/jetson/ros2_dashing/install/ros2node:/home/jetson/ros2_dashing/install/ros2multicast:/home/jetson/ros2_dashing/install/ros2msg:/home/jetson/ros2_dashing/install/ros2action:/home/jetson/ros2_dashing/install/ros2cli:/home/jetson/ros2_dashing/install/quality_of_service_demo_py:/home/jetson/ros2_dashing/install/launch_testing_ros:/home/jetson/ros2_dashing/install/launch_ros:/home/jetson/ros2_dashing/install/examples_rclpy_minimal_subscriber:/home/jetson/ros2_dashing/install/examples_rclpy_minimal_service:/home/jetson/ros2_dashing/install/examples_rclpy_minimal_publisher:/home/jetson/ros2_dashing/install/examples_rclpy_minimal_client:/home/jetson/ros2_dashing/install/examples_rclpy_minimal_action_server:/home/jetson/ros2_dashing/install/examples_rclpy_minimal_action_client:/home/jetson/ros2_dashing/install/examples_rclpy_executors:/home/jetson/ros2_dashing/install/demo_nodes_py:/home/jetson/ros2_dashing/install/ament_uncrustify:/home/jetson/ros2_dashing/install/test_launch_ros:/home/jetson/ros2_dashing/install/rosidl_runtime_py:/home/jetson/ros2_dashing/install/launch_testing:/home/jetson/ros2_dashing/install/launch:/home/jetson/ros2_dashing/install/osrf_pycommon:/home/jetson/ros2_dashing/install/ament_xmllint:/home/jetson/ros2_dashing/install/ament_pyflakes:/home/jetson/ros2_dashing/install/ament_pep8:/home/jetson/ros2_dashing/install/ament_pep257:/home/jetson/ros2_dashing/install/ament_pclint:/home/jetson/ros2_dashing/install/ament_package:/home/jetson/ros2_dashing/install/ament_lint_cmake:/home/jetson/ros2_dashing/install/ament_flake8:/home/jetson/ros2_dashing/install/ament_copyright:/home/jetson/ros2_dashing/install/ament_lint:/home/jetson/ros2_dashing/install/ament_index_python:/home/jetson/ros2_dashing/install/ament_cpplint:/home/jetson/ros2_dashing/install/ament_cppcheck:/home/jetson/ros2_dashing/install/ament_clang_tidy:/home/jetson/ros2_dashing/install/ament_clang_format /usr/bin/cmake --build /home/jetson/JetPilot/ros2/build/jetpilot_msgs -- -j2 -l2
[308.825s] DEBUG:colcon.colcon_core.event_handler.log_command:Invoking command in '/home/jetson/JetPilot/ros2/build/jetpilot_msgs': CMAKE_PREFIX_PATH=${CMAKE_PREFIX_PATH}:/home/jetson/JetAutonomy/ros2/install/joystick:/home/jetson/JetAutonomy/ros2/install/jet_drive:/home/jetson/JetAutonomy/ros2/install/bno055:/home/jetson/ros2_dashing/install/ros2bag:/home/jetson/ros2_dashing/install/topic_monitor:/home/jetson/ros2_dashing/install/sros2:/home/jetson/ros2_dashing/install/rqt_topic:/home/jetson/ros2_dashing/install/rqt_top:/home/jetson/ros2_dashing/install/rqt_srv:/home/jetson/ros2_dashing/install/rqt_shell:/home/jetson/ros2_dashing/install/rqt_service_caller:/home/jetson/ros2_dashing/install/rqt_py_console:/home/jetson/ros2_dashing/install/rqt_action:/home/jetson/ros2_dashing/install/rqt:/home/jetson/ros2_dashing/install/rqt_graph:/home/jetson/ros2_dashing/install/rqt_gui_py:/home/jetson/ros2_dashing/install/rqt_gui:/home/jetson/ros2_dashing/install/ros2topic:/home/jetson/ros2_dashing/install/ros2test:/home/jetson/ros2_dashing/install/ros2component:/home/jetson/ros2_dashing/install/ros2param:/home/jetson/ros2_dashing/install/ros2lifecycle:/home/jetson/ros2_dashing/install/ros2service:/home/jetson/ros2_dashing/install/ros2srv:/home/jetson/ros2_dashing/install/ros2run:/home/jetson/ros2_dashing/install/ros2launch:/home/jetson/ros2_dashing/install/ros2pkg:/home/jetson/ros2_dashing/install/ros2node:/home/jetson/ros2_dashing/install/ros2multicast:/home/jetson/ros2_dashing/install/ros2msg:/home/jetson/ros2_dashing/install/ros2action:/home/jetson/ros2_dashing/install/ros2cli:/home/jetson/ros2_dashing/install/quality_of_service_demo_py:/home/jetson/ros2_dashing/install/launch_testing_ros:/home/jetson/ros2_dashing/install/launch_ros:/home/jetson/ros2_dashing/install/examples_rclpy_minimal_subscriber:/home/jetson/ros2_dashing/install/examples_rclpy_minimal_service:/home/jetson/ros2_dashing/install/examples_rclpy_minimal_publisher:/home/jetson/ros2_dashing/install/examples_rclpy_minimal_client:/home/jetson/ros2_dashing/install/examples_rclpy_minimal_action_server:/home/jetson/ros2_dashing/install/examples_rclpy_minimal_action_client:/home/jetson/ros2_dashing/install/examples_rclpy_executors:/home/jetson/ros2_dashing/install/demo_nodes_py:/home/jetson/ros2_dashing/install/ament_uncrustify:/home/jetson/ros2_dashing/install/test_launch_ros:/home/jetson/ros2_dashing/install/rosidl_runtime_py:/home/jetson/ros2_dashing/install/launch_testing:/home/jetson/ros2_dashing/install/launch:/home/jetson/ros2_dashing/install/osrf_pycommon:/home/jetson/ros2_dashing/install/ament_xmllint:/home/jetson/ros2_dashing/install/ament_pyflakes:/home/jetson/ros2_dashing/install/ament_pep8:/home/jetson/ros2_dashing/install/ament_pep257:/home/jetson/ros2_dashing/install/ament_pclint:/home/jetson/ros2_dashing/install/ament_package:/home/jetson/ros2_dashing/install/ament_lint_cmake:/home/jetson/ros2_dashing/install/ament_flake8:/home/jetson/ros2_dashing/install/ament_copyright:/home/jetson/ros2_dashing/install/ament_lint:/home/jetson/ros2_dashing/install/ament_index_python:/home/jetson/ros2_dashing/install/ament_cpplint:/home/jetson/ros2_dashing/install/ament_cppcheck:/home/jetson/ros2_dashing/install/ament_clang_tidy:/home/jetson/ros2_dashing/install/ament_clang_format /usr/bin/cmake --build /home/jetson/JetPilot/ros2/build/jetpilot_msgs --target install -- -j2 -l2
[324.053s] Level 1:colcon.colcon_core.environment:create_environment_scripts_only(jetpilot_msgs)
[324.072s] DEBUG:colcon.colcon_core.event_handler.log_command:Invoked command in '/home/jetson/JetPilot/ros2/build/jetpilot_msgs' returned '0': CMAKE_PREFIX_PATH=${CMAKE_PREFIX_PATH}:/home/jetson/JetAutonomy/ros2/install/joystick:/home/jetson/JetAutonomy/ros2/install/jet_drive:/home/jetson/JetAutonomy/ros2/install/bno055:/home/jetson/ros2_dashing/install/ros2bag:/home/jetson/ros2_dashing/install/topic_monitor:/home/jetson/ros2_dashing/install/sros2:/home/jetson/ros2_dashing/install/rqt_topic:/home/jetson/ros2_dashing/install/rqt_top:/home/jetson/ros2_dashing/install/rqt_srv:/home/jetson/ros2_dashing/install/rqt_shell:/home/jetson/ros2_dashing/install/rqt_service_caller:/home/jetson/ros2_dashing/install/rqt_py_console:/home/jetson/ros2_dashing/install/rqt_action:/home/jetson/ros2_dashing/install/rqt:/home/jetson/ros2_dashing/install/rqt_graph:/home/jetson/ros2_dashing/install/rqt_gui_py:/home/jetson/ros2_dashing/install/rqt_gui:/home/jetson/ros2_dashing/install/ros2topic:/home/jetson/ros2_dashing/install/ros2test:/home/jetson/ros2_dashing/install/ros2component:/home/jetson/ros2_dashing/install/ros2param:/home/jetson/ros2_dashing/install/ros2lifecycle:/home/jetson/ros2_dashing/install/ros2service:/home/jetson/ros2_dashing/install/ros2srv:/home/jetson/ros2_dashing/install/ros2run:/home/jetson/ros2_dashing/install/ros2launch:/home/jetson/ros2_dashing/install/ros2pkg:/home/jetson/ros2_dashing/install/ros2node:/home/jetson/ros2_dashing/install/ros2multicast:/home/jetson/ros2_dashing/install/ros2msg:/home/jetson/ros2_dashing/install/ros2action:/home/jetson/ros2_dashing/install/ros2cli:/home/jetson/ros2_dashing/install/quality_of_service_demo_py:/home/jetson/ros2_dashing/install/launch_testing_ros:/home/jetson/ros2_dashing/install/launch_ros:/home/jetson/ros2_dashing/install/examples_rclpy_minimal_subscriber:/home/jetson/ros2_dashing/install/examples_rclpy_minimal_service:/home/jetson/ros2_dashing/install/examples_rclpy_minimal_publisher:/home/jetson/ros2_dashing/install/examples_rclpy_minimal_client:/home/jetson/ros2_dashing/install/examples_rclpy_minimal_action_server:/home/jetson/ros2_dashing/install/examples_rclpy_minimal_action_client:/home/jetson/ros2_dashing/install/examples_rclpy_executors:/home/jetson/ros2_dashing/install/demo_nodes_py:/home/jetson/ros2_dashing/install/ament_uncrustify:/home/jetson/ros2_dashing/install/test_launch_ros:/home/jetson/ros2_dashing/install/rosidl_runtime_py:/home/jetson/ros2_dashing/install/launch_testing:/home/jetson/ros2_dashing/install/launch:/home/jetson/ros2_dashing/install/osrf_pycommon:/home/jetson/ros2_dashing/install/ament_xmllint:/home/jetson/ros2_dashing/install/ament_pyflakes:/home/jetson/ros2_dashing/install/ament_pep8:/home/jetson/ros2_dashing/install/ament_pep257:/home/jetson/ros2_dashing/install/ament_pclint:/home/jetson/ros2_dashing/install/ament_package:/home/jetson/ros2_dashing/install/ament_lint_cmake:/home/jetson/ros2_dashing/install/ament_flake8:/home/jetson/ros2_dashing/install/ament_copyright:/home/jetson/ros2_dashing/install/ament_lint:/home/jetson/ros2_dashing/install/ament_index_python:/home/jetson/ros2_dashing/install/ament_cpplint:/home/jetson/ros2_dashing/install/ament_cppcheck:/home/jetson/ros2_dashing/install/ament_clang_tidy:/home/jetson/ros2_dashing/install/ament_clang_format /usr/bin/cmake --build /home/jetson/JetPilot/ros2/build/jetpilot_msgs --target install -- -j2 -l2
[324.311s] Level 1:colcon.colcon_core.environment:checking '/home/jetson/JetPilot/ros2/install/jetpilot_msgs' for CMake module files
[324.317s] Level 1:colcon.colcon_core.environment:checking '/home/jetson/JetPilot/ros2/install/jetpilot_msgs' for CMake config files
[324.319s] Level 1:colcon.colcon_core.shell:create_environment_hook('jetpilot_msgs', 'cmake_prefix_path')
[324.331s] INFO:colcon.colcon_core.shell:Creating environment hook '/home/jetson/JetPilot/ros2/install/jetpilot_msgs/share/jetpilot_msgs/hook/cmake_prefix_path.ps1'
[324.336s] INFO:colcon.colcon_core.shell:Creating environment descriptor '/home/jetson/JetPilot/ros2/install/jetpilot_msgs/share/jetpilot_msgs/hook/cmake_prefix_path.dsv'
[324.340s] INFO:colcon.colcon_core.shell:Creating environment hook '/home/jetson/JetPilot/ros2/install/jetpilot_msgs/share/jetpilot_msgs/hook/cmake_prefix_path.sh'
[324.356s] Level 1:colcon.colcon_core.environment:checking '/home/jetson/JetPilot/ros2/install/jetpilot_msgs/lib'
[324.358s] Level 1:colcon.colcon_core.shell:create_environment_hook('jetpilot_msgs', 'ld_library_path_lib')
[324.366s] INFO:colcon.colcon_core.shell:Creating environment hook '/home/jetson/JetPilot/ros2/install/jetpilot_msgs/share/jetpilot_msgs/hook/ld_library_path_lib.ps1'
[324.369s] INFO:colcon.colcon_core.shell:Creating environment descriptor '/home/jetson/JetPilot/ros2/install/jetpilot_msgs/share/jetpilot_msgs/hook/ld_library_path_lib.dsv'
[324.371s] INFO:colcon.colcon_core.shell:Creating environment hook '/home/jetson/JetPilot/ros2/install/jetpilot_msgs/share/jetpilot_msgs/hook/ld_library_path_lib.sh'
[324.374s] Level 1:colcon.colcon_core.environment:checking '/home/jetson/JetPilot/ros2/install/jetpilot_msgs/bin'
[324.375s] Level 1:colcon.colcon_core.environment:checking '/home/jetson/JetPilot/ros2/install/jetpilot_msgs/lib/pkgconfig/jetpilot_msgs.pc'
[324.376s] Level 1:colcon.colcon_core.environment:checking '/home/jetson/JetPilot/ros2/install/jetpilot_msgs/lib/python3.6/site-packages'
[324.377s] Level 1:colcon.colcon_core.shell:create_environment_hook('jetpilot_msgs', 'pythonpath')
[324.385s] INFO:colcon.colcon_core.shell:Creating environment hook '/home/jetson/JetPilot/ros2/install/jetpilot_msgs/share/jetpilot_msgs/hook/pythonpath.ps1'
[324.387s] INFO:colcon.colcon_core.shell:Creating environment descriptor '/home/jetson/JetPilot/ros2/install/jetpilot_msgs/share/jetpilot_msgs/hook/pythonpath.dsv'
[324.390s] INFO:colcon.colcon_core.shell:Creating environment hook '/home/jetson/JetPilot/ros2/install/jetpilot_msgs/share/jetpilot_msgs/hook/pythonpath.sh'
[324.402s] INFO:colcon.colcon_core.shell:Creating package script '/home/jetson/JetPilot/ros2/install/jetpilot_msgs/share/jetpilot_msgs/package.ps1'
[324.412s] INFO:colcon.colcon_core.shell:Creating package descriptor '/home/jetson/JetPilot/ros2/install/jetpilot_msgs/share/jetpilot_msgs/package.dsv'
[324.432s] INFO:colcon.colcon_core.shell:Creating package script '/home/jetson/JetPilot/ros2/install/jetpilot_msgs/share/jetpilot_msgs/package.sh'
[324.482s] INFO:colcon.colcon_core.shell:Creating package script '/home/jetson/JetPilot/ros2/install/jetpilot_msgs/share/jetpilot_msgs/package.bash'
[324.525s] INFO:colcon.colcon_core.shell:Creating package script '/home/jetson/JetPilot/ros2/install/jetpilot_msgs/share/jetpilot_msgs/package.zsh'
[324.574s] Level 1:colcon.colcon_core.environment:create_file_with_runtime_dependencies(/home/jetson/JetPilot/ros2/install/jetpilot_msgs/share/colcon-core/packages/jetpilot_msgs)
[332.435s] Level 1:colcon.colcon_core.environment:create_environment_scripts_only(jetpilot_msgs)
[332.460s] Level 1:colcon.colcon_core.environment:checking '/home/jetson/JetPilot/ros2/install/jetpilot_msgs' for CMake module files
[332.465s] Level 1:colcon.colcon_core.environment:checking '/home/jetson/JetPilot/ros2/install/jetpilot_msgs' for CMake config files
[332.467s] Level 1:colcon.colcon_core.shell:create_environment_hook('jetpilot_msgs', 'cmake_prefix_path')
[332.479s] INFO:colcon.colcon_core.shell:Creating environment hook '/home/jetson/JetPilot/ros2/install/jetpilot_msgs/share/jetpilot_msgs/hook/cmake_prefix_path.ps1'
[332.482s] INFO:colcon.colcon_core.shell:Creating environment descriptor '/home/jetson/JetPilot/ros2/install/jetpilot_msgs/share/jetpilot_msgs/hook/cmake_prefix_path.dsv'
[332.485s] INFO:colcon.colcon_core.shell:Creating environment hook '/home/jetson/JetPilot/ros2/install/jetpilot_msgs/share/jetpilot_msgs/hook/cmake_prefix_path.sh'
[332.500s] Level 1:colcon.colcon_core.environment:checking '/home/jetson/JetPilot/ros2/install/jetpilot_msgs/lib'
[332.501s] Level 1:colcon.colcon_core.shell:create_environment_hook('jetpilot_msgs', 'ld_library_path_lib')
[332.522s] INFO:colcon.colcon_core.shell:Creating environment hook '/home/jetson/JetPilot/ros2/install/jetpilot_msgs/share/jetpilot_msgs/hook/ld_library_path_lib.ps1'
[332.525s] INFO:colcon.colcon_core.shell:Creating environment descriptor '/home/jetson/JetPilot/ros2/install/jetpilot_msgs/share/jetpilot_msgs/hook/ld_library_path_lib.dsv'
[332.528s] INFO:colcon.colcon_core.shell:Creating environment hook '/home/jetson/JetPilot/ros2/install/jetpilot_msgs/share/jetpilot_msgs/hook/ld_library_path_lib.sh'
[332.531s] Level 1:colcon.colcon_core.environment:checking '/home/jetson/JetPilot/ros2/install/jetpilot_msgs/bin'
[332.538s] Level 1:colcon.colcon_core.environment:checking '/home/jetson/JetPilot/ros2/install/jetpilot_msgs/lib/pkgconfig/jetpilot_msgs.pc'
[332.539s] Level 1:colcon.colcon_core.environment:checking '/home/jetson/JetPilot/ros2/install/jetpilot_msgs/lib/python3.6/site-packages'
[332.539s] Level 1:colcon.colcon_core.shell:create_environment_hook('jetpilot_msgs', 'pythonpath')
[332.550s] INFO:colcon.colcon_core.shell:Creating environment hook '/home/jetson/JetPilot/ros2/install/jetpilot_msgs/share/jetpilot_msgs/hook/pythonpath.ps1'
[332.570s] INFO:colcon.colcon_core.shell:Creating environment descriptor '/home/jetson/JetPilot/ros2/install/jetpilot_msgs/share/jetpilot_msgs/hook/pythonpath.dsv'
[332.574s] INFO:colcon.colcon_core.shell:Creating environment hook '/home/jetson/JetPilot/ros2/install/jetpilot_msgs/share/jetpilot_msgs/hook/pythonpath.sh'
[332.600s] INFO:colcon.colcon_core.shell:Creating package script '/home/jetson/JetPilot/ros2/install/jetpilot_msgs/share/jetpilot_msgs/package.ps1'
[332.614s] INFO:colcon.colcon_core.shell:Creating package descriptor '/home/jetson/JetPilot/ros2/install/jetpilot_msgs/share/jetpilot_msgs/package.dsv'
[332.622s] INFO:colcon.colcon_core.shell:Creating package script '/home/jetson/JetPilot/ros2/install/jetpilot_msgs/share/jetpilot_msgs/package.sh'
[332.626s] INFO:colcon.colcon_core.shell:Creating package script '/home/jetson/JetPilot/ros2/install/jetpilot_msgs/share/jetpilot_msgs/package.bash'
[332.629s] INFO:colcon.colcon_core.shell:Creating package script '/home/jetson/JetPilot/ros2/install/jetpilot_msgs/share/jetpilot_msgs/package.zsh'
[332.633s] Level 1:colcon.colcon_core.environment:create_file_with_runtime_dependencies(/home/jetson/JetPilot/ros2/install/jetpilot_msgs/share/colcon-core/packages/jetpilot_msgs)
[332.638s] DEBUG:colcon.colcon_parallel_executor.executor.parallel:closing loop
[332.642s] DEBUG:colcon.colcon_parallel_executor.executor.parallel:loop closed
[332.643s] DEBUG:colcon.colcon_parallel_executor.executor.parallel:run_until_complete finished with '0'
[332.645s] DEBUG:colcon.colcon_core.event_reactor:joining thread
[332.801s] INFO:colcon.colcon_core.plugin_system:Skipping extension 'colcon_notification.desktop_notification.terminal_notifier': Not used on non-Darwin systems
[332.804s] INFO:colcon.colcon_core.plugin_system:Skipping extension 'colcon_notification.desktop_notification.win32': Not used on non-Windows systems
[332.806s] INFO:colcon.colcon_notification.desktop_notification:Sending desktop notification using 'notify2'
[332.816s] DEBUG:colcon.colcon_notification.desktop_notification.notify2:Failed to initialize notify2: org.freedesktop.DBus.Error.ServiceUnknown: The name org.freedesktop.Notifications was not provided by any .service files
[332.818s] DEBUG:colcon.colcon_core.event_reactor:joined thread
[332.828s] INFO:colcon.colcon_core.shell:Creating prefix script '/home/jetson/JetPilot/ros2/install/local_setup.ps1'
[332.848s] INFO:colcon.colcon_core.shell:Creating prefix util module '/home/jetson/JetPilot/ros2/install/_local_setup_util_ps1.py'
[332.880s] INFO:colcon.colcon_core.shell:Creating prefix chain script '/home/jetson/JetPilot/ros2/install/setup.ps1'
[333.027s] INFO:colcon.colcon_core.shell:Creating prefix script '/home/jetson/JetPilot/ros2/install/local_setup.sh'
[333.032s] INFO:colcon.colcon_core.shell:Creating prefix util module '/home/jetson/JetPilot/ros2/install/_local_setup_util_sh.py'
[333.040s] INFO:colcon.colcon_core.shell:Creating prefix chain script '/home/jetson/JetPilot/ros2/install/setup.sh'
[333.176s] INFO:colcon.colcon_core.shell:Creating prefix script '/home/jetson/JetPilot/ros2/install/local_setup.bash'
[333.185s] INFO:colcon.colcon_core.shell:Creating prefix chain script '/home/jetson/JetPilot/ros2/install/setup.bash'
[333.317s] INFO:colcon.colcon_core.shell:Creating prefix script '/home/jetson/JetPilot/ros2/install/local_setup.zsh'
[333.321s] INFO:colcon.colcon_core.shell:Creating prefix chain script '/home/jetson/JetPilot/ros2/install/setup.zsh'
