[0.411s] Invoking command in '/home/jetson/JetPilot/ros2/build/jetpilot_msgs': CMAKE_PREFIX_PATH=${CMAKE_PREFIX_PATH}:/home/jetson/JetPilot/ros2/install/joystick:/home/jetson/JetPilot/ros2/install/jet_drive:/home/jetson/JetPilot/ros2/install/imu_bno055:/home/jetson/ros2_dashing/install/ros2bag:/home/jetson/ros2_dashing/install/topic_monitor:/home/jetson/ros2_dashing/install/sros2:/home/jetson/ros2_dashing/install/rqt_topic:/home/jetson/ros2_dashing/install/rqt_top:/home/jetson/ros2_dashing/install/rqt_srv:/home/jetson/ros2_dashing/install/rqt_shell:/home/jetson/ros2_dashing/install/rqt_service_caller:/home/jetson/ros2_dashing/install/rqt_py_console:/home/jetson/ros2_dashing/install/rqt_action:/home/jetson/ros2_dashing/install/rqt:/home/jetson/ros2_dashing/install/rqt_graph:/home/jetson/ros2_dashing/install/rqt_gui_py:/home/jetson/ros2_dashing/install/rqt_gui:/home/jetson/ros2_dashing/install/ros2topic:/home/jetson/ros2_dashing/install/ros2test:/home/jetson/ros2_dashing/install/ros2component:/home/jetson/ros2_dashing/install/ros2param:/home/jetson/ros2_dashing/install/ros2lifecycle:/home/jetson/ros2_dashing/install/ros2service:/home/jetson/ros2_dashing/install/ros2srv:/home/jetson/ros2_dashing/install/ros2run:/home/jetson/ros2_dashing/install/ros2launch:/home/jetson/ros2_dashing/install/ros2pkg:/home/jetson/ros2_dashing/install/ros2node:/home/jetson/ros2_dashing/install/ros2multicast:/home/jetson/ros2_dashing/install/ros2msg:/home/jetson/ros2_dashing/install/ros2action:/home/jetson/ros2_dashing/install/ros2cli:/home/jetson/ros2_dashing/install/quality_of_service_demo_py:/home/jetson/ros2_dashing/install/launch_testing_ros:/home/jetson/ros2_dashing/install/launch_ros:/home/jetson/ros2_dashing/install/examples_rclpy_minimal_subscriber:/home/jetson/ros2_dashing/install/examples_rclpy_minimal_service:/home/jetson/ros2_dashing/install/examples_rclpy_minimal_publisher:/home/jetson/ros2_dashing/install/examples_rclpy_minimal_client:/home/jetson/ros2_dashing/install/examples_rclpy_minimal_action_server:/home/jetson/ros2_dashing/install/examples_rclpy_minimal_action_client:/home/jetson/ros2_dashing/install/examples_rclpy_executors:/home/jetson/ros2_dashing/install/demo_nodes_py:/home/jetson/ros2_dashing/install/ament_uncrustify:/home/jetson/ros2_dashing/install/test_launch_ros:/home/jetson/ros2_dashing/install/rosidl_runtime_py:/home/jetson/ros2_dashing/install/launch_testing:/home/jetson/ros2_dashing/install/launch:/home/jetson/ros2_dashing/install/osrf_pycommon:/home/jetson/ros2_dashing/install/ament_xmllint:/home/jetson/ros2_dashing/install/ament_pyflakes:/home/jetson/ros2_dashing/install/ament_pep8:/home/jetson/ros2_dashing/install/ament_pep257:/home/jetson/ros2_dashing/install/ament_pclint:/home/jetson/ros2_dashing/install/ament_package:/home/jetson/ros2_dashing/install/ament_lint_cmake:/home/jetson/ros2_dashing/install/ament_flake8:/home/jetson/ros2_dashing/install/ament_copyright:/home/jetson/ros2_dashing/install/ament_lint:/home/jetson/ros2_dashing/install/ament_index_python:/home/jetson/ros2_dashing/install/ament_cpplint:/home/jetson/ros2_dashing/install/ament_cppcheck:/home/jetson/ros2_dashing/install/ament_clang_tidy:/home/jetson/ros2_dashing/install/ament_clang_format /usr/bin/cmake --build /home/jetson/JetPilot/ros2/build/jetpilot_msgs -- -j2 -l2
[0.804s] -- Found ament_cmake: 0.7.6 (/home/jetson/ros2_dashing/install/ament_cmake/share/ament_cmake/cmake)
[4.892s] -- Found PythonInterp: /usr/bin/python3 (found suitable version "3.6.8", minimum required is "3") 
[4.893s] -- Using PYTHON_EXECUTABLE: /usr/bin/python3
[12.172s] -- Found rosidl_default_generators: 0.7.0 (/home/jetson/ros2_dashing/install/rosidl_default_generators/share/rosidl_default_generators/cmake)
[12.743s] -- Found rosidl_adapter: 0.7.10 (/home/jetson/ros2_dashing/install/rosidl_adapter/share/rosidl_adapter/cmake)
[14.545s] -- Found std_msgs: 0.7.0 (/home/jetson/ros2_dashing/install/std_msgs/share/std_msgs/cmake)
[18.830s] -- Found PythonInterp: /usr/bin/python3 (found version "3.6.8") 
[29.312s] -- Using all available rosidl_typesupport_c: rosidl_typesupport_introspection_c;rosidl_typesupport_fastrtps_c
[31.387s] -- Using all available rosidl_typesupport_cpp: rosidl_typesupport_introspection_cpp;rosidl_typesupport_fastrtps_cpp
[44.723s] -- Found rmw_implementation_cmake: 0.7.2 (/home/jetson/ros2_dashing/install/rmw_implementation_cmake/share/rmw_implementation_cmake/cmake)
[48.786s] -- Found PythonInterp: /usr/bin/python3 (found suitable version "3.6.8", minimum required is "3.5") 
[48.787s] -- Found python_cmake_module: 0.7.11 (/home/jetson/ros2_dashing/install/python_cmake_module/share/python_cmake_module/cmake)
[52.856s] -- Using PYTHON_EXECUTABLE: /usr/bin/python3
[52.857s] -- Using PYTHON_INCLUDE_DIRS: /usr/include/python3.6m
[52.857s] -- Using PYTHON_LIBRARIES: /usr/lib/aarch64-linux-gnu/libpython3.6m.so
[61.123s] -- Configuring done
[61.953s] -- Generating done
[61.979s] -- Build files have been written to: /home/jetson/JetPilot/ros2/build/jetpilot_msgs
[62.347s] [  1%] [34m[1mGenerating C code for ROS interfaces[0m
[62.535s] [  3%] [34m[1mGenerating C++ code for ROS interfaces[0m
[75.477s] [  3%] Built target jetpilot_msgs__cpp
[75.643s] [  4%] [34m[1mGenerating C++ type support dispatch for ROS interfaces[0m
[77.471s] [35m[1mScanning dependencies of target jetpilot_msgs__rosidl_generator_c[0m
[77.755s] [  6%] [32mBuilding C object CMakeFiles/jetpilot_msgs__rosidl_generator_c.dir/rosidl_generator_c/jetpilot_msgs/msg/joystick_cmd__functions.c.o[0m
[78.373s] [  7%] [32mBuilding C object CMakeFiles/jetpilot_msgs__rosidl_generator_c.dir/rosidl_generator_c/jetpilot_msgs/msg/jet_drive_cmd__functions.c.o[0m
[78.755s] [  9%] [32mBuilding C object CMakeFiles/jetpilot_msgs__rosidl_generator_c.dir/rosidl_generator_c/jetpilot_msgs/msg/jet_racer_pose__functions.c.o[0m
[79.162s] [ 11%] [32mBuilding C object CMakeFiles/jetpilot_msgs__rosidl_generator_c.dir/rosidl_generator_c/jetpilot_msgs/msg/orientation_euler__functions.c.o[0m
[79.688s] [ 12%] [32mBuilding C object CMakeFiles/jetpilot_msgs__rosidl_generator_c.dir/rosidl_generator_c/jetpilot_msgs/msg/position__functions.c.o[0m
[80.091s] [ 14%] [32m[1mLinking C shared library libjetpilot_msgs__rosidl_generator_c.so[0m
[80.552s] [ 14%] Built target jetpilot_msgs__rosidl_generator_c
[80.756s] [ 15%] [34m[1mGenerating C++ introspection for ROS interfaces[0m
[86.260s] [35m[1mScanning dependencies of target jetpilot_msgs__rosidl_typesupport_cpp[0m
[86.489s] [ 17%] [32mBuilding CXX object CMakeFiles/jetpilot_msgs__rosidl_typesupport_cpp.dir/rosidl_typesupport_cpp/jetpilot_msgs/msg/joystick_cmd__type_support.cpp.o[0m
[88.772s] [ 19%] [32mBuilding CXX object CMakeFiles/jetpilot_msgs__rosidl_typesupport_cpp.dir/rosidl_typesupport_cpp/jetpilot_msgs/msg/jet_drive_cmd__type_support.cpp.o[0m
[90.744s] [ 20%] [32mBuilding CXX object CMakeFiles/jetpilot_msgs__rosidl_typesupport_cpp.dir/rosidl_typesupport_cpp/jetpilot_msgs/msg/jet_racer_pose__type_support.cpp.o[0m
[92.701s] [ 22%] [32mBuilding CXX object CMakeFiles/jetpilot_msgs__rosidl_typesupport_cpp.dir/rosidl_typesupport_cpp/jetpilot_msgs/msg/orientation_euler__type_support.cpp.o[0m
[92.958s] [35m[1mScanning dependencies of target jetpilot_msgs__rosidl_typesupport_introspection_cpp[0m
[93.195s] [ 23%] [32mBuilding CXX object CMakeFiles/jetpilot_msgs__rosidl_typesupport_introspection_cpp.dir/rosidl_typesupport_introspection_cpp/jetpilot_msgs/msg/joystick_cmd__type_support.cpp.o[0m
[95.053s] [ 25%] [32mBuilding CXX object CMakeFiles/jetpilot_msgs__rosidl_typesupport_cpp.dir/rosidl_typesupport_cpp/jetpilot_msgs/msg/position__type_support.cpp.o[0m
[95.583s] [ 26%] [32mBuilding CXX object CMakeFiles/jetpilot_msgs__rosidl_typesupport_introspection_cpp.dir/rosidl_typesupport_introspection_cpp/jetpilot_msgs/msg/jet_drive_cmd__type_support.cpp.o[0m
[97.116s] [ 28%] [32m[1mLinking CXX shared library libjetpilot_msgs__rosidl_typesupport_cpp.so[0m
[97.553s] [ 30%] [32mBuilding CXX object CMakeFiles/jetpilot_msgs__rosidl_typesupport_introspection_cpp.dir/rosidl_typesupport_introspection_cpp/jetpilot_msgs/msg/jet_racer_pose__type_support.cpp.o[0m
[97.759s] [ 30%] Built target jetpilot_msgs__rosidl_typesupport_cpp
[97.942s] [ 31%] [34m[1mGenerating C introspection for ROS interfaces[0m
[99.786s] [ 33%] [32mBuilding CXX object CMakeFiles/jetpilot_msgs__rosidl_typesupport_introspection_cpp.dir/rosidl_typesupport_introspection_cpp/jetpilot_msgs/msg/orientation_euler__type_support.cpp.o[0m
[101.846s] [ 34%] [32mBuilding CXX object CMakeFiles/jetpilot_msgs__rosidl_typesupport_introspection_cpp.dir/rosidl_typesupport_introspection_cpp/jetpilot_msgs/msg/position__type_support.cpp.o[0m
[103.949s] [ 36%] [32m[1mLinking CXX shared library libjetpilot_msgs__rosidl_typesupport_introspection_cpp.so[0m
[104.446s] [ 36%] Built target jetpilot_msgs__rosidl_typesupport_introspection_cpp
[104.618s] [ 38%] [34m[1mGenerating C++ type support for eProsima Fast-RTPS[0m
[109.932s] [35m[1mScanning dependencies of target jetpilot_msgs__rosidl_typesupport_introspection_c[0m
[110.172s] [ 39%] [32mBuilding C object CMakeFiles/jetpilot_msgs__rosidl_typesupport_introspection_c.dir/rosidl_typesupport_introspection_c/jetpilot_msgs/msg/joystick_cmd__type_support.c.o[0m
[110.864s] [ 41%] [32mBuilding C object CMakeFiles/jetpilot_msgs__rosidl_typesupport_introspection_c.dir/rosidl_typesupport_introspection_c/jetpilot_msgs/msg/jet_drive_cmd__type_support.c.o[0m
[111.247s] [ 42%] [32mBuilding C object CMakeFiles/jetpilot_msgs__rosidl_typesupport_introspection_c.dir/rosidl_typesupport_introspection_c/jetpilot_msgs/msg/jet_racer_pose__type_support.c.o[0m
[111.599s] [ 44%] [32mBuilding C object CMakeFiles/jetpilot_msgs__rosidl_typesupport_introspection_c.dir/rosidl_typesupport_introspection_c/jetpilot_msgs/msg/orientation_euler__type_support.c.o[0m
[112.056s] [ 46%] [32mBuilding C object CMakeFiles/jetpilot_msgs__rosidl_typesupport_introspection_c.dir/rosidl_typesupport_introspection_c/jetpilot_msgs/msg/position__type_support.c.o[0m
[112.637s] [ 47%] [32m[1mLinking C shared library libjetpilot_msgs__rosidl_typesupport_introspection_c.so[0m
[113.041s] [ 47%] Built target jetpilot_msgs__rosidl_typesupport_introspection_c
[113.210s] [ 49%] [34m[1mGenerating C type support dispatch for ROS interfaces[0m
[117.858s] [35m[1mScanning dependencies of target jetpilot_msgs__rosidl_typesupport_fastrtps_cpp[0m
[118.121s] [ 50%] [32mBuilding CXX object CMakeFiles/jetpilot_msgs__rosidl_typesupport_fastrtps_cpp.dir/rosidl_typesupport_fastrtps_cpp/jetpilot_msgs/msg/dds_fastrtps/joystick_cmd__type_support.cpp.o[0m
[121.393s] [ 52%] [32mBuilding CXX object CMakeFiles/jetpilot_msgs__rosidl_typesupport_fastrtps_cpp.dir/rosidl_typesupport_fastrtps_cpp/jetpilot_msgs/msg/dds_fastrtps/jet_drive_cmd__type_support.cpp.o[0m
[124.081s] [35m[1mScanning dependencies of target jetpilot_msgs__rosidl_typesupport_c[0m
[124.318s] [ 53%] [32mBuilding CXX object CMakeFiles/jetpilot_msgs__rosidl_typesupport_c.dir/rosidl_typesupport_c/jetpilot_msgs/msg/joystick_cmd__type_support.cpp.o[0m
[124.376s] [ 55%] [32mBuilding CXX object CMakeFiles/jetpilot_msgs__rosidl_typesupport_fastrtps_cpp.dir/rosidl_typesupport_fastrtps_cpp/jetpilot_msgs/msg/dds_fastrtps/jet_racer_pose__type_support.cpp.o[0m
[124.697s] [ 57%] [32mBuilding CXX object CMakeFiles/jetpilot_msgs__rosidl_typesupport_c.dir/rosidl_typesupport_c/jetpilot_msgs/msg/jet_drive_cmd__type_support.cpp.o[0m
[125.057s] [ 58%] [32mBuilding CXX object CMakeFiles/jetpilot_msgs__rosidl_typesupport_c.dir/rosidl_typesupport_c/jetpilot_msgs/msg/jet_racer_pose__type_support.cpp.o[0m
[125.496s] [ 60%] [32mBuilding CXX object CMakeFiles/jetpilot_msgs__rosidl_typesupport_c.dir/rosidl_typesupport_c/jetpilot_msgs/msg/orientation_euler__type_support.cpp.o[0m
[125.880s] [ 61%] [32mBuilding CXX object CMakeFiles/jetpilot_msgs__rosidl_typesupport_c.dir/rosidl_typesupport_c/jetpilot_msgs/msg/position__type_support.cpp.o[0m
[126.213s] [ 63%] [32m[1mLinking CXX shared library libjetpilot_msgs__rosidl_typesupport_c.so[0m
[126.663s] [ 63%] Built target jetpilot_msgs__rosidl_typesupport_c
[127.761s] [ 65%] [32mBuilding CXX object CMakeFiles/jetpilot_msgs__rosidl_typesupport_fastrtps_cpp.dir/rosidl_typesupport_fastrtps_cpp/jetpilot_msgs/msg/dds_fastrtps/orientation_euler__type_support.cpp.o[0m
[130.395s] [ 66%] [32mBuilding CXX object CMakeFiles/jetpilot_msgs__rosidl_typesupport_fastrtps_cpp.dir/rosidl_typesupport_fastrtps_cpp/jetpilot_msgs/msg/dds_fastrtps/position__type_support.cpp.o[0m
[133.046s] [ 68%] [32m[1mLinking CXX shared library libjetpilot_msgs__rosidl_typesupport_fastrtps_cpp.so[0m
[133.697s] [ 68%] Built target jetpilot_msgs__rosidl_typesupport_fastrtps_cpp
[133.864s] [ 69%] [34m[1mGenerating C type support for eProsima Fast-RTPS[0m
[144.831s] [35m[1mScanning dependencies of target jetpilot_msgs__rosidl_typesupport_fastrtps_c[0m
[145.081s] [ 71%] [32mBuilding CXX object CMakeFiles/jetpilot_msgs__rosidl_typesupport_fastrtps_c.dir/rosidl_typesupport_fastrtps_c/jetpilot_msgs/msg/joystick_cmd__type_support_c.cpp.o[0m
[147.339s] [ 73%] [32mBuilding CXX object CMakeFiles/jetpilot_msgs__rosidl_typesupport_fastrtps_c.dir/rosidl_typesupport_fastrtps_c/jetpilot_msgs/msg/jet_drive_cmd__type_support_c.cpp.o[0m
[149.602s] [ 74%] [32mBuilding CXX object CMakeFiles/jetpilot_msgs__rosidl_typesupport_fastrtps_c.dir/rosidl_typesupport_fastrtps_c/jetpilot_msgs/msg/jet_racer_pose__type_support_c.cpp.o[0m
[151.864s] [ 76%] [32mBuilding CXX object CMakeFiles/jetpilot_msgs__rosidl_typesupport_fastrtps_c.dir/rosidl_typesupport_fastrtps_c/jetpilot_msgs/msg/orientation_euler__type_support_c.cpp.o[0m
[154.137s] [ 77%] [32mBuilding CXX object CMakeFiles/jetpilot_msgs__rosidl_typesupport_fastrtps_c.dir/rosidl_typesupport_fastrtps_c/jetpilot_msgs/msg/position__type_support_c.cpp.o[0m
[156.398s] [ 79%] [32m[1mLinking CXX shared library libjetpilot_msgs__rosidl_typesupport_fastrtps_c.so[0m
[157.127s] [ 79%] Built target jetpilot_msgs__rosidl_typesupport_fastrtps_c
[157.446s] [ 79%] Built target jetpilot_msgs
[157.769s] [ 80%] [34m[1mGenerating Python code for ROS interfaces[0m
[174.522s] [ 80%] Built target jetpilot_msgs__py
[174.703s] [35m[1mScanning dependencies of target jetpilot_msgs__python[0m
[175.005s] [ 82%] [32mBuilding C object CMakeFiles/jetpilot_msgs__python.dir/rosidl_generator_py/jetpilot_msgs/msg/_joystick_cmd_s.c.o[0m
[175.745s] [ 84%] [32mBuilding C object CMakeFiles/jetpilot_msgs__python.dir/rosidl_generator_py/jetpilot_msgs/msg/_jet_drive_cmd_s.c.o[0m
[176.507s] [ 85%] [32mBuilding C object CMakeFiles/jetpilot_msgs__python.dir/rosidl_generator_py/jetpilot_msgs/msg/_jet_racer_pose_s.c.o[0m
[177.197s] [ 87%] [32mBuilding C object CMakeFiles/jetpilot_msgs__python.dir/rosidl_generator_py/jetpilot_msgs/msg/_orientation_euler_s.c.o[0m
[177.970s] [ 88%] [32mBuilding C object CMakeFiles/jetpilot_msgs__python.dir/rosidl_generator_py/jetpilot_msgs/msg/_position_s.c.o[0m
[178.700s] [ 90%] [32m[1mLinking C shared library rosidl_generator_py/jetpilot_msgs/libjetpilot_msgs__python.so[0m
[179.201s] [ 90%] Built target jetpilot_msgs__python
[179.368s] [35m[1mScanning dependencies of target jetpilot_msgs__rosidl_typesupport_fastrtps_c__pyext[0m
[179.397s] [35m[1mScanning dependencies of target jetpilot_msgs__rosidl_typesupport_introspection_c__pyext[0m
[179.660s] [ 92%] [32mBuilding C object CMakeFiles/jetpilot_msgs__rosidl_typesupport_fastrtps_c__pyext.dir/rosidl_generator_py/jetpilot_msgs/_jetpilot_msgs_s.ep.rosidl_typesupport_fastrtps_c.c.o[0m
[179.676s] [ 93%] [32mBuilding C object CMakeFiles/jetpilot_msgs__rosidl_typesupport_introspection_c__pyext.dir/rosidl_generator_py/jetpilot_msgs/_jetpilot_msgs_s.ep.rosidl_typesupport_introspection_c.c.o[0m
[180.533s] [ 95%] [32m[1mLinking C shared library rosidl_generator_py/jetpilot_msgs/jetpilot_msgs_s__rosidl_typesupport_fastrtps_c.cpython-36m-aarch64-linux-gnu.so[0m
[180.989s] [ 96%] [32m[1mLinking C shared library rosidl_generator_py/jetpilot_msgs/jetpilot_msgs_s__rosidl_typesupport_introspection_c.cpython-36m-aarch64-linux-gnu.so[0m
[181.541s] [ 96%] Built target jetpilot_msgs__rosidl_typesupport_introspection_c__pyext
[181.791s] [ 96%] Built target jetpilot_msgs__rosidl_typesupport_fastrtps_c__pyext
[182.040s] [35m[1mScanning dependencies of target jetpilot_msgs__rosidl_typesupport_c__pyext[0m
[182.487s] [ 98%] [32mBuilding C object CMakeFiles/jetpilot_msgs__rosidl_typesupport_c__pyext.dir/rosidl_generator_py/jetpilot_msgs/_jetpilot_msgs_s.ep.rosidl_typesupport_c.c.o[0m
[183.223s] [100%] [32m[1mLinking C shared library rosidl_generator_py/jetpilot_msgs/jetpilot_msgs_s__rosidl_typesupport_c.cpython-36m-aarch64-linux-gnu.so[0m
[183.762s] [100%] Built target jetpilot_msgs__rosidl_typesupport_c__pyext
[183.919s] Invoked command in '/home/jetson/JetPilot/ros2/build/jetpilot_msgs' returned '0': CMAKE_PREFIX_PATH=${CMAKE_PREFIX_PATH}:/home/jetson/JetPilot/ros2/install/joystick:/home/jetson/JetPilot/ros2/install/jet_drive:/home/jetson/JetPilot/ros2/install/imu_bno055:/home/jetson/ros2_dashing/install/ros2bag:/home/jetson/ros2_dashing/install/topic_monitor:/home/jetson/ros2_dashing/install/sros2:/home/jetson/ros2_dashing/install/rqt_topic:/home/jetson/ros2_dashing/install/rqt_top:/home/jetson/ros2_dashing/install/rqt_srv:/home/jetson/ros2_dashing/install/rqt_shell:/home/jetson/ros2_dashing/install/rqt_service_caller:/home/jetson/ros2_dashing/install/rqt_py_console:/home/jetson/ros2_dashing/install/rqt_action:/home/jetson/ros2_dashing/install/rqt:/home/jetson/ros2_dashing/install/rqt_graph:/home/jetson/ros2_dashing/install/rqt_gui_py:/home/jetson/ros2_dashing/install/rqt_gui:/home/jetson/ros2_dashing/install/ros2topic:/home/jetson/ros2_dashing/install/ros2test:/home/jetson/ros2_dashing/install/ros2component:/home/jetson/ros2_dashing/install/ros2param:/home/jetson/ros2_dashing/install/ros2lifecycle:/home/jetson/ros2_dashing/install/ros2service:/home/jetson/ros2_dashing/install/ros2srv:/home/jetson/ros2_dashing/install/ros2run:/home/jetson/ros2_dashing/install/ros2launch:/home/jetson/ros2_dashing/install/ros2pkg:/home/jetson/ros2_dashing/install/ros2node:/home/jetson/ros2_dashing/install/ros2multicast:/home/jetson/ros2_dashing/install/ros2msg:/home/jetson/ros2_dashing/install/ros2action:/home/jetson/ros2_dashing/install/ros2cli:/home/jetson/ros2_dashing/install/quality_of_service_demo_py:/home/jetson/ros2_dashing/install/launch_testing_ros:/home/jetson/ros2_dashing/install/launch_ros:/home/jetson/ros2_dashing/install/examples_rclpy_minimal_subscriber:/home/jetson/ros2_dashing/install/examples_rclpy_minimal_service:/home/jetson/ros2_dashing/install/examples_rclpy_minimal_publisher:/home/jetson/ros2_dashing/install/examples_rclpy_minimal_client:/home/jetson/ros2_dashing/install/examples_rclpy_minimal_action_server:/home/jetson/ros2_dashing/install/examples_rclpy_minimal_action_client:/home/jetson/ros2_dashing/install/examples_rclpy_executors:/home/jetson/ros2_dashing/install/demo_nodes_py:/home/jetson/ros2_dashing/install/ament_uncrustify:/home/jetson/ros2_dashing/install/test_launch_ros:/home/jetson/ros2_dashing/install/rosidl_runtime_py:/home/jetson/ros2_dashing/install/launch_testing:/home/jetson/ros2_dashing/install/launch:/home/jetson/ros2_dashing/install/osrf_pycommon:/home/jetson/ros2_dashing/install/ament_xmllint:/home/jetson/ros2_dashing/install/ament_pyflakes:/home/jetson/ros2_dashing/install/ament_pep8:/home/jetson/ros2_dashing/install/ament_pep257:/home/jetson/ros2_dashing/install/ament_pclint:/home/jetson/ros2_dashing/install/ament_package:/home/jetson/ros2_dashing/install/ament_lint_cmake:/home/jetson/ros2_dashing/install/ament_flake8:/home/jetson/ros2_dashing/install/ament_copyright:/home/jetson/ros2_dashing/install/ament_lint:/home/jetson/ros2_dashing/install/ament_index_python:/home/jetson/ros2_dashing/install/ament_cpplint:/home/jetson/ros2_dashing/install/ament_cppcheck:/home/jetson/ros2_dashing/install/ament_clang_tidy:/home/jetson/ros2_dashing/install/ament_clang_format /usr/bin/cmake --build /home/jetson/JetPilot/ros2/build/jetpilot_msgs -- -j2 -l2
[186.952s] Invoking command in '/home/jetson/JetPilot/ros2/build/jetpilot_msgs': CMAKE_PREFIX_PATH=${CMAKE_PREFIX_PATH}:/home/jetson/JetPilot/ros2/install/joystick:/home/jetson/JetPilot/ros2/install/jet_drive:/home/jetson/JetPilot/ros2/install/imu_bno055:/home/jetson/ros2_dashing/install/ros2bag:/home/jetson/ros2_dashing/install/topic_monitor:/home/jetson/ros2_dashing/install/sros2:/home/jetson/ros2_dashing/install/rqt_topic:/home/jetson/ros2_dashing/install/rqt_top:/home/jetson/ros2_dashing/install/rqt_srv:/home/jetson/ros2_dashing/install/rqt_shell:/home/jetson/ros2_dashing/install/rqt_service_caller:/home/jetson/ros2_dashing/install/rqt_py_console:/home/jetson/ros2_dashing/install/rqt_action:/home/jetson/ros2_dashing/install/rqt:/home/jetson/ros2_dashing/install/rqt_graph:/home/jetson/ros2_dashing/install/rqt_gui_py:/home/jetson/ros2_dashing/install/rqt_gui:/home/jetson/ros2_dashing/install/ros2topic:/home/jetson/ros2_dashing/install/ros2test:/home/jetson/ros2_dashing/install/ros2component:/home/jetson/ros2_dashing/install/ros2param:/home/jetson/ros2_dashing/install/ros2lifecycle:/home/jetson/ros2_dashing/install/ros2service:/home/jetson/ros2_dashing/install/ros2srv:/home/jetson/ros2_dashing/install/ros2run:/home/jetson/ros2_dashing/install/ros2launch:/home/jetson/ros2_dashing/install/ros2pkg:/home/jetson/ros2_dashing/install/ros2node:/home/jetson/ros2_dashing/install/ros2multicast:/home/jetson/ros2_dashing/install/ros2msg:/home/jetson/ros2_dashing/install/ros2action:/home/jetson/ros2_dashing/install/ros2cli:/home/jetson/ros2_dashing/install/quality_of_service_demo_py:/home/jetson/ros2_dashing/install/launch_testing_ros:/home/jetson/ros2_dashing/install/launch_ros:/home/jetson/ros2_dashing/install/examples_rclpy_minimal_subscriber:/home/jetson/ros2_dashing/install/examples_rclpy_minimal_service:/home/jetson/ros2_dashing/install/examples_rclpy_minimal_publisher:/home/jetson/ros2_dashing/install/examples_rclpy_minimal_client:/home/jetson/ros2_dashing/install/examples_rclpy_minimal_action_server:/home/jetson/ros2_dashing/install/examples_rclpy_minimal_action_client:/home/jetson/ros2_dashing/install/examples_rclpy_executors:/home/jetson/ros2_dashing/install/demo_nodes_py:/home/jetson/ros2_dashing/install/ament_uncrustify:/home/jetson/ros2_dashing/install/test_launch_ros:/home/jetson/ros2_dashing/install/rosidl_runtime_py:/home/jetson/ros2_dashing/install/launch_testing:/home/jetson/ros2_dashing/install/launch:/home/jetson/ros2_dashing/install/osrf_pycommon:/home/jetson/ros2_dashing/install/ament_xmllint:/home/jetson/ros2_dashing/install/ament_pyflakes:/home/jetson/ros2_dashing/install/ament_pep8:/home/jetson/ros2_dashing/install/ament_pep257:/home/jetson/ros2_dashing/install/ament_pclint:/home/jetson/ros2_dashing/install/ament_package:/home/jetson/ros2_dashing/install/ament_lint_cmake:/home/jetson/ros2_dashing/install/ament_flake8:/home/jetson/ros2_dashing/install/ament_copyright:/home/jetson/ros2_dashing/install/ament_lint:/home/jetson/ros2_dashing/install/ament_index_python:/home/jetson/ros2_dashing/install/ament_cpplint:/home/jetson/ros2_dashing/install/ament_cppcheck:/home/jetson/ros2_dashing/install/ament_clang_tidy:/home/jetson/ros2_dashing/install/ament_clang_format /usr/bin/cmake --build /home/jetson/JetPilot/ros2/build/jetpilot_msgs --target install -- -j2 -l2
[187.705s] [  1%] Built target jetpilot_msgs__cpp
[188.072s] [ 12%] Built target jetpilot_msgs__rosidl_generator_c
[188.507s] [ 23%] Built target jetpilot_msgs__rosidl_typesupport_cpp
[188.852s] [ 34%] Built target jetpilot_msgs__rosidl_typesupport_introspection_cpp
[189.202s] [ 46%] Built target jetpilot_msgs__rosidl_typesupport_introspection_c
[189.607s] [ 57%] Built target jetpilot_msgs__rosidl_typesupport_fastrtps_cpp
[189.953s] [ 68%] Built target jetpilot_msgs__rosidl_typesupport_c
[190.346s] [ 79%] Built target jetpilot_msgs__rosidl_typesupport_fastrtps_c
[190.665s] [ 79%] Built target jetpilot_msgs
[191.002s] [ 80%] Built target jetpilot_msgs__py
[191.405s] [ 90%] Built target jetpilot_msgs__python
[191.777s] [ 93%] Built target jetpilot_msgs__rosidl_typesupport_introspection_c__pyext
[192.148s] [ 96%] Built target jetpilot_msgs__rosidl_typesupport_fastrtps_c__pyext
[192.545s] [100%] Built target jetpilot_msgs__rosidl_typesupport_c__pyext
[192.830s] [36mInstall the project...[0m
[192.951s] -- Install configuration: ""
[192.952s] -- Up-to-date: /home/jetson/JetPilot/ros2/install/jetpilot_msgs/share/ament_index/resource_index/rosidl_interfaces/jetpilot_msgs
[192.954s] -- Installing: /home/jetson/JetPilot/ros2/install/jetpilot_msgs/lib/libjetpilot_msgs__rosidl_typesupport_c.so
[192.955s] -- Set runtime path of "/home/jetson/JetPilot/ros2/install/jetpilot_msgs/lib/libjetpilot_msgs__rosidl_typesupport_c.so" to ""
[192.957s] -- Up-to-date: /home/jetson/JetPilot/ros2/install/jetpilot_msgs/share/jetpilot_msgs/environment/library_path.sh
[192.958s] -- Installing: /home/jetson/JetPilot/ros2/install/jetpilot_msgs/lib/libjetpilot_msgs__rosidl_typesupport_cpp.so
[192.960s] -- Set runtime path of "/home/jetson/JetPilot/ros2/install/jetpilot_msgs/lib/libjetpilot_msgs__rosidl_typesupport_cpp.so" to ""
[192.962s] -- Up-to-date: /home/jetson/JetPilot/ros2/install/jetpilot_msgs/include/jetpilot_msgs
[192.964s] -- Up-to-date: /home/jetson/JetPilot/ros2/install/jetpilot_msgs/include/jetpilot_msgs/msg
[192.967s] -- Installing: /home/jetson/JetPilot/ros2/install/jetpilot_msgs/include/jetpilot_msgs/msg/jet_racer_pose__rosidl_typesupport_introspection_c.h
[192.968s] -- Installing: /home/jetson/JetPilot/ros2/install/jetpilot_msgs/include/jetpilot_msgs/msg/orientation_euler__rosidl_typesupport_introspection_c.h
[192.969s] -- Installing: /home/jetson/JetPilot/ros2/install/jetpilot_msgs/include/jetpilot_msgs/msg/jet_drive_cmd__rosidl_typesupport_introspection_c.h
[192.973s] -- Installing: /home/jetson/JetPilot/ros2/install/jetpilot_msgs/include/jetpilot_msgs/msg/joystick_cmd__rosidl_typesupport_introspection_c.h
[192.975s] -- Up-to-date: /home/jetson/JetPilot/ros2/install/jetpilot_msgs/include/jetpilot_msgs/msg/euler__rosidl_typesupport_introspection_c.h
[192.977s] -- Up-to-date: /home/jetson/JetPilot/ros2/install/jetpilot_msgs/include/jetpilot_msgs/msg/euler__type_support.c
[192.980s] -- Installing: /home/jetson/JetPilot/ros2/install/jetpilot_msgs/include/jetpilot_msgs/msg/jet_drive_cmd__type_support.c
[192.982s] -- Up-to-date: /home/jetson/JetPilot/ros2/install/jetpilot_msgs/include/jetpilot_msgs/msg/rosidl_typesupport_introspection_c__visibility_control.h
[192.984s] -- Installing: /home/jetson/JetPilot/ros2/install/jetpilot_msgs/include/jetpilot_msgs/msg/joystick_cmd__type_support.c
[192.986s] -- Installing: /home/jetson/JetPilot/ros2/install/jetpilot_msgs/include/jetpilot_msgs/msg/jet_racer_pose__type_support.c
[192.989s] -- Installing: /home/jetson/JetPilot/ros2/install/jetpilot_msgs/include/jetpilot_msgs/msg/orientation_euler__type_support.c
[192.992s] -- Installing: /home/jetson/JetPilot/ros2/install/jetpilot_msgs/include/jetpilot_msgs/msg/position__type_support.c
[192.993s] -- Installing: /home/jetson/JetPilot/ros2/install/jetpilot_msgs/include/jetpilot_msgs/msg/position__rosidl_typesupport_introspection_c.h
[192.994s] -- Installing: /home/jetson/JetPilot/ros2/install/jetpilot_msgs/lib/libjetpilot_msgs__rosidl_typesupport_introspection_c.so
[192.996s] -- Set runtime path of "/home/jetson/JetPilot/ros2/install/jetpilot_msgs/lib/libjetpilot_msgs__rosidl_typesupport_introspection_c.so" to ""
[192.999s] -- Up-to-date: /home/jetson/JetPilot/ros2/install/jetpilot_msgs/include/jetpilot_msgs
[193.000s] -- Up-to-date: /home/jetson/JetPilot/ros2/install/jetpilot_msgs/include/jetpilot_msgs/msg
[193.002s] -- Installing: /home/jetson/JetPilot/ros2/install/jetpilot_msgs/include/jetpilot_msgs/msg/joystick_cmd__type_support.h
[193.003s] -- Installing: /home/jetson/JetPilot/ros2/install/jetpilot_msgs/include/jetpilot_msgs/msg/orientation_euler__type_support.h
[193.004s] -- Up-to-date: /home/jetson/JetPilot/ros2/install/jetpilot_msgs/include/jetpilot_msgs/msg/euler__functions.c
[193.006s] -- Installing: /home/jetson/JetPilot/ros2/install/jetpilot_msgs/include/jetpilot_msgs/msg/jet_drive_cmd__functions.h
[193.008s] -- Installing: /home/jetson/JetPilot/ros2/install/jetpilot_msgs/include/jetpilot_msgs/msg/jet_drive_cmd__struct.h
[193.010s] -- Installing: /home/jetson/JetPilot/ros2/install/jetpilot_msgs/include/jetpilot_msgs/msg/jet_racer_pose.h
[193.011s] -- Installing: /home/jetson/JetPilot/ros2/install/jetpilot_msgs/include/jetpilot_msgs/msg/joystick_cmd__functions.h
[193.012s] -- Up-to-date: /home/jetson/JetPilot/ros2/install/jetpilot_msgs/include/jetpilot_msgs/msg/euler.h
[193.014s] -- Installing: /home/jetson/JetPilot/ros2/install/jetpilot_msgs/include/jetpilot_msgs/msg/position__struct.h
[193.016s] -- Installing: /home/jetson/JetPilot/ros2/install/jetpilot_msgs/include/jetpilot_msgs/msg/position__type_support.h
[193.019s] -- Installing: /home/jetson/JetPilot/ros2/install/jetpilot_msgs/include/jetpilot_msgs/msg/jet_racer_pose__type_support.h
[193.021s] -- Installing: /home/jetson/JetPilot/ros2/install/jetpilot_msgs/include/jetpilot_msgs/msg/jet_racer_pose__struct.h
[193.023s] -- Up-to-date: /home/jetson/JetPilot/ros2/install/jetpilot_msgs/include/jetpilot_msgs/msg/euler__type_support.h
[193.025s] -- Installing: /home/jetson/JetPilot/ros2/install/jetpilot_msgs/include/jetpilot_msgs/msg/jet_racer_pose__functions.h
[193.027s] -- Installing: /home/jetson/JetPilot/ros2/install/jetpilot_msgs/include/jetpilot_msgs/msg/jet_racer_pose__functions.c
[193.029s] -- Installing: /home/jetson/JetPilot/ros2/install/jetpilot_msgs/include/jetpilot_msgs/msg/joystick_cmd__functions.c
[193.032s] -- Installing: /home/jetson/JetPilot/ros2/install/jetpilot_msgs/include/jetpilot_msgs/msg/jet_drive_cmd__type_support.h
[193.033s] -- Installing: /home/jetson/JetPilot/ros2/install/jetpilot_msgs/include/jetpilot_msgs/msg/orientation_euler__functions.c
[193.035s] -- Installing: /home/jetson/JetPilot/ros2/install/jetpilot_msgs/include/jetpilot_msgs/msg/position__functions.h
[193.036s] -- Up-to-date: /home/jetson/JetPilot/ros2/install/jetpilot_msgs/include/jetpilot_msgs/msg/euler__functions.h
[193.037s] -- Installing: /home/jetson/JetPilot/ros2/install/jetpilot_msgs/include/jetpilot_msgs/msg/jet_drive_cmd__functions.c
[193.039s] -- Installing: /home/jetson/JetPilot/ros2/install/jetpilot_msgs/include/jetpilot_msgs/msg/orientation_euler__struct.h
[193.040s] -- Installing: /home/jetson/JetPilot/ros2/install/jetpilot_msgs/include/jetpilot_msgs/msg/orientation_euler__functions.h
[193.041s] -- Up-to-date: /home/jetson/JetPilot/ros2/install/jetpilot_msgs/include/jetpilot_msgs/msg/rosidl_generator_c__visibility_control.h
[193.042s] -- Installing: /home/jetson/JetPilot/ros2/install/jetpilot_msgs/include/jetpilot_msgs/msg/joystick_cmd__struct.h
[193.043s] -- Installing: /home/jetson/JetPilot/ros2/install/jetpilot_msgs/include/jetpilot_msgs/msg/position.h
[193.044s] -- Installing: /home/jetson/JetPilot/ros2/install/jetpilot_msgs/include/jetpilot_msgs/msg/jet_drive_cmd.h
[193.045s] -- Installing: /home/jetson/JetPilot/ros2/install/jetpilot_msgs/include/jetpilot_msgs/msg/orientation_euler.h
[193.046s] -- Installing: /home/jetson/JetPilot/ros2/install/jetpilot_msgs/include/jetpilot_msgs/msg/position__functions.c
[193.047s] -- Installing: /home/jetson/JetPilot/ros2/install/jetpilot_msgs/include/jetpilot_msgs/msg/joystick_cmd.h
[193.048s] -- Up-to-date: /home/jetson/JetPilot/ros2/install/jetpilot_msgs/include/jetpilot_msgs/msg/euler__struct.h
[193.049s] -- Installing: /home/jetson/JetPilot/ros2/install/jetpilot_msgs/lib/libjetpilot_msgs__rosidl_generator_c.so
[193.050s] -- Set runtime path of "/home/jetson/JetPilot/ros2/install/jetpilot_msgs/lib/libjetpilot_msgs__rosidl_generator_c.so" to ""
[193.051s] -- Up-to-date: /home/jetson/JetPilot/ros2/install/jetpilot_msgs/include/jetpilot_msgs
[193.052s] -- Up-to-date: /home/jetson/JetPilot/ros2/install/jetpilot_msgs/include/jetpilot_msgs/msg
[193.053s] -- Installing: /home/jetson/JetPilot/ros2/install/jetpilot_msgs/include/jetpilot_msgs/msg/orientation_euler__rosidl_typesupport_fastrtps_c.h
[193.054s] -- Up-to-date: /home/jetson/JetPilot/ros2/install/jetpilot_msgs/include/jetpilot_msgs/msg/rosidl_typesupport_fastrtps_c__visibility_control.h
[193.055s] -- Installing: /home/jetson/JetPilot/ros2/install/jetpilot_msgs/include/jetpilot_msgs/msg/joystick_cmd__rosidl_typesupport_fastrtps_c.h
[193.056s] -- Installing: /home/jetson/JetPilot/ros2/install/jetpilot_msgs/include/jetpilot_msgs/msg/jet_racer_pose__rosidl_typesupport_fastrtps_c.h
[193.057s] -- Up-to-date: /home/jetson/JetPilot/ros2/install/jetpilot_msgs/include/jetpilot_msgs/msg/euler__rosidl_typesupport_fastrtps_c.h
[193.058s] -- Installing: /home/jetson/JetPilot/ros2/install/jetpilot_msgs/include/jetpilot_msgs/msg/jet_drive_cmd__rosidl_typesupport_fastrtps_c.h
[193.059s] -- Installing: /home/jetson/JetPilot/ros2/install/jetpilot_msgs/include/jetpilot_msgs/msg/position__rosidl_typesupport_fastrtps_c.h
[193.060s] -- Installing: /home/jetson/JetPilot/ros2/install/jetpilot_msgs/lib/libjetpilot_msgs__rosidl_typesupport_fastrtps_c.so
[193.061s] -- Set runtime path of "/home/jetson/JetPilot/ros2/install/jetpilot_msgs/lib/libjetpilot_msgs__rosidl_typesupport_fastrtps_c.so" to ""
[193.062s] -- Up-to-date: /home/jetson/JetPilot/ros2/install/jetpilot_msgs/include/jetpilot_msgs
[193.063s] -- Up-to-date: /home/jetson/JetPilot/ros2/install/jetpilot_msgs/include/jetpilot_msgs/msg
[193.064s] -- Installing: /home/jetson/JetPilot/ros2/install/jetpilot_msgs/include/jetpilot_msgs/msg/position__rosidl_typesupport_fastrtps_cpp.hpp
[193.065s] -- Installing: /home/jetson/JetPilot/ros2/install/jetpilot_msgs/include/jetpilot_msgs/msg/joystick_cmd__rosidl_typesupport_fastrtps_cpp.hpp
[193.066s] -- Up-to-date: /home/jetson/JetPilot/ros2/install/jetpilot_msgs/include/jetpilot_msgs/msg/euler__rosidl_typesupport_fastrtps_cpp.hpp
[193.067s] -- Installing: /home/jetson/JetPilot/ros2/install/jetpilot_msgs/include/jetpilot_msgs/msg/orientation_euler__rosidl_typesupport_fastrtps_cpp.hpp
[193.068s] -- Installing: /home/jetson/JetPilot/ros2/install/jetpilot_msgs/include/jetpilot_msgs/msg/jet_drive_cmd__rosidl_typesupport_fastrtps_cpp.hpp
[193.069s] -- Installing: /home/jetson/JetPilot/ros2/install/jetpilot_msgs/include/jetpilot_msgs/msg/jet_racer_pose__rosidl_typesupport_fastrtps_cpp.hpp
[193.070s] -- Up-to-date: /home/jetson/JetPilot/ros2/install/jetpilot_msgs/include/jetpilot_msgs/msg/dds_fastrtps
[193.073s] -- Up-to-date: /home/jetson/JetPilot/ros2/install/jetpilot_msgs/include/jetpilot_msgs/msg/rosidl_typesupport_fastrtps_cpp__visibility_control.h
[193.074s] -- Installing: /home/jetson/JetPilot/ros2/install/jetpilot_msgs/lib/libjetpilot_msgs__rosidl_typesupport_fastrtps_cpp.so
[193.075s] -- Set runtime path of "/home/jetson/JetPilot/ros2/install/jetpilot_msgs/lib/libjetpilot_msgs__rosidl_typesupport_fastrtps_cpp.so" to ""
[193.076s] -- Up-to-date: /home/jetson/JetPilot/ros2/install/jetpilot_msgs/include/jetpilot_msgs
[193.077s] -- Up-to-date: /home/jetson/JetPilot/ros2/install/jetpilot_msgs/include/jetpilot_msgs/msg
[193.078s] -- Up-to-date: /home/jetson/JetPilot/ros2/install/jetpilot_msgs/include/jetpilot_msgs/msg/euler__traits.hpp
[193.079s] -- Up-to-date: /home/jetson/JetPilot/ros2/install/jetpilot_msgs/include/jetpilot_msgs/msg/euler__struct.hpp
[193.080s] -- Installing: /home/jetson/JetPilot/ros2/install/jetpilot_msgs/include/jetpilot_msgs/msg/jet_racer_pose__traits.hpp
[193.081s] -- Installing: /home/jetson/JetPilot/ros2/install/jetpilot_msgs/include/jetpilot_msgs/msg/jet_racer_pose.hpp
[193.082s] -- Installing: /home/jetson/JetPilot/ros2/install/jetpilot_msgs/include/jetpilot_msgs/msg/joystick_cmd__traits.hpp
[193.083s] -- Installing: /home/jetson/JetPilot/ros2/install/jetpilot_msgs/include/jetpilot_msgs/msg/position__traits.hpp
[193.084s] -- Installing: /home/jetson/JetPilot/ros2/install/jetpilot_msgs/include/jetpilot_msgs/msg/jet_drive_cmd__struct.hpp
[193.085s] -- Installing: /home/jetson/JetPilot/ros2/install/jetpilot_msgs/include/jetpilot_msgs/msg/position__struct.hpp
[193.086s] -- Installing: /home/jetson/JetPilot/ros2/install/jetpilot_msgs/include/jetpilot_msgs/msg/orientation_euler__traits.hpp
[193.087s] -- Installing: /home/jetson/JetPilot/ros2/install/jetpilot_msgs/include/jetpilot_msgs/msg/orientation_euler__struct.hpp
[193.088s] -- Installing: /home/jetson/JetPilot/ros2/install/jetpilot_msgs/include/jetpilot_msgs/msg/jet_racer_pose__struct.hpp
[193.089s] -- Installing: /home/jetson/JetPilot/ros2/install/jetpilot_msgs/include/jetpilot_msgs/msg/orientation_euler.hpp
[193.090s] -- Up-to-date: /home/jetson/JetPilot/ros2/install/jetpilot_msgs/include/jetpilot_msgs/msg/euler.hpp
[193.091s] -- Installing: /home/jetson/JetPilot/ros2/install/jetpilot_msgs/include/jetpilot_msgs/msg/joystick_cmd.hpp
[193.092s] -- Installing: /home/jetson/JetPilot/ros2/install/jetpilot_msgs/include/jetpilot_msgs/msg/jet_drive_cmd.hpp
[193.093s] -- Installing: /home/jetson/JetPilot/ros2/install/jetpilot_msgs/include/jetpilot_msgs/msg/joystick_cmd__struct.hpp
[193.094s] -- Installing: /home/jetson/JetPilot/ros2/install/jetpilot_msgs/include/jetpilot_msgs/msg/position.hpp
[193.095s] -- Installing: /home/jetson/JetPilot/ros2/install/jetpilot_msgs/include/jetpilot_msgs/msg/jet_drive_cmd__traits.hpp
[193.096s] -- Up-to-date: /home/jetson/JetPilot/ros2/install/jetpilot_msgs/include/jetpilot_msgs
[193.097s] -- Up-to-date: /home/jetson/JetPilot/ros2/install/jetpilot_msgs/include/jetpilot_msgs/msg
[193.098s] -- Installing: /home/jetson/JetPilot/ros2/install/jetpilot_msgs/include/jetpilot_msgs/msg/position__rosidl_typesupport_introspection_cpp.hpp
[193.099s] -- Up-to-date: /home/jetson/JetPilot/ros2/install/jetpilot_msgs/include/jetpilot_msgs/msg/euler__rosidl_typesupport_introspection_cpp.hpp
[193.100s] -- Up-to-date: /home/jetson/JetPilot/ros2/install/jetpilot_msgs/include/jetpilot_msgs/msg/euler__type_support.cpp
[193.101s] -- Installing: /home/jetson/JetPilot/ros2/install/jetpilot_msgs/include/jetpilot_msgs/msg/joystick_cmd__rosidl_typesupport_introspection_cpp.hpp
[193.101s] -- Installing: /home/jetson/JetPilot/ros2/install/jetpilot_msgs/include/jetpilot_msgs/msg/jet_drive_cmd__type_support.cpp
[193.102s] -- Installing: /home/jetson/JetPilot/ros2/install/jetpilot_msgs/include/jetpilot_msgs/msg/jet_racer_pose__rosidl_typesupport_introspection_cpp.hpp
[193.103s] -- Installing: /home/jetson/JetPilot/ros2/install/jetpilot_msgs/include/jetpilot_msgs/msg/jet_racer_pose__type_support.cpp
[193.104s] -- Installing: /home/jetson/JetPilot/ros2/install/jetpilot_msgs/include/jetpilot_msgs/msg/joystick_cmd__type_support.cpp
[193.105s] -- Installing: /home/jetson/JetPilot/ros2/install/jetpilot_msgs/include/jetpilot_msgs/msg/orientation_euler__rosidl_typesupport_introspection_cpp.hpp
[193.106s] -- Installing: /home/jetson/JetPilot/ros2/install/jetpilot_msgs/include/jetpilot_msgs/msg/position__type_support.cpp
[193.107s] -- Installing: /home/jetson/JetPilot/ros2/install/jetpilot_msgs/include/jetpilot_msgs/msg/orientation_euler__type_support.cpp
[193.108s] -- Installing: /home/jetson/JetPilot/ros2/install/jetpilot_msgs/include/jetpilot_msgs/msg/jet_drive_cmd__rosidl_typesupport_introspection_cpp.hpp
[193.109s] -- Installing: /home/jetson/JetPilot/ros2/install/jetpilot_msgs/lib/libjetpilot_msgs__rosidl_typesupport_introspection_cpp.so
[193.110s] -- Set runtime path of "/home/jetson/JetPilot/ros2/install/jetpilot_msgs/lib/libjetpilot_msgs__rosidl_typesupport_introspection_cpp.so" to ""
[193.111s] -- Up-to-date: /home/jetson/JetPilot/ros2/install/jetpilot_msgs/share/jetpilot_msgs/environment/pythonpath.sh
[193.112s] -- Installing: /home/jetson/JetPilot/ros2/install/jetpilot_msgs/lib/python3.6/site-packages/jetpilot_msgs/__init__.py
[197.395s] Compiling '/home/jetson/JetPilot/ros2/install/jetpilot_msgs/lib/python3.6/site-packages/jetpilot_msgs/__init__.py'...
[197.428s] -- Up-to-date: /home/jetson/JetPilot/ros2/install/jetpilot_msgs/lib/python3.6/site-packages/jetpilot_msgs/msg
[197.429s] -- Installing: /home/jetson/JetPilot/ros2/install/jetpilot_msgs/lib/python3.6/site-packages/jetpilot_msgs/msg/_jet_racer_pose.py
[197.433s] -- Installing: /home/jetson/JetPilot/ros2/install/jetpilot_msgs/lib/python3.6/site-packages/jetpilot_msgs/msg/_joystick_cmd_s.c
[197.435s] -- Installing: /home/jetson/JetPilot/ros2/install/jetpilot_msgs/lib/python3.6/site-packages/jetpilot_msgs/msg/_orientation_euler.py
[197.437s] -- Installing: /home/jetson/JetPilot/ros2/install/jetpilot_msgs/lib/python3.6/site-packages/jetpilot_msgs/msg/_jet_racer_pose_s.c
[197.438s] -- Up-to-date: /home/jetson/JetPilot/ros2/install/jetpilot_msgs/lib/python3.6/site-packages/jetpilot_msgs/msg/_euler_s.c
[197.439s] -- Installing: /home/jetson/JetPilot/ros2/install/jetpilot_msgs/lib/python3.6/site-packages/jetpilot_msgs/msg/_position_s.c
[197.440s] -- Installing: /home/jetson/JetPilot/ros2/install/jetpilot_msgs/lib/python3.6/site-packages/jetpilot_msgs/msg/_joystick_cmd.py
[197.442s] -- Installing: /home/jetson/JetPilot/ros2/install/jetpilot_msgs/lib/python3.6/site-packages/jetpilot_msgs/msg/_orientation_euler_s.c
[197.443s] -- Installing: /home/jetson/JetPilot/ros2/install/jetpilot_msgs/lib/python3.6/site-packages/jetpilot_msgs/msg/__init__.py
[197.444s] -- Installing: /home/jetson/JetPilot/ros2/install/jetpilot_msgs/lib/python3.6/site-packages/jetpilot_msgs/msg/_jet_drive_cmd.py
[197.445s] -- Up-to-date: /home/jetson/JetPilot/ros2/install/jetpilot_msgs/lib/python3.6/site-packages/jetpilot_msgs/msg/_euler.py
[197.446s] -- Installing: /home/jetson/JetPilot/ros2/install/jetpilot_msgs/lib/python3.6/site-packages/jetpilot_msgs/msg/_jet_drive_cmd_s.c
[197.447s] -- Installing: /home/jetson/JetPilot/ros2/install/jetpilot_msgs/lib/python3.6/site-packages/jetpilot_msgs/msg/_position.py
[197.449s] -- Installing: /home/jetson/JetPilot/ros2/install/jetpilot_msgs/lib/python3.6/site-packages/jetpilot_msgs/jetpilot_msgs_s__rosidl_typesupport_c.cpython-36m-aarch64-linux-gnu.so
[197.450s] -- Set runtime path of "/home/jetson/JetPilot/ros2/install/jetpilot_msgs/lib/python3.6/site-packages/jetpilot_msgs/jetpilot_msgs_s__rosidl_typesupport_c.cpython-36m-aarch64-linux-gnu.so" to ""
[197.451s] -- Installing: /home/jetson/JetPilot/ros2/install/jetpilot_msgs/lib/python3.6/site-packages/jetpilot_msgs/jetpilot_msgs_s__rosidl_typesupport_introspection_c.cpython-36m-aarch64-linux-gnu.so
[197.453s] -- Set runtime path of "/home/jetson/JetPilot/ros2/install/jetpilot_msgs/lib/python3.6/site-packages/jetpilot_msgs/jetpilot_msgs_s__rosidl_typesupport_introspection_c.cpython-36m-aarch64-linux-gnu.so" to ""
[197.454s] -- Installing: /home/jetson/JetPilot/ros2/install/jetpilot_msgs/lib/python3.6/site-packages/jetpilot_msgs/jetpilot_msgs_s__rosidl_typesupport_fastrtps_c.cpython-36m-aarch64-linux-gnu.so
[197.455s] -- Set runtime path of "/home/jetson/JetPilot/ros2/install/jetpilot_msgs/lib/python3.6/site-packages/jetpilot_msgs/jetpilot_msgs_s__rosidl_typesupport_fastrtps_c.cpython-36m-aarch64-linux-gnu.so" to ""
[197.457s] -- Installing: /home/jetson/JetPilot/ros2/install/jetpilot_msgs/lib/libjetpilot_msgs__python.so
[197.459s] -- Set runtime path of "/home/jetson/JetPilot/ros2/install/jetpilot_msgs/lib/libjetpilot_msgs__python.so" to ""
[197.461s] -- Up-to-date: /home/jetson/JetPilot/ros2/install/jetpilot_msgs/share/jetpilot_msgs/msg/JoystickCmd.idl
[197.462s] -- Up-to-date: /home/jetson/JetPilot/ros2/install/jetpilot_msgs/share/jetpilot_msgs/msg/JetDriveCmd.idl
[197.464s] -- Up-to-date: /home/jetson/JetPilot/ros2/install/jetpilot_msgs/share/jetpilot_msgs/msg/JetRacerPose.idl
[197.465s] -- Installing: /home/jetson/JetPilot/ros2/install/jetpilot_msgs/share/jetpilot_msgs/msg/OrientationEuler.idl
[197.467s] -- Installing: /home/jetson/JetPilot/ros2/install/jetpilot_msgs/share/jetpilot_msgs/msg/Position.idl
[197.468s] -- Up-to-date: /home/jetson/JetPilot/ros2/install/jetpilot_msgs/share/jetpilot_msgs/msg/JoystickCmd.msg
[197.471s] -- Up-to-date: /home/jetson/JetPilot/ros2/install/jetpilot_msgs/share/jetpilot_msgs/msg/JetDriveCmd.msg
[197.472s] -- Up-to-date: /home/jetson/JetPilot/ros2/install/jetpilot_msgs/share/jetpilot_msgs/msg/JetRacerPose.msg
[197.473s] -- Installing: /home/jetson/JetPilot/ros2/install/jetpilot_msgs/share/jetpilot_msgs/msg/OrientationEuler.msg
[197.477s] -- Installing: /home/jetson/JetPilot/ros2/install/jetpilot_msgs/share/jetpilot_msgs/msg/Position.msg
[197.478s] -- Up-to-date: /home/jetson/JetPilot/ros2/install/jetpilot_msgs/share/ament_index/resource_index/package_run_dependencies/jetpilot_msgs
[197.479s] -- Up-to-date: /home/jetson/JetPilot/ros2/install/jetpilot_msgs/share/ament_index/resource_index/parent_prefix_path/jetpilot_msgs
[197.479s] -- Up-to-date: /home/jetson/JetPilot/ros2/install/jetpilot_msgs/share/jetpilot_msgs/local_setup.bash
[197.481s] -- Up-to-date: /home/jetson/JetPilot/ros2/install/jetpilot_msgs/share/jetpilot_msgs/local_setup.sh
[197.482s] -- Up-to-date: /home/jetson/JetPilot/ros2/install/jetpilot_msgs/share/jetpilot_msgs/local_setup.zsh
[197.483s] -- Up-to-date: /home/jetson/JetPilot/ros2/install/jetpilot_msgs/share/ament_index/resource_index/packages/jetpilot_msgs
[197.492s] -- Up-to-date: /home/jetson/JetPilot/ros2/install/jetpilot_msgs/share/jetpilot_msgs/cmake/rosidl_cmake-extras.cmake
[197.493s] -- Up-to-date: /home/jetson/JetPilot/ros2/install/jetpilot_msgs/share/jetpilot_msgs/cmake/ament_cmake_export_dependencies-extras.cmake
[197.495s] -- Up-to-date: /home/jetson/JetPilot/ros2/install/jetpilot_msgs/share/jetpilot_msgs/cmake/ament_cmake_export_libraries-extras.cmake
[197.497s] -- Up-to-date: /home/jetson/JetPilot/ros2/install/jetpilot_msgs/share/jetpilot_msgs/cmake/ament_cmake_export_include_directories-extras.cmake
[197.498s] -- Up-to-date: /home/jetson/JetPilot/ros2/install/jetpilot_msgs/share/jetpilot_msgs/cmake/jetpilot_msgsConfig.cmake
[197.499s] -- Up-to-date: /home/jetson/JetPilot/ros2/install/jetpilot_msgs/share/jetpilot_msgs/cmake/jetpilot_msgsConfig-version.cmake
[197.501s] -- Up-to-date: /home/jetson/JetPilot/ros2/install/jetpilot_msgs/share/jetpilot_msgs/package.xml
[197.503s] Invoked command in '/home/jetson/JetPilot/ros2/build/jetpilot_msgs' returned '0': CMAKE_PREFIX_PATH=${CMAKE_PREFIX_PATH}:/home/jetson/JetPilot/ros2/install/joystick:/home/jetson/JetPilot/ros2/install/jet_drive:/home/jetson/JetPilot/ros2/install/imu_bno055:/home/jetson/ros2_dashing/install/ros2bag:/home/jetson/ros2_dashing/install/topic_monitor:/home/jetson/ros2_dashing/install/sros2:/home/jetson/ros2_dashing/install/rqt_topic:/home/jetson/ros2_dashing/install/rqt_top:/home/jetson/ros2_dashing/install/rqt_srv:/home/jetson/ros2_dashing/install/rqt_shell:/home/jetson/ros2_dashing/install/rqt_service_caller:/home/jetson/ros2_dashing/install/rqt_py_console:/home/jetson/ros2_dashing/install/rqt_action:/home/jetson/ros2_dashing/install/rqt:/home/jetson/ros2_dashing/install/rqt_graph:/home/jetson/ros2_dashing/install/rqt_gui_py:/home/jetson/ros2_dashing/install/rqt_gui:/home/jetson/ros2_dashing/install/ros2topic:/home/jetson/ros2_dashing/install/ros2test:/home/jetson/ros2_dashing/install/ros2component:/home/jetson/ros2_dashing/install/ros2param:/home/jetson/ros2_dashing/install/ros2lifecycle:/home/jetson/ros2_dashing/install/ros2service:/home/jetson/ros2_dashing/install/ros2srv:/home/jetson/ros2_dashing/install/ros2run:/home/jetson/ros2_dashing/install/ros2launch:/home/jetson/ros2_dashing/install/ros2pkg:/home/jetson/ros2_dashing/install/ros2node:/home/jetson/ros2_dashing/install/ros2multicast:/home/jetson/ros2_dashing/install/ros2msg:/home/jetson/ros2_dashing/install/ros2action:/home/jetson/ros2_dashing/install/ros2cli:/home/jetson/ros2_dashing/install/quality_of_service_demo_py:/home/jetson/ros2_dashing/install/launch_testing_ros:/home/jetson/ros2_dashing/install/launch_ros:/home/jetson/ros2_dashing/install/examples_rclpy_minimal_subscriber:/home/jetson/ros2_dashing/install/examples_rclpy_minimal_service:/home/jetson/ros2_dashing/install/examples_rclpy_minimal_publisher:/home/jetson/ros2_dashing/install/examples_rclpy_minimal_client:/home/jetson/ros2_dashing/install/examples_rclpy_minimal_action_server:/home/jetson/ros2_dashing/install/examples_rclpy_minimal_action_client:/home/jetson/ros2_dashing/install/examples_rclpy_executors:/home/jetson/ros2_dashing/install/demo_nodes_py:/home/jetson/ros2_dashing/install/ament_uncrustify:/home/jetson/ros2_dashing/install/test_launch_ros:/home/jetson/ros2_dashing/install/rosidl_runtime_py:/home/jetson/ros2_dashing/install/launch_testing:/home/jetson/ros2_dashing/install/launch:/home/jetson/ros2_dashing/install/osrf_pycommon:/home/jetson/ros2_dashing/install/ament_xmllint:/home/jetson/ros2_dashing/install/ament_pyflakes:/home/jetson/ros2_dashing/install/ament_pep8:/home/jetson/ros2_dashing/install/ament_pep257:/home/jetson/ros2_dashing/install/ament_pclint:/home/jetson/ros2_dashing/install/ament_package:/home/jetson/ros2_dashing/install/ament_lint_cmake:/home/jetson/ros2_dashing/install/ament_flake8:/home/jetson/ros2_dashing/install/ament_copyright:/home/jetson/ros2_dashing/install/ament_lint:/home/jetson/ros2_dashing/install/ament_index_python:/home/jetson/ros2_dashing/install/ament_cpplint:/home/jetson/ros2_dashing/install/ament_cppcheck:/home/jetson/ros2_dashing/install/ament_clang_tidy:/home/jetson/ros2_dashing/install/ament_clang_format /usr/bin/cmake --build /home/jetson/JetPilot/ros2/build/jetpilot_msgs --target install -- -j2 -l2
