Error parsing '/home/jetson/JetAutonomy/ros2/src/jet_drive_moderator/package.xml':
Traceback (most recent call last):
  File "/home/jetson/ros2_dashing/install/ament_cmake_core/share/ament_cmake_core/cmake/core/package_xml_2_cmake.py", line 143, in <module>
    main()
  File "/home/jetson/ros2_dashing/install/ament_cmake_core/share/ament_cmake_core/cmake/core/package_xml_2_cmake.py", line 52, in main
    raise e
  File "/home/jetson/ros2_dashing/install/ament_cmake_core/share/ament_cmake_core/cmake/core/package_xml_2_cmake.py", line 49, in main
    args.package_xml.read(), filename=args.package_xml.name)
  File "/usr/lib/python3/dist-packages/catkin_pkg/package.py", line 773, in parse_package_string
    pkg.validate(warnings=warnings)
  File "/usr/lib/python3/dist-packages/catkin_pkg/package.py", line 316, in validate
    raise InvalidPackage('\n'.join(errors), self.filename)
catkin_pkg.package.InvalidPackage: Error(s) in package '/home/jetson/JetAutonomy/ros2/src/jet_drive_moderator/package.xml':
The package "jet_drive_moderator" must not "build_depend" on a package with the same name as this package
The package "jet_drive_moderator" must not "build_export_depend" on a package with the same name as this package
The package "jet_drive_moderator" must not "exec_depend" on a package with the same name as this package
CMake Error at /home/jetson/ros2_dashing/install/ament_cmake_core/share/ament_cmake_core/cmake/core/ament_package_xml.cmake:94 (message):
  execute_process(/usr/bin/python3
  /home/jetson/ros2_dashing/install/ament_cmake_core/share/ament_cmake_core/cmake/core/package_xml_2_cmake.py
  /home/jetson/JetAutonomy/ros2/src/jet_drive_moderator/package.xml
  /home/jetson/JetAutonomy/ros2/build/jet_drive_moderator/ament_cmake_core/package.cmake)
  returned error code 1
Call Stack (most recent call first):
  /home/jetson/ros2_dashing/install/ament_cmake_core/share/ament_cmake_core/cmake/core/ament_package_xml.cmake:49 (_ament_package_xml)
  /home/jetson/ros2_dashing/install/ament_lint_auto/share/ament_lint_auto/cmake/ament_lint_auto_find_test_dependencies.cmake:31 (ament_package_xml)
  CMakeLists.txt:50 (ament_lint_auto_find_test_dependencies)


