-- The C compiler identification is GNU 7.3.0
-- The CXX compiler identification is GNU 7.3.0
-- Check for working C compiler: /usr/bin/cc
-- Check for working C compiler: /usr/bin/cc -- works
-- Detecting C compiler ABI info
-- Detecting C compiler ABI info - done
-- Detecting C compile features
-- Detecting C compile features - done
-- Check for working CXX compiler: /usr/bin/c++
-- Check for working CXX compiler: /usr/bin/c++ -- works
-- Detecting CXX compiler ABI info
-- Detecting CXX compiler ABI info - done
-- Detecting CXX compile features
-- Detecting CXX compile features - done
-- Found ament_cmake: 0.7.6 (/home/jetson/ros2_dashing/install/ament_cmake/share/ament_cmake/cmake)
-- Found PythonInterp: /usr/bin/python3 (found suitable version "3.6.8", minimum required is "3") 
-- Using PYTHON_EXECUTABLE: /usr/bin/python3
-- Found rosidl_default_generators: 0.7.0 (/home/jetson/ros2_dashing/install/rosidl_default_generators/share/rosidl_default_generators/cmake)
-- Found rosidl_adapter: 0.7.10 (/home/jetson/ros2_dashing/install/rosidl_adapter/share/rosidl_adapter/cmake)
-- Found OpenSSL: /usr/lib/aarch64-linux-gnu/libcrypto.so (found version "1.1.1") 
-- Found FastRTPS: /home/jetson/ros2_dashing/install/fastrtps/include  
-- Found std_msgs: 0.7.0 (/home/jetson/ros2_dashing/install/std_msgs/share/std_msgs/cmake)
-- Found PythonInterp: /usr/bin/python3 (found version "3.6.8") 
-- Using all available rosidl_typesupport_c: rosidl_typesupport_introspection_c;rosidl_typesupport_fastrtps_c
-- Using all available rosidl_typesupport_cpp: rosidl_typesupport_introspection_cpp;rosidl_typesupport_fastrtps_cpp
-- Found rmw_implementation_cmake: 0.7.2 (/home/jetson/ros2_dashing/install/rmw_implementation_cmake/share/rmw_implementation_cmake/cmake)
-- Found PythonInterp: /usr/bin/python3 (found suitable version "3.6.8", minimum required is "3.5") 
-- Found python_cmake_module: 0.7.11 (/home/jetson/ros2_dashing/install/python_cmake_module/share/python_cmake_module/cmake)
-- Found PythonLibs: /usr/lib/aarch64-linux-gnu/libpython3.6m.so (found suitable version "3.6.8", minimum required is "3.5") 
-- Using PYTHON_EXECUTABLE: /usr/bin/python3
-- Using PYTHON_INCLUDE_DIRS: /usr/include/python3.6m
-- Using PYTHON_LIBRARIES: /usr/lib/aarch64-linux-gnu/libpython3.6m.so
-- Found PythonExtra: .so  
-- Configuring done
-- Generating done
-- Build files have been written to: /home/jetson/JetAutonomy/ros/build/jet_autonomy_msgs
[  3%] [34m[1mGenerating C code for ROS interfaces[0m
[35m[1mScanning dependencies of target jet_autonomy_msgs__rosidl_generator_c[0m
[  6%] [32mBuilding C object CMakeFiles/jet_autonomy_msgs__rosidl_generator_c.dir/rosidl_generator_c/jet_autonomy_msgs/msg/joystick_cmd__functions.c.o[0m
[  9%] [32m[1mLinking C shared library libjet_autonomy_msgs__rosidl_generator_c.so[0m
[  9%] Built target jet_autonomy_msgs__rosidl_generator_c
[35m[1mScanning dependencies of target jet_autonomy_msgs__cpp[0m
[ 12%] [34m[1mGenerating C++ code for ROS interfaces[0m
[ 12%] Built target jet_autonomy_msgs__cpp
[ 16%] [34m[1mGenerating C introspection for ROS interfaces[0m
[35m[1mScanning dependencies of target jet_autonomy_msgs__rosidl_typesupport_introspection_c[0m
[ 19%] [32mBuilding C object CMakeFiles/jet_autonomy_msgs__rosidl_typesupport_introspection_c.dir/rosidl_typesupport_introspection_c/jet_autonomy_msgs/msg/joystick_cmd__type_support.c.o[0m
[ 22%] [32m[1mLinking C shared library libjet_autonomy_msgs__rosidl_typesupport_introspection_c.so[0m
[ 22%] Built target jet_autonomy_msgs__rosidl_typesupport_introspection_c
[ 25%] [34m[1mGenerating C type support dispatch for ROS interfaces[0m
[35m[1mScanning dependencies of target jet_autonomy_msgs__rosidl_typesupport_c[0m
[ 29%] [32mBuilding CXX object CMakeFiles/jet_autonomy_msgs__rosidl_typesupport_c.dir/rosidl_typesupport_c/jet_autonomy_msgs/msg/joystick_cmd__type_support.cpp.o[0m
[ 32%] [32m[1mLinking CXX shared library libjet_autonomy_msgs__rosidl_typesupport_c.so[0m
[ 32%] Built target jet_autonomy_msgs__rosidl_typesupport_c
[ 35%] [34m[1mGenerating C++ introspection for ROS interfaces[0m
[35m[1mScanning dependencies of target jet_autonomy_msgs__rosidl_typesupport_introspection_cpp[0m
[ 38%] [32mBuilding CXX object CMakeFiles/jet_autonomy_msgs__rosidl_typesupport_introspection_cpp.dir/rosidl_typesupport_introspection_cpp/jet_autonomy_msgs/msg/joystick_cmd__type_support.cpp.o[0m
[ 41%] [32m[1mLinking CXX shared library libjet_autonomy_msgs__rosidl_typesupport_introspection_cpp.so[0m
[ 41%] Built target jet_autonomy_msgs__rosidl_typesupport_introspection_cpp
[ 45%] [34m[1mGenerating C++ type support dispatch for ROS interfaces[0m
[35m[1mScanning dependencies of target jet_autonomy_msgs__rosidl_typesupport_cpp[0m
[ 48%] [32mBuilding CXX object CMakeFiles/jet_autonomy_msgs__rosidl_typesupport_cpp.dir/rosidl_typesupport_cpp/jet_autonomy_msgs/msg/joystick_cmd__type_support.cpp.o[0m
[ 51%] [32m[1mLinking CXX shared library libjet_autonomy_msgs__rosidl_typesupport_cpp.so[0m
[ 51%] Built target jet_autonomy_msgs__rosidl_typesupport_cpp
[ 54%] [34m[1mGenerating C++ type support for eProsima Fast-RTPS[0m
[35m[1mScanning dependencies of target jet_autonomy_msgs__rosidl_typesupport_fastrtps_cpp[0m
[ 58%] [32mBuilding CXX object CMakeFiles/jet_autonomy_msgs__rosidl_typesupport_fastrtps_cpp.dir/rosidl_typesupport_fastrtps_cpp/jet_autonomy_msgs/msg/dds_fastrtps/joystick_cmd__type_support.cpp.o[0m
[ 61%] [32m[1mLinking CXX shared library libjet_autonomy_msgs__rosidl_typesupport_fastrtps_cpp.so[0m
[ 61%] Built target jet_autonomy_msgs__rosidl_typesupport_fastrtps_cpp
[ 64%] [34m[1mGenerating C type support for eProsima Fast-RTPS[0m
[35m[1mScanning dependencies of target jet_autonomy_msgs__rosidl_typesupport_fastrtps_c[0m
[ 67%] [32mBuilding CXX object CMakeFiles/jet_autonomy_msgs__rosidl_typesupport_fastrtps_c.dir/rosidl_typesupport_fastrtps_c/jet_autonomy_msgs/msg/joystick_cmd__type_support_c.cpp.o[0m
[ 70%] [32m[1mLinking CXX shared library libjet_autonomy_msgs__rosidl_typesupport_fastrtps_c.so[0m
[ 70%] Built target jet_autonomy_msgs__rosidl_typesupport_fastrtps_c
[35m[1mScanning dependencies of target jet_autonomy_msgs[0m
[ 70%] Built target jet_autonomy_msgs
[35m[1mScanning dependencies of target jet_autonomy_msgs__py[0m
[ 74%] [34m[1mGenerating Python code for ROS interfaces[0m
[ 74%] Built target jet_autonomy_msgs__py
[35m[1mScanning dependencies of target jet_autonomy_msgs__python[0m
[ 77%] [32mBuilding C object CMakeFiles/jet_autonomy_msgs__python.dir/rosidl_generator_py/jet_autonomy_msgs/msg/_joystick_cmd_s.c.o[0m
[ 80%] [32m[1mLinking C shared library rosidl_generator_py/jet_autonomy_msgs/libjet_autonomy_msgs__python.so[0m
[ 80%] Built target jet_autonomy_msgs__python
[35m[1mScanning dependencies of target jet_autonomy_msgs__rosidl_typesupport_fastrtps_c__pyext[0m
[ 83%] [32mBuilding C object CMakeFiles/jet_autonomy_msgs__rosidl_typesupport_fastrtps_c__pyext.dir/rosidl_generator_py/jet_autonomy_msgs/_jet_autonomy_msgs_s.ep.rosidl_typesupport_fastrtps_c.c.o[0m
[ 87%] [32m[1mLinking C shared library rosidl_generator_py/jet_autonomy_msgs/jet_autonomy_msgs_s__rosidl_typesupport_fastrtps_c.cpython-36m-aarch64-linux-gnu.so[0m
[ 87%] Built target jet_autonomy_msgs__rosidl_typesupport_fastrtps_c__pyext
[35m[1mScanning dependencies of target jet_autonomy_msgs__rosidl_typesupport_c__pyext[0m
[ 90%] [32mBuilding C object CMakeFiles/jet_autonomy_msgs__rosidl_typesupport_c__pyext.dir/rosidl_generator_py/jet_autonomy_msgs/_jet_autonomy_msgs_s.ep.rosidl_typesupport_c.c.o[0m
[ 93%] [32m[1mLinking C shared library rosidl_generator_py/jet_autonomy_msgs/jet_autonomy_msgs_s__rosidl_typesupport_c.cpython-36m-aarch64-linux-gnu.so[0m
[ 93%] Built target jet_autonomy_msgs__rosidl_typesupport_c__pyext
[35m[1mScanning dependencies of target jet_autonomy_msgs__rosidl_typesupport_introspection_c__pyext[0m
[ 96%] [32mBuilding C object CMakeFiles/jet_autonomy_msgs__rosidl_typesupport_introspection_c__pyext.dir/rosidl_generator_py/jet_autonomy_msgs/_jet_autonomy_msgs_s.ep.rosidl_typesupport_introspection_c.c.o[0m
[100%] [32m[1mLinking C shared library rosidl_generator_py/jet_autonomy_msgs/jet_autonomy_msgs_s__rosidl_typesupport_introspection_c.cpython-36m-aarch64-linux-gnu.so[0m
[100%] Built target jet_autonomy_msgs__rosidl_typesupport_introspection_c__pyext
[  9%] Built target jet_autonomy_msgs__rosidl_generator_c
[ 12%] Built target jet_autonomy_msgs__cpp
[ 22%] Built target jet_autonomy_msgs__rosidl_typesupport_introspection_c
[ 32%] Built target jet_autonomy_msgs__rosidl_typesupport_c
[ 41%] Built target jet_autonomy_msgs__rosidl_typesupport_introspection_cpp
[ 51%] Built target jet_autonomy_msgs__rosidl_typesupport_cpp
[ 61%] Built target jet_autonomy_msgs__rosidl_typesupport_fastrtps_cpp
[ 70%] Built target jet_autonomy_msgs__rosidl_typesupport_fastrtps_c
[ 70%] Built target jet_autonomy_msgs
[ 74%] Built target jet_autonomy_msgs__py
[ 80%] Built target jet_autonomy_msgs__python
[ 87%] Built target jet_autonomy_msgs__rosidl_typesupport_fastrtps_c__pyext
[ 93%] Built target jet_autonomy_msgs__rosidl_typesupport_c__pyext
[100%] Built target jet_autonomy_msgs__rosidl_typesupport_introspection_c__pyext
[36mInstall the project...[0m
-- Install configuration: ""
-- Installing: /home/jetson/JetAutonomy/ros/install/jet_autonomy_msgs/share/ament_index/resource_index/rosidl_interfaces/jet_autonomy_msgs
-- Installing: /home/jetson/JetAutonomy/ros/install/jet_autonomy_msgs/lib/libjet_autonomy_msgs__rosidl_typesupport_c.so
-- Set runtime path of "/home/jetson/JetAutonomy/ros/install/jet_autonomy_msgs/lib/libjet_autonomy_msgs__rosidl_typesupport_c.so" to ""
-- Installing: /home/jetson/JetAutonomy/ros/install/jet_autonomy_msgs/share/jet_autonomy_msgs/environment/library_path.sh
-- Installing: /home/jetson/JetAutonomy/ros/install/jet_autonomy_msgs/lib/libjet_autonomy_msgs__rosidl_typesupport_cpp.so
-- Set runtime path of "/home/jetson/JetAutonomy/ros/install/jet_autonomy_msgs/lib/libjet_autonomy_msgs__rosidl_typesupport_cpp.so" to ""
-- Installing: /home/jetson/JetAutonomy/ros/install/jet_autonomy_msgs/include/jet_autonomy_msgs
-- Installing: /home/jetson/JetAutonomy/ros/install/jet_autonomy_msgs/include/jet_autonomy_msgs/msg
-- Installing: /home/jetson/JetAutonomy/ros/install/jet_autonomy_msgs/include/jet_autonomy_msgs/msg/joystick_cmd__rosidl_typesupport_introspection_c.h
-- Installing: /home/jetson/JetAutonomy/ros/install/jet_autonomy_msgs/include/jet_autonomy_msgs/msg/rosidl_typesupport_introspection_c__visibility_control.h
-- Installing: /home/jetson/JetAutonomy/ros/install/jet_autonomy_msgs/include/jet_autonomy_msgs/msg/joystick_cmd__type_support.c
-- Installing: /home/jetson/JetAutonomy/ros/install/jet_autonomy_msgs/lib/libjet_autonomy_msgs__rosidl_typesupport_introspection_c.so
-- Set runtime path of "/home/jetson/JetAutonomy/ros/install/jet_autonomy_msgs/lib/libjet_autonomy_msgs__rosidl_typesupport_introspection_c.so" to ""
-- Up-to-date: /home/jetson/JetAutonomy/ros/install/jet_autonomy_msgs/include/jet_autonomy_msgs
-- Up-to-date: /home/jetson/JetAutonomy/ros/install/jet_autonomy_msgs/include/jet_autonomy_msgs/msg
-- Installing: /home/jetson/JetAutonomy/ros/install/jet_autonomy_msgs/include/jet_autonomy_msgs/msg/joystick_cmd__type_support.h
-- Installing: /home/jetson/JetAutonomy/ros/install/jet_autonomy_msgs/include/jet_autonomy_msgs/msg/joystick_cmd__functions.h
-- Installing: /home/jetson/JetAutonomy/ros/install/jet_autonomy_msgs/include/jet_autonomy_msgs/msg/joystick_cmd__functions.c
-- Installing: /home/jetson/JetAutonomy/ros/install/jet_autonomy_msgs/include/jet_autonomy_msgs/msg/rosidl_generator_c__visibility_control.h
-- Installing: /home/jetson/JetAutonomy/ros/install/jet_autonomy_msgs/include/jet_autonomy_msgs/msg/joystick_cmd__struct.h
-- Installing: /home/jetson/JetAutonomy/ros/install/jet_autonomy_msgs/include/jet_autonomy_msgs/msg/joystick_cmd.h
-- Installing: /home/jetson/JetAutonomy/ros/install/jet_autonomy_msgs/lib/libjet_autonomy_msgs__rosidl_generator_c.so
-- Set runtime path of "/home/jetson/JetAutonomy/ros/install/jet_autonomy_msgs/lib/libjet_autonomy_msgs__rosidl_generator_c.so" to ""
-- Up-to-date: /home/jetson/JetAutonomy/ros/install/jet_autonomy_msgs/include/jet_autonomy_msgs
-- Up-to-date: /home/jetson/JetAutonomy/ros/install/jet_autonomy_msgs/include/jet_autonomy_msgs/msg
-- Installing: /home/jetson/JetAutonomy/ros/install/jet_autonomy_msgs/include/jet_autonomy_msgs/msg/rosidl_typesupport_fastrtps_c__visibility_control.h
-- Installing: /home/jetson/JetAutonomy/ros/install/jet_autonomy_msgs/include/jet_autonomy_msgs/msg/joystick_cmd__rosidl_typesupport_fastrtps_c.h
-- Installing: /home/jetson/JetAutonomy/ros/install/jet_autonomy_msgs/lib/libjet_autonomy_msgs__rosidl_typesupport_fastrtps_c.so
-- Set runtime path of "/home/jetson/JetAutonomy/ros/install/jet_autonomy_msgs/lib/libjet_autonomy_msgs__rosidl_typesupport_fastrtps_c.so" to ""
-- Up-to-date: /home/jetson/JetAutonomy/ros/install/jet_autonomy_msgs/include/jet_autonomy_msgs
-- Up-to-date: /home/jetson/JetAutonomy/ros/install/jet_autonomy_msgs/include/jet_autonomy_msgs/msg
-- Installing: /home/jetson/JetAutonomy/ros/install/jet_autonomy_msgs/include/jet_autonomy_msgs/msg/joystick_cmd__rosidl_typesupport_fastrtps_cpp.hpp
-- Installing: /home/jetson/JetAutonomy/ros/install/jet_autonomy_msgs/include/jet_autonomy_msgs/msg/dds_fastrtps
-- Installing: /home/jetson/JetAutonomy/ros/install/jet_autonomy_msgs/include/jet_autonomy_msgs/msg/rosidl_typesupport_fastrtps_cpp__visibility_control.h
-- Installing: /home/jetson/JetAutonomy/ros/install/jet_autonomy_msgs/lib/libjet_autonomy_msgs__rosidl_typesupport_fastrtps_cpp.so
-- Set runtime path of "/home/jetson/JetAutonomy/ros/install/jet_autonomy_msgs/lib/libjet_autonomy_msgs__rosidl_typesupport_fastrtps_cpp.so" to ""
-- Up-to-date: /home/jetson/JetAutonomy/ros/install/jet_autonomy_msgs/include/jet_autonomy_msgs
-- Up-to-date: /home/jetson/JetAutonomy/ros/install/jet_autonomy_msgs/include/jet_autonomy_msgs/msg
-- Installing: /home/jetson/JetAutonomy/ros/install/jet_autonomy_msgs/include/jet_autonomy_msgs/msg/joystick_cmd__traits.hpp
-- Installing: /home/jetson/JetAutonomy/ros/install/jet_autonomy_msgs/include/jet_autonomy_msgs/msg/joystick_cmd.hpp
-- Installing: /home/jetson/JetAutonomy/ros/install/jet_autonomy_msgs/include/jet_autonomy_msgs/msg/joystick_cmd__struct.hpp
-- Up-to-date: /home/jetson/JetAutonomy/ros/install/jet_autonomy_msgs/include/jet_autonomy_msgs
-- Up-to-date: /home/jetson/JetAutonomy/ros/install/jet_autonomy_msgs/include/jet_autonomy_msgs/msg
-- Installing: /home/jetson/JetAutonomy/ros/install/jet_autonomy_msgs/include/jet_autonomy_msgs/msg/joystick_cmd__rosidl_typesupport_introspection_cpp.hpp
-- Installing: /home/jetson/JetAutonomy/ros/install/jet_autonomy_msgs/include/jet_autonomy_msgs/msg/joystick_cmd__type_support.cpp
-- Installing: /home/jetson/JetAutonomy/ros/install/jet_autonomy_msgs/lib/libjet_autonomy_msgs__rosidl_typesupport_introspection_cpp.so
-- Set runtime path of "/home/jetson/JetAutonomy/ros/install/jet_autonomy_msgs/lib/libjet_autonomy_msgs__rosidl_typesupport_introspection_cpp.so" to ""
-- Installing: /home/jetson/JetAutonomy/ros/install/jet_autonomy_msgs/share/jet_autonomy_msgs/environment/pythonpath.sh
-- Installing: /home/jetson/JetAutonomy/ros/install/jet_autonomy_msgs/lib/python3.6/site-packages/jet_autonomy_msgs/__init__.py
Compiling '/home/jetson/JetAutonomy/ros/install/jet_autonomy_msgs/lib/python3.6/site-packages/jet_autonomy_msgs/__init__.py'...
-- Installing: /home/jetson/JetAutonomy/ros/install/jet_autonomy_msgs/lib/python3.6/site-packages/jet_autonomy_msgs/msg
-- Installing: /home/jetson/JetAutonomy/ros/install/jet_autonomy_msgs/lib/python3.6/site-packages/jet_autonomy_msgs/msg/_joystick_cmd_s.c
-- Installing: /home/jetson/JetAutonomy/ros/install/jet_autonomy_msgs/lib/python3.6/site-packages/jet_autonomy_msgs/msg/_joystick_cmd.py
-- Installing: /home/jetson/JetAutonomy/ros/install/jet_autonomy_msgs/lib/python3.6/site-packages/jet_autonomy_msgs/msg/__init__.py
-- Installing: /home/jetson/JetAutonomy/ros/install/jet_autonomy_msgs/lib/python3.6/site-packages/jet_autonomy_msgs/jet_autonomy_msgs_s__rosidl_typesupport_c.cpython-36m-aarch64-linux-gnu.so
-- Set runtime path of "/home/jetson/JetAutonomy/ros/install/jet_autonomy_msgs/lib/python3.6/site-packages/jet_autonomy_msgs/jet_autonomy_msgs_s__rosidl_typesupport_c.cpython-36m-aarch64-linux-gnu.so" to ""
-- Installing: /home/jetson/JetAutonomy/ros/install/jet_autonomy_msgs/lib/python3.6/site-packages/jet_autonomy_msgs/jet_autonomy_msgs_s__rosidl_typesupport_introspection_c.cpython-36m-aarch64-linux-gnu.so
-- Set runtime path of "/home/jetson/JetAutonomy/ros/install/jet_autonomy_msgs/lib/python3.6/site-packages/jet_autonomy_msgs/jet_autonomy_msgs_s__rosidl_typesupport_introspection_c.cpython-36m-aarch64-linux-gnu.so" to ""
-- Installing: /home/jetson/JetAutonomy/ros/install/jet_autonomy_msgs/lib/python3.6/site-packages/jet_autonomy_msgs/jet_autonomy_msgs_s__rosidl_typesupport_fastrtps_c.cpython-36m-aarch64-linux-gnu.so
-- Set runtime path of "/home/jetson/JetAutonomy/ros/install/jet_autonomy_msgs/lib/python3.6/site-packages/jet_autonomy_msgs/jet_autonomy_msgs_s__rosidl_typesupport_fastrtps_c.cpython-36m-aarch64-linux-gnu.so" to ""
-- Installing: /home/jetson/JetAutonomy/ros/install/jet_autonomy_msgs/lib/libjet_autonomy_msgs__python.so
-- Set runtime path of "/home/jetson/JetAutonomy/ros/install/jet_autonomy_msgs/lib/libjet_autonomy_msgs__python.so" to ""
-- Installing: /home/jetson/JetAutonomy/ros/install/jet_autonomy_msgs/share/jet_autonomy_msgs/msg/JoystickCmd.idl
-- Installing: /home/jetson/JetAutonomy/ros/install/jet_autonomy_msgs/share/jet_autonomy_msgs/msg/JoystickCmd.msg
-- Installing: /home/jetson/JetAutonomy/ros/install/jet_autonomy_msgs/share/ament_index/resource_index/package_run_dependencies/jet_autonomy_msgs
-- Installing: /home/jetson/JetAutonomy/ros/install/jet_autonomy_msgs/share/ament_index/resource_index/parent_prefix_path/jet_autonomy_msgs
-- Installing: /home/jetson/JetAutonomy/ros/install/jet_autonomy_msgs/share/jet_autonomy_msgs/environment/ament_prefix_path.sh
-- Installing: /home/jetson/JetAutonomy/ros/install/jet_autonomy_msgs/share/jet_autonomy_msgs/environment/path.sh
-- Installing: /home/jetson/JetAutonomy/ros/install/jet_autonomy_msgs/share/jet_autonomy_msgs/local_setup.bash
-- Installing: /home/jetson/JetAutonomy/ros/install/jet_autonomy_msgs/share/jet_autonomy_msgs/local_setup.sh
-- Installing: /home/jetson/JetAutonomy/ros/install/jet_autonomy_msgs/share/jet_autonomy_msgs/local_setup.zsh
-- Installing: /home/jetson/JetAutonomy/ros/install/jet_autonomy_msgs/share/ament_index/resource_index/packages/jet_autonomy_msgs
-- Installing: /home/jetson/JetAutonomy/ros/install/jet_autonomy_msgs/share/jet_autonomy_msgs/cmake/rosidl_cmake-extras.cmake
-- Installing: /home/jetson/JetAutonomy/ros/install/jet_autonomy_msgs/share/jet_autonomy_msgs/cmake/ament_cmake_export_dependencies-extras.cmake
-- Installing: /home/jetson/JetAutonomy/ros/install/jet_autonomy_msgs/share/jet_autonomy_msgs/cmake/ament_cmake_export_libraries-extras.cmake
-- Installing: /home/jetson/JetAutonomy/ros/install/jet_autonomy_msgs/share/jet_autonomy_msgs/cmake/ament_cmake_export_include_directories-extras.cmake
-- Installing: /home/jetson/JetAutonomy/ros/install/jet_autonomy_msgs/share/jet_autonomy_msgs/cmake/jet_autonomy_msgsConfig.cmake
-- Installing: /home/jetson/JetAutonomy/ros/install/jet_autonomy_msgs/share/jet_autonomy_msgs/cmake/jet_autonomy_msgsConfig-version.cmake
-- Installing: /home/jetson/JetAutonomy/ros/install/jet_autonomy_msgs/share/jet_autonomy_msgs/package.xml
