[0.460s] Invoking command in '/home/jetson/JetAutonomy/ros/build/jet_autonomy_msgs': CMAKE_PREFIX_PATH=${CMAKE_PREFIX_PATH}:/home/jetson/ros2_dashing/install/ros2bag:/home/jetson/ros2_dashing/install/topic_monitor:/home/jetson/ros2_dashing/install/sros2:/home/jetson/ros2_dashing/install/rqt_topic:/home/jetson/ros2_dashing/install/rqt_top:/home/jetson/ros2_dashing/install/rqt_srv:/home/jetson/ros2_dashing/install/rqt_shell:/home/jetson/ros2_dashing/install/rqt_service_caller:/home/jetson/ros2_dashing/install/rqt_py_console:/home/jetson/ros2_dashing/install/rqt_action:/home/jetson/ros2_dashing/install/rqt:/home/jetson/ros2_dashing/install/rqt_graph:/home/jetson/ros2_dashing/install/rqt_gui_py:/home/jetson/ros2_dashing/install/rqt_gui:/home/jetson/ros2_dashing/install/ros2topic:/home/jetson/ros2_dashing/install/ros2test:/home/jetson/ros2_dashing/install/ros2component:/home/jetson/ros2_dashing/install/ros2param:/home/jetson/ros2_dashing/install/ros2lifecycle:/home/jetson/ros2_dashing/install/ros2service:/home/jetson/ros2_dashing/install/ros2srv:/home/jetson/ros2_dashing/install/ros2run:/home/jetson/ros2_dashing/install/ros2launch:/home/jetson/ros2_dashing/install/ros2pkg:/home/jetson/ros2_dashing/install/ros2node:/home/jetson/ros2_dashing/install/ros2multicast:/home/jetson/ros2_dashing/install/ros2msg:/home/jetson/ros2_dashing/install/ros2action:/home/jetson/ros2_dashing/install/ros2cli:/home/jetson/ros2_dashing/install/quality_of_service_demo_py:/home/jetson/ros2_dashing/install/launch_testing_ros:/home/jetson/ros2_dashing/install/launch_ros:/home/jetson/ros2_dashing/install/examples_rclpy_minimal_subscriber:/home/jetson/ros2_dashing/install/examples_rclpy_minimal_service:/home/jetson/ros2_dashing/install/examples_rclpy_minimal_publisher:/home/jetson/ros2_dashing/install/examples_rclpy_minimal_client:/home/jetson/ros2_dashing/install/examples_rclpy_minimal_action_server:/home/jetson/ros2_dashing/install/examples_rclpy_minimal_action_client:/home/jetson/ros2_dashing/install/examples_rclpy_executors:/home/jetson/ros2_dashing/install/demo_nodes_py:/home/jetson/ros2_dashing/install/ament_uncrustify:/home/jetson/ros2_dashing/install/test_launch_ros:/home/jetson/ros2_dashing/install/rosidl_runtime_py:/home/jetson/ros2_dashing/install/launch_testing:/home/jetson/ros2_dashing/install/launch:/home/jetson/ros2_dashing/install/osrf_pycommon:/home/jetson/ros2_dashing/install/ament_xmllint:/home/jetson/ros2_dashing/install/ament_pyflakes:/home/jetson/ros2_dashing/install/ament_pep8:/home/jetson/ros2_dashing/install/ament_pep257:/home/jetson/ros2_dashing/install/ament_pclint:/home/jetson/ros2_dashing/install/ament_package:/home/jetson/ros2_dashing/install/ament_lint_cmake:/home/jetson/ros2_dashing/install/ament_flake8:/home/jetson/ros2_dashing/install/ament_copyright:/home/jetson/ros2_dashing/install/ament_lint:/home/jetson/ros2_dashing/install/ament_index_python:/home/jetson/ros2_dashing/install/ament_cpplint:/home/jetson/ros2_dashing/install/ament_cppcheck:/home/jetson/ros2_dashing/install/ament_clang_tidy:/home/jetson/ros2_dashing/install/ament_clang_format /usr/bin/cmake /home/jetson/JetAutonomy/ros/src/jet_autonomy_msgs -DCMAKE_INSTALL_PREFIX=/home/jetson/JetAutonomy/ros/install/jet_autonomy_msgs
[1.392s] -- The C compiler identification is GNU 7.3.0
[2.030s] -- The CXX compiler identification is GNU 7.3.0
[2.138s] -- Check for working C compiler: /usr/bin/cc
[3.238s] -- Check for working C compiler: /usr/bin/cc -- works
[3.243s] -- Detecting C compiler ABI info
[4.085s] -- Detecting C compiler ABI info - done
[4.184s] -- Detecting C compile features
[7.151s] -- Detecting C compile features - done
[7.180s] -- Check for working CXX compiler: /usr/bin/c++
[8.277s] -- Check for working CXX compiler: /usr/bin/c++ -- works
[8.285s] -- Detecting CXX compiler ABI info
[9.231s] -- Detecting CXX compiler ABI info - done
[9.306s] -- Detecting CXX compile features
[13.604s] -- Detecting CXX compile features - done
[13.793s] -- Found ament_cmake: 0.7.6 (/home/jetson/ros2_dashing/install/ament_cmake/share/ament_cmake/cmake)
[18.657s] -- Found PythonInterp: /usr/bin/python3 (found suitable version "3.6.8", minimum required is "3") 
[18.658s] -- Using PYTHON_EXECUTABLE: /usr/bin/python3
[28.801s] -- Found rosidl_default_generators: 0.7.0 (/home/jetson/ros2_dashing/install/rosidl_default_generators/share/rosidl_default_generators/cmake)
[30.151s] -- Found rosidl_adapter: 0.7.10 (/home/jetson/ros2_dashing/install/rosidl_adapter/share/rosidl_adapter/cmake)
[33.070s] -- Found OpenSSL: /usr/lib/aarch64-linux-gnu/libcrypto.so (found version "1.1.1") 
[33.611s] -- Found FastRTPS: /home/jetson/ros2_dashing/install/fastrtps/include  
[35.452s] -- Found std_msgs: 0.7.0 (/home/jetson/ros2_dashing/install/std_msgs/share/std_msgs/cmake)
[41.072s] -- Found PythonInterp: /usr/bin/python3 (found version "3.6.8") 
[53.197s] -- Using all available rosidl_typesupport_c: rosidl_typesupport_introspection_c;rosidl_typesupport_fastrtps_c
[56.219s] -- Using all available rosidl_typesupport_cpp: rosidl_typesupport_introspection_cpp;rosidl_typesupport_fastrtps_cpp
[73.015s] -- Found rmw_implementation_cmake: 0.7.2 (/home/jetson/ros2_dashing/install/rmw_implementation_cmake/share/rmw_implementation_cmake/cmake)
[78.202s] -- Found PythonInterp: /usr/bin/python3 (found suitable version "3.6.8", minimum required is "3.5") 
[78.354s] -- Found python_cmake_module: 0.7.11 (/home/jetson/ros2_dashing/install/python_cmake_module/share/python_cmake_module/cmake)
[83.562s] -- Found PythonLibs: /usr/lib/aarch64-linux-gnu/libpython3.6m.so (found suitable version "3.6.8", minimum required is "3.5") 
[83.568s] -- Using PYTHON_EXECUTABLE: /usr/bin/python3
[83.569s] -- Using PYTHON_INCLUDE_DIRS: /usr/include/python3.6m
[83.570s] -- Using PYTHON_LIBRARIES: /usr/lib/aarch64-linux-gnu/libpython3.6m.so
[88.362s] -- Found PythonExtra: .so  
[104.084s] -- Configuring done
[105.430s] -- Generating done
[105.499s] -- Build files have been written to: /home/jetson/JetAutonomy/ros/build/jet_autonomy_msgs
[105.582s] Invoked command in '/home/jetson/JetAutonomy/ros/build/jet_autonomy_msgs' returned '0': CMAKE_PREFIX_PATH=${CMAKE_PREFIX_PATH}:/home/jetson/ros2_dashing/install/ros2bag:/home/jetson/ros2_dashing/install/topic_monitor:/home/jetson/ros2_dashing/install/sros2:/home/jetson/ros2_dashing/install/rqt_topic:/home/jetson/ros2_dashing/install/rqt_top:/home/jetson/ros2_dashing/install/rqt_srv:/home/jetson/ros2_dashing/install/rqt_shell:/home/jetson/ros2_dashing/install/rqt_service_caller:/home/jetson/ros2_dashing/install/rqt_py_console:/home/jetson/ros2_dashing/install/rqt_action:/home/jetson/ros2_dashing/install/rqt:/home/jetson/ros2_dashing/install/rqt_graph:/home/jetson/ros2_dashing/install/rqt_gui_py:/home/jetson/ros2_dashing/install/rqt_gui:/home/jetson/ros2_dashing/install/ros2topic:/home/jetson/ros2_dashing/install/ros2test:/home/jetson/ros2_dashing/install/ros2component:/home/jetson/ros2_dashing/install/ros2param:/home/jetson/ros2_dashing/install/ros2lifecycle:/home/jetson/ros2_dashing/install/ros2service:/home/jetson/ros2_dashing/install/ros2srv:/home/jetson/ros2_dashing/install/ros2run:/home/jetson/ros2_dashing/install/ros2launch:/home/jetson/ros2_dashing/install/ros2pkg:/home/jetson/ros2_dashing/install/ros2node:/home/jetson/ros2_dashing/install/ros2multicast:/home/jetson/ros2_dashing/install/ros2msg:/home/jetson/ros2_dashing/install/ros2action:/home/jetson/ros2_dashing/install/ros2cli:/home/jetson/ros2_dashing/install/quality_of_service_demo_py:/home/jetson/ros2_dashing/install/launch_testing_ros:/home/jetson/ros2_dashing/install/launch_ros:/home/jetson/ros2_dashing/install/examples_rclpy_minimal_subscriber:/home/jetson/ros2_dashing/install/examples_rclpy_minimal_service:/home/jetson/ros2_dashing/install/examples_rclpy_minimal_publisher:/home/jetson/ros2_dashing/install/examples_rclpy_minimal_client:/home/jetson/ros2_dashing/install/examples_rclpy_minimal_action_server:/home/jetson/ros2_dashing/install/examples_rclpy_minimal_action_client:/home/jetson/ros2_dashing/install/examples_rclpy_executors:/home/jetson/ros2_dashing/install/demo_nodes_py:/home/jetson/ros2_dashing/install/ament_uncrustify:/home/jetson/ros2_dashing/install/test_launch_ros:/home/jetson/ros2_dashing/install/rosidl_runtime_py:/home/jetson/ros2_dashing/install/launch_testing:/home/jetson/ros2_dashing/install/launch:/home/jetson/ros2_dashing/install/osrf_pycommon:/home/jetson/ros2_dashing/install/ament_xmllint:/home/jetson/ros2_dashing/install/ament_pyflakes:/home/jetson/ros2_dashing/install/ament_pep8:/home/jetson/ros2_dashing/install/ament_pep257:/home/jetson/ros2_dashing/install/ament_pclint:/home/jetson/ros2_dashing/install/ament_package:/home/jetson/ros2_dashing/install/ament_lint_cmake:/home/jetson/ros2_dashing/install/ament_flake8:/home/jetson/ros2_dashing/install/ament_copyright:/home/jetson/ros2_dashing/install/ament_lint:/home/jetson/ros2_dashing/install/ament_index_python:/home/jetson/ros2_dashing/install/ament_cpplint:/home/jetson/ros2_dashing/install/ament_cppcheck:/home/jetson/ros2_dashing/install/ament_clang_tidy:/home/jetson/ros2_dashing/install/ament_clang_format /usr/bin/cmake /home/jetson/JetAutonomy/ros/src/jet_autonomy_msgs -DCMAKE_INSTALL_PREFIX=/home/jetson/JetAutonomy/ros/install/jet_autonomy_msgs
[105.591s] Invoking command in '/home/jetson/JetAutonomy/ros/build/jet_autonomy_msgs': CMAKE_PREFIX_PATH=${CMAKE_PREFIX_PATH}:/home/jetson/ros2_dashing/install/ros2bag:/home/jetson/ros2_dashing/install/topic_monitor:/home/jetson/ros2_dashing/install/sros2:/home/jetson/ros2_dashing/install/rqt_topic:/home/jetson/ros2_dashing/install/rqt_top:/home/jetson/ros2_dashing/install/rqt_srv:/home/jetson/ros2_dashing/install/rqt_shell:/home/jetson/ros2_dashing/install/rqt_service_caller:/home/jetson/ros2_dashing/install/rqt_py_console:/home/jetson/ros2_dashing/install/rqt_action:/home/jetson/ros2_dashing/install/rqt:/home/jetson/ros2_dashing/install/rqt_graph:/home/jetson/ros2_dashing/install/rqt_gui_py:/home/jetson/ros2_dashing/install/rqt_gui:/home/jetson/ros2_dashing/install/ros2topic:/home/jetson/ros2_dashing/install/ros2test:/home/jetson/ros2_dashing/install/ros2component:/home/jetson/ros2_dashing/install/ros2param:/home/jetson/ros2_dashing/install/ros2lifecycle:/home/jetson/ros2_dashing/install/ros2service:/home/jetson/ros2_dashing/install/ros2srv:/home/jetson/ros2_dashing/install/ros2run:/home/jetson/ros2_dashing/install/ros2launch:/home/jetson/ros2_dashing/install/ros2pkg:/home/jetson/ros2_dashing/install/ros2node:/home/jetson/ros2_dashing/install/ros2multicast:/home/jetson/ros2_dashing/install/ros2msg:/home/jetson/ros2_dashing/install/ros2action:/home/jetson/ros2_dashing/install/ros2cli:/home/jetson/ros2_dashing/install/quality_of_service_demo_py:/home/jetson/ros2_dashing/install/launch_testing_ros:/home/jetson/ros2_dashing/install/launch_ros:/home/jetson/ros2_dashing/install/examples_rclpy_minimal_subscriber:/home/jetson/ros2_dashing/install/examples_rclpy_minimal_service:/home/jetson/ros2_dashing/install/examples_rclpy_minimal_publisher:/home/jetson/ros2_dashing/install/examples_rclpy_minimal_client:/home/jetson/ros2_dashing/install/examples_rclpy_minimal_action_server:/home/jetson/ros2_dashing/install/examples_rclpy_minimal_action_client:/home/jetson/ros2_dashing/install/examples_rclpy_executors:/home/jetson/ros2_dashing/install/demo_nodes_py:/home/jetson/ros2_dashing/install/ament_uncrustify:/home/jetson/ros2_dashing/install/test_launch_ros:/home/jetson/ros2_dashing/install/rosidl_runtime_py:/home/jetson/ros2_dashing/install/launch_testing:/home/jetson/ros2_dashing/install/launch:/home/jetson/ros2_dashing/install/osrf_pycommon:/home/jetson/ros2_dashing/install/ament_xmllint:/home/jetson/ros2_dashing/install/ament_pyflakes:/home/jetson/ros2_dashing/install/ament_pep8:/home/jetson/ros2_dashing/install/ament_pep257:/home/jetson/ros2_dashing/install/ament_pclint:/home/jetson/ros2_dashing/install/ament_package:/home/jetson/ros2_dashing/install/ament_lint_cmake:/home/jetson/ros2_dashing/install/ament_flake8:/home/jetson/ros2_dashing/install/ament_copyright:/home/jetson/ros2_dashing/install/ament_lint:/home/jetson/ros2_dashing/install/ament_index_python:/home/jetson/ros2_dashing/install/ament_cpplint:/home/jetson/ros2_dashing/install/ament_cppcheck:/home/jetson/ros2_dashing/install/ament_clang_tidy:/home/jetson/ros2_dashing/install/ament_clang_format /usr/bin/cmake --build /home/jetson/JetAutonomy/ros/build/jet_autonomy_msgs -- -j2 -l2
[106.401s] [  3%] [34m[1mGenerating C code for ROS interfaces[0m
[120.645s] [35m[1mScanning dependencies of target jet_autonomy_msgs__rosidl_generator_c[0m
[120.979s] [  6%] [32mBuilding C object CMakeFiles/jet_autonomy_msgs__rosidl_generator_c.dir/rosidl_generator_c/jet_autonomy_msgs/msg/joystick_cmd__functions.c.o[0m
[122.150s] [  9%] [32m[1mLinking C shared library libjet_autonomy_msgs__rosidl_generator_c.so[0m
[123.160s] [  9%] Built target jet_autonomy_msgs__rosidl_generator_c
[123.540s] [35m[1mScanning dependencies of target jet_autonomy_msgs__cpp[0m
[123.953s] [ 12%] [34m[1mGenerating C++ code for ROS interfaces[0m
[142.645s] [ 12%] Built target jet_autonomy_msgs__cpp
[143.237s] [ 16%] [34m[1mGenerating C introspection for ROS interfaces[0m
[158.745s] [35m[1mScanning dependencies of target jet_autonomy_msgs__rosidl_typesupport_introspection_c[0m
[159.211s] [ 19%] [32mBuilding C object CMakeFiles/jet_autonomy_msgs__rosidl_typesupport_introspection_c.dir/rosidl_typesupport_introspection_c/jet_autonomy_msgs/msg/joystick_cmd__type_support.c.o[0m
[160.014s] [ 22%] [32m[1mLinking C shared library libjet_autonomy_msgs__rosidl_typesupport_introspection_c.so[0m
[160.952s] [ 22%] Built target jet_autonomy_msgs__rosidl_typesupport_introspection_c
[161.296s] [ 25%] [34m[1mGenerating C type support dispatch for ROS interfaces[0m
[175.403s] [35m[1mScanning dependencies of target jet_autonomy_msgs__rosidl_typesupport_c[0m
[175.827s] [ 29%] [32mBuilding CXX object CMakeFiles/jet_autonomy_msgs__rosidl_typesupport_c.dir/rosidl_typesupport_c/jet_autonomy_msgs/msg/joystick_cmd__type_support.cpp.o[0m
[176.317s] [ 32%] [32m[1mLinking CXX shared library libjet_autonomy_msgs__rosidl_typesupport_c.so[0m
[177.133s] [ 32%] Built target jet_autonomy_msgs__rosidl_typesupport_c
[177.541s] [ 35%] [34m[1mGenerating C++ introspection for ROS interfaces[0m
[192.398s] [35m[1mScanning dependencies of target jet_autonomy_msgs__rosidl_typesupport_introspection_cpp[0m
[192.835s] [ 38%] [32mBuilding CXX object CMakeFiles/jet_autonomy_msgs__rosidl_typesupport_introspection_cpp.dir/rosidl_typesupport_introspection_cpp/jet_autonomy_msgs/msg/joystick_cmd__type_support.cpp.o[0m
[196.629s] [ 41%] [32m[1mLinking CXX shared library libjet_autonomy_msgs__rosidl_typesupport_introspection_cpp.so[0m
[198.004s] [ 41%] Built target jet_autonomy_msgs__rosidl_typesupport_introspection_cpp
[198.237s] [ 45%] [34m[1mGenerating C++ type support dispatch for ROS interfaces[0m
[208.656s] [35m[1mScanning dependencies of target jet_autonomy_msgs__rosidl_typesupport_cpp[0m
[208.876s] [ 48%] [32mBuilding CXX object CMakeFiles/jet_autonomy_msgs__rosidl_typesupport_cpp.dir/rosidl_typesupport_cpp/jet_autonomy_msgs/msg/joystick_cmd__type_support.cpp.o[0m
[210.866s] [ 51%] [32m[1mLinking CXX shared library libjet_autonomy_msgs__rosidl_typesupport_cpp.so[0m
[211.349s] [ 51%] Built target jet_autonomy_msgs__rosidl_typesupport_cpp
[211.529s] [ 54%] [34m[1mGenerating C++ type support for eProsima Fast-RTPS[0m
[221.062s] [35m[1mScanning dependencies of target jet_autonomy_msgs__rosidl_typesupport_fastrtps_cpp[0m
[221.352s] [ 58%] [32mBuilding CXX object CMakeFiles/jet_autonomy_msgs__rosidl_typesupport_fastrtps_cpp.dir/rosidl_typesupport_fastrtps_cpp/jet_autonomy_msgs/msg/dds_fastrtps/joystick_cmd__type_support.cpp.o[0m
[224.301s] [ 61%] [32m[1mLinking CXX shared library libjet_autonomy_msgs__rosidl_typesupport_fastrtps_cpp.so[0m
[224.989s] [ 61%] Built target jet_autonomy_msgs__rosidl_typesupport_fastrtps_cpp
[225.181s] [ 64%] [34m[1mGenerating C type support for eProsima Fast-RTPS[0m
[235.322s] [35m[1mScanning dependencies of target jet_autonomy_msgs__rosidl_typesupport_fastrtps_c[0m
[235.648s] [ 67%] [32mBuilding CXX object CMakeFiles/jet_autonomy_msgs__rosidl_typesupport_fastrtps_c.dir/rosidl_typesupport_fastrtps_c/jet_autonomy_msgs/msg/joystick_cmd__type_support_c.cpp.o[0m
[238.489s] [ 70%] [32m[1mLinking CXX shared library libjet_autonomy_msgs__rosidl_typesupport_fastrtps_c.so[0m
[239.720s] [ 70%] Built target jet_autonomy_msgs__rosidl_typesupport_fastrtps_c
[239.901s] [35m[1mScanning dependencies of target jet_autonomy_msgs[0m
[240.072s] [ 70%] Built target jet_autonomy_msgs
[240.245s] [35m[1mScanning dependencies of target jet_autonomy_msgs__py[0m
[240.430s] [ 74%] [34m[1mGenerating Python code for ROS interfaces[0m
[252.662s] [ 74%] Built target jet_autonomy_msgs__py
[252.875s] [35m[1mScanning dependencies of target jet_autonomy_msgs__python[0m
[253.271s] [ 77%] [32mBuilding C object CMakeFiles/jet_autonomy_msgs__python.dir/rosidl_generator_py/jet_autonomy_msgs/msg/_joystick_cmd_s.c.o[0m
[254.153s] [ 80%] [32m[1mLinking C shared library rosidl_generator_py/jet_autonomy_msgs/libjet_autonomy_msgs__python.so[0m
[254.694s] [ 80%] Built target jet_autonomy_msgs__python
[254.870s] [35m[1mScanning dependencies of target jet_autonomy_msgs__rosidl_typesupport_fastrtps_c__pyext[0m
[255.228s] [ 83%] [32mBuilding C object CMakeFiles/jet_autonomy_msgs__rosidl_typesupport_fastrtps_c__pyext.dir/rosidl_generator_py/jet_autonomy_msgs/_jet_autonomy_msgs_s.ep.rosidl_typesupport_fastrtps_c.c.o[0m
[255.957s] [ 87%] [32m[1mLinking C shared library rosidl_generator_py/jet_autonomy_msgs/jet_autonomy_msgs_s__rosidl_typesupport_fastrtps_c.cpython-36m-aarch64-linux-gnu.so[0m
[256.669s] [ 87%] Built target jet_autonomy_msgs__rosidl_typesupport_fastrtps_c__pyext
[256.897s] [35m[1mScanning dependencies of target jet_autonomy_msgs__rosidl_typesupport_c__pyext[0m
[257.406s] [ 90%] [32mBuilding C object CMakeFiles/jet_autonomy_msgs__rosidl_typesupport_c__pyext.dir/rosidl_generator_py/jet_autonomy_msgs/_jet_autonomy_msgs_s.ep.rosidl_typesupport_c.c.o[0m
[258.601s] [ 93%] [32m[1mLinking C shared library rosidl_generator_py/jet_autonomy_msgs/jet_autonomy_msgs_s__rosidl_typesupport_c.cpython-36m-aarch64-linux-gnu.so[0m
[259.188s] [ 93%] Built target jet_autonomy_msgs__rosidl_typesupport_c__pyext
[259.358s] [35m[1mScanning dependencies of target jet_autonomy_msgs__rosidl_typesupport_introspection_c__pyext[0m
[259.656s] [ 96%] [32mBuilding C object CMakeFiles/jet_autonomy_msgs__rosidl_typesupport_introspection_c__pyext.dir/rosidl_generator_py/jet_autonomy_msgs/_jet_autonomy_msgs_s.ep.rosidl_typesupport_introspection_c.c.o[0m
[260.462s] [100%] [32m[1mLinking C shared library rosidl_generator_py/jet_autonomy_msgs/jet_autonomy_msgs_s__rosidl_typesupport_introspection_c.cpython-36m-aarch64-linux-gnu.so[0m
[261.149s] [100%] Built target jet_autonomy_msgs__rosidl_typesupport_introspection_c__pyext
[261.350s] Invoked command in '/home/jetson/JetAutonomy/ros/build/jet_autonomy_msgs' returned '0': CMAKE_PREFIX_PATH=${CMAKE_PREFIX_PATH}:/home/jetson/ros2_dashing/install/ros2bag:/home/jetson/ros2_dashing/install/topic_monitor:/home/jetson/ros2_dashing/install/sros2:/home/jetson/ros2_dashing/install/rqt_topic:/home/jetson/ros2_dashing/install/rqt_top:/home/jetson/ros2_dashing/install/rqt_srv:/home/jetson/ros2_dashing/install/rqt_shell:/home/jetson/ros2_dashing/install/rqt_service_caller:/home/jetson/ros2_dashing/install/rqt_py_console:/home/jetson/ros2_dashing/install/rqt_action:/home/jetson/ros2_dashing/install/rqt:/home/jetson/ros2_dashing/install/rqt_graph:/home/jetson/ros2_dashing/install/rqt_gui_py:/home/jetson/ros2_dashing/install/rqt_gui:/home/jetson/ros2_dashing/install/ros2topic:/home/jetson/ros2_dashing/install/ros2test:/home/jetson/ros2_dashing/install/ros2component:/home/jetson/ros2_dashing/install/ros2param:/home/jetson/ros2_dashing/install/ros2lifecycle:/home/jetson/ros2_dashing/install/ros2service:/home/jetson/ros2_dashing/install/ros2srv:/home/jetson/ros2_dashing/install/ros2run:/home/jetson/ros2_dashing/install/ros2launch:/home/jetson/ros2_dashing/install/ros2pkg:/home/jetson/ros2_dashing/install/ros2node:/home/jetson/ros2_dashing/install/ros2multicast:/home/jetson/ros2_dashing/install/ros2msg:/home/jetson/ros2_dashing/install/ros2action:/home/jetson/ros2_dashing/install/ros2cli:/home/jetson/ros2_dashing/install/quality_of_service_demo_py:/home/jetson/ros2_dashing/install/launch_testing_ros:/home/jetson/ros2_dashing/install/launch_ros:/home/jetson/ros2_dashing/install/examples_rclpy_minimal_subscriber:/home/jetson/ros2_dashing/install/examples_rclpy_minimal_service:/home/jetson/ros2_dashing/install/examples_rclpy_minimal_publisher:/home/jetson/ros2_dashing/install/examples_rclpy_minimal_client:/home/jetson/ros2_dashing/install/examples_rclpy_minimal_action_server:/home/jetson/ros2_dashing/install/examples_rclpy_minimal_action_client:/home/jetson/ros2_dashing/install/examples_rclpy_executors:/home/jetson/ros2_dashing/install/demo_nodes_py:/home/jetson/ros2_dashing/install/ament_uncrustify:/home/jetson/ros2_dashing/install/test_launch_ros:/home/jetson/ros2_dashing/install/rosidl_runtime_py:/home/jetson/ros2_dashing/install/launch_testing:/home/jetson/ros2_dashing/install/launch:/home/jetson/ros2_dashing/install/osrf_pycommon:/home/jetson/ros2_dashing/install/ament_xmllint:/home/jetson/ros2_dashing/install/ament_pyflakes:/home/jetson/ros2_dashing/install/ament_pep8:/home/jetson/ros2_dashing/install/ament_pep257:/home/jetson/ros2_dashing/install/ament_pclint:/home/jetson/ros2_dashing/install/ament_package:/home/jetson/ros2_dashing/install/ament_lint_cmake:/home/jetson/ros2_dashing/install/ament_flake8:/home/jetson/ros2_dashing/install/ament_copyright:/home/jetson/ros2_dashing/install/ament_lint:/home/jetson/ros2_dashing/install/ament_index_python:/home/jetson/ros2_dashing/install/ament_cpplint:/home/jetson/ros2_dashing/install/ament_cppcheck:/home/jetson/ros2_dashing/install/ament_clang_tidy:/home/jetson/ros2_dashing/install/ament_clang_format /usr/bin/cmake --build /home/jetson/JetAutonomy/ros/build/jet_autonomy_msgs -- -j2 -l2
[262.981s] Invoking command in '/home/jetson/JetAutonomy/ros/build/jet_autonomy_msgs': CMAKE_PREFIX_PATH=${CMAKE_PREFIX_PATH}:/home/jetson/ros2_dashing/install/ros2bag:/home/jetson/ros2_dashing/install/topic_monitor:/home/jetson/ros2_dashing/install/sros2:/home/jetson/ros2_dashing/install/rqt_topic:/home/jetson/ros2_dashing/install/rqt_top:/home/jetson/ros2_dashing/install/rqt_srv:/home/jetson/ros2_dashing/install/rqt_shell:/home/jetson/ros2_dashing/install/rqt_service_caller:/home/jetson/ros2_dashing/install/rqt_py_console:/home/jetson/ros2_dashing/install/rqt_action:/home/jetson/ros2_dashing/install/rqt:/home/jetson/ros2_dashing/install/rqt_graph:/home/jetson/ros2_dashing/install/rqt_gui_py:/home/jetson/ros2_dashing/install/rqt_gui:/home/jetson/ros2_dashing/install/ros2topic:/home/jetson/ros2_dashing/install/ros2test:/home/jetson/ros2_dashing/install/ros2component:/home/jetson/ros2_dashing/install/ros2param:/home/jetson/ros2_dashing/install/ros2lifecycle:/home/jetson/ros2_dashing/install/ros2service:/home/jetson/ros2_dashing/install/ros2srv:/home/jetson/ros2_dashing/install/ros2run:/home/jetson/ros2_dashing/install/ros2launch:/home/jetson/ros2_dashing/install/ros2pkg:/home/jetson/ros2_dashing/install/ros2node:/home/jetson/ros2_dashing/install/ros2multicast:/home/jetson/ros2_dashing/install/ros2msg:/home/jetson/ros2_dashing/install/ros2action:/home/jetson/ros2_dashing/install/ros2cli:/home/jetson/ros2_dashing/install/quality_of_service_demo_py:/home/jetson/ros2_dashing/install/launch_testing_ros:/home/jetson/ros2_dashing/install/launch_ros:/home/jetson/ros2_dashing/install/examples_rclpy_minimal_subscriber:/home/jetson/ros2_dashing/install/examples_rclpy_minimal_service:/home/jetson/ros2_dashing/install/examples_rclpy_minimal_publisher:/home/jetson/ros2_dashing/install/examples_rclpy_minimal_client:/home/jetson/ros2_dashing/install/examples_rclpy_minimal_action_server:/home/jetson/ros2_dashing/install/examples_rclpy_minimal_action_client:/home/jetson/ros2_dashing/install/examples_rclpy_executors:/home/jetson/ros2_dashing/install/demo_nodes_py:/home/jetson/ros2_dashing/install/ament_uncrustify:/home/jetson/ros2_dashing/install/test_launch_ros:/home/jetson/ros2_dashing/install/rosidl_runtime_py:/home/jetson/ros2_dashing/install/launch_testing:/home/jetson/ros2_dashing/install/launch:/home/jetson/ros2_dashing/install/osrf_pycommon:/home/jetson/ros2_dashing/install/ament_xmllint:/home/jetson/ros2_dashing/install/ament_pyflakes:/home/jetson/ros2_dashing/install/ament_pep8:/home/jetson/ros2_dashing/install/ament_pep257:/home/jetson/ros2_dashing/install/ament_pclint:/home/jetson/ros2_dashing/install/ament_package:/home/jetson/ros2_dashing/install/ament_lint_cmake:/home/jetson/ros2_dashing/install/ament_flake8:/home/jetson/ros2_dashing/install/ament_copyright:/home/jetson/ros2_dashing/install/ament_lint:/home/jetson/ros2_dashing/install/ament_index_python:/home/jetson/ros2_dashing/install/ament_cpplint:/home/jetson/ros2_dashing/install/ament_cppcheck:/home/jetson/ros2_dashing/install/ament_clang_tidy:/home/jetson/ros2_dashing/install/ament_clang_format /usr/bin/cmake --build /home/jetson/JetAutonomy/ros/build/jet_autonomy_msgs --target install -- -j2 -l2
[263.954s] [  9%] Built target jet_autonomy_msgs__rosidl_generator_c
[264.312s] [ 12%] Built target jet_autonomy_msgs__cpp
[264.686s] [ 22%] Built target jet_autonomy_msgs__rosidl_typesupport_introspection_c
[265.056s] [ 32%] Built target jet_autonomy_msgs__rosidl_typesupport_c
[265.483s] [ 41%] Built target jet_autonomy_msgs__rosidl_typesupport_introspection_cpp
[265.845s] [ 51%] Built target jet_autonomy_msgs__rosidl_typesupport_cpp
[266.250s] [ 61%] Built target jet_autonomy_msgs__rosidl_typesupport_fastrtps_cpp
[266.665s] [ 70%] Built target jet_autonomy_msgs__rosidl_typesupport_fastrtps_c
[267.053s] [ 70%] Built target jet_autonomy_msgs
[267.433s] [ 74%] Built target jet_autonomy_msgs__py
[267.885s] [ 80%] Built target jet_autonomy_msgs__python
[268.313s] [ 87%] Built target jet_autonomy_msgs__rosidl_typesupport_fastrtps_c__pyext
[268.707s] [ 93%] Built target jet_autonomy_msgs__rosidl_typesupport_c__pyext
[269.200s] [100%] Built target jet_autonomy_msgs__rosidl_typesupport_introspection_c__pyext
[269.881s] [36mInstall the project...[0m
[270.144s] -- Install configuration: ""
[270.146s] -- Installing: /home/jetson/JetAutonomy/ros/install/jet_autonomy_msgs/share/ament_index/resource_index/rosidl_interfaces/jet_autonomy_msgs
[270.153s] -- Installing: /home/jetson/JetAutonomy/ros/install/jet_autonomy_msgs/lib/libjet_autonomy_msgs__rosidl_typesupport_c.so
[270.156s] -- Set runtime path of "/home/jetson/JetAutonomy/ros/install/jet_autonomy_msgs/lib/libjet_autonomy_msgs__rosidl_typesupport_c.so" to ""
[270.161s] -- Installing: /home/jetson/JetAutonomy/ros/install/jet_autonomy_msgs/share/jet_autonomy_msgs/environment/library_path.sh
[270.162s] -- Installing: /home/jetson/JetAutonomy/ros/install/jet_autonomy_msgs/lib/libjet_autonomy_msgs__rosidl_typesupport_cpp.so
[270.162s] -- Set runtime path of "/home/jetson/JetAutonomy/ros/install/jet_autonomy_msgs/lib/libjet_autonomy_msgs__rosidl_typesupport_cpp.so" to ""
[270.163s] -- Installing: /home/jetson/JetAutonomy/ros/install/jet_autonomy_msgs/include/jet_autonomy_msgs
[270.164s] -- Installing: /home/jetson/JetAutonomy/ros/install/jet_autonomy_msgs/include/jet_autonomy_msgs/msg
[270.181s] -- Installing: /home/jetson/JetAutonomy/ros/install/jet_autonomy_msgs/include/jet_autonomy_msgs/msg/joystick_cmd__rosidl_typesupport_introspection_c.h
[270.182s] -- Installing: /home/jetson/JetAutonomy/ros/install/jet_autonomy_msgs/include/jet_autonomy_msgs/msg/rosidl_typesupport_introspection_c__visibility_control.h
[270.183s] -- Installing: /home/jetson/JetAutonomy/ros/install/jet_autonomy_msgs/include/jet_autonomy_msgs/msg/joystick_cmd__type_support.c
[270.184s] -- Installing: /home/jetson/JetAutonomy/ros/install/jet_autonomy_msgs/lib/libjet_autonomy_msgs__rosidl_typesupport_introspection_c.so
[270.185s] -- Set runtime path of "/home/jetson/JetAutonomy/ros/install/jet_autonomy_msgs/lib/libjet_autonomy_msgs__rosidl_typesupport_introspection_c.so" to ""
[270.185s] -- Up-to-date: /home/jetson/JetAutonomy/ros/install/jet_autonomy_msgs/include/jet_autonomy_msgs
[270.186s] -- Up-to-date: /home/jetson/JetAutonomy/ros/install/jet_autonomy_msgs/include/jet_autonomy_msgs/msg
[270.187s] -- Installing: /home/jetson/JetAutonomy/ros/install/jet_autonomy_msgs/include/jet_autonomy_msgs/msg/joystick_cmd__type_support.h
[270.204s] -- Installing: /home/jetson/JetAutonomy/ros/install/jet_autonomy_msgs/include/jet_autonomy_msgs/msg/joystick_cmd__functions.h
[270.205s] -- Installing: /home/jetson/JetAutonomy/ros/install/jet_autonomy_msgs/include/jet_autonomy_msgs/msg/joystick_cmd__functions.c
[270.206s] -- Installing: /home/jetson/JetAutonomy/ros/install/jet_autonomy_msgs/include/jet_autonomy_msgs/msg/rosidl_generator_c__visibility_control.h
[270.207s] -- Installing: /home/jetson/JetAutonomy/ros/install/jet_autonomy_msgs/include/jet_autonomy_msgs/msg/joystick_cmd__struct.h
[270.208s] -- Installing: /home/jetson/JetAutonomy/ros/install/jet_autonomy_msgs/include/jet_autonomy_msgs/msg/joystick_cmd.h
[270.220s] -- Installing: /home/jetson/JetAutonomy/ros/install/jet_autonomy_msgs/lib/libjet_autonomy_msgs__rosidl_generator_c.so
[270.221s] -- Set runtime path of "/home/jetson/JetAutonomy/ros/install/jet_autonomy_msgs/lib/libjet_autonomy_msgs__rosidl_generator_c.so" to ""
[270.222s] -- Up-to-date: /home/jetson/JetAutonomy/ros/install/jet_autonomy_msgs/include/jet_autonomy_msgs
[270.223s] -- Up-to-date: /home/jetson/JetAutonomy/ros/install/jet_autonomy_msgs/include/jet_autonomy_msgs/msg
[270.224s] -- Installing: /home/jetson/JetAutonomy/ros/install/jet_autonomy_msgs/include/jet_autonomy_msgs/msg/rosidl_typesupport_fastrtps_c__visibility_control.h
[270.245s] -- Installing: /home/jetson/JetAutonomy/ros/install/jet_autonomy_msgs/include/jet_autonomy_msgs/msg/joystick_cmd__rosidl_typesupport_fastrtps_c.h
[270.248s] -- Installing: /home/jetson/JetAutonomy/ros/install/jet_autonomy_msgs/lib/libjet_autonomy_msgs__rosidl_typesupport_fastrtps_c.so
[270.249s] -- Set runtime path of "/home/jetson/JetAutonomy/ros/install/jet_autonomy_msgs/lib/libjet_autonomy_msgs__rosidl_typesupport_fastrtps_c.so" to ""
[270.250s] -- Up-to-date: /home/jetson/JetAutonomy/ros/install/jet_autonomy_msgs/include/jet_autonomy_msgs
[270.251s] -- Up-to-date: /home/jetson/JetAutonomy/ros/install/jet_autonomy_msgs/include/jet_autonomy_msgs/msg
[270.259s] -- Installing: /home/jetson/JetAutonomy/ros/install/jet_autonomy_msgs/include/jet_autonomy_msgs/msg/joystick_cmd__rosidl_typesupport_fastrtps_cpp.hpp
[270.260s] -- Installing: /home/jetson/JetAutonomy/ros/install/jet_autonomy_msgs/include/jet_autonomy_msgs/msg/dds_fastrtps
[270.264s] -- Installing: /home/jetson/JetAutonomy/ros/install/jet_autonomy_msgs/include/jet_autonomy_msgs/msg/rosidl_typesupport_fastrtps_cpp__visibility_control.h
[270.265s] -- Installing: /home/jetson/JetAutonomy/ros/install/jet_autonomy_msgs/lib/libjet_autonomy_msgs__rosidl_typesupport_fastrtps_cpp.so
[270.265s] -- Set runtime path of "/home/jetson/JetAutonomy/ros/install/jet_autonomy_msgs/lib/libjet_autonomy_msgs__rosidl_typesupport_fastrtps_cpp.so" to ""
[270.266s] -- Up-to-date: /home/jetson/JetAutonomy/ros/install/jet_autonomy_msgs/include/jet_autonomy_msgs
[270.267s] -- Up-to-date: /home/jetson/JetAutonomy/ros/install/jet_autonomy_msgs/include/jet_autonomy_msgs/msg
[270.268s] -- Installing: /home/jetson/JetAutonomy/ros/install/jet_autonomy_msgs/include/jet_autonomy_msgs/msg/joystick_cmd__traits.hpp
[270.282s] -- Installing: /home/jetson/JetAutonomy/ros/install/jet_autonomy_msgs/include/jet_autonomy_msgs/msg/joystick_cmd.hpp
[270.282s] -- Installing: /home/jetson/JetAutonomy/ros/install/jet_autonomy_msgs/include/jet_autonomy_msgs/msg/joystick_cmd__struct.hpp
[270.283s] -- Up-to-date: /home/jetson/JetAutonomy/ros/install/jet_autonomy_msgs/include/jet_autonomy_msgs
[270.284s] -- Up-to-date: /home/jetson/JetAutonomy/ros/install/jet_autonomy_msgs/include/jet_autonomy_msgs/msg
[270.285s] -- Installing: /home/jetson/JetAutonomy/ros/install/jet_autonomy_msgs/include/jet_autonomy_msgs/msg/joystick_cmd__rosidl_typesupport_introspection_cpp.hpp
[270.286s] -- Installing: /home/jetson/JetAutonomy/ros/install/jet_autonomy_msgs/include/jet_autonomy_msgs/msg/joystick_cmd__type_support.cpp
[270.287s] -- Installing: /home/jetson/JetAutonomy/ros/install/jet_autonomy_msgs/lib/libjet_autonomy_msgs__rosidl_typesupport_introspection_cpp.so
[270.287s] -- Set runtime path of "/home/jetson/JetAutonomy/ros/install/jet_autonomy_msgs/lib/libjet_autonomy_msgs__rosidl_typesupport_introspection_cpp.so" to ""
[270.304s] -- Installing: /home/jetson/JetAutonomy/ros/install/jet_autonomy_msgs/share/jet_autonomy_msgs/environment/pythonpath.sh
[270.305s] -- Installing: /home/jetson/JetAutonomy/ros/install/jet_autonomy_msgs/lib/python3.6/site-packages/jet_autonomy_msgs/__init__.py
[279.602s] Compiling '/home/jetson/JetAutonomy/ros/install/jet_autonomy_msgs/lib/python3.6/site-packages/jet_autonomy_msgs/__init__.py'...
[279.681s] -- Installing: /home/jetson/JetAutonomy/ros/install/jet_autonomy_msgs/lib/python3.6/site-packages/jet_autonomy_msgs/msg
[279.682s] -- Installing: /home/jetson/JetAutonomy/ros/install/jet_autonomy_msgs/lib/python3.6/site-packages/jet_autonomy_msgs/msg/_joystick_cmd_s.c
[279.683s] -- Installing: /home/jetson/JetAutonomy/ros/install/jet_autonomy_msgs/lib/python3.6/site-packages/jet_autonomy_msgs/msg/_joystick_cmd.py
[279.684s] -- Installing: /home/jetson/JetAutonomy/ros/install/jet_autonomy_msgs/lib/python3.6/site-packages/jet_autonomy_msgs/msg/__init__.py
[279.686s] -- Installing: /home/jetson/JetAutonomy/ros/install/jet_autonomy_msgs/lib/python3.6/site-packages/jet_autonomy_msgs/jet_autonomy_msgs_s__rosidl_typesupport_c.cpython-36m-aarch64-linux-gnu.so
[279.701s] -- Set runtime path of "/home/jetson/JetAutonomy/ros/install/jet_autonomy_msgs/lib/python3.6/site-packages/jet_autonomy_msgs/jet_autonomy_msgs_s__rosidl_typesupport_c.cpython-36m-aarch64-linux-gnu.so" to ""
[279.702s] -- Installing: /home/jetson/JetAutonomy/ros/install/jet_autonomy_msgs/lib/python3.6/site-packages/jet_autonomy_msgs/jet_autonomy_msgs_s__rosidl_typesupport_introspection_c.cpython-36m-aarch64-linux-gnu.so
[279.723s] -- Set runtime path of "/home/jetson/JetAutonomy/ros/install/jet_autonomy_msgs/lib/python3.6/site-packages/jet_autonomy_msgs/jet_autonomy_msgs_s__rosidl_typesupport_introspection_c.cpython-36m-aarch64-linux-gnu.so" to ""
[279.728s] -- Installing: /home/jetson/JetAutonomy/ros/install/jet_autonomy_msgs/lib/python3.6/site-packages/jet_autonomy_msgs/jet_autonomy_msgs_s__rosidl_typesupport_fastrtps_c.cpython-36m-aarch64-linux-gnu.so
[279.731s] -- Set runtime path of "/home/jetson/JetAutonomy/ros/install/jet_autonomy_msgs/lib/python3.6/site-packages/jet_autonomy_msgs/jet_autonomy_msgs_s__rosidl_typesupport_fastrtps_c.cpython-36m-aarch64-linux-gnu.so" to ""
[279.732s] -- Installing: /home/jetson/JetAutonomy/ros/install/jet_autonomy_msgs/lib/libjet_autonomy_msgs__python.so
[279.762s] -- Set runtime path of "/home/jetson/JetAutonomy/ros/install/jet_autonomy_msgs/lib/libjet_autonomy_msgs__python.so" to ""
[279.763s] -- Installing: /home/jetson/JetAutonomy/ros/install/jet_autonomy_msgs/share/jet_autonomy_msgs/msg/JoystickCmd.idl
[279.764s] -- Installing: /home/jetson/JetAutonomy/ros/install/jet_autonomy_msgs/share/jet_autonomy_msgs/msg/JoystickCmd.msg
[279.765s] -- Installing: /home/jetson/JetAutonomy/ros/install/jet_autonomy_msgs/share/ament_index/resource_index/package_run_dependencies/jet_autonomy_msgs
[279.778s] -- Installing: /home/jetson/JetAutonomy/ros/install/jet_autonomy_msgs/share/ament_index/resource_index/parent_prefix_path/jet_autonomy_msgs
[279.779s] -- Installing: /home/jetson/JetAutonomy/ros/install/jet_autonomy_msgs/share/jet_autonomy_msgs/environment/ament_prefix_path.sh
[279.780s] -- Installing: /home/jetson/JetAutonomy/ros/install/jet_autonomy_msgs/share/jet_autonomy_msgs/environment/path.sh
[279.781s] -- Installing: /home/jetson/JetAutonomy/ros/install/jet_autonomy_msgs/share/jet_autonomy_msgs/local_setup.bash
[279.782s] -- Installing: /home/jetson/JetAutonomy/ros/install/jet_autonomy_msgs/share/jet_autonomy_msgs/local_setup.sh
[279.790s] -- Installing: /home/jetson/JetAutonomy/ros/install/jet_autonomy_msgs/share/jet_autonomy_msgs/local_setup.zsh
[279.805s] -- Installing: /home/jetson/JetAutonomy/ros/install/jet_autonomy_msgs/share/ament_index/resource_index/packages/jet_autonomy_msgs
[279.807s] -- Installing: /home/jetson/JetAutonomy/ros/install/jet_autonomy_msgs/share/jet_autonomy_msgs/cmake/rosidl_cmake-extras.cmake
[279.807s] -- Installing: /home/jetson/JetAutonomy/ros/install/jet_autonomy_msgs/share/jet_autonomy_msgs/cmake/ament_cmake_export_dependencies-extras.cmake
[279.812s] -- Installing: /home/jetson/JetAutonomy/ros/install/jet_autonomy_msgs/share/jet_autonomy_msgs/cmake/ament_cmake_export_libraries-extras.cmake
[279.813s] -- Installing: /home/jetson/JetAutonomy/ros/install/jet_autonomy_msgs/share/jet_autonomy_msgs/cmake/ament_cmake_export_include_directories-extras.cmake
[279.814s] -- Installing: /home/jetson/JetAutonomy/ros/install/jet_autonomy_msgs/share/jet_autonomy_msgs/cmake/jet_autonomy_msgsConfig.cmake
[279.815s] -- Installing: /home/jetson/JetAutonomy/ros/install/jet_autonomy_msgs/share/jet_autonomy_msgs/cmake/jet_autonomy_msgsConfig-version.cmake
[279.816s] -- Installing: /home/jetson/JetAutonomy/ros/install/jet_autonomy_msgs/share/jet_autonomy_msgs/package.xml
[279.879s] Invoked command in '/home/jetson/JetAutonomy/ros/build/jet_autonomy_msgs' returned '0': CMAKE_PREFIX_PATH=${CMAKE_PREFIX_PATH}:/home/jetson/ros2_dashing/install/ros2bag:/home/jetson/ros2_dashing/install/topic_monitor:/home/jetson/ros2_dashing/install/sros2:/home/jetson/ros2_dashing/install/rqt_topic:/home/jetson/ros2_dashing/install/rqt_top:/home/jetson/ros2_dashing/install/rqt_srv:/home/jetson/ros2_dashing/install/rqt_shell:/home/jetson/ros2_dashing/install/rqt_service_caller:/home/jetson/ros2_dashing/install/rqt_py_console:/home/jetson/ros2_dashing/install/rqt_action:/home/jetson/ros2_dashing/install/rqt:/home/jetson/ros2_dashing/install/rqt_graph:/home/jetson/ros2_dashing/install/rqt_gui_py:/home/jetson/ros2_dashing/install/rqt_gui:/home/jetson/ros2_dashing/install/ros2topic:/home/jetson/ros2_dashing/install/ros2test:/home/jetson/ros2_dashing/install/ros2component:/home/jetson/ros2_dashing/install/ros2param:/home/jetson/ros2_dashing/install/ros2lifecycle:/home/jetson/ros2_dashing/install/ros2service:/home/jetson/ros2_dashing/install/ros2srv:/home/jetson/ros2_dashing/install/ros2run:/home/jetson/ros2_dashing/install/ros2launch:/home/jetson/ros2_dashing/install/ros2pkg:/home/jetson/ros2_dashing/install/ros2node:/home/jetson/ros2_dashing/install/ros2multicast:/home/jetson/ros2_dashing/install/ros2msg:/home/jetson/ros2_dashing/install/ros2action:/home/jetson/ros2_dashing/install/ros2cli:/home/jetson/ros2_dashing/install/quality_of_service_demo_py:/home/jetson/ros2_dashing/install/launch_testing_ros:/home/jetson/ros2_dashing/install/launch_ros:/home/jetson/ros2_dashing/install/examples_rclpy_minimal_subscriber:/home/jetson/ros2_dashing/install/examples_rclpy_minimal_service:/home/jetson/ros2_dashing/install/examples_rclpy_minimal_publisher:/home/jetson/ros2_dashing/install/examples_rclpy_minimal_client:/home/jetson/ros2_dashing/install/examples_rclpy_minimal_action_server:/home/jetson/ros2_dashing/install/examples_rclpy_minimal_action_client:/home/jetson/ros2_dashing/install/examples_rclpy_executors:/home/jetson/ros2_dashing/install/demo_nodes_py:/home/jetson/ros2_dashing/install/ament_uncrustify:/home/jetson/ros2_dashing/install/test_launch_ros:/home/jetson/ros2_dashing/install/rosidl_runtime_py:/home/jetson/ros2_dashing/install/launch_testing:/home/jetson/ros2_dashing/install/launch:/home/jetson/ros2_dashing/install/osrf_pycommon:/home/jetson/ros2_dashing/install/ament_xmllint:/home/jetson/ros2_dashing/install/ament_pyflakes:/home/jetson/ros2_dashing/install/ament_pep8:/home/jetson/ros2_dashing/install/ament_pep257:/home/jetson/ros2_dashing/install/ament_pclint:/home/jetson/ros2_dashing/install/ament_package:/home/jetson/ros2_dashing/install/ament_lint_cmake:/home/jetson/ros2_dashing/install/ament_flake8:/home/jetson/ros2_dashing/install/ament_copyright:/home/jetson/ros2_dashing/install/ament_lint:/home/jetson/ros2_dashing/install/ament_index_python:/home/jetson/ros2_dashing/install/ament_cpplint:/home/jetson/ros2_dashing/install/ament_cppcheck:/home/jetson/ros2_dashing/install/ament_clang_tidy:/home/jetson/ros2_dashing/install/ament_clang_format /usr/bin/cmake --build /home/jetson/JetAutonomy/ros/build/jet_autonomy_msgs --target install -- -j2 -l2
