[1.203s] Invoking command in '/home/jetson/JetAutonomy/ros2/build/jet_autonomy_msgs': CMAKE_PREFIX_PATH=${CMAKE_PREFIX_PATH}:/home/jetson/JetAutonomy/ros2/install/joystick:/home/jetson/JetAutonomy/ros2/install/jet_drive:/home/jetson/ros2_dashing/install/ros2bag:/home/jetson/ros2_dashing/install/topic_monitor:/home/jetson/ros2_dashing/install/sros2:/home/jetson/ros2_dashing/install/rqt_topic:/home/jetson/ros2_dashing/install/rqt_top:/home/jetson/ros2_dashing/install/rqt_srv:/home/jetson/ros2_dashing/install/rqt_shell:/home/jetson/ros2_dashing/install/rqt_service_caller:/home/jetson/ros2_dashing/install/rqt_py_console:/home/jetson/ros2_dashing/install/rqt_action:/home/jetson/ros2_dashing/install/rqt:/home/jetson/ros2_dashing/install/rqt_graph:/home/jetson/ros2_dashing/install/rqt_gui_py:/home/jetson/ros2_dashing/install/rqt_gui:/home/jetson/ros2_dashing/install/ros2topic:/home/jetson/ros2_dashing/install/ros2test:/home/jetson/ros2_dashing/install/ros2component:/home/jetson/ros2_dashing/install/ros2param:/home/jetson/ros2_dashing/install/ros2lifecycle:/home/jetson/ros2_dashing/install/ros2service:/home/jetson/ros2_dashing/install/ros2srv:/home/jetson/ros2_dashing/install/ros2run:/home/jetson/ros2_dashing/install/ros2launch:/home/jetson/ros2_dashing/install/ros2pkg:/home/jetson/ros2_dashing/install/ros2node:/home/jetson/ros2_dashing/install/ros2multicast:/home/jetson/ros2_dashing/install/ros2msg:/home/jetson/ros2_dashing/install/ros2action:/home/jetson/ros2_dashing/install/ros2cli:/home/jetson/ros2_dashing/install/quality_of_service_demo_py:/home/jetson/ros2_dashing/install/launch_testing_ros:/home/jetson/ros2_dashing/install/launch_ros:/home/jetson/ros2_dashing/install/examples_rclpy_minimal_subscriber:/home/jetson/ros2_dashing/install/examples_rclpy_minimal_service:/home/jetson/ros2_dashing/install/examples_rclpy_minimal_publisher:/home/jetson/ros2_dashing/install/examples_rclpy_minimal_client:/home/jetson/ros2_dashing/install/examples_rclpy_minimal_action_server:/home/jetson/ros2_dashing/install/examples_rclpy_minimal_action_client:/home/jetson/ros2_dashing/install/examples_rclpy_executors:/home/jetson/ros2_dashing/install/demo_nodes_py:/home/jetson/ros2_dashing/install/ament_uncrustify:/home/jetson/ros2_dashing/install/test_launch_ros:/home/jetson/ros2_dashing/install/rosidl_runtime_py:/home/jetson/ros2_dashing/install/launch_testing:/home/jetson/ros2_dashing/install/launch:/home/jetson/ros2_dashing/install/osrf_pycommon:/home/jetson/ros2_dashing/install/ament_xmllint:/home/jetson/ros2_dashing/install/ament_pyflakes:/home/jetson/ros2_dashing/install/ament_pep8:/home/jetson/ros2_dashing/install/ament_pep257:/home/jetson/ros2_dashing/install/ament_pclint:/home/jetson/ros2_dashing/install/ament_package:/home/jetson/ros2_dashing/install/ament_lint_cmake:/home/jetson/ros2_dashing/install/ament_flake8:/home/jetson/ros2_dashing/install/ament_copyright:/home/jetson/ros2_dashing/install/ament_lint:/home/jetson/ros2_dashing/install/ament_index_python:/home/jetson/ros2_dashing/install/ament_cpplint:/home/jetson/ros2_dashing/install/ament_cppcheck:/home/jetson/ros2_dashing/install/ament_clang_tidy:/home/jetson/ros2_dashing/install/ament_clang_format /usr/bin/cmake --build /home/jetson/JetAutonomy/ros2/build/jet_autonomy_msgs -- -j2 -l2
[4.044s] [ 10%] Built target jet_autonomy_msgs__rosidl_generator_c
[5.357s] [ 12%] Built target jet_autonomy_msgs__cpp
[6.156s] [ 23%] Built target jet_autonomy_msgs__rosidl_typesupport_introspection_c
[6.872s] [ 33%] Built target jet_autonomy_msgs__rosidl_typesupport_c
[7.817s] [ 43%] Built target jet_autonomy_msgs__rosidl_typesupport_fastrtps_cpp
[8.688s] [ 53%] Built target jet_autonomy_msgs__rosidl_typesupport_introspection_cpp
[10.104s] [ 64%] Built target jet_autonomy_msgs__rosidl_typesupport_cpp
[11.620s] [ 74%] Built target jet_autonomy_msgs__rosidl_typesupport_fastrtps_c
[12.852s] [ 74%] Built target jet_autonomy_msgs
[14.042s] [ 76%] Built target jet_autonomy_msgs__py
[15.532s] [ 84%] Built target jet_autonomy_msgs__python
[16.914s] [ 89%] Built target jet_autonomy_msgs__rosidl_typesupport_fastrtps_c__pyext
[18.415s] [ 94%] Built target jet_autonomy_msgs__rosidl_typesupport_c__pyext
[19.702s] [100%] Built target jet_autonomy_msgs__rosidl_typesupport_introspection_c__pyext
[20.175s] Invoked command in '/home/jetson/JetAutonomy/ros2/build/jet_autonomy_msgs' returned '0': CMAKE_PREFIX_PATH=${CMAKE_PREFIX_PATH}:/home/jetson/JetAutonomy/ros2/install/joystick:/home/jetson/JetAutonomy/ros2/install/jet_drive:/home/jetson/ros2_dashing/install/ros2bag:/home/jetson/ros2_dashing/install/topic_monitor:/home/jetson/ros2_dashing/install/sros2:/home/jetson/ros2_dashing/install/rqt_topic:/home/jetson/ros2_dashing/install/rqt_top:/home/jetson/ros2_dashing/install/rqt_srv:/home/jetson/ros2_dashing/install/rqt_shell:/home/jetson/ros2_dashing/install/rqt_service_caller:/home/jetson/ros2_dashing/install/rqt_py_console:/home/jetson/ros2_dashing/install/rqt_action:/home/jetson/ros2_dashing/install/rqt:/home/jetson/ros2_dashing/install/rqt_graph:/home/jetson/ros2_dashing/install/rqt_gui_py:/home/jetson/ros2_dashing/install/rqt_gui:/home/jetson/ros2_dashing/install/ros2topic:/home/jetson/ros2_dashing/install/ros2test:/home/jetson/ros2_dashing/install/ros2component:/home/jetson/ros2_dashing/install/ros2param:/home/jetson/ros2_dashing/install/ros2lifecycle:/home/jetson/ros2_dashing/install/ros2service:/home/jetson/ros2_dashing/install/ros2srv:/home/jetson/ros2_dashing/install/ros2run:/home/jetson/ros2_dashing/install/ros2launch:/home/jetson/ros2_dashing/install/ros2pkg:/home/jetson/ros2_dashing/install/ros2node:/home/jetson/ros2_dashing/install/ros2multicast:/home/jetson/ros2_dashing/install/ros2msg:/home/jetson/ros2_dashing/install/ros2action:/home/jetson/ros2_dashing/install/ros2cli:/home/jetson/ros2_dashing/install/quality_of_service_demo_py:/home/jetson/ros2_dashing/install/launch_testing_ros:/home/jetson/ros2_dashing/install/launch_ros:/home/jetson/ros2_dashing/install/examples_rclpy_minimal_subscriber:/home/jetson/ros2_dashing/install/examples_rclpy_minimal_service:/home/jetson/ros2_dashing/install/examples_rclpy_minimal_publisher:/home/jetson/ros2_dashing/install/examples_rclpy_minimal_client:/home/jetson/ros2_dashing/install/examples_rclpy_minimal_action_server:/home/jetson/ros2_dashing/install/examples_rclpy_minimal_action_client:/home/jetson/ros2_dashing/install/examples_rclpy_executors:/home/jetson/ros2_dashing/install/demo_nodes_py:/home/jetson/ros2_dashing/install/ament_uncrustify:/home/jetson/ros2_dashing/install/test_launch_ros:/home/jetson/ros2_dashing/install/rosidl_runtime_py:/home/jetson/ros2_dashing/install/launch_testing:/home/jetson/ros2_dashing/install/launch:/home/jetson/ros2_dashing/install/osrf_pycommon:/home/jetson/ros2_dashing/install/ament_xmllint:/home/jetson/ros2_dashing/install/ament_pyflakes:/home/jetson/ros2_dashing/install/ament_pep8:/home/jetson/ros2_dashing/install/ament_pep257:/home/jetson/ros2_dashing/install/ament_pclint:/home/jetson/ros2_dashing/install/ament_package:/home/jetson/ros2_dashing/install/ament_lint_cmake:/home/jetson/ros2_dashing/install/ament_flake8:/home/jetson/ros2_dashing/install/ament_copyright:/home/jetson/ros2_dashing/install/ament_lint:/home/jetson/ros2_dashing/install/ament_index_python:/home/jetson/ros2_dashing/install/ament_cpplint:/home/jetson/ros2_dashing/install/ament_cppcheck:/home/jetson/ros2_dashing/install/ament_clang_tidy:/home/jetson/ros2_dashing/install/ament_clang_format /usr/bin/cmake --build /home/jetson/JetAutonomy/ros2/build/jet_autonomy_msgs -- -j2 -l2
[26.517s] Invoking command in '/home/jetson/JetAutonomy/ros2/build/jet_autonomy_msgs': CMAKE_PREFIX_PATH=${CMAKE_PREFIX_PATH}:/home/jetson/JetAutonomy/ros2/install/joystick:/home/jetson/JetAutonomy/ros2/install/jet_drive:/home/jetson/ros2_dashing/install/ros2bag:/home/jetson/ros2_dashing/install/topic_monitor:/home/jetson/ros2_dashing/install/sros2:/home/jetson/ros2_dashing/install/rqt_topic:/home/jetson/ros2_dashing/install/rqt_top:/home/jetson/ros2_dashing/install/rqt_srv:/home/jetson/ros2_dashing/install/rqt_shell:/home/jetson/ros2_dashing/install/rqt_service_caller:/home/jetson/ros2_dashing/install/rqt_py_console:/home/jetson/ros2_dashing/install/rqt_action:/home/jetson/ros2_dashing/install/rqt:/home/jetson/ros2_dashing/install/rqt_graph:/home/jetson/ros2_dashing/install/rqt_gui_py:/home/jetson/ros2_dashing/install/rqt_gui:/home/jetson/ros2_dashing/install/ros2topic:/home/jetson/ros2_dashing/install/ros2test:/home/jetson/ros2_dashing/install/ros2component:/home/jetson/ros2_dashing/install/ros2param:/home/jetson/ros2_dashing/install/ros2lifecycle:/home/jetson/ros2_dashing/install/ros2service:/home/jetson/ros2_dashing/install/ros2srv:/home/jetson/ros2_dashing/install/ros2run:/home/jetson/ros2_dashing/install/ros2launch:/home/jetson/ros2_dashing/install/ros2pkg:/home/jetson/ros2_dashing/install/ros2node:/home/jetson/ros2_dashing/install/ros2multicast:/home/jetson/ros2_dashing/install/ros2msg:/home/jetson/ros2_dashing/install/ros2action:/home/jetson/ros2_dashing/install/ros2cli:/home/jetson/ros2_dashing/install/quality_of_service_demo_py:/home/jetson/ros2_dashing/install/launch_testing_ros:/home/jetson/ros2_dashing/install/launch_ros:/home/jetson/ros2_dashing/install/examples_rclpy_minimal_subscriber:/home/jetson/ros2_dashing/install/examples_rclpy_minimal_service:/home/jetson/ros2_dashing/install/examples_rclpy_minimal_publisher:/home/jetson/ros2_dashing/install/examples_rclpy_minimal_client:/home/jetson/ros2_dashing/install/examples_rclpy_minimal_action_server:/home/jetson/ros2_dashing/install/examples_rclpy_minimal_action_client:/home/jetson/ros2_dashing/install/examples_rclpy_executors:/home/jetson/ros2_dashing/install/demo_nodes_py:/home/jetson/ros2_dashing/install/ament_uncrustify:/home/jetson/ros2_dashing/install/test_launch_ros:/home/jetson/ros2_dashing/install/rosidl_runtime_py:/home/jetson/ros2_dashing/install/launch_testing:/home/jetson/ros2_dashing/install/launch:/home/jetson/ros2_dashing/install/osrf_pycommon:/home/jetson/ros2_dashing/install/ament_xmllint:/home/jetson/ros2_dashing/install/ament_pyflakes:/home/jetson/ros2_dashing/install/ament_pep8:/home/jetson/ros2_dashing/install/ament_pep257:/home/jetson/ros2_dashing/install/ament_pclint:/home/jetson/ros2_dashing/install/ament_package:/home/jetson/ros2_dashing/install/ament_lint_cmake:/home/jetson/ros2_dashing/install/ament_flake8:/home/jetson/ros2_dashing/install/ament_copyright:/home/jetson/ros2_dashing/install/ament_lint:/home/jetson/ros2_dashing/install/ament_index_python:/home/jetson/ros2_dashing/install/ament_cpplint:/home/jetson/ros2_dashing/install/ament_cppcheck:/home/jetson/ros2_dashing/install/ament_clang_tidy:/home/jetson/ros2_dashing/install/ament_clang_format /usr/bin/cmake --build /home/jetson/JetAutonomy/ros2/build/jet_autonomy_msgs --target install -- -j2 -l2
[28.786s] [ 10%] Built target jet_autonomy_msgs__rosidl_generator_c
[29.769s] [ 12%] Built target jet_autonomy_msgs__cpp
[31.459s] [ 23%] Built target jet_autonomy_msgs__rosidl_typesupport_introspection_c
[32.372s] [ 33%] Built target jet_autonomy_msgs__rosidl_typesupport_c
[33.162s] [ 43%] Built target jet_autonomy_msgs__rosidl_typesupport_fastrtps_cpp
[33.702s] [ 53%] Built target jet_autonomy_msgs__rosidl_typesupport_introspection_cpp
[34.626s] [ 64%] Built target jet_autonomy_msgs__rosidl_typesupport_cpp
[35.661s] [ 74%] Built target jet_autonomy_msgs__rosidl_typesupport_fastrtps_c
[36.870s] [ 74%] Built target jet_autonomy_msgs
[38.129s] [ 76%] Built target jet_autonomy_msgs__py
[39.608s] [ 84%] Built target jet_autonomy_msgs__python
[41.038s] [ 89%] Built target jet_autonomy_msgs__rosidl_typesupport_fastrtps_c__pyext
[42.518s] [ 94%] Built target jet_autonomy_msgs__rosidl_typesupport_c__pyext
[44.110s] [100%] Built target jet_autonomy_msgs__rosidl_typesupport_introspection_c__pyext
[44.858s] [36mInstall the project...[0m
[45.286s] -- Install configuration: ""
[45.294s] -- Up-to-date: /home/jetson/JetAutonomy/ros2/install/jet_autonomy_msgs/share/ament_index/resource_index/rosidl_interfaces/jet_autonomy_msgs
[45.301s] -- Up-to-date: /home/jetson/JetAutonomy/ros2/install/jet_autonomy_msgs/lib/libjet_autonomy_msgs__rosidl_typesupport_c.so
[45.305s] -- Up-to-date: /home/jetson/JetAutonomy/ros2/install/jet_autonomy_msgs/share/jet_autonomy_msgs/environment/library_path.sh
[45.313s] -- Up-to-date: /home/jetson/JetAutonomy/ros2/install/jet_autonomy_msgs/lib/libjet_autonomy_msgs__rosidl_typesupport_cpp.so
[45.324s] -- Up-to-date: /home/jetson/JetAutonomy/ros2/install/jet_autonomy_msgs/include/jet_autonomy_msgs
[45.329s] -- Up-to-date: /home/jetson/JetAutonomy/ros2/install/jet_autonomy_msgs/include/jet_autonomy_msgs/msg
[45.330s] -- Up-to-date: /home/jetson/JetAutonomy/ros2/install/jet_autonomy_msgs/include/jet_autonomy_msgs/msg/jet_drive_cmd__rosidl_typesupport_introspection_c.h
[45.334s] -- Up-to-date: /home/jetson/JetAutonomy/ros2/install/jet_autonomy_msgs/include/jet_autonomy_msgs/msg/joystick_cmd__rosidl_typesupport_introspection_c.h
[45.335s] -- Up-to-date: /home/jetson/JetAutonomy/ros2/install/jet_autonomy_msgs/include/jet_autonomy_msgs/msg/jet_drive_cmd__type_support.c
[45.336s] -- Up-to-date: /home/jetson/JetAutonomy/ros2/install/jet_autonomy_msgs/include/jet_autonomy_msgs/msg/rosidl_typesupport_introspection_c__visibility_control.h
[45.337s] -- Up-to-date: /home/jetson/JetAutonomy/ros2/install/jet_autonomy_msgs/include/jet_autonomy_msgs/msg/joystick_cmd__type_support.c
[45.344s] -- Up-to-date: /home/jetson/JetAutonomy/ros2/install/jet_autonomy_msgs/lib/libjet_autonomy_msgs__rosidl_typesupport_introspection_c.so
[45.350s] -- Up-to-date: /home/jetson/JetAutonomy/ros2/install/jet_autonomy_msgs/include/jet_autonomy_msgs
[45.354s] -- Up-to-date: /home/jetson/JetAutonomy/ros2/install/jet_autonomy_msgs/include/jet_autonomy_msgs/msg
[45.364s] -- Up-to-date: /home/jetson/JetAutonomy/ros2/install/jet_autonomy_msgs/include/jet_autonomy_msgs/msg/joystick_cmd__type_support.h
[45.370s] -- Up-to-date: /home/jetson/JetAutonomy/ros2/install/jet_autonomy_msgs/include/jet_autonomy_msgs/msg/jet_drive_cmd__functions.h
[45.371s] -- Up-to-date: /home/jetson/JetAutonomy/ros2/install/jet_autonomy_msgs/include/jet_autonomy_msgs/msg/jet_drive_cmd__struct.h
[45.380s] -- Up-to-date: /home/jetson/JetAutonomy/ros2/install/jet_autonomy_msgs/include/jet_autonomy_msgs/msg/joystick_cmd__functions.h
[45.381s] -- Up-to-date: /home/jetson/JetAutonomy/ros2/install/jet_autonomy_msgs/include/jet_autonomy_msgs/msg/joystick_cmd__functions.c
[45.382s] -- Up-to-date: /home/jetson/JetAutonomy/ros2/install/jet_autonomy_msgs/include/jet_autonomy_msgs/msg/jet_drive_cmd__type_support.h
[45.383s] -- Up-to-date: /home/jetson/JetAutonomy/ros2/install/jet_autonomy_msgs/include/jet_autonomy_msgs/msg/jet_drive_cmd__functions.c
[45.384s] -- Up-to-date: /home/jetson/JetAutonomy/ros2/install/jet_autonomy_msgs/include/jet_autonomy_msgs/msg/rosidl_generator_c__visibility_control.h
[45.397s] -- Up-to-date: /home/jetson/JetAutonomy/ros2/install/jet_autonomy_msgs/include/jet_autonomy_msgs/msg/joystick_cmd__struct.h
[45.405s] -- Up-to-date: /home/jetson/JetAutonomy/ros2/install/jet_autonomy_msgs/include/jet_autonomy_msgs/msg/jet_drive_cmd.h
[45.408s] -- Up-to-date: /home/jetson/JetAutonomy/ros2/install/jet_autonomy_msgs/include/jet_autonomy_msgs/msg/joystick_cmd.h
[45.409s] -- Up-to-date: /home/jetson/JetAutonomy/ros2/install/jet_autonomy_msgs/lib/libjet_autonomy_msgs__rosidl_generator_c.so
[45.416s] -- Up-to-date: /home/jetson/JetAutonomy/ros2/install/jet_autonomy_msgs/include/jet_autonomy_msgs
[45.423s] -- Up-to-date: /home/jetson/JetAutonomy/ros2/install/jet_autonomy_msgs/include/jet_autonomy_msgs/msg
[45.429s] -- Up-to-date: /home/jetson/JetAutonomy/ros2/install/jet_autonomy_msgs/include/jet_autonomy_msgs/msg/rosidl_typesupport_fastrtps_c__visibility_control.h
[45.430s] -- Up-to-date: /home/jetson/JetAutonomy/ros2/install/jet_autonomy_msgs/include/jet_autonomy_msgs/msg/joystick_cmd__rosidl_typesupport_fastrtps_c.h
[45.437s] -- Up-to-date: /home/jetson/JetAutonomy/ros2/install/jet_autonomy_msgs/include/jet_autonomy_msgs/msg/jet_drive_cmd__rosidl_typesupport_fastrtps_c.h
[45.439s] -- Up-to-date: /home/jetson/JetAutonomy/ros2/install/jet_autonomy_msgs/lib/libjet_autonomy_msgs__rosidl_typesupport_fastrtps_c.so
[45.450s] -- Up-to-date: /home/jetson/JetAutonomy/ros2/install/jet_autonomy_msgs/include/jet_autonomy_msgs
[45.456s] -- Up-to-date: /home/jetson/JetAutonomy/ros2/install/jet_autonomy_msgs/include/jet_autonomy_msgs/msg
[45.457s] -- Up-to-date: /home/jetson/JetAutonomy/ros2/install/jet_autonomy_msgs/include/jet_autonomy_msgs/msg/joystick_cmd__rosidl_typesupport_fastrtps_cpp.hpp
[45.457s] -- Up-to-date: /home/jetson/JetAutonomy/ros2/install/jet_autonomy_msgs/include/jet_autonomy_msgs/msg/jet_drive_cmd__rosidl_typesupport_fastrtps_cpp.hpp
[45.458s] -- Up-to-date: /home/jetson/JetAutonomy/ros2/install/jet_autonomy_msgs/include/jet_autonomy_msgs/msg/dds_fastrtps
[45.471s] -- Up-to-date: /home/jetson/JetAutonomy/ros2/install/jet_autonomy_msgs/include/jet_autonomy_msgs/msg/rosidl_typesupport_fastrtps_cpp__visibility_control.h
[45.476s] -- Up-to-date: /home/jetson/JetAutonomy/ros2/install/jet_autonomy_msgs/lib/libjet_autonomy_msgs__rosidl_typesupport_fastrtps_cpp.so
[45.477s] -- Up-to-date: /home/jetson/JetAutonomy/ros2/install/jet_autonomy_msgs/include/jet_autonomy_msgs
[45.478s] -- Up-to-date: /home/jetson/JetAutonomy/ros2/install/jet_autonomy_msgs/include/jet_autonomy_msgs/msg
[45.488s] -- Up-to-date: /home/jetson/JetAutonomy/ros2/install/jet_autonomy_msgs/include/jet_autonomy_msgs/msg/joystick_cmd__traits.hpp
[45.490s] -- Up-to-date: /home/jetson/JetAutonomy/ros2/install/jet_autonomy_msgs/include/jet_autonomy_msgs/msg/jet_drive_cmd__struct.hpp
[45.497s] -- Up-to-date: /home/jetson/JetAutonomy/ros2/install/jet_autonomy_msgs/include/jet_autonomy_msgs/msg/joystick_cmd.hpp
[45.514s] -- Up-to-date: /home/jetson/JetAutonomy/ros2/install/jet_autonomy_msgs/include/jet_autonomy_msgs/msg/jet_drive_cmd.hpp
[45.519s] -- Up-to-date: /home/jetson/JetAutonomy/ros2/install/jet_autonomy_msgs/include/jet_autonomy_msgs/msg/joystick_cmd__struct.hpp
[45.520s] -- Up-to-date: /home/jetson/JetAutonomy/ros2/install/jet_autonomy_msgs/include/jet_autonomy_msgs/msg/jet_drive_cmd__traits.hpp
[45.521s] -- Up-to-date: /home/jetson/JetAutonomy/ros2/install/jet_autonomy_msgs/include/jet_autonomy_msgs
[45.543s] -- Up-to-date: /home/jetson/JetAutonomy/ros2/install/jet_autonomy_msgs/include/jet_autonomy_msgs/msg
[45.544s] -- Up-to-date: /home/jetson/JetAutonomy/ros2/install/jet_autonomy_msgs/include/jet_autonomy_msgs/msg/joystick_cmd__rosidl_typesupport_introspection_cpp.hpp
[45.545s] -- Up-to-date: /home/jetson/JetAutonomy/ros2/install/jet_autonomy_msgs/include/jet_autonomy_msgs/msg/jet_drive_cmd__type_support.cpp
[45.546s] -- Up-to-date: /home/jetson/JetAutonomy/ros2/install/jet_autonomy_msgs/include/jet_autonomy_msgs/msg/joystick_cmd__type_support.cpp
[45.547s] -- Up-to-date: /home/jetson/JetAutonomy/ros2/install/jet_autonomy_msgs/include/jet_autonomy_msgs/msg/jet_drive_cmd__rosidl_typesupport_introspection_cpp.hpp
[45.574s] -- Up-to-date: /home/jetson/JetAutonomy/ros2/install/jet_autonomy_msgs/lib/libjet_autonomy_msgs__rosidl_typesupport_introspection_cpp.so
[45.575s] -- Up-to-date: /home/jetson/JetAutonomy/ros2/install/jet_autonomy_msgs/share/jet_autonomy_msgs/environment/pythonpath.sh
[45.588s] -- Up-to-date: /home/jetson/JetAutonomy/ros2/install/jet_autonomy_msgs/lib/python3.6/site-packages/jet_autonomy_msgs/__init__.py
[61.016s] -- Up-to-date: /home/jetson/JetAutonomy/ros2/install/jet_autonomy_msgs/lib/python3.6/site-packages/jet_autonomy_msgs/msg
[61.022s] -- Up-to-date: /home/jetson/JetAutonomy/ros2/install/jet_autonomy_msgs/lib/python3.6/site-packages/jet_autonomy_msgs/msg/_joystick_cmd_s.c
[61.026s] -- Up-to-date: /home/jetson/JetAutonomy/ros2/install/jet_autonomy_msgs/lib/python3.6/site-packages/jet_autonomy_msgs/msg/_joystick_cmd.py
[61.035s] -- Up-to-date: /home/jetson/JetAutonomy/ros2/install/jet_autonomy_msgs/lib/python3.6/site-packages/jet_autonomy_msgs/msg/__init__.py
[61.042s] -- Up-to-date: /home/jetson/JetAutonomy/ros2/install/jet_autonomy_msgs/lib/python3.6/site-packages/jet_autonomy_msgs/msg/_jet_drive_cmd.py
[61.043s] -- Up-to-date: /home/jetson/JetAutonomy/ros2/install/jet_autonomy_msgs/lib/python3.6/site-packages/jet_autonomy_msgs/msg/_jet_drive_cmd_s.c
[61.050s] -- Up-to-date: /home/jetson/JetAutonomy/ros2/install/jet_autonomy_msgs/lib/python3.6/site-packages/jet_autonomy_msgs/jet_autonomy_msgs_s__rosidl_typesupport_c.cpython-36m-aarch64-linux-gnu.so
[61.059s] -- Up-to-date: /home/jetson/JetAutonomy/ros2/install/jet_autonomy_msgs/lib/python3.6/site-packages/jet_autonomy_msgs/jet_autonomy_msgs_s__rosidl_typesupport_introspection_c.cpython-36m-aarch64-linux-gnu.so
[61.069s] -- Up-to-date: /home/jetson/JetAutonomy/ros2/install/jet_autonomy_msgs/lib/python3.6/site-packages/jet_autonomy_msgs/jet_autonomy_msgs_s__rosidl_typesupport_fastrtps_c.cpython-36m-aarch64-linux-gnu.so
[61.084s] -- Up-to-date: /home/jetson/JetAutonomy/ros2/install/jet_autonomy_msgs/lib/libjet_autonomy_msgs__python.so
[61.094s] -- Up-to-date: /home/jetson/JetAutonomy/ros2/install/jet_autonomy_msgs/share/jet_autonomy_msgs/msg/JoystickCmd.idl
[61.101s] -- Up-to-date: /home/jetson/JetAutonomy/ros2/install/jet_autonomy_msgs/share/jet_autonomy_msgs/msg/JetDriveCmd.idl
[61.104s] -- Up-to-date: /home/jetson/JetAutonomy/ros2/install/jet_autonomy_msgs/share/jet_autonomy_msgs/msg/JoystickCmd.msg
[61.108s] -- Up-to-date: /home/jetson/JetAutonomy/ros2/install/jet_autonomy_msgs/share/jet_autonomy_msgs/msg/JetDriveCmd.msg
[61.119s] -- Up-to-date: /home/jetson/JetAutonomy/ros2/install/jet_autonomy_msgs/share/ament_index/resource_index/package_run_dependencies/jet_autonomy_msgs
[61.122s] -- Up-to-date: /home/jetson/JetAutonomy/ros2/install/jet_autonomy_msgs/share/ament_index/resource_index/parent_prefix_path/jet_autonomy_msgs
[61.127s] -- Up-to-date: /home/jetson/JetAutonomy/ros2/install/jet_autonomy_msgs/share/jet_autonomy_msgs/local_setup.bash
[61.131s] -- Up-to-date: /home/jetson/JetAutonomy/ros2/install/jet_autonomy_msgs/share/jet_autonomy_msgs/local_setup.sh
[61.138s] -- Up-to-date: /home/jetson/JetAutonomy/ros2/install/jet_autonomy_msgs/share/jet_autonomy_msgs/local_setup.zsh
[61.145s] -- Up-to-date: /home/jetson/JetAutonomy/ros2/install/jet_autonomy_msgs/share/ament_index/resource_index/packages/jet_autonomy_msgs
[61.149s] -- Up-to-date: /home/jetson/JetAutonomy/ros2/install/jet_autonomy_msgs/share/jet_autonomy_msgs/cmake/rosidl_cmake-extras.cmake
[61.150s] -- Up-to-date: /home/jetson/JetAutonomy/ros2/install/jet_autonomy_msgs/share/jet_autonomy_msgs/cmake/ament_cmake_export_dependencies-extras.cmake
[61.174s] -- Up-to-date: /home/jetson/JetAutonomy/ros2/install/jet_autonomy_msgs/share/jet_autonomy_msgs/cmake/ament_cmake_export_libraries-extras.cmake
[61.175s] -- Up-to-date: /home/jetson/JetAutonomy/ros2/install/jet_autonomy_msgs/share/jet_autonomy_msgs/cmake/ament_cmake_export_include_directories-extras.cmake
[61.176s] -- Up-to-date: /home/jetson/JetAutonomy/ros2/install/jet_autonomy_msgs/share/jet_autonomy_msgs/cmake/jet_autonomy_msgsConfig.cmake
[61.177s] -- Up-to-date: /home/jetson/JetAutonomy/ros2/install/jet_autonomy_msgs/share/jet_autonomy_msgs/cmake/jet_autonomy_msgsConfig-version.cmake
[61.178s] -- Up-to-date: /home/jetson/JetAutonomy/ros2/install/jet_autonomy_msgs/share/jet_autonomy_msgs/package.xml
[61.226s] Invoked command in '/home/jetson/JetAutonomy/ros2/build/jet_autonomy_msgs' returned '0': CMAKE_PREFIX_PATH=${CMAKE_PREFIX_PATH}:/home/jetson/JetAutonomy/ros2/install/joystick:/home/jetson/JetAutonomy/ros2/install/jet_drive:/home/jetson/ros2_dashing/install/ros2bag:/home/jetson/ros2_dashing/install/topic_monitor:/home/jetson/ros2_dashing/install/sros2:/home/jetson/ros2_dashing/install/rqt_topic:/home/jetson/ros2_dashing/install/rqt_top:/home/jetson/ros2_dashing/install/rqt_srv:/home/jetson/ros2_dashing/install/rqt_shell:/home/jetson/ros2_dashing/install/rqt_service_caller:/home/jetson/ros2_dashing/install/rqt_py_console:/home/jetson/ros2_dashing/install/rqt_action:/home/jetson/ros2_dashing/install/rqt:/home/jetson/ros2_dashing/install/rqt_graph:/home/jetson/ros2_dashing/install/rqt_gui_py:/home/jetson/ros2_dashing/install/rqt_gui:/home/jetson/ros2_dashing/install/ros2topic:/home/jetson/ros2_dashing/install/ros2test:/home/jetson/ros2_dashing/install/ros2component:/home/jetson/ros2_dashing/install/ros2param:/home/jetson/ros2_dashing/install/ros2lifecycle:/home/jetson/ros2_dashing/install/ros2service:/home/jetson/ros2_dashing/install/ros2srv:/home/jetson/ros2_dashing/install/ros2run:/home/jetson/ros2_dashing/install/ros2launch:/home/jetson/ros2_dashing/install/ros2pkg:/home/jetson/ros2_dashing/install/ros2node:/home/jetson/ros2_dashing/install/ros2multicast:/home/jetson/ros2_dashing/install/ros2msg:/home/jetson/ros2_dashing/install/ros2action:/home/jetson/ros2_dashing/install/ros2cli:/home/jetson/ros2_dashing/install/quality_of_service_demo_py:/home/jetson/ros2_dashing/install/launch_testing_ros:/home/jetson/ros2_dashing/install/launch_ros:/home/jetson/ros2_dashing/install/examples_rclpy_minimal_subscriber:/home/jetson/ros2_dashing/install/examples_rclpy_minimal_service:/home/jetson/ros2_dashing/install/examples_rclpy_minimal_publisher:/home/jetson/ros2_dashing/install/examples_rclpy_minimal_client:/home/jetson/ros2_dashing/install/examples_rclpy_minimal_action_server:/home/jetson/ros2_dashing/install/examples_rclpy_minimal_action_client:/home/jetson/ros2_dashing/install/examples_rclpy_executors:/home/jetson/ros2_dashing/install/demo_nodes_py:/home/jetson/ros2_dashing/install/ament_uncrustify:/home/jetson/ros2_dashing/install/test_launch_ros:/home/jetson/ros2_dashing/install/rosidl_runtime_py:/home/jetson/ros2_dashing/install/launch_testing:/home/jetson/ros2_dashing/install/launch:/home/jetson/ros2_dashing/install/osrf_pycommon:/home/jetson/ros2_dashing/install/ament_xmllint:/home/jetson/ros2_dashing/install/ament_pyflakes:/home/jetson/ros2_dashing/install/ament_pep8:/home/jetson/ros2_dashing/install/ament_pep257:/home/jetson/ros2_dashing/install/ament_pclint:/home/jetson/ros2_dashing/install/ament_package:/home/jetson/ros2_dashing/install/ament_lint_cmake:/home/jetson/ros2_dashing/install/ament_flake8:/home/jetson/ros2_dashing/install/ament_copyright:/home/jetson/ros2_dashing/install/ament_lint:/home/jetson/ros2_dashing/install/ament_index_python:/home/jetson/ros2_dashing/install/ament_cpplint:/home/jetson/ros2_dashing/install/ament_cppcheck:/home/jetson/ros2_dashing/install/ament_clang_tidy:/home/jetson/ros2_dashing/install/ament_clang_format /usr/bin/cmake --build /home/jetson/JetAutonomy/ros2/build/jet_autonomy_msgs --target install -- -j2 -l2
