[6.120s] DEBUG:colcon:Command line arguments: ['/usr/bin/colcon', 'build', '--packages-select', 'jet_drive']
[6.121s] DEBUG:colcon:Parsed command line arguments: Namespace(ament_cmake_args=None, base_paths=['.'], build_base='build', catkin_cmake_args=None, catkin_skip_building_tests=False, cmake_args=None, cmake_clean_cache=False, cmake_clean_first=False, cmake_force_configure=False, cmake_target=None, cmake_target_skip_unavailable=False, continue_on_error=False, event_handlers=None, executor='parallel', ignore_user_meta=False, install_base='install', log_base=None, log_level=None, main=<bound method BuildVerb.main of <colcon_core.verb.build.BuildVerb object at 0x7f84176160>>, merge_install=False, metas=['./colcon.meta'], packages_above=None, packages_above_and_dependencies=None, packages_above_depth=None, packages_end=None, packages_ignore=None, packages_ignore_regex=None, packages_select=['jet_drive'], packages_select_build_failed=False, packages_select_by_dep=None, packages_select_regex=None, packages_select_test_failures=False, packages_skip=None, packages_skip_build_finished=False, packages_skip_by_dep=None, packages_skip_regex=None, packages_skip_test_passed=False, packages_skip_up_to=None, packages_start=None, packages_up_to=None, packages_up_to_regex=None, parallel_workers=2, paths=None, symlink_install=False, test_result_base=None, verb_extension=<colcon_core.verb.build.BuildVerb object at 0x7f84176160>, verb_name='build', verb_parser=<colcon_defaults.argument_parser.defaults.DefaultArgumentsDecorator object at 0x7f841764a8>)
[6.302s] Level 1:colcon.colcon_core.package_discovery:discover_packages(colcon_meta) check parameters
[6.304s] Level 1:colcon.colcon_core.package_discovery:discover_packages(recursive) check parameters
[6.304s] Level 1:colcon.colcon_core.package_discovery:discover_packages(ignore) check parameters
[6.305s] Level 1:colcon.colcon_core.package_discovery:discover_packages(path) check parameters
[6.305s] Level 1:colcon.colcon_core.package_discovery:discover_packages(colcon_meta) discover
[6.310s] Level 1:colcon.colcon_core.package_discovery:discover_packages(recursive) discover
[6.310s] INFO:colcon.colcon_core.package_discovery:Crawling recursively for packages in '/home/jetson/JetAutonomy/ros2'
[6.311s] Level 1:colcon.colcon_core.package_identification:_identify(.) by extensions ['ignore', 'ignore_ament_install']
[6.312s] Level 1:colcon.colcon_core.package_identification:_identify(.) by extension 'ignore'
[6.312s] Level 1:colcon.colcon_core.package_identification:_identify(.) by extension 'ignore_ament_install'
[6.313s] Level 1:colcon.colcon_core.package_identification:_identify(.) by extensions ['colcon_pkg']
[6.313s] Level 1:colcon.colcon_core.package_identification:_identify(.) by extension 'colcon_pkg'
[6.313s] Level 1:colcon.colcon_core.package_identification:_identify(.) by extensions ['colcon_meta']
[6.314s] Level 1:colcon.colcon_core.package_identification:_identify(.) by extension 'colcon_meta'
[6.314s] Level 1:colcon.colcon_core.package_identification:_identify(.) by extensions ['ros']
[6.314s] Level 1:colcon.colcon_core.package_identification:_identify(.) by extension 'ros'
[6.479s] Level 1:colcon.colcon_core.package_identification:_identify(.) by extensions ['cmake', 'python']
[6.480s] Level 1:colcon.colcon_core.package_identification:_identify(.) by extension 'cmake'
[6.481s] Level 1:colcon.colcon_core.package_identification:_identify(.) by extension 'python'
[6.481s] Level 1:colcon.colcon_core.package_identification:_identify(.) by extensions ['python_setup_py']
[6.482s] Level 1:colcon.colcon_core.package_identification:_identify(.) by extension 'python_setup_py'
[6.483s] Level 1:colcon.colcon_core.package_identification:_identify(build) by extensions ['ignore', 'ignore_ament_install']
[6.485s] Level 1:colcon.colcon_core.package_identification:_identify(build) by extension 'ignore'
[6.485s] Level 1:colcon.colcon_core.package_identification:_identify(build) ignored
[6.489s] Level 1:colcon.colcon_core.package_identification:_identify(install) by extensions ['ignore', 'ignore_ament_install']
[6.489s] Level 1:colcon.colcon_core.package_identification:_identify(install) by extension 'ignore'
[6.490s] Level 1:colcon.colcon_core.package_identification:_identify(install) ignored
[6.492s] Level 1:colcon.colcon_core.package_identification:_identify(log) by extensions ['ignore', 'ignore_ament_install']
[6.493s] Level 1:colcon.colcon_core.package_identification:_identify(log) by extension 'ignore'
[6.493s] Level 1:colcon.colcon_core.package_identification:_identify(log) ignored
[6.494s] Level 1:colcon.colcon_core.package_identification:_identify(src) by extensions ['ignore', 'ignore_ament_install']
[6.495s] Level 1:colcon.colcon_core.package_identification:_identify(src) by extension 'ignore'
[6.495s] Level 1:colcon.colcon_core.package_identification:_identify(src) by extension 'ignore_ament_install'
[6.496s] Level 1:colcon.colcon_core.package_identification:_identify(src) by extensions ['colcon_pkg']
[6.496s] Level 1:colcon.colcon_core.package_identification:_identify(src) by extension 'colcon_pkg'
[6.497s] Level 1:colcon.colcon_core.package_identification:_identify(src) by extensions ['colcon_meta']
[6.497s] Level 1:colcon.colcon_core.package_identification:_identify(src) by extension 'colcon_meta'
[6.498s] Level 1:colcon.colcon_core.package_identification:_identify(src) by extensions ['ros']
[6.498s] Level 1:colcon.colcon_core.package_identification:_identify(src) by extension 'ros'
[6.499s] Level 1:colcon.colcon_core.package_identification:_identify(src) by extensions ['cmake', 'python']
[6.500s] Level 1:colcon.colcon_core.package_identification:_identify(src) by extension 'cmake'
[6.501s] Level 1:colcon.colcon_core.package_identification:_identify(src) by extension 'python'
[6.501s] Level 1:colcon.colcon_core.package_identification:_identify(src) by extensions ['python_setup_py']
[6.502s] Level 1:colcon.colcon_core.package_identification:_identify(src) by extension 'python_setup_py'
[6.503s] Level 1:colcon.colcon_core.package_identification:_identify(src/front_cam) by extensions ['ignore', 'ignore_ament_install']
[6.504s] Level 1:colcon.colcon_core.package_identification:_identify(src/front_cam) by extension 'ignore'
[6.505s] Level 1:colcon.colcon_core.package_identification:_identify(src/front_cam) by extension 'ignore_ament_install'
[6.505s] Level 1:colcon.colcon_core.package_identification:_identify(src/front_cam) by extensions ['colcon_pkg']
[6.505s] Level 1:colcon.colcon_core.package_identification:_identify(src/front_cam) by extension 'colcon_pkg'
[6.506s] Level 1:colcon.colcon_core.package_identification:_identify(src/front_cam) by extensions ['colcon_meta']
[6.506s] Level 1:colcon.colcon_core.package_identification:_identify(src/front_cam) by extension 'colcon_meta'
[6.507s] Level 1:colcon.colcon_core.package_identification:_identify(src/front_cam) by extensions ['ros']
[6.507s] Level 1:colcon.colcon_core.package_identification:_identify(src/front_cam) by extension 'ros'
[6.527s] DEBUG:colcon.colcon_core.package_identification:Package 'src/front_cam' with type 'ros.ament_cmake' and name 'front_cam'
[6.528s] Level 1:colcon.colcon_core.package_identification:_identify(src/jet_autonomy_msgs) by extensions ['ignore', 'ignore_ament_install']
[6.530s] Level 1:colcon.colcon_core.package_identification:_identify(src/jet_autonomy_msgs) by extension 'ignore'
[6.530s] Level 1:colcon.colcon_core.package_identification:_identify(src/jet_autonomy_msgs) by extension 'ignore_ament_install'
[6.531s] Level 1:colcon.colcon_core.package_identification:_identify(src/jet_autonomy_msgs) by extensions ['colcon_pkg']
[6.532s] Level 1:colcon.colcon_core.package_identification:_identify(src/jet_autonomy_msgs) by extension 'colcon_pkg'
[6.533s] Level 1:colcon.colcon_core.package_identification:_identify(src/jet_autonomy_msgs) by extensions ['colcon_meta']
[6.533s] Level 1:colcon.colcon_core.package_identification:_identify(src/jet_autonomy_msgs) by extension 'colcon_meta'
[6.534s] Level 1:colcon.colcon_core.package_identification:_identify(src/jet_autonomy_msgs) by extensions ['ros']
[6.535s] Level 1:colcon.colcon_core.package_identification:_identify(src/jet_autonomy_msgs) by extension 'ros'
[6.540s] DEBUG:colcon.colcon_core.package_identification:Package 'src/jet_autonomy_msgs' with type 'ros.ament_cmake' and name 'jet_autonomy_msgs'
[6.541s] Level 1:colcon.colcon_core.package_identification:_identify(src/jet_drive) by extensions ['ignore', 'ignore_ament_install']
[6.553s] Level 1:colcon.colcon_core.package_identification:_identify(src/jet_drive) by extension 'ignore'
[6.554s] Level 1:colcon.colcon_core.package_identification:_identify(src/jet_drive) by extension 'ignore_ament_install'
[6.555s] Level 1:colcon.colcon_core.package_identification:_identify(src/jet_drive) by extensions ['colcon_pkg']
[6.555s] Level 1:colcon.colcon_core.package_identification:_identify(src/jet_drive) by extension 'colcon_pkg'
[6.556s] Level 1:colcon.colcon_core.package_identification:_identify(src/jet_drive) by extensions ['colcon_meta']
[6.556s] Level 1:colcon.colcon_core.package_identification:_identify(src/jet_drive) by extension 'colcon_meta'
[6.557s] Level 1:colcon.colcon_core.package_identification:_identify(src/jet_drive) by extensions ['ros']
[6.558s] Level 1:colcon.colcon_core.package_identification:_identify(src/jet_drive) by extension 'ros'
[6.566s] DEBUG:colcon.colcon_core.package_identification:Package 'src/jet_drive' with type 'ros.ament_python' and name 'jet_drive'
[6.567s] Level 1:colcon.colcon_core.package_identification:_identify(src/jet_drive_moderator) by extensions ['ignore', 'ignore_ament_install']
[6.568s] Level 1:colcon.colcon_core.package_identification:_identify(src/jet_drive_moderator) by extension 'ignore'
[6.569s] Level 1:colcon.colcon_core.package_identification:_identify(src/jet_drive_moderator) by extension 'ignore_ament_install'
[6.570s] Level 1:colcon.colcon_core.package_identification:_identify(src/jet_drive_moderator) by extensions ['colcon_pkg']
[6.570s] Level 1:colcon.colcon_core.package_identification:_identify(src/jet_drive_moderator) by extension 'colcon_pkg'
[6.571s] Level 1:colcon.colcon_core.package_identification:_identify(src/jet_drive_moderator) by extensions ['colcon_meta']
[6.571s] Level 1:colcon.colcon_core.package_identification:_identify(src/jet_drive_moderator) by extension 'colcon_meta'
[6.572s] Level 1:colcon.colcon_core.package_identification:_identify(src/jet_drive_moderator) by extensions ['ros']
[6.572s] Level 1:colcon.colcon_core.package_identification:_identify(src/jet_drive_moderator) by extension 'ros'
[6.578s] DEBUG:colcon.colcon_core.package_identification:Package 'src/jet_drive_moderator' with type 'ros.ament_cmake' and name 'jet_drive_moderator'
[6.579s] Level 1:colcon.colcon_core.package_identification:_identify(src/joystick) by extensions ['ignore', 'ignore_ament_install']
[6.580s] Level 1:colcon.colcon_core.package_identification:_identify(src/joystick) by extension 'ignore'
[6.581s] Level 1:colcon.colcon_core.package_identification:_identify(src/joystick) by extension 'ignore_ament_install'
[6.581s] Level 1:colcon.colcon_core.package_identification:_identify(src/joystick) by extensions ['colcon_pkg']
[6.582s] Level 1:colcon.colcon_core.package_identification:_identify(src/joystick) by extension 'colcon_pkg'
[6.583s] Level 1:colcon.colcon_core.package_identification:_identify(src/joystick) by extensions ['colcon_meta']
[6.583s] Level 1:colcon.colcon_core.package_identification:_identify(src/joystick) by extension 'colcon_meta'
[6.584s] Level 1:colcon.colcon_core.package_identification:_identify(src/joystick) by extensions ['ros']
[6.584s] Level 1:colcon.colcon_core.package_identification:_identify(src/joystick) by extension 'ros'
[6.591s] DEBUG:colcon.colcon_core.package_identification:Package 'src/joystick' with type 'ros.ament_python' and name 'joystick'
[6.592s] Level 1:colcon.colcon_core.package_identification:_identify(src/rplidar) by extensions ['ignore', 'ignore_ament_install']
[6.593s] Level 1:colcon.colcon_core.package_identification:_identify(src/rplidar) by extension 'ignore'
[6.593s] Level 1:colcon.colcon_core.package_identification:_identify(src/rplidar) by extension 'ignore_ament_install'
[6.594s] Level 1:colcon.colcon_core.package_identification:_identify(src/rplidar) by extensions ['colcon_pkg']
[6.594s] Level 1:colcon.colcon_core.package_identification:_identify(src/rplidar) by extension 'colcon_pkg'
[6.596s] Level 1:colcon.colcon_core.package_identification:_identify(src/rplidar) by extensions ['colcon_meta']
[6.596s] Level 1:colcon.colcon_core.package_identification:_identify(src/rplidar) by extension 'colcon_meta'
[6.597s] Level 1:colcon.colcon_core.package_identification:_identify(src/rplidar) by extensions ['ros']
[6.598s] Level 1:colcon.colcon_core.package_identification:_identify(src/rplidar) by extension 'ros'
[6.603s] DEBUG:colcon.colcon_core.package_identification:Package 'src/rplidar' with type 'ros.ament_cmake' and name 'rplidar_ros'
[6.604s] Level 1:colcon.colcon_core.package_identification:_identify(src/transforms) by extensions ['ignore', 'ignore_ament_install']
[6.605s] Level 1:colcon.colcon_core.package_identification:_identify(src/transforms) by extension 'ignore'
[6.606s] Level 1:colcon.colcon_core.package_identification:_identify(src/transforms) by extension 'ignore_ament_install'
[6.610s] Level 1:colcon.colcon_core.package_identification:_identify(src/transforms) by extensions ['colcon_pkg']
[6.610s] Level 1:colcon.colcon_core.package_identification:_identify(src/transforms) by extension 'colcon_pkg'
[6.612s] Level 1:colcon.colcon_core.package_identification:_identify(src/transforms) by extensions ['colcon_meta']
[6.612s] Level 1:colcon.colcon_core.package_identification:_identify(src/transforms) by extension 'colcon_meta'
[6.613s] Level 1:colcon.colcon_core.package_identification:_identify(src/transforms) by extensions ['ros']
[6.614s] Level 1:colcon.colcon_core.package_identification:_identify(src/transforms) by extension 'ros'
[6.615s] Level 1:colcon.colcon_core.package_identification:_identify(src/transforms) by extensions ['cmake', 'python']
[6.615s] Level 1:colcon.colcon_core.package_identification:_identify(src/transforms) by extension 'cmake'
[6.615s] Level 1:colcon.colcon_core.package_identification:_identify(src/transforms) by extension 'python'
[6.616s] Level 1:colcon.colcon_core.package_identification:_identify(src/transforms) by extensions ['python_setup_py']
[6.616s] Level 1:colcon.colcon_core.package_identification:_identify(src/transforms) by extension 'python_setup_py'
[6.617s] Level 1:colcon.colcon_core.package_identification:_identify(src/transforms/launch) by extensions ['ignore', 'ignore_ament_install']
[6.618s] Level 1:colcon.colcon_core.package_identification:_identify(src/transforms/launch) by extension 'ignore'
[6.618s] Level 1:colcon.colcon_core.package_identification:_identify(src/transforms/launch) by extension 'ignore_ament_install'
[6.619s] Level 1:colcon.colcon_core.package_identification:_identify(src/transforms/launch) by extensions ['colcon_pkg']
[6.620s] Level 1:colcon.colcon_core.package_identification:_identify(src/transforms/launch) by extension 'colcon_pkg'
[6.620s] Level 1:colcon.colcon_core.package_identification:_identify(src/transforms/launch) by extensions ['colcon_meta']
[6.620s] Level 1:colcon.colcon_core.package_identification:_identify(src/transforms/launch) by extension 'colcon_meta'
[6.621s] Level 1:colcon.colcon_core.package_identification:_identify(src/transforms/launch) by extensions ['ros']
[6.621s] Level 1:colcon.colcon_core.package_identification:_identify(src/transforms/launch) by extension 'ros'
[6.623s] Level 1:colcon.colcon_core.package_identification:_identify(src/transforms/launch) by extensions ['cmake', 'python']
[6.623s] Level 1:colcon.colcon_core.package_identification:_identify(src/transforms/launch) by extension 'cmake'
[6.623s] Level 1:colcon.colcon_core.package_identification:_identify(src/transforms/launch) by extension 'python'
[6.624s] Level 1:colcon.colcon_core.package_identification:_identify(src/transforms/launch) by extensions ['python_setup_py']
[6.624s] Level 1:colcon.colcon_core.package_identification:_identify(src/transforms/launch) by extension 'python_setup_py'
[6.624s] Level 1:colcon.colcon_core.package_discovery:discover_packages(recursive) using defaults
[6.626s] Level 1:colcon.colcon_core.package_discovery:discover_packages(ignore) discover
[6.627s] Level 1:colcon.colcon_core.package_discovery:discover_packages(ignore) using defaults
[6.627s] Level 1:colcon.colcon_core.package_discovery:discover_packages(path) discover
[6.627s] Level 1:colcon.colcon_core.package_discovery:discover_packages(path) using defaults
[6.949s] INFO:colcon.colcon_core.package_selection:Skipping not selected package 'front_cam' in 'src/front_cam'
[6.950s] INFO:colcon.colcon_core.package_selection:Skipping not selected package 'jet_autonomy_msgs' in 'src/jet_autonomy_msgs'
[6.950s] INFO:colcon.colcon_core.package_selection:Skipping not selected package 'rplidar_ros' in 'src/rplidar'
[6.950s] INFO:colcon.colcon_core.package_selection:Skipping not selected package 'jet_drive_moderator' in 'src/jet_drive_moderator'
[6.951s] INFO:colcon.colcon_core.package_selection:Skipping not selected package 'joystick' in 'src/joystick'
[7.005s] Level 5:colcon.colcon_core.verb:set package 'jet_drive' build argument 'cmake_args' from command line to 'None'
[7.005s] Level 5:colcon.colcon_core.verb:set package 'jet_drive' build argument 'cmake_target' from command line to 'None'
[7.006s] Level 5:colcon.colcon_core.verb:set package 'jet_drive' build argument 'cmake_target_skip_unavailable' from command line to 'False'
[7.006s] Level 5:colcon.colcon_core.verb:set package 'jet_drive' build argument 'cmake_clean_cache' from command line to 'False'
[7.006s] Level 5:colcon.colcon_core.verb:set package 'jet_drive' build argument 'cmake_clean_first' from command line to 'False'
[7.007s] Level 5:colcon.colcon_core.verb:set package 'jet_drive' build argument 'cmake_force_configure' from command line to 'False'
[7.007s] Level 5:colcon.colcon_core.verb:set package 'jet_drive' build argument 'ament_cmake_args' from command line to 'None'
[7.007s] Level 5:colcon.colcon_core.verb:set package 'jet_drive' build argument 'catkin_cmake_args' from command line to 'None'
[7.008s] Level 5:colcon.colcon_core.verb:set package 'jet_drive' build argument 'catkin_skip_building_tests' from command line to 'False'
[7.008s] DEBUG:colcon.colcon_core.verb:Building package 'jet_drive' with the following arguments: {'ament_cmake_args': None, 'build_base': '/home/jetson/JetAutonomy/ros2/build/jet_drive', 'catkin_cmake_args': None, 'catkin_skip_building_tests': False, 'cmake_args': None, 'cmake_clean_cache': False, 'cmake_clean_first': False, 'cmake_force_configure': False, 'cmake_target': None, 'cmake_target_skip_unavailable': False, 'install_base': '/home/jetson/JetAutonomy/ros2/install/jet_drive', 'merge_install': False, 'path': '/home/jetson/JetAutonomy/ros2/src/jet_drive', 'symlink_install': False, 'test_result_base': None}
[7.014s] INFO:colcon.colcon_core.executor:Executing jobs using 'parallel' executor
[7.040s] DEBUG:colcon.colcon_parallel_executor.executor.parallel:run_until_complete
[7.041s] INFO:colcon.colcon_ros.task.ament_python.build:Building ROS package in '/home/jetson/JetAutonomy/ros2/src/jet_drive' with build type 'ament_python'
[7.042s] Level 1:colcon.colcon_core.shell:create_environment_hook('jet_drive', 'ament_prefix_path')
[7.117s] INFO:colcon.colcon_core.plugin_system:Skipping extension 'colcon_core.shell.bat': Not used on non-Windows systems
[7.120s] INFO:colcon.colcon_core.shell:Creating environment hook '/home/jetson/JetAutonomy/ros2/install/jet_drive/share/jet_drive/hook/ament_prefix_path.ps1'
[7.125s] INFO:colcon.colcon_core.shell:Creating environment descriptor '/home/jetson/JetAutonomy/ros2/install/jet_drive/share/jet_drive/hook/ament_prefix_path.dsv'
[7.128s] INFO:colcon.colcon_core.shell:Creating environment hook '/home/jetson/JetAutonomy/ros2/install/jet_drive/share/jet_drive/hook/ament_prefix_path.sh'
[7.141s] INFO:colcon.colcon_core.shell:Skip shell extension 'powershell' for command environment: Not usable outside of PowerShell
[7.143s] DEBUG:colcon.colcon_core.shell:Skip shell extension 'dsv' for command environment
[11.678s] DEBUG:colcon.colcon_parallel_executor.executor.parallel:run_until_complete was interrupted
[11.679s] DEBUG:colcon.colcon_parallel_executor.executor.parallel:run_until_complete again
[11.691s] DEBUG:colcon.colcon_parallel_executor.executor.parallel:run_until_complete finished
[11.691s] DEBUG:colcon.colcon_parallel_executor.executor.parallel:closing loop
[11.692s] DEBUG:colcon.colcon_parallel_executor.executor.parallel:loop closed
[11.692s] DEBUG:colcon.colcon_core.event_reactor:joining thread
[11.817s] INFO:colcon.colcon_core.plugin_system:Skipping extension 'colcon_notification.desktop_notification.terminal_notifier': Not used on non-Darwin systems
[11.818s] INFO:colcon.colcon_core.plugin_system:Skipping extension 'colcon_notification.desktop_notification.win32': Not used on non-Windows systems
[11.818s] INFO:colcon.colcon_notification.desktop_notification:Sending desktop notification using 'notify2'
[11.829s] DEBUG:colcon.colcon_notification.desktop_notification.notify2:Failed to initialize notify2: org.freedesktop.DBus.Error.ServiceUnknown: The name org.freedesktop.Notifications was not provided by any .service files
[11.830s] DEBUG:colcon.colcon_core.event_reactor:joined thread
[11.838s] INFO:colcon.colcon_core.shell:Creating prefix script '/home/jetson/JetAutonomy/ros2/install/local_setup.ps1'
[11.859s] INFO:colcon.colcon_core.shell:Creating prefix util module '/home/jetson/JetAutonomy/ros2/install/_local_setup_util_ps1.py'
[11.886s] INFO:colcon.colcon_core.shell:Creating prefix chain script '/home/jetson/JetAutonomy/ros2/install/setup.ps1'
[12.032s] INFO:colcon.colcon_core.shell:Creating prefix script '/home/jetson/JetAutonomy/ros2/install/local_setup.sh'
[12.037s] INFO:colcon.colcon_core.shell:Creating prefix util module '/home/jetson/JetAutonomy/ros2/install/_local_setup_util_sh.py'
[12.049s] INFO:colcon.colcon_core.shell:Creating prefix chain script '/home/jetson/JetAutonomy/ros2/install/setup.sh'
[12.196s] INFO:colcon.colcon_core.shell:Creating prefix script '/home/jetson/JetAutonomy/ros2/install/local_setup.bash'
[12.206s] INFO:colcon.colcon_core.shell:Creating prefix chain script '/home/jetson/JetAutonomy/ros2/install/setup.bash'
[12.420s] INFO:colcon.colcon_core.shell:Creating prefix script '/home/jetson/JetAutonomy/ros2/install/local_setup.zsh'
[12.431s] INFO:colcon.colcon_core.shell:Creating prefix chain script '/home/jetson/JetAutonomy/ros2/install/setup.zsh'
