[0.382s] Invoking command in '/home/jetson/JetPilot/ros2/build/jetpilot_msgs': CMAKE_PREFIX_PATH=${CMAKE_PREFIX_PATH}:/home/jetson/JetPilot/ros2/install/joystick:/home/jetson/JetPilot/ros2/install/jet_drive:/home/jetson/JetPilot/ros2/install/imu_bno055:/home/jetson/ros2_dashing/install/ros2bag:/home/jetson/ros2_dashing/install/topic_monitor:/home/jetson/ros2_dashing/install/sros2:/home/jetson/ros2_dashing/install/rqt_topic:/home/jetson/ros2_dashing/install/rqt_top:/home/jetson/ros2_dashing/install/rqt_srv:/home/jetson/ros2_dashing/install/rqt_shell:/home/jetson/ros2_dashing/install/rqt_service_caller:/home/jetson/ros2_dashing/install/rqt_py_console:/home/jetson/ros2_dashing/install/rqt_action:/home/jetson/ros2_dashing/install/rqt:/home/jetson/ros2_dashing/install/rqt_graph:/home/jetson/ros2_dashing/install/rqt_gui_py:/home/jetson/ros2_dashing/install/rqt_gui:/home/jetson/ros2_dashing/install/ros2topic:/home/jetson/ros2_dashing/install/ros2test:/home/jetson/ros2_dashing/install/ros2component:/home/jetson/ros2_dashing/install/ros2param:/home/jetson/ros2_dashing/install/ros2lifecycle:/home/jetson/ros2_dashing/install/ros2service:/home/jetson/ros2_dashing/install/ros2srv:/home/jetson/ros2_dashing/install/ros2run:/home/jetson/ros2_dashing/install/ros2launch:/home/jetson/ros2_dashing/install/ros2pkg:/home/jetson/ros2_dashing/install/ros2node:/home/jetson/ros2_dashing/install/ros2multicast:/home/jetson/ros2_dashing/install/ros2msg:/home/jetson/ros2_dashing/install/ros2action:/home/jetson/ros2_dashing/install/ros2cli:/home/jetson/ros2_dashing/install/quality_of_service_demo_py:/home/jetson/ros2_dashing/install/launch_testing_ros:/home/jetson/ros2_dashing/install/launch_ros:/home/jetson/ros2_dashing/install/examples_rclpy_minimal_subscriber:/home/jetson/ros2_dashing/install/examples_rclpy_minimal_service:/home/jetson/ros2_dashing/install/examples_rclpy_minimal_publisher:/home/jetson/ros2_dashing/install/examples_rclpy_minimal_client:/home/jetson/ros2_dashing/install/examples_rclpy_minimal_action_server:/home/jetson/ros2_dashing/install/examples_rclpy_minimal_action_client:/home/jetson/ros2_dashing/install/examples_rclpy_executors:/home/jetson/ros2_dashing/install/demo_nodes_py:/home/jetson/ros2_dashing/install/ament_uncrustify:/home/jetson/ros2_dashing/install/test_launch_ros:/home/jetson/ros2_dashing/install/rosidl_runtime_py:/home/jetson/ros2_dashing/install/launch_testing:/home/jetson/ros2_dashing/install/launch:/home/jetson/ros2_dashing/install/osrf_pycommon:/home/jetson/ros2_dashing/install/ament_xmllint:/home/jetson/ros2_dashing/install/ament_pyflakes:/home/jetson/ros2_dashing/install/ament_pep8:/home/jetson/ros2_dashing/install/ament_pep257:/home/jetson/ros2_dashing/install/ament_pclint:/home/jetson/ros2_dashing/install/ament_package:/home/jetson/ros2_dashing/install/ament_lint_cmake:/home/jetson/ros2_dashing/install/ament_flake8:/home/jetson/ros2_dashing/install/ament_copyright:/home/jetson/ros2_dashing/install/ament_lint:/home/jetson/ros2_dashing/install/ament_index_python:/home/jetson/ros2_dashing/install/ament_cpplint:/home/jetson/ros2_dashing/install/ament_cppcheck:/home/jetson/ros2_dashing/install/ament_clang_tidy:/home/jetson/ros2_dashing/install/ament_clang_format /usr/bin/cmake --build /home/jetson/JetPilot/ros2/build/jetpilot_msgs -- -j2 -l2
[0.769s] -- Found ament_cmake: 0.7.6 (/home/jetson/ros2_dashing/install/ament_cmake/share/ament_cmake/cmake)
[4.945s] -- Found PythonInterp: /usr/bin/python3 (found suitable version "3.6.8", minimum required is "3") 
[4.947s] -- Using PYTHON_EXECUTABLE: /usr/bin/python3
[12.507s] -- Found rosidl_default_generators: 0.7.0 (/home/jetson/ros2_dashing/install/rosidl_default_generators/share/rosidl_default_generators/cmake)
[13.083s] -- Found rosidl_adapter: 0.7.10 (/home/jetson/ros2_dashing/install/rosidl_adapter/share/rosidl_adapter/cmake)
[14.831s] -- Found std_msgs: 0.7.0 (/home/jetson/ros2_dashing/install/std_msgs/share/std_msgs/cmake)
[19.210s] -- Found PythonInterp: /usr/bin/python3 (found version "3.6.8") 
[29.800s] -- Using all available rosidl_typesupport_c: rosidl_typesupport_introspection_c;rosidl_typesupport_fastrtps_c
[32.007s] -- Using all available rosidl_typesupport_cpp: rosidl_typesupport_introspection_cpp;rosidl_typesupport_fastrtps_cpp
[45.624s] -- Found rmw_implementation_cmake: 0.7.2 (/home/jetson/ros2_dashing/install/rmw_implementation_cmake/share/rmw_implementation_cmake/cmake)
[49.761s] -- Found PythonInterp: /usr/bin/python3 (found suitable version "3.6.8", minimum required is "3.5") 
[49.763s] -- Found python_cmake_module: 0.7.11 (/home/jetson/ros2_dashing/install/python_cmake_module/share/python_cmake_module/cmake)
[53.882s] -- Using PYTHON_EXECUTABLE: /usr/bin/python3
[53.883s] -- Using PYTHON_INCLUDE_DIRS: /usr/include/python3.6m
[53.884s] -- Using PYTHON_LIBRARIES: /usr/lib/aarch64-linux-gnu/libpython3.6m.so
[62.434s] -- Configuring done
[63.389s] -- Generating done
[63.419s] -- Build files have been written to: /home/jetson/JetPilot/ros2/build/jetpilot_msgs
[64.045s] [  1%] [34m[1mGenerating C++ code for ROS interfaces[0m
[75.561s] [  1%] Built target jetpilot_msgs__cpp
[75.726s] [  3%] [34m[1mGenerating C code for ROS interfaces[0m
[89.363s] [35m[1mScanning dependencies of target jetpilot_msgs__rosidl_generator_c[0m
[89.566s] [  4%] [32mBuilding C object CMakeFiles/jetpilot_msgs__rosidl_generator_c.dir/rosidl_generator_c/jetpilot_msgs/msg/joystick_cmd__functions.c.o[0m
[89.930s] [  6%] [32mBuilding C object CMakeFiles/jetpilot_msgs__rosidl_generator_c.dir/rosidl_generator_c/jetpilot_msgs/msg/jet_drive_cmd__functions.c.o[0m
[90.329s] [  7%] [32mBuilding C object CMakeFiles/jetpilot_msgs__rosidl_generator_c.dir/rosidl_generator_c/jetpilot_msgs/msg/jet_racer_pose__functions.c.o[0m
[90.721s] [  9%] [32mBuilding C object CMakeFiles/jetpilot_msgs__rosidl_generator_c.dir/rosidl_generator_c/jetpilot_msgs/msg/orientation_euler__functions.c.o[0m
[91.082s] [ 11%] [32mBuilding C object CMakeFiles/jetpilot_msgs__rosidl_generator_c.dir/rosidl_generator_c/jetpilot_msgs/msg/position__functions.c.o[0m
[91.444s] [ 12%] [32m[1mLinking C shared library libjetpilot_msgs__rosidl_generator_c.so[0m
[91.901s] [ 12%] Built target jetpilot_msgs__rosidl_generator_c
[92.077s] [ 14%] [34m[1mGenerating C++ type support dispatch for ROS interfaces[0m
[97.074s] [ 15%] [34m[1mGenerating C++ type support for eProsima Fast-RTPS[0m
[101.917s] [35m[1mScanning dependencies of target jetpilot_msgs__rosidl_typesupport_cpp[0m
[102.318s] [ 17%] [32mBuilding CXX object CMakeFiles/jetpilot_msgs__rosidl_typesupport_cpp.dir/rosidl_typesupport_cpp/jetpilot_msgs/msg/joystick_cmd__type_support.cpp.o[0m
[104.683s] [ 19%] [32mBuilding CXX object CMakeFiles/jetpilot_msgs__rosidl_typesupport_cpp.dir/rosidl_typesupport_cpp/jetpilot_msgs/msg/jet_drive_cmd__type_support.cpp.o[0m
[106.848s] [ 20%] [32mBuilding CXX object CMakeFiles/jetpilot_msgs__rosidl_typesupport_cpp.dir/rosidl_typesupport_cpp/jetpilot_msgs/msg/jet_racer_pose__type_support.cpp.o[0m
[109.384s] [ 22%] [32mBuilding CXX object CMakeFiles/jetpilot_msgs__rosidl_typesupport_cpp.dir/rosidl_typesupport_cpp/jetpilot_msgs/msg/orientation_euler__type_support.cpp.o[0m
[110.951s] [35m[1mScanning dependencies of target jetpilot_msgs__rosidl_typesupport_fastrtps_cpp[0m
[111.337s] [ 23%] [32mBuilding CXX object CMakeFiles/jetpilot_msgs__rosidl_typesupport_fastrtps_cpp.dir/rosidl_typesupport_fastrtps_cpp/jetpilot_msgs/msg/dds_fastrtps/joystick_cmd__type_support.cpp.o[0m
[111.875s] [ 25%] [32mBuilding CXX object CMakeFiles/jetpilot_msgs__rosidl_typesupport_cpp.dir/rosidl_typesupport_cpp/jetpilot_msgs/msg/position__type_support.cpp.o[0m
[113.949s] [ 26%] [32m[1mLinking CXX shared library libjetpilot_msgs__rosidl_typesupport_cpp.so[0m
[114.475s] [ 26%] Built target jetpilot_msgs__rosidl_typesupport_cpp
[114.881s] [ 28%] [32mBuilding CXX object CMakeFiles/jetpilot_msgs__rosidl_typesupport_fastrtps_cpp.dir/rosidl_typesupport_fastrtps_cpp/jetpilot_msgs/msg/dds_fastrtps/jet_drive_cmd__type_support.cpp.o[0m
[117.610s] [ 30%] [32mBuilding CXX object CMakeFiles/jetpilot_msgs__rosidl_typesupport_fastrtps_cpp.dir/rosidl_typesupport_fastrtps_cpp/jetpilot_msgs/msg/dds_fastrtps/jet_racer_pose__type_support.cpp.o[0m
[120.260s] [ 31%] [32mBuilding CXX object CMakeFiles/jetpilot_msgs__rosidl_typesupport_fastrtps_cpp.dir/rosidl_typesupport_fastrtps_cpp/jetpilot_msgs/msg/dds_fastrtps/orientation_euler__type_support.cpp.o[0m
[123.092s] [ 33%] [32mBuilding CXX object CMakeFiles/jetpilot_msgs__rosidl_typesupport_fastrtps_cpp.dir/rosidl_typesupport_fastrtps_cpp/jetpilot_msgs/msg/dds_fastrtps/position__type_support.cpp.o[0m
[125.780s] [ 34%] [32m[1mLinking CXX shared library libjetpilot_msgs__rosidl_typesupport_fastrtps_cpp.so[0m
[126.436s] [ 34%] Built target jetpilot_msgs__rosidl_typesupport_fastrtps_cpp
[126.618s] [ 36%] [34m[1mGenerating C type support dispatch for ROS interfaces[0m
[135.909s] [35m[1mScanning dependencies of target jetpilot_msgs__rosidl_typesupport_c[0m
[136.101s] [ 38%] [32mBuilding CXX object CMakeFiles/jetpilot_msgs__rosidl_typesupport_c.dir/rosidl_typesupport_c/jetpilot_msgs/msg/joystick_cmd__type_support.cpp.o[0m
[136.413s] [ 39%] [32mBuilding CXX object CMakeFiles/jetpilot_msgs__rosidl_typesupport_c.dir/rosidl_typesupport_c/jetpilot_msgs/msg/jet_drive_cmd__type_support.cpp.o[0m
[136.839s] [ 41%] [32mBuilding CXX object CMakeFiles/jetpilot_msgs__rosidl_typesupport_c.dir/rosidl_typesupport_c/jetpilot_msgs/msg/jet_racer_pose__type_support.cpp.o[0m
[137.224s] [ 42%] [32mBuilding CXX object CMakeFiles/jetpilot_msgs__rosidl_typesupport_c.dir/rosidl_typesupport_c/jetpilot_msgs/msg/orientation_euler__type_support.cpp.o[0m
[137.559s] [ 44%] [32mBuilding CXX object CMakeFiles/jetpilot_msgs__rosidl_typesupport_c.dir/rosidl_typesupport_c/jetpilot_msgs/msg/position__type_support.cpp.o[0m
[137.874s] [ 46%] [32m[1mLinking CXX shared library libjetpilot_msgs__rosidl_typesupport_c.so[0m
[138.312s] [ 46%] Built target jetpilot_msgs__rosidl_typesupport_c
[138.502s] [ 47%] [34m[1mGenerating C++ introspection for ROS interfaces[0m
[148.925s] [35m[1mScanning dependencies of target jetpilot_msgs__rosidl_typesupport_introspection_cpp[0m
[149.160s] [ 49%] [32mBuilding CXX object CMakeFiles/jetpilot_msgs__rosidl_typesupport_introspection_cpp.dir/rosidl_typesupport_introspection_cpp/jetpilot_msgs/msg/joystick_cmd__type_support.cpp.o[0m
[151.022s] [ 50%] [32mBuilding CXX object CMakeFiles/jetpilot_msgs__rosidl_typesupport_introspection_cpp.dir/rosidl_typesupport_introspection_cpp/jetpilot_msgs/msg/jet_drive_cmd__type_support.cpp.o[0m
[152.857s] [ 52%] [32mBuilding CXX object CMakeFiles/jetpilot_msgs__rosidl_typesupport_introspection_cpp.dir/rosidl_typesupport_introspection_cpp/jetpilot_msgs/msg/jet_racer_pose__type_support.cpp.o[0m
[154.664s] [ 53%] [32mBuilding CXX object CMakeFiles/jetpilot_msgs__rosidl_typesupport_introspection_cpp.dir/rosidl_typesupport_introspection_cpp/jetpilot_msgs/msg/orientation_euler__type_support.cpp.o[0m
[156.533s] [ 55%] [32mBuilding CXX object CMakeFiles/jetpilot_msgs__rosidl_typesupport_introspection_cpp.dir/rosidl_typesupport_introspection_cpp/jetpilot_msgs/msg/position__type_support.cpp.o[0m
[158.358s] [ 57%] [32m[1mLinking CXX shared library libjetpilot_msgs__rosidl_typesupport_introspection_cpp.so[0m
[158.820s] [ 57%] Built target jetpilot_msgs__rosidl_typesupport_introspection_cpp
[158.988s] [ 58%] [34m[1mGenerating C type support for eProsima Fast-RTPS[0m
[158.995s] [ 60%] [34m[1mGenerating C introspection for ROS interfaces[0m
[171.311s] [35m[1mScanning dependencies of target jetpilot_msgs__rosidl_typesupport_introspection_c[0m
[171.643s] [ 61%] [32mBuilding C object CMakeFiles/jetpilot_msgs__rosidl_typesupport_introspection_c.dir/rosidl_typesupport_introspection_c/jetpilot_msgs/msg/joystick_cmd__type_support.c.o[0m
[172.224s] [ 63%] [32mBuilding C object CMakeFiles/jetpilot_msgs__rosidl_typesupport_introspection_c.dir/rosidl_typesupport_introspection_c/jetpilot_msgs/msg/jet_drive_cmd__type_support.c.o[0m
[172.596s] [ 65%] [32mBuilding C object CMakeFiles/jetpilot_msgs__rosidl_typesupport_introspection_c.dir/rosidl_typesupport_introspection_c/jetpilot_msgs/msg/jet_racer_pose__type_support.c.o[0m
[172.737s] [35m[1mScanning dependencies of target jetpilot_msgs__rosidl_typesupport_fastrtps_c[0m
[173.067s] [ 66%] [32mBuilding C object CMakeFiles/jetpilot_msgs__rosidl_typesupport_introspection_c.dir/rosidl_typesupport_introspection_c/jetpilot_msgs/msg/orientation_euler__type_support.c.o[0m
[173.179s] [ 68%] [32mBuilding CXX object CMakeFiles/jetpilot_msgs__rosidl_typesupport_fastrtps_c.dir/rosidl_typesupport_fastrtps_c/jetpilot_msgs/msg/joystick_cmd__type_support_c.cpp.o[0m
[173.651s] [ 69%] [32mBuilding C object CMakeFiles/jetpilot_msgs__rosidl_typesupport_introspection_c.dir/rosidl_typesupport_introspection_c/jetpilot_msgs/msg/position__type_support.c.o[0m
[174.021s] [ 71%] [32m[1mLinking C shared library libjetpilot_msgs__rosidl_typesupport_introspection_c.so[0m
[174.443s] [ 71%] Built target jetpilot_msgs__rosidl_typesupport_introspection_c
[175.986s] [ 73%] [32mBuilding CXX object CMakeFiles/jetpilot_msgs__rosidl_typesupport_fastrtps_c.dir/rosidl_typesupport_fastrtps_c/jetpilot_msgs/msg/jet_drive_cmd__type_support_c.cpp.o[0m
[178.268s] [ 74%] [32mBuilding CXX object CMakeFiles/jetpilot_msgs__rosidl_typesupport_fastrtps_c.dir/rosidl_typesupport_fastrtps_c/jetpilot_msgs/msg/jet_racer_pose__type_support_c.cpp.o[0m
[180.528s] [ 76%] [32mBuilding CXX object CMakeFiles/jetpilot_msgs__rosidl_typesupport_fastrtps_c.dir/rosidl_typesupport_fastrtps_c/jetpilot_msgs/msg/orientation_euler__type_support_c.cpp.o[0m
[182.861s] [ 77%] [32mBuilding CXX object CMakeFiles/jetpilot_msgs__rosidl_typesupport_fastrtps_c.dir/rosidl_typesupport_fastrtps_c/jetpilot_msgs/msg/position__type_support_c.cpp.o[0m
[185.146s] [ 79%] [32m[1mLinking CXX shared library libjetpilot_msgs__rosidl_typesupport_fastrtps_c.so[0m
[185.838s] [ 79%] Built target jetpilot_msgs__rosidl_typesupport_fastrtps_c
[185.992s] [35m[1mScanning dependencies of target jetpilot_msgs[0m
[186.152s] [ 79%] Built target jetpilot_msgs
[186.308s] [35m[1mScanning dependencies of target jetpilot_msgs__py[0m
[186.471s] [ 80%] [34m[1mGenerating Python code for ROS interfaces[0m
[202.877s] [ 80%] Built target jetpilot_msgs__py
[203.049s] [35m[1mScanning dependencies of target jetpilot_msgs__python[0m
[203.461s] [ 82%] [32mBuilding C object CMakeFiles/jetpilot_msgs__python.dir/rosidl_generator_py/jetpilot_msgs/msg/_jet_drive_cmd_s.c.o[0m
[203.864s] [ 84%] [32mBuilding C object CMakeFiles/jetpilot_msgs__python.dir/rosidl_generator_py/jetpilot_msgs/msg/_joystick_cmd_s.c.o[0m
[204.604s] [ 85%] [32mBuilding C object CMakeFiles/jetpilot_msgs__python.dir/rosidl_generator_py/jetpilot_msgs/msg/_jet_racer_pose_s.c.o[0m
[204.915s] [ 87%] [32mBuilding C object CMakeFiles/jetpilot_msgs__python.dir/rosidl_generator_py/jetpilot_msgs/msg/_orientation_euler_s.c.o[0m
[205.512s] [ 88%] [32mBuilding C object CMakeFiles/jetpilot_msgs__python.dir/rosidl_generator_py/jetpilot_msgs/msg/_position_s.c.o[0m
[206.287s] [ 90%] [32m[1mLinking C shared library rosidl_generator_py/jetpilot_msgs/libjetpilot_msgs__python.so[0m
[206.784s] [ 90%] Built target jetpilot_msgs__python
[206.951s] [35m[1mScanning dependencies of target jetpilot_msgs__rosidl_typesupport_introspection_c__pyext[0m
[206.983s] [35m[1mScanning dependencies of target jetpilot_msgs__rosidl_typesupport_fastrtps_c__pyext[0m
[207.344s] [ 92%] [32mBuilding C object CMakeFiles/jetpilot_msgs__rosidl_typesupport_fastrtps_c__pyext.dir/rosidl_generator_py/jetpilot_msgs/_jetpilot_msgs_s.ep.rosidl_typesupport_fastrtps_c.c.o[0m
[207.350s] [ 93%] [32mBuilding C object CMakeFiles/jetpilot_msgs__rosidl_typesupport_introspection_c__pyext.dir/rosidl_generator_py/jetpilot_msgs/_jetpilot_msgs_s.ep.rosidl_typesupport_introspection_c.c.o[0m
[208.588s] [ 95%] [32m[1mLinking C shared library rosidl_generator_py/jetpilot_msgs/jetpilot_msgs_s__rosidl_typesupport_introspection_c.cpython-36m-aarch64-linux-gnu.so[0m
[209.055s] [ 96%] [32m[1mLinking C shared library rosidl_generator_py/jetpilot_msgs/jetpilot_msgs_s__rosidl_typesupport_fastrtps_c.cpython-36m-aarch64-linux-gnu.so[0m
[209.311s] [ 96%] Built target jetpilot_msgs__rosidl_typesupport_introspection_c__pyext
[209.584s] [35m[1mScanning dependencies of target jetpilot_msgs__rosidl_typesupport_c__pyext[0m
[209.948s] [ 96%] Built target jetpilot_msgs__rosidl_typesupport_fastrtps_c__pyext
[210.030s] [ 98%] [32mBuilding C object CMakeFiles/jetpilot_msgs__rosidl_typesupport_c__pyext.dir/rosidl_generator_py/jetpilot_msgs/_jetpilot_msgs_s.ep.rosidl_typesupport_c.c.o[0m
[210.762s] [100%] [32m[1mLinking C shared library rosidl_generator_py/jetpilot_msgs/jetpilot_msgs_s__rosidl_typesupport_c.cpython-36m-aarch64-linux-gnu.so[0m
[211.311s] [100%] Built target jetpilot_msgs__rosidl_typesupport_c__pyext
[211.453s] Invoked command in '/home/jetson/JetPilot/ros2/build/jetpilot_msgs' returned '0': CMAKE_PREFIX_PATH=${CMAKE_PREFIX_PATH}:/home/jetson/JetPilot/ros2/install/joystick:/home/jetson/JetPilot/ros2/install/jet_drive:/home/jetson/JetPilot/ros2/install/imu_bno055:/home/jetson/ros2_dashing/install/ros2bag:/home/jetson/ros2_dashing/install/topic_monitor:/home/jetson/ros2_dashing/install/sros2:/home/jetson/ros2_dashing/install/rqt_topic:/home/jetson/ros2_dashing/install/rqt_top:/home/jetson/ros2_dashing/install/rqt_srv:/home/jetson/ros2_dashing/install/rqt_shell:/home/jetson/ros2_dashing/install/rqt_service_caller:/home/jetson/ros2_dashing/install/rqt_py_console:/home/jetson/ros2_dashing/install/rqt_action:/home/jetson/ros2_dashing/install/rqt:/home/jetson/ros2_dashing/install/rqt_graph:/home/jetson/ros2_dashing/install/rqt_gui_py:/home/jetson/ros2_dashing/install/rqt_gui:/home/jetson/ros2_dashing/install/ros2topic:/home/jetson/ros2_dashing/install/ros2test:/home/jetson/ros2_dashing/install/ros2component:/home/jetson/ros2_dashing/install/ros2param:/home/jetson/ros2_dashing/install/ros2lifecycle:/home/jetson/ros2_dashing/install/ros2service:/home/jetson/ros2_dashing/install/ros2srv:/home/jetson/ros2_dashing/install/ros2run:/home/jetson/ros2_dashing/install/ros2launch:/home/jetson/ros2_dashing/install/ros2pkg:/home/jetson/ros2_dashing/install/ros2node:/home/jetson/ros2_dashing/install/ros2multicast:/home/jetson/ros2_dashing/install/ros2msg:/home/jetson/ros2_dashing/install/ros2action:/home/jetson/ros2_dashing/install/ros2cli:/home/jetson/ros2_dashing/install/quality_of_service_demo_py:/home/jetson/ros2_dashing/install/launch_testing_ros:/home/jetson/ros2_dashing/install/launch_ros:/home/jetson/ros2_dashing/install/examples_rclpy_minimal_subscriber:/home/jetson/ros2_dashing/install/examples_rclpy_minimal_service:/home/jetson/ros2_dashing/install/examples_rclpy_minimal_publisher:/home/jetson/ros2_dashing/install/examples_rclpy_minimal_client:/home/jetson/ros2_dashing/install/examples_rclpy_minimal_action_server:/home/jetson/ros2_dashing/install/examples_rclpy_minimal_action_client:/home/jetson/ros2_dashing/install/examples_rclpy_executors:/home/jetson/ros2_dashing/install/demo_nodes_py:/home/jetson/ros2_dashing/install/ament_uncrustify:/home/jetson/ros2_dashing/install/test_launch_ros:/home/jetson/ros2_dashing/install/rosidl_runtime_py:/home/jetson/ros2_dashing/install/launch_testing:/home/jetson/ros2_dashing/install/launch:/home/jetson/ros2_dashing/install/osrf_pycommon:/home/jetson/ros2_dashing/install/ament_xmllint:/home/jetson/ros2_dashing/install/ament_pyflakes:/home/jetson/ros2_dashing/install/ament_pep8:/home/jetson/ros2_dashing/install/ament_pep257:/home/jetson/ros2_dashing/install/ament_pclint:/home/jetson/ros2_dashing/install/ament_package:/home/jetson/ros2_dashing/install/ament_lint_cmake:/home/jetson/ros2_dashing/install/ament_flake8:/home/jetson/ros2_dashing/install/ament_copyright:/home/jetson/ros2_dashing/install/ament_lint:/home/jetson/ros2_dashing/install/ament_index_python:/home/jetson/ros2_dashing/install/ament_cpplint:/home/jetson/ros2_dashing/install/ament_cppcheck:/home/jetson/ros2_dashing/install/ament_clang_tidy:/home/jetson/ros2_dashing/install/ament_clang_format /usr/bin/cmake --build /home/jetson/JetPilot/ros2/build/jetpilot_msgs -- -j2 -l2
[214.517s] Invoking command in '/home/jetson/JetPilot/ros2/build/jetpilot_msgs': CMAKE_PREFIX_PATH=${CMAKE_PREFIX_PATH}:/home/jetson/JetPilot/ros2/install/joystick:/home/jetson/JetPilot/ros2/install/jet_drive:/home/jetson/JetPilot/ros2/install/imu_bno055:/home/jetson/ros2_dashing/install/ros2bag:/home/jetson/ros2_dashing/install/topic_monitor:/home/jetson/ros2_dashing/install/sros2:/home/jetson/ros2_dashing/install/rqt_topic:/home/jetson/ros2_dashing/install/rqt_top:/home/jetson/ros2_dashing/install/rqt_srv:/home/jetson/ros2_dashing/install/rqt_shell:/home/jetson/ros2_dashing/install/rqt_service_caller:/home/jetson/ros2_dashing/install/rqt_py_console:/home/jetson/ros2_dashing/install/rqt_action:/home/jetson/ros2_dashing/install/rqt:/home/jetson/ros2_dashing/install/rqt_graph:/home/jetson/ros2_dashing/install/rqt_gui_py:/home/jetson/ros2_dashing/install/rqt_gui:/home/jetson/ros2_dashing/install/ros2topic:/home/jetson/ros2_dashing/install/ros2test:/home/jetson/ros2_dashing/install/ros2component:/home/jetson/ros2_dashing/install/ros2param:/home/jetson/ros2_dashing/install/ros2lifecycle:/home/jetson/ros2_dashing/install/ros2service:/home/jetson/ros2_dashing/install/ros2srv:/home/jetson/ros2_dashing/install/ros2run:/home/jetson/ros2_dashing/install/ros2launch:/home/jetson/ros2_dashing/install/ros2pkg:/home/jetson/ros2_dashing/install/ros2node:/home/jetson/ros2_dashing/install/ros2multicast:/home/jetson/ros2_dashing/install/ros2msg:/home/jetson/ros2_dashing/install/ros2action:/home/jetson/ros2_dashing/install/ros2cli:/home/jetson/ros2_dashing/install/quality_of_service_demo_py:/home/jetson/ros2_dashing/install/launch_testing_ros:/home/jetson/ros2_dashing/install/launch_ros:/home/jetson/ros2_dashing/install/examples_rclpy_minimal_subscriber:/home/jetson/ros2_dashing/install/examples_rclpy_minimal_service:/home/jetson/ros2_dashing/install/examples_rclpy_minimal_publisher:/home/jetson/ros2_dashing/install/examples_rclpy_minimal_client:/home/jetson/ros2_dashing/install/examples_rclpy_minimal_action_server:/home/jetson/ros2_dashing/install/examples_rclpy_minimal_action_client:/home/jetson/ros2_dashing/install/examples_rclpy_executors:/home/jetson/ros2_dashing/install/demo_nodes_py:/home/jetson/ros2_dashing/install/ament_uncrustify:/home/jetson/ros2_dashing/install/test_launch_ros:/home/jetson/ros2_dashing/install/rosidl_runtime_py:/home/jetson/ros2_dashing/install/launch_testing:/home/jetson/ros2_dashing/install/launch:/home/jetson/ros2_dashing/install/osrf_pycommon:/home/jetson/ros2_dashing/install/ament_xmllint:/home/jetson/ros2_dashing/install/ament_pyflakes:/home/jetson/ros2_dashing/install/ament_pep8:/home/jetson/ros2_dashing/install/ament_pep257:/home/jetson/ros2_dashing/install/ament_pclint:/home/jetson/ros2_dashing/install/ament_package:/home/jetson/ros2_dashing/install/ament_lint_cmake:/home/jetson/ros2_dashing/install/ament_flake8:/home/jetson/ros2_dashing/install/ament_copyright:/home/jetson/ros2_dashing/install/ament_lint:/home/jetson/ros2_dashing/install/ament_index_python:/home/jetson/ros2_dashing/install/ament_cpplint:/home/jetson/ros2_dashing/install/ament_cppcheck:/home/jetson/ros2_dashing/install/ament_clang_tidy:/home/jetson/ros2_dashing/install/ament_clang_format /usr/bin/cmake --build /home/jetson/JetPilot/ros2/build/jetpilot_msgs --target install -- -j2 -l2
[215.312s] [  1%] Built target jetpilot_msgs__cpp
[215.409s] [ 12%] Built target jetpilot_msgs__rosidl_generator_c
[215.856s] [ 23%] Built target jetpilot_msgs__rosidl_typesupport_cpp
[216.055s] [ 34%] Built target jetpilot_msgs__rosidl_typesupport_fastrtps_cpp
[216.259s] [ 46%] Built target jetpilot_msgs__rosidl_typesupport_c
[216.429s] [ 57%] Built target jetpilot_msgs__rosidl_typesupport_introspection_cpp
[216.816s] [ 68%] Built target jetpilot_msgs__rosidl_typesupport_fastrtps_c
[217.210s] [ 79%] Built target jetpilot_msgs__rosidl_typesupport_introspection_c
[217.551s] [ 79%] Built target jetpilot_msgs
[217.870s] [ 80%] Built target jetpilot_msgs__py
[218.258s] [ 90%] Built target jetpilot_msgs__python
[218.638s] [ 93%] Built target jetpilot_msgs__rosidl_typesupport_introspection_c__pyext
[219.044s] [ 96%] Built target jetpilot_msgs__rosidl_typesupport_fastrtps_c__pyext
[219.420s] [100%] Built target jetpilot_msgs__rosidl_typesupport_c__pyext
[219.702s] [36mInstall the project...[0m
[219.826s] -- Install configuration: ""
[219.828s] -- Installing: /home/jetson/JetPilot/ros2/install/jetpilot_msgs/share/ament_index/resource_index/rosidl_interfaces/jetpilot_msgs
[219.837s] -- Installing: /home/jetson/JetPilot/ros2/install/jetpilot_msgs/lib/libjetpilot_msgs__rosidl_typesupport_c.so
[219.841s] -- Set runtime path of "/home/jetson/JetPilot/ros2/install/jetpilot_msgs/lib/libjetpilot_msgs__rosidl_typesupport_c.so" to ""
[219.842s] -- Installing: /home/jetson/JetPilot/ros2/install/jetpilot_msgs/share/jetpilot_msgs/environment/library_path.sh
[219.858s] -- Installing: /home/jetson/JetPilot/ros2/install/jetpilot_msgs/lib/libjetpilot_msgs__rosidl_typesupport_cpp.so
[219.864s] -- Set runtime path of "/home/jetson/JetPilot/ros2/install/jetpilot_msgs/lib/libjetpilot_msgs__rosidl_typesupport_cpp.so" to ""
[219.870s] -- Installing: /home/jetson/JetPilot/ros2/install/jetpilot_msgs/include/jetpilot_msgs
[219.877s] -- Installing: /home/jetson/JetPilot/ros2/install/jetpilot_msgs/include/jetpilot_msgs/msg
[219.885s] -- Installing: /home/jetson/JetPilot/ros2/install/jetpilot_msgs/include/jetpilot_msgs/msg/jet_racer_pose__rosidl_typesupport_introspection_c.h
[219.894s] -- Installing: /home/jetson/JetPilot/ros2/install/jetpilot_msgs/include/jetpilot_msgs/msg/orientation_euler__rosidl_typesupport_introspection_c.h
[219.908s] -- Installing: /home/jetson/JetPilot/ros2/install/jetpilot_msgs/include/jetpilot_msgs/msg/jet_drive_cmd__rosidl_typesupport_introspection_c.h
[219.916s] -- Installing: /home/jetson/JetPilot/ros2/install/jetpilot_msgs/include/jetpilot_msgs/msg/joystick_cmd__rosidl_typesupport_introspection_c.h
[219.919s] -- Installing: /home/jetson/JetPilot/ros2/install/jetpilot_msgs/include/jetpilot_msgs/msg/jet_drive_cmd__type_support.c
[219.921s] -- Installing: /home/jetson/JetPilot/ros2/install/jetpilot_msgs/include/jetpilot_msgs/msg/rosidl_typesupport_introspection_c__visibility_control.h
[219.928s] -- Installing: /home/jetson/JetPilot/ros2/install/jetpilot_msgs/include/jetpilot_msgs/msg/joystick_cmd__type_support.c
[219.930s] -- Installing: /home/jetson/JetPilot/ros2/install/jetpilot_msgs/include/jetpilot_msgs/msg/jet_racer_pose__type_support.c
[219.934s] -- Installing: /home/jetson/JetPilot/ros2/install/jetpilot_msgs/include/jetpilot_msgs/msg/orientation_euler__type_support.c
[219.937s] -- Installing: /home/jetson/JetPilot/ros2/install/jetpilot_msgs/include/jetpilot_msgs/msg/position__type_support.c
[219.942s] -- Installing: /home/jetson/JetPilot/ros2/install/jetpilot_msgs/include/jetpilot_msgs/msg/position__rosidl_typesupport_introspection_c.h
[219.946s] -- Installing: /home/jetson/JetPilot/ros2/install/jetpilot_msgs/lib/libjetpilot_msgs__rosidl_typesupport_introspection_c.so
[219.950s] -- Set runtime path of "/home/jetson/JetPilot/ros2/install/jetpilot_msgs/lib/libjetpilot_msgs__rosidl_typesupport_introspection_c.so" to ""
[219.952s] -- Up-to-date: /home/jetson/JetPilot/ros2/install/jetpilot_msgs/include/jetpilot_msgs
[219.955s] -- Up-to-date: /home/jetson/JetPilot/ros2/install/jetpilot_msgs/include/jetpilot_msgs/msg
[219.958s] -- Installing: /home/jetson/JetPilot/ros2/install/jetpilot_msgs/include/jetpilot_msgs/msg/joystick_cmd__type_support.h
[219.960s] -- Installing: /home/jetson/JetPilot/ros2/install/jetpilot_msgs/include/jetpilot_msgs/msg/orientation_euler__type_support.h
[219.964s] -- Installing: /home/jetson/JetPilot/ros2/install/jetpilot_msgs/include/jetpilot_msgs/msg/jet_drive_cmd__functions.h
[219.965s] -- Installing: /home/jetson/JetPilot/ros2/install/jetpilot_msgs/include/jetpilot_msgs/msg/jet_drive_cmd__struct.h
[219.967s] -- Installing: /home/jetson/JetPilot/ros2/install/jetpilot_msgs/include/jetpilot_msgs/msg/jet_racer_pose.h
[219.969s] -- Installing: /home/jetson/JetPilot/ros2/install/jetpilot_msgs/include/jetpilot_msgs/msg/joystick_cmd__functions.h
[219.972s] -- Installing: /home/jetson/JetPilot/ros2/install/jetpilot_msgs/include/jetpilot_msgs/msg/position__struct.h
[219.974s] -- Installing: /home/jetson/JetPilot/ros2/install/jetpilot_msgs/include/jetpilot_msgs/msg/position__type_support.h
[219.977s] -- Installing: /home/jetson/JetPilot/ros2/install/jetpilot_msgs/include/jetpilot_msgs/msg/jet_racer_pose__type_support.h
[219.980s] -- Installing: /home/jetson/JetPilot/ros2/install/jetpilot_msgs/include/jetpilot_msgs/msg/jet_racer_pose__struct.h
[219.981s] -- Installing: /home/jetson/JetPilot/ros2/install/jetpilot_msgs/include/jetpilot_msgs/msg/jet_racer_pose__functions.h
[219.983s] -- Installing: /home/jetson/JetPilot/ros2/install/jetpilot_msgs/include/jetpilot_msgs/msg/jet_racer_pose__functions.c
[219.986s] -- Installing: /home/jetson/JetPilot/ros2/install/jetpilot_msgs/include/jetpilot_msgs/msg/joystick_cmd__functions.c
[219.988s] -- Installing: /home/jetson/JetPilot/ros2/install/jetpilot_msgs/include/jetpilot_msgs/msg/jet_drive_cmd__type_support.h
[219.991s] -- Installing: /home/jetson/JetPilot/ros2/install/jetpilot_msgs/include/jetpilot_msgs/msg/orientation_euler__functions.c
[219.993s] -- Installing: /home/jetson/JetPilot/ros2/install/jetpilot_msgs/include/jetpilot_msgs/msg/position__functions.h
[219.999s] -- Installing: /home/jetson/JetPilot/ros2/install/jetpilot_msgs/include/jetpilot_msgs/msg/jet_drive_cmd__functions.c
[220.001s] -- Installing: /home/jetson/JetPilot/ros2/install/jetpilot_msgs/include/jetpilot_msgs/msg/orientation_euler__struct.h
[220.006s] -- Installing: /home/jetson/JetPilot/ros2/install/jetpilot_msgs/include/jetpilot_msgs/msg/orientation_euler__functions.h
[220.007s] -- Installing: /home/jetson/JetPilot/ros2/install/jetpilot_msgs/include/jetpilot_msgs/msg/rosidl_generator_c__visibility_control.h
[220.008s] -- Installing: /home/jetson/JetPilot/ros2/install/jetpilot_msgs/include/jetpilot_msgs/msg/joystick_cmd__struct.h
[220.011s] -- Installing: /home/jetson/JetPilot/ros2/install/jetpilot_msgs/include/jetpilot_msgs/msg/position.h
[220.012s] -- Installing: /home/jetson/JetPilot/ros2/install/jetpilot_msgs/include/jetpilot_msgs/msg/jet_drive_cmd.h
[220.014s] -- Installing: /home/jetson/JetPilot/ros2/install/jetpilot_msgs/include/jetpilot_msgs/msg/orientation_euler.h
[220.019s] -- Installing: /home/jetson/JetPilot/ros2/install/jetpilot_msgs/include/jetpilot_msgs/msg/position__functions.c
[220.020s] -- Installing: /home/jetson/JetPilot/ros2/install/jetpilot_msgs/include/jetpilot_msgs/msg/joystick_cmd.h
[220.021s] -- Installing: /home/jetson/JetPilot/ros2/install/jetpilot_msgs/lib/libjetpilot_msgs__rosidl_generator_c.so
[220.023s] -- Set runtime path of "/home/jetson/JetPilot/ros2/install/jetpilot_msgs/lib/libjetpilot_msgs__rosidl_generator_c.so" to ""
[220.026s] -- Up-to-date: /home/jetson/JetPilot/ros2/install/jetpilot_msgs/include/jetpilot_msgs
[220.029s] -- Up-to-date: /home/jetson/JetPilot/ros2/install/jetpilot_msgs/include/jetpilot_msgs/msg
[220.032s] -- Installing: /home/jetson/JetPilot/ros2/install/jetpilot_msgs/include/jetpilot_msgs/msg/orientation_euler__rosidl_typesupport_fastrtps_c.h
[220.037s] -- Installing: /home/jetson/JetPilot/ros2/install/jetpilot_msgs/include/jetpilot_msgs/msg/rosidl_typesupport_fastrtps_c__visibility_control.h
[220.038s] -- Installing: /home/jetson/JetPilot/ros2/install/jetpilot_msgs/include/jetpilot_msgs/msg/joystick_cmd__rosidl_typesupport_fastrtps_c.h
[220.042s] -- Installing: /home/jetson/JetPilot/ros2/install/jetpilot_msgs/include/jetpilot_msgs/msg/jet_racer_pose__rosidl_typesupport_fastrtps_c.h
[220.043s] -- Installing: /home/jetson/JetPilot/ros2/install/jetpilot_msgs/include/jetpilot_msgs/msg/jet_drive_cmd__rosidl_typesupport_fastrtps_c.h
[220.047s] -- Installing: /home/jetson/JetPilot/ros2/install/jetpilot_msgs/include/jetpilot_msgs/msg/position__rosidl_typesupport_fastrtps_c.h
[220.049s] -- Installing: /home/jetson/JetPilot/ros2/install/jetpilot_msgs/lib/libjetpilot_msgs__rosidl_typesupport_fastrtps_c.so
[220.051s] -- Set runtime path of "/home/jetson/JetPilot/ros2/install/jetpilot_msgs/lib/libjetpilot_msgs__rosidl_typesupport_fastrtps_c.so" to ""
[220.054s] -- Up-to-date: /home/jetson/JetPilot/ros2/install/jetpilot_msgs/include/jetpilot_msgs
[220.056s] -- Up-to-date: /home/jetson/JetPilot/ros2/install/jetpilot_msgs/include/jetpilot_msgs/msg
[220.059s] -- Installing: /home/jetson/JetPilot/ros2/install/jetpilot_msgs/include/jetpilot_msgs/msg/position__rosidl_typesupport_fastrtps_cpp.hpp
[220.061s] -- Installing: /home/jetson/JetPilot/ros2/install/jetpilot_msgs/include/jetpilot_msgs/msg/joystick_cmd__rosidl_typesupport_fastrtps_cpp.hpp
[220.063s] -- Installing: /home/jetson/JetPilot/ros2/install/jetpilot_msgs/include/jetpilot_msgs/msg/orientation_euler__rosidl_typesupport_fastrtps_cpp.hpp
[220.067s] -- Installing: /home/jetson/JetPilot/ros2/install/jetpilot_msgs/include/jetpilot_msgs/msg/jet_drive_cmd__rosidl_typesupport_fastrtps_cpp.hpp
[220.070s] -- Installing: /home/jetson/JetPilot/ros2/install/jetpilot_msgs/include/jetpilot_msgs/msg/jet_racer_pose__rosidl_typesupport_fastrtps_cpp.hpp
[220.072s] -- Installing: /home/jetson/JetPilot/ros2/install/jetpilot_msgs/include/jetpilot_msgs/msg/dds_fastrtps
[220.075s] -- Installing: /home/jetson/JetPilot/ros2/install/jetpilot_msgs/include/jetpilot_msgs/msg/rosidl_typesupport_fastrtps_cpp__visibility_control.h
[220.078s] -- Installing: /home/jetson/JetPilot/ros2/install/jetpilot_msgs/lib/libjetpilot_msgs__rosidl_typesupport_fastrtps_cpp.so
[220.084s] -- Set runtime path of "/home/jetson/JetPilot/ros2/install/jetpilot_msgs/lib/libjetpilot_msgs__rosidl_typesupport_fastrtps_cpp.so" to ""
[220.089s] -- Up-to-date: /home/jetson/JetPilot/ros2/install/jetpilot_msgs/include/jetpilot_msgs
[220.090s] -- Up-to-date: /home/jetson/JetPilot/ros2/install/jetpilot_msgs/include/jetpilot_msgs/msg
[220.095s] -- Installing: /home/jetson/JetPilot/ros2/install/jetpilot_msgs/include/jetpilot_msgs/msg/jet_racer_pose__traits.hpp
[220.098s] -- Installing: /home/jetson/JetPilot/ros2/install/jetpilot_msgs/include/jetpilot_msgs/msg/jet_racer_pose.hpp
[220.107s] -- Installing: /home/jetson/JetPilot/ros2/install/jetpilot_msgs/include/jetpilot_msgs/msg/joystick_cmd__traits.hpp
[220.109s] -- Installing: /home/jetson/JetPilot/ros2/install/jetpilot_msgs/include/jetpilot_msgs/msg/position__traits.hpp
[220.115s] -- Installing: /home/jetson/JetPilot/ros2/install/jetpilot_msgs/include/jetpilot_msgs/msg/jet_drive_cmd__struct.hpp
[220.116s] -- Installing: /home/jetson/JetPilot/ros2/install/jetpilot_msgs/include/jetpilot_msgs/msg/position__struct.hpp
[220.129s] -- Installing: /home/jetson/JetPilot/ros2/install/jetpilot_msgs/include/jetpilot_msgs/msg/orientation_euler__traits.hpp
[220.131s] -- Installing: /home/jetson/JetPilot/ros2/install/jetpilot_msgs/include/jetpilot_msgs/msg/orientation_euler__struct.hpp
[220.133s] -- Installing: /home/jetson/JetPilot/ros2/install/jetpilot_msgs/include/jetpilot_msgs/msg/jet_racer_pose__struct.hpp
[220.141s] -- Installing: /home/jetson/JetPilot/ros2/install/jetpilot_msgs/include/jetpilot_msgs/msg/orientation_euler.hpp
[220.143s] -- Installing: /home/jetson/JetPilot/ros2/install/jetpilot_msgs/include/jetpilot_msgs/msg/joystick_cmd.hpp
[220.147s] -- Installing: /home/jetson/JetPilot/ros2/install/jetpilot_msgs/include/jetpilot_msgs/msg/jet_drive_cmd.hpp
[220.149s] -- Installing: /home/jetson/JetPilot/ros2/install/jetpilot_msgs/include/jetpilot_msgs/msg/joystick_cmd__struct.hpp
[220.154s] -- Installing: /home/jetson/JetPilot/ros2/install/jetpilot_msgs/include/jetpilot_msgs/msg/position.hpp
[220.162s] -- Installing: /home/jetson/JetPilot/ros2/install/jetpilot_msgs/include/jetpilot_msgs/msg/jet_drive_cmd__traits.hpp
[220.165s] -- Up-to-date: /home/jetson/JetPilot/ros2/install/jetpilot_msgs/include/jetpilot_msgs
[220.169s] -- Up-to-date: /home/jetson/JetPilot/ros2/install/jetpilot_msgs/include/jetpilot_msgs/msg
[220.174s] -- Installing: /home/jetson/JetPilot/ros2/install/jetpilot_msgs/include/jetpilot_msgs/msg/position__rosidl_typesupport_introspection_cpp.hpp
[220.179s] -- Installing: /home/jetson/JetPilot/ros2/install/jetpilot_msgs/include/jetpilot_msgs/msg/joystick_cmd__rosidl_typesupport_introspection_cpp.hpp
[220.180s] -- Installing: /home/jetson/JetPilot/ros2/install/jetpilot_msgs/include/jetpilot_msgs/msg/jet_drive_cmd__type_support.cpp
[220.181s] -- Installing: /home/jetson/JetPilot/ros2/install/jetpilot_msgs/include/jetpilot_msgs/msg/jet_racer_pose__rosidl_typesupport_introspection_cpp.hpp
[220.181s] -- Installing: /home/jetson/JetPilot/ros2/install/jetpilot_msgs/include/jetpilot_msgs/msg/jet_racer_pose__type_support.cpp
[220.182s] -- Installing: /home/jetson/JetPilot/ros2/install/jetpilot_msgs/include/jetpilot_msgs/msg/joystick_cmd__type_support.cpp
[220.183s] -- Installing: /home/jetson/JetPilot/ros2/install/jetpilot_msgs/include/jetpilot_msgs/msg/orientation_euler__rosidl_typesupport_introspection_cpp.hpp
[220.184s] -- Installing: /home/jetson/JetPilot/ros2/install/jetpilot_msgs/include/jetpilot_msgs/msg/position__type_support.cpp
[220.185s] -- Installing: /home/jetson/JetPilot/ros2/install/jetpilot_msgs/include/jetpilot_msgs/msg/orientation_euler__type_support.cpp
[220.193s] -- Installing: /home/jetson/JetPilot/ros2/install/jetpilot_msgs/include/jetpilot_msgs/msg/jet_drive_cmd__rosidl_typesupport_introspection_cpp.hpp
[220.196s] -- Installing: /home/jetson/JetPilot/ros2/install/jetpilot_msgs/lib/libjetpilot_msgs__rosidl_typesupport_introspection_cpp.so
[220.199s] -- Set runtime path of "/home/jetson/JetPilot/ros2/install/jetpilot_msgs/lib/libjetpilot_msgs__rosidl_typesupport_introspection_cpp.so" to ""
[220.204s] -- Installing: /home/jetson/JetPilot/ros2/install/jetpilot_msgs/share/jetpilot_msgs/environment/pythonpath.sh
[220.212s] -- Installing: /home/jetson/JetPilot/ros2/install/jetpilot_msgs/lib/python3.6/site-packages/jetpilot_msgs/__init__.py
[224.510s] Compiling '/home/jetson/JetPilot/ros2/install/jetpilot_msgs/lib/python3.6/site-packages/jetpilot_msgs/__init__.py'...
[224.543s] -- Installing: /home/jetson/JetPilot/ros2/install/jetpilot_msgs/lib/python3.6/site-packages/jetpilot_msgs/msg
[224.544s] -- Installing: /home/jetson/JetPilot/ros2/install/jetpilot_msgs/lib/python3.6/site-packages/jetpilot_msgs/msg/_jet_racer_pose.py
[224.545s] -- Installing: /home/jetson/JetPilot/ros2/install/jetpilot_msgs/lib/python3.6/site-packages/jetpilot_msgs/msg/_joystick_cmd_s.c
[224.547s] -- Installing: /home/jetson/JetPilot/ros2/install/jetpilot_msgs/lib/python3.6/site-packages/jetpilot_msgs/msg/_orientation_euler.py
[224.549s] -- Installing: /home/jetson/JetPilot/ros2/install/jetpilot_msgs/lib/python3.6/site-packages/jetpilot_msgs/msg/_jet_racer_pose_s.c
[224.551s] -- Installing: /home/jetson/JetPilot/ros2/install/jetpilot_msgs/lib/python3.6/site-packages/jetpilot_msgs/msg/_position_s.c
[224.554s] -- Installing: /home/jetson/JetPilot/ros2/install/jetpilot_msgs/lib/python3.6/site-packages/jetpilot_msgs/msg/_joystick_cmd.py
[224.558s] -- Installing: /home/jetson/JetPilot/ros2/install/jetpilot_msgs/lib/python3.6/site-packages/jetpilot_msgs/msg/_orientation_euler_s.c
[224.559s] -- Installing: /home/jetson/JetPilot/ros2/install/jetpilot_msgs/lib/python3.6/site-packages/jetpilot_msgs/msg/__init__.py
[224.560s] -- Installing: /home/jetson/JetPilot/ros2/install/jetpilot_msgs/lib/python3.6/site-packages/jetpilot_msgs/msg/_jet_drive_cmd.py
[224.562s] -- Installing: /home/jetson/JetPilot/ros2/install/jetpilot_msgs/lib/python3.6/site-packages/jetpilot_msgs/msg/_jet_drive_cmd_s.c
[224.563s] -- Installing: /home/jetson/JetPilot/ros2/install/jetpilot_msgs/lib/python3.6/site-packages/jetpilot_msgs/msg/_position.py
[224.564s] -- Installing: /home/jetson/JetPilot/ros2/install/jetpilot_msgs/lib/python3.6/site-packages/jetpilot_msgs/jetpilot_msgs_s__rosidl_typesupport_c.cpython-36m-aarch64-linux-gnu.so
[224.564s] -- Set runtime path of "/home/jetson/JetPilot/ros2/install/jetpilot_msgs/lib/python3.6/site-packages/jetpilot_msgs/jetpilot_msgs_s__rosidl_typesupport_c.cpython-36m-aarch64-linux-gnu.so" to ""
[224.571s] -- Installing: /home/jetson/JetPilot/ros2/install/jetpilot_msgs/lib/python3.6/site-packages/jetpilot_msgs/jetpilot_msgs_s__rosidl_typesupport_introspection_c.cpython-36m-aarch64-linux-gnu.so
[224.573s] -- Set runtime path of "/home/jetson/JetPilot/ros2/install/jetpilot_msgs/lib/python3.6/site-packages/jetpilot_msgs/jetpilot_msgs_s__rosidl_typesupport_introspection_c.cpython-36m-aarch64-linux-gnu.so" to ""
[224.574s] -- Installing: /home/jetson/JetPilot/ros2/install/jetpilot_msgs/lib/python3.6/site-packages/jetpilot_msgs/jetpilot_msgs_s__rosidl_typesupport_fastrtps_c.cpython-36m-aarch64-linux-gnu.so
[224.579s] -- Set runtime path of "/home/jetson/JetPilot/ros2/install/jetpilot_msgs/lib/python3.6/site-packages/jetpilot_msgs/jetpilot_msgs_s__rosidl_typesupport_fastrtps_c.cpython-36m-aarch64-linux-gnu.so" to ""
[224.580s] -- Installing: /home/jetson/JetPilot/ros2/install/jetpilot_msgs/lib/libjetpilot_msgs__python.so
[224.585s] -- Set runtime path of "/home/jetson/JetPilot/ros2/install/jetpilot_msgs/lib/libjetpilot_msgs__python.so" to ""
[224.586s] -- Installing: /home/jetson/JetPilot/ros2/install/jetpilot_msgs/share/jetpilot_msgs/msg/JoystickCmd.idl
[224.587s] -- Installing: /home/jetson/JetPilot/ros2/install/jetpilot_msgs/share/jetpilot_msgs/msg/JetDriveCmd.idl
[224.588s] -- Installing: /home/jetson/JetPilot/ros2/install/jetpilot_msgs/share/jetpilot_msgs/msg/JetRacerPose.idl
[224.589s] -- Installing: /home/jetson/JetPilot/ros2/install/jetpilot_msgs/share/jetpilot_msgs/msg/OrientationEuler.idl
[224.590s] -- Installing: /home/jetson/JetPilot/ros2/install/jetpilot_msgs/share/jetpilot_msgs/msg/Position.idl
[224.594s] -- Installing: /home/jetson/JetPilot/ros2/install/jetpilot_msgs/share/jetpilot_msgs/msg/JoystickCmd.msg
[224.596s] -- Installing: /home/jetson/JetPilot/ros2/install/jetpilot_msgs/share/jetpilot_msgs/msg/JetDriveCmd.msg
[224.598s] -- Installing: /home/jetson/JetPilot/ros2/install/jetpilot_msgs/share/jetpilot_msgs/msg/JetRacerPose.msg
[224.601s] -- Installing: /home/jetson/JetPilot/ros2/install/jetpilot_msgs/share/jetpilot_msgs/msg/OrientationEuler.msg
[224.604s] -- Installing: /home/jetson/JetPilot/ros2/install/jetpilot_msgs/share/jetpilot_msgs/msg/Position.msg
[224.606s] -- Installing: /home/jetson/JetPilot/ros2/install/jetpilot_msgs/share/ament_index/resource_index/package_run_dependencies/jetpilot_msgs
[224.607s] -- Installing: /home/jetson/JetPilot/ros2/install/jetpilot_msgs/share/ament_index/resource_index/parent_prefix_path/jetpilot_msgs
[224.611s] -- Installing: /home/jetson/JetPilot/ros2/install/jetpilot_msgs/share/jetpilot_msgs/environment/ament_prefix_path.sh
[224.612s] -- Installing: /home/jetson/JetPilot/ros2/install/jetpilot_msgs/share/jetpilot_msgs/environment/path.sh
[224.613s] -- Installing: /home/jetson/JetPilot/ros2/install/jetpilot_msgs/share/jetpilot_msgs/local_setup.bash
[224.614s] -- Installing: /home/jetson/JetPilot/ros2/install/jetpilot_msgs/share/jetpilot_msgs/local_setup.sh
[224.616s] -- Installing: /home/jetson/JetPilot/ros2/install/jetpilot_msgs/share/jetpilot_msgs/local_setup.zsh
[224.617s] -- Installing: /home/jetson/JetPilot/ros2/install/jetpilot_msgs/share/ament_index/resource_index/packages/jetpilot_msgs
[224.618s] -- Installing: /home/jetson/JetPilot/ros2/install/jetpilot_msgs/share/jetpilot_msgs/cmake/rosidl_cmake-extras.cmake
[224.619s] -- Installing: /home/jetson/JetPilot/ros2/install/jetpilot_msgs/share/jetpilot_msgs/cmake/ament_cmake_export_dependencies-extras.cmake
[224.620s] -- Installing: /home/jetson/JetPilot/ros2/install/jetpilot_msgs/share/jetpilot_msgs/cmake/ament_cmake_export_libraries-extras.cmake
[224.630s] -- Installing: /home/jetson/JetPilot/ros2/install/jetpilot_msgs/share/jetpilot_msgs/cmake/ament_cmake_export_include_directories-extras.cmake
[224.631s] -- Installing: /home/jetson/JetPilot/ros2/install/jetpilot_msgs/share/jetpilot_msgs/cmake/jetpilot_msgsConfig.cmake
[224.632s] -- Installing: /home/jetson/JetPilot/ros2/install/jetpilot_msgs/share/jetpilot_msgs/cmake/jetpilot_msgsConfig-version.cmake
[224.633s] -- Installing: /home/jetson/JetPilot/ros2/install/jetpilot_msgs/share/jetpilot_msgs/package.xml
[224.635s] Invoked command in '/home/jetson/JetPilot/ros2/build/jetpilot_msgs' returned '0': CMAKE_PREFIX_PATH=${CMAKE_PREFIX_PATH}:/home/jetson/JetPilot/ros2/install/joystick:/home/jetson/JetPilot/ros2/install/jet_drive:/home/jetson/JetPilot/ros2/install/imu_bno055:/home/jetson/ros2_dashing/install/ros2bag:/home/jetson/ros2_dashing/install/topic_monitor:/home/jetson/ros2_dashing/install/sros2:/home/jetson/ros2_dashing/install/rqt_topic:/home/jetson/ros2_dashing/install/rqt_top:/home/jetson/ros2_dashing/install/rqt_srv:/home/jetson/ros2_dashing/install/rqt_shell:/home/jetson/ros2_dashing/install/rqt_service_caller:/home/jetson/ros2_dashing/install/rqt_py_console:/home/jetson/ros2_dashing/install/rqt_action:/home/jetson/ros2_dashing/install/rqt:/home/jetson/ros2_dashing/install/rqt_graph:/home/jetson/ros2_dashing/install/rqt_gui_py:/home/jetson/ros2_dashing/install/rqt_gui:/home/jetson/ros2_dashing/install/ros2topic:/home/jetson/ros2_dashing/install/ros2test:/home/jetson/ros2_dashing/install/ros2component:/home/jetson/ros2_dashing/install/ros2param:/home/jetson/ros2_dashing/install/ros2lifecycle:/home/jetson/ros2_dashing/install/ros2service:/home/jetson/ros2_dashing/install/ros2srv:/home/jetson/ros2_dashing/install/ros2run:/home/jetson/ros2_dashing/install/ros2launch:/home/jetson/ros2_dashing/install/ros2pkg:/home/jetson/ros2_dashing/install/ros2node:/home/jetson/ros2_dashing/install/ros2multicast:/home/jetson/ros2_dashing/install/ros2msg:/home/jetson/ros2_dashing/install/ros2action:/home/jetson/ros2_dashing/install/ros2cli:/home/jetson/ros2_dashing/install/quality_of_service_demo_py:/home/jetson/ros2_dashing/install/launch_testing_ros:/home/jetson/ros2_dashing/install/launch_ros:/home/jetson/ros2_dashing/install/examples_rclpy_minimal_subscriber:/home/jetson/ros2_dashing/install/examples_rclpy_minimal_service:/home/jetson/ros2_dashing/install/examples_rclpy_minimal_publisher:/home/jetson/ros2_dashing/install/examples_rclpy_minimal_client:/home/jetson/ros2_dashing/install/examples_rclpy_minimal_action_server:/home/jetson/ros2_dashing/install/examples_rclpy_minimal_action_client:/home/jetson/ros2_dashing/install/examples_rclpy_executors:/home/jetson/ros2_dashing/install/demo_nodes_py:/home/jetson/ros2_dashing/install/ament_uncrustify:/home/jetson/ros2_dashing/install/test_launch_ros:/home/jetson/ros2_dashing/install/rosidl_runtime_py:/home/jetson/ros2_dashing/install/launch_testing:/home/jetson/ros2_dashing/install/launch:/home/jetson/ros2_dashing/install/osrf_pycommon:/home/jetson/ros2_dashing/install/ament_xmllint:/home/jetson/ros2_dashing/install/ament_pyflakes:/home/jetson/ros2_dashing/install/ament_pep8:/home/jetson/ros2_dashing/install/ament_pep257:/home/jetson/ros2_dashing/install/ament_pclint:/home/jetson/ros2_dashing/install/ament_package:/home/jetson/ros2_dashing/install/ament_lint_cmake:/home/jetson/ros2_dashing/install/ament_flake8:/home/jetson/ros2_dashing/install/ament_copyright:/home/jetson/ros2_dashing/install/ament_lint:/home/jetson/ros2_dashing/install/ament_index_python:/home/jetson/ros2_dashing/install/ament_cpplint:/home/jetson/ros2_dashing/install/ament_cppcheck:/home/jetson/ros2_dashing/install/ament_clang_tidy:/home/jetson/ros2_dashing/install/ament_clang_format /usr/bin/cmake --build /home/jetson/JetPilot/ros2/build/jetpilot_msgs --target install -- -j2 -l2
