-- Found ament_cmake: 0.7.6 (/home/jetson/ros2_dashing/install/ament_cmake/share/ament_cmake/cmake)
-- Using PYTHON_EXECUTABLE: /usr/bin/python3
-- Found rclcpp: 0.7.15 (/home/jetson/ros2_dashing/install/rclcpp/share/rclcpp/cmake)
-- Found rosidl_adapter: 0.7.10 (/home/jetson/ros2_dashing/install/rosidl_adapter/share/rosidl_adapter/cmake)
-- Found rmw_implementation_cmake: 0.7.2 (/home/jetson/ros2_dashing/install/rmw_implementation_cmake/share/rmw_implementation_cmake/cmake)
-- Using RMW implementation 'rmw_fastrtps_cpp' as default
-- Found rclcpp_components: 0.7.15 (/home/jetson/ros2_dashing/install/rclcpp_components/share/rclcpp_components/cmake)
-- Found poco_vendor:  (/home/jetson/ros2_dashing/install/poco_vendor/share/poco_vendor/cmake)
-- Found jetpilot_msgs: 0.0.0 (/home/jetson/JetPilot/ros2/install/jetpilot_msgs/share/jetpilot_msgs/cmake)
-- Found ament_lint_auto: 0.7.12 (/home/jetson/ros2_dashing/install/ament_lint_auto/share/ament_lint_auto/cmake)
-- Configuring done
-- Generating done
-- Build files have been written to: /home/jetson/JetPilot/ros2/build/jet_drive_moderator
[35m[1mScanning dependencies of target jet_drive_moderator_node[0m
[ 50%] [32mBuilding CXX object CMakeFiles/jet_drive_moderator_node.dir/src/jet_drive_moderator_node.cpp.o[0m
[01m[K/home/jetson/JetPilot/ros2/src/jet_drive_moderator/src/jet_drive_moderator_node.cpp:[m[K In member function ‘[01m[Kvoid JetDriveModeratorNode::jooystick_cb(jetpilot_msgs::msg::JoystickCmd_<std::allocator<void> >::SharedPtr) const[m[K’:
[01m[K/home/jetson/JetPilot/ros2/src/jet_drive_moderator/src/jet_drive_moderator_node.cpp:30:32:[m[K [01;31m[Kerror: [m[K‘[01m[Kstruct jetpilot_msgs::msg::JetDriveCmd_<std::allocator<void> >[m[K’ has no member named ‘[01m[Ksteering[m[K’
                 jet_drive_cmd->[01;31m[Ksteering[m[K = js_cmd->steering;
                                [01;31m[K^~~~~~~~[m[K
[01m[K/home/jetson/JetPilot/ros2/src/jet_drive_moderator/src/jet_drive_moderator_node.cpp:31:32:[m[K [01;31m[Kerror: [m[K‘[01m[Kstruct jetpilot_msgs::msg::JetDriveCmd_<std::allocator<void> >[m[K’ has no member named ‘[01m[Kthrottle[m[K’
                 jet_drive_cmd->[01;31m[Kthrottle[m[K = js_cmd->throttle;
                                [01;31m[K^~~~~~~~[m[K
CMakeFiles/jet_drive_moderator_node.dir/build.make:62: recipe for target 'CMakeFiles/jet_drive_moderator_node.dir/src/jet_drive_moderator_node.cpp.o' failed
make[2]: *** [CMakeFiles/jet_drive_moderator_node.dir/src/jet_drive_moderator_node.cpp.o] Error 1
CMakeFiles/Makefile2:67: recipe for target 'CMakeFiles/jet_drive_moderator_node.dir/all' failed
make[1]: *** [CMakeFiles/jet_drive_moderator_node.dir/all] Error 2
Makefile:140: recipe for target 'all' failed
make: *** [all] Error 2
