[0.604s] Invoking command in '/home/jetson/JetAutonomy/ros2/build/jet_autonomy_msgs': CMAKE_PREFIX_PATH=${CMAKE_PREFIX_PATH}:/home/jetson/JetAutonomy/ros2/install/jet_drive:/home/jetson/JetAutonomy/ros2/install/joystick:/home/jetson/ros2_dashing/install/ros2bag:/home/jetson/ros2_dashing/install/topic_monitor:/home/jetson/ros2_dashing/install/sros2:/home/jetson/ros2_dashing/install/rqt_topic:/home/jetson/ros2_dashing/install/rqt_top:/home/jetson/ros2_dashing/install/rqt_srv:/home/jetson/ros2_dashing/install/rqt_shell:/home/jetson/ros2_dashing/install/rqt_service_caller:/home/jetson/ros2_dashing/install/rqt_py_console:/home/jetson/ros2_dashing/install/rqt_action:/home/jetson/ros2_dashing/install/rqt:/home/jetson/ros2_dashing/install/rqt_graph:/home/jetson/ros2_dashing/install/rqt_gui_py:/home/jetson/ros2_dashing/install/rqt_gui:/home/jetson/ros2_dashing/install/ros2topic:/home/jetson/ros2_dashing/install/ros2test:/home/jetson/ros2_dashing/install/ros2component:/home/jetson/ros2_dashing/install/ros2param:/home/jetson/ros2_dashing/install/ros2lifecycle:/home/jetson/ros2_dashing/install/ros2service:/home/jetson/ros2_dashing/install/ros2srv:/home/jetson/ros2_dashing/install/ros2run:/home/jetson/ros2_dashing/install/ros2launch:/home/jetson/ros2_dashing/install/ros2pkg:/home/jetson/ros2_dashing/install/ros2node:/home/jetson/ros2_dashing/install/ros2multicast:/home/jetson/ros2_dashing/install/ros2msg:/home/jetson/ros2_dashing/install/ros2action:/home/jetson/ros2_dashing/install/ros2cli:/home/jetson/ros2_dashing/install/quality_of_service_demo_py:/home/jetson/ros2_dashing/install/launch_testing_ros:/home/jetson/ros2_dashing/install/launch_ros:/home/jetson/ros2_dashing/install/examples_rclpy_minimal_subscriber:/home/jetson/ros2_dashing/install/examples_rclpy_minimal_service:/home/jetson/ros2_dashing/install/examples_rclpy_minimal_publisher:/home/jetson/ros2_dashing/install/examples_rclpy_minimal_client:/home/jetson/ros2_dashing/install/examples_rclpy_minimal_action_server:/home/jetson/ros2_dashing/install/examples_rclpy_minimal_action_client:/home/jetson/ros2_dashing/install/examples_rclpy_executors:/home/jetson/ros2_dashing/install/demo_nodes_py:/home/jetson/ros2_dashing/install/ament_uncrustify:/home/jetson/ros2_dashing/install/test_launch_ros:/home/jetson/ros2_dashing/install/rosidl_runtime_py:/home/jetson/ros2_dashing/install/launch_testing:/home/jetson/ros2_dashing/install/launch:/home/jetson/ros2_dashing/install/osrf_pycommon:/home/jetson/ros2_dashing/install/ament_xmllint:/home/jetson/ros2_dashing/install/ament_pyflakes:/home/jetson/ros2_dashing/install/ament_pep8:/home/jetson/ros2_dashing/install/ament_pep257:/home/jetson/ros2_dashing/install/ament_pclint:/home/jetson/ros2_dashing/install/ament_package:/home/jetson/ros2_dashing/install/ament_lint_cmake:/home/jetson/ros2_dashing/install/ament_flake8:/home/jetson/ros2_dashing/install/ament_copyright:/home/jetson/ros2_dashing/install/ament_lint:/home/jetson/ros2_dashing/install/ament_index_python:/home/jetson/ros2_dashing/install/ament_cpplint:/home/jetson/ros2_dashing/install/ament_cppcheck:/home/jetson/ros2_dashing/install/ament_clang_tidy:/home/jetson/ros2_dashing/install/ament_clang_format /usr/bin/cmake --build /home/jetson/JetAutonomy/ros2/build/jet_autonomy_msgs -- -j2 -l2
[2.102s] [ 10%] Built target jet_autonomy_msgs__rosidl_generator_c
[2.778s] [ 12%] Built target jet_autonomy_msgs__cpp
[3.374s] [ 23%] Built target jet_autonomy_msgs__rosidl_typesupport_introspection_c
[3.796s] [ 33%] Built target jet_autonomy_msgs__rosidl_typesupport_c
[4.334s] [ 43%] Built target jet_autonomy_msgs__rosidl_typesupport_fastrtps_cpp
[4.800s] [ 53%] Built target jet_autonomy_msgs__rosidl_typesupport_introspection_cpp
[5.203s] [ 64%] Built target jet_autonomy_msgs__rosidl_typesupport_cpp
[5.638s] [ 74%] Built target jet_autonomy_msgs__rosidl_typesupport_fastrtps_c
[5.996s] [ 74%] Built target jet_autonomy_msgs
[6.735s] [ 76%] Built target jet_autonomy_msgs__py
[7.379s] [ 84%] Built target jet_autonomy_msgs__python
[7.832s] [ 89%] Built target jet_autonomy_msgs__rosidl_typesupport_fastrtps_c__pyext
[8.699s] [ 94%] Built target jet_autonomy_msgs__rosidl_typesupport_c__pyext
[9.322s] [100%] Built target jet_autonomy_msgs__rosidl_typesupport_introspection_c__pyext
[9.522s] Invoked command in '/home/jetson/JetAutonomy/ros2/build/jet_autonomy_msgs' returned '0': CMAKE_PREFIX_PATH=${CMAKE_PREFIX_PATH}:/home/jetson/JetAutonomy/ros2/install/jet_drive:/home/jetson/JetAutonomy/ros2/install/joystick:/home/jetson/ros2_dashing/install/ros2bag:/home/jetson/ros2_dashing/install/topic_monitor:/home/jetson/ros2_dashing/install/sros2:/home/jetson/ros2_dashing/install/rqt_topic:/home/jetson/ros2_dashing/install/rqt_top:/home/jetson/ros2_dashing/install/rqt_srv:/home/jetson/ros2_dashing/install/rqt_shell:/home/jetson/ros2_dashing/install/rqt_service_caller:/home/jetson/ros2_dashing/install/rqt_py_console:/home/jetson/ros2_dashing/install/rqt_action:/home/jetson/ros2_dashing/install/rqt:/home/jetson/ros2_dashing/install/rqt_graph:/home/jetson/ros2_dashing/install/rqt_gui_py:/home/jetson/ros2_dashing/install/rqt_gui:/home/jetson/ros2_dashing/install/ros2topic:/home/jetson/ros2_dashing/install/ros2test:/home/jetson/ros2_dashing/install/ros2component:/home/jetson/ros2_dashing/install/ros2param:/home/jetson/ros2_dashing/install/ros2lifecycle:/home/jetson/ros2_dashing/install/ros2service:/home/jetson/ros2_dashing/install/ros2srv:/home/jetson/ros2_dashing/install/ros2run:/home/jetson/ros2_dashing/install/ros2launch:/home/jetson/ros2_dashing/install/ros2pkg:/home/jetson/ros2_dashing/install/ros2node:/home/jetson/ros2_dashing/install/ros2multicast:/home/jetson/ros2_dashing/install/ros2msg:/home/jetson/ros2_dashing/install/ros2action:/home/jetson/ros2_dashing/install/ros2cli:/home/jetson/ros2_dashing/install/quality_of_service_demo_py:/home/jetson/ros2_dashing/install/launch_testing_ros:/home/jetson/ros2_dashing/install/launch_ros:/home/jetson/ros2_dashing/install/examples_rclpy_minimal_subscriber:/home/jetson/ros2_dashing/install/examples_rclpy_minimal_service:/home/jetson/ros2_dashing/install/examples_rclpy_minimal_publisher:/home/jetson/ros2_dashing/install/examples_rclpy_minimal_client:/home/jetson/ros2_dashing/install/examples_rclpy_minimal_action_server:/home/jetson/ros2_dashing/install/examples_rclpy_minimal_action_client:/home/jetson/ros2_dashing/install/examples_rclpy_executors:/home/jetson/ros2_dashing/install/demo_nodes_py:/home/jetson/ros2_dashing/install/ament_uncrustify:/home/jetson/ros2_dashing/install/test_launch_ros:/home/jetson/ros2_dashing/install/rosidl_runtime_py:/home/jetson/ros2_dashing/install/launch_testing:/home/jetson/ros2_dashing/install/launch:/home/jetson/ros2_dashing/install/osrf_pycommon:/home/jetson/ros2_dashing/install/ament_xmllint:/home/jetson/ros2_dashing/install/ament_pyflakes:/home/jetson/ros2_dashing/install/ament_pep8:/home/jetson/ros2_dashing/install/ament_pep257:/home/jetson/ros2_dashing/install/ament_pclint:/home/jetson/ros2_dashing/install/ament_package:/home/jetson/ros2_dashing/install/ament_lint_cmake:/home/jetson/ros2_dashing/install/ament_flake8:/home/jetson/ros2_dashing/install/ament_copyright:/home/jetson/ros2_dashing/install/ament_lint:/home/jetson/ros2_dashing/install/ament_index_python:/home/jetson/ros2_dashing/install/ament_cpplint:/home/jetson/ros2_dashing/install/ament_cppcheck:/home/jetson/ros2_dashing/install/ament_clang_tidy:/home/jetson/ros2_dashing/install/ament_clang_format /usr/bin/cmake --build /home/jetson/JetAutonomy/ros2/build/jet_autonomy_msgs -- -j2 -l2
[12.946s] Invoking command in '/home/jetson/JetAutonomy/ros2/build/jet_autonomy_msgs': CMAKE_PREFIX_PATH=${CMAKE_PREFIX_PATH}:/home/jetson/JetAutonomy/ros2/install/jet_drive:/home/jetson/JetAutonomy/ros2/install/joystick:/home/jetson/ros2_dashing/install/ros2bag:/home/jetson/ros2_dashing/install/topic_monitor:/home/jetson/ros2_dashing/install/sros2:/home/jetson/ros2_dashing/install/rqt_topic:/home/jetson/ros2_dashing/install/rqt_top:/home/jetson/ros2_dashing/install/rqt_srv:/home/jetson/ros2_dashing/install/rqt_shell:/home/jetson/ros2_dashing/install/rqt_service_caller:/home/jetson/ros2_dashing/install/rqt_py_console:/home/jetson/ros2_dashing/install/rqt_action:/home/jetson/ros2_dashing/install/rqt:/home/jetson/ros2_dashing/install/rqt_graph:/home/jetson/ros2_dashing/install/rqt_gui_py:/home/jetson/ros2_dashing/install/rqt_gui:/home/jetson/ros2_dashing/install/ros2topic:/home/jetson/ros2_dashing/install/ros2test:/home/jetson/ros2_dashing/install/ros2component:/home/jetson/ros2_dashing/install/ros2param:/home/jetson/ros2_dashing/install/ros2lifecycle:/home/jetson/ros2_dashing/install/ros2service:/home/jetson/ros2_dashing/install/ros2srv:/home/jetson/ros2_dashing/install/ros2run:/home/jetson/ros2_dashing/install/ros2launch:/home/jetson/ros2_dashing/install/ros2pkg:/home/jetson/ros2_dashing/install/ros2node:/home/jetson/ros2_dashing/install/ros2multicast:/home/jetson/ros2_dashing/install/ros2msg:/home/jetson/ros2_dashing/install/ros2action:/home/jetson/ros2_dashing/install/ros2cli:/home/jetson/ros2_dashing/install/quality_of_service_demo_py:/home/jetson/ros2_dashing/install/launch_testing_ros:/home/jetson/ros2_dashing/install/launch_ros:/home/jetson/ros2_dashing/install/examples_rclpy_minimal_subscriber:/home/jetson/ros2_dashing/install/examples_rclpy_minimal_service:/home/jetson/ros2_dashing/install/examples_rclpy_minimal_publisher:/home/jetson/ros2_dashing/install/examples_rclpy_minimal_client:/home/jetson/ros2_dashing/install/examples_rclpy_minimal_action_server:/home/jetson/ros2_dashing/install/examples_rclpy_minimal_action_client:/home/jetson/ros2_dashing/install/examples_rclpy_executors:/home/jetson/ros2_dashing/install/demo_nodes_py:/home/jetson/ros2_dashing/install/ament_uncrustify:/home/jetson/ros2_dashing/install/test_launch_ros:/home/jetson/ros2_dashing/install/rosidl_runtime_py:/home/jetson/ros2_dashing/install/launch_testing:/home/jetson/ros2_dashing/install/launch:/home/jetson/ros2_dashing/install/osrf_pycommon:/home/jetson/ros2_dashing/install/ament_xmllint:/home/jetson/ros2_dashing/install/ament_pyflakes:/home/jetson/ros2_dashing/install/ament_pep8:/home/jetson/ros2_dashing/install/ament_pep257:/home/jetson/ros2_dashing/install/ament_pclint:/home/jetson/ros2_dashing/install/ament_package:/home/jetson/ros2_dashing/install/ament_lint_cmake:/home/jetson/ros2_dashing/install/ament_flake8:/home/jetson/ros2_dashing/install/ament_copyright:/home/jetson/ros2_dashing/install/ament_lint:/home/jetson/ros2_dashing/install/ament_index_python:/home/jetson/ros2_dashing/install/ament_cpplint:/home/jetson/ros2_dashing/install/ament_cppcheck:/home/jetson/ros2_dashing/install/ament_clang_tidy:/home/jetson/ros2_dashing/install/ament_clang_format /usr/bin/cmake --build /home/jetson/JetAutonomy/ros2/build/jet_autonomy_msgs --target install -- -j2 -l2
[15.383s] [ 10%] Built target jet_autonomy_msgs__rosidl_generator_c
[16.011s] [ 12%] Built target jet_autonomy_msgs__cpp
[16.393s] [ 23%] Built target jet_autonomy_msgs__rosidl_typesupport_introspection_c
[16.774s] [ 33%] Built target jet_autonomy_msgs__rosidl_typesupport_c
[17.334s] [ 43%] Built target jet_autonomy_msgs__rosidl_typesupport_fastrtps_cpp
[17.713s] [ 53%] Built target jet_autonomy_msgs__rosidl_typesupport_introspection_cpp
[18.087s] [ 64%] Built target jet_autonomy_msgs__rosidl_typesupport_cpp
[18.554s] [ 74%] Built target jet_autonomy_msgs__rosidl_typesupport_fastrtps_c
[19.029s] [ 74%] Built target jet_autonomy_msgs
[19.390s] [ 76%] Built target jet_autonomy_msgs__py
[19.805s] [ 84%] Built target jet_autonomy_msgs__python
[20.350s] [ 89%] Built target jet_autonomy_msgs__rosidl_typesupport_fastrtps_c__pyext
[20.833s] [ 94%] Built target jet_autonomy_msgs__rosidl_typesupport_c__pyext
[21.255s] [100%] Built target jet_autonomy_msgs__rosidl_typesupport_introspection_c__pyext
[21.624s] [36mInstall the project...[0m
[21.798s] -- Install configuration: ""
[21.805s] -- Up-to-date: /home/jetson/JetAutonomy/ros2/install/jet_autonomy_msgs/share/ament_index/resource_index/rosidl_interfaces/jet_autonomy_msgs
[21.813s] -- Up-to-date: /home/jetson/JetAutonomy/ros2/install/jet_autonomy_msgs/lib/libjet_autonomy_msgs__rosidl_typesupport_c.so
[21.820s] -- Up-to-date: /home/jetson/JetAutonomy/ros2/install/jet_autonomy_msgs/share/jet_autonomy_msgs/environment/library_path.sh
[21.824s] -- Up-to-date: /home/jetson/JetAutonomy/ros2/install/jet_autonomy_msgs/lib/libjet_autonomy_msgs__rosidl_typesupport_cpp.so
[21.827s] -- Up-to-date: /home/jetson/JetAutonomy/ros2/install/jet_autonomy_msgs/include/jet_autonomy_msgs
[21.829s] -- Up-to-date: /home/jetson/JetAutonomy/ros2/install/jet_autonomy_msgs/include/jet_autonomy_msgs/msg
[21.832s] -- Up-to-date: /home/jetson/JetAutonomy/ros2/install/jet_autonomy_msgs/include/jet_autonomy_msgs/msg/jet_drive_cmd__rosidl_typesupport_introspection_c.h
[21.843s] -- Up-to-date: /home/jetson/JetAutonomy/ros2/install/jet_autonomy_msgs/include/jet_autonomy_msgs/msg/joystick_cmd__rosidl_typesupport_introspection_c.h
[21.846s] -- Up-to-date: /home/jetson/JetAutonomy/ros2/install/jet_autonomy_msgs/include/jet_autonomy_msgs/msg/jet_drive_cmd__type_support.c
[21.848s] -- Up-to-date: /home/jetson/JetAutonomy/ros2/install/jet_autonomy_msgs/include/jet_autonomy_msgs/msg/rosidl_typesupport_introspection_c__visibility_control.h
[21.850s] -- Up-to-date: /home/jetson/JetAutonomy/ros2/install/jet_autonomy_msgs/include/jet_autonomy_msgs/msg/joystick_cmd__type_support.c
[21.863s] -- Up-to-date: /home/jetson/JetAutonomy/ros2/install/jet_autonomy_msgs/lib/libjet_autonomy_msgs__rosidl_typesupport_introspection_c.so
[21.872s] -- Up-to-date: /home/jetson/JetAutonomy/ros2/install/jet_autonomy_msgs/include/jet_autonomy_msgs
[21.872s] -- Up-to-date: /home/jetson/JetAutonomy/ros2/install/jet_autonomy_msgs/include/jet_autonomy_msgs/msg
[21.873s] -- Up-to-date: /home/jetson/JetAutonomy/ros2/install/jet_autonomy_msgs/include/jet_autonomy_msgs/msg/joystick_cmd__type_support.h
[21.874s] -- Up-to-date: /home/jetson/JetAutonomy/ros2/install/jet_autonomy_msgs/include/jet_autonomy_msgs/msg/jet_drive_cmd__functions.h
[21.875s] -- Up-to-date: /home/jetson/JetAutonomy/ros2/install/jet_autonomy_msgs/include/jet_autonomy_msgs/msg/jet_drive_cmd__struct.h
[21.885s] -- Up-to-date: /home/jetson/JetAutonomy/ros2/install/jet_autonomy_msgs/include/jet_autonomy_msgs/msg/joystick_cmd__functions.h
[21.886s] -- Up-to-date: /home/jetson/JetAutonomy/ros2/install/jet_autonomy_msgs/include/jet_autonomy_msgs/msg/joystick_cmd__functions.c
[21.887s] -- Up-to-date: /home/jetson/JetAutonomy/ros2/install/jet_autonomy_msgs/include/jet_autonomy_msgs/msg/jet_drive_cmd__type_support.h
[21.892s] -- Up-to-date: /home/jetson/JetAutonomy/ros2/install/jet_autonomy_msgs/include/jet_autonomy_msgs/msg/jet_drive_cmd__functions.c
[21.893s] -- Up-to-date: /home/jetson/JetAutonomy/ros2/install/jet_autonomy_msgs/include/jet_autonomy_msgs/msg/rosidl_generator_c__visibility_control.h
[21.894s] -- Up-to-date: /home/jetson/JetAutonomy/ros2/install/jet_autonomy_msgs/include/jet_autonomy_msgs/msg/joystick_cmd__struct.h
[21.895s] -- Up-to-date: /home/jetson/JetAutonomy/ros2/install/jet_autonomy_msgs/include/jet_autonomy_msgs/msg/jet_drive_cmd.h
[21.896s] -- Up-to-date: /home/jetson/JetAutonomy/ros2/install/jet_autonomy_msgs/include/jet_autonomy_msgs/msg/joystick_cmd.h
[21.896s] -- Up-to-date: /home/jetson/JetAutonomy/ros2/install/jet_autonomy_msgs/lib/libjet_autonomy_msgs__rosidl_generator_c.so
[21.897s] -- Up-to-date: /home/jetson/JetAutonomy/ros2/install/jet_autonomy_msgs/include/jet_autonomy_msgs
[21.898s] -- Up-to-date: /home/jetson/JetAutonomy/ros2/install/jet_autonomy_msgs/include/jet_autonomy_msgs/msg
[21.899s] -- Up-to-date: /home/jetson/JetAutonomy/ros2/install/jet_autonomy_msgs/include/jet_autonomy_msgs/msg/rosidl_typesupport_fastrtps_c__visibility_control.h
[21.929s] -- Up-to-date: /home/jetson/JetAutonomy/ros2/install/jet_autonomy_msgs/include/jet_autonomy_msgs/msg/joystick_cmd__rosidl_typesupport_fastrtps_c.h
[21.930s] -- Up-to-date: /home/jetson/JetAutonomy/ros2/install/jet_autonomy_msgs/include/jet_autonomy_msgs/msg/jet_drive_cmd__rosidl_typesupport_fastrtps_c.h
[21.931s] -- Up-to-date: /home/jetson/JetAutonomy/ros2/install/jet_autonomy_msgs/lib/libjet_autonomy_msgs__rosidl_typesupport_fastrtps_c.so
[21.936s] -- Up-to-date: /home/jetson/JetAutonomy/ros2/install/jet_autonomy_msgs/include/jet_autonomy_msgs
[21.937s] -- Up-to-date: /home/jetson/JetAutonomy/ros2/install/jet_autonomy_msgs/include/jet_autonomy_msgs/msg
[21.938s] -- Up-to-date: /home/jetson/JetAutonomy/ros2/install/jet_autonomy_msgs/include/jet_autonomy_msgs/msg/joystick_cmd__rosidl_typesupport_fastrtps_cpp.hpp
[21.938s] -- Up-to-date: /home/jetson/JetAutonomy/ros2/install/jet_autonomy_msgs/include/jet_autonomy_msgs/msg/jet_drive_cmd__rosidl_typesupport_fastrtps_cpp.hpp
[21.949s] -- Up-to-date: /home/jetson/JetAutonomy/ros2/install/jet_autonomy_msgs/include/jet_autonomy_msgs/msg/dds_fastrtps
[21.961s] -- Up-to-date: /home/jetson/JetAutonomy/ros2/install/jet_autonomy_msgs/include/jet_autonomy_msgs/msg/rosidl_typesupport_fastrtps_cpp__visibility_control.h
[21.962s] -- Up-to-date: /home/jetson/JetAutonomy/ros2/install/jet_autonomy_msgs/lib/libjet_autonomy_msgs__rosidl_typesupport_fastrtps_cpp.so
[21.963s] -- Up-to-date: /home/jetson/JetAutonomy/ros2/install/jet_autonomy_msgs/include/jet_autonomy_msgs
[21.972s] -- Up-to-date: /home/jetson/JetAutonomy/ros2/install/jet_autonomy_msgs/include/jet_autonomy_msgs/msg
[21.973s] -- Up-to-date: /home/jetson/JetAutonomy/ros2/install/jet_autonomy_msgs/include/jet_autonomy_msgs/msg/joystick_cmd__traits.hpp
[21.974s] -- Up-to-date: /home/jetson/JetAutonomy/ros2/install/jet_autonomy_msgs/include/jet_autonomy_msgs/msg/jet_drive_cmd__struct.hpp
[21.974s] -- Up-to-date: /home/jetson/JetAutonomy/ros2/install/jet_autonomy_msgs/include/jet_autonomy_msgs/msg/joystick_cmd.hpp
[21.984s] -- Up-to-date: /home/jetson/JetAutonomy/ros2/install/jet_autonomy_msgs/include/jet_autonomy_msgs/msg/jet_drive_cmd.hpp
[21.986s] -- Up-to-date: /home/jetson/JetAutonomy/ros2/install/jet_autonomy_msgs/include/jet_autonomy_msgs/msg/joystick_cmd__struct.hpp
[21.987s] -- Up-to-date: /home/jetson/JetAutonomy/ros2/install/jet_autonomy_msgs/include/jet_autonomy_msgs/msg/jet_drive_cmd__traits.hpp
[21.988s] -- Up-to-date: /home/jetson/JetAutonomy/ros2/install/jet_autonomy_msgs/include/jet_autonomy_msgs
[21.988s] -- Up-to-date: /home/jetson/JetAutonomy/ros2/install/jet_autonomy_msgs/include/jet_autonomy_msgs/msg
[21.989s] -- Up-to-date: /home/jetson/JetAutonomy/ros2/install/jet_autonomy_msgs/include/jet_autonomy_msgs/msg/joystick_cmd__rosidl_typesupport_introspection_cpp.hpp
[21.990s] -- Up-to-date: /home/jetson/JetAutonomy/ros2/install/jet_autonomy_msgs/include/jet_autonomy_msgs/msg/jet_drive_cmd__type_support.cpp
[21.991s] -- Up-to-date: /home/jetson/JetAutonomy/ros2/install/jet_autonomy_msgs/include/jet_autonomy_msgs/msg/joystick_cmd__type_support.cpp
[22.008s] -- Up-to-date: /home/jetson/JetAutonomy/ros2/install/jet_autonomy_msgs/include/jet_autonomy_msgs/msg/jet_drive_cmd__rosidl_typesupport_introspection_cpp.hpp
[22.009s] -- Up-to-date: /home/jetson/JetAutonomy/ros2/install/jet_autonomy_msgs/lib/libjet_autonomy_msgs__rosidl_typesupport_introspection_cpp.so
[22.010s] -- Up-to-date: /home/jetson/JetAutonomy/ros2/install/jet_autonomy_msgs/share/jet_autonomy_msgs/environment/pythonpath.sh
[22.011s] -- Up-to-date: /home/jetson/JetAutonomy/ros2/install/jet_autonomy_msgs/lib/python3.6/site-packages/jet_autonomy_msgs/__init__.py
[27.273s] -- Up-to-date: /home/jetson/JetAutonomy/ros2/install/jet_autonomy_msgs/lib/python3.6/site-packages/jet_autonomy_msgs/msg
[27.277s] -- Up-to-date: /home/jetson/JetAutonomy/ros2/install/jet_autonomy_msgs/lib/python3.6/site-packages/jet_autonomy_msgs/msg/_joystick_cmd_s.c
[27.282s] -- Up-to-date: /home/jetson/JetAutonomy/ros2/install/jet_autonomy_msgs/lib/python3.6/site-packages/jet_autonomy_msgs/msg/_joystick_cmd.py
[27.291s] -- Up-to-date: /home/jetson/JetAutonomy/ros2/install/jet_autonomy_msgs/lib/python3.6/site-packages/jet_autonomy_msgs/msg/__init__.py
[27.298s] -- Up-to-date: /home/jetson/JetAutonomy/ros2/install/jet_autonomy_msgs/lib/python3.6/site-packages/jet_autonomy_msgs/msg/_jet_drive_cmd.py
[27.299s] -- Up-to-date: /home/jetson/JetAutonomy/ros2/install/jet_autonomy_msgs/lib/python3.6/site-packages/jet_autonomy_msgs/msg/_jet_drive_cmd_s.c
[27.306s] -- Up-to-date: /home/jetson/JetAutonomy/ros2/install/jet_autonomy_msgs/lib/python3.6/site-packages/jet_autonomy_msgs/jet_autonomy_msgs_s__rosidl_typesupport_c.cpython-36m-aarch64-linux-gnu.so
[27.312s] -- Up-to-date: /home/jetson/JetAutonomy/ros2/install/jet_autonomy_msgs/lib/python3.6/site-packages/jet_autonomy_msgs/jet_autonomy_msgs_s__rosidl_typesupport_introspection_c.cpython-36m-aarch64-linux-gnu.so
[27.323s] -- Up-to-date: /home/jetson/JetAutonomy/ros2/install/jet_autonomy_msgs/lib/python3.6/site-packages/jet_autonomy_msgs/jet_autonomy_msgs_s__rosidl_typesupport_fastrtps_c.cpython-36m-aarch64-linux-gnu.so
[27.333s] -- Up-to-date: /home/jetson/JetAutonomy/ros2/install/jet_autonomy_msgs/lib/libjet_autonomy_msgs__python.so
[27.339s] -- Up-to-date: /home/jetson/JetAutonomy/ros2/install/jet_autonomy_msgs/share/jet_autonomy_msgs/msg/JoystickCmd.idl
[27.341s] -- Up-to-date: /home/jetson/JetAutonomy/ros2/install/jet_autonomy_msgs/share/jet_autonomy_msgs/msg/JetDriveCmd.idl
[27.344s] -- Up-to-date: /home/jetson/JetAutonomy/ros2/install/jet_autonomy_msgs/share/jet_autonomy_msgs/msg/JoystickCmd.msg
[27.348s] -- Up-to-date: /home/jetson/JetAutonomy/ros2/install/jet_autonomy_msgs/share/jet_autonomy_msgs/msg/JetDriveCmd.msg
[27.350s] -- Up-to-date: /home/jetson/JetAutonomy/ros2/install/jet_autonomy_msgs/share/ament_index/resource_index/package_run_dependencies/jet_autonomy_msgs
[27.354s] -- Up-to-date: /home/jetson/JetAutonomy/ros2/install/jet_autonomy_msgs/share/ament_index/resource_index/parent_prefix_path/jet_autonomy_msgs
[27.357s] -- Up-to-date: /home/jetson/JetAutonomy/ros2/install/jet_autonomy_msgs/share/jet_autonomy_msgs/local_setup.bash
[27.361s] -- Up-to-date: /home/jetson/JetAutonomy/ros2/install/jet_autonomy_msgs/share/jet_autonomy_msgs/local_setup.sh
[27.363s] -- Up-to-date: /home/jetson/JetAutonomy/ros2/install/jet_autonomy_msgs/share/jet_autonomy_msgs/local_setup.zsh
[27.366s] -- Up-to-date: /home/jetson/JetAutonomy/ros2/install/jet_autonomy_msgs/share/ament_index/resource_index/packages/jet_autonomy_msgs
[27.369s] -- Up-to-date: /home/jetson/JetAutonomy/ros2/install/jet_autonomy_msgs/share/jet_autonomy_msgs/cmake/rosidl_cmake-extras.cmake
[27.371s] -- Up-to-date: /home/jetson/JetAutonomy/ros2/install/jet_autonomy_msgs/share/jet_autonomy_msgs/cmake/ament_cmake_export_dependencies-extras.cmake
[27.374s] -- Up-to-date: /home/jetson/JetAutonomy/ros2/install/jet_autonomy_msgs/share/jet_autonomy_msgs/cmake/ament_cmake_export_libraries-extras.cmake
[27.377s] -- Up-to-date: /home/jetson/JetAutonomy/ros2/install/jet_autonomy_msgs/share/jet_autonomy_msgs/cmake/ament_cmake_export_include_directories-extras.cmake
[27.382s] -- Up-to-date: /home/jetson/JetAutonomy/ros2/install/jet_autonomy_msgs/share/jet_autonomy_msgs/cmake/jet_autonomy_msgsConfig.cmake
[27.383s] -- Up-to-date: /home/jetson/JetAutonomy/ros2/install/jet_autonomy_msgs/share/jet_autonomy_msgs/cmake/jet_autonomy_msgsConfig-version.cmake
[27.390s] -- Up-to-date: /home/jetson/JetAutonomy/ros2/install/jet_autonomy_msgs/share/jet_autonomy_msgs/package.xml
[27.409s] Invoked command in '/home/jetson/JetAutonomy/ros2/build/jet_autonomy_msgs' returned '0': CMAKE_PREFIX_PATH=${CMAKE_PREFIX_PATH}:/home/jetson/JetAutonomy/ros2/install/jet_drive:/home/jetson/JetAutonomy/ros2/install/joystick:/home/jetson/ros2_dashing/install/ros2bag:/home/jetson/ros2_dashing/install/topic_monitor:/home/jetson/ros2_dashing/install/sros2:/home/jetson/ros2_dashing/install/rqt_topic:/home/jetson/ros2_dashing/install/rqt_top:/home/jetson/ros2_dashing/install/rqt_srv:/home/jetson/ros2_dashing/install/rqt_shell:/home/jetson/ros2_dashing/install/rqt_service_caller:/home/jetson/ros2_dashing/install/rqt_py_console:/home/jetson/ros2_dashing/install/rqt_action:/home/jetson/ros2_dashing/install/rqt:/home/jetson/ros2_dashing/install/rqt_graph:/home/jetson/ros2_dashing/install/rqt_gui_py:/home/jetson/ros2_dashing/install/rqt_gui:/home/jetson/ros2_dashing/install/ros2topic:/home/jetson/ros2_dashing/install/ros2test:/home/jetson/ros2_dashing/install/ros2component:/home/jetson/ros2_dashing/install/ros2param:/home/jetson/ros2_dashing/install/ros2lifecycle:/home/jetson/ros2_dashing/install/ros2service:/home/jetson/ros2_dashing/install/ros2srv:/home/jetson/ros2_dashing/install/ros2run:/home/jetson/ros2_dashing/install/ros2launch:/home/jetson/ros2_dashing/install/ros2pkg:/home/jetson/ros2_dashing/install/ros2node:/home/jetson/ros2_dashing/install/ros2multicast:/home/jetson/ros2_dashing/install/ros2msg:/home/jetson/ros2_dashing/install/ros2action:/home/jetson/ros2_dashing/install/ros2cli:/home/jetson/ros2_dashing/install/quality_of_service_demo_py:/home/jetson/ros2_dashing/install/launch_testing_ros:/home/jetson/ros2_dashing/install/launch_ros:/home/jetson/ros2_dashing/install/examples_rclpy_minimal_subscriber:/home/jetson/ros2_dashing/install/examples_rclpy_minimal_service:/home/jetson/ros2_dashing/install/examples_rclpy_minimal_publisher:/home/jetson/ros2_dashing/install/examples_rclpy_minimal_client:/home/jetson/ros2_dashing/install/examples_rclpy_minimal_action_server:/home/jetson/ros2_dashing/install/examples_rclpy_minimal_action_client:/home/jetson/ros2_dashing/install/examples_rclpy_executors:/home/jetson/ros2_dashing/install/demo_nodes_py:/home/jetson/ros2_dashing/install/ament_uncrustify:/home/jetson/ros2_dashing/install/test_launch_ros:/home/jetson/ros2_dashing/install/rosidl_runtime_py:/home/jetson/ros2_dashing/install/launch_testing:/home/jetson/ros2_dashing/install/launch:/home/jetson/ros2_dashing/install/osrf_pycommon:/home/jetson/ros2_dashing/install/ament_xmllint:/home/jetson/ros2_dashing/install/ament_pyflakes:/home/jetson/ros2_dashing/install/ament_pep8:/home/jetson/ros2_dashing/install/ament_pep257:/home/jetson/ros2_dashing/install/ament_pclint:/home/jetson/ros2_dashing/install/ament_package:/home/jetson/ros2_dashing/install/ament_lint_cmake:/home/jetson/ros2_dashing/install/ament_flake8:/home/jetson/ros2_dashing/install/ament_copyright:/home/jetson/ros2_dashing/install/ament_lint:/home/jetson/ros2_dashing/install/ament_index_python:/home/jetson/ros2_dashing/install/ament_cpplint:/home/jetson/ros2_dashing/install/ament_cppcheck:/home/jetson/ros2_dashing/install/ament_clang_tidy:/home/jetson/ros2_dashing/install/ament_clang_format /usr/bin/cmake --build /home/jetson/JetAutonomy/ros2/build/jet_autonomy_msgs --target install -- -j2 -l2
