[5.076s] DEBUG:colcon:Command line arguments: ['/usr/bin/colcon', 'build', '--packages-select', 'transforms']
[5.077s] DEBUG:colcon:Parsed command line arguments: Namespace(ament_cmake_args=None, base_paths=['.'], build_base='build', catkin_cmake_args=None, catkin_skip_building_tests=False, cmake_args=None, cmake_clean_cache=False, cmake_clean_first=False, cmake_force_configure=False, cmake_target=None, cmake_target_skip_unavailable=False, continue_on_error=False, event_handlers=None, executor='parallel', ignore_user_meta=False, install_base='install', log_base=None, log_level=None, main=<bound method BuildVerb.main of <colcon_core.verb.build.BuildVerb object at 0x7f989b7f60>>, merge_install=False, metas=['./colcon.meta'], packages_above=None, packages_above_and_dependencies=None, packages_above_depth=None, packages_end=None, packages_ignore=None, packages_ignore_regex=None, packages_select=['transforms'], packages_select_build_failed=False, packages_select_by_dep=None, packages_select_regex=None, packages_select_test_failures=False, packages_skip=None, packages_skip_build_finished=False, packages_skip_by_dep=None, packages_skip_regex=None, packages_skip_test_passed=False, packages_skip_up_to=None, packages_start=None, packages_up_to=None, packages_up_to_regex=None, parallel_workers=2, paths=None, symlink_install=False, test_result_base=None, verb_extension=<colcon_core.verb.build.BuildVerb object at 0x7f989b7f60>, verb_name='build', verb_parser=<colcon_defaults.argument_parser.defaults.DefaultArgumentsDecorator object at 0x7f988ff2e8>)
[5.200s] Level 1:colcon.colcon_core.package_discovery:discover_packages(colcon_meta) check parameters
[5.201s] Level 1:colcon.colcon_core.package_discovery:discover_packages(recursive) check parameters
[5.202s] Level 1:colcon.colcon_core.package_discovery:discover_packages(ignore) check parameters
[5.202s] Level 1:colcon.colcon_core.package_discovery:discover_packages(path) check parameters
[5.202s] Level 1:colcon.colcon_core.package_discovery:discover_packages(colcon_meta) discover
[5.205s] Level 1:colcon.colcon_core.package_discovery:discover_packages(recursive) discover
[5.205s] INFO:colcon.colcon_core.package_discovery:Crawling recursively for packages in '/home/jetson/JetAutonomy/ros2'
[5.206s] Level 1:colcon.colcon_core.package_identification:_identify(.) by extensions ['ignore', 'ignore_ament_install']
[5.207s] Level 1:colcon.colcon_core.package_identification:_identify(.) by extension 'ignore'
[5.208s] Level 1:colcon.colcon_core.package_identification:_identify(.) by extension 'ignore_ament_install'
[5.208s] Level 1:colcon.colcon_core.package_identification:_identify(.) by extensions ['colcon_pkg']
[5.208s] Level 1:colcon.colcon_core.package_identification:_identify(.) by extension 'colcon_pkg'
[5.209s] Level 1:colcon.colcon_core.package_identification:_identify(.) by extensions ['colcon_meta']
[5.209s] Level 1:colcon.colcon_core.package_identification:_identify(.) by extension 'colcon_meta'
[5.210s] Level 1:colcon.colcon_core.package_identification:_identify(.) by extensions ['ros']
[5.210s] Level 1:colcon.colcon_core.package_identification:_identify(.) by extension 'ros'
[5.371s] Level 1:colcon.colcon_core.package_identification:_identify(.) by extensions ['cmake', 'python']
[5.372s] Level 1:colcon.colcon_core.package_identification:_identify(.) by extension 'cmake'
[5.372s] Level 1:colcon.colcon_core.package_identification:_identify(.) by extension 'python'
[5.373s] Level 1:colcon.colcon_core.package_identification:_identify(.) by extensions ['python_setup_py']
[5.373s] Level 1:colcon.colcon_core.package_identification:_identify(.) by extension 'python_setup_py'
[5.374s] Level 1:colcon.colcon_core.package_identification:_identify(build) by extensions ['ignore', 'ignore_ament_install']
[5.375s] Level 1:colcon.colcon_core.package_identification:_identify(build) by extension 'ignore'
[5.376s] Level 1:colcon.colcon_core.package_identification:_identify(build) ignored
[5.379s] Level 1:colcon.colcon_core.package_identification:_identify(install) by extensions ['ignore', 'ignore_ament_install']
[5.380s] Level 1:colcon.colcon_core.package_identification:_identify(install) by extension 'ignore'
[5.380s] Level 1:colcon.colcon_core.package_identification:_identify(install) ignored
[5.382s] Level 1:colcon.colcon_core.package_identification:_identify(log) by extensions ['ignore', 'ignore_ament_install']
[5.383s] Level 1:colcon.colcon_core.package_identification:_identify(log) by extension 'ignore'
[5.383s] Level 1:colcon.colcon_core.package_identification:_identify(log) ignored
[5.384s] Level 1:colcon.colcon_core.package_identification:_identify(src) by extensions ['ignore', 'ignore_ament_install']
[5.385s] Level 1:colcon.colcon_core.package_identification:_identify(src) by extension 'ignore'
[5.385s] Level 1:colcon.colcon_core.package_identification:_identify(src) by extension 'ignore_ament_install'
[5.386s] Level 1:colcon.colcon_core.package_identification:_identify(src) by extensions ['colcon_pkg']
[5.386s] Level 1:colcon.colcon_core.package_identification:_identify(src) by extension 'colcon_pkg'
[5.387s] Level 1:colcon.colcon_core.package_identification:_identify(src) by extensions ['colcon_meta']
[5.387s] Level 1:colcon.colcon_core.package_identification:_identify(src) by extension 'colcon_meta'
[5.388s] Level 1:colcon.colcon_core.package_identification:_identify(src) by extensions ['ros']
[5.388s] Level 1:colcon.colcon_core.package_identification:_identify(src) by extension 'ros'
[5.389s] Level 1:colcon.colcon_core.package_identification:_identify(src) by extensions ['cmake', 'python']
[5.389s] Level 1:colcon.colcon_core.package_identification:_identify(src) by extension 'cmake'
[5.390s] Level 1:colcon.colcon_core.package_identification:_identify(src) by extension 'python'
[5.390s] Level 1:colcon.colcon_core.package_identification:_identify(src) by extensions ['python_setup_py']
[5.390s] Level 1:colcon.colcon_core.package_identification:_identify(src) by extension 'python_setup_py'
[5.391s] Level 1:colcon.colcon_core.package_identification:_identify(src/front_cam) by extensions ['ignore', 'ignore_ament_install']
[5.392s] Level 1:colcon.colcon_core.package_identification:_identify(src/front_cam) by extension 'ignore'
[5.393s] Level 1:colcon.colcon_core.package_identification:_identify(src/front_cam) by extension 'ignore_ament_install'
[5.393s] Level 1:colcon.colcon_core.package_identification:_identify(src/front_cam) by extensions ['colcon_pkg']
[5.393s] Level 1:colcon.colcon_core.package_identification:_identify(src/front_cam) by extension 'colcon_pkg'
[5.394s] Level 1:colcon.colcon_core.package_identification:_identify(src/front_cam) by extensions ['colcon_meta']
[5.394s] Level 1:colcon.colcon_core.package_identification:_identify(src/front_cam) by extension 'colcon_meta'
[5.395s] Level 1:colcon.colcon_core.package_identification:_identify(src/front_cam) by extensions ['ros']
[5.395s] Level 1:colcon.colcon_core.package_identification:_identify(src/front_cam) by extension 'ros'
[5.414s] DEBUG:colcon.colcon_core.package_identification:Package 'src/front_cam' with type 'ros.ament_cmake' and name 'front_cam'
[5.415s] Level 1:colcon.colcon_core.package_identification:_identify(src/jet_autonomy_msgs) by extensions ['ignore', 'ignore_ament_install']
[5.416s] Level 1:colcon.colcon_core.package_identification:_identify(src/jet_autonomy_msgs) by extension 'ignore'
[5.416s] Level 1:colcon.colcon_core.package_identification:_identify(src/jet_autonomy_msgs) by extension 'ignore_ament_install'
[5.417s] Level 1:colcon.colcon_core.package_identification:_identify(src/jet_autonomy_msgs) by extensions ['colcon_pkg']
[5.417s] Level 1:colcon.colcon_core.package_identification:_identify(src/jet_autonomy_msgs) by extension 'colcon_pkg'
[5.418s] Level 1:colcon.colcon_core.package_identification:_identify(src/jet_autonomy_msgs) by extensions ['colcon_meta']
[5.418s] Level 1:colcon.colcon_core.package_identification:_identify(src/jet_autonomy_msgs) by extension 'colcon_meta'
[5.419s] Level 1:colcon.colcon_core.package_identification:_identify(src/jet_autonomy_msgs) by extensions ['ros']
[5.419s] Level 1:colcon.colcon_core.package_identification:_identify(src/jet_autonomy_msgs) by extension 'ros'
[5.424s] DEBUG:colcon.colcon_core.package_identification:Package 'src/jet_autonomy_msgs' with type 'ros.ament_cmake' and name 'jet_autonomy_msgs'
[5.425s] Level 1:colcon.colcon_core.package_identification:_identify(src/jet_drive) by extensions ['ignore', 'ignore_ament_install']
[5.425s] Level 1:colcon.colcon_core.package_identification:_identify(src/jet_drive) by extension 'ignore'
[5.426s] Level 1:colcon.colcon_core.package_identification:_identify(src/jet_drive) by extension 'ignore_ament_install'
[5.427s] Level 1:colcon.colcon_core.package_identification:_identify(src/jet_drive) by extensions ['colcon_pkg']
[5.427s] Level 1:colcon.colcon_core.package_identification:_identify(src/jet_drive) by extension 'colcon_pkg'
[5.428s] Level 1:colcon.colcon_core.package_identification:_identify(src/jet_drive) by extensions ['colcon_meta']
[5.428s] Level 1:colcon.colcon_core.package_identification:_identify(src/jet_drive) by extension 'colcon_meta'
[5.429s] Level 1:colcon.colcon_core.package_identification:_identify(src/jet_drive) by extensions ['ros']
[5.429s] Level 1:colcon.colcon_core.package_identification:_identify(src/jet_drive) by extension 'ros'
[5.436s] DEBUG:colcon.colcon_core.package_identification:Package 'src/jet_drive' with type 'ros.catkin' and name 'jet_drive'
[5.437s] Level 1:colcon.colcon_core.package_identification:_identify(src/joystick) by extensions ['ignore', 'ignore_ament_install']
[5.438s] Level 1:colcon.colcon_core.package_identification:_identify(src/joystick) by extension 'ignore'
[5.438s] Level 1:colcon.colcon_core.package_identification:_identify(src/joystick) by extension 'ignore_ament_install'
[5.439s] Level 1:colcon.colcon_core.package_identification:_identify(src/joystick) by extensions ['colcon_pkg']
[5.440s] Level 1:colcon.colcon_core.package_identification:_identify(src/joystick) by extension 'colcon_pkg'
[5.440s] Level 1:colcon.colcon_core.package_identification:_identify(src/joystick) by extensions ['colcon_meta']
[5.440s] Level 1:colcon.colcon_core.package_identification:_identify(src/joystick) by extension 'colcon_meta'
[5.441s] Level 1:colcon.colcon_core.package_identification:_identify(src/joystick) by extensions ['ros']
[5.441s] Level 1:colcon.colcon_core.package_identification:_identify(src/joystick) by extension 'ros'
[5.448s] DEBUG:colcon.colcon_core.package_identification:Package 'src/joystick' with type 'ros.ament_python' and name 'joystick'
[5.449s] Level 1:colcon.colcon_core.package_identification:_identify(src/rplidar) by extensions ['ignore', 'ignore_ament_install']
[5.450s] Level 1:colcon.colcon_core.package_identification:_identify(src/rplidar) by extension 'ignore'
[5.451s] Level 1:colcon.colcon_core.package_identification:_identify(src/rplidar) by extension 'ignore_ament_install'
[5.451s] Level 1:colcon.colcon_core.package_identification:_identify(src/rplidar) by extensions ['colcon_pkg']
[5.451s] Level 1:colcon.colcon_core.package_identification:_identify(src/rplidar) by extension 'colcon_pkg'
[5.452s] Level 1:colcon.colcon_core.package_identification:_identify(src/rplidar) by extensions ['colcon_meta']
[5.452s] Level 1:colcon.colcon_core.package_identification:_identify(src/rplidar) by extension 'colcon_meta'
[5.453s] Level 1:colcon.colcon_core.package_identification:_identify(src/rplidar) by extensions ['ros']
[5.453s] Level 1:colcon.colcon_core.package_identification:_identify(src/rplidar) by extension 'ros'
[5.458s] DEBUG:colcon.colcon_core.package_identification:Package 'src/rplidar' with type 'ros.ament_cmake' and name 'rplidar_ros'
[5.459s] Level 1:colcon.colcon_core.package_identification:_identify(src/transforms) by extensions ['ignore', 'ignore_ament_install']
[5.460s] Level 1:colcon.colcon_core.package_identification:_identify(src/transforms) by extension 'ignore'
[5.460s] Level 1:colcon.colcon_core.package_identification:_identify(src/transforms) by extension 'ignore_ament_install'
[5.461s] Level 1:colcon.colcon_core.package_identification:_identify(src/transforms) by extensions ['colcon_pkg']
[5.461s] Level 1:colcon.colcon_core.package_identification:_identify(src/transforms) by extension 'colcon_pkg'
[5.462s] Level 1:colcon.colcon_core.package_identification:_identify(src/transforms) by extensions ['colcon_meta']
[5.462s] Level 1:colcon.colcon_core.package_identification:_identify(src/transforms) by extension 'colcon_meta'
[5.463s] Level 1:colcon.colcon_core.package_identification:_identify(src/transforms) by extensions ['ros']
[5.463s] Level 1:colcon.colcon_core.package_identification:_identify(src/transforms) by extension 'ros'
[5.464s] Level 1:colcon.colcon_core.package_identification:_identify(src/transforms) by extensions ['cmake', 'python']
[5.464s] Level 1:colcon.colcon_core.package_identification:_identify(src/transforms) by extension 'cmake'
[5.465s] Level 1:colcon.colcon_core.package_identification:_identify(src/transforms) by extension 'python'
[5.465s] Level 1:colcon.colcon_core.package_identification:_identify(src/transforms) by extensions ['python_setup_py']
[5.465s] Level 1:colcon.colcon_core.package_identification:_identify(src/transforms) by extension 'python_setup_py'
[5.466s] Level 1:colcon.colcon_core.package_identification:_identify(src/transforms/launch) by extensions ['ignore', 'ignore_ament_install']
[5.467s] Level 1:colcon.colcon_core.package_identification:_identify(src/transforms/launch) by extension 'ignore'
[5.468s] Level 1:colcon.colcon_core.package_identification:_identify(src/transforms/launch) by extension 'ignore_ament_install'
[5.468s] Level 1:colcon.colcon_core.package_identification:_identify(src/transforms/launch) by extensions ['colcon_pkg']
[5.469s] Level 1:colcon.colcon_core.package_identification:_identify(src/transforms/launch) by extension 'colcon_pkg'
[5.469s] Level 1:colcon.colcon_core.package_identification:_identify(src/transforms/launch) by extensions ['colcon_meta']
[5.469s] Level 1:colcon.colcon_core.package_identification:_identify(src/transforms/launch) by extension 'colcon_meta'
[5.470s] Level 1:colcon.colcon_core.package_identification:_identify(src/transforms/launch) by extensions ['ros']
[5.470s] Level 1:colcon.colcon_core.package_identification:_identify(src/transforms/launch) by extension 'ros'
[5.471s] Level 1:colcon.colcon_core.package_identification:_identify(src/transforms/launch) by extensions ['cmake', 'python']
[5.471s] Level 1:colcon.colcon_core.package_identification:_identify(src/transforms/launch) by extension 'cmake'
[5.472s] Level 1:colcon.colcon_core.package_identification:_identify(src/transforms/launch) by extension 'python'
[5.472s] Level 1:colcon.colcon_core.package_identification:_identify(src/transforms/launch) by extensions ['python_setup_py']
[5.473s] Level 1:colcon.colcon_core.package_identification:_identify(src/transforms/launch) by extension 'python_setup_py'
[5.473s] Level 1:colcon.colcon_core.package_discovery:discover_packages(recursive) using defaults
[5.475s] Level 1:colcon.colcon_core.package_discovery:discover_packages(ignore) discover
[5.475s] Level 1:colcon.colcon_core.package_discovery:discover_packages(ignore) using defaults
[5.476s] Level 1:colcon.colcon_core.package_discovery:discover_packages(path) discover
[5.476s] Level 1:colcon.colcon_core.package_discovery:discover_packages(path) using defaults
[5.485s] WARNING:colcon.colcon_core.package_selection:ignoring unknown package 'transforms' in --packages-select
[5.778s] INFO:colcon.colcon_core.package_selection:Skipping not selected package 'front_cam' in 'src/front_cam'
[5.779s] INFO:colcon.colcon_core.package_selection:Skipping not selected package 'jet_autonomy_msgs' in 'src/jet_autonomy_msgs'
[5.779s] INFO:colcon.colcon_core.package_selection:Skipping not selected package 'rplidar_ros' in 'src/rplidar'
[5.780s] INFO:colcon.colcon_core.package_selection:Skipping not selected package 'jet_drive' in 'src/jet_drive'
[5.780s] INFO:colcon.colcon_core.package_selection:Skipping not selected package 'joystick' in 'src/joystick'
[5.784s] INFO:colcon.colcon_core.executor:Executing jobs using 'parallel' executor
[5.809s] DEBUG:colcon.colcon_parallel_executor.executor.parallel:run_until_complete
[5.810s] DEBUG:colcon.colcon_parallel_executor.executor.parallel:closing loop
[5.810s] DEBUG:colcon.colcon_parallel_executor.executor.parallel:loop closed
[5.811s] DEBUG:colcon.colcon_parallel_executor.executor.parallel:run_until_complete finished with '0'
[5.811s] DEBUG:colcon.colcon_core.event_reactor:joining thread
[5.920s] INFO:colcon.colcon_core.plugin_system:Skipping extension 'colcon_notification.desktop_notification.terminal_notifier': Not used on non-Darwin systems
[5.921s] INFO:colcon.colcon_core.plugin_system:Skipping extension 'colcon_notification.desktop_notification.win32': Not used on non-Windows systems
[5.922s] INFO:colcon.colcon_notification.desktop_notification:Sending desktop notification using 'notify2'
[5.929s] DEBUG:colcon.colcon_notification.desktop_notification.notify2:Failed to initialize notify2: org.freedesktop.DBus.Error.ServiceUnknown: The name org.freedesktop.Notifications was not provided by any .service files
[5.930s] DEBUG:colcon.colcon_core.event_reactor:joined thread
[5.998s] INFO:colcon.colcon_core.plugin_system:Skipping extension 'colcon_core.shell.bat': Not used on non-Windows systems
[6.000s] INFO:colcon.colcon_core.shell:Creating prefix script '/home/jetson/JetAutonomy/ros2/install/local_setup.ps1'
[6.010s] INFO:colcon.colcon_core.shell:Creating prefix util module '/home/jetson/JetAutonomy/ros2/install/_local_setup_util_ps1.py'
[6.024s] INFO:colcon.colcon_core.shell:Creating prefix chain script '/home/jetson/JetAutonomy/ros2/install/setup.ps1'
[6.159s] INFO:colcon.colcon_core.shell:Creating prefix script '/home/jetson/JetAutonomy/ros2/install/local_setup.sh'
[6.164s] INFO:colcon.colcon_core.shell:Creating prefix util module '/home/jetson/JetAutonomy/ros2/install/_local_setup_util_sh.py'
[6.167s] INFO:colcon.colcon_core.shell:Creating prefix chain script '/home/jetson/JetAutonomy/ros2/install/setup.sh'
[6.294s] INFO:colcon.colcon_core.shell:Creating prefix script '/home/jetson/JetAutonomy/ros2/install/local_setup.bash'
[6.299s] INFO:colcon.colcon_core.shell:Creating prefix chain script '/home/jetson/JetAutonomy/ros2/install/setup.bash'
[6.433s] INFO:colcon.colcon_core.shell:Creating prefix script '/home/jetson/JetAutonomy/ros2/install/local_setup.zsh'
[6.437s] INFO:colcon.colcon_core.shell:Creating prefix chain script '/home/jetson/JetAutonomy/ros2/install/setup.zsh'
