running egg_info
writing ../../build/joystick/joystick.egg-info/PKG-INFO
writing dependency_links to ../../build/joystick/joystick.egg-info/dependency_links.txt
writing entry points to ../../build/joystick/joystick.egg-info/entry_points.txt
writing requirements to ../../build/joystick/joystick.egg-info/requires.txt
writing top-level names to ../../build/joystick/joystick.egg-info/top_level.txt
file joystick_node.py (for module joystick_node) not found
reading manifest file '../../build/joystick/joystick.egg-info/SOURCES.txt'
writing manifest file '../../build/joystick/joystick.egg-info/SOURCES.txt'
running build
running build_py
file joystick_node.py (for module joystick_node) not found
file joystick_node.py (for module joystick_node) not found
copying joystick/__init__.py -> /home/jetson/JetAutonomy/ros/build/joystick/build/lib/joystick
running install
running install_lib
copying /home/jetson/JetAutonomy/ros/build/joystick/build/lib/joystick/__init__.py -> /home/jetson/JetAutonomy/ros/install/joystick/lib/python3.6/site-packages/joystick
byte-compiling /home/jetson/JetAutonomy/ros/install/joystick/lib/python3.6/site-packages/joystick/__init__.py to __init__.cpython-36.pyc
running install_data
error: can't copy 'resource/joystick': doesn't exist or not a regular file
