[  1%] Built target jetpilot_msgs__cpp
[ 12%] Built target jetpilot_msgs__rosidl_generator_c
[ 23%] Built target jetpilot_msgs__rosidl_typesupport_cpp
[ 36%] Built target jetpilot_msgs__rosidl_typesupport_fastrtps_cpp
[ 46%] Built target jetpilot_msgs__rosidl_typesupport_c
[ 57%] Built target jetpilot_msgs__rosidl_typesupport_introspection_c
[ 68%] Built target jetpilot_msgs__rosidl_typesupport_introspection_cpp
[ 79%] Built target jetpilot_msgs__rosidl_typesupport_fastrtps_c
[ 79%] Built target jetpilot_msgs
[ 80%] Built target jetpilot_msgs__py
[ 90%] Built target jetpilot_msgs__python
[ 93%] Built target jetpilot_msgs__rosidl_typesupport_introspection_c__pyext
[ 96%] Built target jetpilot_msgs__rosidl_typesupport_fastrtps_c__pyext
[100%] Built target jetpilot_msgs__rosidl_typesupport_c__pyext
[  1%] Built target jetpilot_msgs__cpp
[ 12%] Built target jetpilot_msgs__rosidl_generator_c
[ 23%] Built target jetpilot_msgs__rosidl_typesupport_cpp
[ 34%] Built target jetpilot_msgs__rosidl_typesupport_fastrtps_cpp
[ 46%] Built target jetpilot_msgs__rosidl_typesupport_c
[ 57%] Built target jetpilot_msgs__rosidl_typesupport_introspection_cpp
[ 68%] Built target jetpilot_msgs__rosidl_typesupport_fastrtps_c
[ 79%] Built target jetpilot_msgs__rosidl_typesupport_introspection_c
[ 79%] Built target jetpilot_msgs
[ 80%] Built target jetpilot_msgs__py
[ 90%] Built target jetpilot_msgs__python
[ 93%] Built target jetpilot_msgs__rosidl_typesupport_introspection_c__pyext
[ 96%] Built target jetpilot_msgs__rosidl_typesupport_fastrtps_c__pyext
[100%] Built target jetpilot_msgs__rosidl_typesupport_c__pyext
[36mInstall the project...[0m
-- Install configuration: ""
-- Up-to-date: /home/jetson/JetPilot/ros2/install/jetpilot_msgs/share/ament_index/resource_index/rosidl_interfaces/jetpilot_msgs
-- Up-to-date: /home/jetson/JetPilot/ros2/install/jetpilot_msgs/lib/libjetpilot_msgs__rosidl_typesupport_c.so
-- Up-to-date: /home/jetson/JetPilot/ros2/install/jetpilot_msgs/share/jetpilot_msgs/environment/library_path.sh
-- Up-to-date: /home/jetson/JetPilot/ros2/install/jetpilot_msgs/lib/libjetpilot_msgs__rosidl_typesupport_cpp.so
-- Up-to-date: /home/jetson/JetPilot/ros2/install/jetpilot_msgs/include/jetpilot_msgs
-- Up-to-date: /home/jetson/JetPilot/ros2/install/jetpilot_msgs/include/jetpilot_msgs/msg
-- Up-to-date: /home/jetson/JetPilot/ros2/install/jetpilot_msgs/include/jetpilot_msgs/msg/jet_racer_pose__rosidl_typesupport_introspection_c.h
-- Up-to-date: /home/jetson/JetPilot/ros2/install/jetpilot_msgs/include/jetpilot_msgs/msg/orientation_euler__rosidl_typesupport_introspection_c.h
-- Up-to-date: /home/jetson/JetPilot/ros2/install/jetpilot_msgs/include/jetpilot_msgs/msg/jet_drive_cmd__rosidl_typesupport_introspection_c.h
-- Up-to-date: /home/jetson/JetPilot/ros2/install/jetpilot_msgs/include/jetpilot_msgs/msg/joystick_cmd__rosidl_typesupport_introspection_c.h
-- Up-to-date: /home/jetson/JetPilot/ros2/install/jetpilot_msgs/include/jetpilot_msgs/msg/jet_drive_cmd__type_support.c
-- Up-to-date: /home/jetson/JetPilot/ros2/install/jetpilot_msgs/include/jetpilot_msgs/msg/rosidl_typesupport_introspection_c__visibility_control.h
-- Up-to-date: /home/jetson/JetPilot/ros2/install/jetpilot_msgs/include/jetpilot_msgs/msg/joystick_cmd__type_support.c
-- Up-to-date: /home/jetson/JetPilot/ros2/install/jetpilot_msgs/include/jetpilot_msgs/msg/jet_racer_pose__type_support.c
-- Up-to-date: /home/jetson/JetPilot/ros2/install/jetpilot_msgs/include/jetpilot_msgs/msg/orientation_euler__type_support.c
-- Up-to-date: /home/jetson/JetPilot/ros2/install/jetpilot_msgs/include/jetpilot_msgs/msg/position__type_support.c
-- Up-to-date: /home/jetson/JetPilot/ros2/install/jetpilot_msgs/include/jetpilot_msgs/msg/position__rosidl_typesupport_introspection_c.h
-- Up-to-date: /home/jetson/JetPilot/ros2/install/jetpilot_msgs/lib/libjetpilot_msgs__rosidl_typesupport_introspection_c.so
-- Up-to-date: /home/jetson/JetPilot/ros2/install/jetpilot_msgs/include/jetpilot_msgs
-- Up-to-date: /home/jetson/JetPilot/ros2/install/jetpilot_msgs/include/jetpilot_msgs/msg
-- Up-to-date: /home/jetson/JetPilot/ros2/install/jetpilot_msgs/include/jetpilot_msgs/msg/joystick_cmd__type_support.h
-- Up-to-date: /home/jetson/JetPilot/ros2/install/jetpilot_msgs/include/jetpilot_msgs/msg/orientation_euler__type_support.h
-- Up-to-date: /home/jetson/JetPilot/ros2/install/jetpilot_msgs/include/jetpilot_msgs/msg/jet_drive_cmd__functions.h
-- Up-to-date: /home/jetson/JetPilot/ros2/install/jetpilot_msgs/include/jetpilot_msgs/msg/jet_drive_cmd__struct.h
-- Up-to-date: /home/jetson/JetPilot/ros2/install/jetpilot_msgs/include/jetpilot_msgs/msg/jet_racer_pose.h
-- Up-to-date: /home/jetson/JetPilot/ros2/install/jetpilot_msgs/include/jetpilot_msgs/msg/joystick_cmd__functions.h
-- Up-to-date: /home/jetson/JetPilot/ros2/install/jetpilot_msgs/include/jetpilot_msgs/msg/position__struct.h
-- Up-to-date: /home/jetson/JetPilot/ros2/install/jetpilot_msgs/include/jetpilot_msgs/msg/position__type_support.h
-- Up-to-date: /home/jetson/JetPilot/ros2/install/jetpilot_msgs/include/jetpilot_msgs/msg/jet_racer_pose__type_support.h
-- Up-to-date: /home/jetson/JetPilot/ros2/install/jetpilot_msgs/include/jetpilot_msgs/msg/jet_racer_pose__struct.h
-- Up-to-date: /home/jetson/JetPilot/ros2/install/jetpilot_msgs/include/jetpilot_msgs/msg/jet_racer_pose__functions.h
-- Up-to-date: /home/jetson/JetPilot/ros2/install/jetpilot_msgs/include/jetpilot_msgs/msg/jet_racer_pose__functions.c
-- Up-to-date: /home/jetson/JetPilot/ros2/install/jetpilot_msgs/include/jetpilot_msgs/msg/joystick_cmd__functions.c
-- Up-to-date: /home/jetson/JetPilot/ros2/install/jetpilot_msgs/include/jetpilot_msgs/msg/jet_drive_cmd__type_support.h
-- Up-to-date: /home/jetson/JetPilot/ros2/install/jetpilot_msgs/include/jetpilot_msgs/msg/orientation_euler__functions.c
-- Up-to-date: /home/jetson/JetPilot/ros2/install/jetpilot_msgs/include/jetpilot_msgs/msg/position__functions.h
-- Up-to-date: /home/jetson/JetPilot/ros2/install/jetpilot_msgs/include/jetpilot_msgs/msg/jet_drive_cmd__functions.c
-- Up-to-date: /home/jetson/JetPilot/ros2/install/jetpilot_msgs/include/jetpilot_msgs/msg/orientation_euler__struct.h
-- Up-to-date: /home/jetson/JetPilot/ros2/install/jetpilot_msgs/include/jetpilot_msgs/msg/orientation_euler__functions.h
-- Up-to-date: /home/jetson/JetPilot/ros2/install/jetpilot_msgs/include/jetpilot_msgs/msg/rosidl_generator_c__visibility_control.h
-- Up-to-date: /home/jetson/JetPilot/ros2/install/jetpilot_msgs/include/jetpilot_msgs/msg/joystick_cmd__struct.h
-- Up-to-date: /home/jetson/JetPilot/ros2/install/jetpilot_msgs/include/jetpilot_msgs/msg/position.h
-- Up-to-date: /home/jetson/JetPilot/ros2/install/jetpilot_msgs/include/jetpilot_msgs/msg/jet_drive_cmd.h
-- Up-to-date: /home/jetson/JetPilot/ros2/install/jetpilot_msgs/include/jetpilot_msgs/msg/orientation_euler.h
-- Up-to-date: /home/jetson/JetPilot/ros2/install/jetpilot_msgs/include/jetpilot_msgs/msg/position__functions.c
-- Up-to-date: /home/jetson/JetPilot/ros2/install/jetpilot_msgs/include/jetpilot_msgs/msg/joystick_cmd.h
-- Up-to-date: /home/jetson/JetPilot/ros2/install/jetpilot_msgs/lib/libjetpilot_msgs__rosidl_generator_c.so
-- Up-to-date: /home/jetson/JetPilot/ros2/install/jetpilot_msgs/include/jetpilot_msgs
-- Up-to-date: /home/jetson/JetPilot/ros2/install/jetpilot_msgs/include/jetpilot_msgs/msg
-- Up-to-date: /home/jetson/JetPilot/ros2/install/jetpilot_msgs/include/jetpilot_msgs/msg/orientation_euler__rosidl_typesupport_fastrtps_c.h
-- Up-to-date: /home/jetson/JetPilot/ros2/install/jetpilot_msgs/include/jetpilot_msgs/msg/rosidl_typesupport_fastrtps_c__visibility_control.h
-- Up-to-date: /home/jetson/JetPilot/ros2/install/jetpilot_msgs/include/jetpilot_msgs/msg/joystick_cmd__rosidl_typesupport_fastrtps_c.h
-- Up-to-date: /home/jetson/JetPilot/ros2/install/jetpilot_msgs/include/jetpilot_msgs/msg/jet_racer_pose__rosidl_typesupport_fastrtps_c.h
-- Up-to-date: /home/jetson/JetPilot/ros2/install/jetpilot_msgs/include/jetpilot_msgs/msg/jet_drive_cmd__rosidl_typesupport_fastrtps_c.h
-- Up-to-date: /home/jetson/JetPilot/ros2/install/jetpilot_msgs/include/jetpilot_msgs/msg/position__rosidl_typesupport_fastrtps_c.h
-- Up-to-date: /home/jetson/JetPilot/ros2/install/jetpilot_msgs/lib/libjetpilot_msgs__rosidl_typesupport_fastrtps_c.so
-- Up-to-date: /home/jetson/JetPilot/ros2/install/jetpilot_msgs/include/jetpilot_msgs
-- Up-to-date: /home/jetson/JetPilot/ros2/install/jetpilot_msgs/include/jetpilot_msgs/msg
-- Up-to-date: /home/jetson/JetPilot/ros2/install/jetpilot_msgs/include/jetpilot_msgs/msg/position__rosidl_typesupport_fastrtps_cpp.hpp
-- Up-to-date: /home/jetson/JetPilot/ros2/install/jetpilot_msgs/include/jetpilot_msgs/msg/joystick_cmd__rosidl_typesupport_fastrtps_cpp.hpp
-- Up-to-date: /home/jetson/JetPilot/ros2/install/jetpilot_msgs/include/jetpilot_msgs/msg/orientation_euler__rosidl_typesupport_fastrtps_cpp.hpp
-- Up-to-date: /home/jetson/JetPilot/ros2/install/jetpilot_msgs/include/jetpilot_msgs/msg/jet_drive_cmd__rosidl_typesupport_fastrtps_cpp.hpp
-- Up-to-date: /home/jetson/JetPilot/ros2/install/jetpilot_msgs/include/jetpilot_msgs/msg/jet_racer_pose__rosidl_typesupport_fastrtps_cpp.hpp
-- Up-to-date: /home/jetson/JetPilot/ros2/install/jetpilot_msgs/include/jetpilot_msgs/msg/dds_fastrtps
-- Up-to-date: /home/jetson/JetPilot/ros2/install/jetpilot_msgs/include/jetpilot_msgs/msg/rosidl_typesupport_fastrtps_cpp__visibility_control.h
-- Up-to-date: /home/jetson/JetPilot/ros2/install/jetpilot_msgs/lib/libjetpilot_msgs__rosidl_typesupport_fastrtps_cpp.so
-- Up-to-date: /home/jetson/JetPilot/ros2/install/jetpilot_msgs/include/jetpilot_msgs
-- Up-to-date: /home/jetson/JetPilot/ros2/install/jetpilot_msgs/include/jetpilot_msgs/msg
-- Up-to-date: /home/jetson/JetPilot/ros2/install/jetpilot_msgs/include/jetpilot_msgs/msg/jet_racer_pose__traits.hpp
-- Up-to-date: /home/jetson/JetPilot/ros2/install/jetpilot_msgs/include/jetpilot_msgs/msg/jet_racer_pose.hpp
-- Up-to-date: /home/jetson/JetPilot/ros2/install/jetpilot_msgs/include/jetpilot_msgs/msg/joystick_cmd__traits.hpp
-- Up-to-date: /home/jetson/JetPilot/ros2/install/jetpilot_msgs/include/jetpilot_msgs/msg/position__traits.hpp
-- Up-to-date: /home/jetson/JetPilot/ros2/install/jetpilot_msgs/include/jetpilot_msgs/msg/jet_drive_cmd__struct.hpp
-- Up-to-date: /home/jetson/JetPilot/ros2/install/jetpilot_msgs/include/jetpilot_msgs/msg/position__struct.hpp
-- Up-to-date: /home/jetson/JetPilot/ros2/install/jetpilot_msgs/include/jetpilot_msgs/msg/orientation_euler__traits.hpp
-- Up-to-date: /home/jetson/JetPilot/ros2/install/jetpilot_msgs/include/jetpilot_msgs/msg/orientation_euler__struct.hpp
-- Up-to-date: /home/jetson/JetPilot/ros2/install/jetpilot_msgs/include/jetpilot_msgs/msg/jet_racer_pose__struct.hpp
-- Up-to-date: /home/jetson/JetPilot/ros2/install/jetpilot_msgs/include/jetpilot_msgs/msg/orientation_euler.hpp
-- Up-to-date: /home/jetson/JetPilot/ros2/install/jetpilot_msgs/include/jetpilot_msgs/msg/joystick_cmd.hpp
-- Up-to-date: /home/jetson/JetPilot/ros2/install/jetpilot_msgs/include/jetpilot_msgs/msg/jet_drive_cmd.hpp
-- Up-to-date: /home/jetson/JetPilot/ros2/install/jetpilot_msgs/include/jetpilot_msgs/msg/joystick_cmd__struct.hpp
-- Up-to-date: /home/jetson/JetPilot/ros2/install/jetpilot_msgs/include/jetpilot_msgs/msg/position.hpp
-- Up-to-date: /home/jetson/JetPilot/ros2/install/jetpilot_msgs/include/jetpilot_msgs/msg/jet_drive_cmd__traits.hpp
-- Up-to-date: /home/jetson/JetPilot/ros2/install/jetpilot_msgs/include/jetpilot_msgs
-- Up-to-date: /home/jetson/JetPilot/ros2/install/jetpilot_msgs/include/jetpilot_msgs/msg
-- Up-to-date: /home/jetson/JetPilot/ros2/install/jetpilot_msgs/include/jetpilot_msgs/msg/position__rosidl_typesupport_introspection_cpp.hpp
-- Up-to-date: /home/jetson/JetPilot/ros2/install/jetpilot_msgs/include/jetpilot_msgs/msg/joystick_cmd__rosidl_typesupport_introspection_cpp.hpp
-- Up-to-date: /home/jetson/JetPilot/ros2/install/jetpilot_msgs/include/jetpilot_msgs/msg/jet_drive_cmd__type_support.cpp
-- Up-to-date: /home/jetson/JetPilot/ros2/install/jetpilot_msgs/include/jetpilot_msgs/msg/jet_racer_pose__rosidl_typesupport_introspection_cpp.hpp
-- Up-to-date: /home/jetson/JetPilot/ros2/install/jetpilot_msgs/include/jetpilot_msgs/msg/jet_racer_pose__type_support.cpp
-- Up-to-date: /home/jetson/JetPilot/ros2/install/jetpilot_msgs/include/jetpilot_msgs/msg/joystick_cmd__type_support.cpp
-- Up-to-date: /home/jetson/JetPilot/ros2/install/jetpilot_msgs/include/jetpilot_msgs/msg/orientation_euler__rosidl_typesupport_introspection_cpp.hpp
-- Up-to-date: /home/jetson/JetPilot/ros2/install/jetpilot_msgs/include/jetpilot_msgs/msg/position__type_support.cpp
-- Up-to-date: /home/jetson/JetPilot/ros2/install/jetpilot_msgs/include/jetpilot_msgs/msg/orientation_euler__type_support.cpp
-- Up-to-date: /home/jetson/JetPilot/ros2/install/jetpilot_msgs/include/jetpilot_msgs/msg/jet_drive_cmd__rosidl_typesupport_introspection_cpp.hpp
-- Up-to-date: /home/jetson/JetPilot/ros2/install/jetpilot_msgs/lib/libjetpilot_msgs__rosidl_typesupport_introspection_cpp.so
-- Up-to-date: /home/jetson/JetPilot/ros2/install/jetpilot_msgs/share/jetpilot_msgs/environment/pythonpath.sh
-- Up-to-date: /home/jetson/JetPilot/ros2/install/jetpilot_msgs/lib/python3.6/site-packages/jetpilot_msgs/__init__.py
-- Up-to-date: /home/jetson/JetPilot/ros2/install/jetpilot_msgs/lib/python3.6/site-packages/jetpilot_msgs/msg
-- Up-to-date: /home/jetson/JetPilot/ros2/install/jetpilot_msgs/lib/python3.6/site-packages/jetpilot_msgs/msg/_jet_racer_pose.py
-- Up-to-date: /home/jetson/JetPilot/ros2/install/jetpilot_msgs/lib/python3.6/site-packages/jetpilot_msgs/msg/_joystick_cmd_s.c
-- Up-to-date: /home/jetson/JetPilot/ros2/install/jetpilot_msgs/lib/python3.6/site-packages/jetpilot_msgs/msg/_orientation_euler.py
-- Up-to-date: /home/jetson/JetPilot/ros2/install/jetpilot_msgs/lib/python3.6/site-packages/jetpilot_msgs/msg/_jet_racer_pose_s.c
-- Up-to-date: /home/jetson/JetPilot/ros2/install/jetpilot_msgs/lib/python3.6/site-packages/jetpilot_msgs/msg/_position_s.c
-- Up-to-date: /home/jetson/JetPilot/ros2/install/jetpilot_msgs/lib/python3.6/site-packages/jetpilot_msgs/msg/_joystick_cmd.py
-- Up-to-date: /home/jetson/JetPilot/ros2/install/jetpilot_msgs/lib/python3.6/site-packages/jetpilot_msgs/msg/_orientation_euler_s.c
-- Up-to-date: /home/jetson/JetPilot/ros2/install/jetpilot_msgs/lib/python3.6/site-packages/jetpilot_msgs/msg/__init__.py
-- Up-to-date: /home/jetson/JetPilot/ros2/install/jetpilot_msgs/lib/python3.6/site-packages/jetpilot_msgs/msg/_jet_drive_cmd.py
-- Up-to-date: /home/jetson/JetPilot/ros2/install/jetpilot_msgs/lib/python3.6/site-packages/jetpilot_msgs/msg/_jet_drive_cmd_s.c
-- Up-to-date: /home/jetson/JetPilot/ros2/install/jetpilot_msgs/lib/python3.6/site-packages/jetpilot_msgs/msg/_position.py
-- Up-to-date: /home/jetson/JetPilot/ros2/install/jetpilot_msgs/lib/python3.6/site-packages/jetpilot_msgs/jetpilot_msgs_s__rosidl_typesupport_c.cpython-36m-aarch64-linux-gnu.so
-- Up-to-date: /home/jetson/JetPilot/ros2/install/jetpilot_msgs/lib/python3.6/site-packages/jetpilot_msgs/jetpilot_msgs_s__rosidl_typesupport_introspection_c.cpython-36m-aarch64-linux-gnu.so
-- Up-to-date: /home/jetson/JetPilot/ros2/install/jetpilot_msgs/lib/python3.6/site-packages/jetpilot_msgs/jetpilot_msgs_s__rosidl_typesupport_fastrtps_c.cpython-36m-aarch64-linux-gnu.so
-- Up-to-date: /home/jetson/JetPilot/ros2/install/jetpilot_msgs/lib/libjetpilot_msgs__python.so
-- Up-to-date: /home/jetson/JetPilot/ros2/install/jetpilot_msgs/share/jetpilot_msgs/msg/JoystickCmd.idl
-- Up-to-date: /home/jetson/JetPilot/ros2/install/jetpilot_msgs/share/jetpilot_msgs/msg/JetDriveCmd.idl
-- Up-to-date: /home/jetson/JetPilot/ros2/install/jetpilot_msgs/share/jetpilot_msgs/msg/JetRacerPose.idl
-- Up-to-date: /home/jetson/JetPilot/ros2/install/jetpilot_msgs/share/jetpilot_msgs/msg/OrientationEuler.idl
-- Up-to-date: /home/jetson/JetPilot/ros2/install/jetpilot_msgs/share/jetpilot_msgs/msg/Position.idl
-- Up-to-date: /home/jetson/JetPilot/ros2/install/jetpilot_msgs/share/jetpilot_msgs/msg/JoystickCmd.msg
-- Up-to-date: /home/jetson/JetPilot/ros2/install/jetpilot_msgs/share/jetpilot_msgs/msg/JetDriveCmd.msg
-- Up-to-date: /home/jetson/JetPilot/ros2/install/jetpilot_msgs/share/jetpilot_msgs/msg/JetRacerPose.msg
-- Up-to-date: /home/jetson/JetPilot/ros2/install/jetpilot_msgs/share/jetpilot_msgs/msg/OrientationEuler.msg
-- Up-to-date: /home/jetson/JetPilot/ros2/install/jetpilot_msgs/share/jetpilot_msgs/msg/Position.msg
-- Up-to-date: /home/jetson/JetPilot/ros2/install/jetpilot_msgs/share/ament_index/resource_index/package_run_dependencies/jetpilot_msgs
-- Up-to-date: /home/jetson/JetPilot/ros2/install/jetpilot_msgs/share/ament_index/resource_index/parent_prefix_path/jetpilot_msgs
-- Up-to-date: /home/jetson/JetPilot/ros2/install/jetpilot_msgs/share/jetpilot_msgs/local_setup.bash
-- Up-to-date: /home/jetson/JetPilot/ros2/install/jetpilot_msgs/share/jetpilot_msgs/local_setup.sh
-- Up-to-date: /home/jetson/JetPilot/ros2/install/jetpilot_msgs/share/jetpilot_msgs/local_setup.zsh
-- Up-to-date: /home/jetson/JetPilot/ros2/install/jetpilot_msgs/share/ament_index/resource_index/packages/jetpilot_msgs
-- Up-to-date: /home/jetson/JetPilot/ros2/install/jetpilot_msgs/share/jetpilot_msgs/cmake/rosidl_cmake-extras.cmake
-- Up-to-date: /home/jetson/JetPilot/ros2/install/jetpilot_msgs/share/jetpilot_msgs/cmake/ament_cmake_export_dependencies-extras.cmake
-- Up-to-date: /home/jetson/JetPilot/ros2/install/jetpilot_msgs/share/jetpilot_msgs/cmake/ament_cmake_export_libraries-extras.cmake
-- Up-to-date: /home/jetson/JetPilot/ros2/install/jetpilot_msgs/share/jetpilot_msgs/cmake/ament_cmake_export_include_directories-extras.cmake
-- Up-to-date: /home/jetson/JetPilot/ros2/install/jetpilot_msgs/share/jetpilot_msgs/cmake/jetpilot_msgsConfig.cmake
-- Up-to-date: /home/jetson/JetPilot/ros2/install/jetpilot_msgs/share/jetpilot_msgs/cmake/jetpilot_msgsConfig-version.cmake
-- Up-to-date: /home/jetson/JetPilot/ros2/install/jetpilot_msgs/share/jetpilot_msgs/package.xml
